/out/sourcedata/freesurfer/sub-v1s9x0051361_ses-1/mri
/opt/freesurfer/bin/talairach_avi
--i orig_nu.mgz --xfm transforms/talairach.auto.xfm
talairach_avi 7.3.2
Linux dna013 5.14.0-427.37.1.el9_4.x86_64 #1 SMP PREEMPT_DYNAMIC Fri Sep 13 12:41:50 EDT 2024 x86_64 x86_64 x86_64 GNU/Linux
Tue Mar 10 07:55:30 CET 2026
mri_convert orig_nu.mgz talsrcimg.img 
reading from orig_nu.mgz...
TR=0.00, TE=0.00, TI=0.00, flip angle=0.00
i_ras = (-1, 0, 0)
j_ras = (0, 0, -1)
k_ras = (0, 1, 0)
writing to talsrcimg.img...
Analyze Output Matrix
-1.00000   0.00000   0.00000   127.74404;
 0.00000   0.00000   1.00000  -132.60034;
 0.00000  -1.00000   0.00000   152.54237;
 0.00000   0.00000   0.00000   1.00000;
--------------------
INFO: set hdr.hist.orient to -1
mpr2mni305 talsrcimg
Tue Mar 10 07:55:31 CET 2026
/opt/freesurfer/bin/mpr2mni305 talsrcimg
mpr2mni305 7.3.2
target=711-2C_as_mni_average_305

---------------------------------------------------------------------
analyzeto4dfp talsrcimg -O0 -y
---------------------------------------------------------------------

freesurfer ifh2hdr.c
Tue Mar 10 07:55:31 2026
Writing: talsrcimg.4dfp.hdr
freesurfer analyzeto4dfp.c
Reading: talsrcimg.hdr
header size 348 bytes
hdr.dime.datatype	offset=70	value=2
hdr.dime.bitpix		offset=72	value=8
hdr.hist.orient		offset=252	value=-1
dimensionality     4
dimensions       256       256       256         1
Reading: talsrcimg.img
Writing: talsrcimg.4dfp.img
Writing: talsrcimg.4dfp.ifh
ifh2hdr talsrcimg -r0to237
ori=2

---------------------------------------------------------------------
gauss_4dfp talsrcimg 1.1
---------------------------------------------------------------------

freesurfer gauss_4dfp.c
Reading: talsrcimg.4dfp.img
Writing: talsrcimg_g11.4dfp.img
image dimensions 256 256 256 padded to 288 288 288
processing volume 1freesurfer ifh2hdr.c
Tue Mar 10 07:55:33 2026
Writing: talsrcimg_g11.4dfp.hdr

Writing: talsrcimg_g11.4dfp.ifh
including: talsrcimg.4dfp.img.rec in talsrcimg_g11.4dfp.img.rec

---------------------------------------------------------------------
imgreg_4dfp /opt/freesurfer/average/711-2C_as_mni_average_305 none talsrcimg_g11 none talsrcimg_to_711-2C_as_mni_average_305_t4 4355
---------------------------------------------------------------------

freesurfer imgreg_4dfp.c
/opt/freesurfer/average/711-2C_as_mni_average_305.4dfp.img
       256       256       256         1
  1.000000  1.000000  1.000000
orientation T byte_order littleendian
Reading image: /opt/freesurfer/average/711-2C_as_mni_average_305.4dfp.img
dimensions:      256       256       256
mmppix:       1.0000   -1.0000   -1.0000
center:     128.0000 -129.0000 -129.0000
talsrcimg_g11.4dfp.img
       256       256       256         1
  1.000000  1.000000  1.000000
orientation T byte_order littleendian
Reading image: talsrcimg_g11.4dfp.img
dimensions:      256       256       256
mmppix:       1.0000   -1.0000   -1.0000
center:     128.0000 -129.0000 -129.0000
t4_read: open error in t4_sub.f l:  41 t4_file(1:l)talsrcimg_to_711-2C_as_mni_average_305_t4 
t4_read: transform initialized to I4
rotation matrix determinant  1.000000
image alignment mode   4355 decimal     1103 hex
   -7.5000  -45.0000  -45.0000 7260.6807   13.4418
    0.0000  -45.0000  -45.0000 7581.5181   13.4617
    7.5000  -45.0000  -45.0000 7277.8774   13.4315
   -7.5000  -37.5000  -45.0000 7879.7734   13.1761
    0.0000  -37.5000  -45.0000 8251.1689   13.1954
    7.5000  -37.5000  -45.0000 7921.5967   13.1674
   -7.5000  -30.0000  -45.0000 8846.3203   13.0089
    0.0000  -30.0000  -45.0000 9291.9277   13.0296
    7.5000  -30.0000  -45.0000 8924.1709   13.0017
   -7.5000  -22.5000  -45.0000 9857.8975   12.9507
    0.0000  -22.5000  -45.000010351.8291   12.9738
    7.5000  -22.5000  -45.0000 9945.0020   12.9447
   -7.5000  -15.0000  -45.000010859.1260   12.9111
    0.0000  -15.0000  -45.000011424.5732   12.9348
    7.5000  -15.0000  -45.000010962.7100   12.9045
   -7.5000   -7.5000  -45.000011746.7686   12.8895
    0.0000   -7.5000  -45.000012383.5693   12.9113
    7.5000   -7.5000  -45.000011877.6182   12.8809
   -7.5000    0.0000  -45.000012509.7959   12.8828
    0.0000    0.0000  -45.000013184.6562   12.9026
    7.5000    0.0000  -45.000012648.7061   12.8731
   -7.5000    7.5000  -45.000012377.5566   12.8872
    0.0000    7.5000  -45.000013035.9531   12.9066
    7.5000    7.5000  -45.000012505.3125   12.8780
   -7.5000   15.0000  -45.000012155.6240   12.8972
    0.0000   15.0000  -45.000012806.0176   12.9179
    7.5000   15.0000  -45.000012286.4043   12.8895
   -7.5000   22.5000  -45.000011755.2314   12.9014
    0.0000   22.5000  -45.000012376.3574   12.9244
    7.5000   22.5000  -45.000011859.5449   12.8950
   -7.5000   30.0000  -45.000011226.1230   12.7281
    0.0000   30.0000  -45.000011801.1592   12.7513
    7.5000   30.0000  -45.000011304.2676   12.7214
   -7.5000   37.5000  -45.000011132.7744   12.7178
    0.0000   37.5000  -45.000011677.8750   12.7393
    7.5000   37.5000  -45.000011210.9531   12.7093
   -7.5000   45.0000  -45.000010397.3037   12.3883
    0.0000   45.0000  -45.000010883.5146   12.4074
    7.5000   45.0000  -45.000010462.3125   12.3790
   -7.5000  -45.0000  -37.5000 7645.3359   13.4386
    0.0000  -45.0000  -37.5000 7994.1187   13.4587
    7.5000  -45.0000  -37.5000 7673.8716   13.4216
   -7.5000  -37.5000  -37.5000 8308.6357   13.1750
    0.0000  -37.5000  -37.5000 8717.6436   13.1947
    7.5000  -37.5000  -37.5000 8376.8545   13.1584
   -7.5000  -30.0000  -37.5000 9336.0322   13.0087
    0.0000  -30.0000  -37.5000 9819.2363   13.0308
    7.5000  -30.0000  -37.5000 9433.3320   12.9950
   -7.5000  -22.5000  -37.500010406.7314   12.9499
    0.0000  -22.5000  -37.500010951.6299   12.9754
    7.5000  -22.5000  -37.500010514.6895   12.9407
   -7.5000  -15.0000  -37.500011442.1055   12.9087
    0.0000  -15.0000  -37.500012073.1729   12.9346
    7.5000  -15.0000  -37.500011573.4990   12.9004
   -7.5000   -7.5000  -37.500012389.0371   12.8862
    0.0000   -7.5000  -37.500013081.0781   12.9091
    7.5000   -7.5000  -37.500012550.1035   12.8743
   -7.5000    0.0000  -37.500013188.6416   12.8801
    0.0000    0.0000  -37.500013926.2236   12.9001
    7.5000    0.0000  -37.500013344.4561   12.8644
   -7.5000    7.5000  -37.500013027.6650   12.8859
    0.0000    7.5000  -37.500013772.4941   12.9055
    7.5000    7.5000  -37.500013197.3936   12.8693
   -7.5000   15.0000  -37.500012765.7646   12.8966
    0.0000   15.0000  -37.500013488.5117   12.9187
    7.5000   15.0000  -37.500012940.5557   12.8827
   -7.5000   22.5000  -37.500012346.0498   12.9003
    0.0000   22.5000  -37.500013008.3662   12.9258
    7.5000   22.5000  -37.500012475.5771   12.8908
   -7.5000   30.0000  -37.500011732.3105   12.7256
    0.0000   30.0000  -37.500012363.1094   12.7511
    7.5000   30.0000  -37.500011866.7393   12.7172
   -7.5000   37.5000  -37.500011658.5684   12.7144
    0.0000   37.5000  -37.500012241.5479   12.7371
    7.5000   37.5000  -37.500011756.1826   12.7027
   -7.5000   45.0000  -37.500010888.9883   12.3858
    0.0000   45.0000  -37.500011423.5479   12.4050
    7.5000   45.0000  -37.500010974.4756   12.3707
   -7.5000  -45.0000  -30.0000 8148.0537   14.0044
    0.0000  -45.0000  -30.0000 8561.3350   14.0247
    7.5000  -45.0000  -30.0000 8227.7871   13.9776
   -7.5000  -37.5000  -30.0000 8874.0049   13.7344
    0.0000  -37.5000  -30.0000 9343.7666   13.7546
    7.5000  -37.5000  -30.0000 8989.8633   13.7079
   -7.5000  -30.0000  -30.0000 9973.0303   13.5606
    0.0000  -30.0000  -30.000010511.2402   13.5829
    7.5000  -30.0000  -30.000010107.6885   13.5379
   -7.5000  -22.5000  -30.000011086.9639   13.4952
    0.0000  -22.5000  -30.000011699.8408   13.5200
    7.5000  -22.5000  -30.000011239.6543   13.4782
   -7.5000  -15.0000  -30.000012169.4043   13.4482
    0.0000  -15.0000  -30.000012879.1494   13.4733
    7.5000  -15.0000  -30.000012358.6211   13.4327
   -7.5000   -7.5000  -30.000013184.3984   13.4254
    0.0000   -7.5000  -30.000013969.4951   13.4478
    7.5000   -7.5000  -30.000013411.2139   13.4055
   -7.5000    0.0000  -30.000014032.5459   13.4232
    0.0000    0.0000  -30.000014890.6748   13.4433
    7.5000    0.0000  -30.000014274.7373   13.3985
   -7.5000    7.5000  -30.000013847.7822   13.4328
    0.0000    7.5000  -30.000014711.4375   13.4530
    7.5000    7.5000  -30.000014091.6719   13.4069
   -7.5000   15.0000  -30.000013555.7881   13.4436
    0.0000   15.0000  -30.000014390.3184   13.4660
    7.5000   15.0000  -30.000013807.0088   13.4209
   -7.5000   22.5000  -30.000013118.2344   13.4419
    0.0000   22.5000  -30.000013886.5732   13.4668
    7.5000   22.5000  -30.000013337.4834   13.4248
   -7.5000   30.0000  -30.000012449.7324   13.2587
    0.0000   30.0000  -30.000013152.9258   13.2834
    7.5000   30.0000  -30.000012652.2129   13.2433
   -7.5000   37.5000  -30.000012331.8359   13.2477
    0.0000   37.5000  -30.000012977.9453   13.2698
    7.5000   37.5000  -30.000012471.3115   13.2281
   -7.5000   45.0000  -30.000011535.0205   12.9175
    0.0000   45.0000  -30.000012122.4648   12.9368
    7.5000   45.0000  -30.000011631.8457   12.8937
   -7.5000  -45.0000  -22.5000 8648.7881   14.4788
    0.0000  -45.0000  -22.5000 9103.9453   14.4985
    7.5000  -45.0000  -22.5000 8757.2529   14.4493
   -7.5000  -37.5000  -22.5000 9432.7393   14.2026
    0.0000  -37.5000  -22.5000 9938.7090   14.2225
    7.5000  -37.5000  -22.5000 9559.7529   14.1747
   -7.5000  -30.0000  -22.500010589.4570   14.0224
    0.0000  -30.0000  -22.500011162.6631   14.0423
    7.5000  -30.0000  -22.500010743.7334   13.9970
   -7.5000  -22.5000  -22.500011754.1211   13.9511
    0.0000  -22.5000  -22.500012412.2070   13.9714
    7.5000  -22.5000  -22.500011950.5107   13.9288
   -7.5000  -15.0000  -22.500012872.7695   13.8999
    0.0000  -15.0000  -22.500013644.9434   13.9204
    7.5000  -15.0000  -22.500013150.2520   13.8782
   -7.5000   -7.5000  -22.500013922.5215   13.8776
    0.0000   -7.5000  -22.500014808.3379   13.8974
    7.5000   -7.5000  -22.500014275.8877   13.8529
   -7.5000    0.0000  -22.500014824.3779   13.8788
    0.0000    0.0000  -22.500015783.4746   13.8983
    7.5000    0.0000  -22.500015195.9961   13.8515
   -7.5000    7.5000  -22.500014637.4668   13.8912
    0.0000    7.5000  -22.500015572.1191   13.9111
    7.5000    7.5000  -22.500014961.9893   13.8640
   -7.5000   15.0000  -22.500014343.6963   13.9018
    0.0000   15.0000  -22.500015230.8154   13.9219
    7.5000   15.0000  -22.500014648.8496   13.8764
   -7.5000   22.5000  -22.500013897.5400   13.8952
    0.0000   22.5000  -22.500014741.9092   13.9156
    7.5000   22.5000  -22.500014192.8076   13.8728
   -7.5000   30.0000  -22.500013198.6152   13.7062
    0.0000   30.0000  -22.500013977.8447   13.7264
    7.5000   30.0000  -22.500013475.5625   13.6846
   -7.5000   37.5000  -22.500012994.1338   13.6961
    0.0000   37.5000  -22.500013711.9512   13.7156
    7.5000   37.5000  -22.500013195.7637   13.6717
   -7.5000   45.0000  -22.500012156.3438   13.3659
    0.0000   45.0000  -22.500012800.6641   13.3847
    7.5000   45.0000  -22.500012322.1689   13.3397
   -7.5000  -45.0000  -15.0000 9131.9092   14.8179
    0.0000  -45.0000  -15.0000 9618.1367   14.8377
    7.5000  -45.0000  -15.0000 9269.7568   14.7941
   -7.5000  -37.5000  -15.0000 9948.4238   14.5342
    0.0000  -37.5000  -15.000010490.6055   14.5546
    7.5000  -37.5000  -15.000010104.3545   14.5138
   -7.5000  -30.0000  -15.000011163.5098   14.3503
    0.0000  -30.0000  -15.000011795.5732   14.3693
    7.5000  -30.0000  -15.000011363.2090   14.3307
   -7.5000  -22.5000  -15.000012383.0312   14.2783
    0.0000  -22.5000  -15.000013124.6406   14.2958
    7.5000  -22.5000  -15.000012670.3887   14.2579
   -7.5000  -15.0000  -15.000013544.5684   14.2269
    0.0000  -15.0000  -15.000014389.6191   14.2441
    7.5000  -15.0000  -15.000013920.9141   14.2048
   -7.5000   -7.5000  -15.000014652.6729   14.2042
    0.0000   -7.5000  -15.000015603.2539   14.2221
    7.5000   -7.5000  -15.000015108.8545   14.1808
   -7.5000    0.0000  -15.000015610.6855   14.2040
    0.0000    0.0000  -15.000016639.8945   14.2237
    7.5000    0.0000  -15.000016099.1094   14.1819
   -7.5000    7.5000  -15.000015419.4463   14.2162
    0.0000    7.5000  -15.000016390.0977   14.2366
    7.5000    7.5000  -15.000015812.1533   14.1959
   -7.5000   15.0000  -15.000015104.9678   14.2274
    0.0000   15.0000  -15.000016015.6621   14.2465
    7.5000   15.0000  -15.000015445.3613   14.2076
   -7.5000   22.5000  -15.000014632.2529   14.2208
    0.0000   22.5000  -15.000015524.2715   14.2383
    7.5000   22.5000  -15.000015002.8252   14.2001
   -7.5000   30.0000  -15.000013887.1553   14.0307
    0.0000   30.0000  -15.000014749.5869   14.0476
    7.5000   30.0000  -15.000014253.4404   14.0087
   -7.5000   37.5000  -15.000013608.7822   14.0203
    0.0000   37.5000  -15.000014402.7686   14.0381
    7.5000   37.5000  -15.000013886.5410   13.9973
   -7.5000   45.0000  -15.000012732.5996   13.6874
    0.0000   45.0000  -15.000013450.3389   13.7064
    7.5000   45.0000  -15.000012972.7168   13.6661
   -7.5000  -45.0000   -7.5000 9613.9043   14.9914
    0.0000  -45.0000   -7.500010135.7588   15.0123
    7.5000  -45.0000   -7.5000 9760.8711   14.9763
   -7.5000  -37.5000   -7.500010478.5713   14.6996
    0.0000  -37.5000   -7.500011046.9893   14.7207
    7.5000  -37.5000   -7.500010662.8135   14.6882
   -7.5000  -30.0000   -7.500011753.7432   14.5139
    0.0000  -30.0000   -7.500012408.1221   14.5344
    7.5000  -30.0000   -7.500011997.0283   14.5030
   -7.5000  -22.5000   -7.500013036.3428   14.4453
    0.0000  -22.5000   -7.500013791.9082   14.4657
    7.5000  -22.5000   -7.500013377.8955   14.4328
   -7.5000  -15.0000   -7.500014267.4453   14.3973
    0.0000  -15.0000   -7.500015091.9189   14.4177
    7.5000  -15.0000   -7.500014654.4189   14.3827
   -7.5000   -7.5000   -7.500015408.9229   14.3736
    0.0000   -7.5000   -7.500016352.9482   14.3940
    7.5000   -7.5000   -7.500015885.1797   14.3579
   -7.5000    0.0000   -7.500016430.7383   14.3694
    0.0000    0.0000   -7.500017488.4668   14.3903
    7.5000    0.0000   -7.500016963.2598   14.3553
   -7.5000    7.5000   -7.500016256.2051   14.3780
    0.0000    7.5000   -7.500017259.4023   14.3992
    7.5000    7.5000   -7.500016728.4961   14.3662
   -7.5000   15.0000   -7.500015925.5010   14.3896
    0.0000   15.0000   -7.500016846.0234   14.4103
    7.5000   15.0000   -7.500016316.0811   14.3783
   -7.5000   22.5000   -7.500015406.4131   14.3857
    0.0000   22.5000   -7.500016335.0586   14.4061
    7.5000   22.5000   -7.500015843.2246   14.3729
   -7.5000   30.0000   -7.500014616.9004   14.1984
    0.0000   30.0000   -7.500015511.4297   14.2185
    7.5000   30.0000   -7.500015032.1953   14.1837
   -7.5000   37.5000   -7.500014256.3145   14.1872
    0.0000   37.5000   -7.500015096.2812   14.2073
    7.5000   37.5000   -7.500014586.9473   14.1717
   -7.5000   45.0000   -7.500013336.0088   13.8494
    0.0000   45.0000   -7.500014117.9951   13.8696
    7.5000   45.0000   -7.500013635.2725   13.8358
   -7.5000  -45.0000    0.0000 9985.0469   15.0301
    0.0000  -45.0000    0.000010544.4531   15.0521
    7.5000  -45.0000    0.000010182.7598   15.0184
   -7.5000  -37.5000    0.000010874.2910   14.7336
    0.0000  -37.5000    0.000011497.0527   14.7551
    7.5000  -37.5000    0.000011100.9199   14.7238
   -7.5000  -30.0000    0.000012208.5703   14.5472
    0.0000  -30.0000    0.000012911.8389   14.5703
    7.5000  -30.0000    0.000012485.3730   14.5390
   -7.5000  -22.5000    0.000013538.8350   14.4820
    0.0000  -22.5000    0.000014323.5049   14.5077
    7.5000  -22.5000    0.000013893.9336   14.4752
   -7.5000  -15.0000    0.000014856.0391   14.4374
    0.0000  -15.0000    0.000015683.2129   14.4637
    7.5000  -15.0000    0.000015213.9629   14.4299
   -7.5000   -7.5000    0.000016065.8623   14.4129
    0.0000   -7.5000    0.000016992.8594   14.4371
    7.5000   -7.5000    0.000016487.2246   14.4032
   -7.5000    0.0000    0.000017152.6680   14.4054
    0.0000    0.0000    0.000018247.4043   14.4275
    7.5000    0.0000    0.000017709.5469   14.3945
   -7.5000    7.5000    0.000017051.9258   14.4108
    0.0000    7.5000    0.000018104.5137   14.4324
    7.5000    7.5000    0.000017546.9648   14.4005
   -7.5000   15.0000    0.000016733.8711   14.4224
    0.0000   15.0000    0.000017654.7129   14.4454
    7.5000   15.0000    0.000017068.3203   14.4137
   -7.5000   22.5000    0.000016167.9531   14.4222
    0.0000   22.5000    0.000017133.6602   14.4479
    7.5000   22.5000    0.000016523.7773   14.4151
   -7.5000   30.0000    0.000015313.5625   14.2382
    0.0000   30.0000    0.000016259.7021   14.2641
    7.5000   30.0000    0.000015662.8682   14.2306
   -7.5000   37.5000    0.000014844.6650   14.2264
    0.0000   37.5000    0.000015749.3730   14.2503
    7.5000   37.5000    0.000015122.6445   14.2168
   -7.5000   45.0000    0.000013841.7822   13.8852
    0.0000   45.0000    0.000014685.6904   13.9064
    7.5000   45.0000    0.000014087.4541   13.8746
   -7.5000  -45.0000    7.5000 9579.6504   15.0380
    0.0000  -45.0000    7.500010132.0273   15.0606
    7.5000  -45.0000    7.5000 9797.4229   15.0191
   -7.5000  -37.5000    7.500010454.3613   14.7431
    0.0000  -37.5000    7.500011034.7324   14.7652
    7.5000  -37.5000    7.500010685.1094   14.7246
   -7.5000  -30.0000    7.500011746.9678   14.5570
    0.0000  -30.0000    7.500012364.6230   14.5817
    7.5000  -30.0000    7.500012004.2676   14.5417
   -7.5000  -22.5000    7.500013021.2168   14.4912
    0.0000  -22.5000    7.500013699.9238   14.5197
    7.5000  -22.5000    7.500013338.6895   14.4809
   -7.5000  -15.0000    7.500014272.8984   14.4451
    0.0000  -15.0000    7.500015006.6797   14.4741
    7.5000  -15.0000    7.500014571.0957   14.4358
   -7.5000   -7.5000    7.500015428.0391   14.4199
    0.0000   -7.5000    7.500016267.8496   14.4455
    7.5000   -7.5000    7.500015757.5986   14.4066
   -7.5000    0.0000    7.500016492.0898   14.4131
    0.0000    0.0000    7.500017562.2285   14.4355
    7.5000    0.0000    7.500016893.0293   14.3956
   -7.5000    7.5000    7.500016433.3828   14.4196
    0.0000    7.5000    7.500017553.9629   14.4416
    7.5000    7.5000    7.500016743.9434   14.4010
   -7.5000   15.0000    7.500016144.4180   14.4316
    0.0000   15.0000    7.500017251.3848   14.4564
    7.5000   15.0000    7.500016417.1660   14.4160
   -7.5000   22.5000    7.500015594.5898   14.4310
    0.0000   22.5000    7.500016648.8418   14.4595
    7.5000   22.5000    7.500015916.5713   14.4205
   -7.5000   30.0000    7.500014775.8535   14.2458
    0.0000   30.0000    7.500015696.7168   14.2743
    7.5000   30.0000    7.500015054.7139   14.2364
   -7.5000   37.5000    7.500014273.3076   14.2333
    0.0000   37.5000    7.500015098.7637   14.2586
    7.5000   37.5000    7.500014509.2432   14.2201
   -7.5000   45.0000    7.500013272.2910   13.8926
    0.0000   45.0000    7.500014003.6230   13.9141
    7.5000   45.0000    7.500013466.2002   13.8757
   -7.5000  -45.0000   15.0000 9048.0908   15.0442
    0.0000  -45.0000   15.0000 9571.7568   15.0660
    7.5000  -45.0000   15.0000 9244.1045   15.0155
   -7.5000  -37.5000   15.0000 9875.8730   14.7547
    0.0000  -37.5000   15.000010439.3105   14.7765
    7.5000  -37.5000   15.000010077.9434   14.7263
   -7.5000  -30.0000   15.000011071.1143   14.5680
    0.0000  -30.0000   15.000011683.5527   14.5919
    7.5000  -30.0000   15.000011295.3965   14.5436
   -7.5000  -22.5000   15.000012302.7129   14.4977
    0.0000  -22.5000   15.000012981.3193   14.5244
    7.5000  -22.5000   15.000012557.4814   14.4794
   -7.5000  -15.0000   15.000013527.5928   14.4472
    0.0000  -15.0000   15.000014265.0869   14.4742
    7.5000  -15.0000   15.000013765.2021   14.4306
   -7.5000   -7.5000   15.000014661.6191   14.4228
    0.0000   -7.5000   15.000015496.6895   14.4468
    7.5000   -7.5000   15.000014933.7012   14.4014
   -7.5000    0.0000   15.000015718.3164   14.4204
    0.0000    0.0000   15.000016645.5410   14.4420
    7.5000    0.0000   15.000015990.9727   14.3939
   -7.5000    7.5000   15.000015628.5820   14.4307
    0.0000    7.5000   15.000016451.2363   14.4523
    7.5000    7.5000   15.000015788.8477   14.4028
   -7.5000   15.0000   15.000015319.3037   14.4422
    0.0000   15.0000   15.000016143.3252   14.4663
    7.5000   15.0000   15.000015491.5566   14.4178
   -7.5000   22.5000   15.000014856.0029   14.4373
    0.0000   22.5000   15.000015709.3818   14.4640
    7.5000   22.5000   15.000015126.7920   14.4188
   -7.5000   30.0000   15.000014120.1748   14.2478
    0.0000   30.0000   15.000014917.6221   14.2744
    7.5000   30.0000   15.000014370.2666   14.2312
   -7.5000   37.5000   15.000013618.1221   14.2361
    0.0000   37.5000   15.000014359.7920   14.2599
    7.5000   37.5000   15.000013838.2969   14.2151
   -7.5000   45.0000   15.000012611.3213   13.8996
    0.0000   45.0000   15.000013283.8457   13.9204
    7.5000   45.0000   15.000012784.3467   13.8741
   -7.5000  -45.0000   22.5000 8416.9453   15.1255
    0.0000  -45.0000   22.5000 8907.0352   15.1455
    7.5000  -45.0000   22.5000 8585.3750   15.0943
   -7.5000  -37.5000   22.5000 9220.5117   14.8396
    0.0000  -37.5000   22.5000 9730.7734   14.8598
    7.5000  -37.5000   22.5000 9383.8408   14.8099
   -7.5000  -30.0000   22.500010370.7324   14.6503
    0.0000  -30.0000   22.500010917.6143   14.6705
    7.5000  -30.0000   22.500010547.4785   14.6233
   -7.5000  -22.5000   22.500011531.9893   14.5758
    0.0000  -22.5000   22.500012145.7822   14.5964
    7.5000  -22.5000   22.500011728.2412   14.5520
   -7.5000  -15.0000   22.500012658.0068   14.5224
    0.0000  -15.0000   22.500013317.1348   14.5432
    7.5000  -15.0000   22.500012847.6650   14.4992
   -7.5000   -7.5000   22.500013717.2490   14.4990
    0.0000   -7.5000   22.500014437.2422   14.5190
    7.5000   -7.5000   22.500013924.6709   14.4726
   -7.5000    0.0000   22.500014693.6260   14.4998
    0.0000    0.0000   22.500015469.8574   14.5196
    7.5000    0.0000   22.500014886.1719   14.4709
   -7.5000    7.5000   22.500014561.1523   14.5125
    0.0000    7.5000   22.500015260.3311   14.5327
    7.5000    7.5000   22.500014696.8174   14.4835
   -7.5000   15.0000   22.500014264.1982   14.5235
    0.0000   15.0000   22.500014957.0107   14.5439
    7.5000   15.0000   22.500014395.5439   14.4965
   -7.5000   22.5000   22.500013895.0889   14.5149
    0.0000   22.5000   22.500014597.3311   14.5355
    7.5000   22.5000   22.500014039.3711   14.4909
   -7.5000   30.0000   22.500013263.4434   14.3219
    0.0000   30.0000   22.500013942.5869   14.3424
    7.5000   30.0000   22.500013404.8555   14.2988
   -7.5000   37.5000   22.500012836.3086   14.3113
    0.0000   37.5000   22.500013489.6572   14.3311
    7.5000   37.5000   22.500012966.0557   14.2853
   -7.5000   45.0000   22.500011856.5459   13.9761
    0.0000   45.0000   22.500012451.5713   13.9952
    7.5000   45.0000   22.500011970.4307   13.9483
   -7.5000  -45.0000   30.0000 7755.4448   15.3229
    0.0000  -45.0000   30.0000 8209.8418   15.3422
    7.5000  -45.0000   30.0000 7901.7495   15.2968
   -7.5000  -37.5000   30.0000 8503.6846   15.0324
    0.0000  -37.5000   30.0000 8983.0488   15.0523
    7.5000  -37.5000   30.0000 8649.4404   15.0098
   -7.5000  -30.0000   30.0000 9582.0742   14.8395
    0.0000  -30.0000   30.000010098.2568   14.8577
    7.5000  -30.0000   30.0000 9729.6025   14.8176
   -7.5000  -22.5000   30.000010658.4131   14.7643
    0.0000  -22.5000   30.000011225.2695   14.7810
    7.5000  -22.5000   30.000010814.0430   14.7417
   -7.5000  -15.0000   30.000011664.9912   14.7111
    0.0000  -15.0000   30.000012273.4941   14.7275
    7.5000  -15.0000   30.000011836.0098   14.6867
   -7.5000   -7.5000   30.000012662.9805   14.6872
    0.0000   -7.5000   30.000013317.0713   14.7046
    7.5000   -7.5000   30.000012841.9619   14.6616
   -7.5000    0.0000   30.000013569.3994   14.6863
    0.0000    0.0000   30.000014247.9639   14.7055
    7.5000    0.0000   30.000013722.9453   14.6620
   -7.5000    7.5000   30.000013413.9717   14.6982
    0.0000    7.5000   30.000014036.1377   14.7181
    7.5000    7.5000   30.000013539.4473   14.6758
   -7.5000   15.0000   30.000013114.2949   14.7098
    0.0000   15.0000   30.000013739.8096   14.7283
    7.5000   15.0000   30.000013237.7314   14.6879
   -7.5000   22.5000   30.000012810.0908   14.7022
    0.0000   22.5000   30.000013436.1162   14.7189
    7.5000   22.5000   30.000012923.2354   14.6793
   -7.5000   30.0000   30.000012266.5918   14.5079
    0.0000   30.0000   30.000012846.7891   14.5241
    7.5000   30.0000   30.000012367.0381   14.4837
   -7.5000   37.5000   30.000011892.8555   14.4971
    0.0000   37.5000   30.000012468.1416   14.5143
    7.5000   37.5000   30.000011993.8398   14.4719
   -7.5000   45.0000   30.000010976.2412   14.1559
    0.0000   45.0000   30.000011510.0195   14.1745
    7.5000   45.0000   30.000011060.8662   14.1325
   -7.5000  -45.0000   37.5000 7383.4819   15.6247
    0.0000  -45.0000   37.5000 7811.1987   15.6455
    7.5000  -45.0000   37.5000 7515.7114   15.6068
   -7.5000  -37.5000   37.5000 8101.0273   15.3219
    0.0000  -37.5000   37.5000 8543.5205   15.3427
    7.5000  -37.5000   37.5000 8236.0332   15.3080
   -7.5000  -30.0000   37.5000 9133.2549   15.1231
    0.0000  -30.0000   37.5000 9620.6514   15.1430
    7.5000  -30.0000   37.5000 9271.5605   15.1097
   -7.5000  -22.5000   37.500010139.9912   15.0496
    0.0000  -22.5000   37.500010671.3662   15.0694
    7.5000  -22.5000   37.500010299.0752   15.0347
   -7.5000  -15.0000   37.500011117.3457   14.9990
    0.0000  -15.0000   37.500011677.1885   15.0190
    7.5000  -15.0000   37.500011270.8516   14.9819
   -7.5000   -7.5000   37.500012080.6338   14.9740
    0.0000   -7.5000   37.500012675.3115   14.9942
    7.5000   -7.5000   37.500012219.3096   14.9557
   -7.5000    0.0000   37.500012935.6162   14.9688
    0.0000    0.0000   37.500013551.6055   14.9896
    7.5000    0.0000   37.500013063.4395   14.9521
   -7.5000    7.5000   37.500012763.9355   14.9767
    0.0000    7.5000   37.500013346.4492   14.9976
    7.5000    7.5000   37.500012882.1406   14.9625
   -7.5000   15.0000   37.500012471.6211   14.9885
    0.0000   15.0000   37.500013051.2900   15.0086
    7.5000   15.0000   37.500012583.9531   14.9748
   -7.5000   22.5000   37.500012170.7744   14.9853
    0.0000   22.5000   37.500012741.3281   15.0052
    7.5000   22.5000   37.500012261.3936   14.9701
   -7.5000   30.0000   37.500011688.7891   14.7917
    0.0000   30.0000   37.500012222.4551   14.8114
    7.5000   30.0000   37.500011782.2842   14.7745
   -7.5000   37.5000   37.500011354.4531   14.7802
    0.0000   37.5000   37.500011875.2246   14.8001
    7.5000   37.5000   37.500011456.8955   14.7622
   -7.5000   45.0000   37.500010478.3184   14.4282
    0.0000   45.0000   37.500010961.9121   14.4483
    7.5000   45.0000   37.500010566.3398   14.4121
   -7.5000  -45.0000   45.0000 6730.6636   15.9905
    0.0000  -45.0000   45.0000 7097.3872   16.0125
    7.5000  -45.0000   45.0000 6839.1685   15.9733
   -7.5000  -37.5000   45.0000 7378.1338   15.6745
    0.0000  -37.5000   45.0000 7762.9946   15.6960
    7.5000  -37.5000   45.0000 7487.0386   15.6602
   -7.5000  -30.0000   45.0000 8324.2090   15.4701
    0.0000  -30.0000   45.0000 8751.6777   15.4928
    7.5000  -30.0000   45.0000 8429.0547   15.4578
   -7.5000  -22.5000   45.0000 9247.7646   15.3961
    0.0000  -22.5000   45.0000 9723.1064   15.4214
    7.5000  -22.5000   45.0000 9379.9473   15.3850
   -7.5000  -15.0000   45.000010140.0156   15.3443
    0.0000  -15.0000   45.000010649.8359   15.3702
    7.5000  -15.0000   45.000010284.5439   15.3320
   -7.5000   -7.5000   45.000011019.6553   15.3154
    0.0000   -7.5000   45.000011563.4355   15.3395
    7.5000   -7.5000   45.000011167.7617   15.3004
   -7.5000    0.0000   45.000011788.0146   15.3066
    0.0000    0.0000   45.000012350.5654   15.3287
    7.5000    0.0000   45.000011913.3223   15.2907
   -7.5000    7.5000   45.000011617.1543   15.3137
    0.0000    7.5000   45.000012145.6689   15.3352
    7.5000    7.5000   45.000011725.6309   15.2990
   -7.5000   15.0000   45.000011362.2559   15.3280
    0.0000   15.0000   45.000011875.5342   15.3508
    7.5000   15.0000   45.000011461.7070   15.3153
   -7.5000   22.5000   45.000011072.3506   15.3285
    0.0000   22.5000   45.000011572.7725   15.3537
    7.5000   22.5000   45.000011158.5137   15.3170
   -7.5000   30.0000   45.000010656.6963   15.1304
    0.0000   30.0000   45.000011125.7148   15.1559
    7.5000   30.0000   45.000010746.9248   15.1181
   -7.5000   37.5000   45.000010383.1699   15.1159
    0.0000   37.5000   45.000010844.6895   15.1396
    7.5000   37.5000   45.000010481.7969   15.1011
   -7.5000   45.0000   45.0000 9584.4268   14.7605
    0.0000   45.0000   45.000010008.5977   14.7818
    7.5000   45.0000   45.0000 9673.5332   14.7451

---------------------------------------------------------------------
imgreg_4dfp /opt/freesurfer/average/711-2C_as_mni_average_305 /opt/freesurfer/average/711-2B_as_mni_average_305_mask talsrcimg_g11 none talsrcimg_to_711-2C_as_mni_average_305_t4 4355
---------------------------------------------------------------------

freesurfer imgreg_4dfp.c
/opt/freesurfer/average/711-2C_as_mni_average_305.4dfp.img
       256       256       256         1
  1.000000  1.000000  1.000000
orientation T byte_order littleendian
Reading image: /opt/freesurfer/average/711-2C_as_mni_average_305.4dfp.img
dimensions:      256       256       256
mmppix:       1.0000   -1.0000   -1.0000
center:     128.0000 -129.0000 -129.0000
/opt/freesurfer/average/711-2B_as_mni_average_305_mask.4dfp.img
       256       256       256         1
  1.000000  1.000000  1.000000
orientation T byte_order littleendian
Reading mask: /opt/freesurfer/average/711-2B_as_mni_average_305_mask.4dfp.img (2306576 pixels)
talsrcimg_g11.4dfp.img
       256       256       256         1
  1.000000  1.000000  1.000000
orientation T byte_order littleendian
Reading image: talsrcimg_g11.4dfp.img
dimensions:      256       256       256
mmppix:       1.0000   -1.0000   -1.0000
center:     128.0000 -129.0000 -129.0000
rotation matrix determinant  1.000000
image alignment mode   4355 decimal     1103 hex
   -7.5000  -45.0000  -45.0000 1995.7949   18.3154
    0.0000  -45.0000  -45.0000 2004.0013   18.2723
    7.5000  -45.0000  -45.0000 1996.7184   18.4127
   -7.5000  -37.5000  -45.0000 2113.8311   16.3385
    0.0000  -37.5000  -45.0000 2124.4543   16.2820
    7.5000  -37.5000  -45.0000 2117.7424   16.3596
   -7.5000  -30.0000  -45.0000 2221.3896   14.7553
    0.0000  -30.0000  -45.0000 2235.4795   14.7208
    7.5000  -30.0000  -45.0000 2228.0227   14.7596
   -7.5000  -22.5000  -45.0000 2317.9631   13.5143
    0.0000  -22.5000  -45.0000 2329.6460   13.4592
    7.5000  -22.5000  -45.0000 2324.4268   13.4936
   -7.5000  -15.0000  -45.0000 2395.6482   12.6162
    0.0000  -15.0000  -45.0000 2411.7939   12.5294
    7.5000  -15.0000  -45.0000 2404.6665   12.5711
   -7.5000   -7.5000  -45.0000 2432.4778   12.0311
    0.0000   -7.5000  -45.0000 2452.7302   11.9203
    7.5000   -7.5000  -45.0000 2448.8770   11.9627
   -7.5000    0.0000  -45.0000 2449.9414   11.7005
    0.0000    0.0000  -45.0000 2473.1238   11.5651
    7.5000    0.0000  -45.0000 2467.0444   11.6007
   -7.5000    7.5000  -45.0000 2460.8845   11.5371
    0.0000    7.5000  -45.0000 2482.1770   11.3711
    7.5000    7.5000  -45.0000 2478.7322   11.3852
   -7.5000   15.0000  -45.0000 2460.7148   11.5882
    0.0000   15.0000  -45.0000 2483.9602   11.3931
    7.5000   15.0000  -45.0000 2480.9639   11.3993
   -7.5000   22.5000  -45.0000 2445.3916   11.8756
    0.0000   22.5000  -45.0000 2471.3938   11.6622
    7.5000   22.5000  -45.0000 2466.2332   11.6799
   -7.5000   30.0000  -45.0000 2408.8147   12.3860
    0.0000   30.0000  -45.0000 2437.8208   12.1513
    7.5000   30.0000  -45.0000 2433.7312   12.1497
   -7.5000   37.5000  -45.0000 2359.1033   13.0925
    0.0000   37.5000  -45.0000 2388.2456   12.8286
    7.5000   37.5000  -45.0000 2385.0654   12.8373
   -7.5000   45.0000  -45.0000 2287.5576   14.0120
    0.0000   45.0000  -45.0000 2314.8994   13.7339
    7.5000   45.0000  -45.0000 2312.8303   13.7290
   -7.5000  -45.0000  -37.5000 2043.6057   17.2874
    0.0000  -45.0000  -37.5000 2048.7058   17.2315
    7.5000  -45.0000  -37.5000 2040.2758   17.3116
   -7.5000  -37.5000  -37.5000 2170.5217   15.3772
    0.0000  -37.5000  -37.5000 2180.9060   15.3578
    7.5000  -37.5000  -37.5000 2174.7776   15.4260
   -7.5000  -30.0000  -37.5000 2286.2478   13.8898
    0.0000  -30.0000  -37.5000 2301.6140   13.8640
    7.5000  -30.0000  -37.5000 2294.3367   13.9100
   -7.5000  -22.5000  -37.5000 2390.5452   12.7056
    0.0000  -22.5000  -37.5000 2405.4600   12.6801
    7.5000  -22.5000  -37.5000 2398.8271   12.6940
   -7.5000  -15.0000  -37.5000 2468.6003   11.8111
    0.0000  -15.0000  -37.5000 2489.1528   11.7455
    7.5000  -15.0000  -37.5000 2481.5557   11.7464
   -7.5000   -7.5000  -37.5000 2516.9629   11.2088
    0.0000   -7.5000  -37.5000 2536.9114   11.1170
    7.5000   -7.5000  -37.5000 2535.2400   11.1152
   -7.5000    0.0000  -37.5000 2542.6338   10.8796
    0.0000    0.0000  -37.5000 2561.7493   10.7549
    7.5000    0.0000  -37.5000 2558.4719   10.7615
   -7.5000    7.5000  -37.5000 2558.9182   10.7231
    0.0000    7.5000  -37.5000 2581.2900   10.5648
    7.5000    7.5000  -37.5000 2576.7366   10.5710
   -7.5000   15.0000  -37.5000 2552.4680   10.7883
    0.0000   15.0000  -37.5000 2579.6843   10.6227
    7.5000   15.0000  -37.5000 2580.4602   10.6265
   -7.5000   22.5000  -37.5000 2536.4087   11.0440
    0.0000   22.5000  -37.5000 2564.4827   10.8679
    7.5000   22.5000  -37.5000 2562.4556   10.8877
   -7.5000   30.0000  -37.5000 2500.4541   11.5156
    0.0000   30.0000  -37.5000 2533.0728   11.3164
    7.5000   30.0000  -37.5000 2531.6367   11.3194
   -7.5000   37.5000  -37.5000 2448.9480   12.1556
    0.0000   37.5000  -37.5000 2482.1658   11.9414
    7.5000   37.5000  -37.5000 2479.8179   11.9401
   -7.5000   45.0000  -37.5000 2371.7578   13.0352
    0.0000   45.0000  -37.5000 2404.5466   12.7884
    7.5000   45.0000  -37.5000 2402.6135   12.7758
   -7.5000  -45.0000  -30.0000 2122.5579   16.9515
    0.0000  -45.0000  -30.0000 2130.5420   16.9064
    7.5000  -45.0000  -30.0000 2124.0583   16.9489
   -7.5000  -37.5000  -30.0000 2261.1484   15.0590
    0.0000  -37.5000  -30.0000 2274.8528   15.0315
    7.5000  -37.5000  -30.0000 2272.4968   15.0824
   -7.5000  -30.0000  -30.0000 2386.3904   13.5653
    0.0000  -30.0000  -30.0000 2403.2925   13.5250
    7.5000  -30.0000  -30.0000 2397.9385   13.5695
   -7.5000  -22.5000  -30.0000 2494.2786   12.3562
    0.0000  -22.5000  -30.0000 2512.6699   12.3071
    7.5000  -22.5000  -30.0000 2506.5222   12.3363
   -7.5000  -15.0000  -30.0000 2579.1191   11.4409
    0.0000  -15.0000  -30.0000 2601.5156   11.3776
    7.5000  -15.0000  -30.0000 2595.7981   11.3721
   -7.5000   -7.5000  -30.0000 2640.6792   10.8336
    0.0000   -7.5000  -30.0000 2659.8501   10.7413
    7.5000   -7.5000  -30.0000 2657.8696   10.7128
   -7.5000    0.0000  -30.0000 2675.5535   10.4487
    0.0000    0.0000  -30.0000 2697.1992   10.3386
    7.5000    0.0000  -30.0000 2694.2659   10.3310
   -7.5000    7.5000  -30.0000 2697.2732   10.2900
    0.0000    7.5000  -30.0000 2728.9084   10.1532
    7.5000    7.5000  -30.0000 2723.6404   10.1487
   -7.5000   15.0000  -30.0000 2694.1367   10.3680
    0.0000   15.0000  -30.0000 2729.5261   10.2131
    7.5000   15.0000  -30.0000 2727.7471   10.2214
   -7.5000   22.5000  -30.0000 2680.0029   10.6347
    0.0000   22.5000  -30.0000 2716.4253   10.4594
    7.5000   22.5000  -30.0000 2713.2856   10.4910
   -7.5000   30.0000  -30.0000 2642.8093   11.0971
    0.0000   30.0000  -30.0000 2681.2495   10.8975
    7.5000   30.0000  -30.0000 2681.5645   10.8984
   -7.5000   37.5000  -30.0000 2584.0767   11.7236
    0.0000   37.5000  -30.0000 2623.6091   11.5103
    7.5000   37.5000  -30.0000 2621.3069   11.5049
   -7.5000   45.0000  -30.0000 2500.6584   12.5889
    0.0000   45.0000  -30.0000 2537.4690   12.3401
    7.5000   45.0000  -30.0000 2535.9900   12.3201
   -7.5000  -45.0000  -22.5000 2171.9480   16.5736
    0.0000  -45.0000  -22.5000 2185.3269   16.4603
    7.5000  -45.0000  -22.5000 2179.6533   16.5671
   -7.5000  -37.5000  -22.5000 2319.2083   14.7176
    0.0000  -37.5000  -22.5000 2335.2251   14.6035
    7.5000  -37.5000  -22.5000 2329.4065   14.6655
   -7.5000  -30.0000  -22.5000 2449.4233   13.2121
    0.0000  -30.0000  -22.5000 2467.1113   13.1105
    7.5000  -30.0000  -22.5000 2462.9048   13.1593
   -7.5000  -22.5000  -22.5000 2565.1455   11.9842
    0.0000  -22.5000  -22.5000 2582.7107   11.8950
    7.5000  -22.5000  -22.5000 2579.8733   11.9350
   -7.5000  -15.0000  -22.5000 2658.6333   11.0374
    0.0000  -15.0000  -22.5000 2680.6431   10.9508
    7.5000  -15.0000  -22.5000 2677.5596   10.9850
   -7.5000   -7.5000  -22.5000 2730.2703   10.3777
    0.0000   -7.5000  -22.5000 2756.2014   10.2799
    7.5000   -7.5000  -22.5000 2754.2158   10.2953
   -7.5000    0.0000  -22.5000 2773.3650    9.9811
    0.0000    0.0000  -22.5000 2805.4644    9.8602
    7.5000    0.0000  -22.5000 2801.6616    9.8688
   -7.5000    7.5000  -22.5000 2804.2498    9.8102
    0.0000    7.5000  -22.5000 2842.0366    9.6578
    7.5000    7.5000  -22.5000 2837.1343    9.6742
   -7.5000   15.0000  -22.5000 2808.8186    9.8939
    0.0000   15.0000  -22.5000 2847.8723    9.7166
    7.5000   15.0000  -22.5000 2848.4744    9.7383
   -7.5000   22.5000  -22.5000 2797.6458   10.1775
    0.0000   22.5000  -22.5000 2837.3286    9.9835
    7.5000   22.5000  -22.5000 2840.1272   10.0103
   -7.5000   30.0000  -22.5000 2759.8511   10.6184
    0.0000   30.0000  -22.5000 2802.6934   10.4110
    7.5000   30.0000  -22.5000 2804.1643   10.4221
   -7.5000   37.5000  -22.5000 2693.1292   11.2330
    0.0000   37.5000  -22.5000 2735.5034   10.9959
    7.5000   37.5000  -22.5000 2738.5012   10.9956
   -7.5000   45.0000  -22.5000 2600.7756   12.0622
    0.0000   45.0000  -22.5000 2640.1650   11.8175
    7.5000   45.0000  -22.5000 2641.0979   11.7981
   -7.5000  -45.0000  -15.0000 2193.8745   16.2837
    0.0000  -45.0000  -15.0000 2206.0063   16.1508
    7.5000  -45.0000  -15.0000 2199.0247   16.2955
   -7.5000  -37.5000  -15.0000 2341.3928   14.4117
    0.0000  -37.5000  -15.0000 2355.5654   14.2564
    7.5000  -37.5000  -15.0000 2348.0444   14.3763
   -7.5000  -30.0000  -15.0000 2474.5198   12.9094
    0.0000  -30.0000  -15.0000 2493.2305   12.7522
    7.5000  -30.0000  -15.0000 2487.9189   12.8436
   -7.5000  -22.5000  -15.0000 2595.9004   11.6826
    0.0000  -22.5000  -15.0000 2618.6270   11.5515
    7.5000  -22.5000  -15.0000 2614.0378   11.6240
   -7.5000  -15.0000  -15.0000 2698.2520   10.7240
    0.0000  -15.0000  -15.0000 2722.0107   10.6081
    7.5000  -15.0000  -15.0000 2721.7197   10.6729
   -7.5000   -7.5000  -15.0000 2780.8057   10.0362
    0.0000   -7.5000  -15.0000 2812.2805    9.9117
    7.5000   -7.5000  -15.0000 2810.7751    9.9617
   -7.5000    0.0000  -15.0000 2836.5386    9.6034
    0.0000    0.0000  -15.0000 2873.3274    9.4561
    7.5000    0.0000  -15.0000 2872.4739    9.4947
   -7.5000    7.5000  -15.0000 2875.8064    9.4190
    0.0000    7.5000  -15.0000 2922.9265    9.2208
    7.5000    7.5000  -15.0000 2920.6226    9.2565
   -7.5000   15.0000  -15.0000 2891.1553    9.4727
    0.0000   15.0000  -15.0000 2936.8635    9.2483
    7.5000   15.0000  -15.0000 2940.0312    9.2911
   -7.5000   22.5000  -15.0000 2877.5261    9.7481
    0.0000   22.5000  -15.0000 2923.6260    9.5392
    7.5000   22.5000  -15.0000 2931.5662    9.5554
   -7.5000   30.0000  -15.0000 2832.2617   10.1760
    0.0000   30.0000  -15.0000 2882.2930    9.9553
    7.5000   30.0000  -15.0000 2886.5601    9.9734
   -7.5000   37.5000  -15.0000 2759.3955   10.7962
    0.0000   37.5000  -15.0000 2804.2407   10.5491
    7.5000   37.5000  -15.0000 2808.6145   10.5598
   -7.5000   45.0000  -15.0000 2660.9480   11.6171
    0.0000   45.0000  -15.0000 2702.3591   11.3655
    7.5000   45.0000  -15.0000 2707.6252   11.3618
   -7.5000  -45.0000   -7.5000 2201.0449   16.1878
    0.0000  -45.0000   -7.5000 2211.8982   15.9945
    7.5000  -45.0000   -7.5000 2203.9370   16.1234
   -7.5000  -37.5000   -7.5000 2349.8879   14.2994
    0.0000  -37.5000   -7.5000 2361.1130   14.0551
    7.5000  -37.5000   -7.5000 2354.3286   14.1737
   -7.5000  -30.0000   -7.5000 2479.1179   12.7519
    0.0000  -30.0000   -7.5000 2496.3147   12.5124
    7.5000  -30.0000   -7.5000 2491.9910   12.6373
   -7.5000  -22.5000   -7.5000 2599.9453   11.5220
    0.0000  -22.5000   -7.5000 2620.5022   11.3050
    7.5000  -22.5000   -7.5000 2620.1216   11.4077
   -7.5000  -15.0000   -7.5000 2707.9941   10.5468
    0.0000  -15.0000   -7.5000 2727.4749   10.3522
    7.5000  -15.0000   -7.5000 2729.8447   10.4315
   -7.5000   -7.5000   -7.5000 2803.2336    9.8280
    0.0000   -7.5000   -7.5000 2829.3564    9.6419
    7.5000   -7.5000   -7.5000 2832.7556    9.7039
   -7.5000    0.0000   -7.5000 2871.4062    9.3492
    0.0000    0.0000   -7.5000 2909.9346    9.1655
    7.5000    0.0000   -7.5000 2914.0535    9.2080
   -7.5000    7.5000   -7.5000 2924.6230    9.1417
    0.0000    7.5000   -7.5000 2978.8499    8.9125
    7.5000    7.5000   -7.5000 2981.3447    8.9648
   -7.5000   15.0000   -7.5000 2947.3813    9.1606
    0.0000   15.0000   -7.5000 3000.6597    8.9059
    7.5000   15.0000   -7.5000 3006.5229    8.9501
   -7.5000   22.5000   -7.5000 2929.2485    9.4228
    0.0000   22.5000   -7.5000 2978.9309    9.1885
    7.5000   22.5000   -7.5000 2994.8188    9.2126
   -7.5000   30.0000   -7.5000 2874.7637    9.8758
    0.0000   30.0000   -7.5000 2927.1230    9.6219
    7.5000   30.0000   -7.5000 2936.9810    9.6466
   -7.5000   37.5000   -7.5000 2797.4629   10.4844
    0.0000   37.5000   -7.5000 2845.4998   10.1985
    7.5000   37.5000   -7.5000 2855.6133   10.2249
   -7.5000   45.0000   -7.5000 2693.2432   11.3016
    0.0000   45.0000   -7.5000 2737.5840   11.0235
    7.5000   45.0000   -7.5000 2746.0046   11.0409
   -7.5000  -45.0000    0.0000 2198.9299   16.2469
    0.0000  -45.0000    0.0000 2208.1736   15.9616
    7.5000  -45.0000    0.0000 2205.2659   16.1008
   -7.5000  -37.5000    0.0000 2338.2324   14.2728
    0.0000  -37.5000    0.0000 2349.8857   14.0094
    7.5000  -37.5000    0.0000 2350.3503   14.1168
   -7.5000  -30.0000    0.0000 2467.1699   12.7241
    0.0000  -30.0000    0.0000 2482.4109   12.4624
    7.5000  -30.0000    0.0000 2481.2061   12.5545
   -7.5000  -22.5000    0.0000 2584.0464   11.4924
    0.0000  -22.5000    0.0000 2600.5977   11.2447
    7.5000  -22.5000    0.0000 2603.0701   11.3095
   -7.5000  -15.0000    0.0000 2700.6794   10.5114
    0.0000  -15.0000    0.0000 2719.4861   10.2673
    7.5000  -15.0000    0.0000 2720.3293   10.3147
   -7.5000   -7.5000    0.0000 2801.9043    9.7709
    0.0000   -7.5000    0.0000 2830.4243    9.5338
    7.5000   -7.5000    0.0000 2833.7217    9.5638
   -7.5000    0.0000    0.0000 2884.0063    9.2703
    0.0000    0.0000    0.0000 2920.1689    9.0551
    7.5000    0.0000    0.0000 2928.0947    9.0642
   -7.5000    7.5000    0.0000 2946.7996    9.0542
    0.0000    7.5000    0.0000 3001.6780    8.8491
    7.5000    7.5000    0.0000 3009.6870    8.8509
   -7.5000   15.0000    0.0000 2969.3413    9.0585
    0.0000   15.0000    0.0000 3039.4983    8.8200
    7.5000   15.0000    0.0000 3046.1431    8.8178
   -7.5000   22.5000    0.0000 2953.2346    9.2844
    0.0000   22.5000    0.0000 3016.5454    9.0570
    7.5000   22.5000    0.0000 3026.9868    9.0287
   -7.5000   30.0000    0.0000 2893.1597    9.6983
    0.0000   30.0000    0.0000 2946.7615    9.4856
    7.5000   30.0000    0.0000 2957.6975    9.4476
   -7.5000   37.5000    0.0000 2809.5889   10.3103
    0.0000   37.5000    0.0000 2857.9993   10.0706
    7.5000   37.5000    0.0000 2867.5449   10.0409
   -7.5000   45.0000    0.0000 2705.8394   11.1454
    0.0000   45.0000    0.0000 2749.6848   10.9052
    7.5000   45.0000    0.0000 2757.6411   10.8712
   -7.5000  -45.0000    7.5000 2178.8889   16.4645
    0.0000  -45.0000    7.5000 2194.6335   16.1550
    7.5000  -45.0000    7.5000 2192.5632   16.3016
   -7.5000  -37.5000    7.5000 2315.5793   14.4632
    0.0000  -37.5000    7.5000 2331.8005   14.1504
    7.5000  -37.5000    7.5000 2332.2629   14.2772
   -7.5000  -30.0000    7.5000 2444.6758   12.8928
    0.0000  -30.0000    7.5000 2457.5342   12.5583
    7.5000  -30.0000    7.5000 2458.6226   12.6652
   -7.5000  -22.5000    7.5000 2560.1182   11.6331
    0.0000  -22.5000    7.5000 2574.3967   11.3150
    7.5000  -22.5000    7.5000 2577.4346   11.4049
   -7.5000  -15.0000    7.5000 2674.4385   10.6400
    0.0000  -15.0000    7.5000 2692.9370   10.3294
    7.5000  -15.0000    7.5000 2694.3818   10.3820
   -7.5000   -7.5000    7.5000 2776.8567    9.8704
    0.0000   -7.5000    7.5000 2807.5588    9.5968
    7.5000   -7.5000    7.5000 2808.9204    9.6129
   -7.5000    0.0000    7.5000 2865.6443    9.3680
    0.0000    0.0000    7.5000 2907.7991    9.1425
    7.5000    0.0000    7.5000 2911.1372    9.1076
   -7.5000    7.5000    7.5000 2935.3525    9.1430
    0.0000    7.5000    7.5000 2995.9475    8.9654
    7.5000    7.5000    7.5000 2997.6797    8.8987
   -7.5000   15.0000    7.5000 2963.4666    9.1073
    0.0000   15.0000    7.5000 3038.7368    8.9276
    7.5000   15.0000    7.5000 3041.3459    8.8262
   -7.5000   22.5000    7.5000 2945.8025    9.2847
    0.0000   22.5000    7.5000 3015.0825    9.0975
    7.5000   22.5000    7.5000 3025.5999    9.0378
   -7.5000   30.0000    7.5000 2891.0779    9.6834
    0.0000   30.0000    7.5000 2942.9626    9.4811
    7.5000   30.0000    7.5000 2952.6707    9.4477
   -7.5000   37.5000    7.5000 2807.2476   10.2989
    0.0000   37.5000    7.5000 2850.4028   10.0724
    7.5000   37.5000    7.5000 2859.8623   10.0389
   -7.5000   45.0000    7.5000 2700.7908   11.1362
    0.0000   45.0000    7.5000 2740.3694   10.8884
    7.5000   45.0000    7.5000 2749.2114   10.8694
   -7.5000  -45.0000   15.0000 2147.0273   16.9033
    0.0000  -45.0000   15.0000 2166.8320   16.5348
    7.5000  -45.0000   15.0000 2164.9358   16.6823
   -7.5000  -37.5000   15.0000 2288.8235   14.8439
    0.0000  -37.5000   15.0000 2305.3958   14.4768
    7.5000  -37.5000   15.0000 2305.2029   14.5535
   -7.5000  -30.0000   15.0000 2406.9417   13.2255
    0.0000  -30.0000   15.0000 2423.3511   12.8712
    7.5000  -30.0000   15.0000 2424.1096   12.9420
   -7.5000  -22.5000   15.0000 2522.8018   11.9633
    0.0000  -22.5000   15.0000 2541.3870   11.6356
    7.5000  -22.5000   15.0000 2541.6025   11.6968
   -7.5000  -15.0000   15.0000 2635.8074   10.9608
    0.0000  -15.0000   15.0000 2657.3611   10.6628
    7.5000  -15.0000   15.0000 2658.6372   10.6830
   -7.5000   -7.5000   15.0000 2734.3809   10.1972
    0.0000   -7.5000   15.0000 2767.7871    9.9211
    7.5000   -7.5000   15.0000 2770.5745    9.9100
   -7.5000    0.0000   15.0000 2824.5271    9.6838
    0.0000    0.0000   15.0000 2867.2910    9.4338
    7.5000    0.0000   15.0000 2870.9087    9.4132
   -7.5000    7.5000   15.0000 2895.3040    9.4186
    0.0000    7.5000   15.0000 2948.8521    9.1805
    7.5000    7.5000   15.0000 2954.5330    9.1524
   -7.5000   15.0000   15.0000 2928.2183    9.3227
    0.0000   15.0000   15.0000 2990.7290    9.0756
    7.5000   15.0000   15.0000 2996.0737    9.0581
   -7.5000   22.5000   15.0000 2907.7666    9.5247
    0.0000   22.5000   15.0000 2970.8887    9.3007
    7.5000   22.5000   15.0000 2984.0420    9.2932
   -7.5000   30.0000   15.0000 2853.0779    9.9284
    0.0000   30.0000   15.0000 2904.6074    9.7343
    7.5000   30.0000   15.0000 2916.8247    9.7189
   -7.5000   37.5000   15.0000 2773.7571   10.5227
    0.0000   37.5000   15.0000 2817.3772   10.3043
    7.5000   37.5000   15.0000 2825.5981   10.2843
   -7.5000   45.0000   15.0000 2671.3059   11.3151
    0.0000   45.0000   15.0000 2710.8708   11.0735
    7.5000   45.0000   15.0000 2720.0151   11.0610
   -7.5000  -45.0000   22.5000 2105.2659   17.5707
    0.0000  -45.0000   22.5000 2124.3594   17.1668
    7.5000  -45.0000   22.5000 2118.4614   17.2523
   -7.5000  -37.5000   22.5000 2250.5427   15.4568
    0.0000  -37.5000   22.5000 2268.1416   15.0720
    7.5000  -37.5000   22.5000 2262.4780   15.1304
   -7.5000  -30.0000   22.5000 2369.9131   13.7970
    0.0000  -30.0000   22.5000 2388.7849   13.4318
    7.5000  -30.0000   22.5000 2387.7712   13.4979
   -7.5000  -22.5000   22.5000 2482.0869   12.5017
    0.0000  -22.5000   22.5000 2506.9778   12.1602
    7.5000  -22.5000   22.5000 2506.3967   12.1919
   -7.5000  -15.0000   22.5000 2587.3733   11.4796
    0.0000  -15.0000   22.5000 2613.9912   11.1474
    7.5000  -15.0000   22.5000 2616.4998   11.1520
   -7.5000   -7.5000   22.5000 2686.6445   10.7027
    0.0000   -7.5000   22.5000 2721.5059   10.3737
    7.5000   -7.5000   22.5000 2726.8567   10.3743
   -7.5000    0.0000   22.5000 2768.9558   10.1668
    0.0000    0.0000   22.5000 2813.5444    9.8925
    7.5000    0.0000   22.5000 2820.3503    9.8663
   -7.5000    7.5000   22.5000 2831.6426    9.8658
    0.0000    7.5000   22.5000 2883.6470    9.5974
    7.5000    7.5000   22.5000 2890.1497    9.5578
   -7.5000   15.0000   22.5000 2865.8069    9.7565
    0.0000   15.0000   22.5000 2915.9465    9.5095
    7.5000   15.0000   22.5000 2921.6697    9.4869
   -7.5000   22.5000   22.5000 2847.1006    9.9486
    0.0000   22.5000   22.5000 2902.6909    9.7287
    7.5000   22.5000   22.5000 2909.4167    9.7121
   -7.5000   30.0000   22.5000 2797.7727   10.3533
    0.0000   30.0000   22.5000 2847.4573   10.1311
    7.5000   30.0000   22.5000 2859.0967   10.1103
   -7.5000   37.5000   22.5000 2721.7991   10.9606
    0.0000   37.5000   22.5000 2762.3862   10.7189
    7.5000   37.5000   22.5000 2771.8140   10.6805
   -7.5000   45.0000   22.5000 2624.1650   11.7147
    0.0000   45.0000   22.5000 2660.2507   11.4809
    7.5000   45.0000   22.5000 2671.8491   11.4514
   -7.5000  -45.0000   30.0000 2050.8418   18.5040
    0.0000  -45.0000   30.0000 2068.0959   18.1069
    7.5000  -45.0000   30.0000 2065.5815   18.1454
   -7.5000  -37.5000   30.0000 2196.1711   16.2891
    0.0000  -37.5000   30.0000 2216.3711   15.9045
    7.5000  -37.5000   30.0000 2213.9993   15.9242
   -7.5000  -30.0000   30.0000 2317.8940   14.5886
    0.0000  -30.0000   30.0000 2341.5171   14.1931
    7.5000  -30.0000   30.0000 2343.4688   14.2186
   -7.5000  -22.5000   30.0000 2430.0078   13.2301
    0.0000  -22.5000   30.0000 2459.2009   12.8353
    7.5000  -22.5000   30.0000 2461.1375   12.8487
   -7.5000  -15.0000   30.0000 2530.5251   12.1426
    0.0000  -15.0000   30.0000 2563.7380   11.7718
    7.5000  -15.0000   30.0000 2567.5681   11.7908
   -7.5000   -7.5000   30.0000 2632.1885   11.3285
    0.0000   -7.5000   30.0000 2670.4319   10.9779
    7.5000   -7.5000   30.0000 2675.2886   11.0027
   -7.5000    0.0000   30.0000 2707.2932   10.8028
    0.0000    0.0000   30.0000 2749.8452   10.4930
    7.5000    0.0000   30.0000 2760.3206   10.4685
   -7.5000    7.5000   30.0000 2757.9304   10.4774
    0.0000    7.5000   30.0000 2807.0364   10.1737
    7.5000    7.5000   30.0000 2815.5745   10.1722
   -7.5000   15.0000   30.0000 2782.5359   10.3352
    0.0000   15.0000   30.0000 2827.3618   10.1010
    7.5000   15.0000   30.0000 2835.3547   10.0789
   -7.5000   22.5000   30.0000 2766.6995   10.5253
    0.0000   22.5000   30.0000 2816.3340   10.3062
    7.5000   22.5000   30.0000 2824.7554   10.2697
   -7.5000   30.0000   30.0000 2721.7244   10.9247
    0.0000   30.0000   30.0000 2762.1440   10.7039
    7.5000   30.0000   30.0000 2775.6602   10.6615
   -7.5000   37.5000   30.0000 2652.4514   11.5086
    0.0000   37.5000   30.0000 2689.6670   11.2690
    7.5000   37.5000   30.0000 2697.4097   11.2293
   -7.5000   45.0000   30.0000 2561.3281   12.2611
    0.0000   45.0000   30.0000 2596.3140   11.9994
    7.5000   45.0000   30.0000 2605.0864   11.9807
   -7.5000  -45.0000   37.5000 1988.6587   19.6667
    0.0000  -45.0000   37.5000 2011.2222   19.2307
    7.5000  -45.0000   37.5000 2011.2552   19.2414
   -7.5000  -37.5000   37.5000 2135.2678   17.3317
    0.0000  -37.5000   37.5000 2160.3831   16.8956
    7.5000  -37.5000   37.5000 2163.9885   16.9027
   -7.5000  -30.0000   37.5000 2260.2368   15.5212
    0.0000  -30.0000   37.5000 2288.3120   15.0904
    7.5000  -30.0000   37.5000 2294.5107   15.1084
   -7.5000  -22.5000   37.5000 2367.4683   14.0472
    0.0000  -22.5000   37.5000 2400.0986   13.6460
    7.5000  -22.5000   37.5000 2409.6826   13.6804
   -7.5000  -15.0000   37.5000 2468.6199   12.9211
    0.0000  -15.0000   37.5000 2502.8130   12.5441
    7.5000  -15.0000   37.5000 2512.9268   12.5758
   -7.5000   -7.5000   37.5000 2564.2119   12.0912
    0.0000   -7.5000   37.5000 2604.2490   11.7485
    7.5000   -7.5000   37.5000 2611.2456   11.7618
   -7.5000    0.0000   37.5000 2633.8862   11.5411
    0.0000    0.0000   37.5000 2677.0249   11.2251
    7.5000    0.0000   37.5000 2687.4888   11.2205
   -7.5000    7.5000   37.5000 2679.4402   11.1822
    0.0000    7.5000   37.5000 2722.4719   10.8958
    7.5000    7.5000   37.5000 2730.8679   10.9144
   -7.5000   15.0000   37.5000 2693.8704   11.0679
    0.0000   15.0000   37.5000 2733.8494   10.8362
    7.5000   15.0000   37.5000 2742.0046   10.8256
   -7.5000   22.5000   37.5000 2676.5793   11.2166
    0.0000   22.5000   37.5000 2718.1223   11.0016
    7.5000   22.5000   37.5000 2726.0317   10.9758
   -7.5000   30.0000   37.5000 2640.1807   11.5936
    0.0000   30.0000   37.5000 2675.3311   11.3721
    7.5000   30.0000   37.5000 2689.8333   11.3270
   -7.5000   37.5000   37.5000 2575.1726   12.1782
    0.0000   37.5000   37.5000 2608.6157   11.9123
    7.5000   37.5000   37.5000 2620.7922   11.8801
   -7.5000   45.0000   37.5000 2489.7849   12.9120
    0.0000   45.0000   37.5000 2521.3730   12.6474
    7.5000   45.0000   37.5000 2528.2288   12.6352
   -7.5000  -45.0000   45.0000 1923.7100   21.1056
    0.0000  -45.0000   45.0000 1949.4918   20.5412
    7.5000  -45.0000   45.0000 1950.2721   20.5798
   -7.5000  -37.5000   45.0000 2068.7659   18.5703
    0.0000  -37.5000   45.0000 2096.6306   18.0612
    7.5000  -37.5000   45.0000 2100.7625   18.0862
   -7.5000  -30.0000   45.0000 2196.0107   16.6197
    0.0000  -30.0000   45.0000 2225.3894   16.1789
    7.5000  -30.0000   45.0000 2230.1646   16.1909
   -7.5000  -22.5000   45.0000 2301.7261   15.0662
    0.0000  -22.5000   45.0000 2336.0955   14.6644
    7.5000  -22.5000   45.0000 2347.3091   14.6808
   -7.5000  -15.0000   45.0000 2395.2900   13.8750
    0.0000  -15.0000   45.0000 2433.5562   13.5120
    7.5000  -15.0000   45.0000 2446.3784   13.5381
   -7.5000   -7.5000   45.0000 2485.5798   12.9995
    0.0000   -7.5000   45.0000 2528.1616   12.6764
    7.5000   -7.5000   45.0000 2540.6238   12.6918
   -7.5000    0.0000   45.0000 2552.3901   12.3920
    0.0000    0.0000   45.0000 2592.8894   12.0924
    7.5000    0.0000   45.0000 2601.7202   12.1035
   -7.5000    7.5000   45.0000 2589.0642   12.0261
    0.0000    7.5000   45.0000 2625.9900   11.7633
    7.5000    7.5000   45.0000 2634.5264   11.7716
   -7.5000   15.0000   45.0000 2599.9568   11.9221
    0.0000   15.0000   45.0000 2633.7112   11.6991
    7.5000   15.0000   45.0000 2643.1780   11.7006
   -7.5000   22.5000   45.0000 2580.3545   12.0423
    0.0000   22.5000   45.0000 2616.1289   11.8138
    7.5000   22.5000   45.0000 2624.4636   11.8184
   -7.5000   30.0000   45.0000 2547.4814   12.4124
    0.0000   30.0000   45.0000 2576.9731   12.1829
    7.5000   30.0000   45.0000 2590.0134   12.1548
   -7.5000   37.5000   45.0000 2491.4880   12.9669
    0.0000   37.5000   45.0000 2520.0439   12.7125
    7.5000   37.5000   45.0000 2533.1785   12.6676
   -7.5000   45.0000   45.0000 2413.1262   13.7067
    0.0000   45.0000   45.0000 2439.8789   13.4396
    7.5000   45.0000   45.0000 2448.7842   13.4279

---------------------------------------------------------------------
imgreg_4dfp /opt/freesurfer/average/711-2C_as_mni_average_305 /opt/freesurfer/average/711-2B_as_mni_average_305_mask talsrcimg_g11 none talsrcimg_to_711-2C_as_mni_average_305_t4 1283
---------------------------------------------------------------------

freesurfer imgreg_4dfp.c
/opt/freesurfer/average/711-2C_as_mni_average_305.4dfp.img
       256       256       256         1
  1.000000  1.000000  1.000000
orientation T byte_order littleendian
Reading image: /opt/freesurfer/average/711-2C_as_mni_average_305.4dfp.img
dimensions:      256       256       256
mmppix:       1.0000   -1.0000   -1.0000
center:     128.0000 -129.0000 -129.0000
/opt/freesurfer/average/711-2B_as_mni_average_305_mask.4dfp.img
       256       256       256         1
  1.000000  1.000000  1.000000
orientation T byte_order littleendian
Reading mask: /opt/freesurfer/average/711-2B_as_mni_average_305_mask.4dfp.img (2306576 pixels)
talsrcimg_g11.4dfp.img
       256       256       256         1
  1.000000  1.000000  1.000000
orientation T byte_order littleendian
Reading image: talsrcimg_g11.4dfp.img
dimensions:      256       256       256
mmppix:       1.0000   -1.0000   -1.0000
center:     128.0000 -129.0000 -129.0000
rotation matrix determinant  1.000000
fimgreg.f
image alignment mode   1283 decimal      503 hex
parameters
    7.5000   15.0000    0.0000    0.0000    0.0000    0.0000
eta,q 0.95598  8.82124
niter,ni,del,rscale     5    3   12.0000    1.2000
parameter  1  0.649160 ->  0.500000 qaram    1.1500
parameter  4  2.812316 ->  0.500000 qaram    1.1500
parameters
    4.0500   14.7457    2.6488   -3.4500   -2.4305   -0.1063
eta,q 0.96468  8.71396
  0.0438  0.0481  0.0531  0.0351  0.0377  0.0387
  0.0415  0.0444  0.0489  0.0362  0.0358  0.0366
  0.0416  0.0422  0.0449  0.0380  0.0354  0.0354
  0.0446  0.0415  0.0414  0.0399  0.0367  0.0353
  0.0512  0.0428  0.0400  0.0419  0.0386  0.0360
  0.0574  0.0454  0.0407  0.0439  0.0409  0.0371
  0.0627  0.0491  0.0428  0.0467  0.0441  0.0386
niter,ni,del,rscale     6    3   12.0000    1.2000
parameter  4  0.687407 ->  0.500000 qaram    1.3225
parameters
    4.4465   16.4097    2.7879   -7.4175   -2.4892    0.0719
eta,q 0.96826  8.70344
  0.0544  0.0489  0.0433  0.0334  0.0377  0.0366
  0.0455  0.0425  0.0385  0.0316  0.0350  0.0339
  0.0386  0.0380  0.0353  0.0324  0.0327  0.0322
  0.0353  0.0352  0.0342  0.0343  0.0317  0.0317
  0.0367  0.0342  0.0357  0.0374  0.0326  0.0322
  0.0425  0.0356  0.0385  0.0407  0.0349  0.0336
  0.0510  0.0393  0.0420  0.0438  0.0382  0.0360
niter,ni,del,rscale     6    3   12.0000    1.2000
parameters
    4.5377   17.4088    2.4389   -7.3447   -2.4506   -0.0937
eta,q 0.96835  8.71063
  0.0507  0.0489  0.0398  0.0416  0.0375  0.0358
  0.0414  0.0407  0.0347  0.0365  0.0348  0.0335
  0.0344  0.0341  0.0320  0.0319  0.0327  0.0320
  0.0317  0.0318  0.0318  0.0317  0.0317  0.0317
  0.0344  0.0325  0.0335  0.0330  0.0323  0.0324
  0.0409  0.0357  0.0366  0.0363  0.0344  0.0340
  0.0496  0.0398  0.0411  0.0407  0.0378  0.0361
niter,ni,del,rscale     5    3   12.0000    1.2000
parameters
    4.4843   17.5793    2.4400   -7.4349   -2.3858   -0.1171
eta,q 0.96832  8.71324
  0.0503  0.0447  0.0410  0.0412  0.0377  0.0360
  0.0408  0.0367  0.0357  0.0359  0.0349  0.0337
  0.0338  0.0324  0.0323  0.0318  0.0328  0.0321
  0.0317  0.0316  0.0317  0.0317  0.0317  0.0317
  0.0348  0.0337  0.0332  0.0332  0.0323  0.0323
  0.0418  0.0377  0.0361  0.0365  0.0344  0.0339
  0.0501  0.0417  0.0403  0.0410  0.0378  0.0359
niter,ni,del,rscale     4    3   12.0000    1.2000
parameters
    4.4565   17.6326    2.4319   -7.4933   -2.3521   -0.1196
eta,q 0.96832  8.71360
  0.0505  0.0442  0.0410  0.0412  0.0376  0.0360
  0.0409  0.0363  0.0357  0.0360  0.0349  0.0337
  0.0339  0.0322  0.0323  0.0319  0.0328  0.0321
  0.0317  0.0317  0.0317  0.0317  0.0317  0.0317
  0.0348  0.0339  0.0333  0.0331  0.0323  0.0323
  0.0418  0.0380  0.0362  0.0364  0.0345  0.0338
  0.0501  0.0419  0.0404  0.0409  0.0379  0.0359
registration optimization eta report
parameter search radius
    6.9000    6.0000    6.0000    7.9350    6.0000    6.0000
100000*second partial in parameter space
       38.       31.       25.       15.       17.       12.
  0.0505  0.0442  0.0410  0.0412  0.0376  0.0360
  0.0409  0.0363  0.0357  0.0360  0.0349  0.0337
  0.0339  0.0322  0.0323  0.0319  0.0328  0.0321
  0.0317  0.0317  0.0317  0.0317  0.0317  0.0317
  0.0348  0.0339  0.0333  0.0331  0.0323  0.0323
  0.0418  0.0380  0.0362  0.0364  0.0345  0.0338
  0.0501  0.0419  0.0404  0.0409  0.0379  0.0359
    4.4565   17.6326    2.4319   -7.4933   -2.3521   -0.1196
eta,q 0.96832  8.71360

---------------------------------------------------------------------
imgreg_4dfp /opt/freesurfer/average/711-2C_as_mni_average_305 /opt/freesurfer/average/711-2B_as_mni_average_305_mask talsrcimg_g11 none talsrcimg_to_711-2C_as_mni_average_305_t4 3335
---------------------------------------------------------------------

freesurfer imgreg_4dfp.c
/opt/freesurfer/average/711-2C_as_mni_average_305.4dfp.img
       256       256       256         1
  1.000000  1.000000  1.000000
orientation T byte_order littleendian
Reading image: /opt/freesurfer/average/711-2C_as_mni_average_305.4dfp.img
dimensions:      256       256       256
mmppix:       1.0000   -1.0000   -1.0000
center:     128.0000 -129.0000 -129.0000
/opt/freesurfer/average/711-2B_as_mni_average_305_mask.4dfp.img
       256       256       256         1
  1.000000  1.000000  1.000000
orientation T byte_order littleendian
Reading mask: /opt/freesurfer/average/711-2B_as_mni_average_305_mask.4dfp.img (2306576 pixels)
talsrcimg_g11.4dfp.img
       256       256       256         1
  1.000000  1.000000  1.000000
orientation T byte_order littleendian
Reading image: talsrcimg_g11.4dfp.img
dimensions:      256       256       256
mmppix:       1.0000   -1.0000   -1.0000
center:     128.0000 -129.0000 -129.0000
fimgreg.f
image alignment mode   3335 decimal      D07 hex
parameters
    4.4565   17.6326    2.4319   -0.0845   -0.8531   -0.9375
   -0.3283    4.0962   -0.2086   13.0324   -4.1041  -13.0300
eta,q 0.97052  8.80177
niter,ni,del,rscale     5    3    5.0000    1.2000
parameter  4  1.062269 ->  0.500000 qaram    1.1500
parameter  5  0.996309 ->  0.500000 qaram    1.1500
parameter 12  0.501201 ->  0.500000 qaram    1.1500
parameters
    4.2708   17.9670    2.0285   -4.2245   -4.9931   -3.2825
    0.1194    5.2715    3.2816   11.1905   -2.4876  -17.1700
eta,q 0.97701  8.54512
  0.0319  0.0317  0.0307  0.0257  0.0240  0.0259  0.0270  0.0292  0.0271  0.0247  0.0252  0.0234
  0.0305  0.0306  0.0298  0.0260  0.0240  0.0250  0.0255  0.0269  0.0257  0.0238  0.0243  0.0230
  0.0297  0.0299  0.0294  0.0272  0.0246  0.0240  0.0244  0.0250  0.0246  0.0234  0.0237  0.0230
  0.0295  0.0295  0.0294  0.0294  0.0262  0.0241  0.0240  0.0240  0.0239  0.0234  0.0234  0.0233
  0.0299  0.0295  0.0299  0.0325  0.0284  0.0260  0.0242  0.0240  0.0235  0.0240  0.0233  0.0239
  0.0310  0.0299  0.0308  0.0365  0.0309  0.0292  0.0250  0.0249  0.0235  0.0257  0.0236  0.0246
  0.0327  0.0308  0.0320  0.0401  0.0335  0.0330  0.0264  0.0268  0.0239  0.0279  0.0241  0.0255
niter,ni,del,rscale     7    3    5.0000    1.2000
parameters
    4.4885   18.2345    1.5178   -6.3362   -6.7669   -3.7779
   -1.2548    4.7770    3.5564   12.4164   -3.1599  -18.2135
eta,q 0.97733  8.45187
  0.0266  0.0255  0.0240  0.0250  0.0250  0.0256  0.0246  0.0259  0.0247  0.0256  0.0237  0.0240
  0.0248  0.0241  0.0232  0.0239  0.0236  0.0247  0.0234  0.0241  0.0237  0.0241  0.0231  0.0232
  0.0235  0.0233  0.0229  0.0230  0.0229  0.0238  0.0229  0.0231  0.0231  0.0232  0.0228  0.0227
  0.0230  0.0230  0.0230  0.0229  0.0229  0.0228  0.0229  0.0228  0.0228  0.0228  0.0228  0.0227
  0.0232  0.0231  0.0234  0.0240  0.0238  0.0228  0.0236  0.0234  0.0230  0.0228  0.0230  0.0232
  0.0240  0.0236  0.0242  0.0265  0.0258  0.0246  0.0248  0.0248  0.0235  0.0231  0.0234  0.0238
  0.0255  0.0245  0.0253  0.0306  0.0284  0.0276  0.0263  0.0269  0.0245  0.0242  0.0240  0.0247
niter,ni,del,rscale     6    3    5.0000    1.2000
parameters
    4.6222   18.8989    1.4814   -6.6681   -7.2969   -3.9493
   -1.5977    4.7490    3.7159   13.4724   -3.3787  -18.9921
eta,q 0.97743  8.43459
  0.0257  0.0255  0.0241  0.0256  0.0257  0.0255  0.0250  0.0260  0.0245  0.0252  0.0237  0.0241
  0.0241  0.0241  0.0232  0.0244  0.0241  0.0245  0.0236  0.0242  0.0235  0.0239  0.0231  0.0231
  0.0231  0.0232  0.0227  0.0233  0.0229  0.0236  0.0228  0.0230  0.0228  0.0230  0.0227  0.0226
  0.0227  0.0227  0.0225  0.0225  0.0226  0.0226  0.0227  0.0226  0.0226  0.0226  0.0226  0.0226
  0.0229  0.0225  0.0227  0.0226  0.0230  0.0224  0.0231  0.0231  0.0228  0.0227  0.0228  0.0230
  0.0237  0.0228  0.0233  0.0241  0.0244  0.0239  0.0240  0.0242  0.0234  0.0230  0.0232  0.0237
  0.0251  0.0235  0.0241  0.0269  0.0269  0.0268  0.0254  0.0261  0.0243  0.0240  0.0238  0.0245
niter,ni,del,rscale     5    3    5.0000    1.2000
parameters
    4.6293   19.2133    1.3288   -6.7059   -7.6482   -4.0559
   -1.6706    4.7314    3.8679   14.2307   -3.3721  -19.4786
eta,q 0.97745  8.42865
  0.0252  0.0248  0.0239  0.0256  0.0257  0.0255  0.0251  0.0260  0.0244  0.0249  0.0237  0.0242
  0.0238  0.0237  0.0231  0.0244  0.0242  0.0245  0.0237  0.0241  0.0234  0.0237  0.0231  0.0232
  0.0229  0.0229  0.0226  0.0234  0.0230  0.0236  0.0228  0.0230  0.0228  0.0229  0.0227  0.0227
  0.0226  0.0226  0.0225  0.0225  0.0225  0.0225  0.0226  0.0226  0.0226  0.0226  0.0226  0.0226
  0.0229  0.0226  0.0228  0.0225  0.0229  0.0223  0.0229  0.0230  0.0228  0.0226  0.0227  0.0229
  0.0238  0.0230  0.0234  0.0238  0.0242  0.0238  0.0238  0.0242  0.0233  0.0230  0.0231  0.0236
  0.0252  0.0239  0.0243  0.0264  0.0267  0.0268  0.0251  0.0260  0.0242  0.0241  0.0237  0.0245
niter,ni,del,rscale     4    3    5.0000    1.2000
parameters
    4.6055   19.4104    1.1972   -6.7104   -7.9203   -4.1421
   -1.6915    4.6955    3.9985   14.7691   -3.3529  -19.8177
eta,q 0.97745  8.42407
  0.0251  0.0246  0.0239  0.0255  0.0257  0.0255  0.0251  0.0259  0.0243  0.0247  0.0237  0.0242
  0.0237  0.0235  0.0231  0.0244  0.0242  0.0246  0.0237  0.0241  0.0234  0.0236  0.0231  0.0233
  0.0229  0.0228  0.0226  0.0234  0.0230  0.0237  0.0228  0.0229  0.0228  0.0228  0.0227  0.0227
  0.0225  0.0225  0.0225  0.0225  0.0225  0.0225  0.0226  0.0226  0.0226  0.0226  0.0226  0.0226
  0.0228  0.0226  0.0228  0.0224  0.0228  0.0222  0.0229  0.0230  0.0227  0.0226  0.0227  0.0229
  0.0238  0.0231  0.0234  0.0237  0.0241  0.0238  0.0238  0.0242  0.0233  0.0231  0.0231  0.0236
  0.0253  0.0240  0.0242  0.0263  0.0266  0.0268  0.0250  0.0259  0.0242  0.0242  0.0237  0.0244
niter,ni,del,rscale     3    3    5.0000    1.2000
parameters
    4.5806   19.5576    1.0963   -6.7211   -8.1351   -4.2226
   -1.7106    4.6649    4.1065   15.1922   -3.3377  -20.0868
eta,q 0.97744  8.41996
  0.0251  0.0245  0.0240  0.0255  0.0257  0.0255  0.0251  0.0259  0.0243  0.0247  0.0237  0.0243
  0.0237  0.0234  0.0231  0.0244  0.0243  0.0246  0.0237  0.0241  0.0233  0.0236  0.0231  0.0233
  0.0228  0.0228  0.0227  0.0234  0.0230  0.0237  0.0228  0.0229  0.0228  0.0228  0.0227  0.0227
  0.0225  0.0225  0.0225  0.0225  0.0225  0.0225  0.0226  0.0226  0.0226  0.0226  0.0226  0.0226
  0.0228  0.0227  0.0228  0.0224  0.0228  0.0222  0.0229  0.0230  0.0228  0.0227  0.0227  0.0229
  0.0237  0.0231  0.0234  0.0237  0.0241  0.0238  0.0238  0.0241  0.0233  0.0231  0.0231  0.0236
  0.0252  0.0241  0.0242  0.0263  0.0265  0.0268  0.0250  0.0259  0.0242  0.0243  0.0237  0.0244
niter,ni,del,rscale     2    3    5.0000    1.2000
parameters
    4.5629   19.6844    1.0148   -6.7456   -8.3221   -4.2908
   -1.7218    4.6346    4.1912   15.5547   -3.3501  -20.2917
eta,q 0.97742  8.41590
  0.0251  0.0244  0.0240  0.0255  0.0257  0.0255  0.0250  0.0259  0.0243  0.0246  0.0237  0.0243
  0.0237  0.0234  0.0232  0.0244  0.0243  0.0246  0.0237  0.0241  0.0233  0.0235  0.0231  0.0233
  0.0229  0.0228  0.0227  0.0234  0.0230  0.0237  0.0228  0.0230  0.0228  0.0228  0.0227  0.0227
  0.0226  0.0226  0.0226  0.0225  0.0226  0.0226  0.0226  0.0226  0.0226  0.0226  0.0226  0.0226
  0.0228  0.0227  0.0228  0.0224  0.0228  0.0222  0.0229  0.0230  0.0228  0.0227  0.0227  0.0229
  0.0237  0.0232  0.0233  0.0237  0.0240  0.0238  0.0238  0.0241  0.0233  0.0231  0.0231  0.0236
  0.0252  0.0241  0.0242  0.0263  0.0265  0.0268  0.0250  0.0259  0.0242  0.0244  0.0237  0.0244
niter,ni,del,rscale     1    3    5.0000    1.2000
parameters
    4.5489   19.7991    0.9427   -6.7730   -8.4851   -4.3596
   -1.7373    4.6121    4.2497   15.8733   -3.3621  -20.4785
eta,q 0.97740  8.41197
  0.0251  0.0244  0.0241  0.0254  0.0257  0.0255  0.0250  0.0259  0.0243  0.0246  0.0237  0.0244
  0.0237  0.0234  0.0232  0.0244  0.0243  0.0247  0.0237  0.0241  0.0233  0.0235  0.0231  0.0234
  0.0229  0.0228  0.0227  0.0234  0.0231  0.0238  0.0229  0.0230  0.0228  0.0228  0.0227  0.0227
  0.0226  0.0226  0.0226  0.0226  0.0226  0.0226  0.0226  0.0226  0.0226  0.0226  0.0226  0.0226
  0.0229  0.0227  0.0228  0.0224  0.0228  0.0222  0.0229  0.0230  0.0228  0.0227  0.0228  0.0229
  0.0237  0.0232  0.0234  0.0237  0.0240  0.0238  0.0238  0.0241  0.0233  0.0232  0.0231  0.0236
  0.0252  0.0241  0.0242  0.0263  0.0264  0.0268  0.0250  0.0259  0.0242  0.0244  0.0237  0.0244
registration optimization eta report
parameter search radius
    2.4000    2.4000    2.4000    8.2800    8.2800    7.2000
    7.2000    7.2000    7.2000    7.2000    7.2000    8.2800
100000*second partial in parameter space
       44.       29.       27.        5.        5.        7.
        5.        6.        3.        4.        2.        3.
  0.0251  0.0244  0.0241  0.0254  0.0257  0.0255  0.0250  0.0259  0.0243  0.0246  0.0237  0.0244
  0.0237  0.0234  0.0232  0.0244  0.0243  0.0247  0.0237  0.0241  0.0233  0.0235  0.0231  0.0234
  0.0229  0.0228  0.0227  0.0234  0.0231  0.0238  0.0229  0.0230  0.0228  0.0228  0.0227  0.0227
  0.0226  0.0226  0.0226  0.0226  0.0226  0.0226  0.0226  0.0226  0.0226  0.0226  0.0226  0.0226
  0.0229  0.0227  0.0228  0.0224  0.0228  0.0222  0.0229  0.0230  0.0228  0.0227  0.0228  0.0229
  0.0237  0.0232  0.0234  0.0237  0.0240  0.0238  0.0238  0.0241  0.0233  0.0232  0.0231  0.0236
  0.0252  0.0241  0.0242  0.0263  0.0264  0.0268  0.0250  0.0259  0.0242  0.0244  0.0237  0.0244
    4.5489   19.7991    0.9427   -6.7730   -8.4851   -4.3596
   -1.7373    4.6121    4.2497   15.8733   -3.3621  -20.4785
eta,q 0.97740  8.41197

---------------------------------------------------------------------
imgreg_4dfp /opt/freesurfer/average/711-2C_as_mni_average_305 /opt/freesurfer/average/711-2B_as_mni_average_305_mask talsrcimg_g11 none talsrcimg_to_711-2C_as_mni_average_305_t4 2311
---------------------------------------------------------------------

freesurfer imgreg_4dfp.c
/opt/freesurfer/average/711-2C_as_mni_average_305.4dfp.img
       256       256       256         1
  1.000000  1.000000  1.000000
orientation T byte_order littleendian
Reading image: /opt/freesurfer/average/711-2C_as_mni_average_305.4dfp.img
dimensions:      256       256       256
mmppix:       1.0000   -1.0000   -1.0000
center:     128.0000 -129.0000 -129.0000
/opt/freesurfer/average/711-2B_as_mni_average_305_mask.4dfp.img
       256       256       256         1
  1.000000  1.000000  1.000000
orientation T byte_order littleendian
Reading mask: /opt/freesurfer/average/711-2B_as_mni_average_305_mask.4dfp.img (2306576 pixels)
talsrcimg_g11.4dfp.img
       256       256       256         1
  1.000000  1.000000  1.000000
orientation T byte_order littleendian
Reading image: talsrcimg_g11.4dfp.img
dimensions:      256       256       256
mmppix:       1.0000   -1.0000   -1.0000
center:     128.0000 -129.0000 -129.0000
fimgreg.f
image alignment mode   2311 decimal      907 hex
parameters
    4.5489   19.7991    0.9427   -6.7730   -8.4851   -4.3596
   -1.7373    4.6121    4.2497   15.8733   -3.3621  -20.4785
eta,q 0.97740  8.41197
niter,ni,del,rscale     5    3    5.0000    0.8000
parameters
    4.5552   19.9292    0.8517   -5.5372   -8.4088   -3.5713
   -2.0294    4.8627    4.1096   16.6556   -3.1476  -20.6477
eta,q 0.97790  8.47151
  0.0237  0.0234  0.0232  0.0241  0.0236  0.0245  0.0232  0.0242  0.0229  0.0233  0.0228  0.0228
  0.0231  0.0230  0.0229  0.0235  0.0229  0.0239  0.0226  0.0232  0.0224  0.0227  0.0224  0.0224
  0.0227  0.0227  0.0226  0.0230  0.0225  0.0231  0.0222  0.0224  0.0222  0.0223  0.0222  0.0222
  0.0226  0.0226  0.0226  0.0226  0.0224  0.0224  0.0221  0.0221  0.0221  0.0221  0.0221  0.0221
  0.0227  0.0226  0.0227  0.0224  0.0225  0.0221  0.0223  0.0223  0.0222  0.0221  0.0222  0.0222
  0.0231  0.0228  0.0230  0.0226  0.0229  0.0225  0.0228  0.0229  0.0225  0.0223  0.0224  0.0225
  0.0237  0.0232  0.0234  0.0232  0.0236  0.0239  0.0235  0.0238  0.0229  0.0227  0.0227  0.0229
niter,ni,del,rscale     4    3    5.0000    0.7000
parameters
    4.5389   19.8013    0.8704   -5.5477   -8.4391   -3.3090
   -1.8657    4.8089    4.1065   16.5135   -3.0607  -20.5608
eta,q 0.97796  8.47491
  0.0231  0.0226  0.0228  0.0232  0.0230  0.0241  0.0231  0.0235  0.0226  0.0227  0.0226  0.0227
  0.0225  0.0223  0.0224  0.0228  0.0225  0.0234  0.0225  0.0227  0.0223  0.0223  0.0223  0.0223
  0.0222  0.0221  0.0222  0.0223  0.0222  0.0227  0.0222  0.0222  0.0221  0.0221  0.0221  0.0221
  0.0221  0.0221  0.0221  0.0221  0.0221  0.0221  0.0220  0.0220  0.0220  0.0220  0.0220  0.0220
  0.0222  0.0222  0.0222  0.0222  0.0222  0.0220  0.0221  0.0222  0.0221  0.0221  0.0221  0.0221
  0.0226  0.0224  0.0224  0.0226  0.0225  0.0227  0.0224  0.0228  0.0223  0.0223  0.0223  0.0223
  0.0232  0.0228  0.0228  0.0234  0.0231  0.0240  0.0229  0.0236  0.0226  0.0228  0.0225  0.0226
niter,ni,del,rscale     3    3    5.0000    0.6000
parameters
    4.5171   19.7474    0.9470   -5.4670   -8.3934   -3.0821
   -1.8532    4.7850    4.0934   16.3964   -3.0201  -20.4619
eta,q 0.97800  8.48168
  0.0228  0.0224  0.0226  0.0230  0.0227  0.0237  0.0227  0.0232  0.0224  0.0225  0.0224  0.0225
  0.0224  0.0222  0.0223  0.0226  0.0223  0.0231  0.0223  0.0225  0.0222  0.0222  0.0222  0.0222
  0.0221  0.0221  0.0221  0.0222  0.0221  0.0224  0.0221  0.0221  0.0220  0.0221  0.0220  0.0221
  0.0220  0.0220  0.0220  0.0220  0.0220  0.0220  0.0220  0.0220  0.0220  0.0220  0.0220  0.0220
  0.0221  0.0221  0.0221  0.0221  0.0221  0.0220  0.0221  0.0222  0.0220  0.0220  0.0220  0.0221
  0.0224  0.0223  0.0222  0.0224  0.0223  0.0225  0.0223  0.0225  0.0222  0.0222  0.0222  0.0222
  0.0228  0.0225  0.0225  0.0230  0.0227  0.0236  0.0227  0.0232  0.0224  0.0226  0.0224  0.0224
niter,ni,del,rscale     2    3    5.0000    0.5000
parameters
    4.5133   19.6679    1.0194   -5.3775   -8.3299   -2.8940
   -1.8535    4.7818    4.0670   16.2170   -2.9995  -20.3441
eta,q 0.97803  8.48787
  0.0225  0.0223  0.0224  0.0227  0.0225  0.0233  0.0225  0.0228  0.0223  0.0223  0.0223  0.0223
  0.0222  0.0221  0.0222  0.0224  0.0222  0.0227  0.0222  0.0223  0.0221  0.0221  0.0221  0.0221
  0.0221  0.0220  0.0221  0.0221  0.0220  0.0223  0.0220  0.0221  0.0220  0.0220  0.0220  0.0220
  0.0220  0.0220  0.0220  0.0220  0.0220  0.0220  0.0220  0.0220  0.0220  0.0220  0.0220  0.0220
  0.0221  0.0220  0.0220  0.0220  0.0220  0.0220  0.0220  0.0221  0.0220  0.0220  0.0220  0.0220
  0.0222  0.0222  0.0221  0.0223  0.0222  0.0224  0.0222  0.0224  0.0221  0.0221  0.0221  0.0221
  0.0226  0.0223  0.0223  0.0227  0.0224  0.0231  0.0225  0.0228  0.0223  0.0224  0.0223  0.0223
niter,ni,del,rscale     1    3    5.0000    0.4000
parameters
    4.5162   19.5795    1.0862   -5.2973   -8.2476   -2.7373
   -1.8528    4.7795    4.0300   16.0230   -2.9908  -20.2199
eta,q 0.97805  8.49350
  0.0223  0.0221  0.0223  0.0224  0.0223  0.0229  0.0223  0.0225  0.0221  0.0221  0.0221  0.0222
  0.0221  0.0220  0.0221  0.0222  0.0221  0.0225  0.0221  0.0222  0.0220  0.0220  0.0220  0.0221
  0.0220  0.0220  0.0220  0.0221  0.0220  0.0221  0.0220  0.0220  0.0220  0.0220  0.0220  0.0220
  0.0220  0.0220  0.0220  0.0220  0.0220  0.0220  0.0219  0.0219  0.0220  0.0220  0.0220  0.0220
  0.0220  0.0220  0.0220  0.0220  0.0220  0.0220  0.0220  0.0220  0.0220  0.0220  0.0220  0.0220
  0.0221  0.0221  0.0220  0.0221  0.0221  0.0222  0.0221  0.0222  0.0221  0.0221  0.0220  0.0220
  0.0223  0.0222  0.0222  0.0224  0.0222  0.0227  0.0223  0.0225  0.0221  0.0222  0.0221  0.0221
registration optimization eta report
parameter search radius
    0.8000    0.8000    0.8000    2.4000    2.4000    2.4000
    2.4000    2.4000    2.4000    2.4000    2.4000    2.4000
100000*second partial in parameter space
       55.       29.       38.        8.        5.       14.
        6.        9.        3.        4.        3.        3.
  0.0223  0.0221  0.0223  0.0224  0.0223  0.0229  0.0223  0.0225  0.0221  0.0221  0.0221  0.0222
  0.0221  0.0220  0.0221  0.0222  0.0221  0.0225  0.0221  0.0222  0.0220  0.0220  0.0220  0.0221
  0.0220  0.0220  0.0220  0.0221  0.0220  0.0221  0.0220  0.0220  0.0220  0.0220  0.0220  0.0220
  0.0220  0.0220  0.0220  0.0220  0.0220  0.0220  0.0219  0.0219  0.0220  0.0220  0.0220  0.0220
  0.0220  0.0220  0.0220  0.0220  0.0220  0.0220  0.0220  0.0220  0.0220  0.0220  0.0220  0.0220
  0.0221  0.0221  0.0220  0.0221  0.0221  0.0222  0.0221  0.0222  0.0221  0.0221  0.0220  0.0220
  0.0223  0.0222  0.0222  0.0224  0.0222  0.0227  0.0223  0.0225  0.0221  0.0222  0.0221  0.0221
    4.5162   19.5795    1.0862   -5.2973   -8.2476   -2.7373
   -1.8528    4.7795    4.0300   16.0230   -2.9908  -20.2199
eta,q 0.97805  8.49350

---------------------------------------------------------------------
imgreg_4dfp /opt/freesurfer/average/711-2C_as_mni_average_305 /opt/freesurfer/average/711-2B_as_mni_average_305_mask talsrcimg_g11 none talsrcimg_to_711-2C_as_mni_average_305_t4 2311
---------------------------------------------------------------------

freesurfer imgreg_4dfp.c
/opt/freesurfer/average/711-2C_as_mni_average_305.4dfp.img
       256       256       256         1
  1.000000  1.000000  1.000000
orientation T byte_order littleendian
Reading image: /opt/freesurfer/average/711-2C_as_mni_average_305.4dfp.img
dimensions:      256       256       256
mmppix:       1.0000   -1.0000   -1.0000
center:     128.0000 -129.0000 -129.0000
/opt/freesurfer/average/711-2B_as_mni_average_305_mask.4dfp.img
       256       256       256         1
  1.000000  1.000000  1.000000
orientation T byte_order littleendian
Reading mask: /opt/freesurfer/average/711-2B_as_mni_average_305_mask.4dfp.img (2306576 pixels)
talsrcimg_g11.4dfp.img
       256       256       256         1
  1.000000  1.000000  1.000000
orientation T byte_order littleendian
Reading image: talsrcimg_g11.4dfp.img
dimensions:      256       256       256
mmppix:       1.0000   -1.0000   -1.0000
center:     128.0000 -129.0000 -129.0000
fimgreg.f
image alignment mode   2311 decimal      907 hex
parameters
    4.5162   19.5795    1.0862   -5.2973   -8.2476   -2.7373
   -1.8528    4.7795    4.0300   16.0230   -2.9909  -20.2199
eta,q 0.97805  8.49350
niter,ni,del,rscale     5    3    5.0000    0.8000
parameters
    4.5116   19.4856    1.1434   -5.7388   -8.1767   -3.1410
   -1.7456    4.7554    4.0846   15.5636   -3.0237  -20.0516
eta,q 0.97796  8.47272
  0.0233  0.0227  0.0230  0.0232  0.0233  0.0241  0.0233  0.0240  0.0228  0.0228  0.0227  0.0228
  0.0226  0.0222  0.0224  0.0227  0.0226  0.0233  0.0226  0.0229  0.0224  0.0223  0.0223  0.0224
  0.0221  0.0220  0.0221  0.0222  0.0221  0.0225  0.0222  0.0222  0.0221  0.0221  0.0221  0.0221
  0.0220  0.0220  0.0219  0.0219  0.0220  0.0220  0.0220  0.0220  0.0220  0.0220  0.0220  0.0220
  0.0221  0.0221  0.0220  0.0221  0.0221  0.0223  0.0222  0.0223  0.0221  0.0222  0.0221  0.0221
  0.0226  0.0224  0.0223  0.0229  0.0224  0.0235  0.0226  0.0230  0.0224  0.0225  0.0224  0.0223
  0.0234  0.0228  0.0228  0.0240  0.0233  0.0255  0.0232  0.0240  0.0228  0.0233  0.0227  0.0227
niter,ni,del,rscale     4    3    5.0000    0.7000
parameters
    4.5346   19.5007    1.1264   -5.5772   -8.0386   -3.0845
   -1.8503    4.7968    3.9927   15.6302   -3.0588  -20.0236
eta,q 0.97799  8.48206
  0.0231  0.0226  0.0227  0.0232  0.0230  0.0239  0.0229  0.0236  0.0226  0.0227  0.0225  0.0226
  0.0225  0.0223  0.0223  0.0227  0.0225  0.0232  0.0224  0.0227  0.0223  0.0223  0.0222  0.0223
  0.0222  0.0221  0.0221  0.0223  0.0221  0.0225  0.0221  0.0222  0.0221  0.0221  0.0221  0.0221
  0.0220  0.0220  0.0220  0.0220  0.0220  0.0220  0.0220  0.0220  0.0220  0.0220  0.0220  0.0220
  0.0221  0.0221  0.0221  0.0221  0.0221  0.0221  0.0221  0.0222  0.0221  0.0221  0.0221  0.0221
  0.0225  0.0223  0.0224  0.0225  0.0224  0.0228  0.0225  0.0227  0.0223  0.0223  0.0223  0.0223
  0.0230  0.0226  0.0227  0.0232  0.0229  0.0242  0.0230  0.0235  0.0226  0.0227  0.0225  0.0226
niter,ni,del,rscale     3    3    5.0000    0.6000
parameters
    4.5430   19.4545    1.1242   -5.4582   -7.9841   -2.9204
   -1.8335    4.8248    3.9652   15.6237   -3.0560  -19.9748
eta,q 0.97802  8.48972
  0.0228  0.0224  0.0225  0.0230  0.0227  0.0236  0.0227  0.0232  0.0224  0.0225  0.0224  0.0224
  0.0224  0.0222  0.0222  0.0225  0.0223  0.0230  0.0223  0.0225  0.0222  0.0222  0.0222  0.0222
  0.0221  0.0220  0.0221  0.0222  0.0221  0.0224  0.0220  0.0221  0.0220  0.0220  0.0220  0.0220
  0.0220  0.0220  0.0220  0.0220  0.0220  0.0220  0.0220  0.0220  0.0220  0.0220  0.0220  0.0220
  0.0221  0.0221  0.0221  0.0220  0.0221  0.0220  0.0221  0.0221  0.0220  0.0220  0.0220  0.0220
  0.0223  0.0222  0.0222  0.0223  0.0223  0.0225  0.0223  0.0225  0.0222  0.0222  0.0222  0.0222
  0.0228  0.0225  0.0225  0.0229  0.0227  0.0236  0.0227  0.0231  0.0224  0.0225  0.0224  0.0224
niter,ni,del,rscale     2    3    5.0000    0.5000
parameters
    4.5382   19.3999    1.1594   -5.3722   -7.9409   -2.7526
   -1.8233    4.8281    3.9486   15.5646   -3.0256  -19.8975
eta,q 0.97804  8.49595
  0.0225  0.0222  0.0224  0.0227  0.0224  0.0232  0.0225  0.0228  0.0223  0.0223  0.0223  0.0223
  0.0222  0.0221  0.0222  0.0224  0.0222  0.0227  0.0222  0.0223  0.0221  0.0221  0.0221  0.0221
  0.0220  0.0220  0.0220  0.0221  0.0220  0.0222  0.0220  0.0220  0.0220  0.0220  0.0220  0.0220
  0.0220  0.0220  0.0220  0.0220  0.0220  0.0220  0.0219  0.0220  0.0220  0.0220  0.0220  0.0220
  0.0220  0.0220  0.0220  0.0220  0.0220  0.0220  0.0220  0.0221  0.0220  0.0220  0.0220  0.0220
  0.0222  0.0221  0.0221  0.0222  0.0221  0.0224  0.0222  0.0223  0.0221  0.0221  0.0221  0.0221
  0.0225  0.0223  0.0223  0.0227  0.0224  0.0231  0.0224  0.0228  0.0223  0.0223  0.0222  0.0222
niter,ni,del,rscale     1    3    5.0000    0.4000
parameters
    4.5389   19.3475    1.2003   -5.3010   -7.9070   -2.6214
   -1.8181    4.8252    3.9224   15.4704   -2.9989  -19.8375
eta,q 0.97806  8.50030
  0.0223  0.0221  0.0222  0.0224  0.0222  0.0228  0.0223  0.0225  0.0221  0.0221  0.0221  0.0221
  0.0221  0.0220  0.0221  0.0222  0.0221  0.0224  0.0221  0.0222  0.0220  0.0220  0.0220  0.0220
  0.0220  0.0220  0.0220  0.0220  0.0220  0.0221  0.0220  0.0220  0.0220  0.0220  0.0220  0.0220
  0.0220  0.0220  0.0220  0.0219  0.0219  0.0219  0.0219  0.0219  0.0219  0.0219  0.0219  0.0219
  0.0220  0.0220  0.0220  0.0220  0.0220  0.0220  0.0220  0.0220  0.0220  0.0220  0.0220  0.0220
  0.0221  0.0221  0.0220  0.0221  0.0221  0.0222  0.0221  0.0222  0.0220  0.0220  0.0220  0.0220
  0.0223  0.0222  0.0222  0.0224  0.0222  0.0227  0.0223  0.0225  0.0221  0.0222  0.0221  0.0221
registration optimization eta report
parameter search radius
    0.8000    0.8000    0.8000    2.4000    2.4000    2.4000
    2.4000    2.4000    2.4000    2.4000    2.4000    2.4000
100000*second partial in parameter space
       56.       30.       38.        8.        5.       14.
        6.       10.        3.        4.        3.        3.
  0.0223  0.0221  0.0222  0.0224  0.0222  0.0228  0.0223  0.0225  0.0221  0.0221  0.0221  0.0221
  0.0221  0.0220  0.0221  0.0222  0.0221  0.0224  0.0221  0.0222  0.0220  0.0220  0.0220  0.0220
  0.0220  0.0220  0.0220  0.0220  0.0220  0.0221  0.0220  0.0220  0.0220  0.0220  0.0220  0.0220
  0.0220  0.0220  0.0220  0.0219  0.0219  0.0219  0.0219  0.0219  0.0219  0.0219  0.0219  0.0219
  0.0220  0.0220  0.0220  0.0220  0.0220  0.0220  0.0220  0.0220  0.0220  0.0220  0.0220  0.0220
  0.0221  0.0221  0.0220  0.0221  0.0221  0.0222  0.0221  0.0222  0.0220  0.0220  0.0220  0.0220
  0.0223  0.0222  0.0222  0.0224  0.0222  0.0227  0.0223  0.0225  0.0221  0.0222  0.0221  0.0221
    4.5389   19.3475    1.2003   -5.3010   -7.9070   -2.6214
   -1.8181    4.8252    3.9224   15.4704   -2.9989  -19.8375
eta,q 0.97806  8.50030

---------------------------------------------------------------------
compute_vox2vox talsrcimg talsrcimg_to_711-2C_as_mni_average_305_t4 /opt/freesurfer/average/711-2C_as_mni_average_305
---------------------------------------------------------------------

freesurfer compute_vox2vox.c
Reading: talsrcimg.4dfp.ifh
Reading: talsrcimg_to_711-2C_as_mni_average_305_t4
Reading: /opt/freesurfer/average/711-2C_as_mni_average_305.4dfp.ifh
Writing: talsrcimg_to_711-2C_as_mni_average_305_t4_vox2vox.txt

start time Tue Mar 10 07:55:31 CET 2026
end		time Tue Mar 10 07:56:57 CET 2026

mpr2mni305 success

avi2talxfm orig_nu.mgz /opt/freesurfer/average/mni305.cor.mgz talsrcimg_to_711-2C_as_mni_average_305_t4_vox2vox.txt transforms/talairach.auto.xfm
avi2talxfm done
mv -f /out/sourcedata/freesurfer/sub-v1s9x0051361_ses-1/mri/talsrcimg_to_711-2C_as_mni_average_305_t4_vox2vox.txt /out/sourcedata/freesurfer/sub-v1s9x0051361_ses-1/mri/transforms/talsrcimg_to_711-2C_as_mni_average_305_t4_vox2vox.txt
lta_convert --src orig_nu.mgz --trg /opt/freesurfer/average/mni305.cor.mgz --inxfm transforms/talairach.auto.xfm --outlta transforms/talairach.auto.xfm.lta --subject fsaverage
7.3.2

--src: orig_nu.mgz src image (geometry).
--trg: /opt/freesurfer/average/mni305.cor.mgz trg image (geometry).
--inmni: transforms/talairach.auto.xfm input MNI/XFM transform.
--outlta: transforms/talairach.auto.xfm.lta output LTA.
--s: fsaverage subject name
 LTA read, type : 1
 1.05389  -0.05369   0.00924  -4.03879;
 0.02254   0.99179   0.21408  -6.88393;
-0.04867  -0.16432   1.04950  -45.41190;
 0.00000   0.00000   0.00000   1.00000;
setting subject to fsaverage
Writing  LTA to file transforms/talairach.auto.xfm.lta...
lta_convert successful.
 
 
Started at Tue Mar 10 07:55:30 CET 2026
Ended   at Tue Mar 10 07:56:58 CET 2026
talairach_avi done
