status file for recon-all
Tue Mar 10 09:23:50 CET 2026
#@# Tessellate lh Tue Mar 10 09:23:50 CET 2026
#@# Smooth1 lh Tue Mar 10 09:23:54 CET 2026
#@# Inflation1 lh Tue Mar 10 09:23:57 CET 2026
#@# QSphere lh Tue Mar 10 09:24:08 CET 2026
#@# Fix Topology lh Tue Mar 10 09:25:02 CET 2026
#@# Smooth2 lh Tue Mar 10 09:30:56 CET 2026
#@# Inflation2 lh Tue Mar 10 09:30:59 CET 2026
#@# Curv .H and .K lh Tue Mar 10 09:31:10 CET 2026
#@# Sphere lh Tue Mar 10 09:31:58 CET 2026
#@# Surf Reg lh Tue Mar 10 09:33:55 CET 2026
#@# Jacobian white lh Tue Mar 10 09:37:19 CET 2026
#@# AvgCurv lh Tue Mar 10 09:37:20 CET 2026
#@# Cortical Parc lh Tue Mar 10 09:37:21 CET 2026
#@# white curv lh Tue Mar 10 09:42:53 CET 2026
#@# white area lh Tue Mar 10 09:42:55 CET 2026
#@# pial curv lh Tue Mar 10 09:42:55 CET 2026
#@# pial area lh Tue Mar 10 09:42:57 CET 2026
#@# thickness lh Tue Mar 10 09:42:58 CET 2026
#@# area and vertex vol lh Tue Mar 10 09:43:28 CET 2026
#@# Curvature Stats lh Tue Mar 10 09:43:29 CET 2026
#@# Cortical Parc 2 lh Tue Mar 10 09:43:32 CET 2026
#@# Cortical Parc 3 lh Tue Mar 10 09:43:46 CET 2026
#@# WM/GM Contrast lh Tue Mar 10 09:43:56 CET 2026
recon-all -s sub-v1s9x0051360_ses-1 finished without error at Tue Mar 10 09:43:59 CET 2026



#New# invocation of recon-all 



status file for recon-all
Tue Mar 10 10:13:23 CET 2026
#@# white curv lh Tue Mar 10 10:13:23 CET 2026
#@# white area lh Tue Mar 10 10:13:23 CET 2026
#@# pial curv lh Tue Mar 10 10:13:23 CET 2026
#@# pial area lh Tue Mar 10 10:13:23 CET 2026
#@# thickness lh Tue Mar 10 10:13:23 CET 2026
#@# area and vertex vol lh Tue Mar 10 10:13:23 CET 2026
#@# Parcellation Stats lh Tue Mar 10 10:13:23 CET 2026
#@# Parcellation Stats 2 lh Tue Mar 10 10:13:42 CET 2026
#@# Parcellation Stats 3 lh Tue Mar 10 10:13:52 CET 2026
#@# BA_exvivo Labels lh Tue Mar 10 10:14:01 CET 2026
recon-all -s sub-v1s9x0051360_ses-1 finished without error at Tue Mar 10 10:16:35 CET 2026
