status file for recon-all
Tue Mar 10 07:43:21 CET 2026
#@# MotionCor Tue Mar 10 07:43:23 CET 2026
#@# Talairach Tue Mar 10 07:43:30 CET 2026
#@# Talairach Failure Detection Tue Mar 10 07:47:53 CET 2026
#@# Nu Intensity Correction Tue Mar 10 07:47:53 CET 2026
#@# Intensity Normalization Tue Mar 10 07:51:08 CET 2026
recon-all -s sub-v1s9x0051360_ses-1 finished without error at Tue Mar 10 07:52:39 CET 2026



#New# invocation of recon-all 



status file for recon-all
Tue Mar 10 07:59:48 CET 2026
#@# EM Registration Tue Mar 10 07:59:48 CET 2026
recon-all -s sub-v1s9x0051360_ses-1 finished without error at Tue Mar 10 08:01:22 CET 2026



#New# invocation of recon-all 



status file for recon-all
Tue Mar 10 08:01:26 CET 2026
#@# CA Normalize Tue Mar 10 08:01:26 CET 2026
#@# CA Reg Tue Mar 10 08:02:48 CET 2026
#@# SubCort Seg Tue Mar 10 08:45:27 CET 2026
#@# CC Seg Tue Mar 10 09:17:42 CET 2026
#@# Merge ASeg Tue Mar 10 09:18:17 CET 2026
#@# Intensity Normalization2 Tue Mar 10 09:18:17 CET 2026
#@# Mask BFS Tue Mar 10 09:20:34 CET 2026
#@# WM Segmentation Tue Mar 10 09:20:35 CET 2026
#@# Fill Tue Mar 10 09:22:46 CET 2026
recon-all -s sub-v1s9x0051360_ses-1 finished without error at Tue Mar 10 09:23:46 CET 2026



#New# invocation of recon-all 



status file for recon-all
Tue Mar 10 10:06:34 CET 2026
#@# white curv lh Tue Mar 10 10:06:34 CET 2026
#@# white area lh Tue Mar 10 10:06:34 CET 2026
#@# pial curv lh Tue Mar 10 10:06:34 CET 2026
#@# pial area lh Tue Mar 10 10:06:34 CET 2026
#@# thickness lh Tue Mar 10 10:06:34 CET 2026
#@# area and vertex vol lh Tue Mar 10 10:06:34 CET 2026
#@# white curv rh Tue Mar 10 10:06:34 CET 2026
#@# white area rh Tue Mar 10 10:06:34 CET 2026
#@# pial curv rh Tue Mar 10 10:06:34 CET 2026
#@# pial area rh Tue Mar 10 10:06:34 CET 2026
#@# thickness rh Tue Mar 10 10:06:34 CET 2026
#@# area and vertex vol rh Tue Mar 10 10:06:34 CET 2026
#@# Cortical ribbon mask Tue Mar 10 10:06:34 CET 2026
recon-all -s sub-v1s9x0051360_ses-1 finished without error at Tue Mar 10 10:13:18 CET 2026



#New# invocation of recon-all 



status file for recon-all
Tue Mar 10 10:19:51 CET 2026
#@# white curv lh Tue Mar 10 10:19:51 CET 2026
#@# white area lh Tue Mar 10 10:19:51 CET 2026
#@# pial curv lh Tue Mar 10 10:19:51 CET 2026
#@# pial area lh Tue Mar 10 10:19:51 CET 2026
#@# thickness lh Tue Mar 10 10:19:51 CET 2026
#@# area and vertex vol lh Tue Mar 10 10:19:51 CET 2026
#@# white curv rh Tue Mar 10 10:19:51 CET 2026
#@# white area rh Tue Mar 10 10:19:51 CET 2026
#@# pial curv rh Tue Mar 10 10:19:51 CET 2026
#@# pial area rh Tue Mar 10 10:19:51 CET 2026
#@# thickness rh Tue Mar 10 10:19:51 CET 2026
#@# area and vertex vol rh Tue Mar 10 10:19:51 CET 2026
#@# Curvature Stats lh Tue Mar 10 10:19:51 CET 2026
#@# Curvature Stats rh Tue Mar 10 10:19:53 CET 2026
#@# Relabel Hypointensities Tue Mar 10 10:19:56 CET 2026
#@# APas-to-ASeg Tue Mar 10 10:20:11 CET 2026
#@# AParc-to-ASeg aparc Tue Mar 10 10:20:18 CET 2026
#@# AParc-to-ASeg aparc.a2009s Tue Mar 10 10:21:00 CET 2026
#@# AParc-to-ASeg aparc.DKTatlas Tue Mar 10 10:21:42 CET 2026
#@# WMParc Tue Mar 10 10:22:23 CET 2026
#@# ASeg Stats Tue Mar 10 10:25:55 CET 2026
recon-all -s sub-v1s9x0051360_ses-1 finished without error at Tue Mar 10 10:26:26 CET 2026
