status file for recon-all
Tue Mar 10 09:44:00 CET 2026
#@# Tessellate rh Tue Mar 10 09:44:00 CET 2026
#@# Smooth1 rh Tue Mar 10 09:44:04 CET 2026
#@# Inflation1 rh Tue Mar 10 09:44:07 CET 2026
#@# QSphere rh Tue Mar 10 09:44:17 CET 2026
#@# Fix Topology rh Tue Mar 10 09:45:14 CET 2026
#@# Smooth2 rh Tue Mar 10 09:50:53 CET 2026
#@# Inflation2 rh Tue Mar 10 09:50:56 CET 2026
#@# Curv .H and .K rh Tue Mar 10 09:51:08 CET 2026
#@# Sphere rh Tue Mar 10 09:51:55 CET 2026
#@# Surf Reg rh Tue Mar 10 09:54:13 CET 2026
#@# Jacobian white rh Tue Mar 10 09:59:39 CET 2026
#@# AvgCurv rh Tue Mar 10 09:59:40 CET 2026
#@# Cortical Parc rh Tue Mar 10 09:59:40 CET 2026
#@# white curv rh Tue Mar 10 10:05:22 CET 2026
#@# white area rh Tue Mar 10 10:05:24 CET 2026
#@# pial curv rh Tue Mar 10 10:05:25 CET 2026
#@# pial area rh Tue Mar 10 10:05:27 CET 2026
#@# thickness rh Tue Mar 10 10:05:28 CET 2026
#@# area and vertex vol rh Tue Mar 10 10:05:58 CET 2026
#@# Curvature Stats rh Tue Mar 10 10:06:00 CET 2026
#@# Cortical Parc 2 rh Tue Mar 10 10:06:02 CET 2026
#@# Cortical Parc 3 rh Tue Mar 10 10:06:15 CET 2026
#@# WM/GM Contrast rh Tue Mar 10 10:06:25 CET 2026
recon-all -s sub-v1s9x0051360_ses-1 finished without error at Tue Mar 10 10:06:28 CET 2026



#New# invocation of recon-all 



status file for recon-all
Tue Mar 10 10:16:37 CET 2026
#@# white curv rh Tue Mar 10 10:16:37 CET 2026
#@# white area rh Tue Mar 10 10:16:37 CET 2026
#@# pial curv rh Tue Mar 10 10:16:37 CET 2026
#@# pial area rh Tue Mar 10 10:16:37 CET 2026
#@# thickness rh Tue Mar 10 10:16:37 CET 2026
#@# area and vertex vol rh Tue Mar 10 10:16:37 CET 2026
#@# Parcellation Stats rh Tue Mar 10 10:16:37 CET 2026
#@# Parcellation Stats 2 rh Tue Mar 10 10:16:56 CET 2026
#@# Parcellation Stats 3 rh Tue Mar 10 10:17:06 CET 2026
#@# BA_exvivo Labels rh Tue Mar 10 10:17:16 CET 2026
recon-all -s sub-v1s9x0051360_ses-1 finished without error at Tue Mar 10 10:19:46 CET 2026
