status file for recon-all
Tue Mar 10 09:19:57 CET 2026
#@# Tessellate lh Tue Mar 10 09:19:57 CET 2026
#@# Smooth1 lh Tue Mar 10 09:20:01 CET 2026
#@# Inflation1 lh Tue Mar 10 09:20:05 CET 2026
#@# QSphere lh Tue Mar 10 09:20:20 CET 2026
#@# Fix Topology lh Tue Mar 10 09:21:45 CET 2026
#@# Smooth2 lh Tue Mar 10 09:28:19 CET 2026
#@# Inflation2 lh Tue Mar 10 09:28:23 CET 2026
#@# Curv .H and .K lh Tue Mar 10 09:28:38 CET 2026
#@# Sphere lh Tue Mar 10 09:29:30 CET 2026
#@# Surf Reg lh Tue Mar 10 09:32:08 CET 2026
#@# Jacobian white lh Tue Mar 10 09:36:20 CET 2026
#@# AvgCurv lh Tue Mar 10 09:36:21 CET 2026
#@# Cortical Parc lh Tue Mar 10 09:36:22 CET 2026
#@# white curv lh Tue Mar 10 09:43:17 CET 2026
#@# white area lh Tue Mar 10 09:43:19 CET 2026
#@# pial curv lh Tue Mar 10 09:43:20 CET 2026
#@# pial area lh Tue Mar 10 09:43:23 CET 2026
#@# thickness lh Tue Mar 10 09:43:24 CET 2026
#@# area and vertex vol lh Tue Mar 10 09:43:59 CET 2026
#@# Curvature Stats lh Tue Mar 10 09:44:01 CET 2026
#@# Cortical Parc 2 lh Tue Mar 10 09:44:04 CET 2026
#@# Cortical Parc 3 lh Tue Mar 10 09:44:19 CET 2026
#@# WM/GM Contrast lh Tue Mar 10 09:44:30 CET 2026
recon-all -s sub-v1s9x0051359_ses-1 finished without error at Tue Mar 10 09:44:34 CET 2026



#New# invocation of recon-all 



status file for recon-all
Tue Mar 10 10:18:08 CET 2026
#@# white curv lh Tue Mar 10 10:18:08 CET 2026
#@# white area lh Tue Mar 10 10:18:08 CET 2026
#@# pial curv lh Tue Mar 10 10:18:08 CET 2026
#@# pial area lh Tue Mar 10 10:18:08 CET 2026
#@# thickness lh Tue Mar 10 10:18:08 CET 2026
#@# area and vertex vol lh Tue Mar 10 10:18:08 CET 2026
#@# Parcellation Stats lh Tue Mar 10 10:18:08 CET 2026
#@# Parcellation Stats 2 lh Tue Mar 10 10:18:29 CET 2026
#@# Parcellation Stats 3 lh Tue Mar 10 10:18:40 CET 2026
#@# BA_exvivo Labels lh Tue Mar 10 10:18:51 CET 2026
recon-all -s sub-v1s9x0051359_ses-1 finished without error at Tue Mar 10 10:21:53 CET 2026
