status file for recon-all
Tue Mar 10 07:35:08 CET 2026
#@# MotionCor Tue Mar 10 07:35:09 CET 2026
#@# Talairach Tue Mar 10 07:35:17 CET 2026
#@# Talairach Failure Detection Tue Mar 10 07:39:45 CET 2026
#@# Nu Intensity Correction Tue Mar 10 07:39:45 CET 2026
#@# Intensity Normalization Tue Mar 10 07:43:02 CET 2026
recon-all -s sub-v1s9x0051359_ses-1 finished without error at Tue Mar 10 07:44:31 CET 2026



#New# invocation of recon-all 



status file for recon-all
Tue Mar 10 07:51:29 CET 2026
#@# EM Registration Tue Mar 10 07:51:29 CET 2026
recon-all -s sub-v1s9x0051359_ses-1 finished without error at Tue Mar 10 07:53:42 CET 2026



#New# invocation of recon-all 



status file for recon-all
Tue Mar 10 07:53:45 CET 2026
#@# CA Normalize Tue Mar 10 07:53:45 CET 2026
#@# CA Reg Tue Mar 10 07:55:08 CET 2026
#@# SubCort Seg Tue Mar 10 08:40:42 CET 2026
#@# CC Seg Tue Mar 10 09:13:34 CET 2026
#@# Merge ASeg Tue Mar 10 09:14:25 CET 2026
#@# Intensity Normalization2 Tue Mar 10 09:14:25 CET 2026
#@# Mask BFS Tue Mar 10 09:16:44 CET 2026
#@# WM Segmentation Tue Mar 10 09:16:44 CET 2026
#@# Fill Tue Mar 10 09:18:50 CET 2026
recon-all -s sub-v1s9x0051359_ses-1 finished without error at Tue Mar 10 09:19:52 CET 2026



#New# invocation of recon-all 



status file for recon-all
Tue Mar 10 10:11:47 CET 2026
#@# white curv lh Tue Mar 10 10:11:47 CET 2026
#@# white area lh Tue Mar 10 10:11:47 CET 2026
#@# pial curv lh Tue Mar 10 10:11:47 CET 2026
#@# pial area lh Tue Mar 10 10:11:48 CET 2026
#@# thickness lh Tue Mar 10 10:11:48 CET 2026
#@# area and vertex vol lh Tue Mar 10 10:11:48 CET 2026
#@# white curv rh Tue Mar 10 10:11:48 CET 2026
#@# white area rh Tue Mar 10 10:11:48 CET 2026
#@# pial curv rh Tue Mar 10 10:11:48 CET 2026
#@# pial area rh Tue Mar 10 10:11:48 CET 2026
#@# thickness rh Tue Mar 10 10:11:48 CET 2026
#@# area and vertex vol rh Tue Mar 10 10:11:48 CET 2026
#@# Cortical ribbon mask Tue Mar 10 10:11:48 CET 2026
recon-all -s sub-v1s9x0051359_ses-1 finished without error at Tue Mar 10 10:18:03 CET 2026



#New# invocation of recon-all 



status file for recon-all
Tue Mar 10 10:25:48 CET 2026
#@# white curv lh Tue Mar 10 10:25:48 CET 2026
#@# white area lh Tue Mar 10 10:25:48 CET 2026
#@# pial curv lh Tue Mar 10 10:25:48 CET 2026
#@# pial area lh Tue Mar 10 10:25:48 CET 2026
#@# thickness lh Tue Mar 10 10:25:48 CET 2026
#@# area and vertex vol lh Tue Mar 10 10:25:48 CET 2026
#@# white curv rh Tue Mar 10 10:25:48 CET 2026
#@# white area rh Tue Mar 10 10:25:48 CET 2026
#@# pial curv rh Tue Mar 10 10:25:48 CET 2026
#@# pial area rh Tue Mar 10 10:25:48 CET 2026
#@# thickness rh Tue Mar 10 10:25:48 CET 2026
#@# area and vertex vol rh Tue Mar 10 10:25:48 CET 2026
#@# Curvature Stats lh Tue Mar 10 10:25:48 CET 2026
#@# Curvature Stats rh Tue Mar 10 10:25:51 CET 2026
#@# Relabel Hypointensities Tue Mar 10 10:25:54 CET 2026
#@# APas-to-ASeg Tue Mar 10 10:26:10 CET 2026
#@# AParc-to-ASeg aparc Tue Mar 10 10:26:19 CET 2026
#@# AParc-to-ASeg aparc.a2009s Tue Mar 10 10:27:04 CET 2026
#@# AParc-to-ASeg aparc.DKTatlas Tue Mar 10 10:28:01 CET 2026
#@# WMParc Tue Mar 10 10:28:44 CET 2026
#@# ASeg Stats Tue Mar 10 10:32:38 CET 2026
recon-all -s sub-v1s9x0051359_ses-1 finished without error at Tue Mar 10 10:33:19 CET 2026
