status file for recon-all
Tue Mar 10 09:44:37 CET 2026
#@# Tessellate rh Tue Mar 10 09:44:37 CET 2026
#@# Smooth1 rh Tue Mar 10 09:44:41 CET 2026
#@# Inflation1 rh Tue Mar 10 09:44:44 CET 2026
#@# QSphere rh Tue Mar 10 09:44:59 CET 2026
#@# Fix Topology rh Tue Mar 10 09:46:16 CET 2026
#@# Smooth2 rh Tue Mar 10 09:53:15 CET 2026
#@# Inflation2 rh Tue Mar 10 09:53:19 CET 2026
#@# Curv .H and .K rh Tue Mar 10 09:53:36 CET 2026
#@# Sphere rh Tue Mar 10 09:54:27 CET 2026
#@# Surf Reg rh Tue Mar 10 09:58:35 CET 2026
#@# Jacobian white rh Tue Mar 10 10:03:33 CET 2026
#@# AvgCurv rh Tue Mar 10 10:03:33 CET 2026
#@# Cortical Parc rh Tue Mar 10 10:03:34 CET 2026
#@# white curv rh Tue Mar 10 10:10:28 CET 2026
#@# white area rh Tue Mar 10 10:10:30 CET 2026
#@# pial curv rh Tue Mar 10 10:10:30 CET 2026
#@# pial area rh Tue Mar 10 10:10:32 CET 2026
#@# thickness rh Tue Mar 10 10:10:33 CET 2026
#@# area and vertex vol rh Tue Mar 10 10:11:09 CET 2026
#@# Curvature Stats rh Tue Mar 10 10:11:11 CET 2026
#@# Cortical Parc 2 rh Tue Mar 10 10:11:14 CET 2026
#@# Cortical Parc 3 rh Tue Mar 10 10:11:28 CET 2026
#@# WM/GM Contrast rh Tue Mar 10 10:11:39 CET 2026
recon-all -s sub-v1s9x0051359_ses-1 finished without error at Tue Mar 10 10:11:43 CET 2026



#New# invocation of recon-all 



status file for recon-all
Tue Mar 10 10:21:57 CET 2026
#@# white curv rh Tue Mar 10 10:21:57 CET 2026
#@# white area rh Tue Mar 10 10:21:57 CET 2026
#@# pial curv rh Tue Mar 10 10:21:57 CET 2026
#@# pial area rh Tue Mar 10 10:21:57 CET 2026
#@# thickness rh Tue Mar 10 10:21:57 CET 2026
#@# area and vertex vol rh Tue Mar 10 10:21:57 CET 2026
#@# Parcellation Stats rh Tue Mar 10 10:21:57 CET 2026
#@# Parcellation Stats 2 rh Tue Mar 10 10:22:19 CET 2026
#@# Parcellation Stats 3 rh Tue Mar 10 10:22:30 CET 2026
#@# BA_exvivo Labels rh Tue Mar 10 10:22:40 CET 2026
recon-all -s sub-v1s9x0051359_ses-1 finished without error at Tue Mar 10 10:25:43 CET 2026
