/out/sourcedata/freesurfer/sub-v1s9x0051360_ses-1/mri
/opt/freesurfer/bin/talairach_avi
--i orig_nu.mgz --xfm transforms/talairach.auto.xfm
talairach_avi 7.3.2
Linux dna059 5.14.0-427.37.1.el9_4.x86_64 #1 SMP PREEMPT_DYNAMIC Fri Sep 13 12:41:50 EDT 2024 x86_64 x86_64 x86_64 GNU/Linux
Tue Mar 10 07:46:25 CET 2026
mri_convert orig_nu.mgz talsrcimg.img 
reading from orig_nu.mgz...
TR=0.00, TE=0.00, TI=0.00, flip angle=0.00
i_ras = (-1, 0, 0)
j_ras = (0, 0, -1)
k_ras = (0, 1, 0)
writing to talsrcimg.img...
Analyze Output Matrix
-1.00000   0.00000   0.00000   137.04187;
 0.00000   0.00000   1.00000  -133.37517;
 0.00000  -1.00000   0.00000   147.89346;
 0.00000   0.00000   0.00000   1.00000;
--------------------
INFO: set hdr.hist.orient to -1
mpr2mni305 talsrcimg
Tue Mar 10 07:46:26 CET 2026
/opt/freesurfer/bin/mpr2mni305 talsrcimg
mpr2mni305 7.3.2
target=711-2C_as_mni_average_305

---------------------------------------------------------------------
analyzeto4dfp talsrcimg -O0 -y
---------------------------------------------------------------------

freesurfer ifh2hdr.c
Tue Mar 10 07:46:26 2026
Writing: talsrcimg.4dfp.hdr
freesurfer analyzeto4dfp.c
Reading: talsrcimg.hdr
header size 348 bytes
hdr.dime.datatype	offset=70	value=2
hdr.dime.bitpix		offset=72	value=8
hdr.hist.orient		offset=252	value=-1
dimensionality     4
dimensions       256       256       256         1
Reading: talsrcimg.img
Writing: talsrcimg.4dfp.img
Writing: talsrcimg.4dfp.ifh
ifh2hdr talsrcimg -r0to228
ori=2

---------------------------------------------------------------------
gauss_4dfp talsrcimg 1.1
---------------------------------------------------------------------

freesurfer gauss_4dfp.c
Reading: talsrcimg.4dfp.img
Writing: talsrcimg_g11.4dfp.img
image dimensions 256 256 256 padded to 288 288 288
processing volume 1freesurfer ifh2hdr.c
Tue Mar 10 07:46:28 2026
Writing: talsrcimg_g11.4dfp.hdr

Writing: talsrcimg_g11.4dfp.ifh
including: talsrcimg.4dfp.img.rec in talsrcimg_g11.4dfp.img.rec

---------------------------------------------------------------------
imgreg_4dfp /opt/freesurfer/average/711-2C_as_mni_average_305 none talsrcimg_g11 none talsrcimg_to_711-2C_as_mni_average_305_t4 4355
---------------------------------------------------------------------

freesurfer imgreg_4dfp.c
/opt/freesurfer/average/711-2C_as_mni_average_305.4dfp.img
       256       256       256         1
  1.000000  1.000000  1.000000
orientation T byte_order littleendian
Reading image: /opt/freesurfer/average/711-2C_as_mni_average_305.4dfp.img
dimensions:      256       256       256
mmppix:       1.0000   -1.0000   -1.0000
center:     128.0000 -129.0000 -129.0000
talsrcimg_g11.4dfp.img
       256       256       256         1
  1.000000  1.000000  1.000000
orientation T byte_order littleendian
Reading image: talsrcimg_g11.4dfp.img
dimensions:      256       256       256
mmppix:       1.0000   -1.0000   -1.0000
center:     128.0000 -129.0000 -129.0000
t4_read: open error in t4_sub.f l:  41 t4_file(1:l)talsrcimg_to_711-2C_as_mni_average_305_t4 
t4_read: transform initialized to I4
rotation matrix determinant  1.000000
image alignment mode   4355 decimal     1103 hex
   -7.5000  -45.0000  -45.0000 5501.5049   15.4747
    0.0000  -45.0000  -45.0000 5704.7368   15.5255
    7.5000  -45.0000  -45.0000 5443.3008   15.5219
   -7.5000  -37.5000  -45.0000 6068.9214   14.9025
    0.0000  -37.5000  -45.0000 6294.8672   14.9506
    7.5000  -37.5000  -45.0000 6006.1709   14.9524
   -7.5000  -30.0000  -45.0000 6900.5591   14.5204
    0.0000  -30.0000  -45.0000 7156.6011   14.5663
    7.5000  -30.0000  -45.0000 6848.6562   14.5690
   -7.5000  -22.5000  -45.0000 7817.6201   14.2547
    0.0000  -22.5000  -45.0000 8100.2637   14.2973
    7.5000  -22.5000  -45.0000 7741.7354   14.2961
   -7.5000  -15.0000  -45.0000 8808.7070   14.0645
    0.0000  -15.0000  -45.0000 9119.6924   14.1046
    7.5000  -15.0000  -45.0000 8685.7900   14.0980
   -7.5000   -7.5000  -45.0000 9822.7168   13.9742
    0.0000   -7.5000  -45.000010167.3730   14.0157
    7.5000   -7.5000  -45.0000 9676.9512   14.0080
   -7.5000    0.0000  -45.000010876.4346   13.9578
    0.0000    0.0000  -45.000011257.9268   14.0021
    7.5000    0.0000  -45.000010702.7656   13.9982
   -7.5000    7.5000  -45.000010995.6865   13.9567
    0.0000    7.5000  -45.000011358.0801   14.0016
    7.5000    7.5000  -45.000010805.1504   14.0020
   -7.5000   15.0000  -45.000010947.2383   13.9667
    0.0000   15.0000  -45.000011302.0547   14.0104
    7.5000   15.0000  -45.000010737.3330   14.0120
   -7.5000   22.5000  -45.000010764.8643   13.9747
    0.0000   22.5000  -45.000011130.7734   14.0165
    7.5000   22.5000  -45.000010564.4844   14.0146
   -7.5000   30.0000  -45.000010536.2275   13.7926
    0.0000   30.0000  -45.000010890.2480   13.8322
    7.5000   30.0000  -45.000010347.9834   13.8255
   -7.5000   37.5000  -45.000010649.2178   13.7834
    0.0000   37.5000  -45.000011023.0645   13.8243
    7.5000   37.5000  -45.000010484.8682   13.8167
   -7.5000   45.0000  -45.000010450.0371   13.4221
    0.0000   45.0000  -45.000010812.2246   13.4647
    7.5000   45.0000  -45.000010274.5635   13.4610
   -7.5000  -45.0000  -37.5000 5853.9395   15.3531
    0.0000  -45.0000  -37.5000 6071.2793   15.4052
    7.5000  -45.0000  -37.5000 5784.0503   15.3975
   -7.5000  -37.5000  -37.5000 6473.5596   14.7934
    0.0000  -37.5000  -37.5000 6710.2231   14.8461
    7.5000  -37.5000  -37.5000 6391.5464   14.8453
   -7.5000  -30.0000  -37.5000 7365.6445   14.4150
    0.0000  -30.0000  -37.5000 7630.7949   14.4671
    7.5000  -30.0000  -37.5000 7284.4180   14.4714
   -7.5000  -22.5000  -37.5000 8345.0645   14.1479
    0.0000  -22.5000  -37.5000 8641.1309   14.1944
    7.5000  -22.5000  -37.5000 8237.7100   14.1963
   -7.5000  -15.0000  -37.5000 9402.4463   13.9545
    0.0000  -15.0000  -37.5000 9739.0693   13.9955
    7.5000  -15.0000  -37.5000 9258.6621   13.9905
   -7.5000   -7.5000  -37.500010498.4863   13.8649
    0.0000   -7.5000  -37.500010872.9121   13.9063
    7.5000   -7.5000  -37.500010322.7510   13.8966
   -7.5000    0.0000  -37.500011590.0127   13.8526
    0.0000    0.0000  -37.500012008.7676   13.8980
    7.5000    0.0000  -37.500011391.1973   13.8900
   -7.5000    7.5000  -37.500011709.7227   13.8548
    0.0000    7.5000  -37.500012114.4219   13.9036
    7.5000    7.5000  -37.500011498.9238   13.9019
   -7.5000   15.0000  -37.500011660.5605   13.8651
    0.0000   15.0000  -37.500012066.7207   13.9145
    7.5000   15.0000  -37.500011429.4219   13.9174
   -7.5000   22.5000  -37.500011473.1816   13.8695
    0.0000   22.5000  -37.500011895.3389   13.9150
    7.5000   22.5000  -37.500011253.0547   13.9160
   -7.5000   30.0000  -37.500011200.1914   13.6845
    0.0000   30.0000  -37.500011618.3447   13.7250
    7.5000   30.0000  -37.500010993.6436   13.7198
   -7.5000   37.5000  -37.500011298.7920   13.6756
    0.0000   37.5000  -37.500011720.5723   13.7164
    7.5000   37.5000  -37.500011086.9209   13.7069
   -7.5000   45.0000  -37.500011076.9648   13.3209
    0.0000   45.0000  -37.500011477.8633   13.3646
    7.5000   45.0000  -37.500010853.8457   13.3569
   -7.5000  -45.0000  -30.0000 6335.3501   15.9583
    0.0000  -45.0000  -30.0000 6561.0815   16.0112
    7.5000  -45.0000  -30.0000 6245.0625   15.9997
   -7.5000  -37.5000  -30.0000 7004.5400   15.3825
    0.0000  -37.5000  -30.0000 7241.9810   15.4368
    7.5000  -37.5000  -30.0000 6902.9932   15.4323
   -7.5000  -30.0000  -30.0000 7973.4434   14.9895
    0.0000  -30.0000  -30.0000 8238.4824   15.0441
    7.5000  -30.0000  -30.0000 7854.5034   15.0471
   -7.5000  -22.5000  -30.0000 9027.4883   14.7072
    0.0000  -22.5000  -30.0000 9333.1074   14.7563
    7.5000  -22.5000  -30.0000 8901.5322   14.7584
   -7.5000  -15.0000  -30.000010175.5449   14.4995
    0.0000  -15.0000  -30.000010525.1475   14.5428
    7.5000  -15.0000  -30.000010020.4443   14.5378
   -7.5000   -7.5000  -30.000011361.0762   14.4051
    0.0000   -7.5000  -30.000011745.0596   14.4480
    7.5000   -7.5000  -30.000011148.8486   14.4363
   -7.5000    0.0000  -30.000012514.8164   14.3967
    0.0000    0.0000  -30.000012964.5889   14.4431
    7.5000    0.0000  -30.000012299.2119   14.4310
   -7.5000    7.5000  -30.000012630.8701   14.4041
    0.0000    7.5000  -30.000013081.1436   14.4543
    7.5000    7.5000  -30.000012399.4609   14.4492
   -7.5000   15.0000  -30.000012575.2109   14.4165
    0.0000   15.0000  -30.000013027.3369   14.4681
    7.5000   15.0000  -30.000012312.5352   14.4697
   -7.5000   22.5000  -30.000012399.1670   14.4157
    0.0000   22.5000  -30.000012884.0430   14.4638
    7.5000   22.5000  -30.000012137.2715   14.4650
   -7.5000   30.0000  -30.000012091.2773   14.2205
    0.0000   30.0000  -30.000012565.0605   14.2631
    7.5000   30.0000  -30.000011816.9336   14.2580
   -7.5000   37.5000  -30.000012180.1475   14.2099
    0.0000   37.5000  -30.000012651.0039   14.2522
    7.5000   37.5000  -30.000011909.6201   14.2406
   -7.5000   45.0000  -30.000011906.9307   13.8543
    0.0000   45.0000  -30.000012357.2842   13.8989
    7.5000   45.0000  -30.000011632.2139   13.8873
   -7.5000  -45.0000  -22.5000 6789.5698   16.5186
    0.0000  -45.0000  -22.5000 7017.7842   16.5705
    7.5000  -45.0000  -22.5000 6667.8779   16.5592
   -7.5000  -37.5000  -22.5000 7510.3911   15.9214
    0.0000  -37.5000  -22.5000 7756.5552   15.9722
    7.5000  -37.5000  -22.5000 7384.4658   15.9664
   -7.5000  -30.0000  -22.5000 8565.6494   15.5150
    0.0000  -30.0000  -22.5000 8869.4844   15.5649
    7.5000  -30.0000  -22.5000 8455.9561   15.5644
   -7.5000  -22.5000  -22.5000 9724.0137   15.2226
    0.0000  -22.5000  -22.500010081.0273   15.2690
    7.5000  -22.5000  -22.5000 9599.0361   15.2673
   -7.5000  -15.0000  -22.500010946.6211   15.0064
    0.0000  -15.0000  -22.500011347.1494   15.0499
    7.5000  -15.0000  -22.500010770.8076   15.0429
   -7.5000   -7.5000  -22.500012210.8086   14.9081
    0.0000   -7.5000  -22.500012658.9229   14.9519
    7.5000   -7.5000  -22.500011972.2314   14.9401
   -7.5000    0.0000  -22.500013428.3613   14.8996
    0.0000    0.0000  -22.500013932.7705   14.9455
    7.5000    0.0000  -22.500013195.9854   14.9335
   -7.5000    7.5000  -22.500013512.6416   14.9082
    0.0000    7.5000  -22.500014041.1621   14.9552
    7.5000    7.5000  -22.500013303.4551   14.9485
   -7.5000   15.0000  -22.500013445.5967   14.9215
    0.0000   15.0000  -22.500013992.2080   14.9688
    7.5000   15.0000  -22.500013191.3760   14.9669
   -7.5000   22.5000  -22.500013281.5693   14.9199
    0.0000   22.5000  -22.500013835.5020   14.9654
    7.5000   22.5000  -22.500012975.2305   14.9629
   -7.5000   30.0000  -22.500012963.3574   14.7203
    0.0000   30.0000  -22.500013502.9004   14.7631
    7.5000   30.0000  -22.500012631.1621   14.7560
   -7.5000   37.5000  -22.500013076.5908   14.7083
    0.0000   37.5000  -22.500013602.2988   14.7515
    7.5000   37.5000  -22.500012737.1582   14.7399
   -7.5000   45.0000  -22.500012770.5010   14.3490
    0.0000   45.0000  -22.500013266.6025   14.3932
    7.5000   45.0000  -22.500012439.7559   14.3817
   -7.5000  -45.0000  -15.0000 7220.5718   16.9299
    0.0000  -45.0000  -15.0000 7461.0522   16.9813
    7.5000  -45.0000  -15.0000 7090.9121   16.9732
   -7.5000  -37.5000  -15.0000 7996.3442   16.3093
    0.0000  -37.5000  -15.0000 8270.1855   16.3567
    7.5000  -37.5000  -15.0000 7868.3135   16.3530
   -7.5000  -30.0000  -15.0000 9171.5508   15.8917
    0.0000  -30.0000  -15.0000 9513.8896   15.9364
    7.5000  -30.0000  -15.0000 9066.4014   15.9335
   -7.5000  -22.5000  -15.000010445.9111   15.5953
    0.0000  -22.5000  -15.000010833.7188   15.6384
    7.5000  -22.5000  -15.000010302.6562   15.6324
   -7.5000  -15.0000  -15.000011732.1855   15.3788
    0.0000  -15.0000  -15.000012173.9053   15.4217
    7.5000  -15.0000  -15.000011540.0625   15.4119
   -7.5000   -7.5000  -15.000013018.4072   15.2778
    0.0000   -7.5000  -15.000013526.1904   15.3223
    7.5000   -7.5000  -15.000012813.4326   15.3114
   -7.5000    0.0000  -15.000014310.5410   15.2645
    0.0000    0.0000  -15.000014891.4424   15.3100
    7.5000    0.0000  -15.000014104.2734   15.3014
   -7.5000    7.5000  -15.000014430.5713   15.2695
    0.0000    7.5000  -15.000015018.8955   15.3135
    7.5000    7.5000  -15.000014227.5830   15.3081
   -7.5000   15.0000  -15.000014339.1045   15.2828
    0.0000   15.0000  -15.000014938.5625   15.3252
    7.5000   15.0000  -15.000014090.6396   15.3210
   -7.5000   22.5000  -15.000014146.3428   15.2847
    0.0000   22.5000  -15.000014748.6016   15.3269
    7.5000   22.5000  -15.000013833.1797   15.3203
   -7.5000   30.0000  -15.000013802.3555   15.0879
    0.0000   30.0000  -15.000014388.4258   15.1301
    7.5000   30.0000  -15.000013460.1426   15.1203
   -7.5000   37.5000  -15.000013929.7598   15.0751
    0.0000   37.5000  -15.000014522.1328   15.1191
    7.5000   37.5000  -15.000013579.2021   15.1083
   -7.5000   45.0000  -15.000013596.0166   14.7093
    0.0000   45.0000  -15.000014156.1807   14.7532
    7.5000   45.0000  -15.000013248.4580   14.7449
   -7.5000  -45.0000   -7.5000 7676.4360   17.1302
    0.0000  -45.0000   -7.5000 7934.7603   17.1832
    7.5000  -45.0000   -7.5000 7547.1089   17.1785
   -7.5000  -37.5000   -7.5000 8518.6494   16.4947
    0.0000  -37.5000   -7.5000 8826.3506   16.5427
    7.5000  -37.5000   -7.5000 8411.4834   16.5424
   -7.5000  -30.0000   -7.5000 9810.5264   16.0699
    0.0000  -30.0000   -7.500010184.3564   16.1147
    7.5000  -30.0000   -7.5000 9691.7734   16.1131
   -7.5000  -22.5000   -7.500011166.2305   15.7732
    0.0000  -22.5000   -7.500011597.5811   15.8165
    7.5000  -22.5000   -7.500011021.9014   15.8103
   -7.5000  -15.0000   -7.500012507.4014   15.5604
    0.0000  -15.0000   -7.500013011.7051   15.6035
    7.5000  -15.0000   -7.500012350.9258   15.5931
   -7.5000   -7.5000   -7.500013834.7422   15.4591
    0.0000   -7.5000   -7.500014414.0889   15.5041
    7.5000   -7.5000   -7.500013698.8389   15.4946
   -7.5000    0.0000   -7.500015204.8838   15.4410
    0.0000    0.0000   -7.500015847.8643   15.4873
    7.5000    0.0000   -7.500015033.3867   15.4821
   -7.5000    7.5000   -7.500015367.7666   15.4410
    0.0000    7.5000   -7.500016003.6807   15.4856
    7.5000    7.5000   -7.500015178.7266   15.4834
   -7.5000   15.0000   -7.500015270.9980   15.4531
    0.0000   15.0000   -7.500015906.9590   15.4957
    7.5000   15.0000   -7.500015062.8145   15.4929
   -7.5000   22.5000   -7.500015009.1416   15.4573
    0.0000   22.5000   -7.500015674.2021   15.4997
    7.5000   22.5000   -7.500014761.9062   15.4929
   -7.5000   30.0000   -7.500014599.2783   15.2655
    0.0000   30.0000   -7.500015260.0654   15.3080
    7.5000   30.0000   -7.500014313.1484   15.2976
   -7.5000   37.5000   -7.500014730.9961   15.2536
    0.0000   37.5000   -7.500015394.1016   15.2980
    7.5000   37.5000   -7.500014440.5713   15.2887
   -7.5000   45.0000   -7.500014383.8311   14.8822
    0.0000   45.0000   -7.500015011.1572   14.9268
    7.5000   45.0000   -7.500014086.6289   14.9219
   -7.5000  -45.0000    0.0000 8030.0444   17.1567
    0.0000  -45.0000    0.0000 8318.1230   17.2129
    7.5000  -45.0000    0.0000 7923.3618   17.2082
   -7.5000  -37.5000    0.0000 8972.7344   16.5202
    0.0000  -37.5000    0.0000 9305.1074   16.5735
    7.5000  -37.5000    0.0000 8862.7295   16.5747
   -7.5000  -30.0000    0.000010360.8125   16.0933
    0.0000  -30.0000    0.000010764.5273   16.1440
    7.5000  -30.0000    0.000010246.5020   16.1461
   -7.5000  -22.5000    0.000011774.4678   15.7959
    0.0000  -22.5000    0.000012255.1699   15.8428
    7.5000  -22.5000    0.000011664.9980   15.8405
   -7.5000  -15.0000    0.000013183.0264   15.5842
    0.0000  -15.0000    0.000013745.3691   15.6282
    7.5000  -15.0000    0.000013084.3721   15.6201
   -7.5000   -7.5000    0.000014577.4971   15.4843
    0.0000   -7.5000    0.000015203.5674   15.5300
    7.5000   -7.5000    0.000014490.6875   15.5207
   -7.5000    0.0000    0.000015931.8594   15.4662
    0.0000    0.0000    0.000016625.8477   15.5150
    7.5000    0.0000    0.000015829.6582   15.5098
   -7.5000    7.5000    0.000016068.0010   15.4646
    0.0000    7.5000    0.000016731.6777   15.5140
    7.5000    7.5000    0.000015961.1045   15.5136
   -7.5000   15.0000    0.000016043.5391   15.4754
    0.0000   15.0000    0.000016732.0176   15.5235
    7.5000   15.0000    0.000015921.7695   15.5243
   -7.5000   22.5000    0.000015812.1436   15.4793
    0.0000   22.5000    0.000016565.0410   15.5252
    7.5000   22.5000    0.000015663.9766   15.5222
   -7.5000   30.0000    0.000015300.2275   15.2889
    0.0000   30.0000    0.000016028.3428   15.3323
    7.5000   30.0000    0.000015174.3115   15.3241
   -7.5000   37.5000    0.000015406.5674   15.2789
    0.0000   37.5000    0.000016123.8809   15.3240
    7.5000   37.5000    0.000015287.9941   15.3147
   -7.5000   45.0000    0.000015045.4990   14.9076
    0.0000   45.0000    0.000015720.2031   14.9546
    7.5000   45.0000    0.000014882.3213   14.9497
   -7.5000  -45.0000    7.5000 7773.0645   17.1429
    0.0000  -45.0000    7.5000 8066.4102   17.2012
    7.5000  -45.0000    7.5000 7690.7324   17.1923
   -7.5000  -37.5000    7.5000 8708.0020   16.5156
    0.0000  -37.5000    7.5000 9039.4424   16.5745
    7.5000  -37.5000    7.5000 8609.9863   16.5733
   -7.5000  -30.0000    7.500010048.4033   16.0907
    0.0000  -30.0000    7.500010459.0332   16.1488
    7.5000  -30.0000    7.5000 9945.5654   16.1533
   -7.5000  -22.5000    7.500011427.2090   15.7905
    0.0000  -22.5000    7.500011905.8984   15.8422
    7.5000  -22.5000    7.500011330.6523   15.8441
   -7.5000  -15.0000    7.500012822.0381   15.5737
    0.0000  -15.0000    7.500013380.5391   15.6194
    7.5000  -15.0000    7.500012750.5850   15.6136
   -7.5000   -7.5000    7.500014210.7422   15.4737
    0.0000   -7.5000    7.500014826.3438   15.5198
    7.5000   -7.5000    7.500014145.4209   15.5087
   -7.5000    0.0000    7.500015493.3447   15.4600
    0.0000    0.0000    7.500016164.0322   15.5106
    7.5000    0.0000    7.500015465.3506   15.5013
   -7.5000    7.5000    7.500015562.0859   15.4624
    0.0000    7.5000    7.500016272.5283   15.5168
    7.5000    7.5000    7.500015607.4971   15.5146
   -7.5000   15.0000    7.500015588.6924   15.4740
    0.0000   15.0000    7.500016325.2168   15.5289
    7.5000   15.0000    7.500015550.8643   15.5319
   -7.5000   22.5000    7.500015498.5430   15.4738
    0.0000   22.5000    7.500016205.9434   15.5245
    7.5000   22.5000    7.500015395.1553   15.5253
   -7.5000   30.0000    7.500015047.8047   15.2784
    0.0000   30.0000    7.500015725.1074   15.3234
    7.5000   30.0000    7.500014975.3730   15.3174
   -7.5000   37.5000    7.500015112.5342   15.2684
    0.0000   37.5000    7.500015749.1299   15.3139
    7.5000   37.5000    7.500015014.2725   15.3030
   -7.5000   45.0000    7.500014733.3721   14.9017
    0.0000   45.0000    7.500015314.1982   14.9505
    7.5000   45.0000    7.500014558.2422   14.9415
   -7.5000  -45.0000   15.0000 7456.3364   17.1375
    0.0000  -45.0000   15.0000 7723.8247   17.1943
    7.5000  -45.0000   15.0000 7370.7290   17.1820
   -7.5000  -37.5000   15.0000 8368.5615   16.5190
    0.0000  -37.5000   15.0000 8685.5312   16.5773
    7.5000  -37.5000   15.0000 8278.7979   16.5724
   -7.5000  -30.0000   15.0000 9668.5898   16.0968
    0.0000  -30.0000   15.000010065.9268   16.1554
    7.5000  -30.0000   15.0000 9576.4775   16.1586
   -7.5000  -22.5000   15.000010984.3662   15.7934
    0.0000  -22.5000   15.000011457.3447   15.8462
    7.5000  -22.5000   15.000010900.9189   15.8485
   -7.5000  -15.0000   15.000012287.9883   15.5702
    0.0000  -15.0000   15.000012821.5908   15.6167
    7.5000  -15.0000   15.000012229.3340   15.6114
   -7.5000   -7.5000   15.000013595.9541   15.4689
    0.0000   -7.5000   15.000014196.7529   15.5149
    7.5000   -7.5000   15.000013543.1494   15.5023
   -7.5000    0.0000   15.000014838.9688   15.4598
    0.0000    0.0000   15.000015493.0908   15.5096
    7.5000    0.0000   15.000014798.1885   15.4966
   -7.5000    7.5000   15.000014922.7266   15.4677
    0.0000    7.5000   15.000015566.5508   15.5216
    7.5000    7.5000   15.000014902.5693   15.5161
   -7.5000   15.0000   15.000014918.7744   15.4810
    0.0000   15.0000   15.000015506.2129   15.5364
    7.5000   15.0000   15.000014808.2656   15.5381
   -7.5000   22.5000   15.000014866.7568   15.4768
    0.0000   22.5000   15.000015346.6221   15.5285
    7.5000   22.5000   15.000014628.8545   15.5297
   -7.5000   30.0000   15.000014561.5088   15.2751
    0.0000   30.0000   15.000014995.7305   15.3209
    7.5000   30.0000   15.000014281.4434   15.3153
   -7.5000   37.5000   15.000014656.4111   15.2637
    0.0000   37.5000   15.000015093.8984   15.3091
    7.5000   37.5000   15.000014367.2607   15.2967
   -7.5000   45.0000   15.000014220.2822   14.9015
    0.0000   45.0000   15.000014649.1660   14.9494
    7.5000   45.0000   15.000013962.6865   14.9369
   -7.5000  -45.0000   22.5000 7068.1924   17.2248
    0.0000  -45.0000   22.5000 7327.5308   17.2789
    7.5000  -45.0000   22.5000 6977.2676   17.2666
   -7.5000  -37.5000   22.5000 7918.7402   16.5991
    0.0000  -37.5000   22.5000 8232.8633   16.6520
    7.5000  -37.5000   22.5000 7829.9146   16.6456
   -7.5000  -30.0000   22.5000 9130.2578   16.1736
    0.0000  -30.0000   22.5000 9518.7998   16.2256
    7.5000  -30.0000   22.5000 9044.1113   16.2247
   -7.5000  -22.5000   22.500010384.8486   15.8678
    0.0000  -22.5000   22.500010831.2559   15.9162
    7.5000  -22.5000   22.500010304.2822   15.9141
   -7.5000  -15.0000   22.500011653.5234   15.6418
    0.0000  -15.0000   22.500012135.1729   15.6871
    7.5000  -15.0000   22.500011550.2236   15.6795
   -7.5000   -7.5000   22.500012916.7393   15.5388
    0.0000   -7.5000   22.500013453.6562   15.5845
    7.5000   -7.5000   22.500012793.3877   15.5718
   -7.5000    0.0000   22.500014139.0029   15.5297
    0.0000    0.0000   22.500014704.7246   15.5775
    7.5000    0.0000   22.500013994.2373   15.5647
   -7.5000    7.5000   22.500014240.1963   15.5385
    0.0000    7.5000   22.500014786.5049   15.5875
    7.5000    7.5000   22.500014103.6875   15.5802
   -7.5000   15.0000   22.500014190.7549   15.5525
    0.0000   15.0000   22.500014656.7852   15.6017
    7.5000   15.0000   22.500014018.5205   15.5993
   -7.5000   22.5000   22.500014004.8975   15.5487
    0.0000   22.5000   22.500014411.4424   15.5961
    7.5000   22.5000   22.500013799.6846   15.5931
   -7.5000   30.0000   22.500013663.8379   15.3453
    0.0000   30.0000   22.500014064.9434   15.3899
    7.5000   30.0000   22.500013461.1836   15.3821
   -7.5000   37.5000   22.500013805.6133   15.3327
    0.0000   37.5000   22.500014238.2529   15.3778
    7.5000   37.5000   22.500013595.1572   15.3652
   -7.5000   45.0000   22.500013451.6299   14.9689
    0.0000   45.0000   22.500013870.0889   15.0150
    7.5000   45.0000   22.500013244.2266   15.0026
   -7.5000  -45.0000   30.0000 6586.7935   17.3322
    0.0000  -45.0000   30.0000 6830.6841   17.3846
    7.5000  -45.0000   30.0000 6532.1567   17.3753
   -7.5000  -37.5000   30.0000 7370.9883   16.6950
    0.0000  -37.5000   30.0000 7647.3657   16.7433
    7.5000  -37.5000   30.0000 7318.3193   16.7385
   -7.5000  -30.0000   30.0000 8505.0137   16.2653
    0.0000  -30.0000   30.0000 8852.6738   16.3107
    7.5000  -30.0000   30.0000 8444.0459   16.3069
   -7.5000  -22.5000   30.0000 9695.8789   15.9598
    0.0000  -22.5000   30.000010104.2354   16.0036
    7.5000  -22.5000   30.0000 9604.6045   15.9966
   -7.5000  -15.0000   30.000010893.8008   15.7367
    0.0000  -15.0000   30.000011352.5254   15.7802
    7.5000  -15.0000   30.000010756.4434   15.7693
   -7.5000   -7.5000   30.000012063.7646   15.6322
    0.0000   -7.5000   30.000012594.3477   15.6774
    7.5000   -7.5000   30.000011918.9111   15.6654
   -7.5000    0.0000   30.000013188.7031   15.6179
    0.0000    0.0000   30.000013750.2461   15.6641
    7.5000    0.0000   30.000013037.1934   15.6545
   -7.5000    7.5000   30.000013280.3320   15.6225
    0.0000    7.5000   30.000013821.2334   15.6673
    7.5000    7.5000   30.000013152.1543   15.6609
   -7.5000   15.0000   30.000013200.8682   15.6364
    0.0000   15.0000   30.000013695.0479   15.6795
    7.5000   15.0000   30.000013057.3457   15.6744
   -7.5000   22.5000   30.000012993.3213   15.6374
    0.0000   22.5000   30.000013450.8809   15.6802
    7.5000   22.5000   30.000012837.7402   15.6727
   -7.5000   30.0000   30.000012658.0605   15.4381
    0.0000   30.0000   30.000013105.1299   15.4810
    7.5000   30.0000   30.000012516.8594   15.4701
   -7.5000   37.5000   30.000012801.5117   15.4247
    0.0000   37.5000   30.000013261.2354   15.4694
    7.5000   37.5000   30.000012656.7852   15.4575
   -7.5000   45.0000   30.000012489.0596   15.0539
    0.0000   45.0000   30.000012937.3896   15.0984
    7.5000   45.0000   30.000012349.2861   15.0891
   -7.5000  -45.0000   37.5000 6349.5757   17.5760
    0.0000  -45.0000   37.5000 6596.2725   17.6306
    7.5000  -45.0000   37.5000 6325.6528   17.6242
   -7.5000  -37.5000   37.5000 7094.1357   16.9169
    0.0000  -37.5000   37.5000 7374.8730   16.9664
    7.5000  -37.5000   37.5000 7062.2661   16.9647
   -7.5000  -30.0000   37.5000 8191.9795   16.4771
    0.0000  -30.0000   37.5000 8525.7051   16.5232
    7.5000  -30.0000   37.5000 8135.6772   16.5203
   -7.5000  -22.5000   37.5000 9337.2070   16.1719
    0.0000  -22.5000   37.5000 9747.9570   16.2164
    7.5000  -22.5000   37.5000 9262.8867   16.2088
   -7.5000  -15.0000   37.500010485.5098   15.9524
    0.0000  -15.0000   37.500010954.3418   15.9966
    7.5000  -15.0000   37.500010379.3711   15.9847
   -7.5000   -7.5000   37.500011599.5273   15.8464
    0.0000   -7.5000   37.500012131.1162   15.8925
    7.5000   -7.5000   37.500011493.6455   15.8814
   -7.5000    0.0000   37.500012678.9551   15.8263
    0.0000    0.0000   37.500013244.7432   15.8737
    7.5000    0.0000   37.500012578.4971   15.8671
   -7.5000    7.5000   37.500012773.7080   15.8251
    0.0000    7.5000   37.500013328.7061   15.8708
    7.5000    7.5000   37.500012683.3477   15.8673
   -7.5000   15.0000   37.500012665.7773   15.8377
    0.0000   15.0000   37.500013186.5830   15.8814
    7.5000   15.0000   37.500012577.4424   15.8773
   -7.5000   22.5000   37.500012456.0645   15.8436
    0.0000   22.5000   37.500012944.0703   15.8871
    7.5000   22.5000   37.500012379.8379   15.8789
   -7.5000   30.0000   37.500012146.6426   15.6486
    0.0000   30.0000   37.500012615.2178   15.6922
    7.5000   30.0000   37.500012064.3467   15.6802
   -7.5000   37.5000   37.500012289.0889   15.6360
    0.0000   37.5000   37.500012772.4941   15.6816
    7.5000   37.5000   37.500012209.8848   15.6706
   -7.5000   45.0000   37.500012000.0879   15.2547
    0.0000   45.0000   37.500012461.6650   15.3004
    7.5000   45.0000   37.500011922.9502   15.2940
   -7.5000  -45.0000   45.0000 5864.0391   17.8794
    0.0000  -45.0000   45.0000 6100.7607   17.9364
    7.5000  -45.0000   45.0000 5854.4951   17.9278
   -7.5000  -37.5000   45.0000 6559.7627   17.1957
    0.0000  -37.5000   45.0000 6805.1821   17.2493
    7.5000  -37.5000   45.0000 6533.1362   17.2473
   -7.5000  -30.0000   45.0000 7560.4004   16.7430
    0.0000  -30.0000   45.0000 7856.3394   16.7935
    7.5000  -30.0000   45.0000 7519.9199   16.7927
   -7.5000  -22.5000   45.0000 8603.6299   16.4331
    0.0000  -22.5000   45.0000 8985.5273   16.4794
    7.5000  -22.5000   45.0000 8556.8047   16.4741
   -7.5000  -15.0000   45.0000 9678.7783   16.2114
    0.0000  -15.0000   45.000010108.3721   16.2549
    7.5000  -15.0000   45.0000 9604.5781   16.2435
   -7.5000   -7.5000   45.000010710.2969   16.1058
    0.0000   -7.5000   45.000011184.4482   16.1514
    7.5000   -7.5000   45.000010620.3691   16.1386
   -7.5000    0.0000   45.000011671.4180   16.0825
    0.0000    0.0000   45.000012197.5732   16.1315
    7.5000    0.0000   45.000011615.2051   16.1231
   -7.5000    7.5000   45.000011745.3447   16.0782
    0.0000    7.5000   45.000012265.7578   16.1276
    7.5000    7.5000   45.000011689.7773   16.1244
   -7.5000   15.0000   45.000011639.5146   16.0914
    0.0000   15.0000   45.000012122.0469   16.1391
    7.5000   15.0000   45.000011576.5996   16.1372
   -7.5000   22.5000   45.000011442.9561   16.1001
    0.0000   22.5000   45.000011905.3076   16.1454
    7.5000   22.5000   45.000011389.9375   16.1394
   -7.5000   30.0000   45.000011168.8389   15.9032
    0.0000   30.0000   45.000011618.8857   15.9461
    7.5000   30.0000   45.000011104.5254   15.9346
   -7.5000   37.5000   45.000011309.8066   15.8908
    0.0000   37.5000   45.000011773.0283   15.9358
    7.5000   37.5000   45.000011252.5742   15.9232
   -7.5000   45.0000   45.000011059.8467   15.5087
    0.0000   45.0000   45.000011516.6133   15.5559
    7.5000   45.0000   45.000010998.6035   15.5479

---------------------------------------------------------------------
imgreg_4dfp /opt/freesurfer/average/711-2C_as_mni_average_305 /opt/freesurfer/average/711-2B_as_mni_average_305_mask talsrcimg_g11 none talsrcimg_to_711-2C_as_mni_average_305_t4 4355
---------------------------------------------------------------------

freesurfer imgreg_4dfp.c
/opt/freesurfer/average/711-2C_as_mni_average_305.4dfp.img
       256       256       256         1
  1.000000  1.000000  1.000000
orientation T byte_order littleendian
Reading image: /opt/freesurfer/average/711-2C_as_mni_average_305.4dfp.img
dimensions:      256       256       256
mmppix:       1.0000   -1.0000   -1.0000
center:     128.0000 -129.0000 -129.0000
/opt/freesurfer/average/711-2B_as_mni_average_305_mask.4dfp.img
       256       256       256         1
  1.000000  1.000000  1.000000
orientation T byte_order littleendian
Reading mask: /opt/freesurfer/average/711-2B_as_mni_average_305_mask.4dfp.img (2306576 pixels)
talsrcimg_g11.4dfp.img
       256       256       256         1
  1.000000  1.000000  1.000000
orientation T byte_order littleendian
Reading image: talsrcimg_g11.4dfp.img
dimensions:      256       256       256
mmppix:       1.0000   -1.0000   -1.0000
center:     128.0000 -129.0000 -129.0000
rotation matrix determinant  1.000000
image alignment mode   4355 decimal     1103 hex
   -7.5000  -30.0000  -45.0000 1843.5107   21.8955
    0.0000  -30.0000  -45.0000 1846.3293   21.9178
    7.5000  -30.0000  -45.0000 1832.5203   22.0376
   -7.5000  -22.5000  -45.0000 1961.3264   19.4034
    0.0000  -22.5000  -45.0000 1965.7872   19.3571
    7.5000  -22.5000  -45.0000 1955.0635   19.5155
   -7.5000  -15.0000  -45.0000 2082.6533   17.4403
    0.0000  -15.0000  -45.0000 2087.1548   17.3958
    7.5000  -15.0000  -45.0000 2068.0425   17.5306
   -7.5000   -7.5000  -45.0000 2184.8447   15.8882
    0.0000   -7.5000  -45.0000 2188.2131   15.8724
    7.5000   -7.5000  -45.0000 2165.7288   16.0252
   -7.5000    0.0000  -45.0000 2277.3218   14.7821
    0.0000    0.0000  -45.0000 2277.7744   14.7837
    7.5000    0.0000  -45.0000 2258.3853   14.9202
   -7.5000    7.5000  -45.0000 2327.0283   14.0506
    0.0000    7.5000  -45.0000 2328.2244   14.0532
    7.5000    7.5000  -45.0000 2313.2251   14.1895
   -7.5000   15.0000  -45.0000 2354.1145   13.5470
    0.0000   15.0000  -45.0000 2359.7288   13.5406
    7.5000   15.0000  -45.0000 2341.4326   13.6811
   -7.5000   22.5000  -45.0000 2363.6492   13.2251
    0.0000   22.5000  -45.0000 2370.4827   13.2214
    7.5000   22.5000  -45.0000 2356.0374   13.3918
   -7.5000   30.0000  -45.0000 2364.3914   13.1979
    0.0000   30.0000  -45.0000 2368.2507   13.1878
    7.5000   30.0000  -45.0000 2351.4971   13.3667
   -7.5000   37.5000  -45.0000 2345.2344   13.4397
    0.0000   37.5000  -45.0000 2351.9558   13.4333
    7.5000   37.5000  -45.0000 2333.9492   13.6265
   -7.5000   45.0000  -45.0000 2317.0000   13.9468
    0.0000   45.0000  -45.0000 2324.6462   13.9189
    7.5000   45.0000  -45.0000 2304.4368   14.1677
   -7.5000   52.5000  -45.0000 2252.1487   14.6046
    0.0000   52.5000  -45.0000 2261.7100   14.5778
    7.5000   52.5000  -45.0000 2239.8193   14.8715
   -7.5000   60.0000  -45.0000 2148.1179   15.3957
    0.0000   60.0000  -45.0000 2155.6602   15.3409
    7.5000   60.0000  -45.0000 2133.5166   15.6576
   -7.5000  -30.0000  -37.5000 1909.2273   20.3812
    0.0000  -30.0000  -37.5000 1915.3362   20.3821
    7.5000  -30.0000  -37.5000 1905.7704   20.5199
   -7.5000  -22.5000  -37.5000 2035.6967   18.0518
    0.0000  -22.5000  -37.5000 2041.9958   18.0327
    7.5000  -22.5000  -37.5000 2028.7328   18.1346
   -7.5000  -15.0000  -37.5000 2161.4292   16.2176
    0.0000  -15.0000  -37.5000 2164.1743   16.2135
    7.5000  -15.0000  -37.5000 2146.2112   16.2869
   -7.5000   -7.5000  -37.5000 2271.4778   14.7443
    0.0000   -7.5000  -37.5000 2272.2605   14.7453
    7.5000   -7.5000  -37.5000 2249.8474   14.8446
   -7.5000    0.0000  -37.5000 2365.5994   13.6646
    0.0000    0.0000  -37.5000 2367.7214   13.6908
    7.5000    0.0000  -37.5000 2346.6577   13.7922
   -7.5000    7.5000  -37.5000 2419.8386   12.9863
    0.0000    7.5000  -37.5000 2417.9717   13.0016
    7.5000    7.5000  -37.5000 2401.7344   13.1016
   -7.5000   15.0000  -37.5000 2451.7917   12.5050
    0.0000   15.0000  -37.5000 2454.6899   12.5179
    7.5000   15.0000  -37.5000 2434.9912   12.6181
   -7.5000   22.5000  -37.5000 2466.4670   12.2116
    0.0000   22.5000  -37.5000 2474.5347   12.2305
    7.5000   22.5000  -37.5000 2453.0103   12.3381
   -7.5000   30.0000  -37.5000 2467.2632   12.1572
    0.0000   30.0000  -37.5000 2475.0417   12.1647
    7.5000   30.0000  -37.5000 2457.1443   12.2888
   -7.5000   37.5000  -37.5000 2450.1804   12.3750
    0.0000   37.5000  -37.5000 2458.1536   12.3673
    7.5000   37.5000  -37.5000 2436.8110   12.5044
   -7.5000   45.0000  -37.5000 2419.4333   12.8476
    0.0000   45.0000  -37.5000 2428.7483   12.8207
    7.5000   45.0000  -37.5000 2404.1987   13.0098
   -7.5000   52.5000  -37.5000 2351.9221   13.4880
    0.0000   52.5000  -37.5000 2360.6050   13.4561
    7.5000   52.5000  -37.5000 2336.5532   13.6743
   -7.5000   60.0000  -37.5000 2240.6802   14.2059
    0.0000   60.0000  -37.5000 2251.9771   14.1541
    7.5000   60.0000  -37.5000 2226.3552   14.4295
   -7.5000  -30.0000  -30.0000 2006.5161   19.7199
    0.0000  -30.0000  -30.0000 2008.9904   19.7237
    7.5000  -30.0000  -30.0000 1999.9460   19.8747
   -7.5000  -22.5000  -30.0000 2141.9431   17.4575
    0.0000  -22.5000  -30.0000 2144.3196   17.4210
    7.5000  -22.5000  -30.0000 2132.7930   17.5484
   -7.5000  -15.0000  -30.0000 2273.7070   15.6561
    0.0000  -15.0000  -30.0000 2272.9548   15.6169
    7.5000  -15.0000  -30.0000 2260.0454   15.7263
   -7.5000   -7.5000  -30.0000 2391.2004   14.2010
    0.0000   -7.5000  -30.0000 2388.6467   14.1982
    7.5000   -7.5000  -30.0000 2366.8115   14.3132
   -7.5000    0.0000  -30.0000 2489.1123   13.1497
    0.0000    0.0000  -30.0000 2491.5742   13.1635
    7.5000    0.0000  -30.0000 2470.7505   13.2331
   -7.5000    7.5000  -30.0000 2544.3167   12.4188
    0.0000    7.5000  -30.0000 2546.5144   12.4648
    7.5000    7.5000  -30.0000 2527.5649   12.5384
   -7.5000   15.0000  -30.0000 2586.4316   11.9490
    0.0000   15.0000  -30.0000 2590.2991   11.9889
    7.5000   15.0000  -30.0000 2567.7075   12.0715
   -7.5000   22.5000  -30.0000 2612.5549   11.6642
    0.0000   22.5000  -30.0000 2623.2043   11.6846
    7.5000   22.5000  -30.0000 2594.9092   11.7794
   -7.5000   30.0000  -30.0000 2620.6077   11.5958
    0.0000   30.0000  -30.0000 2630.1951   11.6007
    7.5000   30.0000  -30.0000 2603.5920   11.6966
   -7.5000   37.5000  -30.0000 2608.2554   11.7975
    0.0000   37.5000  -30.0000 2618.2764   11.8121
    7.5000   37.5000  -30.0000 2588.3821   11.8986
   -7.5000   45.0000  -30.0000 2571.7888   12.2924
    0.0000   45.0000  -30.0000 2584.7485   12.2752
    7.5000   45.0000  -30.0000 2550.9927   12.3936
   -7.5000   52.5000  -30.0000 2495.1484   12.9159
    0.0000   52.5000  -30.0000 2507.8936   12.9180
    7.5000   52.5000  -30.0000 2473.8743   13.0609
   -7.5000   60.0000  -30.0000 2373.7959   13.6254
    0.0000   60.0000  -30.0000 2387.1995   13.6184
    7.5000   60.0000  -30.0000 2351.4675   13.8212
   -7.5000  -30.0000  -22.5000 2075.9575   18.9497
    0.0000  -30.0000  -22.5000 2080.7065   18.8960
    7.5000  -30.0000  -22.5000 2070.1785   19.1896
   -7.5000  -22.5000  -22.5000 2220.9409   16.7167
    0.0000  -22.5000  -22.5000 2226.3308   16.7049
    7.5000  -22.5000  -22.5000 2211.5947   16.9532
   -7.5000  -15.0000  -22.5000 2359.8921   14.9606
    0.0000  -15.0000  -22.5000 2359.3472   14.9704
    7.5000  -15.0000  -22.5000 2340.1838   15.1279
   -7.5000   -7.5000  -22.5000 2478.0901   13.5576
    0.0000   -7.5000  -22.5000 2476.9534   13.5785
    7.5000   -7.5000  -22.5000 2449.4229   13.6989
   -7.5000    0.0000  -22.5000 2576.3291   12.5043
    0.0000    0.0000  -22.5000 2578.7249   12.5412
    7.5000    0.0000  -22.5000 2558.0139   12.6297
   -7.5000    7.5000  -22.5000 2635.1116   11.7783
    0.0000    7.5000  -22.5000 2643.5549   11.8233
    7.5000    7.5000  -22.5000 2625.6584   11.9044
   -7.5000   15.0000  -22.5000 2688.3401   11.2978
    0.0000   15.0000  -22.5000 2697.5923   11.3552
    7.5000   15.0000  -22.5000 2671.0156   11.4351
   -7.5000   22.5000  -22.5000 2725.0132   11.0227
    0.0000   22.5000  -22.5000 2735.7183   11.0647
    7.5000   22.5000  -22.5000 2700.1812   11.1404
   -7.5000   30.0000  -22.5000 2741.6694   10.9329
    0.0000   30.0000  -22.5000 2753.6223   10.9656
    7.5000   30.0000  -22.5000 2717.7070   11.0449
   -7.5000   37.5000  -22.5000 2736.0562   11.1460
    0.0000   37.5000  -22.5000 2749.6272   11.1803
    7.5000   37.5000  -22.5000 2709.5171   11.2572
   -7.5000   45.0000  -22.5000 2702.0298   11.6369
    0.0000   45.0000  -22.5000 2713.7063   11.6430
    7.5000   45.0000  -22.5000 2672.2554   11.7616
   -7.5000   52.5000  -22.5000 2613.6528   12.2746
    0.0000   52.5000  -22.5000 2629.1594   12.2827
    7.5000   52.5000  -22.5000 2588.2888   12.4069
   -7.5000   60.0000  -22.5000 2481.0781   12.9723
    0.0000   60.0000  -22.5000 2493.0273   12.9748
    7.5000   60.0000  -22.5000 2458.0435   13.1301
   -7.5000  -30.0000  -15.0000 2120.9133   18.2188
    0.0000  -30.0000  -15.0000 2130.3459   18.2220
    7.5000  -30.0000  -15.0000 2117.0569   18.5397
   -7.5000  -22.5000  -15.0000 2274.5320   16.0758
    0.0000  -22.5000  -15.0000 2278.7925   16.0794
    7.5000  -22.5000  -15.0000 2259.6785   16.3699
   -7.5000  -15.0000  -15.0000 2410.5137   14.3500
    0.0000  -15.0000  -15.0000 2414.5217   14.3590
    7.5000  -15.0000  -15.0000 2388.5417   14.5886
   -7.5000   -7.5000  -15.0000 2522.3313   12.9582
    0.0000   -7.5000  -15.0000 2527.5508   12.9793
    7.5000   -7.5000  -15.0000 2503.7261   13.1738
   -7.5000    0.0000  -15.0000 2630.0154   11.9145
    0.0000    0.0000  -15.0000 2637.3374   11.9454
    7.5000    0.0000  -15.0000 2614.0173   12.0925
   -7.5000    7.5000  -15.0000 2704.9092   11.1606
    0.0000    7.5000  -15.0000 2715.3215   11.1994
    7.5000    7.5000  -15.0000 2693.5115   11.3266
   -7.5000   15.0000  -15.0000 2766.3267   10.6930
    0.0000   15.0000  -15.0000 2778.0859   10.7234
    7.5000   15.0000  -15.0000 2748.1724   10.8326
   -7.5000   22.5000  -15.0000 2811.8167   10.4108
    0.0000   22.5000  -15.0000 2823.3342   10.4408
    7.5000   22.5000  -15.0000 2783.2368   10.5340
   -7.5000   30.0000  -15.0000 2831.4197   10.3171
    0.0000   30.0000  -15.0000 2844.3145   10.3610
    7.5000   30.0000  -15.0000 2805.5974   10.4558
   -7.5000   37.5000  -15.0000 2831.8108   10.5247
    0.0000   37.5000  -15.0000 2847.9011   10.5543
    7.5000   37.5000  -15.0000 2805.1431   10.6623
   -7.5000   45.0000  -15.0000 2795.7334   11.0192
    0.0000   45.0000  -15.0000 2811.0146   11.0230
    7.5000   45.0000  -15.0000 2766.7578   11.1581
   -7.5000   52.5000  -15.0000 2702.6895   11.6477
    0.0000   52.5000  -15.0000 2716.6685   11.6517
    7.5000   52.5000  -15.0000 2677.5603   11.7889
   -7.5000   60.0000  -15.0000 2558.5591   12.3451
    0.0000   60.0000  -15.0000 2567.0403   12.3422
    7.5000   60.0000  -15.0000 2537.9646   12.5049
   -7.5000  -30.0000   -7.5000 2153.2026   17.6455
    0.0000  -30.0000   -7.5000 2162.7988   17.6873
    7.5000  -30.0000   -7.5000 2148.9175   18.0409
   -7.5000  -22.5000   -7.5000 2305.2454   15.5491
    0.0000  -22.5000   -7.5000 2311.5505   15.5580
    7.5000  -22.5000   -7.5000 2293.1616   15.8559
   -7.5000  -15.0000   -7.5000 2437.6292   13.8071
    0.0000  -15.0000   -7.5000 2445.3445   13.8354
    7.5000  -15.0000   -7.5000 2419.6638   14.0971
   -7.5000   -7.5000   -7.5000 2548.8091   12.4255
    0.0000   -7.5000   -7.5000 2556.8225   12.4758
    7.5000   -7.5000   -7.5000 2534.7698   12.7156
   -7.5000    0.0000   -7.5000 2663.1001   11.3848
    0.0000    0.0000   -7.5000 2673.0903   11.4067
    7.5000    0.0000   -7.5000 2650.7061   11.6113
   -7.5000    7.5000   -7.5000 2754.8376   10.6439
    0.0000    7.5000   -7.5000 2765.6118   10.6669
    7.5000    7.5000   -7.5000 2740.9700   10.8342
   -7.5000   15.0000   -7.5000 2829.6914   10.1530
    0.0000   15.0000   -7.5000 2842.6064   10.1845
    7.5000   15.0000   -7.5000 2810.0164   10.3331
   -7.5000   22.5000   -7.5000 2884.3186    9.8664
    0.0000   22.5000   -7.5000 2902.0862    9.8841
    7.5000   22.5000   -7.5000 2855.5295   10.0399
   -7.5000   30.0000   -7.5000 2912.8081    9.7631
    0.0000   30.0000   -7.5000 2928.9055    9.7968
    7.5000   30.0000   -7.5000 2880.8494    9.9536
   -7.5000   37.5000   -7.5000 2909.2622    9.9915
    0.0000   37.5000   -7.5000 2925.6248   10.0102
    7.5000   37.5000   -7.5000 2884.0403   10.1732
   -7.5000   45.0000   -7.5000 2867.0693   10.4719
    0.0000   45.0000   -7.5000 2883.9824   10.4912
    7.5000   45.0000   -7.5000 2843.4041   10.6401
   -7.5000   52.5000   -7.5000 2763.3081   11.1063
    0.0000   52.5000   -7.5000 2781.0547   11.1104
    7.5000   52.5000   -7.5000 2745.7991   11.2797
   -7.5000   60.0000   -7.5000 2608.1780   11.8203
    0.0000   60.0000   -7.5000 2623.0811   11.8342
    7.5000   60.0000   -7.5000 2590.3877   12.0267
   -7.5000  -30.0000    0.0000 2172.0962   17.3822
    0.0000  -30.0000    0.0000 2178.4683   17.4475
    7.5000  -30.0000    0.0000 2163.7446   17.8576
   -7.5000  -22.5000    0.0000 2320.1433   15.2539
    0.0000  -22.5000    0.0000 2326.4524   15.3059
    7.5000  -22.5000    0.0000 2307.0315   15.6739
   -7.5000  -15.0000    0.0000 2451.9717   13.4868
    0.0000  -15.0000    0.0000 2459.9460   13.5399
    7.5000  -15.0000    0.0000 2437.3779   13.8739
   -7.5000   -7.5000    0.0000 2565.8750   12.0947
    0.0000   -7.5000    0.0000 2574.5435   12.1307
    7.5000   -7.5000    0.0000 2553.6311   12.4436
   -7.5000    0.0000    0.0000 2680.8884   11.0271
    0.0000    0.0000    0.0000 2692.2468   11.0478
    7.5000    0.0000    0.0000 2667.0911   11.3158
   -7.5000    7.5000    0.0000 2780.6035   10.2730
    0.0000    7.5000    0.0000 2795.0840   10.2963
    7.5000    7.5000    0.0000 2768.2983   10.5179
   -7.5000   15.0000    0.0000 2871.8960    9.7895
    0.0000   15.0000    0.0000 2884.4065    9.8121
    7.5000   15.0000    0.0000 2852.2898   10.0122
   -7.5000   22.5000    0.0000 2946.5012    9.5152
    0.0000   22.5000    0.0000 2970.0061    9.5396
    7.5000   22.5000    0.0000 2912.6333    9.7535
   -7.5000   30.0000    0.0000 2983.3538    9.3931
    0.0000   30.0000    0.0000 3007.9121    9.4441
    7.5000   30.0000    0.0000 2941.1072    9.6893
   -7.5000   37.5000    0.0000 2969.0154    9.6220
    0.0000   37.5000    0.0000 2991.4097    9.6682
    7.5000   37.5000    0.0000 2944.1162    9.8777
   -7.5000   45.0000    0.0000 2913.6733   10.1024
    0.0000   45.0000    0.0000 2934.1152   10.1254
    7.5000   45.0000    0.0000 2893.9167   10.3269
   -7.5000   52.5000    0.0000 2802.6440   10.7563
    0.0000   52.5000    0.0000 2821.9253   10.7886
    7.5000   52.5000    0.0000 2783.1726   10.9762
   -7.5000   60.0000    0.0000 2640.7361   11.4871
    0.0000   60.0000    0.0000 2657.2893   11.5245
    7.5000   60.0000    0.0000 2621.5588   11.7149
   -7.5000  -30.0000    7.5000 2175.6858   17.2792
    0.0000  -30.0000    7.5000 2185.5396   17.3478
    7.5000  -30.0000    7.5000 2163.5105   17.7993
   -7.5000  -22.5000    7.5000 2321.2654   15.1348
    0.0000  -22.5000    7.5000 2329.9644   15.1453
    7.5000  -22.5000    7.5000 2308.8281   15.5505
   -7.5000  -15.0000    7.5000 2452.8474   13.3822
    0.0000  -15.0000    7.5000 2462.2434   13.3821
    7.5000  -15.0000    7.5000 2441.1885   13.7777
   -7.5000   -7.5000    7.5000 2572.7549   11.9850
    0.0000   -7.5000    7.5000 2583.9316   11.9717
    7.5000   -7.5000    7.5000 2560.6133   12.3499
   -7.5000    0.0000    7.5000 2686.6548   10.9037
    0.0000    0.0000    7.5000 2698.8113   10.8826
    7.5000    0.0000    7.5000 2676.0149   11.2277
   -7.5000    7.5000    7.5000 2792.4700   10.1212
    0.0000    7.5000    7.5000 2810.2883   10.1002
    7.5000    7.5000    7.5000 2786.3835   10.4172
   -7.5000   15.0000    7.5000 2886.9692    9.6333
    0.0000   15.0000    7.5000 2907.9019    9.6323
    7.5000   15.0000    7.5000 2878.9585    9.9196
   -7.5000   22.5000    7.5000 2974.7175    9.4311
    0.0000   22.5000    7.5000 3010.1199    9.4479
    7.5000   22.5000    7.5000 2947.5544    9.6695
   -7.5000   30.0000    7.5000 3030.0176    9.3426
    0.0000   30.0000    7.5000 3063.4077    9.3589
    7.5000   30.0000    7.5000 2979.6660    9.6295
   -7.5000   37.5000    7.5000 3006.6489    9.5417
    0.0000   37.5000    7.5000 3030.9548    9.5350
    7.5000   37.5000    7.5000 2971.8774    9.7940
   -7.5000   45.0000    7.5000 2937.2222    9.9939
    0.0000   45.0000    7.5000 2954.7605    9.9946
    7.5000   45.0000    7.5000 2912.8813   10.1987
   -7.5000   52.5000    7.5000 2818.6108   10.6327
    0.0000   52.5000    7.5000 2832.8455   10.6379
    7.5000   52.5000    7.5000 2799.3379   10.8372
   -7.5000   60.0000    7.5000 2648.8154   11.3480
    0.0000   60.0000    7.5000 2663.3176   11.3549
    7.5000   60.0000    7.5000 2631.7908   11.5669
   -7.5000  -30.0000   15.0000 2160.1311   17.4473
    0.0000  -30.0000   15.0000 2169.7686   17.4628
    7.5000  -30.0000   15.0000 2150.8323   17.9510
   -7.5000  -22.5000   15.0000 2310.5361   15.1936
    0.0000  -22.5000   15.0000 2321.9924   15.1844
    7.5000  -22.5000   15.0000 2299.3542   15.6357
   -7.5000  -15.0000   15.0000 2444.6453   13.3950
    0.0000  -15.0000   15.0000 2456.7471   13.3571
    7.5000  -15.0000   15.0000 2433.7791   13.7963
   -7.5000   -7.5000   15.0000 2565.4617   11.9919
    0.0000   -7.5000   15.0000 2582.1687   11.9441
    7.5000   -7.5000   15.0000 2558.1899   12.3466
   -7.5000    0.0000   15.0000 2681.0127   10.9458
    0.0000    0.0000   15.0000 2700.1272   10.8757
    7.5000    0.0000   15.0000 2679.4109   11.2457
   -7.5000    7.5000   15.0000 2786.9197   10.1925
    0.0000    7.5000   15.0000 2811.2517   10.1167
    7.5000    7.5000   15.0000 2788.9253   10.4539
   -7.5000   15.0000   15.0000 2884.3130    9.7286
    0.0000   15.0000   15.0000 2907.0566    9.6392
    7.5000   15.0000   15.0000 2879.2429    9.9470
   -7.5000   22.5000   15.0000 2970.9104    9.5227
    0.0000   22.5000   15.0000 3000.6011    9.4327
    7.5000   22.5000   15.0000 2943.0837    9.6998
   -7.5000   30.0000   15.0000 3015.4202    9.4886
    0.0000   30.0000   15.0000 3040.7876    9.3832
    7.5000   30.0000   15.0000 2969.9924    9.6759
   -7.5000   37.5000   15.0000 2994.0596    9.6997
    0.0000   37.5000   15.0000 3013.2437    9.6232
    7.5000   37.5000   15.0000 2955.9475    9.8566
   -7.5000   45.0000   15.0000 2928.4958   10.1167
    0.0000   45.0000   15.0000 2938.4990   10.0778
    7.5000   45.0000   15.0000 2901.2798   10.2724
   -7.5000   52.5000   15.0000 2804.0764   10.7263
    0.0000   52.5000   15.0000 2816.3633   10.7111
    7.5000   52.5000   15.0000 2785.7285   10.8984
   -7.5000   60.0000   15.0000 2633.3757   11.3848
    0.0000   60.0000   15.0000 2647.2280   11.3949
    7.5000   60.0000   15.0000 2619.9934   11.5771
   -7.5000  -30.0000   22.5000 2131.3982   17.7394
    0.0000  -30.0000   22.5000 2145.0483   17.7046
    7.5000  -30.0000   22.5000 2128.9629   18.1329
   -7.5000  -22.5000   22.5000 2289.1570   15.4376
    0.0000  -22.5000   22.5000 2301.0520   15.3917
    7.5000  -22.5000   22.5000 2281.2444   15.8222
   -7.5000  -15.0000   22.5000 2431.8826   13.6352
    0.0000  -15.0000   22.5000 2441.9937   13.5821
    7.5000  -15.0000   22.5000 2421.0791   13.9818
   -7.5000   -7.5000   22.5000 2553.2820   12.2778
    0.0000   -7.5000   22.5000 2567.9253   12.2025
    7.5000   -7.5000   22.5000 2545.7495   12.5476
   -7.5000    0.0000   22.5000 2669.3140   11.2586
    0.0000    0.0000   22.5000 2686.7444   11.1637
    7.5000    0.0000   22.5000 2664.0100   11.4864
   -7.5000    7.5000   22.5000 2774.6511   10.4963
    0.0000    7.5000   22.5000 2797.4780   10.3969
    7.5000    7.5000   22.5000 2772.9067   10.7064
   -7.5000   15.0000   22.5000 2862.1787   10.0077
    0.0000   15.0000   22.5000 2883.1509    9.8874
    7.5000   15.0000   22.5000 2860.3433   10.1918
   -7.5000   22.5000   22.5000 2931.3384    9.7517
    0.0000   22.5000   22.5000 2957.8091    9.6041
    7.5000   22.5000   22.5000 2916.9888    9.9117
   -7.5000   30.0000   22.5000 2961.9683    9.6887
    0.0000   30.0000   22.5000 2981.8848    9.5979
    7.5000   30.0000   22.5000 2938.9268    9.8638
   -7.5000   37.5000   22.5000 2944.1753    9.9023
    0.0000   37.5000   22.5000 2966.6475    9.8370
    7.5000   37.5000   22.5000 2920.0210   10.0573
   -7.5000   45.0000   22.5000 2883.0222   10.3565
    0.0000   45.0000   22.5000 2898.8538   10.3035
    7.5000   45.0000   22.5000 2862.6450   10.4953
   -7.5000   52.5000   22.5000 2762.7664   10.9716
    0.0000   52.5000   22.5000 2778.7434   10.9410
    7.5000   52.5000   22.5000 2750.1592   11.1182
   -7.5000   60.0000   22.5000 2597.4883   11.5821
    0.0000   60.0000   22.5000 2613.1819   11.5890
    7.5000   60.0000   22.5000 2587.6008   11.7602
   -7.5000  -30.0000   30.0000 2098.1587   18.2584
    0.0000  -30.0000   30.0000 2114.1709   18.1337
    7.5000  -30.0000   30.0000 2103.9729   18.5538
   -7.5000  -22.5000   30.0000 2259.8098   15.9496
    0.0000  -22.5000   30.0000 2272.7122   15.8679
    7.5000  -22.5000   30.0000 2256.2764   16.2331
   -7.5000  -15.0000   30.0000 2406.4377   14.1381
    0.0000  -15.0000   30.0000 2417.2388   14.0712
    7.5000  -15.0000   30.0000 2391.9585   14.3898
   -7.5000   -7.5000   30.0000 2529.6431   12.7491
    0.0000   -7.5000   30.0000 2547.1741   12.6821
    7.5000   -7.5000   30.0000 2515.5391   12.9626
   -7.5000    0.0000   30.0000 2643.3538   11.7072
    0.0000    0.0000   30.0000 2663.1123   11.6331
    7.5000    0.0000   30.0000 2631.1001   11.8990
   -7.5000    7.5000   30.0000 2744.0803   10.9392
    0.0000    7.5000   30.0000 2765.7837   10.8366
    7.5000    7.5000   30.0000 2739.0449   11.0971
   -7.5000   15.0000   30.0000 2825.5679   10.4236
    0.0000   15.0000   30.0000 2847.5942   10.3051
    7.5000   15.0000   30.0000 2822.0198   10.5651
   -7.5000   22.5000   30.0000 2878.3992   10.1343
    0.0000   22.5000   30.0000 2904.6885   10.0103
    7.5000   22.5000   30.0000 2870.3035   10.2896
   -7.5000   30.0000   30.0000 2888.6863   10.0676
    0.0000   30.0000   30.0000 2910.3567    9.9865
    7.5000   30.0000   30.0000 2879.2815   10.2449
   -7.5000   37.5000   30.0000 2870.2974   10.2702
    0.0000   37.5000   30.0000 2892.9375   10.1944
    7.5000   37.5000   30.0000 2855.6687   10.4168
   -7.5000   45.0000   30.0000 2812.4966   10.7295
    0.0000   45.0000   30.0000 2830.2522   10.6751
    7.5000   45.0000   30.0000 2799.7554   10.8674
   -7.5000   52.5000   30.0000 2704.4199   11.3003
    0.0000   52.5000   30.0000 2721.3481   11.2934
    7.5000   52.5000   30.0000 2693.8401   11.4513
   -7.5000   60.0000   30.0000 2546.9585   11.9307
    0.0000   60.0000   30.0000 2566.1863   11.9399
    7.5000   60.0000   30.0000 2538.0161   12.0894
   -7.5000  -30.0000   37.5000 2067.9990   18.9693
    0.0000  -30.0000   37.5000 2081.7046   18.8142
    7.5000  -30.0000   37.5000 2071.9231   19.1585
   -7.5000  -22.5000   37.5000 2225.1917   16.6604
    0.0000  -22.5000   37.5000 2245.2163   16.5289
    7.5000  -22.5000   37.5000 2223.8647   16.8029
   -7.5000  -15.0000   37.5000 2368.8882   14.8284
    0.0000  -15.0000   37.5000 2388.8462   14.7326
    7.5000  -15.0000   37.5000 2358.2593   14.9745
   -7.5000   -7.5000   37.5000 2487.8015   13.3877
    0.0000   -7.5000   37.5000 2511.0984   13.3142
    7.5000   -7.5000   37.5000 2478.1243   13.5354
   -7.5000    0.0000   37.5000 2598.4956   12.3101
    0.0000    0.0000   37.5000 2620.3413   12.2282
    7.5000    0.0000   37.5000 2588.1545   12.4671
   -7.5000    7.5000   37.5000 2694.8418   11.5143
    0.0000    7.5000   37.5000 2718.2527   11.4226
    7.5000    7.5000   37.5000 2688.0981   11.6507
   -7.5000   15.0000   37.5000 2762.2305   10.9922
    0.0000   15.0000   37.5000 2787.8760   10.8811
    7.5000   15.0000   37.5000 2760.8523   11.1151
   -7.5000   22.5000   37.5000 2808.0911   10.6901
    0.0000   22.5000   37.5000 2829.8220   10.5835
    7.5000   22.5000   37.5000 2804.1389   10.8350
   -7.5000   30.0000   37.5000 2807.6831   10.6305
    0.0000   30.0000   37.5000 2827.5674   10.5370
    7.5000   30.0000   37.5000 2802.9006   10.7924
   -7.5000   37.5000   37.5000 2785.9436   10.7973
    0.0000   37.5000   37.5000 2808.2432   10.7173
    7.5000   37.5000   37.5000 2780.9114   10.9425
   -7.5000   45.0000   37.5000 2730.8569   11.2490
    0.0000   45.0000   37.5000 2748.4819   11.1857
    7.5000   45.0000   37.5000 2727.0308   11.3862
   -7.5000   52.5000   37.5000 2629.3074   11.7999
    0.0000   52.5000   37.5000 2646.0444   11.7753
    7.5000   52.5000   37.5000 2626.1228   11.9408
   -7.5000   60.0000   37.5000 2483.5869   12.3897
    0.0000   60.0000   37.5000 2499.8579   12.3800
    7.5000   60.0000   37.5000 2477.5435   12.5310
   -7.5000  -30.0000   45.0000 2031.4789   19.9399
    0.0000  -30.0000   45.0000 2041.8068   19.7108
    7.5000  -30.0000   45.0000 2026.9812   20.0028
   -7.5000  -22.5000   45.0000 2182.8040   17.5440
    0.0000  -22.5000   45.0000 2206.8530   17.3822
    7.5000  -22.5000   45.0000 2180.4985   17.6205
   -7.5000  -15.0000   45.0000 2325.4219   15.6710
    0.0000  -15.0000   45.0000 2349.9758   15.5479
    7.5000  -15.0000   45.0000 2319.0344   15.7574
   -7.5000   -7.5000   45.0000 2442.1831   14.1862
    0.0000   -7.5000   45.0000 2464.7671   14.0778
    7.5000   -7.5000   45.0000 2433.1438   14.2706
   -7.5000    0.0000   45.0000 2541.1514   13.0501
    0.0000    0.0000   45.0000 2563.4822   12.9602
    7.5000    0.0000   45.0000 2534.5676   13.1795
   -7.5000    7.5000   45.0000 2627.7930   12.2277
    0.0000    7.5000   45.0000 2651.1279   12.1477
    7.5000    7.5000   45.0000 2623.1587   12.3548
   -7.5000   15.0000   45.0000 2686.1870   11.7041
    0.0000   15.0000   45.0000 2709.1929   11.5949
    7.5000   15.0000   45.0000 2684.1917   11.8194
   -7.5000   22.5000   45.0000 2722.9741   11.4043
    0.0000   22.5000   45.0000 2739.1479   11.3182
    7.5000   22.5000   45.0000 2720.6824   11.5298
   -7.5000   30.0000   45.0000 2721.2639   11.3376
    0.0000   30.0000   45.0000 2740.0486   11.2533
    7.5000   30.0000   45.0000 2715.6978   11.4831
   -7.5000   37.5000   45.0000 2700.7717   11.4716
    0.0000   37.5000   45.0000 2721.2759   11.3968
    7.5000   37.5000   45.0000 2696.1331   11.6232
   -7.5000   45.0000   45.0000 2647.3184   11.9184
    0.0000   45.0000   45.0000 2666.4453   11.8551
    7.5000   45.0000   45.0000 2645.5913   12.0610
   -7.5000   52.5000   45.0000 2550.8472   12.4691
    0.0000   52.5000   45.0000 2569.0718   12.4277
    7.5000   52.5000   45.0000 2547.6606   12.6010
   -7.5000   60.0000   45.0000 2410.9297   13.0323
    0.0000   60.0000   45.0000 2426.2959   12.9983
    7.5000   60.0000   45.0000 2406.4702   13.1371

---------------------------------------------------------------------
imgreg_4dfp /opt/freesurfer/average/711-2C_as_mni_average_305 /opt/freesurfer/average/711-2B_as_mni_average_305_mask talsrcimg_g11 none talsrcimg_to_711-2C_as_mni_average_305_t4 1283
---------------------------------------------------------------------

freesurfer imgreg_4dfp.c
/opt/freesurfer/average/711-2C_as_mni_average_305.4dfp.img
       256       256       256         1
  1.000000  1.000000  1.000000
orientation T byte_order littleendian
Reading image: /opt/freesurfer/average/711-2C_as_mni_average_305.4dfp.img
dimensions:      256       256       256
mmppix:       1.0000   -1.0000   -1.0000
center:     128.0000 -129.0000 -129.0000
/opt/freesurfer/average/711-2B_as_mni_average_305_mask.4dfp.img
       256       256       256         1
  1.000000  1.000000  1.000000
orientation T byte_order littleendian
Reading mask: /opt/freesurfer/average/711-2B_as_mni_average_305_mask.4dfp.img (2306576 pixels)
talsrcimg_g11.4dfp.img
       256       256       256         1
  1.000000  1.000000  1.000000
orientation T byte_order littleendian
Reading image: talsrcimg_g11.4dfp.img
dimensions:      256       256       256
mmppix:       1.0000   -1.0000   -1.0000
center:     128.0000 -129.0000 -129.0000
rotation matrix determinant  1.000000
fimgreg.f
image alignment mode   1283 decimal      503 hex
parameters
    0.0000   30.0000    7.5000    0.0000    0.0000    0.0000
eta,q 0.96287  9.33780
niter,ni,del,rscale     5    3   12.0000    1.2000
parameters
   -1.4603   31.0484    9.0177    2.9450   -1.8568   -2.8329
eta,q 0.96456  9.25996
  0.0470  0.0509  0.0528  0.0451  0.0386  0.0368
  0.0424  0.0462  0.0466  0.0440  0.0366  0.0359
  0.0399  0.0421  0.0412  0.0416  0.0360  0.0352
  0.0399  0.0392  0.0386  0.0384  0.0364  0.0360
  0.0447  0.0388  0.0384  0.0363  0.0381  0.0387
  0.0508  0.0412  0.0402  0.0372  0.0416  0.0421
  0.0574  0.0456  0.0433  0.0396  0.0459  0.0449
niter,ni,del,rscale     4    3   12.0000    1.2000
parameters
   -1.8701   29.7953   10.1847    3.3437   -1.6308   -3.2683
eta,q 0.96658  9.28092
  0.0458  0.0440  0.0454  0.0425  0.0393  0.0384
  0.0399  0.0371  0.0395  0.0392  0.0366  0.0354
  0.0362  0.0333  0.0358  0.0343  0.0343  0.0338
  0.0354  0.0353  0.0336  0.0332  0.0334  0.0334
  0.0375  0.0402  0.0333  0.0348  0.0339  0.0340
  0.0422  0.0464  0.0352  0.0371  0.0354  0.0366
  0.0489  0.0515  0.0388  0.0404  0.0389  0.0402
niter,ni,del,rscale     3    3   12.0000    1.2000
parameters
   -2.0154   29.4554   10.3430    3.6428   -1.5756   -3.3225
eta,q 0.96677  9.27825
  0.0457  0.0471  0.0420  0.0422  0.0390  0.0391
  0.0393  0.0400  0.0372  0.0386  0.0363  0.0357
  0.0345  0.0338  0.0343  0.0339  0.0341  0.0337
  0.0334  0.0333  0.0331  0.0330  0.0332  0.0332
  0.0359  0.0369  0.0339  0.0347  0.0338  0.0337
  0.0401  0.0430  0.0366  0.0371  0.0356  0.0359
  0.0466  0.0492  0.0412  0.0405  0.0392  0.0394
niter,ni,del,rscale     2    3   12.0000    1.2000
parameters
   -2.0395   29.3047   10.4209    3.7937   -1.5646   -3.3362
eta,q 0.96678  9.27754
  0.0461  0.0479  0.0418  0.0420  0.0389  0.0392
  0.0396  0.0407  0.0371  0.0382  0.0363  0.0358
  0.0346  0.0342  0.0343  0.0336  0.0341  0.0337
  0.0332  0.0332  0.0331  0.0331  0.0332  0.0332
  0.0356  0.0363  0.0340  0.0348  0.0338  0.0337
  0.0397  0.0420  0.0367  0.0374  0.0356  0.0358
  0.0460  0.0486  0.0414  0.0408  0.0394  0.0393
niter,ni,del,rscale     1    3   12.0000    1.2000
parameters
   -2.0438   29.2348   10.4596    3.8668   -1.5626   -3.3428
eta,q 0.96678  9.27721
  0.0461  0.0482  0.0417  0.0418  0.0389  0.0392
  0.0397  0.0410  0.0370  0.0379  0.0363  0.0358
  0.0346  0.0344  0.0343  0.0335  0.0341  0.0337
  0.0332  0.0332  0.0332  0.0332  0.0332  0.0332
  0.0356  0.0360  0.0340  0.0349  0.0338  0.0337
  0.0396  0.0416  0.0368  0.0375  0.0357  0.0358
  0.0459  0.0483  0.0416  0.0410  0.0394  0.0393
registration optimization eta report
parameter search radius
    6.0000    6.0000    6.0000    6.0000    6.0000    6.0000
100000*second partial in parameter space
       35.       41.       23.       23.       16.       17.
  0.0461  0.0482  0.0417  0.0418  0.0389  0.0392
  0.0397  0.0410  0.0370  0.0379  0.0363  0.0358
  0.0346  0.0344  0.0343  0.0335  0.0341  0.0337
  0.0332  0.0332  0.0332  0.0332  0.0332  0.0332
  0.0356  0.0360  0.0340  0.0349  0.0338  0.0337
  0.0396  0.0416  0.0368  0.0375  0.0357  0.0358
  0.0459  0.0483  0.0416  0.0410  0.0394  0.0393
   -2.0438   29.2348   10.4596    3.8668   -1.5626   -3.3428
eta,q 0.96678  9.27721

---------------------------------------------------------------------
imgreg_4dfp /opt/freesurfer/average/711-2C_as_mni_average_305 /opt/freesurfer/average/711-2B_as_mni_average_305_mask talsrcimg_g11 none talsrcimg_to_711-2C_as_mni_average_305_t4 3335
---------------------------------------------------------------------

freesurfer imgreg_4dfp.c
/opt/freesurfer/average/711-2C_as_mni_average_305.4dfp.img
       256       256       256         1
  1.000000  1.000000  1.000000
orientation T byte_order littleendian
Reading image: /opt/freesurfer/average/711-2C_as_mni_average_305.4dfp.img
dimensions:      256       256       256
mmppix:       1.0000   -1.0000   -1.0000
center:     128.0000 -129.0000 -129.0000
/opt/freesurfer/average/711-2B_as_mni_average_305_mask.4dfp.img
       256       256       256         1
  1.000000  1.000000  1.000000
orientation T byte_order littleendian
Reading mask: /opt/freesurfer/average/711-2B_as_mni_average_305_mask.4dfp.img (2306576 pixels)
talsrcimg_g11.4dfp.img
       256       256       256         1
  1.000000  1.000000  1.000000
orientation T byte_order littleendian
Reading image: talsrcimg_g11.4dfp.img
dimensions:      256       256       256
mmppix:       1.0000   -1.0000   -1.0000
center:     128.0000 -129.0000 -129.0000
fimgreg.f
image alignment mode   3335 decimal      D07 hex
parameters
   -2.0438   29.2348   10.4596   -0.2073   -0.4081   -0.2648
    6.0012    2.3229   -5.8287   -6.8909   -2.7269    6.7412
eta,q 0.96842  9.25312
niter,ni,del,rscale     5    3    5.0000    1.2000
parameter  4  1.978337 ->  0.500000 qaram    1.1500
parameter  5  0.899331 ->  0.500000 qaram    1.1500
parameter  6  0.539281 ->  0.500000 qaram    1.1500
parameters
   -1.8296   28.9937   10.0161   -4.3473   -4.5481   -4.4048
    5.1416    3.6328   -4.3354   -8.3703   -1.8536    4.6434
eta,q 0.97682  8.95343
  0.0347  0.0332  0.0327  0.0250  0.0245  0.0243  0.0261  0.0292  0.0261  0.0255  0.0248  0.0239
  0.0331  0.0320  0.0319  0.0263  0.0244  0.0239  0.0247  0.0267  0.0249  0.0241  0.0240  0.0234
  0.0320  0.0315  0.0314  0.0286  0.0254  0.0239  0.0239  0.0249  0.0241  0.0233  0.0235  0.0232
  0.0316  0.0316  0.0315  0.0314  0.0269  0.0246  0.0239  0.0238  0.0237  0.0236  0.0233  0.0233
  0.0317  0.0320  0.0320  0.0346  0.0289  0.0268  0.0245  0.0238  0.0236  0.0246  0.0233  0.0237
  0.0325  0.0328  0.0329  0.0384  0.0318  0.0304  0.0257  0.0247  0.0239  0.0259  0.0237  0.0245
  0.0337  0.0338  0.0340  0.0423  0.0353  0.0344  0.0274  0.0265  0.0247  0.0276  0.0242  0.0255
niter,ni,del,rscale     7    3    5.0000    1.2000
parameters
   -1.5317   29.5806   10.2578   -7.9790   -4.9083   -4.2194
    4.9348    3.7413   -4.4162   -7.8331   -2.6876    4.3693
eta,q 0.97820  8.88835
  0.0271  0.0270  0.0246  0.0236  0.0254  0.0245  0.0245  0.0263  0.0236  0.0251  0.0227  0.0230
  0.0252  0.0252  0.0238  0.0223  0.0237  0.0234  0.0230  0.0240  0.0227  0.0235  0.0221  0.0223
  0.0239  0.0239  0.0232  0.0219  0.0225  0.0225  0.0221  0.0225  0.0220  0.0224  0.0218  0.0219
  0.0232  0.0231  0.0230  0.0229  0.0219  0.0219  0.0219  0.0219  0.0218  0.0218  0.0218  0.0218
  0.0232  0.0230  0.0230  0.0251  0.0225  0.0216  0.0223  0.0223  0.0221  0.0221  0.0220  0.0220
  0.0240  0.0235  0.0234  0.0280  0.0242  0.0222  0.0233  0.0238  0.0227  0.0230  0.0225  0.0224
  0.0257  0.0245  0.0241  0.0318  0.0262  0.0251  0.0248  0.0261  0.0237  0.0243  0.0231  0.0232
niter,ni,del,rscale     6    3    5.0000    1.2000
parameters
   -1.4788   29.7577   10.3185   -8.3987   -4.9487   -4.1811
    4.9985    3.8344   -4.3207   -7.6405   -2.9083    4.1680
eta,q 0.97816  8.87826
  0.0255  0.0247  0.0232  0.0256  0.0256  0.0243  0.0246  0.0261  0.0237  0.0248  0.0228  0.0230
  0.0235  0.0232  0.0224  0.0240  0.0239  0.0233  0.0231  0.0239  0.0227  0.0233  0.0223  0.0223
  0.0222  0.0222  0.0220  0.0226  0.0226  0.0224  0.0222  0.0224  0.0221  0.0223  0.0219  0.0220
  0.0218  0.0218  0.0218  0.0218  0.0219  0.0219  0.0218  0.0218  0.0218  0.0218  0.0218  0.0218
  0.0222  0.0220  0.0219  0.0224  0.0223  0.0216  0.0222  0.0223  0.0220  0.0221  0.0220  0.0220
  0.0233  0.0228  0.0223  0.0242  0.0239  0.0223  0.0231  0.0237  0.0226  0.0232  0.0224  0.0224
  0.0251  0.0239  0.0231  0.0269  0.0258  0.0252  0.0245  0.0259  0.0236  0.0245  0.0230  0.0232
niter,ni,del,rscale     5    3    5.0000    1.2000
parameters
   -1.4634   29.7952   10.3063   -8.4461   -4.9518   -4.1733
    4.9891    3.8621   -4.2778   -7.5609   -2.9302    4.0909
eta,q 0.97815  8.87710
  0.0253  0.0244  0.0231  0.0258  0.0256  0.0243  0.0246  0.0260  0.0236  0.0247  0.0229  0.0230
  0.0234  0.0230  0.0224  0.0243  0.0239  0.0233  0.0231  0.0238  0.0227  0.0233  0.0223  0.0224
  0.0222  0.0221  0.0220  0.0228  0.0226  0.0224  0.0222  0.0224  0.0221  0.0223  0.0220  0.0220
  0.0218  0.0218  0.0218  0.0218  0.0218  0.0218  0.0219  0.0219  0.0218  0.0219  0.0218  0.0218
  0.0223  0.0222  0.0220  0.0222  0.0223  0.0216  0.0222  0.0224  0.0220  0.0222  0.0220  0.0220
  0.0234  0.0230  0.0224  0.0239  0.0239  0.0223  0.0231  0.0238  0.0226  0.0232  0.0223  0.0224
  0.0252  0.0241  0.0232  0.0264  0.0258  0.0253  0.0246  0.0260  0.0236  0.0245  0.0229  0.0231
niter,ni,del,rscale     4    3    5.0000    1.2000
parameters
   -1.4602   29.8123   10.2955   -8.4482   -4.9526   -4.1666
    4.9841    3.8677   -4.2702   -7.5312   -2.9233    4.0634
eta,q 0.97816  8.87718
  0.0253  0.0244  0.0231  0.0258  0.0256  0.0243  0.0246  0.0260  0.0236  0.0246  0.0229  0.0231
  0.0234  0.0230  0.0224  0.0243  0.0239  0.0233  0.0231  0.0238  0.0226  0.0232  0.0223  0.0224
  0.0222  0.0221  0.0220  0.0228  0.0226  0.0224  0.0222  0.0223  0.0221  0.0223  0.0220  0.0220
  0.0218  0.0218  0.0218  0.0219  0.0219  0.0219  0.0218  0.0218  0.0218  0.0218  0.0218  0.0218
  0.0223  0.0222  0.0220  0.0222  0.0223  0.0216  0.0222  0.0224  0.0221  0.0222  0.0220  0.0220
  0.0234  0.0230  0.0224  0.0238  0.0239  0.0223  0.0231  0.0238  0.0227  0.0233  0.0223  0.0224
  0.0252  0.0242  0.0232  0.0264  0.0258  0.0253  0.0246  0.0260  0.0236  0.0246  0.0229  0.0231
registration optimization eta report
parameter search radius
    2.4000    2.4000    2.4000    8.2800    8.2800    8.2800
    7.2000    7.2000    7.2000    7.2000    7.2000    7.2000
100000*second partial in parameter space
       59.       42.       23.        6.        5.        4.
        5.        8.        3.        5.        2.        2.
  0.0253  0.0244  0.0231  0.0258  0.0256  0.0243  0.0246  0.0260  0.0236  0.0246  0.0229  0.0231
  0.0234  0.0230  0.0224  0.0243  0.0239  0.0233  0.0231  0.0238  0.0226  0.0232  0.0223  0.0224
  0.0222  0.0221  0.0220  0.0228  0.0226  0.0224  0.0222  0.0223  0.0221  0.0223  0.0220  0.0220
  0.0218  0.0218  0.0218  0.0219  0.0219  0.0219  0.0218  0.0218  0.0218  0.0218  0.0218  0.0218
  0.0223  0.0222  0.0220  0.0222  0.0223  0.0216  0.0222  0.0224  0.0221  0.0222  0.0220  0.0220
  0.0234  0.0230  0.0224  0.0238  0.0239  0.0223  0.0231  0.0238  0.0227  0.0233  0.0223  0.0224
  0.0252  0.0242  0.0232  0.0264  0.0258  0.0253  0.0246  0.0260  0.0236  0.0246  0.0229  0.0231
   -1.4602   29.8123   10.2955   -8.4482   -4.9526   -4.1666
    4.9841    3.8677   -4.2702   -7.5312   -2.9233    4.0634
eta,q 0.97816  8.87718

---------------------------------------------------------------------
imgreg_4dfp /opt/freesurfer/average/711-2C_as_mni_average_305 /opt/freesurfer/average/711-2B_as_mni_average_305_mask talsrcimg_g11 none talsrcimg_to_711-2C_as_mni_average_305_t4 2311
---------------------------------------------------------------------

freesurfer imgreg_4dfp.c
/opt/freesurfer/average/711-2C_as_mni_average_305.4dfp.img
       256       256       256         1
  1.000000  1.000000  1.000000
orientation T byte_order littleendian
Reading image: /opt/freesurfer/average/711-2C_as_mni_average_305.4dfp.img
dimensions:      256       256       256
mmppix:       1.0000   -1.0000   -1.0000
center:     128.0000 -129.0000 -129.0000
/opt/freesurfer/average/711-2B_as_mni_average_305_mask.4dfp.img
       256       256       256         1
  1.000000  1.000000  1.000000
orientation T byte_order littleendian
Reading mask: /opt/freesurfer/average/711-2B_as_mni_average_305_mask.4dfp.img (2306576 pixels)
talsrcimg_g11.4dfp.img
       256       256       256         1
  1.000000  1.000000  1.000000
orientation T byte_order littleendian
Reading image: talsrcimg_g11.4dfp.img
dimensions:      256       256       256
mmppix:       1.0000   -1.0000   -1.0000
center:     128.0000 -129.0000 -129.0000
fimgreg.f
image alignment mode   2311 decimal      907 hex
parameters
   -1.4602   29.8123   10.2955   -8.4482   -4.9526   -4.1666
    4.9841    3.8677   -4.2702   -7.5312   -2.9233    4.0634
eta,q 0.97816  8.87718
niter,ni,del,rscale     5    3    5.0000    0.8000
parameters
   -1.4743   29.7657   10.3233   -7.8992   -4.8520   -2.0142
    4.8915    4.1059   -4.3204   -7.5673   -2.2697    3.6209
eta,q 0.97848  8.96116
  0.0234  0.0229  0.0224  0.0239  0.0235  0.0230  0.0229  0.0241  0.0224  0.0231  0.0223  0.0220
  0.0225  0.0223  0.0221  0.0231  0.0227  0.0225  0.0221  0.0228  0.0219  0.0223  0.0219  0.0217
  0.0220  0.0219  0.0219  0.0223  0.0221  0.0221  0.0217  0.0219  0.0216  0.0218  0.0217  0.0216
  0.0218  0.0218  0.0218  0.0218  0.0218  0.0218  0.0215  0.0215  0.0215  0.0215  0.0215  0.0215
  0.0220  0.0220  0.0219  0.0218  0.0219  0.0216  0.0217  0.0217  0.0216  0.0217  0.0215  0.0216
  0.0226  0.0224  0.0221  0.0223  0.0225  0.0215  0.0222  0.0225  0.0219  0.0223  0.0217  0.0219
  0.0234  0.0230  0.0224  0.0233  0.0235  0.0219  0.0230  0.0237  0.0224  0.0231  0.0220  0.0223
niter,ni,del,rscale     4    3    5.0000    0.7000
parameters
   -1.5153   29.6911   10.1129   -7.8935   -4.8335   -2.3855
    4.9039    4.0236   -4.3738   -7.5020   -2.1708    3.7116
eta,q 0.97846  8.95170
  0.0228  0.0224  0.0219  0.0231  0.0230  0.0222  0.0226  0.0233  0.0222  0.0228  0.0220  0.0220
  0.0221  0.0219  0.0216  0.0223  0.0223  0.0219  0.0220  0.0224  0.0218  0.0222  0.0218  0.0218
  0.0216  0.0216  0.0215  0.0217  0.0218  0.0217  0.0217  0.0217  0.0216  0.0217  0.0216  0.0216
  0.0215  0.0215  0.0215  0.0215  0.0215  0.0215  0.0215  0.0215  0.0215  0.0215  0.0215  0.0215
  0.0217  0.0217  0.0216  0.0217  0.0216  0.0214  0.0217  0.0218  0.0216  0.0217  0.0216  0.0216
  0.0222  0.0220  0.0219  0.0223  0.0222  0.0218  0.0220  0.0224  0.0219  0.0221  0.0217  0.0217
  0.0229  0.0225  0.0222  0.0232  0.0230  0.0229  0.0226  0.0234  0.0222  0.0228  0.0220  0.0220
niter,ni,del,rscale     3    3    5.0000    0.6000
parameters
   -1.5243   29.7148   10.1441   -7.8037   -4.7955   -2.0958
    4.8772    4.0318   -4.3814   -7.4920   -2.0853    3.6035
eta,q 0.97850  8.96251
  0.0225  0.0223  0.0219  0.0228  0.0227  0.0221  0.0223  0.0229  0.0220  0.0225  0.0219  0.0218
  0.0220  0.0219  0.0217  0.0222  0.0221  0.0219  0.0219  0.0222  0.0217  0.0220  0.0217  0.0216
  0.0216  0.0216  0.0216  0.0217  0.0217  0.0217  0.0216  0.0217  0.0216  0.0216  0.0216  0.0215
  0.0215  0.0215  0.0215  0.0215  0.0215  0.0215  0.0215  0.0215  0.0215  0.0215  0.0215  0.0215
  0.0217  0.0216  0.0216  0.0217  0.0216  0.0214  0.0216  0.0217  0.0216  0.0216  0.0215  0.0215
  0.0220  0.0218  0.0217  0.0221  0.0220  0.0216  0.0219  0.0221  0.0217  0.0220  0.0217  0.0217
  0.0225  0.0222  0.0219  0.0227  0.0227  0.0221  0.0223  0.0229  0.0220  0.0225  0.0218  0.0219
niter,ni,del,rscale     2    3    5.0000    0.5000
parameters
   -1.5352   29.7066   10.1090   -7.8019   -4.7671   -1.8138
    4.8639    4.0512   -4.4005   -7.4741   -2.0064    3.5115
eta,q 0.97853  8.97087
  0.0222  0.0220  0.0218  0.0224  0.0223  0.0220  0.0220  0.0225  0.0218  0.0222  0.0217  0.0217
  0.0218  0.0217  0.0216  0.0219  0.0219  0.0218  0.0217  0.0220  0.0216  0.0218  0.0216  0.0216
  0.0216  0.0215  0.0215  0.0216  0.0216  0.0216  0.0215  0.0216  0.0215  0.0216  0.0215  0.0215
  0.0215  0.0215  0.0215  0.0215  0.0215  0.0215  0.0215  0.0215  0.0215  0.0215  0.0215  0.0215
  0.0216  0.0216  0.0215  0.0216  0.0216  0.0214  0.0215  0.0216  0.0215  0.0215  0.0215  0.0215
  0.0218  0.0217  0.0216  0.0219  0.0219  0.0215  0.0217  0.0219  0.0216  0.0218  0.0216  0.0216
  0.0222  0.0220  0.0218  0.0224  0.0223  0.0219  0.0221  0.0225  0.0218  0.0222  0.0217  0.0217
niter,ni,del,rscale     1    3    5.0000    0.4000
parameters
   -1.5418   29.7088   10.0762   -7.8223   -4.7450   -1.5291
    4.8561    4.0714   -4.3905   -7.4533   -1.9172    3.4135
eta,q 0.97855  8.97815
  0.0219  0.0218  0.0216  0.0221  0.0220  0.0218  0.0218  0.0221  0.0217  0.0219  0.0216  0.0216
  0.0217  0.0216  0.0215  0.0218  0.0218  0.0217  0.0216  0.0218  0.0216  0.0217  0.0215  0.0215
  0.0215  0.0215  0.0215  0.0215  0.0216  0.0216  0.0215  0.0215  0.0215  0.0215  0.0215  0.0215
  0.0215  0.0215  0.0215  0.0215  0.0215  0.0215  0.0214  0.0214  0.0214  0.0214  0.0214  0.0214
  0.0215  0.0215  0.0215  0.0215  0.0215  0.0214  0.0215  0.0215  0.0215  0.0215  0.0215  0.0215
  0.0217  0.0216  0.0216  0.0218  0.0217  0.0215  0.0216  0.0217  0.0215  0.0217  0.0215  0.0215
  0.0219  0.0218  0.0217  0.0221  0.0220  0.0217  0.0218  0.0221  0.0217  0.0219  0.0216  0.0216
registration optimization eta report
parameter search radius
    0.8000    0.8000    0.8000    2.4000    2.4000    2.4000
    2.4000    2.4000    2.4000    2.4000    2.4000    2.4000
100000*second partial in parameter space
       70.       50.       28.       11.       10.        5.
        7.       12.        4.        8.        3.        3.
  0.0219  0.0218  0.0216  0.0221  0.0220  0.0218  0.0218  0.0221  0.0217  0.0219  0.0216  0.0216
  0.0217  0.0216  0.0215  0.0218  0.0218  0.0217  0.0216  0.0218  0.0216  0.0217  0.0215  0.0215
  0.0215  0.0215  0.0215  0.0215  0.0216  0.0216  0.0215  0.0215  0.0215  0.0215  0.0215  0.0215
  0.0215  0.0215  0.0215  0.0215  0.0215  0.0215  0.0214  0.0214  0.0214  0.0214  0.0214  0.0214
  0.0215  0.0215  0.0215  0.0215  0.0215  0.0214  0.0215  0.0215  0.0215  0.0215  0.0215  0.0215
  0.0217  0.0216  0.0216  0.0218  0.0217  0.0215  0.0216  0.0217  0.0215  0.0217  0.0215  0.0215
  0.0219  0.0218  0.0217  0.0221  0.0220  0.0217  0.0218  0.0221  0.0217  0.0219  0.0216  0.0216
   -1.5418   29.7088   10.0762   -7.8223   -4.7450   -1.5291
    4.8561    4.0714   -4.3905   -7.4533   -1.9172    3.4135
eta,q 0.97855  8.97815

---------------------------------------------------------------------
imgreg_4dfp /opt/freesurfer/average/711-2C_as_mni_average_305 /opt/freesurfer/average/711-2B_as_mni_average_305_mask talsrcimg_g11 none talsrcimg_to_711-2C_as_mni_average_305_t4 2311
---------------------------------------------------------------------

freesurfer imgreg_4dfp.c
/opt/freesurfer/average/711-2C_as_mni_average_305.4dfp.img
       256       256       256         1
  1.000000  1.000000  1.000000
orientation T byte_order littleendian
Reading image: /opt/freesurfer/average/711-2C_as_mni_average_305.4dfp.img
dimensions:      256       256       256
mmppix:       1.0000   -1.0000   -1.0000
center:     128.0000 -129.0000 -129.0000
/opt/freesurfer/average/711-2B_as_mni_average_305_mask.4dfp.img
       256       256       256         1
  1.000000  1.000000  1.000000
orientation T byte_order littleendian
Reading mask: /opt/freesurfer/average/711-2B_as_mni_average_305_mask.4dfp.img (2306576 pixels)
talsrcimg_g11.4dfp.img
       256       256       256         1
  1.000000  1.000000  1.000000
orientation T byte_order littleendian
Reading image: talsrcimg_g11.4dfp.img
dimensions:      256       256       256
mmppix:       1.0000   -1.0000   -1.0000
center:     128.0000 -129.0000 -129.0000
fimgreg.f
image alignment mode   2311 decimal      907 hex
parameters
   -1.5418   29.7088   10.0762   -7.8223   -4.7450   -1.5291
    4.8561    4.0714   -4.3905   -7.4533   -1.9172    3.4135
eta,q 0.97855  8.97815
niter,ni,del,rscale     5    3    5.0000    0.8000
parameters
   -1.5368   29.7366   10.0502   -7.9992   -4.8875   -2.4771
    4.9173    3.9404   -4.4231   -7.3964   -2.0993    3.6538
eta,q 0.97844  8.94521
  0.0232  0.0228  0.0222  0.0234  0.0232  0.0223  0.0230  0.0237  0.0224  0.0231  0.0221  0.0222
  0.0222  0.0220  0.0218  0.0224  0.0224  0.0219  0.0222  0.0226  0.0220  0.0224  0.0218  0.0219
  0.0216  0.0216  0.0215  0.0217  0.0217  0.0217  0.0217  0.0218  0.0217  0.0218  0.0216  0.0217
  0.0214  0.0214  0.0214  0.0214  0.0214  0.0215  0.0216  0.0216  0.0216  0.0216  0.0216  0.0216
  0.0217  0.0216  0.0215  0.0217  0.0217  0.0215  0.0217  0.0219  0.0217  0.0217  0.0216  0.0216
  0.0222  0.0220  0.0218  0.0226  0.0225  0.0224  0.0222  0.0227  0.0220  0.0223  0.0219  0.0218
  0.0232  0.0226  0.0222  0.0238  0.0234  0.0242  0.0229  0.0240  0.0225  0.0231  0.0222  0.0221
niter,ni,del,rscale     4    3    5.0000    0.7000
parameters
   -1.5334   29.7555   10.1402   -7.8365   -4.8354   -2.3969
    4.8980    3.9725   -4.4069   -7.4307   -2.1423    3.6412
eta,q 0.97846  8.95204
  0.0229  0.0225  0.0221  0.0232  0.0230  0.0223  0.0226  0.0234  0.0222  0.0228  0.0220  0.0220
  0.0222  0.0220  0.0218  0.0225  0.0223  0.0220  0.0220  0.0224  0.0218  0.0221  0.0217  0.0217
  0.0217  0.0217  0.0216  0.0219  0.0218  0.0217  0.0217  0.0218  0.0216  0.0217  0.0216  0.0216
  0.0216  0.0216  0.0216  0.0216  0.0215  0.0215  0.0215  0.0215  0.0215  0.0215  0.0215  0.0215
  0.0217  0.0217  0.0216  0.0217  0.0217  0.0214  0.0217  0.0217  0.0216  0.0217  0.0216  0.0216
  0.0222  0.0220  0.0217  0.0222  0.0222  0.0217  0.0220  0.0224  0.0218  0.0221  0.0218  0.0217
  0.0229  0.0225  0.0220  0.0231  0.0230  0.0225  0.0226  0.0233  0.0222  0.0228  0.0220  0.0220
niter,ni,del,rscale     3    3    5.0000    0.6000
parameters
   -1.5319   29.7347   10.1408   -7.7997   -4.7981   -2.0835
    4.8790    4.0239   -4.4023   -7.4562   -2.0813    3.5665
eta,q 0.97850  8.96275
  0.0225  0.0222  0.0219  0.0228  0.0227  0.0221  0.0223  0.0229  0.0220  0.0225  0.0219  0.0218
  0.0220  0.0218  0.0217  0.0222  0.0221  0.0219  0.0219  0.0222  0.0217  0.0220  0.0217  0.0216
  0.0216  0.0216  0.0216  0.0217  0.0217  0.0217  0.0216  0.0217  0.0216  0.0216  0.0215  0.0215
  0.0215  0.0215  0.0215  0.0215  0.0215  0.0215  0.0215  0.0215  0.0215  0.0215  0.0215  0.0215
  0.0217  0.0216  0.0216  0.0217  0.0216  0.0214  0.0216  0.0216  0.0216  0.0216  0.0215  0.0215
  0.0220  0.0219  0.0217  0.0221  0.0221  0.0216  0.0219  0.0221  0.0217  0.0220  0.0217  0.0217
  0.0225  0.0223  0.0219  0.0228  0.0227  0.0221  0.0223  0.0229  0.0220  0.0225  0.0218  0.0219
niter,ni,del,rscale     2    3    5.0000    0.5000
parameters
   -1.5353   29.7172   10.1020   -7.8048   -4.7678   -1.8136
    4.8623    4.0524   -4.4015   -7.4527   -2.0032    3.4914
eta,q 0.97853  8.97075
  0.0222  0.0220  0.0218  0.0224  0.0223  0.0220  0.0220  0.0225  0.0218  0.0222  0.0217  0.0217
  0.0218  0.0217  0.0216  0.0219  0.0219  0.0218  0.0217  0.0220  0.0216  0.0218  0.0216  0.0216
  0.0216  0.0215  0.0215  0.0216  0.0216  0.0216  0.0215  0.0216  0.0215  0.0216  0.0215  0.0215
  0.0215  0.0215  0.0215  0.0215  0.0215  0.0215  0.0215  0.0215  0.0215  0.0215  0.0215  0.0215
  0.0216  0.0216  0.0215  0.0216  0.0216  0.0214  0.0215  0.0216  0.0215  0.0216  0.0215  0.0215
  0.0218  0.0217  0.0216  0.0219  0.0219  0.0215  0.0217  0.0219  0.0216  0.0218  0.0216  0.0216
  0.0222  0.0220  0.0218  0.0224  0.0223  0.0219  0.0221  0.0225  0.0218  0.0222  0.0217  0.0217
niter,ni,del,rscale     1    3    5.0000    0.4000
parameters
   -1.5434   29.7132   10.0648   -7.8174   -4.7443   -1.5227
    4.8534    4.0737   -4.4108   -7.4435   -1.9130    3.3793
eta,q 0.97855  8.97830
  0.0219  0.0218  0.0216  0.0221  0.0220  0.0218  0.0218  0.0221  0.0217  0.0219  0.0216  0.0216
  0.0217  0.0216  0.0215  0.0218  0.0218  0.0217  0.0216  0.0218  0.0216  0.0217  0.0215  0.0215
  0.0215  0.0215  0.0215  0.0215  0.0216  0.0216  0.0215  0.0215  0.0215  0.0215  0.0215  0.0215
  0.0215  0.0215  0.0215  0.0215  0.0215  0.0215  0.0215  0.0214  0.0214  0.0214  0.0214  0.0214
  0.0215  0.0215  0.0215  0.0215  0.0215  0.0214  0.0215  0.0215  0.0215  0.0215  0.0215  0.0215
  0.0217  0.0216  0.0216  0.0218  0.0217  0.0215  0.0216  0.0217  0.0216  0.0217  0.0215  0.0215
  0.0219  0.0218  0.0217  0.0221  0.0220  0.0217  0.0218  0.0221  0.0217  0.0219  0.0216  0.0216
registration optimization eta report
parameter search radius
    0.8000    0.8000    0.8000    2.4000    2.4000    2.4000
    2.4000    2.4000    2.4000    2.4000    2.4000    2.4000
100000*second partial in parameter space
       70.       51.       28.       11.       10.        5.
        6.       12.        4.        8.        3.        3.
  0.0219  0.0218  0.0216  0.0221  0.0220  0.0218  0.0218  0.0221  0.0217  0.0219  0.0216  0.0216
  0.0217  0.0216  0.0215  0.0218  0.0218  0.0217  0.0216  0.0218  0.0216  0.0217  0.0215  0.0215
  0.0215  0.0215  0.0215  0.0215  0.0216  0.0216  0.0215  0.0215  0.0215  0.0215  0.0215  0.0215
  0.0215  0.0215  0.0215  0.0215  0.0215  0.0215  0.0215  0.0214  0.0214  0.0214  0.0214  0.0214
  0.0215  0.0215  0.0215  0.0215  0.0215  0.0214  0.0215  0.0215  0.0215  0.0215  0.0215  0.0215
  0.0217  0.0216  0.0216  0.0218  0.0217  0.0215  0.0216  0.0217  0.0216  0.0217  0.0215  0.0215
  0.0219  0.0218  0.0217  0.0221  0.0220  0.0217  0.0218  0.0221  0.0217  0.0219  0.0216  0.0216
   -1.5434   29.7132   10.0648   -7.8174   -4.7443   -1.5227
    4.8534    4.0737   -4.4108   -7.4435   -1.9130    3.3793
eta,q 0.97855  8.97830

---------------------------------------------------------------------
compute_vox2vox talsrcimg talsrcimg_to_711-2C_as_mni_average_305_t4 /opt/freesurfer/average/711-2C_as_mni_average_305
---------------------------------------------------------------------

freesurfer compute_vox2vox.c
Reading: talsrcimg.4dfp.ifh
Reading: talsrcimg_to_711-2C_as_mni_average_305_t4
Reading: /opt/freesurfer/average/711-2C_as_mni_average_305.4dfp.ifh
Writing: talsrcimg_to_711-2C_as_mni_average_305_t4_vox2vox.txt

start time Tue Mar 10 07:46:26 CET 2026
end		time Tue Mar 10 07:47:51 CET 2026

mpr2mni305 success

avi2talxfm orig_nu.mgz /opt/freesurfer/average/mni305.cor.mgz talsrcimg_to_711-2C_as_mni_average_305_t4_vox2vox.txt transforms/talairach.auto.xfm
avi2talxfm done
mv -f /out/sourcedata/freesurfer/sub-v1s9x0051360_ses-1/mri/talsrcimg_to_711-2C_as_mni_average_305_t4_vox2vox.txt /out/sourcedata/freesurfer/sub-v1s9x0051360_ses-1/mri/transforms/talsrcimg_to_711-2C_as_mni_average_305_t4_vox2vox.txt
lta_convert --src orig_nu.mgz --trg /opt/freesurfer/average/mni305.cor.mgz --inxfm transforms/talairach.auto.xfm --outlta transforms/talairach.auto.xfm.lta --subject fsaverage
7.3.2

--src: orig_nu.mgz src image (geometry).
--trg: /opt/freesurfer/average/mni305.cor.mgz trg image (geometry).
--inmni: transforms/talairach.auto.xfm input MNI/XFM transform.
--outlta: transforms/talairach.auto.xfm.lta output LTA.
--s: fsaverage subject name
 LTA read, type : 1
 1.08124  -0.04876  -0.05336  -4.20404;
 0.01923   1.01188  -0.03688  -4.07785;
 0.05157   0.07681   1.04445  -51.46274;
 0.00000   0.00000   0.00000   1.00000;
setting subject to fsaverage
Writing  LTA to file transforms/talairach.auto.xfm.lta...
lta_convert successful.
 
 
Started at Tue Mar 10 07:46:25 CET 2026
Ended   at Tue Mar 10 07:47:51 CET 2026
talairach_avi done
