status file for recon-all
Tue Mar 10 09:25:26 CET 2026
#@# Tessellate rh Tue Mar 10 09:25:26 CET 2026
#@# Smooth1 rh Tue Mar 10 09:25:30 CET 2026
#@# Inflation1 rh Tue Mar 10 09:25:32 CET 2026
#@# QSphere rh Tue Mar 10 09:25:46 CET 2026
#@# Fix Topology rh Tue Mar 10 09:26:52 CET 2026
#@# Smooth2 rh Tue Mar 10 09:32:59 CET 2026
#@# Inflation2 rh Tue Mar 10 09:33:01 CET 2026
#@# Curv .H and .K rh Tue Mar 10 09:33:15 CET 2026
#@# Sphere rh Tue Mar 10 09:34:01 CET 2026
#@# Surf Reg rh Tue Mar 10 09:37:50 CET 2026
#@# Jacobian white rh Tue Mar 10 09:42:30 CET 2026
#@# AvgCurv rh Tue Mar 10 09:42:31 CET 2026
#@# Cortical Parc rh Tue Mar 10 09:42:32 CET 2026
#@# white curv rh Tue Mar 10 09:48:54 CET 2026
#@# white area rh Tue Mar 10 09:48:56 CET 2026
#@# pial curv rh Tue Mar 10 09:48:57 CET 2026
#@# pial area rh Tue Mar 10 09:48:59 CET 2026
#@# thickness rh Tue Mar 10 09:48:59 CET 2026
#@# area and vertex vol rh Tue Mar 10 09:49:28 CET 2026
#@# Curvature Stats rh Tue Mar 10 09:49:29 CET 2026
#@# Cortical Parc 2 rh Tue Mar 10 09:49:32 CET 2026
#@# Cortical Parc 3 rh Tue Mar 10 09:49:46 CET 2026
#@# WM/GM Contrast rh Tue Mar 10 09:49:56 CET 2026
recon-all -s sub-v1s9x0051349_ses-1 finished without error at Tue Mar 10 09:49:59 CET 2026



#New# invocation of recon-all 



status file for recon-all
Tue Mar 10 09:57:08 CET 2026
#@# white curv rh Tue Mar 10 09:57:08 CET 2026
#@# white area rh Tue Mar 10 09:57:08 CET 2026
#@# pial curv rh Tue Mar 10 09:57:08 CET 2026
#@# pial area rh Tue Mar 10 09:57:08 CET 2026
#@# thickness rh Tue Mar 10 09:57:08 CET 2026
#@# area and vertex vol rh Tue Mar 10 09:57:08 CET 2026
#@# Parcellation Stats rh Tue Mar 10 09:57:08 CET 2026
#@# Parcellation Stats 2 rh Tue Mar 10 09:57:27 CET 2026
#@# Parcellation Stats 3 rh Tue Mar 10 09:57:36 CET 2026
#@# BA_exvivo Labels rh Tue Mar 10 09:57:45 CET 2026
recon-all -s sub-v1s9x0051349_ses-1 finished without error at Tue Mar 10 10:00:23 CET 2026
