status file for recon-all
Tue Mar 10 09:00:00 CET 2026
#@# Tessellate lh Tue Mar 10 09:00:00 CET 2026
#@# Smooth1 lh Tue Mar 10 09:00:03 CET 2026
#@# Inflation1 lh Tue Mar 10 09:00:06 CET 2026
#@# QSphere lh Tue Mar 10 09:00:21 CET 2026
#@# Fix Topology lh Tue Mar 10 09:01:41 CET 2026
#@# Smooth2 lh Tue Mar 10 09:08:03 CET 2026
#@# Inflation2 lh Tue Mar 10 09:08:06 CET 2026
#@# Curv .H and .K lh Tue Mar 10 09:08:20 CET 2026
#@# Sphere lh Tue Mar 10 09:09:05 CET 2026
#@# Surf Reg lh Tue Mar 10 09:13:43 CET 2026
#@# Jacobian white lh Tue Mar 10 09:18:15 CET 2026
#@# AvgCurv lh Tue Mar 10 09:18:16 CET 2026
#@# Cortical Parc lh Tue Mar 10 09:18:17 CET 2026
#@# white curv lh Tue Mar 10 09:24:23 CET 2026
#@# white area lh Tue Mar 10 09:24:25 CET 2026
#@# pial curv lh Tue Mar 10 09:24:26 CET 2026
#@# pial area lh Tue Mar 10 09:24:28 CET 2026
#@# thickness lh Tue Mar 10 09:24:28 CET 2026
#@# area and vertex vol lh Tue Mar 10 09:24:56 CET 2026
#@# Curvature Stats lh Tue Mar 10 09:24:57 CET 2026
#@# Cortical Parc 2 lh Tue Mar 10 09:24:59 CET 2026
#@# Cortical Parc 3 lh Tue Mar 10 09:25:12 CET 2026
#@# WM/GM Contrast lh Tue Mar 10 09:25:22 CET 2026
recon-all -s sub-v1s9x0051349_ses-1 finished without error at Tue Mar 10 09:25:25 CET 2026



#New# invocation of recon-all 



status file for recon-all
Tue Mar 10 09:53:52 CET 2026
#@# white curv lh Tue Mar 10 09:53:52 CET 2026
#@# white area lh Tue Mar 10 09:53:52 CET 2026
#@# pial curv lh Tue Mar 10 09:53:52 CET 2026
#@# pial area lh Tue Mar 10 09:53:52 CET 2026
#@# thickness lh Tue Mar 10 09:53:52 CET 2026
#@# area and vertex vol lh Tue Mar 10 09:53:52 CET 2026
#@# Parcellation Stats lh Tue Mar 10 09:53:52 CET 2026
#@# Parcellation Stats 2 lh Tue Mar 10 09:54:09 CET 2026
#@# Parcellation Stats 3 lh Tue Mar 10 09:54:18 CET 2026
#@# BA_exvivo Labels lh Tue Mar 10 09:54:31 CET 2026
recon-all -s sub-v1s9x0051349_ses-1 finished without error at Tue Mar 10 09:57:06 CET 2026
