status file for recon-all
Tue Mar 10 09:08:31 CET 2026
#@# Tessellate lh Tue Mar 10 09:08:31 CET 2026
#@# Smooth1 lh Tue Mar 10 09:08:35 CET 2026
#@# Inflation1 lh Tue Mar 10 09:08:38 CET 2026
#@# QSphere lh Tue Mar 10 09:08:54 CET 2026
#@# Fix Topology lh Tue Mar 10 09:10:13 CET 2026
#@# Smooth2 lh Tue Mar 10 09:15:57 CET 2026
#@# Inflation2 lh Tue Mar 10 09:16:00 CET 2026
#@# Curv .H and .K lh Tue Mar 10 09:16:17 CET 2026
#@# Sphere lh Tue Mar 10 09:17:03 CET 2026
#@# Surf Reg lh Tue Mar 10 09:21:52 CET 2026
#@# Jacobian white lh Tue Mar 10 09:27:21 CET 2026
#@# AvgCurv lh Tue Mar 10 09:27:22 CET 2026
#@# Cortical Parc lh Tue Mar 10 09:27:22 CET 2026
#@# white curv lh Tue Mar 10 09:33:38 CET 2026
#@# white area lh Tue Mar 10 09:33:40 CET 2026
#@# pial curv lh Tue Mar 10 09:33:40 CET 2026
#@# pial area lh Tue Mar 10 09:33:43 CET 2026
#@# thickness lh Tue Mar 10 09:33:43 CET 2026
#@# area and vertex vol lh Tue Mar 10 09:34:12 CET 2026
#@# Curvature Stats lh Tue Mar 10 09:34:13 CET 2026
#@# Cortical Parc 2 lh Tue Mar 10 09:34:16 CET 2026
#@# Cortical Parc 3 lh Tue Mar 10 09:34:29 CET 2026
#@# WM/GM Contrast lh Tue Mar 10 09:34:39 CET 2026
recon-all -s sub-v1s9x0051351_ses-1 finished without error at Tue Mar 10 09:34:42 CET 2026



#New# invocation of recon-all 



status file for recon-all
Tue Mar 10 10:04:38 CET 2026
#@# white curv lh Tue Mar 10 10:04:38 CET 2026
#@# white area lh Tue Mar 10 10:04:38 CET 2026
#@# pial curv lh Tue Mar 10 10:04:38 CET 2026
#@# pial area lh Tue Mar 10 10:04:38 CET 2026
#@# thickness lh Tue Mar 10 10:04:38 CET 2026
#@# area and vertex vol lh Tue Mar 10 10:04:38 CET 2026
#@# Parcellation Stats lh Tue Mar 10 10:04:38 CET 2026
#@# Parcellation Stats 2 lh Tue Mar 10 10:04:56 CET 2026
#@# Parcellation Stats 3 lh Tue Mar 10 10:05:05 CET 2026
#@# BA_exvivo Labels lh Tue Mar 10 10:05:14 CET 2026
recon-all -s sub-v1s9x0051351_ses-1 finished without error at Tue Mar 10 10:07:51 CET 2026
