/out/sourcedata/freesurfer/sub-v1s9x0051355_ses-1/mri
/opt/freesurfer/bin/talairach_avi
--i orig_nu.mgz --xfm transforms/talairach.auto.xfm
talairach_avi 7.3.2
Linux dna087 5.14.0-427.37.1.el9_4.x86_64 #1 SMP PREEMPT_DYNAMIC Fri Sep 13 12:41:50 EDT 2024 x86_64 x86_64 x86_64 GNU/Linux
Tue Mar 10 07:32:42 CET 2026
mri_convert orig_nu.mgz talsrcimg.img 
reading from orig_nu.mgz...
TR=0.00, TE=0.00, TI=0.00, flip angle=0.00
i_ras = (-1, 0, 0)
j_ras = (0, 0, -1)
k_ras = (0, 1, 0)
writing to talsrcimg.img...
Analyze Output Matrix
-1.00000   0.00000   0.00000   125.41958;
 0.00000   0.00000   1.00000  -142.67299;
 0.00000  -1.00000   0.00000   101.40436;
 0.00000   0.00000   0.00000   1.00000;
--------------------
INFO: set hdr.hist.orient to -1
mpr2mni305 talsrcimg
Tue Mar 10 07:32:42 CET 2026
/opt/freesurfer/bin/mpr2mni305 talsrcimg
mpr2mni305 7.3.2
target=711-2C_as_mni_average_305

---------------------------------------------------------------------
analyzeto4dfp talsrcimg -O0 -y
---------------------------------------------------------------------

freesurfer ifh2hdr.c
Tue Mar 10 07:32:43 2026
Writing: talsrcimg.4dfp.hdr
freesurfer analyzeto4dfp.c
Reading: talsrcimg.hdr
header size 348 bytes
hdr.dime.datatype	offset=70	value=2
hdr.dime.bitpix		offset=72	value=8
hdr.hist.orient		offset=252	value=-1
dimensionality     4
dimensions       256       256       256         1
Reading: talsrcimg.img
Writing: talsrcimg.4dfp.img
Writing: talsrcimg.4dfp.ifh
ifh2hdr talsrcimg -r0to199
ori=2

---------------------------------------------------------------------
gauss_4dfp talsrcimg 1.1
---------------------------------------------------------------------

freesurfer gauss_4dfp.c
Reading: talsrcimg.4dfp.img
Writing: talsrcimg_g11.4dfp.img
image dimensions 256 256 256 padded to 288 288 288
processing volume 1freesurfer ifh2hdr.c
Tue Mar 10 07:32:44 2026
Writing: talsrcimg_g11.4dfp.hdr

Writing: talsrcimg_g11.4dfp.ifh
including: talsrcimg.4dfp.img.rec in talsrcimg_g11.4dfp.img.rec

---------------------------------------------------------------------
imgreg_4dfp /opt/freesurfer/average/711-2C_as_mni_average_305 none talsrcimg_g11 none talsrcimg_to_711-2C_as_mni_average_305_t4 4355
---------------------------------------------------------------------

freesurfer imgreg_4dfp.c
/opt/freesurfer/average/711-2C_as_mni_average_305.4dfp.img
       256       256       256         1
  1.000000  1.000000  1.000000
orientation T byte_order littleendian
Reading image: /opt/freesurfer/average/711-2C_as_mni_average_305.4dfp.img
dimensions:      256       256       256
mmppix:       1.0000   -1.0000   -1.0000
center:     128.0000 -129.0000 -129.0000
talsrcimg_g11.4dfp.img
       256       256       256         1
  1.000000  1.000000  1.000000
orientation T byte_order littleendian
Reading image: talsrcimg_g11.4dfp.img
dimensions:      256       256       256
mmppix:       1.0000   -1.0000   -1.0000
center:     128.0000 -129.0000 -129.0000
t4_read: open error in t4_sub.f l:  41 t4_file(1:l)talsrcimg_to_711-2C_as_mni_average_305_t4 
t4_read: transform initialized to I4
rotation matrix determinant  1.000000
image alignment mode   4355 decimal     1103 hex
   -7.5000  -45.0000  -45.0000 5705.8315   21.6900
    0.0000  -45.0000  -45.0000 5978.0713   21.7211
    7.5000  -45.0000  -45.0000 5821.0361   21.7718
   -7.5000  -37.5000  -45.0000 6261.8799   21.2004
    0.0000  -37.5000  -45.0000 6568.1230   21.2248
    7.5000  -37.5000  -45.0000 6381.1943   21.2736
   -7.5000  -30.0000  -45.0000 7128.5488   20.8300
    0.0000  -30.0000  -45.0000 7491.6431   20.8416
    7.5000  -30.0000  -45.0000 7244.6411   20.8899
   -7.5000  -22.5000  -45.0000 8067.5811   20.5644
    0.0000  -22.5000  -45.0000 8498.3301   20.5725
    7.5000  -22.5000  -45.0000 8202.2441   20.6213
   -7.5000  -15.0000  -45.0000 9012.6084   20.4928
    0.0000  -15.0000  -45.0000 9496.0254   20.5088
    7.5000  -15.0000  -45.0000 9156.9180   20.5575
   -7.5000   -7.5000  -45.0000 9985.2607   20.5111
    0.0000   -7.5000  -45.000010509.8301   20.5401
    7.5000   -7.5000  -45.000010100.0820   20.5873
   -7.5000    0.0000  -45.000010811.9443   20.5537
    0.0000    0.0000  -45.000011390.4580   20.5878
    7.5000    0.0000  -45.000010905.5146   20.6339
   -7.5000    7.5000  -45.000010746.8838   20.5835
    0.0000    7.5000  -45.000011331.6602   20.6086
    7.5000    7.5000  -45.000010828.7236   20.6543
   -7.5000   15.0000  -45.000010514.4385   20.5780
    0.0000   15.0000  -45.000011110.2305   20.5903
    7.5000   15.0000  -45.000010622.9473   20.6374
   -7.5000   22.5000  -45.000010313.3877   20.5271
    0.0000   22.5000  -45.000010875.4326   20.5355
    7.5000   22.5000  -45.000010414.7295   20.5842
   -7.5000   30.0000  -45.000010045.9922   20.2197
    0.0000   30.0000  -45.000010567.6465   20.2355
    7.5000   30.0000  -45.000010113.2578   20.2836
   -7.5000   37.5000  -45.000010194.3994   20.2378
    0.0000   37.5000  -45.000010714.4043   20.2664
    7.5000   37.5000  -45.000010230.7129   20.3130
   -7.5000   45.0000  -45.0000 9900.3604   19.7648
    0.0000   45.0000  -45.000010399.8584   19.7976
    7.5000   45.0000  -45.0000 9920.7939   19.8419
   -7.5000  -45.0000  -37.5000 6128.3179   21.7220
    0.0000  -45.0000  -37.5000 6424.1099   21.7548
    7.5000  -45.0000  -37.5000 6244.2886   21.8061
   -7.5000  -37.5000  -37.5000 6736.6040   21.2272
    0.0000  -37.5000  -37.5000 7064.9399   21.2586
    7.5000  -37.5000  -37.5000 6842.4473   21.3106
   -7.5000  -30.0000  -37.5000 7664.2075   20.8585
    0.0000  -30.0000  -37.5000 8059.3125   20.8788
    7.5000  -30.0000  -37.5000 7779.5552   20.9312
   -7.5000  -22.5000  -37.5000 8681.6377   20.5961
    0.0000  -22.5000  -37.5000 9130.3330   20.6095
    7.5000  -22.5000  -37.5000 8786.0430   20.6610
   -7.5000  -15.0000  -37.5000 9687.4814   20.5249
    0.0000  -15.0000  -37.500010185.2871   20.5412
    7.5000  -15.0000  -37.5000 9780.9990   20.5910
   -7.5000   -7.5000  -37.500010694.2422   20.5391
    0.0000   -7.5000  -37.500011279.5420   20.5667
    7.5000   -7.5000  -37.500010795.8867   20.6148
   -7.5000    0.0000  -37.500011573.2852   20.5781
    0.0000    0.0000  -37.500012222.6631   20.6139
    7.5000    0.0000  -37.500011667.2061   20.6615
   -7.5000    7.5000  -37.500011504.6465   20.6081
    0.0000    7.5000  -37.500012155.8145   20.6397
    7.5000    7.5000  -37.500011581.7461   20.6887
   -7.5000   15.0000  -37.500011261.9668   20.6059
    0.0000   15.0000  -37.500011932.2246   20.6266
    7.5000   15.0000  -37.500011360.2021   20.6778
   -7.5000   22.5000  -37.500011015.3320   20.5588
    0.0000   22.5000  -37.500011627.3545   20.5725
    7.5000   22.5000  -37.500011064.9678   20.6239
   -7.5000   30.0000  -37.500010695.6729   20.2514
    0.0000   30.0000  -37.500011267.1846   20.2675
    7.5000   30.0000  -37.500010715.2129   20.3166
   -7.5000   37.5000  -37.500010823.4961   20.2654
    0.0000   37.5000  -37.500011406.7285   20.2926
    7.5000   37.5000  -37.500010832.1074   20.3401
   -7.5000   45.0000  -37.500010493.0986   19.7883
    0.0000   45.0000  -37.500011062.2725   19.8228
    7.5000   45.0000  -37.500010501.3955   19.8685
   -7.5000  -45.0000  -30.0000 6658.5327   22.7124
    0.0000  -45.0000  -30.0000 6994.0049   22.7436
    7.5000  -45.0000  -30.0000 6765.5679   22.7933
   -7.5000  -37.5000  -30.0000 7324.4072   22.1849
    0.0000  -37.5000  -30.0000 7701.2637   22.2185
    7.5000  -37.5000  -30.0000 7421.8540   22.2730
   -7.5000  -30.0000  -30.0000 8356.1846   21.7946
    0.0000  -30.0000  -30.0000 8789.8633   21.8201
    7.5000  -30.0000  -30.0000 8437.7959   21.8762
   -7.5000  -22.5000  -30.0000 9463.3301   21.5255
    0.0000  -22.5000  -30.0000 9951.5088   21.5434
    7.5000  -22.5000  -30.0000 9525.6426   21.5953
   -7.5000  -15.0000  -30.000010528.3281   21.4585
    0.0000  -15.0000  -30.000011080.9727   21.4760
    7.5000  -15.0000  -30.000010591.8154   21.5234
   -7.5000   -7.5000  -30.000011587.7920   21.4744
    0.0000   -7.5000  -30.000012222.9268   21.5008
    7.5000   -7.5000  -30.000011657.6465   21.5458
   -7.5000    0.0000  -30.000012531.8896   21.5117
    0.0000    0.0000  -30.000013205.4502   21.5465
    7.5000    0.0000  -30.000012587.0645   21.5928
   -7.5000    7.5000  -30.000012446.4336   21.5362
    0.0000    7.5000  -30.000013123.3750   21.5701
    7.5000    7.5000  -30.000012482.4170   21.6215
   -7.5000   15.0000  -30.000012221.8125   21.5299
    0.0000   15.0000  -30.000012935.4385   21.5558
    7.5000   15.0000  -30.000012247.3242   21.6106
   -7.5000   22.5000  -30.000011917.4922   21.4843
    0.0000   22.5000  -30.000012597.7949   21.5024
    7.5000   22.5000  -30.000011899.8408   21.5542
   -7.5000   30.0000  -30.000011524.7637   21.1746
    0.0000   30.0000  -30.000012168.0166   21.1918
    7.5000   30.0000  -30.000011509.4346   21.2386
   -7.5000   37.5000  -30.000011621.8271   21.1903
    0.0000   37.5000  -30.000012279.9834   21.2163
    7.5000   37.5000  -30.000011608.4053   21.2607
   -7.5000   45.0000  -30.000011238.1230   20.7013
    0.0000   45.0000  -30.000011876.4062   20.7348
    7.5000   45.0000  -30.000011226.7939   20.7794
   -7.5000  -45.0000  -22.5000 7189.1484   23.5287
    0.0000  -45.0000  -22.5000 7554.4731   23.5566
    7.5000  -45.0000  -22.5000 7282.9868   23.6037
   -7.5000  -37.5000  -22.5000 7919.6128   22.9772
    0.0000  -37.5000  -22.5000 8330.7500   23.0056
    7.5000  -37.5000  -22.5000 8008.3770   23.0602
   -7.5000  -30.0000  -22.5000 9037.8037   22.5657
    0.0000  -30.0000  -22.5000 9500.5225   22.5876
    7.5000  -30.0000  -22.5000 9108.9336   22.6441
   -7.5000  -22.5000  -22.500010203.6055   22.2881
    0.0000  -22.5000  -22.500010750.1855   22.3049
    7.5000  -22.5000  -22.500010275.7910   22.3549
   -7.5000  -15.0000  -22.500011319.3350   22.2253
    0.0000  -15.0000  -22.500011940.6504   22.2434
    7.5000  -15.0000  -22.500011396.8486   22.2865
   -7.5000   -7.5000  -22.500012449.0518   22.2476
    0.0000   -7.5000  -22.500013141.1680   22.2738
    7.5000   -7.5000  -22.500012507.1006   22.3139
   -7.5000    0.0000  -22.500013460.0225   22.2872
    0.0000    0.0000  -22.500014184.1914   22.3191
    7.5000    0.0000  -22.500013463.2734   22.3621
   -7.5000    7.5000  -22.500013365.6768   22.3054
    0.0000    7.5000  -22.500014094.4512   22.3347
    7.5000    7.5000  -22.500013333.9326   22.3859
   -7.5000   15.0000  -22.500013129.1787   22.2912
    0.0000   15.0000  -22.500013903.7090   22.3137
    7.5000   15.0000  -22.500013097.3447   22.3689
   -7.5000   22.5000  -22.500012790.0820   22.2438
    0.0000   22.5000  -22.500013522.0449   22.2608
    7.5000   22.5000  -22.500012714.7881   22.3108
   -7.5000   30.0000  -22.500012348.5830   21.9345
    0.0000   30.0000  -22.500013065.6914   21.9525
    7.5000   30.0000  -22.500012283.2441   21.9950
   -7.5000   37.5000  -22.500012434.7217   21.9565
    0.0000   37.5000  -22.500013144.7324   21.9825
    7.5000   37.5000  -22.500012373.6631   22.0220
   -7.5000   45.0000  -22.500011973.2354   21.4637
    0.0000   45.0000  -22.500012665.1602   21.4944
    7.5000   45.0000  -22.500011922.2949   21.5358
   -7.5000  -45.0000  -15.0000 7706.8276   24.0584
    0.0000  -45.0000  -15.0000 8089.9058   24.0831
    7.5000  -45.0000  -15.0000 7788.2310   24.1291
   -7.5000  -37.5000  -15.0000 8513.9297   23.4986
    0.0000  -37.5000  -15.0000 8934.9678   23.5185
    7.5000  -37.5000  -15.0000 8582.6631   23.5708
   -7.5000  -30.0000  -15.0000 9714.3740   23.0749
    0.0000  -30.0000  -15.000010193.8750   23.0875
    7.5000  -30.0000  -15.0000 9757.8770   23.1424
   -7.5000  -22.5000  -15.000010948.7549   22.7877
    0.0000  -22.5000  -15.000011503.8496   22.7994
    7.5000  -22.5000  -15.000010986.2500   22.8495
   -7.5000  -15.0000  -15.000012119.6094   22.7236
    0.0000  -15.0000  -15.000012750.6660   22.7419
    7.5000  -15.0000  -15.000012168.2266   22.7856
   -7.5000   -7.5000  -15.000013283.4258   22.7510
    0.0000   -7.5000  -15.000013993.4814   22.7782
    7.5000   -7.5000  -15.000013299.5850   22.8175
   -7.5000    0.0000  -15.000014348.9434   22.7953
    0.0000    0.0000  -15.000015093.4668   22.8242
    7.5000    0.0000  -15.000014292.3252   22.8652
   -7.5000    7.5000  -15.000014268.8838   22.8131
    0.0000    7.5000  -15.000015014.4238   22.8346
    7.5000    7.5000  -15.000014158.3281   22.8833
   -7.5000   15.0000  -15.000014020.2109   22.7946
    0.0000   15.0000  -15.000014771.2129   22.8081
    7.5000   15.0000  -15.000013876.0713   22.8616
   -7.5000   22.5000  -15.000013621.7070   22.7414
    0.0000   22.5000  -15.000014344.4189   22.7533
    7.5000   22.5000  -15.000013453.5898   22.8033
   -7.5000   30.0000  -15.000013149.7461   22.4295
    0.0000   30.0000  -15.000013897.4512   22.4475
    7.5000   30.0000  -15.000013014.5303   22.4907
   -7.5000   37.5000  -15.000013251.1025   22.4566
    0.0000   37.5000  -15.000013993.6904   22.4834
    7.5000   37.5000  -15.000013112.0527   22.5222
   -7.5000   45.0000  -15.000012696.5586   21.9663
    0.0000   45.0000  -15.000013394.0869   21.9941
    7.5000   45.0000  -15.000012549.9932   22.0336
   -7.5000  -45.0000   -7.5000 8270.1914   24.2633
    0.0000  -45.0000   -7.5000 8680.5088   24.2913
    7.5000  -45.0000   -7.5000 8320.1299   24.3414
   -7.5000  -37.5000   -7.5000 9145.5127   23.7087
    0.0000  -37.5000   -7.5000 9589.7031   23.7278
    7.5000  -37.5000   -7.5000 9183.6787   23.7789
   -7.5000  -30.0000   -7.500010408.3643   23.2863
    0.0000  -30.0000   -7.500010917.0918   23.2944
    7.5000  -30.0000   -7.500010449.7764   23.3468
   -7.5000  -22.5000   -7.500011701.9189   22.9915
    0.0000  -22.5000   -7.500012270.4131   22.9995
    7.5000  -22.5000   -7.500011737.3389   23.0510
   -7.5000  -15.0000   -7.500012914.7930   22.9196
    0.0000  -15.0000   -7.500013559.8135   22.9378
    7.5000  -15.0000   -7.500012951.0244   22.9869
   -7.5000   -7.5000   -7.500014132.8809   22.9460
    0.0000   -7.5000   -7.500014822.7207   22.9762
    7.5000   -7.5000   -7.500014145.3438   23.0217
   -7.5000    0.0000   -7.500015279.2744   22.9936
    0.0000    0.0000   -7.500016001.2393   23.0255
    7.5000    0.0000   -7.500015213.0342   23.0701
   -7.5000    7.5000   -7.500015290.6123   23.0186
    0.0000    7.5000   -7.500016040.8027   23.0392
    7.5000    7.5000   -7.500015105.0625   23.0869
   -7.5000   15.0000   -7.500015047.8516   23.0041
    0.0000   15.0000   -7.500015701.6709   23.0132
    7.5000   15.0000   -7.500014735.3359   23.0642
   -7.5000   22.5000   -7.500014535.2393   22.9423
    0.0000   22.5000   -7.500015193.2568   22.9505
    7.5000   22.5000   -7.500014243.1465   23.0019
   -7.5000   30.0000   -7.500014010.0078   22.6224
    0.0000   30.0000   -7.500014702.7207   22.6403
    7.5000   30.0000   -7.500013770.7568   22.6888
   -7.5000   37.5000   -7.500014096.0664   22.6484
    0.0000   37.5000   -7.500014792.0000   22.6782
    7.5000   37.5000   -7.500013848.1328   22.7231
   -7.5000   45.0000   -7.500013444.2490   22.1615
    0.0000   45.0000   -7.500014101.7012   22.1922
    7.5000   45.0000   -7.500013176.1992   22.2352
   -7.5000  -45.0000    0.0000 8759.6338   24.2666
    0.0000  -45.0000    0.0000 9227.5684   24.3016
    7.5000  -45.0000    0.0000 8810.5410   24.3583
   -7.5000  -37.5000    0.0000 9670.2471   23.7187
    0.0000  -37.5000    0.000010157.1543   23.7460
    7.5000  -37.5000    0.0000 9708.9180   23.8006
   -7.5000  -30.0000    0.000011007.2012   23.3043
    0.0000  -30.0000    0.000011526.5967   23.3174
    7.5000  -30.0000    0.000011029.5801   23.3713
   -7.5000  -22.5000    0.000012389.8037   23.0071
    0.0000  -22.5000    0.000012943.2832   23.0164
    7.5000  -22.5000    0.000012396.8877   23.0709
   -7.5000  -15.0000    0.000013675.3320   22.9271
    0.0000  -15.0000    0.000014308.3213   22.9451
    7.5000  -15.0000    0.000013683.8545   22.9996
   -7.5000   -7.5000    0.000014949.8164   22.9476
    0.0000   -7.5000    0.000015638.0537   22.9801
    7.5000   -7.5000    0.000014942.6934   23.0329
   -7.5000    0.0000    0.000016177.8486   22.9952
    0.0000    0.0000    0.000016917.6094   23.0335
    7.5000    0.0000    0.000016075.6455   23.0850
   -7.5000    7.5000    0.000016248.2031   23.0285
    0.0000    7.5000    0.000016909.7676   23.0567
    7.5000    7.5000    0.000016011.4443   23.1078
   -7.5000   15.0000    0.000015923.9150   23.0224
    0.0000   15.0000    0.000016402.0469   23.0363
    7.5000   15.0000    0.000015549.3701   23.0889
   -7.5000   22.5000    0.000015356.6904   22.9580
    0.0000   22.5000    0.000015852.2773   22.9675
    7.5000   22.5000    0.000015004.6377   23.0219
   -7.5000   30.0000    0.000014797.3359   22.6303
    0.0000   30.0000    0.000015396.0518   22.6482
    7.5000   30.0000    0.000014520.5127   22.7019
   -7.5000   37.5000    0.000014826.4131   22.6506
    0.0000   37.5000    0.000015451.9971   22.6827
    7.5000   37.5000    0.000014560.4521   22.7348
   -7.5000   45.0000    0.000014090.6318   22.1647
    0.0000   45.0000    0.000014672.8496   22.2016
    7.5000   45.0000    0.000013771.9033   22.2513
   -7.5000  -45.0000    7.5000 8535.0918   24.3075
    0.0000  -45.0000    7.5000 8987.9570   24.3442
    7.5000  -45.0000    7.5000 8565.6602   24.4016
   -7.5000  -37.5000    7.5000 9449.7871   23.7538
    0.0000  -37.5000    7.5000 9942.7510   23.7889
    7.5000  -37.5000    7.5000 9482.1582   23.8471
   -7.5000  -30.0000    7.500010756.4814   23.3412
    0.0000  -30.0000    7.500011287.5498   23.3639
    7.5000  -30.0000    7.500010785.4678   23.4226
   -7.5000  -22.5000    7.500012045.0674   23.0476
    0.0000  -22.5000    7.500012630.8799   23.0626
    7.5000  -22.5000    7.500012117.4580   23.1202
   -7.5000  -15.0000    7.500013227.2852   22.9679
    0.0000  -15.0000    7.500013868.7451   22.9862
    7.5000  -15.0000    7.500013343.8262   23.0419
   -7.5000   -7.5000    7.500014394.7051   22.9838
    0.0000   -7.5000    7.500015062.8428   23.0147
    7.5000   -7.5000    7.500014529.2383   23.0685
   -7.5000    0.0000    7.500015511.9248   23.0274
    0.0000    0.0000    7.500016233.5049   23.0675
    7.5000    0.0000    7.500015652.1436   23.1208
   -7.5000    7.5000    7.500015579.0283   23.0610
    0.0000    7.5000    7.500016126.0059   23.0964
    7.5000    7.5000    7.500015573.7695   23.1512
   -7.5000   15.0000    7.500015333.8340   23.0585
    0.0000   15.0000    7.500015630.4814   23.0818
    7.5000   15.0000    7.500015101.7871   23.1391
   -7.5000   22.5000    7.500014912.0098   22.9984
    0.0000   22.5000    7.500015228.0205   23.0137
    7.5000   22.5000    7.500014591.6182   23.0712
   -7.5000   30.0000    7.500014430.0098   22.6707
    0.0000   30.0000    7.500014899.6045   22.6887
    7.5000   30.0000    7.500014150.1436   22.7437
   -7.5000   37.5000    7.500014442.1416   22.6864
    0.0000   37.5000    7.500014994.8936   22.7169
    7.5000   37.5000    7.500014189.0654   22.7700
   -7.5000   45.0000    7.500013663.5098   22.1958
    0.0000   45.0000    7.500014246.1758   22.2345
    7.5000   45.0000    7.500013406.9795   22.2857
   -7.5000  -45.0000   15.0000 8181.5835   24.3893
    0.0000  -45.0000   15.0000 8626.6592   24.4229
    7.5000  -45.0000   15.0000 8201.5869   24.4762
   -7.5000  -37.5000   15.0000 9042.4619   23.8229
    0.0000  -37.5000   15.0000 9538.1729   23.8590
    7.5000  -37.5000   15.0000 9077.1445   23.9175
   -7.5000  -30.0000   15.000010264.9990   23.4038
    0.0000  -30.0000   15.000010799.0010   23.4312
    7.5000  -30.0000   15.000010330.3486   23.4914
   -7.5000  -22.5000   15.000011488.9346   23.1149
    0.0000  -22.5000   15.000012072.7090   23.1341
    7.5000  -22.5000   15.000011609.3643   23.1898
   -7.5000  -15.0000   15.000012651.0332   23.0429
    0.0000  -15.0000   15.000013267.9482   23.0617
    7.5000  -15.0000   15.000012792.9658   23.1126
   -7.5000   -7.5000   15.000013785.1758   23.0600
    0.0000   -7.5000   15.000014406.7676   23.0883
    7.5000   -7.5000   15.000013934.9736   23.1366
   -7.5000    0.0000   15.000014863.3232   23.1000
    0.0000    0.0000   15.000015524.4043   23.1374
    7.5000    0.0000   15.000015040.6729   23.1872
   -7.5000    7.5000   15.000014831.3955   23.1263
    0.0000    7.5000   15.000015491.8145   23.1627
    7.5000    7.5000   15.000015020.1611   23.2179
   -7.5000   15.0000   15.000014628.6240   23.1196
    0.0000   15.0000   15.000015227.4912   23.1474
    7.5000   15.0000   15.000014676.6133   23.2062
   -7.5000   22.5000   15.000014297.6631   23.0655
    0.0000   22.5000   15.000014898.6377   23.0850
    7.5000   22.5000   15.000014189.8555   23.1406
   -7.5000   30.0000   15.000013835.1504   22.7447
    0.0000   30.0000   15.000014510.2070   22.7632
    7.5000   30.0000   15.000013707.4424   22.8135
   -7.5000   37.5000   15.000013846.5146   22.7616
    0.0000   37.5000   15.000014521.8447   22.7895
    7.5000   37.5000   15.000013711.8438   22.8372
   -7.5000   45.0000   15.000013075.2432   22.2658
    0.0000   45.0000   15.000013719.0781   22.3018
    7.5000   45.0000   15.000012913.3252   22.3498
   -7.5000  -45.0000   22.5000 7736.5483   24.4248
    0.0000  -45.0000   22.5000 8152.3882   24.4538
    7.5000  -45.0000   22.5000 7770.8525   24.5026
   -7.5000  -37.5000   22.5000 8558.6260   23.8523
    0.0000  -37.5000   22.5000 9045.8701   23.8817
    7.5000  -37.5000   22.5000 8638.6992   23.9384
   -7.5000  -30.0000   22.5000 9709.1035   23.4250
    0.0000  -30.0000   22.500010259.3203   23.4478
    7.5000  -30.0000   22.5000 9830.9619   23.5065
   -7.5000  -22.5000   22.500010880.6025   23.1369
    0.0000  -22.5000   22.500011497.8770   23.1543
    7.5000  -22.5000   22.500011032.9053   23.2062
   -7.5000  -15.0000   22.500011986.4473   23.0717
    0.0000  -15.0000   22.500012657.8721   23.0905
    7.5000  -15.0000   22.500012148.5439   23.1353
   -7.5000   -7.5000   22.500013070.8506   23.0948
    0.0000   -7.5000   22.500013797.0332   23.1221
    7.5000   -7.5000   22.500013253.9062   23.1636
   -7.5000    0.0000   22.500014081.1904   23.1360
    0.0000    0.0000   22.500014877.1826   23.1690
    7.5000    0.0000   22.500014296.1279   23.2137
   -7.5000    7.5000   22.500014014.2646   23.1549
    0.0000    7.5000   22.500014800.6826   23.1853
    7.5000    7.5000   22.500014225.6885   23.2385
   -7.5000   15.0000   22.500013803.9717   23.1401
    0.0000   15.0000   22.500014603.4678   23.1635
    7.5000   15.0000   22.500014016.9883   23.2208
   -7.5000   22.5000   22.500013499.7031   23.0874
    0.0000   22.5000   22.500014260.8066   23.1050
    7.5000   22.5000   22.500013667.0977   23.1569
   -7.5000   30.0000   22.500013074.3926   22.7731
    0.0000   30.0000   22.500013769.8926   22.7917
    7.5000   30.0000   22.500013166.9082   22.8358
   -7.5000   37.5000   22.500013092.2412   22.7959
    0.0000   37.5000   22.500013725.9678   22.8228
    7.5000   37.5000   22.500013093.6201   22.8639
   -7.5000   45.0000   22.500012350.7354   22.3004
    0.0000   45.0000   22.500012903.6670   22.3323
    7.5000   45.0000   22.500012260.9238   22.3753
   -7.5000  -45.0000   30.0000 7165.6377   24.4465
    0.0000  -45.0000   30.0000 7567.4741   24.4718
    7.5000  -45.0000   30.0000 7197.6245   24.5187
   -7.5000  -37.5000   30.0000 7909.0156   23.8763
    0.0000  -37.5000   30.0000 8394.7471   23.8967
    7.5000  -37.5000   30.0000 7992.6353   23.9500
   -7.5000  -30.0000   30.0000 8990.2793   23.4449
    0.0000  -30.0000   30.0000 9553.9873   23.4579
    7.5000  -30.0000   30.0000 9112.5264   23.5139
   -7.5000  -22.5000   30.000010108.7705   23.1527
    0.0000  -22.5000   30.000010751.1377   23.1648
    7.5000  -22.5000   30.000010243.2705   23.2158
   -7.5000  -15.0000   30.000011176.5791   23.0875
    0.0000  -15.0000   30.000011852.0088   23.1063
    7.5000  -15.0000   30.000011324.7031   23.1509
   -7.5000   -7.5000   30.000012221.6533   23.1153
    0.0000   -7.5000   30.000012922.8135   23.1431
    7.5000   -7.5000   30.000012364.2119   23.1833
   -7.5000    0.0000   30.000013187.2266   23.1602
    0.0000    0.0000   30.000013880.9521   23.1897
    7.5000    0.0000   30.000013290.2520   23.2315
   -7.5000    7.5000   30.000013095.5186   23.1782
    0.0000    7.5000   30.000013727.9424   23.2001
    7.5000    7.5000   30.000013155.9639   23.2499
   -7.5000   15.0000   30.000012861.9678   23.1595
    0.0000   15.0000   30.000013457.8311   23.1733
    7.5000   15.0000   30.000012895.2812   23.2279
   -7.5000   22.5000   30.000012533.0889   23.1030
    0.0000   22.5000   30.000013103.6162   23.1154
    7.5000   22.5000   30.000012558.9658   23.1663
   -7.5000   30.0000   30.000012139.9639   22.7887
    0.0000   30.0000   30.000012715.0732   22.8072
    7.5000   30.0000   30.000012182.5020   22.8512
   -7.5000   37.5000   30.000012177.5479   22.8161
    0.0000   37.5000   30.000012765.7002   22.8436
    7.5000   37.5000   30.000012232.1846   22.8832
   -7.5000   45.0000   30.000011488.2930   22.3237
    0.0000   45.0000   30.000012035.5498   22.3522
    7.5000   45.0000   30.000011495.0850   22.3925
   -7.5000  -45.0000   37.5000 6810.6987   24.4620
    0.0000  -45.0000   37.5000 7170.8398   24.4905
    7.5000  -45.0000   37.5000 6870.1685   24.5423
   -7.5000  -37.5000   37.5000 7541.7461   23.9012
    0.0000  -37.5000   37.5000 7950.8940   23.9207
    7.5000  -37.5000   37.5000 7618.0591   23.9733
   -7.5000  -30.0000   37.5000 8611.8887   23.4735
    0.0000  -30.0000   37.5000 9072.6631   23.4817
    7.5000  -30.0000   37.5000 8690.2451   23.5355
   -7.5000  -22.5000   37.5000 9698.7080   23.1749
    0.0000  -22.5000   37.500010214.8076   23.1830
    7.5000  -22.5000   37.5000 9774.1387   23.2360
   -7.5000  -15.0000   37.500010694.7061   23.1022
    0.0000  -15.0000   37.500011258.1719   23.1207
    7.5000  -15.0000   37.500010790.9707   23.1714
   -7.5000   -7.5000   37.500011663.8125   23.1289
    0.0000   -7.5000   37.500012250.1318   23.1597
    7.5000   -7.5000   37.500011772.3330   23.2067
   -7.5000    0.0000   37.500012535.1670   23.1770
    0.0000    0.0000   37.500013126.5039   23.2094
    7.5000    0.0000   37.500012616.5303   23.2555
   -7.5000    7.5000   37.500012421.7344   23.2022
    0.0000    7.5000   37.500012987.8047   23.2231
    7.5000    7.5000   37.500012493.3623   23.2721
   -7.5000   15.0000   37.500012195.3613   23.1875
    0.0000   15.0000   37.500012741.3906   23.1966
    7.5000   15.0000   37.500012262.5186   23.2491
   -7.5000   22.5000   37.500011877.5273   23.1251
    0.0000   22.5000   37.500012404.3672   23.1334
    7.5000   22.5000   37.500011930.9463   23.1863
   -7.5000   30.0000   37.500011548.9824   22.8033
    0.0000   30.0000   37.500012064.4297   22.8215
    7.5000   30.0000   37.500011590.6289   22.8715
   -7.5000   37.5000   37.500011639.5762   22.8296
    0.0000   37.5000   37.500012179.1475   22.8599
    7.5000   37.5000   37.500011677.3047   22.9063
   -7.5000   45.0000   37.500011002.9014   22.3400
    0.0000   45.0000   37.500011515.7891   22.3712
    7.5000   45.0000   37.500010994.7100   22.4156
   -7.5000  -45.0000   45.0000 6206.4800   24.7005
    0.0000  -45.0000   45.0000 6514.3062   24.7365
    7.5000  -45.0000   45.0000 6282.8350   24.7977
   -7.5000  -37.5000   45.0000 6884.6382   24.1363
    0.0000  -37.5000   45.0000 7225.2373   24.1639
    7.5000  -37.5000   45.0000 6954.5566   24.2228
   -7.5000  -30.0000   45.0000 7855.6011   23.7094
    0.0000  -30.0000   45.0000 8251.2842   23.7223
    7.5000  -30.0000   45.0000 7917.2041   23.7804
   -7.5000  -22.5000   45.0000 8830.4873   23.4033
    0.0000  -22.5000   45.0000 9281.4336   23.4122
    7.5000  -22.5000   45.0000 8891.3984   23.4711
   -7.5000  -15.0000   45.0000 9735.4688   23.3216
    0.0000  -15.0000   45.000010237.3955   23.3399
    7.5000  -15.0000   45.0000 9814.9961   23.3987
   -7.5000   -7.5000   45.000010613.5557   23.3429
    0.0000   -7.5000   45.000011165.9609   23.3763
    7.5000   -7.5000   45.000010717.9385   23.4333
   -7.5000    0.0000   45.000011380.0664   23.3922
    0.0000    0.0000   45.000011968.2207   23.4314
    7.5000    0.0000   45.000011496.9863   23.4869
   -7.5000    7.5000   45.000011273.7197   23.4266
    0.0000    7.5000   45.000011848.1611   23.4550
    7.5000    7.5000   45.000011383.8271   23.5101
   -7.5000   15.0000   45.000011050.3906   23.4201
    0.0000   15.0000   45.000011606.5996   23.4337
    7.5000   15.0000   45.000011159.2715   23.4904
   -7.5000   22.5000   45.000010767.5547   23.3536
    0.0000   22.5000   45.000011302.6680   23.3628
    7.5000   22.5000   45.000010864.7568   23.4215
   -7.5000   30.0000   45.000010500.6094   23.0178
    0.0000   30.0000   45.000011015.1309   23.0358
    7.5000   30.0000   45.000010575.5283   23.0938
   -7.5000   37.5000   45.000010607.6650   23.0388
    0.0000   37.5000   45.000011148.5068   23.0718
    7.5000   37.5000   45.000010699.4531   23.1280
   -7.5000   45.0000   45.000010021.7803   22.5576
    0.0000   45.0000   45.000010520.9414   22.5954
    7.5000   45.0000   45.000010081.3291   22.6490

---------------------------------------------------------------------
imgreg_4dfp /opt/freesurfer/average/711-2C_as_mni_average_305 /opt/freesurfer/average/711-2B_as_mni_average_305_mask talsrcimg_g11 none talsrcimg_to_711-2C_as_mni_average_305_t4 4355
---------------------------------------------------------------------

freesurfer imgreg_4dfp.c
/opt/freesurfer/average/711-2C_as_mni_average_305.4dfp.img
       256       256       256         1
  1.000000  1.000000  1.000000
orientation T byte_order littleendian
Reading image: /opt/freesurfer/average/711-2C_as_mni_average_305.4dfp.img
dimensions:      256       256       256
mmppix:       1.0000   -1.0000   -1.0000
center:     128.0000 -129.0000 -129.0000
/opt/freesurfer/average/711-2B_as_mni_average_305_mask.4dfp.img
       256       256       256         1
  1.000000  1.000000  1.000000
orientation T byte_order littleendian
Reading mask: /opt/freesurfer/average/711-2B_as_mni_average_305_mask.4dfp.img (2306576 pixels)
talsrcimg_g11.4dfp.img
       256       256       256         1
  1.000000  1.000000  1.000000
orientation T byte_order littleendian
Reading image: talsrcimg_g11.4dfp.img
dimensions:      256       256       256
mmppix:       1.0000   -1.0000   -1.0000
center:     128.0000 -129.0000 -129.0000
rotation matrix determinant  1.000000
image alignment mode   4355 decimal     1103 hex
   -7.5000  -45.0000  -45.0000 1597.6062   37.2923
    0.0000  -45.0000  -45.0000 1615.7737   36.8145
    7.5000  -45.0000  -45.0000 1618.0007   36.5981
   -7.5000  -37.5000  -45.0000 1712.3905   32.4010
    0.0000  -37.5000  -45.0000 1729.0513   32.0086
    7.5000  -37.5000  -45.0000 1732.5527   31.8653
   -7.5000  -30.0000  -45.0000 1826.9386   28.5222
    0.0000  -30.0000  -45.0000 1846.2155   28.2266
    7.5000  -30.0000  -45.0000 1846.8846   28.0484
   -7.5000  -22.5000  -45.0000 1948.7098   25.2669
    0.0000  -22.5000  -45.0000 1971.9258   25.0871
    7.5000  -22.5000  -45.0000 1972.1384   24.9295
   -7.5000  -15.0000  -45.0000 2056.0730   22.9235
    0.0000  -15.0000  -45.0000 2077.4597   22.8199
    7.5000  -15.0000  -45.0000 2077.5225   22.5930
   -7.5000   -7.5000  -45.0000 2150.7961   21.3345
    0.0000   -7.5000  -45.0000 2166.1865   21.2485
    7.5000   -7.5000  -45.0000 2165.0654   21.0742
   -7.5000    0.0000  -45.0000 2196.5381   20.2525
    0.0000    0.0000  -45.0000 2215.5874   20.1258
    7.5000    0.0000  -45.0000 2211.1360   19.9943
   -7.5000    7.5000  -45.0000 2226.1655   19.4960
    0.0000    7.5000  -45.0000 2245.4092   19.3014
    7.5000    7.5000  -45.0000 2239.8845   19.2187
   -7.5000   15.0000  -45.0000 2230.5156   19.0594
    0.0000   15.0000  -45.0000 2254.6067   18.7672
    7.5000   15.0000  -45.0000 2252.0293   18.7516
   -7.5000   22.5000  -45.0000 2234.6997   18.9689
    0.0000   22.5000  -45.0000 2258.8225   18.6769
    7.5000   22.5000  -45.0000 2258.9160   18.6629
   -7.5000   30.0000  -45.0000 2215.1553   19.4117
    0.0000   30.0000  -45.0000 2240.8926   19.0719
    7.5000   30.0000  -45.0000 2239.6160   19.0616
   -7.5000   37.5000  -45.0000 2188.8638   20.2975
    0.0000   37.5000  -45.0000 2215.0603   19.9360
    7.5000   37.5000  -45.0000 2215.0232   19.9434
   -7.5000   45.0000  -45.0000 2149.2822   21.5812
    0.0000   45.0000  -45.0000 2171.7407   21.1900
    7.5000   45.0000  -45.0000 2170.9841   21.2335
   -7.5000  -45.0000  -37.5000 1665.9950   34.5304
    0.0000  -45.0000  -37.5000 1683.6014   34.1573
    7.5000  -45.0000  -37.5000 1693.2363   33.8148
   -7.5000  -37.5000  -37.5000 1792.1740   29.9091
    0.0000  -37.5000  -37.5000 1805.8846   29.6227
    7.5000  -37.5000  -37.5000 1813.6215   29.3268
   -7.5000  -30.0000  -37.5000 1912.8252   26.2266
    0.0000  -30.0000  -37.5000 1931.3070   26.0223
    7.5000  -30.0000  -37.5000 1936.6469   25.7455
   -7.5000  -22.5000  -37.5000 2044.0972   23.2422
    0.0000  -22.5000  -37.5000 2065.2385   23.1044
    7.5000  -22.5000  -37.5000 2063.3362   22.8853
   -7.5000  -15.0000  -37.5000 2155.3262   21.0507
    0.0000  -15.0000  -37.5000 2174.5862   20.9389
    7.5000  -15.0000  -37.5000 2172.1270   20.7433
   -7.5000   -7.5000  -37.5000 2244.7688   19.5745
    0.0000   -7.5000  -37.5000 2269.2527   19.5255
    7.5000   -7.5000  -37.5000 2263.0479   19.3114
   -7.5000    0.0000  -37.5000 2293.9905   18.6039
    0.0000    0.0000  -37.5000 2320.4983   18.5521
    7.5000    0.0000  -37.5000 2316.8745   18.3823
   -7.5000    7.5000  -37.5000 2324.9563   17.9129
    0.0000    7.5000  -37.5000 2352.6145   17.8065
    7.5000    7.5000  -37.5000 2347.8433   17.7153
   -7.5000   15.0000  -37.5000 2339.5173   17.5242
    0.0000   15.0000  -37.5000 2366.4805   17.3579
    7.5000   15.0000  -37.5000 2366.2358   17.3182
   -7.5000   22.5000  -37.5000 2344.5066   17.4834
    0.0000   22.5000  -37.5000 2370.1772   17.2607
    7.5000   22.5000  -37.5000 2370.1113   17.2407
   -7.5000   30.0000  -37.5000 2326.7695   17.8538
    0.0000   30.0000  -37.5000 2352.1533   17.5948
    7.5000   30.0000  -37.5000 2353.0281   17.5816
   -7.5000   37.5000  -37.5000 2299.8008   18.6443
    0.0000   37.5000  -37.5000 2328.9575   18.3520
    7.5000   37.5000  -37.5000 2326.2805   18.3382
   -7.5000   45.0000  -37.5000 2255.4875   19.8483
    0.0000   45.0000  -37.5000 2280.5681   19.5312
    7.5000   45.0000  -37.5000 2277.8240   19.5387
   -7.5000  -45.0000  -30.0000 1762.7260   33.3069
    0.0000  -45.0000  -30.0000 1778.4836   33.0454
    7.5000  -45.0000  -30.0000 1782.0751   32.5932
   -7.5000  -37.5000  -30.0000 1891.7670   28.7767
    0.0000  -37.5000  -30.0000 1914.7386   28.5724
    7.5000  -37.5000  -30.0000 1915.4985   28.1788
   -7.5000  -30.0000  -30.0000 2027.9272   25.2167
    0.0000  -30.0000  -30.0000 2052.6978   25.0865
    7.5000  -30.0000  -30.0000 2048.1160   24.7506
   -7.5000  -22.5000  -30.0000 2168.4348   22.4106
    0.0000  -22.5000  -30.0000 2194.4346   22.2887
    7.5000  -22.5000  -30.0000 2183.9260   22.0186
   -7.5000  -15.0000  -30.0000 2282.0977   20.2305
    0.0000  -15.0000  -30.0000 2310.7039   20.1149
    7.5000  -15.0000  -30.0000 2297.9653   19.8880
   -7.5000   -7.5000  -30.0000 2377.2351   18.7591
    0.0000   -7.5000  -30.0000 2406.1001   18.6491
    7.5000   -7.5000  -30.0000 2396.0586   18.4572
   -7.5000    0.0000  -30.0000 2430.8521   17.7906
    0.0000    0.0000  -30.0000 2458.5173   17.6878
    7.5000    0.0000  -30.0000 2457.7253   17.5222
   -7.5000    7.5000  -30.0000 2470.3406   17.1337
    0.0000    7.5000  -30.0000 2494.4453   17.0231
    7.5000    7.5000  -30.0000 2495.6960   16.9173
   -7.5000   15.0000  -30.0000 2502.2085   16.7495
    0.0000   15.0000  -30.0000 2525.1575   16.6293
    7.5000   15.0000  -30.0000 2522.2588   16.5755
   -7.5000   22.5000  -30.0000 2509.8906   16.7305
    0.0000   22.5000  -30.0000 2534.5605   16.5689
    7.5000   22.5000  -30.0000 2533.3511   16.5370
   -7.5000   30.0000  -30.0000 2486.6011   17.0898
    0.0000   30.0000  -30.0000 2518.6558   16.8904
    7.5000   30.0000  -30.0000 2519.8552   16.8662
   -7.5000   37.5000  -30.0000 2454.2046   17.8703
    0.0000   37.5000  -30.0000 2490.2600   17.6392
    7.5000   37.5000  -30.0000 2487.8052   17.6303
   -7.5000   45.0000  -30.0000 2400.7253   19.0355
    0.0000   45.0000  -30.0000 2432.3442   18.8084
    7.5000   45.0000  -30.0000 2428.6238   18.8351
   -7.5000  -45.0000  -22.5000 1826.8542   31.9743
    0.0000  -45.0000  -22.5000 1847.2617   31.6644
    7.5000  -45.0000  -22.5000 1847.0536   31.1592
   -7.5000  -37.5000  -22.5000 1964.6757   27.5324
    0.0000  -37.5000  -22.5000 1991.7782   27.2985
    7.5000  -37.5000  -22.5000 1989.2185   26.8836
   -7.5000  -30.0000  -22.5000 2109.1548   24.0740
    0.0000  -30.0000  -22.5000 2135.8135   23.9083
    7.5000  -30.0000  -22.5000 2131.4126   23.6171
   -7.5000  -22.5000  -22.5000 2252.2322   21.3415
    0.0000  -22.5000  -22.5000 2285.4050   21.1882
    7.5000  -22.5000  -22.5000 2276.0894   20.9872
   -7.5000  -15.0000  -22.5000 2367.9861   19.2849
    0.0000  -15.0000  -22.5000 2402.8977   19.1416
    7.5000  -15.0000  -22.5000 2394.2244   18.9567
   -7.5000   -7.5000  -22.5000 2473.1143   17.8573
    0.0000   -7.5000  -22.5000 2506.4087   17.7353
    7.5000   -7.5000  -22.5000 2498.1895   17.5400
   -7.5000    0.0000  -22.5000 2539.6738   16.8929
    0.0000    0.0000  -22.5000 2572.1726   16.7408
    7.5000    0.0000  -22.5000 2567.8716   16.5915
   -7.5000    7.5000  -22.5000 2586.5457   16.2523
    0.0000    7.5000  -22.5000 2614.2256   16.1281
    7.5000    7.5000  -22.5000 2611.5618   16.0314
   -7.5000   15.0000  -22.5000 2626.5857   15.8777
    0.0000   15.0000  -22.5000 2653.1934   15.7659
    7.5000   15.0000  -22.5000 2650.4602   15.7115
   -7.5000   22.5000  -22.5000 2641.2275   15.8308
    0.0000   22.5000  -22.5000 2672.7620   15.7036
    7.5000   22.5000  -22.5000 2667.3403   15.6762
   -7.5000   30.0000  -22.5000 2620.0554   16.2286
    0.0000   30.0000  -22.5000 2660.1455   16.0597
    7.5000   30.0000  -22.5000 2653.3840   16.0386
   -7.5000   37.5000  -22.5000 2585.0574   17.0078
    0.0000   37.5000  -22.5000 2626.4167   16.8092
    7.5000   37.5000  -22.5000 2618.0857   16.8367
   -7.5000   45.0000  -22.5000 2520.3499   18.1899
    0.0000   45.0000  -22.5000 2557.9834   17.9680
    7.5000   45.0000  -22.5000 2549.7595   17.9817
   -7.5000  -45.0000  -15.0000 1857.7167   30.5218
    0.0000  -45.0000  -15.0000 1880.1378   30.1576
    7.5000  -45.0000  -15.0000 1879.3823   29.7881
   -7.5000  -37.5000  -15.0000 2005.3271   26.3220
    0.0000  -37.5000  -15.0000 2031.2789   25.9709
    7.5000  -37.5000  -15.0000 2032.3132   25.7746
   -7.5000  -30.0000  -15.0000 2157.7292   23.0237
    0.0000  -30.0000  -15.0000 2183.2222   22.7025
    7.5000  -30.0000  -15.0000 2183.3408   22.5875
   -7.5000  -22.5000  -15.0000 2304.1167   20.3535
    0.0000  -22.5000  -15.0000 2332.8022   20.1020
    7.5000  -22.5000  -15.0000 2330.8508   20.0000
   -7.5000  -15.0000  -15.0000 2422.1191   18.3660
    0.0000  -15.0000  -15.0000 2452.4773   18.1574
    7.5000  -15.0000  -15.0000 2452.0476   18.0349
   -7.5000   -7.5000  -15.0000 2533.5249   16.9742
    0.0000   -7.5000  -15.0000 2570.0142   16.7711
    7.5000   -7.5000  -15.0000 2566.3044   16.6575
   -7.5000    0.0000  -15.0000 2615.1592   16.0181
    0.0000    0.0000  -15.0000 2650.3652   15.8437
    7.5000    0.0000  -15.0000 2647.3447   15.7417
   -7.5000    7.5000  -15.0000 2673.9487   15.3844
    0.0000    7.5000  -15.0000 2706.3687   15.2348
    7.5000    7.5000  -15.0000 2702.1765   15.1674
   -7.5000   15.0000  -15.0000 2718.4026   15.0083
    0.0000   15.0000  -15.0000 2752.2192   14.9156
    7.5000   15.0000  -15.0000 2742.1677   14.8550
   -7.5000   22.5000  -15.0000 2737.6875   14.9628
    0.0000   22.5000  -15.0000 2771.8059   14.8296
    7.5000   22.5000  -15.0000 2761.4150   14.8200
   -7.5000   30.0000  -15.0000 2724.1516   15.3747
    0.0000   30.0000  -15.0000 2762.8140   15.1939
    7.5000   30.0000  -15.0000 2754.3313   15.2112
   -7.5000   37.5000  -15.0000 2685.6069   16.1843
    0.0000   37.5000  -15.0000 2722.5449   15.9909
    7.5000   37.5000  -15.0000 2713.1045   16.0231
   -7.5000   45.0000  -15.0000 2611.5117   17.3190
    0.0000   45.0000  -15.0000 2640.5615   17.1083
    7.5000   45.0000  -15.0000 2627.6653   17.1314
   -7.5000  -45.0000   -7.5000 1881.4974   29.3282
    0.0000  -45.0000   -7.5000 1903.0157   28.8172
    7.5000  -45.0000   -7.5000 1909.1489   28.7117
   -7.5000  -37.5000   -7.5000 2033.1553   25.2712
    0.0000  -37.5000   -7.5000 2056.1648   24.8181
    7.5000  -37.5000   -7.5000 2064.5986   24.8316
   -7.5000  -30.0000   -7.5000 2183.8713   22.0411
    0.0000  -30.0000   -7.5000 2211.4194   21.6689
    7.5000  -30.0000   -7.5000 2217.8982   21.7211
   -7.5000  -22.5000   -7.5000 2334.8704   19.4606
    0.0000  -22.5000   -7.5000 2360.2556   19.1450
    7.5000  -22.5000   -7.5000 2366.0220   19.2201
   -7.5000  -15.0000   -7.5000 2459.3623   17.5368
    0.0000  -15.0000   -7.5000 2488.0471   17.2693
    7.5000  -15.0000   -7.5000 2490.4810   17.3146
   -7.5000   -7.5000   -7.5000 2577.2473   16.1846
    0.0000   -7.5000   -7.5000 2610.0518   15.9285
    7.5000   -7.5000   -7.5000 2614.2673   15.9368
   -7.5000    0.0000   -7.5000 2671.5012   15.2455
    0.0000    0.0000   -7.5000 2709.8528   15.0166
    7.5000    0.0000   -7.5000 2710.0393   15.0030
   -7.5000    7.5000   -7.5000 2749.6409   14.6397
    0.0000    7.5000   -7.5000 2787.7563   14.4398
    7.5000    7.5000   -7.5000 2784.4470   14.4321
   -7.5000   15.0000   -7.5000 2802.3257   14.3178
    0.0000   15.0000   -7.5000 2841.2668   14.1073
    7.5000   15.0000   -7.5000 2827.3662   14.1186
   -7.5000   22.5000   -7.5000 2826.1248   14.2599
    0.0000   22.5000   -7.5000 2860.1345   14.0336
    7.5000   22.5000   -7.5000 2844.1401   14.0664
   -7.5000   30.0000   -7.5000 2808.8020   14.6119
    0.0000   30.0000   -7.5000 2845.0579   14.4253
    7.5000   30.0000   -7.5000 2833.6489   14.4516
   -7.5000   37.5000   -7.5000 2761.5056   15.3801
    0.0000   37.5000   -7.5000 2794.1069   15.1773
    7.5000   37.5000   -7.5000 2781.3936   15.2572
   -7.5000   45.0000   -7.5000 2673.0198   16.5129
    0.0000   45.0000   -7.5000 2697.5056   16.2863
    7.5000   45.0000   -7.5000 2687.4683   16.3438
   -7.5000  -45.0000    0.0000 1890.4399   28.7327
    0.0000  -45.0000    0.0000 1921.5369   28.3007
    7.5000  -45.0000    0.0000 1926.7859   28.3638
   -7.5000  -37.5000    0.0000 2040.9309   24.6514
    0.0000  -37.5000    0.0000 2071.0027   24.2041
    7.5000  -37.5000    0.0000 2079.8928   24.3926
   -7.5000  -30.0000    0.0000 2192.1355   21.4266
    0.0000  -30.0000    0.0000 2221.4680   20.9897
    7.5000  -30.0000    0.0000 2229.0083   21.2437
   -7.5000  -22.5000    0.0000 2352.5740   18.9159
    0.0000  -22.5000    0.0000 2373.4895   18.5108
    7.5000  -22.5000    0.0000 2382.8083   18.7700
   -7.5000  -15.0000    0.0000 2480.8931   17.0376
    0.0000  -15.0000    0.0000 2507.2739   16.6647
    7.5000  -15.0000    0.0000 2514.2249   16.8756
   -7.5000   -7.5000    0.0000 2605.8718   15.7019
    0.0000   -7.5000    0.0000 2636.0752   15.3580
    7.5000   -7.5000    0.0000 2643.1609   15.4890
   -7.5000    0.0000    0.0000 2706.6714   14.7787
    0.0000    0.0000    0.0000 2741.1367   14.4453
    7.5000    0.0000    0.0000 2745.5437   14.5576
   -7.5000    7.5000    0.0000 2803.9658   14.1611
    0.0000    7.5000    0.0000 2837.9966   13.8556
    7.5000    7.5000    0.0000 2838.7825   13.9440
   -7.5000   15.0000    0.0000 2870.7075   13.8523
    0.0000   15.0000    0.0000 2910.6594   13.4795
    7.5000   15.0000    0.0000 2893.3374   13.6188
   -7.5000   22.5000    0.0000 2898.0349   13.7407
    0.0000   22.5000    0.0000 2927.2405   13.3843
    7.5000   22.5000    0.0000 2908.9458   13.5484
   -7.5000   30.0000    0.0000 2868.0776   14.1436
    0.0000   30.0000    0.0000 2901.1665   13.8905
    7.5000   30.0000    0.0000 2889.6272   13.9781
   -7.5000   37.5000    0.0000 2805.6990   14.9237
    0.0000   37.5000    0.0000 2832.7666   14.6499
    7.5000   37.5000    0.0000 2827.9272   14.7330
   -7.5000   45.0000    0.0000 2710.8420   16.0378
    0.0000   45.0000    0.0000 2729.6003   15.7193
    7.5000   45.0000    0.0000 2724.7434   15.8143
   -7.5000  -45.0000    7.5000 1884.7904   28.5860
    0.0000  -45.0000    7.5000 1917.2300   28.0777
    7.5000  -45.0000    7.5000 1924.3837   28.2666
   -7.5000  -37.5000    7.5000 2047.3989   24.4361
    0.0000  -37.5000    7.5000 2079.1489   24.0489
    7.5000  -37.5000    7.5000 2085.9080   24.3572
   -7.5000  -30.0000    7.5000 2208.1682   21.2101
    0.0000  -30.0000    7.5000 2233.8274   20.8384
    7.5000  -30.0000    7.5000 2240.8972   21.2108
   -7.5000  -22.5000    7.5000 2362.7578   18.6933
    0.0000  -22.5000    7.5000 2385.8171   18.3349
    7.5000  -22.5000    7.5000 2395.5862   18.7041
   -7.5000  -15.0000    7.5000 2490.2397   16.8261
    0.0000  -15.0000    7.5000 2514.0264   16.4678
    7.5000  -15.0000    7.5000 2523.6941   16.7872
   -7.5000   -7.5000    7.5000 2611.9631   15.4837
    0.0000   -7.5000    7.5000 2635.9429   15.1052
    7.5000   -7.5000    7.5000 2647.5344   15.4005
   -7.5000    0.0000    7.5000 2715.9829   14.5275
    0.0000    0.0000    7.5000 2741.8743   14.1451
    7.5000    0.0000    7.5000 2755.9690   14.4339
   -7.5000    7.5000    7.5000 2821.3831   13.8885
    0.0000    7.5000    7.5000 2850.1643   13.5243
    7.5000    7.5000    7.5000 2857.2085   13.7724
   -7.5000   15.0000    7.5000 2896.6750   13.5598
    0.0000   15.0000    7.5000 2928.9763   13.0854
    7.5000   15.0000    7.5000 2921.9109   13.4034
   -7.5000   22.5000    7.5000 2934.5239   13.5258
    0.0000   22.5000    7.5000 2962.3638   13.0910
    7.5000   22.5000    7.5000 2946.9932   13.3217
   -7.5000   30.0000    7.5000 2895.9976   13.9774
    0.0000   30.0000    7.5000 2936.6128   13.7107
    7.5000   30.0000    7.5000 2925.0430   13.7924
   -7.5000   37.5000    7.5000 2822.0691   14.7734
    0.0000   37.5000    7.5000 2857.8955   14.4944
    7.5000   37.5000    7.5000 2850.1096   14.5435
   -7.5000   45.0000    7.5000 2719.1653   15.8802
    0.0000   45.0000    7.5000 2747.1313   15.6002
    7.5000   45.0000    7.5000 2739.2441   15.6305
   -7.5000  -45.0000   15.0000 1867.1615   28.7136
    0.0000  -45.0000   15.0000 1894.7843   28.3229
    7.5000  -45.0000   15.0000 1909.2242   28.5546
   -7.5000  -37.5000   15.0000 2035.9557   24.4860
    0.0000  -37.5000   15.0000 2066.9238   24.1449
    7.5000  -37.5000   15.0000 2076.5522   24.5177
   -7.5000  -30.0000   15.0000 2199.6829   21.2281
    0.0000  -30.0000   15.0000 2226.9121   20.8932
    7.5000  -30.0000   15.0000 2231.4312   21.3761
   -7.5000  -22.5000   15.0000 2353.7864   18.7514
    0.0000  -22.5000   15.0000 2381.7944   18.4114
    7.5000  -22.5000   15.0000 2383.8721   18.9042
   -7.5000  -15.0000   15.0000 2485.0481   16.9365
    0.0000  -15.0000   15.0000 2508.8645   16.5634
    7.5000  -15.0000   15.0000 2510.8779   16.9902
   -7.5000   -7.5000   15.0000 2609.7307   15.6500
    0.0000   -7.5000   15.0000 2629.0193   15.2512
    7.5000   -7.5000   15.0000 2634.5305   15.5884
   -7.5000    0.0000   15.0000 2717.3625   14.7228
    0.0000    0.0000   15.0000 2737.8137   14.3602
    7.5000    0.0000   15.0000 2744.7546   14.6288
   -7.5000    7.5000   15.0000 2808.8333   14.0721
    0.0000    7.5000   15.0000 2842.1006   13.7647
    7.5000    7.5000   15.0000 2841.0923   14.0121
   -7.5000   15.0000   15.0000 2878.3489   13.7105
    0.0000   15.0000   15.0000 2923.6982   13.4177
    7.5000   15.0000   15.0000 2909.2673   13.6907
   -7.5000   22.5000   15.0000 2921.4673   13.6728
    0.0000   22.5000   15.0000 2965.1753   13.4730
    7.5000   22.5000   15.0000 2942.4578   13.5744
   -7.5000   30.0000   15.0000 2886.6541   14.0969
    0.0000   30.0000   15.0000 2936.0527   13.9131
    7.5000   30.0000   15.0000 2912.2976   13.9058
   -7.5000   37.5000   15.0000 2809.9062   14.8666
    0.0000   37.5000   15.0000 2845.9385   14.6579
    7.5000   37.5000   15.0000 2831.1892   14.6454
   -7.5000   45.0000   15.0000 2702.6270   15.9886
    0.0000   45.0000   15.0000 2733.5950   15.7595
    7.5000   45.0000   15.0000 2720.7832   15.7378
   -7.5000  -45.0000   22.5000 1842.6748   29.3098
    0.0000  -45.0000   22.5000 1869.5472   29.0373
    7.5000  -45.0000   22.5000 1886.5654   29.3801
   -7.5000  -37.5000   22.5000 2016.5520   25.0508
    0.0000  -37.5000   22.5000 2049.7305   24.7379
    7.5000  -37.5000   22.5000 2060.4854   25.2168
   -7.5000  -30.0000   22.5000 2184.0679   21.6997
    0.0000  -30.0000   22.5000 2212.2502   21.3785
    7.5000  -30.0000   22.5000 2217.0913   21.9403
   -7.5000  -22.5000   22.5000 2344.3613   19.1679
    0.0000  -22.5000   22.5000 2370.2646   18.8368
    7.5000  -22.5000   22.5000 2367.9570   19.3720
   -7.5000  -15.0000   22.5000 2473.1824   17.3317
    0.0000  -15.0000   22.5000 2497.4668   16.9931
    7.5000  -15.0000   22.5000 2489.6343   17.4225
   -7.5000   -7.5000   22.5000 2595.1301   16.0594
    0.0000   -7.5000   22.5000 2620.1860   15.7339
    7.5000   -7.5000   22.5000 2613.8462   16.0549
   -7.5000    0.0000   22.5000 2694.8701   15.1306
    0.0000    0.0000   22.5000 2725.9426   14.8706
    7.5000    0.0000   22.5000 2720.8206   15.1252
   -7.5000    7.5000   22.5000 2781.2422   14.4923
    0.0000    7.5000   22.5000 2815.2493   14.2527
    7.5000    7.5000   22.5000 2809.9673   14.5278
   -7.5000   15.0000   22.5000 2842.7864   14.1247
    0.0000   15.0000   22.5000 2875.9060   13.9458
    7.5000   15.0000   22.5000 2870.5156   14.1742
   -7.5000   22.5000   22.5000 2868.9434   14.1197
    0.0000   22.5000   22.5000 2902.0186   13.9937
    7.5000   22.5000   22.5000 2891.0684   14.1240
   -7.5000   30.0000   22.5000 2835.2595   14.4878
    0.0000   30.0000   22.5000 2872.7827   14.3341
    7.5000   30.0000   22.5000 2857.7390   14.4248
   -7.5000   37.5000   22.5000 2767.9202   15.2375
    0.0000   37.5000   22.5000 2799.1973   15.0293
    7.5000   37.5000   22.5000 2784.8557   15.0720
   -7.5000   45.0000   22.5000 2666.7881   16.3252
    0.0000   45.0000   22.5000 2693.5986   16.0788
    7.5000   45.0000   22.5000 2682.3442   16.0733
   -7.5000  -45.0000   30.0000 1814.8401   30.1388
    0.0000  -45.0000   30.0000 1839.4977   29.9632
    7.5000  -45.0000   30.0000 1850.6754   30.2738
   -7.5000  -37.5000   30.0000 1985.0524   25.7153
    0.0000  -37.5000   30.0000 2017.7240   25.5533
    7.5000  -37.5000   30.0000 2024.2803   26.0143
   -7.5000  -30.0000   30.0000 2154.2708   22.3174
    0.0000  -30.0000   30.0000 2186.0259   22.1872
    7.5000  -30.0000   30.0000 2185.6497   22.6983
   -7.5000  -22.5000   30.0000 2316.9768   19.8208
    0.0000  -22.5000   30.0000 2348.0952   19.6454
    7.5000  -22.5000   30.0000 2334.7324   20.1263
   -7.5000  -15.0000   30.0000 2445.0862   18.0139
    0.0000  -15.0000   30.0000 2472.4287   17.7971
    7.5000  -15.0000   30.0000 2459.1748   18.2075
   -7.5000   -7.5000   30.0000 2560.9575   16.7860
    0.0000   -7.5000   30.0000 2583.3516   16.5291
    7.5000   -7.5000   30.0000 2574.4192   16.8791
   -7.5000    0.0000   30.0000 2652.3347   15.8833
    0.0000    0.0000   30.0000 2673.7983   15.5926
    7.5000    0.0000   30.0000 2668.6760   15.8827
   -7.5000    7.5000   30.0000 2726.3481   15.2206
    0.0000    7.5000   30.0000 2750.6174   14.9256
    7.5000    7.5000   30.0000 2743.9775   15.1920
   -7.5000   15.0000   30.0000 2779.2280   14.8188
    0.0000   15.0000   30.0000 2801.7356   14.5734
    7.5000   15.0000   30.0000 2795.8386   14.7872
   -7.5000   22.5000   30.0000 2790.1875   14.7800
    0.0000   22.5000   30.0000 2816.8289   14.5605
    7.5000   22.5000   30.0000 2806.0796   14.6989
   -7.5000   30.0000   30.0000 2757.1123   15.1090
    0.0000   30.0000   30.0000 2787.5679   14.9364
    7.5000   30.0000   30.0000 2773.7378   15.0190
   -7.5000   37.5000   30.0000 2694.3997   15.8174
    0.0000   37.5000   30.0000 2721.3171   15.6859
    7.5000   37.5000   30.0000 2709.7041   15.7387
   -7.5000   45.0000   30.0000 2604.5356   16.8682
    0.0000   45.0000   30.0000 2627.6990   16.7462
    7.5000   45.0000   30.0000 2616.8098   16.8003
   -7.5000  -45.0000   37.5000 1778.9896   31.3441
    0.0000  -45.0000   37.5000 1802.8059   31.1813
    7.5000  -45.0000   37.5000 1811.2310   31.6657
   -7.5000  -37.5000   37.5000 1952.9613   26.8644
    0.0000  -37.5000   37.5000 1975.1313   26.7258
    7.5000  -37.5000   37.5000 1979.3861   27.2553
   -7.5000  -30.0000   37.5000 2123.0095   23.4822
    0.0000  -30.0000   37.5000 2145.6794   23.3194
    7.5000  -30.0000   37.5000 2141.9438   23.8242
   -7.5000  -22.5000   37.5000 2280.6562   20.9402
    0.0000  -22.5000   37.5000 2307.2859   20.7300
    7.5000  -22.5000   37.5000 2292.4814   21.1775
   -7.5000  -15.0000   37.5000 2402.2366   19.0624
    0.0000  -15.0000   37.5000 2427.9729   18.8008
    7.5000  -15.0000   37.5000 2411.9209   19.2306
   -7.5000   -7.5000   37.5000 2505.6855   17.7714
    0.0000   -7.5000   37.5000 2529.1946   17.4602
    7.5000   -7.5000   37.5000 2517.9399   17.8183
   -7.5000    0.0000   37.5000 2585.1440   16.8137
    0.0000    0.0000   37.5000 2609.6426   16.4630
    7.5000    0.0000   37.5000 2598.3789   16.7830
   -7.5000    7.5000   37.5000 2647.2520   16.1153
    0.0000    7.5000   37.5000 2672.1770   15.8533
    7.5000    7.5000   37.5000 2664.1863   16.0859
   -7.5000   15.0000   37.5000 2690.2388   15.7079
    0.0000   15.0000   37.5000 2710.7839   15.4656
    7.5000   15.0000   37.5000 2705.9941   15.6695
   -7.5000   22.5000   37.5000 2694.4590   15.6468
    0.0000   22.5000   37.5000 2719.2781   15.4454
    7.5000   22.5000   37.5000 2708.0149   15.5965
   -7.5000   30.0000   37.5000 2669.5933   15.9285
    0.0000   30.0000   37.5000 2694.7078   15.7671
    7.5000   30.0000   37.5000 2680.6431   15.8969
   -7.5000   37.5000   37.5000 2611.8027   16.6546
    0.0000   37.5000   37.5000 2637.3176   16.4942
    7.5000   37.5000   37.5000 2622.1165   16.5816
   -7.5000   45.0000   37.5000 2529.3953   17.7198
    0.0000   45.0000   37.5000 2553.7493   17.5615
    7.5000   45.0000   37.5000 2538.6741   17.6189
   -7.5000  -45.0000   45.0000 1736.3733   32.9130
    0.0000  -45.0000   45.0000 1756.1567   32.8485
    7.5000  -45.0000   45.0000 1761.9109   33.6145
   -7.5000  -37.5000   45.0000 1910.7875   28.3366
    0.0000  -37.5000   45.0000 1929.8772   28.2480
    7.5000  -37.5000   45.0000 1927.8060   28.8829
   -7.5000  -30.0000   45.0000 2075.8130   24.9009
    0.0000  -30.0000   45.0000 2098.2744   24.7281
    7.5000  -30.0000   45.0000 2088.5569   25.2511
   -7.5000  -22.5000   45.0000 2227.8665   22.2565
    0.0000  -22.5000   45.0000 2253.7927   22.0534
    7.5000  -22.5000   45.0000 2235.5217   22.4959
   -7.5000  -15.0000   45.0000 2344.8140   20.2756
    0.0000  -15.0000   45.0000 2368.2551   20.0738
    7.5000  -15.0000   45.0000 2349.4055   20.4476
   -7.5000   -7.5000   45.0000 2445.6523   18.9446
    0.0000   -7.5000   45.0000 2464.7344   18.6663
    7.5000   -7.5000   45.0000 2446.3291   18.9866
   -7.5000    0.0000   45.0000 2510.9380   17.9684
    0.0000    0.0000   45.0000 2535.2202   17.6921
    7.5000    0.0000   45.0000 2517.5798   17.9617
   -7.5000    7.5000   45.0000 2560.1704   17.2594
    0.0000    7.5000   45.0000 2583.5520   17.0636
    7.5000    7.5000   45.0000 2573.5574   17.2485
   -7.5000   15.0000   45.0000 2586.1135   16.8501
    0.0000   15.0000   45.0000 2607.9551   16.6626
    7.5000   15.0000   45.0000 2600.6882   16.8390
   -7.5000   22.5000   45.0000 2587.2854   16.7794
    0.0000   22.5000   45.0000 2613.6074   16.6324
    7.5000   22.5000   45.0000 2601.6396   16.7562
   -7.5000   30.0000   45.0000 2573.8784   17.0248
    0.0000   30.0000   45.0000 2594.8711   16.9245
    7.5000   30.0000   45.0000 2578.8364   17.0145
   -7.5000   37.5000   45.0000 2518.3467   17.7552
    0.0000   37.5000   45.0000 2547.2231   17.6659
    7.5000   37.5000   45.0000 2529.9749   17.7171
   -7.5000   45.0000   45.0000 2444.8606   18.8118
    0.0000   45.0000   45.0000 2468.8794   18.6958
    7.5000   45.0000   45.0000 2454.6345   18.7424

---------------------------------------------------------------------
imgreg_4dfp /opt/freesurfer/average/711-2C_as_mni_average_305 /opt/freesurfer/average/711-2B_as_mni_average_305_mask talsrcimg_g11 none talsrcimg_to_711-2C_as_mni_average_305_t4 1283
---------------------------------------------------------------------

freesurfer imgreg_4dfp.c
/opt/freesurfer/average/711-2C_as_mni_average_305.4dfp.img
       256       256       256         1
  1.000000  1.000000  1.000000
orientation T byte_order littleendian
Reading image: /opt/freesurfer/average/711-2C_as_mni_average_305.4dfp.img
dimensions:      256       256       256
mmppix:       1.0000   -1.0000   -1.0000
center:     128.0000 -129.0000 -129.0000
/opt/freesurfer/average/711-2B_as_mni_average_305_mask.4dfp.img
       256       256       256         1
  1.000000  1.000000  1.000000
orientation T byte_order littleendian
Reading mask: /opt/freesurfer/average/711-2B_as_mni_average_305_mask.4dfp.img (2306576 pixels)
talsrcimg_g11.4dfp.img
       256       256       256         1
  1.000000  1.000000  1.000000
orientation T byte_order littleendian
Reading image: talsrcimg_g11.4dfp.img
dimensions:      256       256       256
mmppix:       1.0000   -1.0000   -1.0000
center:     128.0000 -129.0000 -129.0000
rotation matrix determinant  1.000000
fimgreg.f
image alignment mode   1283 decimal      503 hex
parameters
    0.0000   22.5000   15.0000    0.0000    0.0000    0.0000
eta,q 0.93290 13.43379
niter,ni,del,rscale     5    3   12.0000    1.2000
parameter  1 -0.706394 -> -0.500000 qaram    1.1500
parameter  4 -0.505023 -> -0.500000 qaram    1.1500
parameters
    3.4500   22.7067   12.9516    3.4500    0.9320   -2.7546
eta,q 0.93554 13.31804
  0.0815  0.0762  0.0702  0.0743  0.0731  0.0662
  0.0760  0.0739  0.0696  0.0734  0.0709  0.0648
  0.0747  0.0710  0.0680  0.0708  0.0683  0.0645
  0.0744  0.0682  0.0681  0.0679  0.0659  0.0656
  0.0699  0.0687  0.0708  0.0659  0.0657  0.0676
  0.0688  0.0722  0.0753  0.0663  0.0676  0.0700
  0.0717  0.0764  0.0825  0.0690  0.0706  0.0726
niter,ni,del,rscale     6    3   12.0000    1.2000
parameter  5 -0.610693 -> -0.500000 qaram    1.1500
parameters
    0.8678   22.0548   11.8915    3.6693    4.3820   -3.3073
eta,q 0.93705 13.21421
  0.0687  0.0733  0.0661  0.0742  0.0725  0.0674
  0.0659  0.0697  0.0658  0.0712  0.0693  0.0653
  0.0647  0.0654  0.0653  0.0677  0.0668  0.0635
  0.0645  0.0649  0.0645  0.0650  0.0650  0.0629
  0.0699  0.0676  0.0645  0.0667  0.0634  0.0641
  0.0781  0.0716  0.0664  0.0701  0.0630  0.0667
  0.0832  0.0786  0.0699  0.0736  0.0642  0.0692
niter,ni,del,rscale     6    3   12.0000    1.2000
parameters
   -0.4338   22.0613   11.8575    3.6551    4.5756   -4.0094
eta,q 0.93702 13.22005
  0.0711  0.0721  0.0652  0.0719  0.0696  0.0666
  0.0653  0.0698  0.0634  0.0692  0.0664  0.0649
  0.0630  0.0655  0.0627  0.0654  0.0643  0.0635
  0.0630  0.0630  0.0630  0.0630  0.0630  0.0629
  0.0667  0.0647  0.0624  0.0654  0.0631  0.0639
  0.0731  0.0679  0.0629  0.0688  0.0652  0.0662
  0.0773  0.0735  0.0657  0.0723  0.0696  0.0691
niter,ni,del,rscale     5    3   12.0000    1.2000
parameters
   -0.5870   22.0824   11.6196    3.6167    4.6280   -4.2029
eta,q 0.93704 13.21127
  0.0742  0.0722  0.0650  0.0716  0.0696  0.0671
  0.0685  0.0698  0.0633  0.0690  0.0661  0.0654
  0.0632  0.0655  0.0627  0.0654  0.0640  0.0638
  0.0630  0.0630  0.0630  0.0629  0.0629  0.0629
  0.0639  0.0646  0.0624  0.0652  0.0636  0.0633
  0.0698  0.0679  0.0630  0.0687  0.0658  0.0653
  0.0748  0.0735  0.0660  0.0721  0.0697  0.0682
niter,ni,del,rscale     4    3   12.0000    1.2000
parameters
   -0.6197   22.0667   11.6385    3.6108    4.6298   -4.2455
eta,q 0.93703 13.21303
  0.0745  0.0721  0.0653  0.0716  0.0696  0.0673
  0.0690  0.0697  0.0634  0.0690  0.0661  0.0655
  0.0634  0.0654  0.0627  0.0655  0.0639  0.0639
  0.0630  0.0630  0.0630  0.0630  0.0630  0.0630
  0.0640  0.0646  0.0625  0.0651  0.0637  0.0633
  0.0695  0.0680  0.0629  0.0686  0.0659  0.0651
  0.0743  0.0736  0.0656  0.0720  0.0698  0.0680
registration optimization eta report
parameter search radius
    6.9000    6.0000    6.0000    6.9000    6.9000    6.0000
100000*second partial in parameter space
       25.       26.        8.       17.       14.       13.
  0.0745  0.0721  0.0653  0.0716  0.0696  0.0673
  0.0690  0.0697  0.0634  0.0690  0.0661  0.0655
  0.0634  0.0654  0.0627  0.0655  0.0639  0.0639
  0.0630  0.0630  0.0630  0.0630  0.0630  0.0630
  0.0640  0.0646  0.0625  0.0651  0.0637  0.0633
  0.0695  0.0680  0.0629  0.0686  0.0659  0.0651
  0.0743  0.0736  0.0656  0.0720  0.0698  0.0680
   -0.6197   22.0667   11.6385    3.6108    4.6298   -4.2455
eta,q 0.93703 13.21303

---------------------------------------------------------------------
imgreg_4dfp /opt/freesurfer/average/711-2C_as_mni_average_305 /opt/freesurfer/average/711-2B_as_mni_average_305_mask talsrcimg_g11 none talsrcimg_to_711-2C_as_mni_average_305_t4 3335
---------------------------------------------------------------------

freesurfer imgreg_4dfp.c
/opt/freesurfer/average/711-2C_as_mni_average_305.4dfp.img
       256       256       256         1
  1.000000  1.000000  1.000000
orientation T byte_order littleendian
Reading image: /opt/freesurfer/average/711-2C_as_mni_average_305.4dfp.img
dimensions:      256       256       256
mmppix:       1.0000   -1.0000   -1.0000
center:     128.0000 -129.0000 -129.0000
/opt/freesurfer/average/711-2B_as_mni_average_305_mask.4dfp.img
       256       256       256         1
  1.000000  1.000000  1.000000
orientation T byte_order littleendian
Reading mask: /opt/freesurfer/average/711-2B_as_mni_average_305_mask.4dfp.img (2306576 pixels)
talsrcimg_g11.4dfp.img
       256       256       256         1
  1.000000  1.000000  1.000000
orientation T byte_order littleendian
Reading image: talsrcimg_g11.4dfp.img
dimensions:      256       256       256
mmppix:       1.0000   -1.0000   -1.0000
center:     128.0000 -129.0000 -129.0000
fimgreg.f
image alignment mode   3335 decimal      D07 hex
parameters
   -0.6197   22.0667   11.6385   -0.5998   -0.4347   -0.5242
    6.8814   -8.4999   -7.3789   -5.6842    8.0718    6.2773
eta,q 0.93971 13.15115
niter,ni,del,rscale     5    3    5.0000    1.2000
parameter  4  7.259438 ->  0.500000 qaram    1.1500
parameter  5  2.418658 ->  0.500000 qaram    1.1500
parameter  6  1.597431 ->  0.500000 qaram    1.1500
parameter 11  0.756579 ->  0.500000 qaram    1.1500
parameters
   -0.7694   22.3131   12.5323   -4.7398   -4.5747   -4.6642
    5.0238   -8.5930   -4.5199   -5.0328    3.9318    3.2355
eta,q 0.96052 12.66352
  0.0617  0.0623  0.0621  0.0481  0.0444  0.0395  0.0423  0.0467  0.0438  0.0441  0.0399  0.0399
  0.0609  0.0613  0.0613  0.0511  0.0466  0.0406  0.0414  0.0433  0.0425  0.0423  0.0397  0.0396
  0.0604  0.0606  0.0606  0.0551  0.0493  0.0432  0.0410  0.0413  0.0416  0.0411  0.0400  0.0395
  0.0603  0.0603  0.0603  0.0602  0.0521  0.0473  0.0411  0.0410  0.0410  0.0407  0.0407  0.0397
  0.0606  0.0604  0.0602  0.0657  0.0554  0.0518  0.0418  0.0421  0.0407  0.0408  0.0419  0.0403
  0.0612  0.0608  0.0603  0.0698  0.0595  0.0570  0.0431  0.0439  0.0408  0.0415  0.0434  0.0413
  0.0621  0.0617  0.0605  0.0743  0.0639  0.0623  0.0449  0.0464  0.0413  0.0431  0.0451  0.0428
niter,ni,del,rscale     7    3    5.0000    1.2000
parameter  2  0.591234 ->  0.500000 qaram    1.1500
parameter  3  1.108109 ->  0.500000 qaram    1.1500
parameter  4  0.706364 ->  0.500000 qaram    1.3225
parameter  5  1.034250 ->  0.500000 qaram    1.3225
parameter  6  0.824111 ->  0.500000 qaram    1.3225
parameter 12  0.703199 ->  0.500000 qaram    1.1500
parameters
   -0.8378   20.9331   11.1523   -9.5008   -9.3357   -9.4252
    4.4099   -8.1804   -5.4046   -8.4280    3.1046   -0.9045
eta,q 0.97302 12.08351
  0.0425  0.0392  0.0367  0.0345  0.0301  0.0274  0.0304  0.0320  0.0298  0.0284  0.0287  0.0271
  0.0407  0.0389  0.0369  0.0337  0.0303  0.0280  0.0291  0.0298  0.0287  0.0277  0.0280  0.0270
  0.0397  0.0390  0.0376  0.0342  0.0317  0.0289  0.0283  0.0286  0.0282  0.0275  0.0276  0.0271
  0.0395  0.0395  0.0389  0.0371  0.0337  0.0306  0.0282  0.0282  0.0282  0.0281  0.0275  0.0275
  0.0399  0.0402  0.0405  0.0416  0.0363  0.0339  0.0286  0.0284  0.0286  0.0294  0.0277  0.0282
  0.0410  0.0414  0.0425  0.0479  0.0400  0.0384  0.0298  0.0294  0.0295  0.0311  0.0283  0.0291
  0.0428  0.0428  0.0447  0.0538  0.0440  0.0438  0.0314  0.0311  0.0307  0.0329  0.0293  0.0302
niter,ni,del,rscale     7    3    5.0000    1.2000
parameter  3  1.569546 ->  0.500000 qaram    1.3225
parameters
   -0.4329   20.9203    9.5653  -10.6432  -11.7161  -12.6071
    5.3475   -7.9259   -5.2956   -7.4798    4.4862   -1.0882
eta,q 0.97527 11.86678
  0.0309  0.0302  0.0233  0.0284  0.0274  0.0265  0.0278  0.0281  0.0266  0.0280  0.0262  0.0261
  0.0290  0.0283  0.0239  0.0268  0.0258  0.0255  0.0265  0.0261  0.0256  0.0264  0.0255  0.0254
  0.0277  0.0272  0.0251  0.0254  0.0247  0.0249  0.0254  0.0251  0.0250  0.0253  0.0251  0.0249
  0.0270  0.0269  0.0269  0.0242  0.0245  0.0245  0.0249  0.0248  0.0248  0.0248  0.0248  0.0247
  0.0270  0.0273  0.0291  0.0246  0.0262  0.0263  0.0249  0.0251  0.0250  0.0248  0.0248  0.0249
  0.0276  0.0284  0.0315  0.0275  0.0295  0.0308  0.0255  0.0260  0.0256  0.0254  0.0250  0.0254
  0.0290  0.0301  0.0339  0.0330  0.0331  0.0361  0.0267  0.0275  0.0265  0.0267  0.0255  0.0263
niter,ni,del,rscale     7    3    5.0000    1.2000
parameter  3  0.621454 ->  0.500000 qaram    1.5209
parameters
   -0.2366   21.4580    7.7402   -9.5311  -11.4709  -14.1349
    5.1677   -7.3736   -5.7592   -6.6267    4.6888   -2.7768
eta,q 0.97623 11.85151
  0.0275  0.0284  0.0241  0.0281  0.0281  0.0259  0.0265  0.0276  0.0254  0.0269  0.0247  0.0247
  0.0261  0.0266  0.0238  0.0266  0.0262  0.0248  0.0251  0.0256  0.0245  0.0252  0.0243  0.0241
  0.0252  0.0253  0.0240  0.0252  0.0245  0.0243  0.0242  0.0243  0.0240  0.0242  0.0240  0.0238
  0.0247  0.0247  0.0246  0.0238  0.0234  0.0233  0.0239  0.0239  0.0239  0.0239  0.0239  0.0239
  0.0248  0.0247  0.0257  0.0230  0.0233  0.0230  0.0242  0.0241  0.0242  0.0240  0.0239  0.0242
  0.0255  0.0252  0.0272  0.0242  0.0253  0.0259  0.0253  0.0249  0.0248  0.0245  0.0241  0.0249
  0.0268  0.0263  0.0292  0.0275  0.0284  0.0309  0.0269  0.0266  0.0258  0.0257  0.0247  0.0258
niter,ni,del,rscale     7    3    5.0000    1.2000
parameters
   -0.1248   21.8292    7.2294   -9.8402  -11.2275  -14.5582
    5.4860   -7.2974   -5.9848   -6.0288    4.7539   -3.5316
eta,q 0.97620 11.82498
  0.0268  0.0271  0.0254  0.0276  0.0284  0.0264  0.0269  0.0271  0.0254  0.0266  0.0247  0.0251
  0.0252  0.0253  0.0242  0.0262  0.0266  0.0250  0.0254  0.0252  0.0245  0.0250  0.0242  0.0243
  0.0242  0.0242  0.0237  0.0249  0.0248  0.0243  0.0243  0.0241  0.0240  0.0241  0.0240  0.0239
  0.0238  0.0238  0.0237  0.0237  0.0238  0.0237  0.0238  0.0238  0.0238  0.0238  0.0238  0.0238
  0.0240  0.0238  0.0242  0.0236  0.0237  0.0229  0.0241  0.0242  0.0241  0.0240  0.0238  0.0241
  0.0248  0.0245  0.0251  0.0253  0.0256  0.0242  0.0250  0.0252  0.0247  0.0246  0.0241  0.0247
  0.0263  0.0256  0.0267  0.0295  0.0286  0.0285  0.0265  0.0269  0.0255  0.0257  0.0248  0.0256
niter,ni,del,rscale     6    3    5.0000    1.2000
parameters
   -0.0252   22.0121    7.0143   -9.9783  -11.1870  -14.6687
    5.5851   -7.2410   -6.1138   -5.6859    4.7689   -3.8469
eta,q 0.97617 11.81322
  0.0267  0.0267  0.0258  0.0276  0.0283  0.0265  0.0267  0.0271  0.0254  0.0264  0.0247  0.0253
  0.0253  0.0251  0.0245  0.0262  0.0265  0.0251  0.0253  0.0252  0.0245  0.0249  0.0243  0.0244
  0.0242  0.0241  0.0239  0.0250  0.0248  0.0243  0.0242  0.0241  0.0240  0.0240  0.0240  0.0239
  0.0238  0.0238  0.0238  0.0238  0.0238  0.0238  0.0238  0.0238  0.0238  0.0238  0.0238  0.0238
  0.0240  0.0240  0.0241  0.0237  0.0239  0.0229  0.0241  0.0242  0.0241  0.0240  0.0238  0.0241
  0.0248  0.0247  0.0249  0.0252  0.0259  0.0239  0.0251  0.0252  0.0246  0.0247  0.0241  0.0246
  0.0264  0.0259  0.0263  0.0291  0.0288  0.0281  0.0266  0.0270  0.0254  0.0259  0.0248  0.0255
niter,ni,del,rscale     5    3    5.0000    1.2000
parameters
    0.0223   22.1167    6.9199  -10.0184  -11.2018  -14.7332
    5.6312   -7.2164   -6.1779   -5.4886    4.7780   -4.0106
eta,q 0.97615 11.80696
  0.0266  0.0265  0.0260  0.0277  0.0282  0.0266  0.0267  0.0271  0.0254  0.0263  0.0247  0.0254
  0.0252  0.0250  0.0246  0.0263  0.0264  0.0251  0.0252  0.0252  0.0245  0.0248  0.0243  0.0245
  0.0242  0.0241  0.0239  0.0250  0.0248  0.0243  0.0242  0.0241  0.0240  0.0240  0.0240  0.0240
  0.0238  0.0238  0.0238  0.0238  0.0238  0.0238  0.0238  0.0238  0.0238  0.0238  0.0239  0.0239
  0.0241  0.0240  0.0241  0.0237  0.0239  0.0230  0.0241  0.0242  0.0241  0.0241  0.0239  0.0241
  0.0249  0.0248  0.0249  0.0252  0.0260  0.0239  0.0251  0.0252  0.0246  0.0247  0.0242  0.0246
  0.0265  0.0261  0.0261  0.0290  0.0288  0.0280  0.0267  0.0270  0.0254  0.0259  0.0248  0.0254
niter,ni,del,rscale     4    3    5.0000    1.2000
parameters
    0.0432   22.1759    6.8672  -10.0365  -11.2185  -14.7648
    5.6598   -7.2013   -6.2079   -5.3736    4.7760   -4.1042
eta,q 0.97614 11.80367
  0.0266  0.0264  0.0261  0.0277  0.0282  0.0266  0.0267  0.0271  0.0254  0.0262  0.0247  0.0254
  0.0252  0.0249  0.0247  0.0263  0.0264  0.0251  0.0252  0.0252  0.0245  0.0248  0.0243  0.0245
  0.0242  0.0241  0.0240  0.0251  0.0248  0.0243  0.0242  0.0241  0.0240  0.0240  0.0240  0.0240
  0.0238  0.0238  0.0238  0.0238  0.0238  0.0238  0.0239  0.0239  0.0239  0.0239  0.0239  0.0239
  0.0241  0.0241  0.0241  0.0237  0.0239  0.0230  0.0242  0.0242  0.0241  0.0241  0.0239  0.0241
  0.0250  0.0248  0.0249  0.0252  0.0260  0.0239  0.0252  0.0253  0.0246  0.0248  0.0242  0.0246
  0.0266  0.0261  0.0261  0.0289  0.0288  0.0280  0.0267  0.0270  0.0254  0.0260  0.0248  0.0254
niter,ni,del,rscale     3    3    5.0000    1.2000
parameters
    0.0529   22.2085    6.8428  -10.0389  -11.2353  -14.7807
    5.6733   -7.1926   -6.2184   -5.3118    4.7694   -4.1478
eta,q 0.97613 11.80201
  0.0266  0.0264  0.0261  0.0277  0.0282  0.0266  0.0267  0.0271  0.0254  0.0262  0.0247  0.0255
  0.0252  0.0249  0.0247  0.0263  0.0264  0.0252  0.0252  0.0252  0.0245  0.0247  0.0243  0.0245
  0.0242  0.0241  0.0240  0.0251  0.0248  0.0243  0.0243  0.0242  0.0240  0.0240  0.0240  0.0240
  0.0239  0.0239  0.0239  0.0239  0.0239  0.0239  0.0239  0.0239  0.0239  0.0239  0.0239  0.0239
  0.0241  0.0241  0.0241  0.0237  0.0239  0.0230  0.0242  0.0242  0.0241  0.0241  0.0239  0.0241
  0.0250  0.0249  0.0249  0.0252  0.0260  0.0239  0.0252  0.0253  0.0246  0.0248  0.0242  0.0246
  0.0266  0.0262  0.0261  0.0289  0.0288  0.0279  0.0267  0.0270  0.0254  0.0260  0.0248  0.0254
niter,ni,del,rscale     2    3    5.0000    1.2000
parameters
    0.0580   22.2292    6.8251  -10.0403  -11.2448  -14.7922
    5.6795   -7.1891   -6.2258   -5.2710    4.7662   -4.1808
eta,q 0.97613 11.80092
  0.0266  0.0263  0.0261  0.0277  0.0282  0.0266  0.0267  0.0271  0.0254  0.0262  0.0247  0.0255
  0.0252  0.0249  0.0247  0.0263  0.0264  0.0252  0.0252  0.0252  0.0245  0.0247  0.0243  0.0245
  0.0243  0.0241  0.0240  0.0251  0.0248  0.0243  0.0243  0.0242  0.0240  0.0240  0.0240  0.0240
  0.0239  0.0239  0.0239  0.0239  0.0239  0.0239  0.0239  0.0239  0.0239  0.0239  0.0239  0.0239
  0.0241  0.0241  0.0241  0.0237  0.0239  0.0230  0.0242  0.0242  0.0241  0.0241  0.0239  0.0241
  0.0251  0.0249  0.0249  0.0252  0.0260  0.0239  0.0252  0.0253  0.0246  0.0248  0.0242  0.0246
  0.0267  0.0262  0.0261  0.0289  0.0288  0.0279  0.0267  0.0270  0.0254  0.0260  0.0248  0.0254
registration optimization eta report
parameter search radius
    2.4000    2.7600    3.6501    9.5220    9.5220    9.5220
    7.2000    7.2000    7.2000    7.2000    8.2800    8.2800
100000*second partial in parameter space
       47.       32.       17.        5.        5.        4.
        5.        6.        3.        4.        1.        2.
  0.0266  0.0263  0.0261  0.0277  0.0282  0.0266  0.0267  0.0271  0.0254  0.0262  0.0247  0.0255
  0.0252  0.0249  0.0247  0.0263  0.0264  0.0252  0.0252  0.0252  0.0245  0.0247  0.0243  0.0245
  0.0243  0.0241  0.0240  0.0251  0.0248  0.0243  0.0243  0.0242  0.0240  0.0240  0.0240  0.0240
  0.0239  0.0239  0.0239  0.0239  0.0239  0.0239  0.0239  0.0239  0.0239  0.0239  0.0239  0.0239
  0.0241  0.0241  0.0241  0.0237  0.0239  0.0230  0.0242  0.0242  0.0241  0.0241  0.0239  0.0241
  0.0251  0.0249  0.0249  0.0252  0.0260  0.0239  0.0252  0.0253  0.0246  0.0248  0.0242  0.0246
  0.0267  0.0262  0.0261  0.0289  0.0288  0.0279  0.0267  0.0270  0.0254  0.0260  0.0248  0.0254
    0.0580   22.2292    6.8251  -10.0403  -11.2448  -14.7922
    5.6795   -7.1891   -6.2258   -5.2710    4.7662   -4.1808
eta,q 0.97613 11.80092

---------------------------------------------------------------------
imgreg_4dfp /opt/freesurfer/average/711-2C_as_mni_average_305 /opt/freesurfer/average/711-2B_as_mni_average_305_mask talsrcimg_g11 none talsrcimg_to_711-2C_as_mni_average_305_t4 2311
---------------------------------------------------------------------

freesurfer imgreg_4dfp.c
/opt/freesurfer/average/711-2C_as_mni_average_305.4dfp.img
       256       256       256         1
  1.000000  1.000000  1.000000
orientation T byte_order littleendian
Reading image: /opt/freesurfer/average/711-2C_as_mni_average_305.4dfp.img
dimensions:      256       256       256
mmppix:       1.0000   -1.0000   -1.0000
center:     128.0000 -129.0000 -129.0000
/opt/freesurfer/average/711-2B_as_mni_average_305_mask.4dfp.img
       256       256       256         1
  1.000000  1.000000  1.000000
orientation T byte_order littleendian
Reading mask: /opt/freesurfer/average/711-2B_as_mni_average_305_mask.4dfp.img (2306576 pixels)
talsrcimg_g11.4dfp.img
       256       256       256         1
  1.000000  1.000000  1.000000
orientation T byte_order littleendian
Reading image: talsrcimg_g11.4dfp.img
dimensions:      256       256       256
mmppix:       1.0000   -1.0000   -1.0000
center:     128.0000 -129.0000 -129.0000
fimgreg.f
image alignment mode   2311 decimal      907 hex
parameters
    0.0580   22.2292    6.8251  -10.0403  -11.2448  -14.7922
    5.6795   -7.1891   -6.2258   -5.2710    4.7662   -4.1808
eta,q 0.97613 11.80093
niter,ni,del,rscale     5    3    5.0000    0.8000
parameter  6 -1.302653 -> -0.500000 qaram    1.1500
parameters
    0.1081   22.2086    6.6428   -8.2847  -10.7532  -12.0322
    5.6741   -7.1976   -6.2223   -4.0299    3.5155   -4.1092
eta,q 0.97738 11.99551
  0.0252  0.0246  0.0242  0.0257  0.0252  0.0244  0.0243  0.0251  0.0236  0.0246  0.0230  0.0234
  0.0245  0.0242  0.0240  0.0251  0.0244  0.0241  0.0235  0.0238  0.0231  0.0237  0.0227  0.0230
  0.0241  0.0239  0.0239  0.0245  0.0239  0.0239  0.0230  0.0230  0.0228  0.0231  0.0226  0.0227
  0.0239  0.0239  0.0239  0.0239  0.0236  0.0235  0.0228  0.0228  0.0228  0.0228  0.0227  0.0226
  0.0240  0.0240  0.0239  0.0236  0.0235  0.0230  0.0229  0.0231  0.0229  0.0226  0.0228  0.0227
  0.0244  0.0242  0.0241  0.0237  0.0238  0.0228  0.0235  0.0239  0.0231  0.0228  0.0232  0.0229
  0.0251  0.0246  0.0243  0.0243  0.0248  0.0231  0.0244  0.0251  0.0236  0.0234  0.0237  0.0233
niter,ni,del,rscale     5    3    5.0000    0.8000
parameters
   -0.1678   22.0166    7.1015   -8.0840  -10.9251  -12.3504
    5.8147   -7.2362   -5.9223   -4.7589    3.3236   -3.7835
eta,q 0.97745 11.99149
  0.0237  0.0233  0.0239  0.0245  0.0239  0.0242  0.0242  0.0247  0.0235  0.0234  0.0231  0.0234
  0.0230  0.0228  0.0232  0.0237  0.0233  0.0238  0.0234  0.0235  0.0230  0.0229  0.0228  0.0229
  0.0226  0.0226  0.0228  0.0229  0.0228  0.0232  0.0228  0.0228  0.0227  0.0226  0.0226  0.0226
  0.0226  0.0226  0.0225  0.0225  0.0224  0.0225  0.0226  0.0226  0.0226  0.0226  0.0226  0.0226
  0.0230  0.0228  0.0225  0.0226  0.0225  0.0224  0.0227  0.0229  0.0226  0.0228  0.0226  0.0226
  0.0237  0.0231  0.0226  0.0233  0.0232  0.0233  0.0232  0.0236  0.0229  0.0234  0.0229  0.0228
  0.0247  0.0237  0.0229  0.0244  0.0244  0.0257  0.0241  0.0248  0.0233  0.0242  0.0232  0.0232
niter,ni,del,rscale     4    3    5.0000    0.7000
parameters
   -0.2771   21.8513    7.1493   -7.8568  -10.7507  -11.9391
    5.7118   -7.3081   -5.8337   -4.8459    3.1933   -3.6024
eta,q 0.97764 12.02048
  0.0236  0.0231  0.0232  0.0242  0.0238  0.0240  0.0236  0.0242  0.0231  0.0234  0.0229  0.0230
  0.0230  0.0227  0.0228  0.0235  0.0232  0.0237  0.0229  0.0231  0.0227  0.0228  0.0226  0.0226
  0.0226  0.0225  0.0226  0.0229  0.0228  0.0232  0.0225  0.0225  0.0224  0.0225  0.0224  0.0224
  0.0226  0.0225  0.0225  0.0225  0.0225  0.0225  0.0224  0.0224  0.0224  0.0224  0.0224  0.0224
  0.0228  0.0227  0.0226  0.0226  0.0225  0.0223  0.0225  0.0226  0.0224  0.0225  0.0224  0.0224
  0.0233  0.0230  0.0228  0.0232  0.0229  0.0227  0.0230  0.0233  0.0226  0.0229  0.0226  0.0226
  0.0240  0.0234  0.0231  0.0241  0.0238  0.0242  0.0237  0.0243  0.0230  0.0235  0.0229  0.0229
niter,ni,del,rscale     3    3    5.0000    0.6000
parameters
   -0.3327   21.7359    7.2656   -7.7864  -10.6385  -11.4716
    5.6710   -7.3792   -5.8081   -4.9072    3.1648   -3.4561
eta,q 0.97778 12.04312
  0.0232  0.0228  0.0230  0.0237  0.0233  0.0238  0.0231  0.0236  0.0228  0.0230  0.0226  0.0227
  0.0227  0.0225  0.0226  0.0231  0.0229  0.0235  0.0226  0.0228  0.0225  0.0226  0.0224  0.0224
  0.0224  0.0224  0.0224  0.0226  0.0225  0.0229  0.0223  0.0224  0.0223  0.0223  0.0223  0.0223
  0.0224  0.0224  0.0223  0.0223  0.0223  0.0223  0.0222  0.0222  0.0222  0.0222  0.0222  0.0222
  0.0225  0.0225  0.0224  0.0225  0.0223  0.0222  0.0223  0.0224  0.0223  0.0223  0.0223  0.0223
  0.0229  0.0227  0.0225  0.0229  0.0227  0.0226  0.0227  0.0229  0.0225  0.0226  0.0224  0.0224
  0.0234  0.0230  0.0228  0.0237  0.0233  0.0237  0.0232  0.0237  0.0227  0.0231  0.0227  0.0226
niter,ni,del,rscale     2    3    5.0000    0.5000
parameters
   -0.3647   21.6371    7.3857   -7.7740  -10.5412  -11.1128
    5.6567   -7.4361   -5.8123   -4.9977    3.1739   -3.3401
eta,q 0.97786 12.05849
  0.0229  0.0225  0.0227  0.0232  0.0229  0.0235  0.0228  0.0232  0.0225  0.0227  0.0225  0.0225
  0.0225  0.0223  0.0224  0.0227  0.0226  0.0231  0.0224  0.0226  0.0223  0.0224  0.0223  0.0223
  0.0223  0.0222  0.0223  0.0224  0.0224  0.0226  0.0222  0.0222  0.0222  0.0222  0.0222  0.0222
  0.0222  0.0222  0.0222  0.0222  0.0222  0.0222  0.0221  0.0221  0.0221  0.0221  0.0221  0.0221
  0.0223  0.0223  0.0222  0.0223  0.0222  0.0222  0.0222  0.0223  0.0222  0.0222  0.0222  0.0222
  0.0226  0.0225  0.0223  0.0227  0.0224  0.0225  0.0224  0.0227  0.0223  0.0224  0.0223  0.0223
  0.0229  0.0227  0.0225  0.0233  0.0229  0.0233  0.0228  0.0233  0.0225  0.0228  0.0225  0.0224
niter,ni,del,rscale     1    3    5.0000    0.4000
parameters
   -0.3856   21.5557    7.4839   -7.7929  -10.4545  -10.8610
    5.6490   -7.4876   -5.8172   -5.0881    3.1827   -3.2453
eta,q 0.97789 12.06903
  0.0226  0.0224  0.0225  0.0228  0.0226  0.0232  0.0225  0.0228  0.0224  0.0225  0.0223  0.0223
  0.0223  0.0222  0.0223  0.0225  0.0224  0.0228  0.0223  0.0224  0.0222  0.0223  0.0222  0.0222
  0.0222  0.0221  0.0222  0.0222  0.0222  0.0223  0.0222  0.0222  0.0221  0.0222  0.0221  0.0221
  0.0221  0.0221  0.0221  0.0221  0.0221  0.0221  0.0221  0.0221  0.0221  0.0221  0.0221  0.0221
  0.0222  0.0222  0.0221  0.0222  0.0221  0.0222  0.0222  0.0222  0.0221  0.0222  0.0221  0.0221
  0.0224  0.0223  0.0222  0.0225  0.0223  0.0224  0.0223  0.0225  0.0222  0.0223  0.0222  0.0222
  0.0226  0.0225  0.0223  0.0229  0.0226  0.0229  0.0226  0.0229  0.0224  0.0226  0.0223  0.0223
registration optimization eta report
parameter search radius
    0.8000    0.8000    0.8000    2.4000    2.4000    2.7600
    2.4000    2.4000    2.4000    2.4000    2.4000    2.4000
100000*second partial in parameter space
       70.       42.       40.       12.        8.       12.
        8.       12.        4.        7.        4.        3.
  0.0226  0.0224  0.0225  0.0228  0.0226  0.0232  0.0225  0.0228  0.0224  0.0225  0.0223  0.0223
  0.0223  0.0222  0.0223  0.0225  0.0224  0.0228  0.0223  0.0224  0.0222  0.0223  0.0222  0.0222
  0.0222  0.0221  0.0222  0.0222  0.0222  0.0223  0.0222  0.0222  0.0221  0.0222  0.0221  0.0221
  0.0221  0.0221  0.0221  0.0221  0.0221  0.0221  0.0221  0.0221  0.0221  0.0221  0.0221  0.0221
  0.0222  0.0222  0.0221  0.0222  0.0221  0.0222  0.0222  0.0222  0.0221  0.0222  0.0221  0.0221
  0.0224  0.0223  0.0222  0.0225  0.0223  0.0224  0.0223  0.0225  0.0222  0.0223  0.0222  0.0222
  0.0226  0.0225  0.0223  0.0229  0.0226  0.0229  0.0226  0.0229  0.0224  0.0226  0.0223  0.0223
   -0.3856   21.5557    7.4839   -7.7929  -10.4545  -10.8610
    5.6490   -7.4876   -5.8172   -5.0881    3.1827   -3.2453
eta,q 0.97789 12.06903

---------------------------------------------------------------------
imgreg_4dfp /opt/freesurfer/average/711-2C_as_mni_average_305 /opt/freesurfer/average/711-2B_as_mni_average_305_mask talsrcimg_g11 none talsrcimg_to_711-2C_as_mni_average_305_t4 2311
---------------------------------------------------------------------

freesurfer imgreg_4dfp.c
/opt/freesurfer/average/711-2C_as_mni_average_305.4dfp.img
       256       256       256         1
  1.000000  1.000000  1.000000
orientation T byte_order littleendian
Reading image: /opt/freesurfer/average/711-2C_as_mni_average_305.4dfp.img
dimensions:      256       256       256
mmppix:       1.0000   -1.0000   -1.0000
center:     128.0000 -129.0000 -129.0000
/opt/freesurfer/average/711-2B_as_mni_average_305_mask.4dfp.img
       256       256       256         1
  1.000000  1.000000  1.000000
orientation T byte_order littleendian
Reading mask: /opt/freesurfer/average/711-2B_as_mni_average_305_mask.4dfp.img (2306576 pixels)
talsrcimg_g11.4dfp.img
       256       256       256         1
  1.000000  1.000000  1.000000
orientation T byte_order littleendian
Reading image: talsrcimg_g11.4dfp.img
dimensions:      256       256       256
mmppix:       1.0000   -1.0000   -1.0000
center:     128.0000 -129.0000 -129.0000
fimgreg.f
image alignment mode   2311 decimal      907 hex
parameters
   -0.3856   21.5557    7.4839   -7.7929  -10.4545  -10.8610
    5.6490   -7.4876   -5.8172   -5.0881    3.1827   -3.2453
eta,q 0.97789 12.06903
niter,ni,del,rscale     5    3    5.0000    0.8000
parameters
   -0.3739   21.5541    7.5198   -8.1429  -10.8723  -11.4834
    5.6373   -7.4679   -5.7487   -5.4509    3.1949   -3.1783
eta,q 0.97774 12.02499
  0.0239  0.0233  0.0232  0.0241  0.0236  0.0238  0.0239  0.0247  0.0232  0.0235  0.0230  0.0230
  0.0229  0.0226  0.0226  0.0232  0.0229  0.0233  0.0230  0.0233  0.0227  0.0227  0.0226  0.0226
  0.0223  0.0222  0.0223  0.0224  0.0224  0.0226  0.0225  0.0225  0.0224  0.0224  0.0224  0.0223
  0.0221  0.0221  0.0221  0.0221  0.0221  0.0222  0.0223  0.0223  0.0223  0.0223  0.0223  0.0223
  0.0223  0.0223  0.0222  0.0225  0.0223  0.0224  0.0224  0.0226  0.0224  0.0225  0.0223  0.0223
  0.0229  0.0226  0.0225  0.0235  0.0231  0.0235  0.0230  0.0234  0.0227  0.0230  0.0226  0.0226
  0.0238  0.0232  0.0231  0.0249  0.0244  0.0259  0.0239  0.0246  0.0231  0.0239  0.0230  0.0230
niter,ni,del,rscale     4    3    5.0000    0.7000
parameters
   -0.3342   21.6024    7.4506   -7.9486  -10.7639  -11.4202
    5.5644   -7.4164   -5.7523   -5.3051    3.1654   -3.2352
eta,q 0.97779 12.03534
  0.0236  0.0231  0.0229  0.0241  0.0235  0.0238  0.0234  0.0242  0.0229  0.0234  0.0228  0.0228
  0.0229  0.0226  0.0225  0.0233  0.0229  0.0233  0.0228  0.0231  0.0225  0.0228  0.0225  0.0224
  0.0224  0.0223  0.0223  0.0226  0.0225  0.0227  0.0224  0.0224  0.0223  0.0224  0.0223  0.0223
  0.0223  0.0223  0.0223  0.0223  0.0222  0.0222  0.0222  0.0222  0.0222  0.0222  0.0222  0.0222
  0.0224  0.0223  0.0224  0.0224  0.0222  0.0222  0.0224  0.0224  0.0223  0.0223  0.0223  0.0223
  0.0228  0.0226  0.0226  0.0229  0.0227  0.0228  0.0228  0.0231  0.0225  0.0227  0.0225  0.0225
  0.0235  0.0230  0.0230  0.0239  0.0236  0.0242  0.0236  0.0241  0.0229  0.0233  0.0228  0.0228
niter,ni,del,rscale     3    3    5.0000    0.6000
parameters
   -0.3500   21.5859    7.4474   -7.8509  -10.6415  -11.1468
    5.5897   -7.4308   -5.7768   -5.1921    3.1513   -3.2485
eta,q 0.97785 12.05101
  0.0232  0.0228  0.0228  0.0236  0.0232  0.0236  0.0231  0.0237  0.0227  0.0231  0.0226  0.0226
  0.0226  0.0224  0.0225  0.0230  0.0228  0.0231  0.0226  0.0228  0.0224  0.0226  0.0224  0.0223
  0.0223  0.0223  0.0223  0.0225  0.0224  0.0226  0.0223  0.0223  0.0222  0.0223  0.0222  0.0222
  0.0222  0.0222  0.0222  0.0222  0.0222  0.0222  0.0222  0.0222  0.0222  0.0222  0.0222  0.0222
  0.0223  0.0223  0.0223  0.0223  0.0222  0.0222  0.0222  0.0223  0.0222  0.0222  0.0222  0.0222
  0.0227  0.0225  0.0225  0.0228  0.0225  0.0226  0.0226  0.0229  0.0224  0.0225  0.0224  0.0223
  0.0232  0.0228  0.0228  0.0236  0.0232  0.0235  0.0231  0.0237  0.0227  0.0230  0.0226  0.0226
niter,ni,del,rscale     2    3    5.0000    0.5000
parameters
   -0.3699   21.5441    7.4944   -7.8297  -10.5444  -10.9176
    5.6164   -7.4659   -5.7957   -5.1727    3.1619   -3.2194
eta,q 0.97788 12.06247
  0.0228  0.0225  0.0226  0.0232  0.0229  0.0233  0.0228  0.0232  0.0225  0.0228  0.0225  0.0224
  0.0224  0.0223  0.0224  0.0227  0.0225  0.0228  0.0224  0.0226  0.0223  0.0224  0.0223  0.0223
  0.0222  0.0222  0.0222  0.0223  0.0223  0.0224  0.0222  0.0222  0.0222  0.0222  0.0222  0.0222
  0.0221  0.0221  0.0221  0.0221  0.0221  0.0221  0.0221  0.0221  0.0221  0.0221  0.0221  0.0221
  0.0222  0.0222  0.0222  0.0223  0.0222  0.0222  0.0222  0.0223  0.0222  0.0222  0.0222  0.0222
  0.0225  0.0224  0.0223  0.0226  0.0224  0.0225  0.0224  0.0226  0.0223  0.0224  0.0223  0.0223
  0.0229  0.0226  0.0225  0.0232  0.0229  0.0231  0.0228  0.0232  0.0225  0.0228  0.0225  0.0224
niter,ni,del,rscale     1    3    5.0000    0.4000
parameters
   -0.3845   21.5032    7.5403   -7.8309  -10.4589  -10.7646
    5.6292   -7.5050   -5.8080   -5.1841    3.1904   -3.2105
eta,q 0.97789 12.07024
  0.0226  0.0224  0.0224  0.0228  0.0226  0.0229  0.0225  0.0228  0.0224  0.0225  0.0223  0.0223
  0.0223  0.0222  0.0223  0.0225  0.0224  0.0226  0.0223  0.0224  0.0222  0.0223  0.0222  0.0222
  0.0222  0.0221  0.0222  0.0222  0.0222  0.0223  0.0222  0.0222  0.0221  0.0222  0.0221  0.0221
  0.0221  0.0221  0.0221  0.0221  0.0221  0.0221  0.0221  0.0221  0.0221  0.0221  0.0221  0.0221
  0.0222  0.0222  0.0221  0.0222  0.0221  0.0222  0.0222  0.0222  0.0221  0.0222  0.0221  0.0221
  0.0223  0.0223  0.0222  0.0225  0.0223  0.0224  0.0223  0.0225  0.0222  0.0223  0.0222  0.0222
  0.0226  0.0224  0.0224  0.0229  0.0226  0.0228  0.0225  0.0228  0.0224  0.0225  0.0223  0.0223
registration optimization eta report
parameter search radius
    0.8000    0.8000    0.8000    2.4000    2.4000    2.4000
    2.4000    2.4000    2.4000    2.4000    2.4000    2.4000
100000*second partial in parameter space
       71.       44.       41.       13.        8.       13.
        7.       12.        4.        7.        4.        4.
  0.0226  0.0224  0.0224  0.0228  0.0226  0.0229  0.0225  0.0228  0.0224  0.0225  0.0223  0.0223
  0.0223  0.0222  0.0223  0.0225  0.0224  0.0226  0.0223  0.0224  0.0222  0.0223  0.0222  0.0222
  0.0222  0.0221  0.0222  0.0222  0.0222  0.0223  0.0222  0.0222  0.0221  0.0222  0.0221  0.0221
  0.0221  0.0221  0.0221  0.0221  0.0221  0.0221  0.0221  0.0221  0.0221  0.0221  0.0221  0.0221
  0.0222  0.0222  0.0221  0.0222  0.0221  0.0222  0.0222  0.0222  0.0221  0.0222  0.0221  0.0221
  0.0223  0.0223  0.0222  0.0225  0.0223  0.0224  0.0223  0.0225  0.0222  0.0223  0.0222  0.0222
  0.0226  0.0224  0.0224  0.0229  0.0226  0.0228  0.0225  0.0228  0.0224  0.0225  0.0223  0.0223
   -0.3845   21.5032    7.5403   -7.8309  -10.4589  -10.7646
    5.6292   -7.5050   -5.8080   -5.1841    3.1904   -3.2105
eta,q 0.97789 12.07024

---------------------------------------------------------------------
compute_vox2vox talsrcimg talsrcimg_to_711-2C_as_mni_average_305_t4 /opt/freesurfer/average/711-2C_as_mni_average_305
---------------------------------------------------------------------

freesurfer compute_vox2vox.c
Reading: talsrcimg.4dfp.ifh
Reading: talsrcimg_to_711-2C_as_mni_average_305_t4
Reading: /opt/freesurfer/average/711-2C_as_mni_average_305.4dfp.ifh
Writing: talsrcimg_to_711-2C_as_mni_average_305_t4_vox2vox.txt

start time Tue Mar 10 07:32:42 CET 2026
end		time Tue Mar 10 07:32:56 CET 2026

mpr2mni305 success

avi2talxfm orig_nu.mgz /opt/freesurfer/average/mni305.cor.mgz talsrcimg_to_711-2C_as_mni_average_305_t4_vox2vox.txt transforms/talairach.auto.xfm
avi2talxfm done
mv -f /out/sourcedata/freesurfer/sub-v1s9x0051355_ses-1/mri/talsrcimg_to_711-2C_as_mni_average_305_t4_vox2vox.txt /out/sourcedata/freesurfer/sub-v1s9x0051355_ses-1/mri/transforms/talsrcimg_to_711-2C_as_mni_average_305_t4_vox2vox.txt
lta_convert --src orig_nu.mgz --trg /opt/freesurfer/average/mni305.cor.mgz --inxfm transforms/talairach.auto.xfm --outlta transforms/talairach.auto.xfm.lta --subject fsaverage
7.3.2

--src: orig_nu.mgz src image (geometry).
--trg: /opt/freesurfer/average/mni305.cor.mgz trg image (geometry).
--inmni: transforms/talairach.auto.xfm input MNI/XFM transform.
--outlta: transforms/talairach.auto.xfm.lta output LTA.
--s: fsaverage subject name
 LTA read, type : 1
 1.07788   0.08690  -0.06465   4.49963;
-0.03610   1.12006   0.04243   7.10443;
 0.06783   0.07048   1.11507   7.56512;
 0.00000   0.00000   0.00000   1.00000;
setting subject to fsaverage
Writing  LTA to file transforms/talairach.auto.xfm.lta...
lta_convert successful.
 
 
Started at Tue Mar 10 07:32:42 CET 2026
Ended   at Tue Mar 10 07:32:56 CET 2026
talairach_avi done
