status file for recon-all
Tue Mar 10 08:59:35 CET 2026
#@# Tessellate lh Tue Mar 10 08:59:35 CET 2026
#@# Smooth1 lh Tue Mar 10 08:59:38 CET 2026
#@# Inflation1 lh Tue Mar 10 08:59:42 CET 2026
#@# QSphere lh Tue Mar 10 08:59:58 CET 2026
#@# Fix Topology lh Tue Mar 10 09:01:41 CET 2026
#@# Smooth2 lh Tue Mar 10 09:07:37 CET 2026
#@# Inflation2 lh Tue Mar 10 09:07:41 CET 2026
#@# Curv .H and .K lh Tue Mar 10 09:07:57 CET 2026
#@# Sphere lh Tue Mar 10 09:08:48 CET 2026
#@# Surf Reg lh Tue Mar 10 09:12:56 CET 2026
#@# Jacobian white lh Tue Mar 10 09:18:50 CET 2026
#@# AvgCurv lh Tue Mar 10 09:18:51 CET 2026
#@# Cortical Parc lh Tue Mar 10 09:18:52 CET 2026
#@# white curv lh Tue Mar 10 09:26:15 CET 2026
#@# white area lh Tue Mar 10 09:26:17 CET 2026
#@# pial curv lh Tue Mar 10 09:26:18 CET 2026
#@# pial area lh Tue Mar 10 09:26:20 CET 2026
#@# thickness lh Tue Mar 10 09:26:21 CET 2026
#@# area and vertex vol lh Tue Mar 10 09:26:56 CET 2026
#@# Curvature Stats lh Tue Mar 10 09:26:58 CET 2026
#@# Cortical Parc 2 lh Tue Mar 10 09:27:01 CET 2026
#@# Cortical Parc 3 lh Tue Mar 10 09:27:16 CET 2026
#@# WM/GM Contrast lh Tue Mar 10 09:27:29 CET 2026
recon-all -s sub-v1s9x0051329_ses-1 finished without error at Tue Mar 10 09:27:32 CET 2026



#New# invocation of recon-all 



status file for recon-all
Tue Mar 10 10:02:36 CET 2026
#@# white curv lh Tue Mar 10 10:02:36 CET 2026
#@# white area lh Tue Mar 10 10:02:36 CET 2026
#@# pial curv lh Tue Mar 10 10:02:36 CET 2026
#@# pial area lh Tue Mar 10 10:02:36 CET 2026
#@# thickness lh Tue Mar 10 10:02:37 CET 2026
#@# area and vertex vol lh Tue Mar 10 10:02:37 CET 2026
#@# Parcellation Stats lh Tue Mar 10 10:02:37 CET 2026
#@# Parcellation Stats 2 lh Tue Mar 10 10:02:59 CET 2026
#@# Parcellation Stats 3 lh Tue Mar 10 10:03:10 CET 2026
#@# BA_exvivo Labels lh Tue Mar 10 10:03:22 CET 2026
recon-all -s sub-v1s9x0051329_ses-1 finished without error at Tue Mar 10 10:06:32 CET 2026
