status file for recon-all
Tue Mar 10 09:32:56 CET 2026
#@# Tessellate rh Tue Mar 10 09:32:56 CET 2026
#@# Smooth1 rh Tue Mar 10 09:33:00 CET 2026
#@# Inflation1 rh Tue Mar 10 09:33:02 CET 2026
#@# QSphere rh Tue Mar 10 09:33:14 CET 2026
#@# Fix Topology rh Tue Mar 10 09:34:17 CET 2026
#@# Smooth2 rh Tue Mar 10 09:39:25 CET 2026
#@# Inflation2 rh Tue Mar 10 09:39:28 CET 2026
#@# Curv .H and .K rh Tue Mar 10 09:39:39 CET 2026
#@# Sphere rh Tue Mar 10 09:40:31 CET 2026
#@# Surf Reg rh Tue Mar 10 09:42:21 CET 2026
#@# Jacobian white rh Tue Mar 10 09:46:00 CET 2026
#@# AvgCurv rh Tue Mar 10 09:46:01 CET 2026
#@# Cortical Parc rh Tue Mar 10 09:46:01 CET 2026
#@# white curv rh Tue Mar 10 09:51:53 CET 2026
#@# white area rh Tue Mar 10 09:51:55 CET 2026
#@# pial curv rh Tue Mar 10 09:51:56 CET 2026
#@# pial area rh Tue Mar 10 09:51:58 CET 2026
#@# thickness rh Tue Mar 10 09:51:58 CET 2026
#@# area and vertex vol rh Tue Mar 10 09:52:32 CET 2026
#@# Curvature Stats rh Tue Mar 10 09:52:34 CET 2026
#@# Cortical Parc 2 rh Tue Mar 10 09:52:36 CET 2026
#@# Cortical Parc 3 rh Tue Mar 10 09:52:51 CET 2026
#@# WM/GM Contrast rh Tue Mar 10 09:53:02 CET 2026
recon-all -s sub-v1s9x0051356_ses-1 finished without error at Tue Mar 10 09:53:05 CET 2026



#New# invocation of recon-all 



status file for recon-all
Tue Mar 10 10:02:16 CET 2026
#@# white curv rh Tue Mar 10 10:02:16 CET 2026
#@# white area rh Tue Mar 10 10:02:16 CET 2026
#@# pial curv rh Tue Mar 10 10:02:16 CET 2026
#@# pial area rh Tue Mar 10 10:02:16 CET 2026
#@# thickness rh Tue Mar 10 10:02:16 CET 2026
#@# area and vertex vol rh Tue Mar 10 10:02:16 CET 2026
#@# Parcellation Stats rh Tue Mar 10 10:02:16 CET 2026
#@# Parcellation Stats 2 rh Tue Mar 10 10:02:38 CET 2026
#@# Parcellation Stats 3 rh Tue Mar 10 10:02:50 CET 2026
#@# BA_exvivo Labels rh Tue Mar 10 10:03:01 CET 2026
recon-all -s sub-v1s9x0051356_ses-1 finished without error at Tue Mar 10 10:05:38 CET 2026
