/out/sourcedata/freesurfer/sub-v1s9x0051331_ses-1/mri
/opt/freesurfer/bin/talairach_avi
--i orig_nu.mgz --xfm transforms/talairach.auto.xfm
talairach_avi 7.3.2
Linux dna067 5.14.0-427.37.1.el9_4.x86_64 #1 SMP PREEMPT_DYNAMIC Fri Sep 13 12:41:50 EDT 2024 x86_64 x86_64 x86_64 GNU/Linux
Tue Mar 10 07:13:33 CET 2026
mri_convert orig_nu.mgz talsrcimg.img 
reading from orig_nu.mgz...
TR=0.00, TE=0.00, TI=0.00, flip angle=0.00
i_ras = (-1, 0, 0)
j_ras = (0, 0, -1)
k_ras = (0, 1, 0)
writing to talsrcimg.img...
Analyze Output Matrix
-1.00000   0.00000   0.00000   127.74404;
 0.00000   0.00000   1.00000  -132.60034;
 0.00000  -1.00000   0.00000   143.24455;
 0.00000   0.00000   0.00000   1.00000;
--------------------
INFO: set hdr.hist.orient to -1
mpr2mni305 talsrcimg
Tue Mar 10 07:13:34 CET 2026
/opt/freesurfer/bin/mpr2mni305 talsrcimg
mpr2mni305 7.3.2
target=711-2C_as_mni_average_305

---------------------------------------------------------------------
analyzeto4dfp talsrcimg -O0 -y
---------------------------------------------------------------------

freesurfer ifh2hdr.c
Tue Mar 10 07:13:34 2026
Writing: talsrcimg.4dfp.hdr
freesurfer analyzeto4dfp.c
Reading: talsrcimg.hdr
header size 348 bytes
hdr.dime.datatype	offset=70	value=2
hdr.dime.bitpix		offset=72	value=8
hdr.hist.orient		offset=252	value=-1
dimensionality     4
dimensions       256       256       256         1
Reading: talsrcimg.img
Writing: talsrcimg.4dfp.img
Writing: talsrcimg.4dfp.ifh
ifh2hdr talsrcimg -r0to224
ori=2

---------------------------------------------------------------------
gauss_4dfp talsrcimg 1.1
---------------------------------------------------------------------

freesurfer gauss_4dfp.c
Reading: talsrcimg.4dfp.img
Writing: talsrcimg_g11.4dfp.img
image dimensions 256 256 256 padded to 288 288 288
processing volume 1freesurfer ifh2hdr.c
Tue Mar 10 07:13:35 2026
Writing: talsrcimg_g11.4dfp.hdr

Writing: talsrcimg_g11.4dfp.ifh
including: talsrcimg.4dfp.img.rec in talsrcimg_g11.4dfp.img.rec

---------------------------------------------------------------------
imgreg_4dfp /opt/freesurfer/average/711-2C_as_mni_average_305 none talsrcimg_g11 none talsrcimg_to_711-2C_as_mni_average_305_t4 4355
---------------------------------------------------------------------

freesurfer imgreg_4dfp.c
/opt/freesurfer/average/711-2C_as_mni_average_305.4dfp.img
       256       256       256         1
  1.000000  1.000000  1.000000
orientation T byte_order littleendian
Reading image: /opt/freesurfer/average/711-2C_as_mni_average_305.4dfp.img
dimensions:      256       256       256
mmppix:       1.0000   -1.0000   -1.0000
center:     128.0000 -129.0000 -129.0000
talsrcimg_g11.4dfp.img
       256       256       256         1
  1.000000  1.000000  1.000000
orientation T byte_order littleendian
Reading image: talsrcimg_g11.4dfp.img
dimensions:      256       256       256
mmppix:       1.0000   -1.0000   -1.0000
center:     128.0000 -129.0000 -129.0000
t4_read: open error in t4_sub.f l:  41 t4_file(1:l)talsrcimg_to_711-2C_as_mni_average_305_t4 
t4_read: transform initialized to I4
rotation matrix determinant  1.000000
image alignment mode   4355 decimal     1103 hex
   -7.5000  -45.0000  -45.0000 6686.8818   13.2075
    0.0000  -45.0000  -45.0000 6992.8184   13.2484
    7.5000  -45.0000  -45.0000 6720.9409   13.2365
   -7.5000  -37.5000  -45.0000 7267.6797   12.8961
    0.0000  -37.5000  -45.0000 7624.2397   12.9329
    7.5000  -37.5000  -45.0000 7331.7534   12.9191
   -7.5000  -30.0000  -45.0000 8152.5869   12.6889
    0.0000  -30.0000  -45.0000 8569.0195   12.7186
    7.5000  -30.0000  -45.0000 8234.1426   12.7002
   -7.5000  -22.5000  -45.0000 9119.8164   12.5954
    0.0000  -22.5000  -45.0000 9590.9365   12.6218
    7.5000  -22.5000  -45.0000 9186.6826   12.5996
   -7.5000  -15.0000  -45.000010125.7910   12.5896
    0.0000  -15.0000  -45.000010637.7861   12.6184
    7.5000  -15.0000  -45.000010180.2578   12.5976
   -7.5000   -7.5000  -45.000011017.3076   12.5860
    0.0000   -7.5000  -45.000011597.7275   12.6213
    7.5000   -7.5000  -45.000011106.1357   12.6065
   -7.5000    0.0000  -45.000011778.1045   12.5685
    0.0000    0.0000  -45.000012444.3135   12.6082
    7.5000    0.0000  -45.000011898.0020   12.5973
   -7.5000    7.5000  -45.000011655.5537   12.5532
    0.0000    7.5000  -45.000012315.7822   12.5896
    7.5000    7.5000  -45.000011773.6816   12.5767
   -7.5000   15.0000  -45.000011489.8809   12.5541
    0.0000   15.0000  -45.000012128.8457   12.5838
    7.5000   15.0000  -45.000011611.4229   12.5653
   -7.5000   22.5000  -45.000011257.5918   12.5712
    0.0000   22.5000  -45.000011862.7178   12.5975
    7.5000   22.5000  -45.000011348.3330   12.5752
   -7.5000   30.0000  -45.000010926.5010   12.4218
    0.0000   30.0000  -45.000011521.1904   12.4501
    7.5000   30.0000  -45.000011006.1084   12.4297
   -7.5000   37.5000  -45.000010893.8945   12.4182
    0.0000   37.5000  -45.000011452.0195   12.4532
    7.5000   37.5000  -45.000010928.7988   12.4385
   -7.5000   45.0000  -45.000010236.5088   12.0861
    0.0000   45.0000  -45.000010727.8506   12.1243
    7.5000   45.0000  -45.000010245.3037   12.1138
   -7.5000  -45.0000  -37.5000 7063.7246   13.0969
    0.0000  -45.0000  -37.5000 7409.4512   13.1345
    7.5000  -45.0000  -37.5000 7113.5254   13.1196
   -7.5000  -37.5000  -37.5000 7693.6230   12.7824
    0.0000  -37.5000  -37.5000 8075.9424   12.8174
    7.5000  -37.5000  -37.5000 7742.7661   12.8022
   -7.5000  -30.0000  -37.5000 8645.3652   12.5757
    0.0000  -30.0000  -37.5000 9099.8945   12.6055
    7.5000  -30.0000  -37.5000 8711.1230   12.5875
   -7.5000  -22.5000  -37.5000 9672.8340   12.4848
    0.0000  -22.5000  -37.500010177.8213   12.5120
    7.5000  -22.5000  -37.5000 9742.7031   12.4898
   -7.5000  -15.0000  -37.500010740.9727   12.4822
    0.0000  -15.0000  -37.500011293.0156   12.5108
    7.5000  -15.0000  -37.500010799.5234   12.4885
   -7.5000   -7.5000  -37.500011705.2080   12.4798
    0.0000   -7.5000  -37.500012325.3945   12.5132
    7.5000   -7.5000  -37.500011793.6113   12.4957
   -7.5000    0.0000  -37.500012521.6182   12.4607
    0.0000    0.0000  -37.500013210.9199   12.4975
    7.5000    0.0000  -37.500012658.5820   12.4838
   -7.5000    7.5000  -37.500012396.1494   12.4418
    0.0000    7.5000  -37.500013099.1514   12.4764
    7.5000    7.5000  -37.500012531.4043   12.4621
   -7.5000   15.0000  -37.500012181.7549   12.4410
    0.0000   15.0000  -37.500012881.7197   12.4710
    7.5000   15.0000  -37.500012334.6064   12.4528
   -7.5000   22.5000  -37.500011909.2295   12.4606
    0.0000   22.5000  -37.500012568.1123   12.4878
    7.5000   22.5000  -37.500012031.4785   12.4655
   -7.5000   30.0000  -37.500011530.1719   12.3158
    0.0000   30.0000  -37.500012162.0176   12.3440
    7.5000   30.0000  -37.500011635.5273   12.3220
   -7.5000   37.5000  -37.500011471.9688   12.3135
    0.0000   37.5000  -37.500012055.8408   12.3465
    7.5000   37.5000  -37.500011517.8252   12.3292
   -7.5000   45.0000  -37.500010794.1982   11.9825
    0.0000   45.0000  -37.500011327.2939   12.0178
    7.5000   45.0000  -37.500010825.6826   12.0047
   -7.5000  -45.0000  -30.0000 7573.1816   13.5722
    0.0000  -45.0000  -30.0000 7958.6641   13.6069
    7.5000  -45.0000  -30.0000 7635.6509   13.5882
   -7.5000  -37.5000  -30.0000 8245.8135   13.2447
    0.0000  -37.5000  -30.0000 8678.4990   13.2804
    7.5000  -37.5000  -30.0000 8322.1943   13.2668
   -7.5000  -30.0000  -30.0000 9304.3662   13.0332
    0.0000  -30.0000  -30.0000 9789.0889   13.0666
    7.5000  -30.0000  -30.0000 9388.3066   13.0534
   -7.5000  -22.5000  -30.000010418.6094   12.9410
    0.0000  -22.5000  -30.000010961.3848   12.9708
    7.5000  -22.5000  -30.000010503.4521   12.9511
   -7.5000  -15.0000  -30.000011533.6719   12.9385
    0.0000  -15.0000  -30.000012139.3584   12.9670
    7.5000  -15.0000  -30.000011615.3398   12.9425
   -7.5000   -7.5000  -30.000012566.2188   12.9345
    0.0000   -7.5000  -30.000013251.6201   12.9656
    7.5000   -7.5000  -30.000012689.6045   12.9435
   -7.5000    0.0000  -30.000013469.6416   12.9133
    0.0000    0.0000  -30.000014214.0391   12.9476
    7.5000    0.0000  -30.000013624.0010   12.9303
   -7.5000    7.5000  -30.000013328.0137   12.8932
    0.0000    7.5000  -30.000014125.1406   12.9284
    7.5000    7.5000  -30.000013506.2666   12.9154
   -7.5000   15.0000  -30.000013087.4189   12.8937
    0.0000   15.0000  -30.000013864.5322   12.9271
    7.5000   15.0000  -30.000013279.6943   12.9138
   -7.5000   22.5000  -30.000012755.5225   12.9147
    0.0000   22.5000  -30.000013501.1973   12.9445
    7.5000   22.5000  -30.000012917.4238   12.9246
   -7.5000   30.0000  -30.000012321.6895   12.7673
    0.0000   30.0000  -30.000013042.4551   12.7954
    7.5000   30.0000  -30.000012473.3398   12.7712
   -7.5000   37.5000  -30.000012219.3770   12.7634
    0.0000   37.5000  -30.000012895.9707   12.7941
    7.5000   37.5000  -30.000012311.5732   12.7723
   -7.5000   45.0000  -30.000011507.1123   12.4268
    0.0000   45.0000  -30.000012138.4111   12.4598
    7.5000   45.0000  -30.000011580.6250   12.4432
   -7.5000  -45.0000  -22.5000 8105.0698   14.0276
    0.0000  -45.0000  -22.5000 8540.6670   14.0630
    7.5000  -45.0000  -22.5000 8188.5005   14.0452
   -7.5000  -37.5000  -22.5000 8859.4082   13.6938
    0.0000  -37.5000  -22.5000 9329.5693   13.7323
    7.5000  -37.5000  -22.5000 8945.0293   13.7227
   -7.5000  -30.0000  -22.500010012.4453   13.4796
    0.0000  -30.0000  -22.500010533.2500   13.5165
    7.5000  -30.0000  -22.500010107.9912   13.5083
   -7.5000  -22.5000  -22.500011170.4561   13.3841
    0.0000  -22.5000  -22.500011758.7949   13.4156
    7.5000  -22.5000  -22.500011271.3076   13.3981
   -7.5000  -15.0000  -22.500012345.4492   13.3779
    0.0000  -15.0000  -22.500012991.4551   13.4060
    7.5000  -15.0000  -22.500012456.6533   13.3808
   -7.5000   -7.5000  -22.500013454.4551   13.3699
    0.0000   -7.5000  -22.500014199.5420   13.4006
    7.5000   -7.5000  -22.500013615.6348   13.3771
   -7.5000    0.0000  -22.500014418.7285   13.3475
    0.0000    0.0000  -22.500015251.8906   13.3828
    7.5000    0.0000  -22.500014634.4961   13.3659
   -7.5000    7.5000  -22.500014264.5791   13.3308
    0.0000    7.5000  -22.500015163.7100   13.3688
    7.5000    7.5000  -22.500014514.9258   13.3594
   -7.5000   15.0000  -22.500014021.3896   13.3354
    0.0000   15.0000  -22.500014879.2676   13.3722
    7.5000   15.0000  -22.500014254.3262   13.3637
   -7.5000   22.5000  -22.500013641.9336   13.3560
    0.0000   22.5000  -22.500014478.0732   13.3874
    7.5000   22.5000  -22.500013854.2773   13.3698
   -7.5000   30.0000  -22.500013171.5283   13.2029
    0.0000   30.0000  -22.500013981.1367   13.2306
    7.5000   30.0000  -22.500013392.6768   13.2057
   -7.5000   37.5000  -22.500012979.0215   13.1950
    0.0000   37.5000  -22.500013754.9277   13.2253
    7.5000   37.5000  -22.500013143.8486   13.2021
   -7.5000   45.0000  -22.500012219.9424   12.8543
    0.0000   45.0000  -22.500012930.7725   12.8883
    7.5000   45.0000  -22.500012362.4775   12.8721
   -7.5000  -45.0000  -15.0000 8647.7090   14.3596
    0.0000  -45.0000  -15.0000 9117.2295   14.3986
    7.5000  -45.0000  -15.0000 8742.8555   14.3833
   -7.5000  -37.5000  -15.0000 9454.7490   14.0244
    0.0000  -37.5000  -15.0000 9966.9434   14.0649
    7.5000  -37.5000  -15.0000 9559.1211   14.0562
   -7.5000  -30.0000  -15.000010655.8447   13.8063
    0.0000  -30.0000  -15.000011230.1650   13.8429
    7.5000  -30.0000  -15.000010779.1660   13.8341
   -7.5000  -22.5000  -15.000011861.3613   13.7055
    0.0000  -22.5000  -15.000012501.9785   13.7358
    7.5000  -22.5000  -15.000012001.6309   13.7177
   -7.5000  -15.0000  -15.000013110.7080   13.6954
    0.0000  -15.0000  -15.000013808.9580   13.7233
    7.5000  -15.0000  -15.000013263.6475   13.6987
   -7.5000   -7.5000  -15.000014311.6465   13.6858
    0.0000   -7.5000  -15.000015118.9824   13.7185
    7.5000   -7.5000  -15.000014558.6562   13.6969
   -7.5000    0.0000  -15.000015370.1143   13.6649
    0.0000    0.0000  -15.000016294.3301   13.7034
    7.5000    0.0000  -15.000015691.8486   13.6887
   -7.5000    7.5000  -15.000015210.5020   13.6521
    0.0000    7.5000  -15.000016200.7393   13.6920
    7.5000    7.5000  -15.000015550.5859   13.6836
   -7.5000   15.0000  -15.000014934.7021   13.6587
    0.0000   15.0000  -15.000015876.6162   13.6951
    7.5000   15.0000  -15.000015249.1543   13.6861
   -7.5000   22.5000  -15.000014523.7803   13.6761
    0.0000   22.5000  -15.000015449.2373   13.7064
    7.5000   22.5000  -15.000014841.2324   13.6881
   -7.5000   30.0000  -15.000014013.4268   13.5181
    0.0000   30.0000  -15.000014911.7959   13.5456
    7.5000   30.0000  -15.000014342.2812   13.5214
   -7.5000   37.5000  -15.000013749.9844   13.5087
    0.0000   37.5000  -15.000014596.5586   13.5410
    7.5000   37.5000  -15.000014013.7783   13.5196
   -7.5000   45.0000  -15.000012931.4854   13.1679
    0.0000   45.0000  -15.000013710.0811   13.2050
    7.5000   45.0000  -15.000013146.6152   13.1908
   -7.5000  -45.0000   -7.5000 9180.1455   14.5288
    0.0000  -45.0000   -7.5000 9676.8906   14.5715
    7.5000  -45.0000   -7.5000 9273.3789   14.5580
   -7.5000  -37.5000   -7.500010072.1055   14.1922
    0.0000  -37.5000   -7.500010595.6055   14.2326
    7.5000  -37.5000   -7.500010168.6826   14.2205
   -7.5000  -30.0000   -7.500011345.4199   13.9680
    0.0000  -30.0000   -7.500011935.2891   14.0015
    7.5000  -30.0000   -7.500011473.1445   13.9866
   -7.5000  -22.5000   -7.500012595.3896   13.8627
    0.0000  -22.5000   -7.500013243.5703   13.8912
    7.5000  -22.5000   -7.500012752.4746   13.8697
   -7.5000  -15.0000   -7.500013900.0781   13.8520
    0.0000  -15.0000   -7.500014600.1523   13.8810
    7.5000  -15.0000   -7.500014064.3115   13.8578
   -7.5000   -7.5000   -7.500015207.6025   13.8448
    0.0000   -7.5000   -7.500016046.1768   13.8809
    7.5000   -7.5000   -7.500015474.4092   13.8627
   -7.5000    0.0000   -7.500016372.1582   13.8267
    0.0000    0.0000   -7.500017382.7090   13.8685
    7.5000    0.0000   -7.500016732.4824   13.8557
   -7.5000    7.5000   -7.500016228.2949   13.8146
    0.0000    7.5000   -7.500017291.8750   13.8544
    7.5000    7.5000   -7.500016640.2871   13.8430
   -7.5000   15.0000   -7.500015875.9727   13.8187
    0.0000   15.0000   -7.500016906.7441   13.8522
    7.5000   15.0000   -7.500016281.6650   13.8371
   -7.5000   22.5000   -7.500015434.9287   13.8315
    0.0000   22.5000   -7.500016411.5605   13.8599
    7.5000   22.5000   -7.500015852.1143   13.8383
   -7.5000   30.0000   -7.500014883.7275   13.6723
    0.0000   30.0000   -7.500015827.0049   13.7010
    7.5000   30.0000   -7.500015307.0010   13.6781
   -7.5000   37.5000   -7.500014548.4951   13.6653
    0.0000   37.5000   -7.500015475.7627   13.7009
    7.5000   37.5000   -7.500014896.8975   13.6829
   -7.5000   45.0000   -7.500013696.6865   13.3264
    0.0000   45.0000   -7.500014562.5127   13.3666
    7.5000   45.0000   -7.500013974.6943   13.3542
   -7.5000  -45.0000    0.0000 9635.0430   14.5617
    0.0000  -45.0000    0.000010138.6572   14.6060
    7.5000  -45.0000    0.0000 9740.4453   14.5925
   -7.5000  -37.5000    0.000010579.7725   14.2218
    0.0000  -37.5000    0.000011138.1201   14.2616
    7.5000  -37.5000    0.000010694.1445   14.2458
   -7.5000  -30.0000    0.000011919.1465   13.9946
    0.0000  -30.0000    0.000012531.5156   14.0264
    7.5000  -30.0000    0.000012039.1387   14.0057
   -7.5000  -22.5000    0.000013239.7812   13.8894
    0.0000  -22.5000    0.000013913.2930   13.9177
    7.5000  -22.5000    0.000013377.0889   13.8927
   -7.5000  -15.0000    0.000014584.4795   13.8808
    0.0000  -15.0000    0.000015299.2275   13.9118
    7.5000  -15.0000    0.000014730.5674   13.8884
   -7.5000   -7.5000    0.000015923.6387   13.8759
    0.0000   -7.5000    0.000016762.6738   13.9141
    7.5000   -7.5000    0.000016168.4443   13.8973
   -7.5000    0.0000    0.000017215.2168   13.8577
    0.0000    0.0000    0.000018265.9844   13.9007
    7.5000    0.0000    0.000017597.4688   13.8882
   -7.5000    7.5000    0.000017138.3848   13.8430
    0.0000    7.5000    0.000018349.5078   13.8823
    7.5000    7.5000    0.000017647.2285   13.8675
   -7.5000   15.0000    0.000016842.0488   13.8450
    0.0000   15.0000    0.000017978.9141   13.8769
    7.5000   15.0000    0.000017360.0293   13.8561
   -7.5000   22.5000    0.000016346.8057   13.8581
    0.0000   22.5000    0.000017404.3906   13.8864
    7.5000   22.5000    0.000016799.4395   13.8613
   -7.5000   30.0000    0.000015758.5898   13.7011
    0.0000   30.0000    0.000016746.8105   13.7317
    7.5000   30.0000    0.000016148.8477   13.7086
   -7.5000   37.5000    0.000015360.2930   13.6963
    0.0000   37.5000    0.000016351.2490   13.7340
    7.5000   37.5000    0.000015678.7959   13.7174
   -7.5000   45.0000    0.000014421.7715   13.3572
    0.0000   45.0000    0.000015372.9873   13.3987
    7.5000   45.0000    0.000014696.6416   13.3866
   -7.5000  -45.0000    7.5000 9323.8369   14.5667
    0.0000  -45.0000    7.5000 9837.5430   14.6080
    7.5000  -45.0000    7.5000 9436.0625   14.5912
   -7.5000  -37.5000    7.500010269.1455   14.2197
    0.0000  -37.5000    7.500010808.0703   14.2581
    7.5000  -37.5000    7.500010407.1934   14.2412
   -7.5000  -30.0000    7.500011575.9678   13.9914
    0.0000  -30.0000    7.500012154.7109   14.0242
    7.5000  -30.0000    7.500011702.1699   14.0040
   -7.5000  -22.5000    7.500012855.3057   13.8896
    0.0000  -22.5000    7.500013481.1494   13.9195
    7.5000  -22.5000    7.500012983.0352   13.8947
   -7.5000  -15.0000    7.500014135.6094   13.8852
    0.0000  -15.0000    7.500014818.6699   13.9166
    7.5000  -15.0000    7.500014264.4092   13.8916
   -7.5000   -7.5000    7.500015404.4414   13.8816
    0.0000   -7.5000    7.500016174.2256   13.9183
    7.5000   -7.5000    7.500015605.9795   13.8986
   -7.5000    0.0000    7.500016633.5195   13.8609
    0.0000    0.0000    7.500017663.8418   13.9013
    7.5000    0.0000    7.500017010.1133   13.8858
   -7.5000    7.5000    7.500016681.8359   13.8416
    0.0000    7.5000    7.500017966.6289   13.8796
    7.5000    7.5000    7.500017205.2168   13.8635
   -7.5000   15.0000    7.500016494.2695   13.8418
    0.0000   15.0000    7.500017861.6250   13.8747
    7.5000   15.0000    7.500017028.2793   13.8544
   -7.5000   22.5000    7.500016036.7383   13.8584
    0.0000   22.5000    7.500017320.7715   13.8882
    7.5000   22.5000    7.500016512.0527   13.8632
   -7.5000   30.0000    7.500015387.5801   13.7055
    0.0000   30.0000    7.500016504.3984   13.7364
    7.5000   30.0000    7.500015758.7559   13.7118
   -7.5000   37.5000    7.500014899.3291   13.7019
    0.0000   37.5000    7.500015923.0703   13.7382
    7.5000   37.5000    7.500015210.3643   13.7187
   -7.5000   45.0000    7.500013927.4893   13.3603
    0.0000   45.0000    7.500014852.8682   13.3992
    7.5000   45.0000    7.500014219.5146   13.3843
   -7.5000  -45.0000   15.0000 8886.6191   14.5712
    0.0000  -45.0000   15.0000 9395.5869   14.6083
    7.5000  -45.0000   15.0000 9035.8047   14.5884
   -7.5000  -37.5000   15.0000 9792.5420   14.2199
    0.0000  -37.5000   15.000010340.6553   14.2580
    7.5000  -37.5000   15.0000 9955.2188   14.2436
   -7.5000  -30.0000   15.000011057.7197   13.9930
    0.0000  -30.0000   15.000011653.9863   14.0287
    7.5000  -30.0000   15.000011209.6377   14.0147
   -7.5000  -22.5000   15.000012303.7910   13.8939
    0.0000  -22.5000   15.000012965.0830   13.9258
    7.5000  -22.5000   15.000012456.7256   13.9047
   -7.5000  -15.0000   15.000013543.2891   13.8911
    0.0000  -15.0000   15.000014255.5615   13.9215
    7.5000  -15.0000   15.000013706.8877   13.8954
   -7.5000   -7.5000   15.000014778.3164   13.8866
    0.0000   -7.5000   15.000015624.6553   13.9199
    7.5000   -7.5000   15.000015004.6670   13.8963
   -7.5000    0.0000   15.000016013.4141   13.8640
    0.0000    0.0000   15.000017060.1777   13.9006
    7.5000    0.0000   15.000016391.1621   13.8822
   -7.5000    7.5000   15.000016070.8965   13.8426
    0.0000    7.5000   15.000017199.8477   13.8803
    7.5000    7.5000   15.000016502.3555   13.8664
   -7.5000   15.0000   15.000015884.0449   13.8432
    0.0000   15.0000   15.000016948.6133   13.8790
    7.5000   15.0000   15.000016288.9668   13.8648
   -7.5000   22.5000   15.000015433.1709   13.8626
    0.0000   22.5000   15.000016436.7266   13.8945
    7.5000   22.5000   15.000015846.8398   13.8732
   -7.5000   30.0000   15.000014832.6826   13.7112
    0.0000   30.0000   15.000015737.5459   13.7413
    7.5000   30.0000   15.000015179.5996   13.7155
   -7.5000   37.5000   15.000014315.4375   13.7069
    0.0000   37.5000   15.000015159.4199   13.7398
    7.5000   37.5000   15.000014608.2119   13.7165
   -7.5000   45.0000   15.000013337.5635   13.3633
    0.0000   45.0000   15.000014113.0459   13.3986
    7.5000   45.0000   15.000013555.7295   13.3809
   -7.5000  -45.0000   22.5000 8381.3086   14.6283
    0.0000  -45.0000   22.5000 8886.6807   14.6650
    7.5000  -45.0000   22.5000 8540.5527   14.6468
   -7.5000  -37.5000   22.5000 9247.8340   14.2802
    0.0000  -37.5000   22.5000 9807.7529   14.3200
    7.5000  -37.5000   22.5000 9440.2676   14.3103
   -7.5000  -30.0000   22.500010459.1660   14.0571
    0.0000  -30.0000   22.500011069.3174   14.0952
    7.5000  -30.0000   22.500010644.1494   14.0870
   -7.5000  -22.5000   22.500011659.7373   13.9577
    0.0000  -22.5000   22.500012326.7217   13.9902
    7.5000  -22.5000   22.500011866.4482   13.9722
   -7.5000  -15.0000   22.500012840.1562   13.9512
    0.0000  -15.0000   22.500013560.5127   13.9801
    7.5000  -15.0000   22.500013023.2520   13.9540
   -7.5000   -7.5000   22.500014000.7031   13.9420
    0.0000   -7.5000   22.500014801.0371   13.9737
    7.5000   -7.5000   22.500014241.1855   13.9495
   -7.5000    0.0000   22.500015117.8232   13.9179
    0.0000    0.0000   22.500015997.6211   13.9544
    7.5000    0.0000   22.500015394.5430   13.9371
   -7.5000    7.5000   22.500015103.4297   13.9006
    0.0000    7.5000   22.500015946.9512   13.9399
    7.5000    7.5000   22.500015292.7363   13.9303
   -7.5000   15.0000   22.500014889.7334   13.9061
    0.0000   15.0000   22.500015646.3018   13.9441
    7.5000   15.0000   22.500015033.4258   13.9356
   -7.5000   22.5000   22.500014517.5566   13.9262
    0.0000   22.5000   22.500015252.2256   13.9586
    7.5000   22.5000   22.500014692.6426   13.9404
   -7.5000   30.0000   22.500014013.6152   13.7705
    0.0000   30.0000   22.500014714.2461   13.7992
    7.5000   30.0000   22.500014208.4541   13.7734
   -7.5000   37.5000   22.500013575.7197   13.7616
    0.0000   37.5000   22.500014268.4746   13.7928
    7.5000   37.5000   22.500013749.2139   13.7689
   -7.5000   45.0000   22.500012624.9229   13.4153
    0.0000   45.0000   22.500013277.5859   13.4504
    7.5000   45.0000   22.500012757.0850   13.4338
   -7.5000  -45.0000   30.0000 7791.1323   14.7782
    0.0000  -45.0000   30.0000 8285.0039   14.8183
    7.5000  -45.0000   30.0000 7963.5269   14.8034
   -7.5000  -37.5000   30.0000 8621.9688   14.4328
    0.0000  -37.5000   30.0000 9153.9561   14.4743
    7.5000  -37.5000   30.0000 8804.6377   14.4662
   -7.5000  -30.0000   30.0000 9751.1182   14.2092
    0.0000  -30.0000   30.000010324.5605   14.2465
    7.5000  -30.0000   30.0000 9935.0068   14.2381
   -7.5000  -22.5000   30.000010874.5908   14.1056
    0.0000  -22.5000   30.000011498.1426   14.1364
    7.5000  -22.5000   30.000011057.1074   14.1183
   -7.5000  -15.0000   30.000011974.3213   14.0950
    0.0000  -15.0000   30.000012617.4424   14.1234
    7.5000  -15.0000   30.000012138.9502   14.0985
   -7.5000   -7.5000   30.000013054.3740   14.0837
    0.0000   -7.5000   30.000013760.1562   14.1172
    7.5000   -7.5000   30.000013239.0166   14.0956
   -7.5000    0.0000   30.000014078.0283   14.0607
    0.0000    0.0000   30.000014803.7520   14.1003
    7.5000    0.0000   30.000014231.0518   14.0859
   -7.5000    7.5000   30.000014020.0713   14.0476
    0.0000    7.5000   30.000014684.4150   14.0885
    7.5000    7.5000   30.000014066.8916   14.0806
   -7.5000   15.0000   30.000013809.3926   14.0556
    0.0000   15.0000   30.000014411.0957   14.0928
    7.5000   15.0000   30.000013808.8965   14.0842
   -7.5000   22.5000   30.000013492.6104   14.0734
    0.0000   22.5000   30.000014103.0879   14.1042
    7.5000   22.5000   30.000013554.7451   14.0859
   -7.5000   30.0000   30.000013087.2988   13.9125
    0.0000   30.0000   30.000013699.0088   13.9405
    7.5000   30.0000   30.000013186.0439   13.9160
   -7.5000   37.5000   30.000012715.0859   13.9014
    0.0000   37.5000   30.000013328.6826   13.9345
    7.5000   37.5000   30.000012816.5010   13.9131
   -7.5000   45.0000   30.000011810.4541   13.5529
    0.0000   45.0000   30.000012393.5605   13.5910
    7.5000   45.0000   30.000011906.7422   13.5772
   -7.5000  -45.0000   37.5000 7515.4023   15.0344
    0.0000  -45.0000   37.5000 7956.3105   15.0792
    7.5000  -45.0000   37.5000 7662.1729   15.0669
   -7.5000  -37.5000   37.5000 8301.4209   14.6831
    0.0000  -37.5000   37.5000 8766.9766   14.7252
    7.5000  -37.5000   37.5000 8444.2578   14.7143
   -7.5000  -30.0000   37.5000 9403.8848   14.4517
    0.0000  -30.0000   37.5000 9908.0361   14.4866
    7.5000  -30.0000   37.5000 9541.3242   14.4725
   -7.5000  -22.5000   37.500010486.3604   14.3424
    0.0000  -22.5000   37.500011048.2520   14.3722
    7.5000  -22.5000   37.500010643.1807   14.3512
   -7.5000  -15.0000   37.500011549.3604   14.3311
    0.0000  -15.0000   37.500012137.5527   14.3617
    7.5000  -15.0000   37.500011679.3730   14.3387
   -7.5000   -7.5000   37.500012573.2295   14.3218
    0.0000   -7.5000   37.500013219.2070   14.3597
    7.5000   -7.5000   37.500012713.2119   14.3421
   -7.5000    0.0000   37.500013530.4189   14.3008
    0.0000    0.0000   37.500014194.9844   14.3444
    7.5000    0.0000   37.500013624.7910   14.3326
   -7.5000    7.5000   37.500013461.7402   14.2879
    0.0000    7.5000   37.500014059.2275   14.3294
    7.5000    7.5000   37.500013454.5518   14.3190
   -7.5000   15.0000   37.500013235.3643   14.2938
    0.0000   15.0000   37.500013798.2930   14.3287
    7.5000   15.0000   37.500013222.6260   14.3144
   -7.5000   22.5000   37.500012922.9736   14.3093
    0.0000   22.5000   37.500013514.0713   14.3391
    7.5000   22.5000   37.500012981.5195   14.3179
   -7.5000   30.0000   37.500012569.7471   14.1456
    0.0000   30.0000   37.500013153.5205   14.1757
    7.5000   30.0000   37.500012657.7188   14.1530
   -7.5000   37.5000   37.500012260.3271   14.1365
    0.0000   37.5000   37.500012850.8838   14.1738
    7.5000   37.5000   37.500012353.9482   14.1564
   -7.5000   45.0000   37.500011386.6885   13.7843
    0.0000   45.0000   37.500011945.3926   13.8263
    7.5000   45.0000   37.500011477.3223   13.8150
   -7.5000  -45.0000   45.0000 6916.5464   15.3094
    0.0000  -45.0000   45.0000 7292.4487   15.3548
    7.5000  -45.0000   45.0000 7031.2075   15.3425
   -7.5000  -37.5000   45.0000 7639.3735   14.9457
    0.0000  -37.5000   45.0000 8023.6377   14.9860
    7.5000  -37.5000   45.0000 7746.8760   14.9711
   -7.5000  -30.0000   45.0000 8652.8330   14.7055
    0.0000  -30.0000   45.0000 9088.0830   14.7373
    7.5000  -30.0000   45.0000 8779.7119   14.7167
   -7.5000  -22.5000   45.0000 9665.7871   14.5918
    0.0000  -22.5000   45.000010159.3857   14.6199
    7.5000  -22.5000   45.0000 9802.0029   14.5947
   -7.5000  -15.0000   45.000010625.9863   14.5807
    0.0000  -15.0000   45.000011169.7627   14.6116
    7.5000  -15.0000   45.000010762.4424   14.5885
   -7.5000   -7.5000   45.000011556.2021   14.5734
    0.0000   -7.5000   45.000012152.0684   14.6122
    7.5000   -7.5000   45.000011686.4229   14.5963
   -7.5000    0.0000   45.000012423.3965   14.5527
    0.0000    0.0000   45.000013042.0684   14.5967
    7.5000    0.0000   45.000012513.0791   14.5854
   -7.5000    7.5000   45.000012340.0869   14.5380
    0.0000    7.5000   45.000012891.6006   14.5779
    7.5000    7.5000   45.000012352.8643   14.5639
   -7.5000   15.0000   45.000012128.1387   14.5422
    0.0000   15.0000   45.000012635.6025   14.5741
    7.5000   15.0000   45.000012114.7109   14.5534
   -7.5000   22.5000   45.000011850.6182   14.5575
    0.0000   22.5000   45.000012377.3076   14.5855
    7.5000   22.5000   45.000011894.6240   14.5602
   -7.5000   30.0000   45.000011546.9863   14.3907
    0.0000   30.0000   45.000012067.1338   14.4212
    7.5000   30.0000   45.000011622.6025   14.3984
   -7.5000   37.5000   45.000011282.0703   14.3835
    0.0000   37.5000   45.000011812.1631   14.4219
    7.5000   37.5000   45.000011368.8418   14.4062
   -7.5000   45.0000   45.000010488.6865   14.0335
    0.0000   45.0000   45.000010968.7178   14.0759
    7.5000   45.0000   45.000010550.2471   14.0650

---------------------------------------------------------------------
imgreg_4dfp /opt/freesurfer/average/711-2C_as_mni_average_305 /opt/freesurfer/average/711-2B_as_mni_average_305_mask talsrcimg_g11 none talsrcimg_to_711-2C_as_mni_average_305_t4 4355
---------------------------------------------------------------------

freesurfer imgreg_4dfp.c
/opt/freesurfer/average/711-2C_as_mni_average_305.4dfp.img
       256       256       256         1
  1.000000  1.000000  1.000000
orientation T byte_order littleendian
Reading image: /opt/freesurfer/average/711-2C_as_mni_average_305.4dfp.img
dimensions:      256       256       256
mmppix:       1.0000   -1.0000   -1.0000
center:     128.0000 -129.0000 -129.0000
/opt/freesurfer/average/711-2B_as_mni_average_305_mask.4dfp.img
       256       256       256         1
  1.000000  1.000000  1.000000
orientation T byte_order littleendian
Reading mask: /opt/freesurfer/average/711-2B_as_mni_average_305_mask.4dfp.img (2306576 pixels)
talsrcimg_g11.4dfp.img
       256       256       256         1
  1.000000  1.000000  1.000000
orientation T byte_order littleendian
Reading image: talsrcimg_g11.4dfp.img
dimensions:      256       256       256
mmppix:       1.0000   -1.0000   -1.0000
center:     128.0000 -129.0000 -129.0000
rotation matrix determinant  1.000000
image alignment mode   4355 decimal     1103 hex
   -7.5000  -37.5000  -45.0000 2021.1373   18.1474
    0.0000  -37.5000  -45.0000 2034.2950   18.1886
    7.5000  -37.5000  -45.0000 2023.7466   18.2587
   -7.5000  -30.0000  -45.0000 2131.8181   16.3298
    0.0000  -30.0000  -45.0000 2145.8848   16.3274
    7.5000  -30.0000  -45.0000 2136.5010   16.3473
   -7.5000  -22.5000  -45.0000 2241.7114   14.9225
    0.0000  -22.5000  -45.0000 2255.2971   14.9281
    7.5000  -22.5000  -45.0000 2243.0566   14.9292
   -7.5000  -15.0000  -45.0000 2335.3396   13.8673
    0.0000  -15.0000  -45.0000 2345.1321   13.8766
    7.5000  -15.0000  -45.0000 2337.6721   13.9012
   -7.5000   -7.5000  -45.0000 2385.2817   13.1063
    0.0000   -7.5000  -45.0000 2396.8274   13.1115
    7.5000   -7.5000  -45.0000 2390.7444   13.1461
   -7.5000    0.0000  -45.0000 2411.4668   12.5801
    0.0000    0.0000  -45.0000 2432.0757   12.5677
    7.5000    0.0000  -45.0000 2419.5723   12.6214
   -7.5000    7.5000  -45.0000 2426.5166   12.3509
    0.0000    7.5000  -45.0000 2446.0442   12.3001
    7.5000    7.5000  -45.0000 2435.0806   12.3556
   -7.5000   15.0000  -45.0000 2429.4192   12.3177
    0.0000   15.0000  -45.0000 2447.3408   12.2318
    7.5000   15.0000  -45.0000 2438.4150   12.2754
   -7.5000   22.5000  -45.0000 2420.9824   12.4762
    0.0000   22.5000  -45.0000 2436.8606   12.3484
    7.5000   22.5000  -45.0000 2429.0166   12.4375
   -7.5000   30.0000  -45.0000 2397.9558   12.8428
    0.0000   30.0000  -45.0000 2419.1819   12.7036
    7.5000   30.0000  -45.0000 2410.5308   12.7882
   -7.5000   37.5000  -45.0000 2361.5168   13.4583
    0.0000   37.5000  -45.0000 2384.1848   13.2925
    7.5000   37.5000  -45.0000 2375.2170   13.3961
   -7.5000   45.0000  -45.0000 2304.1313   14.3303
    0.0000   45.0000  -45.0000 2323.2676   14.1607
    7.5000   45.0000  -45.0000 2315.3455   14.2561
   -7.5000   52.5000  -45.0000 2209.5259   15.3498
    0.0000   52.5000  -45.0000 2228.2212   15.1644
    7.5000   52.5000  -45.0000 2220.5166   15.2583
   -7.5000  -37.5000  -37.5000 2082.7642   16.9925
    0.0000  -37.5000  -37.5000 2094.1743   16.9813
    7.5000  -37.5000  -37.5000 2083.5159   17.0472
   -7.5000  -30.0000  -37.5000 2200.9624   15.2455
    0.0000  -30.0000  -37.5000 2218.4302   15.2324
    7.5000  -30.0000  -37.5000 2206.2004   15.2395
   -7.5000  -22.5000  -37.5000 2316.1284   13.9507
    0.0000  -22.5000  -37.5000 2334.2036   13.9443
    7.5000  -22.5000  -37.5000 2323.6348   13.9496
   -7.5000  -15.0000  -37.5000 2414.5991   12.9601
    0.0000  -15.0000  -37.5000 2431.0735   12.9446
    7.5000  -15.0000  -37.5000 2419.3826   12.9615
   -7.5000   -7.5000  -37.5000 2472.8767   12.2060
    0.0000   -7.5000  -37.5000 2489.6150   12.1831
    7.5000   -7.5000  -37.5000 2481.0681   12.2170
   -7.5000    0.0000  -37.5000 2505.7637   11.7023
    0.0000    0.0000  -37.5000 2524.0576   11.6644
    7.5000    0.0000  -37.5000 2516.9512   11.7221
   -7.5000    7.5000  -37.5000 2526.3779   11.4441
    0.0000    7.5000  -37.5000 2542.8965   11.3863
    7.5000    7.5000  -37.5000 2534.6533   11.4468
   -7.5000   15.0000  -37.5000 2528.5725   11.3907
    0.0000   15.0000  -37.5000 2547.4050   11.2816
    7.5000   15.0000  -37.5000 2539.1521   11.3651
   -7.5000   22.5000  -37.5000 2520.2720   11.5362
    0.0000   22.5000  -37.5000 2538.7166   11.4044
    7.5000   22.5000  -37.5000 2533.2766   11.5025
   -7.5000   30.0000  -37.5000 2493.3164   11.8781
    0.0000   30.0000  -37.5000 2517.2378   11.7271
    7.5000   30.0000  -37.5000 2510.0774   11.8117
   -7.5000   37.5000  -37.5000 2460.2861   12.4452
    0.0000   37.5000  -37.5000 2481.9209   12.2764
    7.5000   37.5000  -37.5000 2470.5598   12.3896
   -7.5000   45.0000  -37.5000 2401.4229   13.2148
    0.0000   45.0000  -37.5000 2423.3994   13.0508
    7.5000   45.0000  -37.5000 2412.5027   13.1670
   -7.5000   52.5000  -37.5000 2298.6316   14.1613
    0.0000   52.5000  -37.5000 2319.3269   13.9814
    7.5000   52.5000  -37.5000 2309.8325   14.0819
   -7.5000  -37.5000  -30.0000 2174.9084   16.4991
    0.0000  -37.5000  -30.0000 2187.6638   16.4511
    7.5000  -37.5000  -30.0000 2177.0793   16.5787
   -7.5000  -30.0000  -30.0000 2308.4011   14.7949
    0.0000  -30.0000  -30.0000 2323.8745   14.7549
    7.5000  -30.0000  -30.0000 2314.2522   14.8385
   -7.5000  -22.5000  -30.0000 2428.4055   13.5175
    0.0000  -22.5000  -30.0000 2448.0112   13.4774
    7.5000  -22.5000  -30.0000 2437.4097   13.5436
   -7.5000  -15.0000  -30.0000 2527.1206   12.5166
    0.0000  -15.0000  -30.0000 2548.9739   12.4705
    7.5000  -15.0000  -30.0000 2536.9192   12.5327
   -7.5000   -7.5000  -30.0000 2592.2578   11.7602
    0.0000   -7.5000  -30.0000 2611.9128   11.7071
    7.5000   -7.5000  -30.0000 2605.8806   11.7629
   -7.5000    0.0000  -30.0000 2637.6392   11.2557
    0.0000    0.0000  -30.0000 2653.8904   11.1957
    7.5000    0.0000  -30.0000 2647.3311   11.2510
   -7.5000    7.5000  -30.0000 2669.2998   10.9555
    0.0000    7.5000  -30.0000 2686.4170   10.9021
    7.5000    7.5000  -30.0000 2678.9448   10.9644
   -7.5000   15.0000  -30.0000 2678.4043   10.8652
    0.0000   15.0000  -30.0000 2695.6108   10.7967
    7.5000   15.0000  -30.0000 2686.5889   10.8850
   -7.5000   22.5000  -30.0000 2667.7781   11.0260
    0.0000   22.5000  -30.0000 2690.1960   10.9213
    7.5000   22.5000  -30.0000 2678.3657   11.0180
   -7.5000   30.0000  -30.0000 2640.2268   11.3831
    0.0000   30.0000  -30.0000 2667.9807   11.2412
    7.5000   30.0000  -30.0000 2655.0925   11.3285
   -7.5000   37.5000  -30.0000 2601.5610   11.9358
    0.0000   37.5000  -30.0000 2628.3867   11.7639
    7.5000   37.5000  -30.0000 2614.3496   11.8669
   -7.5000   45.0000  -30.0000 2536.4756   12.7023
    0.0000   45.0000  -30.0000 2560.5037   12.5155
    7.5000   45.0000  -30.0000 2546.3604   12.6234
   -7.5000   52.5000  -30.0000 2429.3218   13.6204
    0.0000   52.5000  -30.0000 2453.4431   13.4138
    7.5000   52.5000  -30.0000 2441.2957   13.5396
   -7.5000  -37.5000  -22.5000 2244.3257   15.9788
    0.0000  -37.5000  -22.5000 2258.1677   15.9029
    7.5000  -37.5000  -22.5000 2244.8022   16.0178
   -7.5000  -30.0000  -22.5000 2386.5928   14.3106
    0.0000  -30.0000  -22.5000 2402.1702   14.2278
    7.5000  -30.0000  -22.5000 2390.6272   14.3359
   -7.5000  -22.5000  -22.5000 2505.8169   13.0160
    0.0000  -22.5000  -22.5000 2521.7266   12.9456
    7.5000  -22.5000  -22.5000 2512.4341   13.0383
   -7.5000  -15.0000  -22.5000 2607.6028   12.0172
    0.0000  -15.0000  -22.5000 2627.0627   11.9464
    7.5000  -15.0000  -22.5000 2617.6990   12.0376
   -7.5000   -7.5000  -22.5000 2684.8230   11.2443
    0.0000   -7.5000  -22.5000 2706.2600   11.1747
    7.5000   -7.5000  -22.5000 2696.1379   11.2421
   -7.5000    0.0000  -22.5000 2734.7202   10.7229
    0.0000    0.0000  -22.5000 2757.8438   10.6492
    7.5000    0.0000  -22.5000 2748.5791   10.7211
   -7.5000    7.5000  -22.5000 2776.3706   10.4009
    0.0000    7.5000  -22.5000 2802.6543   10.3408
    7.5000    7.5000  -22.5000 2794.1731   10.4211
   -7.5000   15.0000  -22.5000 2796.9929   10.2799
    0.0000   15.0000  -22.5000 2820.5732   10.2337
    7.5000   15.0000  -22.5000 2809.2043   10.3248
   -7.5000   22.5000  -22.5000 2787.5132   10.4397
    0.0000   22.5000  -22.5000 2811.3506   10.3533
    7.5000   22.5000  -22.5000 2802.5095   10.4607
   -7.5000   30.0000  -22.5000 2760.7529   10.8219
    0.0000   30.0000  -22.5000 2791.9128   10.6707
    7.5000   30.0000  -22.5000 2781.9832   10.7741
   -7.5000   37.5000  -22.5000 2714.7087   11.3589
    0.0000   37.5000  -22.5000 2746.1260   11.1872
    7.5000   37.5000  -22.5000 2735.6453   11.2823
   -7.5000   45.0000  -22.5000 2644.5059   12.0933
    0.0000   45.0000  -22.5000 2670.9639   11.9185
    7.5000   45.0000  -22.5000 2660.9990   12.0071
   -7.5000   52.5000  -22.5000 2528.1250   13.0116
    0.0000   52.5000  -22.5000 2552.0432   12.8120
    7.5000   52.5000  -22.5000 2544.5623   12.9128
   -7.5000  -37.5000  -15.0000 2278.3071   15.5455
    0.0000  -37.5000  -15.0000 2292.8599   15.4387
    7.5000  -37.5000  -15.0000 2281.7854   15.5610
   -7.5000  -30.0000  -15.0000 2419.1223   13.8677
    0.0000  -30.0000  -15.0000 2436.7693   13.7605
    7.5000  -30.0000  -15.0000 2426.5051   13.8508
   -7.5000  -22.5000  -15.0000 2539.1228   12.5505
    0.0000  -22.5000  -15.0000 2558.4924   12.4505
    7.5000  -22.5000  -15.0000 2547.2815   12.5376
   -7.5000  -15.0000  -15.0000 2647.9797   11.5602
    0.0000  -15.0000  -15.0000 2669.0559   11.4321
    7.5000  -15.0000  -15.0000 2658.9673   11.5554
   -7.5000   -7.5000  -15.0000 2739.1626   10.7749
    0.0000   -7.5000  -15.0000 2761.8652   10.6830
    7.5000   -7.5000  -15.0000 2755.9509   10.7881
   -7.5000    0.0000  -15.0000 2800.4072   10.2378
    0.0000    0.0000  -15.0000 2829.0913   10.1572
    7.5000    0.0000  -15.0000 2822.1060   10.2512
   -7.5000    7.5000  -15.0000 2844.4094    9.8944
    0.0000    7.5000  -15.0000 2884.1875    9.8223
    7.5000    7.5000  -15.0000 2873.7749    9.9296
   -7.5000   15.0000  -15.0000 2877.7483    9.7579
    0.0000   15.0000  -15.0000 2910.5413    9.6663
    7.5000   15.0000  -15.0000 2900.6655    9.8028
   -7.5000   22.5000  -15.0000 2875.5515    9.9320
    0.0000   22.5000  -15.0000 2907.8784    9.8124
    7.5000   22.5000  -15.0000 2901.1941    9.9384
   -7.5000   30.0000  -15.0000 2847.7273   10.2783
    0.0000   30.0000  -15.0000 2883.7668   10.1344
    7.5000   30.0000  -15.0000 2879.7222   10.2361
   -7.5000   37.5000  -15.0000 2790.7766   10.8229
    0.0000   37.5000  -15.0000 2827.9111   10.6480
    7.5000   37.5000  -15.0000 2822.1699   10.7488
   -7.5000   45.0000  -15.0000 2714.1682   11.5469
    0.0000   45.0000  -15.0000 2742.9304   11.3512
    7.5000   45.0000  -15.0000 2737.7053   11.4682
   -7.5000   52.5000  -15.0000 2588.8857   12.4596
    0.0000   52.5000  -15.0000 2621.0334   12.2563
    7.5000   52.5000  -15.0000 2609.3792   12.3770
   -7.5000  -37.5000   -7.5000 2294.0559   15.3190
    0.0000  -37.5000   -7.5000 2310.9382   15.1237
    7.5000  -37.5000   -7.5000 2296.4231   15.2245
   -7.5000  -30.0000   -7.5000 2431.6987   13.5899
    0.0000  -30.0000   -7.5000 2451.1333   13.3884
    7.5000  -30.0000   -7.5000 2440.3789   13.5260
   -7.5000  -22.5000   -7.5000 2550.0466   12.2454
    0.0000  -22.5000   -7.5000 2568.9021   12.0628
    7.5000  -22.5000   -7.5000 2561.5613   12.1921
   -7.5000  -15.0000   -7.5000 2664.7192   11.2205
    0.0000  -15.0000   -7.5000 2682.0078   11.0430
    7.5000  -15.0000   -7.5000 2676.3704   11.1762
   -7.5000   -7.5000   -7.5000 2768.4192   10.4096
    0.0000   -7.5000   -7.5000 2793.0459   10.2705
    7.5000   -7.5000   -7.5000 2787.0156   10.3908
   -7.5000    0.0000   -7.5000 2843.3625    9.8395
    0.0000    0.0000   -7.5000 2874.5266    9.7423
    7.5000    0.0000   -7.5000 2865.6082    9.8493
   -7.5000    7.5000   -7.5000 2898.0327    9.4906
    0.0000    7.5000   -7.5000 2939.7363    9.3920
    7.5000    7.5000   -7.5000 2931.3110    9.5027
   -7.5000   15.0000   -7.5000 2938.5349    9.3277
    0.0000   15.0000   -7.5000 2979.5908    9.2064
    7.5000   15.0000   -7.5000 2970.1980    9.3442
   -7.5000   22.5000   -7.5000 2936.6746    9.4712
    0.0000   22.5000   -7.5000 2980.8650    9.3234
    7.5000   22.5000   -7.5000 2968.8245    9.4686
   -7.5000   30.0000   -7.5000 2904.9304    9.8242
    0.0000   30.0000   -7.5000 2948.0774    9.6486
    7.5000   30.0000   -7.5000 2938.5701    9.7898
   -7.5000   37.5000   -7.5000 2842.8735   10.3670
    0.0000   37.5000   -7.5000 2882.6790   10.1686
    7.5000   37.5000   -7.5000 2874.5974   10.2906
   -7.5000   45.0000   -7.5000 2757.0103   11.1119
    0.0000   45.0000   -7.5000 2794.1123   10.9028
    7.5000   45.0000   -7.5000 2785.0212   11.0040
   -7.5000   52.5000   -7.5000 2624.4370   12.0275
    0.0000   52.5000   -7.5000 2660.6050   11.8213
    7.5000   52.5000   -7.5000 2651.8618   11.9041
   -7.5000  -37.5000    0.0000 2298.3882   15.2297
    0.0000  -37.5000    0.0000 2312.5447   14.9694
    7.5000  -37.5000    0.0000 2309.2546   15.0597
   -7.5000  -30.0000    0.0000 2428.8564   13.4279
    0.0000  -30.0000    0.0000 2444.3384   13.2164
    7.5000  -30.0000    0.0000 2440.6138   13.2989
   -7.5000  -22.5000    0.0000 2547.5195   12.0747
    0.0000  -22.5000    0.0000 2563.5044   11.8756
    7.5000  -22.5000    0.0000 2557.0693   11.9742
   -7.5000  -15.0000    0.0000 2662.9363   11.0256
    0.0000  -15.0000    0.0000 2677.1033   10.8466
    7.5000  -15.0000    0.0000 2674.8884   10.9505
   -7.5000   -7.5000    0.0000 2775.1279   10.1850
    0.0000   -7.5000    0.0000 2794.7893   10.0338
    7.5000   -7.5000    0.0000 2792.4458   10.1462
   -7.5000    0.0000    0.0000 2866.8413    9.6003
    0.0000    0.0000    0.0000 2893.1729    9.4766
    7.5000    0.0000    0.0000 2890.7961    9.5678
   -7.5000    7.5000    0.0000 2934.8745    9.2378
    0.0000    7.5000    0.0000 2975.6055    9.1351
    7.5000    7.5000    0.0000 2970.2500    9.2169
   -7.5000   15.0000    0.0000 2982.4463    9.1159
    0.0000   15.0000    0.0000 3032.6660    9.0249
    7.5000   15.0000    0.0000 3023.7563    9.1130
   -7.5000   22.5000    0.0000 2981.9133    9.2335
    0.0000   22.5000    0.0000 3037.3384    9.0741
    7.5000   22.5000    0.0000 3020.8516    9.1929
   -7.5000   30.0000    0.0000 2940.0774    9.5540
    0.0000   30.0000    0.0000 2989.1013    9.3953
    7.5000   30.0000    0.0000 2973.9963    9.4749
   -7.5000   37.5000    0.0000 2871.4624   10.0809
    0.0000   37.5000    0.0000 2918.3674    9.9032
    7.5000   37.5000    0.0000 2908.2715    9.9649
   -7.5000   45.0000    0.0000 2778.6978   10.8315
    0.0000   45.0000    0.0000 2822.1704   10.6572
    7.5000   45.0000    0.0000 2812.8467   10.7097
   -7.5000   52.5000    0.0000 2642.3352   11.7672
    0.0000   52.5000    0.0000 2678.0295   11.5974
    7.5000   52.5000    0.0000 2673.7947   11.6294
   -7.5000  -37.5000    7.5000 2292.6531   15.2664
    0.0000  -37.5000    7.5000 2309.4377   15.0034
    7.5000  -37.5000    7.5000 2308.0417   15.0808
   -7.5000  -30.0000    7.5000 2419.3914   13.4455
    0.0000  -30.0000    7.5000 2434.8777   13.1804
    7.5000  -30.0000    7.5000 2430.4036   13.3044
   -7.5000  -22.5000    7.5000 2536.8933   12.0413
    0.0000  -22.5000    7.5000 2551.8411   11.8007
    7.5000  -22.5000    7.5000 2545.5427   11.9242
   -7.5000  -15.0000    7.5000 2654.9734   10.9690
    0.0000  -15.0000    7.5000 2670.4729   10.7518
    7.5000  -15.0000    7.5000 2666.2820   10.8586
   -7.5000   -7.5000    7.5000 2767.0308   10.1167
    0.0000   -7.5000    7.5000 2789.0330    9.9210
    7.5000   -7.5000    7.5000 2789.0432   10.0457
   -7.5000    0.0000    7.5000 2864.5605    9.5276
    0.0000    0.0000    7.5000 2893.3447    9.3609
    7.5000    0.0000    7.5000 2892.7703    9.4589
   -7.5000    7.5000    7.5000 2948.0918    9.1959
    0.0000    7.5000    7.5000 2998.8196    9.1110
    7.5000    7.5000    7.5000 2987.5825    9.1609
   -7.5000   15.0000    7.5000 3003.2817    9.0871
    0.0000   15.0000    7.5000 3072.0249    9.0217
    7.5000   15.0000    7.5000 3058.7883    9.0678
   -7.5000   22.5000    7.5000 2998.8289    9.2084
    0.0000   22.5000    7.5000 3067.7886    9.1141
    7.5000   22.5000    7.5000 3053.9114    9.1327
   -7.5000   30.0000    7.5000 2953.3035    9.4871
    0.0000   30.0000    7.5000 3006.8132    9.3236
    7.5000   30.0000    7.5000 2997.9231    9.3617
   -7.5000   37.5000    7.5000 2883.6709    9.9590
    0.0000   37.5000    7.5000 2929.0171    9.7836
    7.5000   37.5000    7.5000 2925.2219    9.8319
   -7.5000   45.0000    7.5000 2784.9436   10.7153
    0.0000   45.0000    7.5000 2826.7302   10.5328
    7.5000   45.0000    7.5000 2826.2263   10.5923
   -7.5000   52.5000    7.5000 2650.2722   11.6363
    0.0000   52.5000    7.5000 2684.5010   11.4423
    7.5000   52.5000    7.5000 2683.6074   11.5083
   -7.5000  -37.5000   15.0000 2271.6804   15.4135
    0.0000  -37.5000   15.0000 2297.0293   15.1075
    7.5000  -37.5000   15.0000 2294.6272   15.2225
   -7.5000  -30.0000   15.0000 2402.6819   13.5750
    0.0000  -30.0000   15.0000 2422.4033   13.2931
    7.5000  -30.0000   15.0000 2418.0190   13.4083
   -7.5000  -22.5000   15.0000 2519.9543   12.1879
    0.0000  -22.5000   15.0000 2538.2505   11.9295
    7.5000  -22.5000   15.0000 2536.1821   12.0340
   -7.5000  -15.0000   15.0000 2636.0652   11.1035
    0.0000  -15.0000   15.0000 2655.6804   10.8881
    7.5000  -15.0000   15.0000 2654.9382   10.9707
   -7.5000   -7.5000   15.0000 2747.8127   10.2689
    0.0000   -7.5000   15.0000 2776.2722   10.0766
    7.5000   -7.5000   15.0000 2768.4880   10.1544
   -7.5000    0.0000   15.0000 2849.7490    9.6673
    0.0000    0.0000   15.0000 2886.1562    9.5079
    7.5000    0.0000   15.0000 2879.7261    9.5728
   -7.5000    7.5000   15.0000 2938.3867    9.3200
    0.0000    7.5000   15.0000 2985.6206    9.1928
    7.5000    7.5000   15.0000 2979.3733    9.2753
   -7.5000   15.0000   15.0000 2991.7781    9.2089
    0.0000   15.0000   15.0000 3056.3079    9.0642
    7.5000   15.0000   15.0000 3053.8848    9.1299
   -7.5000   22.5000   15.0000 2986.0315    9.3148
    0.0000   22.5000   15.0000 3051.0273    9.1129
    7.5000   22.5000   15.0000 3051.3132    9.1849
   -7.5000   30.0000   15.0000 2939.7815    9.6139
    0.0000   30.0000   15.0000 2994.0750    9.3986
    7.5000   30.0000   15.0000 2994.3271    9.4546
   -7.5000   37.5000   15.0000 2869.9575   10.0864
    0.0000   37.5000   15.0000 2917.1223    9.8759
    7.5000   37.5000   15.0000 2917.3276    9.9455
   -7.5000   45.0000   15.0000 2777.3662   10.7914
    0.0000   45.0000   15.0000 2812.9316   10.6038
    7.5000   45.0000   15.0000 2814.6956   10.6810
   -7.5000   52.5000   15.0000 2640.2378   11.6665
    0.0000   52.5000   15.0000 2674.1157   11.4658
    7.5000   52.5000   15.0000 2672.9124   11.5390
   -7.5000  -37.5000   22.5000 2245.2124   15.7741
    0.0000  -37.5000   22.5000 2273.7754   15.4566
    7.5000  -37.5000   22.5000 2271.0078   15.5493
   -7.5000  -30.0000   22.5000 2382.8999   13.9106
    0.0000  -30.0000   22.5000 2407.3691   13.6331
    7.5000  -30.0000   22.5000 2402.6184   13.7293
   -7.5000  -22.5000   22.5000 2500.9175   12.5292
    0.0000  -22.5000   22.5000 2524.9409   12.2736
    7.5000  -22.5000   22.5000 2524.8933   12.3566
   -7.5000  -15.0000   22.5000 2612.9683   11.4424
    0.0000  -15.0000   22.5000 2639.6333   11.1949
    7.5000  -15.0000   22.5000 2635.5713   11.2730
   -7.5000   -7.5000   22.5000 2724.9880   10.5844
    0.0000   -7.5000   22.5000 2756.0630   10.3379
    7.5000   -7.5000   22.5000 2753.7288   10.4108
   -7.5000    0.0000   22.5000 2826.4783    9.9402
    0.0000    0.0000   22.5000 2859.2368    9.7159
    7.5000    0.0000   22.5000 2861.3721    9.7993
   -7.5000    7.5000   22.5000 2908.4329    9.5632
    0.0000    7.5000   22.5000 2950.7751    9.3476
    7.5000    7.5000   22.5000 2949.6194    9.4064
   -7.5000   15.0000   22.5000 2950.4534    9.4358
    0.0000   15.0000   22.5000 3002.6702    9.1931
    7.5000   15.0000   22.5000 3004.9211    9.2629
   -7.5000   22.5000   22.5000 2945.8013    9.5512
    0.0000   22.5000   22.5000 3000.3633    9.3062
    7.5000   22.5000   22.5000 3004.8616    9.3613
   -7.5000   30.0000   22.5000 2907.2566    9.8800
    0.0000   30.0000   22.5000 2954.1130    9.6463
    7.5000   30.0000   22.5000 2959.2371    9.6977
   -7.5000   37.5000   22.5000 2841.0542   10.3662
    0.0000   37.5000   22.5000 2881.0476   10.1453
    7.5000   37.5000   22.5000 2885.1577   10.2043
   -7.5000   45.0000   22.5000 2746.9460   11.0496
    0.0000   45.0000   22.5000 2781.8904   10.8485
    7.5000   45.0000   22.5000 2785.1775   10.9096
   -7.5000   52.5000   22.5000 2611.7947   11.8876
    0.0000   52.5000   22.5000 2643.3948   11.6860
    7.5000   52.5000   22.5000 2646.7686   11.7559
   -7.5000  -37.5000   30.0000 2207.1365   16.3426
    0.0000  -37.5000   30.0000 2231.2664   16.0485
    7.5000  -37.5000   30.0000 2232.6257   16.1153
   -7.5000  -30.0000   30.0000 2347.3225   14.4541
    0.0000  -30.0000   30.0000 2373.0557   14.1491
    7.5000  -30.0000   30.0000 2371.7815   14.2318
   -7.5000  -22.5000   30.0000 2467.6165   13.0177
    0.0000  -22.5000   30.0000 2500.3147   12.7130
    7.5000  -22.5000   30.0000 2499.0825   12.7894
   -7.5000  -15.0000   30.0000 2581.4897   11.9042
    0.0000  -15.0000   30.0000 2613.7185   11.5891
    7.5000  -15.0000   30.0000 2611.9390   11.6558
   -7.5000   -7.5000   30.0000 2697.2737   11.0267
    0.0000   -7.5000   30.0000 2731.2812   10.7247
    7.5000   -7.5000   30.0000 2730.6704   10.7820
   -7.5000    0.0000   30.0000 2790.5659   10.3591
    0.0000    0.0000   30.0000 2828.4592   10.0858
    7.5000    0.0000   30.0000 2827.4077   10.1316
   -7.5000    7.5000   30.0000 2860.0134    9.9733
    0.0000    7.5000   30.0000 2901.8762    9.6999
    7.5000    7.5000   30.0000 2897.5261    9.7453
   -7.5000   15.0000   30.0000 2895.7078    9.8195
    0.0000   15.0000   30.0000 2944.4961    9.5448
    7.5000   15.0000   30.0000 2938.6575    9.5907
   -7.5000   22.5000   30.0000 2891.1260    9.9252
    0.0000   22.5000   30.0000 2941.1272    9.6731
    7.5000   22.5000   30.0000 2945.8857    9.7256
   -7.5000   30.0000   30.0000 2852.2666   10.2788
    0.0000   30.0000   30.0000 2894.2505   10.0671
    7.5000   30.0000   30.0000 2903.0718   10.0857
   -7.5000   37.5000   30.0000 2788.3215   10.7921
    0.0000   37.5000   30.0000 2826.8606   10.5785
    7.5000   37.5000   30.0000 2831.2842   10.6074
   -7.5000   45.0000   30.0000 2699.6208   11.4779
    0.0000   45.0000   30.0000 2734.2358   11.2552
    7.5000   45.0000   30.0000 2739.0737   11.3089
   -7.5000   52.5000   30.0000 2568.9478   12.2862
    0.0000   52.5000   30.0000 2601.4163   12.0764
    7.5000   52.5000   30.0000 2604.5569   12.1395
   -7.5000  -37.5000   37.5000 2162.8242   17.0829
    0.0000  -37.5000   37.5000 2186.0945   16.7340
    7.5000  -37.5000   37.5000 2191.8501   16.7864
   -7.5000  -30.0000   37.5000 2305.7588   15.1152
    0.0000  -30.0000   37.5000 2333.5183   14.7514
    7.5000  -30.0000   37.5000 2339.0686   14.8224
   -7.5000  -22.5000   37.5000 2428.9043   13.6305
    0.0000  -22.5000   37.5000 2467.5403   13.2713
    7.5000  -22.5000   37.5000 2470.6145   13.3274
   -7.5000  -15.0000   37.5000 2545.9036   12.4832
    0.0000  -15.0000   37.5000 2582.5171   12.1385
    7.5000  -15.0000   37.5000 2583.1023   12.1816
   -7.5000   -7.5000   37.5000 2656.3152   11.5636
    0.0000   -7.5000   37.5000 2697.4089   11.2660
    7.5000   -7.5000   37.5000 2698.5679   11.2909
   -7.5000    0.0000   37.5000 2739.1836   10.9228
    0.0000    0.0000   37.5000 2782.8921   10.6191
    7.5000    0.0000   37.5000 2784.2178   10.6391
   -7.5000    7.5000   37.5000 2799.9434   10.5426
    0.0000    7.5000   37.5000 2845.5906   10.2364
    7.5000    7.5000   37.5000 2842.4670   10.2463
   -7.5000   15.0000   37.5000 2832.0674   10.3376
    0.0000   15.0000   37.5000 2879.3291   10.0612
    7.5000   15.0000   37.5000 2873.0913   10.0917
   -7.5000   22.5000   37.5000 2823.8921   10.4373
    0.0000   22.5000   37.5000 2875.4041   10.1909
    7.5000   22.5000   37.5000 2876.9790   10.2178
   -7.5000   30.0000   37.5000 2785.0022   10.7888
    0.0000   30.0000   37.5000 2824.6948   10.5854
    7.5000   30.0000   37.5000 2832.9800   10.6108
   -7.5000   37.5000   37.5000 2724.2173   11.3258
    0.0000   37.5000   37.5000 2761.8157   11.1239
    7.5000   37.5000   37.5000 2764.5491   11.1400
   -7.5000   45.0000   37.5000 2640.2834   12.0059
    0.0000   45.0000   37.5000 2678.0808   11.7934
    7.5000   45.0000   37.5000 2680.0823   11.8322
   -7.5000   52.5000   37.5000 2515.8489   12.8232
    0.0000   52.5000   37.5000 2544.8706   12.6235
    7.5000   52.5000   37.5000 2548.0769   12.6561
   -7.5000  -37.5000   45.0000 2114.4292   18.0003
    0.0000  -37.5000   45.0000 2140.0576   17.5748
    7.5000  -37.5000   45.0000 2146.6196   17.6195
   -7.5000  -30.0000   45.0000 2258.8208   15.9458
    0.0000  -30.0000   45.0000 2289.9497   15.5518
    7.5000  -30.0000   45.0000 2302.0127   15.5819
   -7.5000  -22.5000   45.0000 2386.4297   14.3955
    0.0000  -22.5000   45.0000 2423.5613   14.0150
    7.5000  -22.5000   45.0000 2432.0437   14.0376
   -7.5000  -15.0000   45.0000 2497.0447   13.1832
    0.0000  -15.0000   45.0000 2538.7021   12.8299
    7.5000  -15.0000   45.0000 2544.3254   12.8461
   -7.5000   -7.5000   45.0000 2599.3357   12.2518
    0.0000   -7.5000   45.0000 2643.3218   11.9236
    7.5000   -7.5000   45.0000 2648.2461   11.9443
   -7.5000    0.0000   45.0000 2674.5115   11.5963
    0.0000    0.0000   45.0000 2721.5142   11.2771
    7.5000    0.0000   45.0000 2724.5879   11.2753
   -7.5000    7.5000   45.0000 2729.8105   11.1877
    0.0000    7.5000   45.0000 2772.2314   10.8711
    7.5000    7.5000   45.0000 2773.4922   10.8905
   -7.5000   15.0000   45.0000 2759.0439   10.9865
    0.0000   15.0000   45.0000 2795.6970   10.7313
    7.5000   15.0000   45.0000 2793.2224   10.7503
   -7.5000   22.5000   45.0000 2748.8044   11.0699
    0.0000   22.5000   45.0000 2793.0488   10.8437
    7.5000   22.5000   45.0000 2799.4565   10.8639
   -7.5000   30.0000   45.0000 2710.4707   11.4272
    0.0000   30.0000   45.0000 2749.1816   11.2256
    7.5000   30.0000   45.0000 2759.0427   11.2451
   -7.5000   37.5000   45.0000 2650.9292   11.9439
    0.0000   37.5000   45.0000 2689.7478   11.7350
    7.5000   37.5000   45.0000 2691.7783   11.7693
   -7.5000   45.0000   45.0000 2570.4187   12.6166
    0.0000   45.0000   45.0000 2606.4055   12.4228
    7.5000   45.0000   45.0000 2607.5149   12.4513
   -7.5000   52.5000   45.0000 2449.2104   13.4676
    0.0000   52.5000   45.0000 2476.8269   13.2828
    7.5000   52.5000   45.0000 2478.4707   13.3038

---------------------------------------------------------------------
imgreg_4dfp /opt/freesurfer/average/711-2C_as_mni_average_305 /opt/freesurfer/average/711-2B_as_mni_average_305_mask talsrcimg_g11 none talsrcimg_to_711-2C_as_mni_average_305_t4 1283
---------------------------------------------------------------------

freesurfer imgreg_4dfp.c
/opt/freesurfer/average/711-2C_as_mni_average_305.4dfp.img
       256       256       256         1
  1.000000  1.000000  1.000000
orientation T byte_order littleendian
Reading image: /opt/freesurfer/average/711-2C_as_mni_average_305.4dfp.img
dimensions:      256       256       256
mmppix:       1.0000   -1.0000   -1.0000
center:     128.0000 -129.0000 -129.0000
/opt/freesurfer/average/711-2B_as_mni_average_305_mask.4dfp.img
       256       256       256         1
  1.000000  1.000000  1.000000
orientation T byte_order littleendian
Reading mask: /opt/freesurfer/average/711-2B_as_mni_average_305_mask.4dfp.img (2306576 pixels)
talsrcimg_g11.4dfp.img
       256       256       256         1
  1.000000  1.000000  1.000000
orientation T byte_order littleendian
Reading image: talsrcimg_g11.4dfp.img
dimensions:      256       256       256
mmppix:       1.0000   -1.0000   -1.0000
center:     128.0000 -129.0000 -129.0000
rotation matrix determinant  1.000000
fimgreg.f
image alignment mode   1283 decimal      503 hex
parameters
    0.0000   15.0000    7.5000    0.0000    0.0000    0.0000
eta,q 0.96252  9.05699
niter,ni,del,rscale     5    3   12.0000    1.2000
parameter  1 -0.561207 -> -0.500000 qaram    1.1500
parameter  2 -0.539330 -> -0.500000 qaram    1.1500
parameter  5  0.695044 ->  0.500000 qaram    1.1500
parameters
    3.4500   18.4500   10.2871   -1.4769   -3.4500    1.4143
eta,q 0.97265  8.99605
  0.0583  0.0523  0.0429  0.0348  0.0289  0.0357
  0.0495  0.0451  0.0391  0.0310  0.0279  0.0327
  0.0423  0.0390  0.0358  0.0307  0.0288  0.0299
  0.0382  0.0351  0.0333  0.0319  0.0310  0.0280
  0.0359  0.0338  0.0320  0.0336  0.0339  0.0274
  0.0353  0.0335  0.0323  0.0356  0.0377  0.0287
  0.0368  0.0346  0.0339  0.0375  0.0434  0.0312
niter,ni,del,rscale     7    3   12.0000    1.2000
parameters
    4.0321   18.7935    9.4771   -1.5067   -3.9709    1.5706
eta,q 0.97295  8.99560
  0.0497  0.0424  0.0337  0.0352  0.0352  0.0335
  0.0384  0.0334  0.0294  0.0288  0.0299  0.0306
  0.0302  0.0288  0.0273  0.0265  0.0274  0.0282
  0.0273  0.0275  0.0275  0.0272  0.0272  0.0271
  0.0293  0.0287  0.0296  0.0293  0.0290  0.0279
  0.0342  0.0327  0.0330  0.0312  0.0324  0.0301
  0.0430  0.0388  0.0373  0.0328  0.0373  0.0330
niter,ni,del,rscale     6    3   12.0000    1.2000
parameters
    4.1298   18.7889    9.4172   -1.4553   -4.0274    1.6138
eta,q 0.97290  8.99515
  0.0468  0.0404  0.0356  0.0353  0.0366  0.0334
  0.0360  0.0318  0.0309  0.0289  0.0307  0.0304
  0.0288  0.0282  0.0278  0.0265  0.0277  0.0282
  0.0271  0.0271  0.0271  0.0271  0.0271  0.0271
  0.0297  0.0286  0.0285  0.0291  0.0285  0.0280
  0.0353  0.0332  0.0314  0.0310  0.0316  0.0303
  0.0453  0.0394  0.0356  0.0327  0.0362  0.0332
niter,ni,del,rscale     5    3   12.0000    1.2000
parameters
    4.1457   18.7697    9.4187   -1.4302   -4.0411    1.6274
eta,q 0.97288  8.99509
  0.0463  0.0403  0.0358  0.0352  0.0368  0.0333
  0.0357  0.0317  0.0310  0.0288  0.0307  0.0304
  0.0287  0.0281  0.0279  0.0265  0.0278  0.0281
  0.0271  0.0271  0.0271  0.0271  0.0271  0.0271
  0.0298  0.0286  0.0285  0.0291  0.0285  0.0281
  0.0356  0.0332  0.0313  0.0310  0.0316  0.0303
  0.0457  0.0394  0.0354  0.0327  0.0361  0.0333
registration optimization eta report
parameter search radius
    6.9000    6.9000    6.0000    6.0000    6.9000    6.0000
100000*second partial in parameter space
       40.       27.       23.       19.       20.       17.
  0.0463  0.0403  0.0358  0.0352  0.0368  0.0333
  0.0357  0.0317  0.0310  0.0288  0.0307  0.0304
  0.0287  0.0281  0.0279  0.0265  0.0278  0.0281
  0.0271  0.0271  0.0271  0.0271  0.0271  0.0271
  0.0298  0.0286  0.0285  0.0291  0.0285  0.0281
  0.0356  0.0332  0.0313  0.0310  0.0316  0.0303
  0.0457  0.0394  0.0354  0.0327  0.0361  0.0333
    4.1457   18.7697    9.4187   -1.4302   -4.0411    1.6274
eta,q 0.97288  8.99509

---------------------------------------------------------------------
imgreg_4dfp /opt/freesurfer/average/711-2C_as_mni_average_305 /opt/freesurfer/average/711-2B_as_mni_average_305_mask talsrcimg_g11 none talsrcimg_to_711-2C_as_mni_average_305_t4 3335
---------------------------------------------------------------------

freesurfer imgreg_4dfp.c
/opt/freesurfer/average/711-2C_as_mni_average_305.4dfp.img
       256       256       256         1
  1.000000  1.000000  1.000000
orientation T byte_order littleendian
Reading image: /opt/freesurfer/average/711-2C_as_mni_average_305.4dfp.img
dimensions:      256       256       256
mmppix:       1.0000   -1.0000   -1.0000
center:     128.0000 -129.0000 -129.0000
/opt/freesurfer/average/711-2B_as_mni_average_305_mask.4dfp.img
       256       256       256         1
  1.000000  1.000000  1.000000
orientation T byte_order littleendian
Reading mask: /opt/freesurfer/average/711-2B_as_mni_average_305_mask.4dfp.img (2306576 pixels)
talsrcimg_g11.4dfp.img
       256       256       256         1
  1.000000  1.000000  1.000000
orientation T byte_order littleendian
Reading image: talsrcimg_g11.4dfp.img
dimensions:      256       256       256
mmppix:       1.0000   -1.0000   -1.0000
center:     128.0000 -129.0000 -129.0000
fimgreg.f
image alignment mode   3335 decimal      D07 hex
parameters
    4.1457   18.7697    9.4187   -0.2889   -0.0765   -0.2797
   -3.0148    6.9712    2.8328    2.6950   -7.0472   -2.4897
eta,q 0.97407  9.07262
niter,ni,del,rscale     5    3    5.0000    1.2000
parameter  4  1.111775 ->  0.500000 qaram    1.1500
parameter  5  1.371292 ->  0.500000 qaram    1.1500
parameter 12  0.631706 ->  0.500000 qaram    1.1500
parameters
    4.1291   19.0692    9.9539   -4.4289   -4.2165    0.5397
   -2.6732    6.6090    2.6074    2.3867   -6.6066   -6.6297
eta,q 0.97925  8.90874
  0.0288  0.0288  0.0278  0.0229  0.0204  0.0241  0.0239  0.0250  0.0230  0.0243  0.0227  0.0210
  0.0273  0.0275  0.0269  0.0232  0.0211  0.0228  0.0225  0.0230  0.0220  0.0227  0.0219  0.0208
  0.0263  0.0265  0.0263  0.0242  0.0220  0.0218  0.0217  0.0217  0.0215  0.0216  0.0215  0.0209
  0.0259  0.0259  0.0259  0.0258  0.0234  0.0213  0.0213  0.0213  0.0213  0.0213  0.0213  0.0213
  0.0263  0.0260  0.0258  0.0281  0.0255  0.0215  0.0215  0.0220  0.0215  0.0217  0.0214  0.0220
  0.0273  0.0266  0.0261  0.0311  0.0278  0.0220  0.0222  0.0235  0.0222  0.0230  0.0218  0.0229
  0.0289  0.0277  0.0267  0.0338  0.0302  0.0232  0.0235  0.0258  0.0232  0.0250  0.0223  0.0241
niter,ni,del,rscale     7    3    5.0000    1.2000
parameters
    4.2386   18.4057    9.9538   -7.2797   -7.9503    1.9460
   -2.5893    6.5553    2.8534    3.0945   -6.7892   -6.7939
eta,q 0.98098  8.80642
  0.0244  0.0219  0.0222  0.0218  0.0205  0.0224  0.0224  0.0231  0.0215  0.0234  0.0203  0.0213
  0.0225  0.0209  0.0213  0.0206  0.0193  0.0210  0.0206  0.0210  0.0202  0.0213  0.0196  0.0201
  0.0213  0.0205  0.0207  0.0200  0.0192  0.0198  0.0194  0.0196  0.0194  0.0197  0.0192  0.0192
  0.0208  0.0207  0.0205  0.0205  0.0200  0.0191  0.0190  0.0190  0.0190  0.0190  0.0190  0.0190
  0.0210  0.0215  0.0207  0.0221  0.0216  0.0191  0.0194  0.0195  0.0193  0.0193  0.0192  0.0194
  0.0221  0.0227  0.0213  0.0244  0.0239  0.0195  0.0206  0.0210  0.0200  0.0203  0.0197  0.0202
  0.0239  0.0243  0.0222  0.0276  0.0266  0.0207  0.0222  0.0233  0.0212  0.0220  0.0204  0.0214
niter,ni,del,rscale     6    3    5.0000    1.2000
parameters
    4.2904   18.4158   10.3819   -7.0467   -8.3115    2.2072
   -2.6399    6.5877    2.9099    3.0787   -6.8215   -6.6751
eta,q 0.98110  8.80892
  0.0227  0.0219  0.0214  0.0230  0.0227  0.0217  0.0222  0.0231  0.0212  0.0226  0.0202  0.0213
  0.0208  0.0203  0.0203  0.0212  0.0207  0.0204  0.0204  0.0210  0.0200  0.0206  0.0195  0.0200
  0.0195  0.0193  0.0194  0.0198  0.0192  0.0193  0.0193  0.0195  0.0192  0.0193  0.0191  0.0192
  0.0190  0.0190  0.0190  0.0190  0.0189  0.0189  0.0189  0.0189  0.0189  0.0189  0.0189  0.0189
  0.0193  0.0194  0.0190  0.0192  0.0196  0.0192  0.0193  0.0193  0.0191  0.0194  0.0190  0.0192
  0.0205  0.0203  0.0194  0.0206  0.0211  0.0197  0.0205  0.0208  0.0199  0.0207  0.0195  0.0200
  0.0225  0.0218  0.0202  0.0229  0.0234  0.0216  0.0223  0.0231  0.0211  0.0225  0.0202  0.0211
niter,ni,del,rscale     5    3    5.0000    1.2000
parameters
    4.3086   18.4003   10.4339   -6.9743   -8.4091    2.2436
   -2.6494    6.6018    2.9207    3.0323   -6.8475   -6.6228
eta,q 0.98112  8.80925
  0.0225  0.0217  0.0207  0.0229  0.0229  0.0216  0.0222  0.0231  0.0211  0.0225  0.0202  0.0212
  0.0206  0.0201  0.0198  0.0211  0.0209  0.0202  0.0205  0.0209  0.0199  0.0206  0.0195  0.0200
  0.0194  0.0192  0.0191  0.0196  0.0193  0.0193  0.0193  0.0195  0.0192  0.0193  0.0190  0.0191
  0.0189  0.0189  0.0189  0.0189  0.0189  0.0189  0.0189  0.0189  0.0189  0.0189  0.0189  0.0189
  0.0193  0.0193  0.0191  0.0192  0.0195  0.0192  0.0193  0.0193  0.0191  0.0195  0.0190  0.0192
  0.0205  0.0202  0.0196  0.0207  0.0209  0.0198  0.0205  0.0208  0.0199  0.0207  0.0195  0.0200
  0.0225  0.0217  0.0206  0.0231  0.0231  0.0218  0.0222  0.0231  0.0211  0.0225  0.0202  0.0211
niter,ni,del,rscale     4    3    5.0000    1.2000
parameters
    4.3129   18.3960   10.4461   -6.9514   -8.4245    2.2472
   -2.6531    6.6089    2.9266    3.0197   -6.8454   -6.6073
eta,q 0.98112  8.80948
  0.0225  0.0217  0.0206  0.0228  0.0229  0.0215  0.0222  0.0230  0.0211  0.0226  0.0202  0.0212
  0.0206  0.0202  0.0197  0.0210  0.0209  0.0202  0.0205  0.0209  0.0199  0.0206  0.0195  0.0200
  0.0193  0.0192  0.0191  0.0196  0.0194  0.0193  0.0193  0.0195  0.0191  0.0193  0.0190  0.0191
  0.0189  0.0189  0.0189  0.0189  0.0189  0.0189  0.0189  0.0189  0.0189  0.0189  0.0189  0.0189
  0.0193  0.0192  0.0191  0.0192  0.0195  0.0192  0.0193  0.0193  0.0191  0.0194  0.0190  0.0192
  0.0205  0.0202  0.0197  0.0207  0.0208  0.0198  0.0205  0.0208  0.0199  0.0207  0.0194  0.0200
  0.0225  0.0217  0.0206  0.0231  0.0230  0.0218  0.0222  0.0231  0.0211  0.0225  0.0202  0.0211
registration optimization eta report
parameter search radius
    2.4000    2.4000    2.4000    8.2800    8.2800    7.2000
    7.2000    7.2000    7.2000    7.2000    7.2000    8.2800
100000*second partial in parameter space
       63.       49.       30.        6.        6.        5.
        6.        8.        4.        7.        3.        3.
  0.0225  0.0217  0.0206  0.0228  0.0229  0.0215  0.0222  0.0230  0.0211  0.0226  0.0202  0.0212
  0.0206  0.0202  0.0197  0.0210  0.0209  0.0202  0.0205  0.0209  0.0199  0.0206  0.0195  0.0200
  0.0193  0.0192  0.0191  0.0196  0.0194  0.0193  0.0193  0.0195  0.0191  0.0193  0.0190  0.0191
  0.0189  0.0189  0.0189  0.0189  0.0189  0.0189  0.0189  0.0189  0.0189  0.0189  0.0189  0.0189
  0.0193  0.0192  0.0191  0.0192  0.0195  0.0192  0.0193  0.0193  0.0191  0.0194  0.0190  0.0192
  0.0205  0.0202  0.0197  0.0207  0.0208  0.0198  0.0205  0.0208  0.0199  0.0207  0.0194  0.0200
  0.0225  0.0217  0.0206  0.0231  0.0230  0.0218  0.0222  0.0231  0.0211  0.0225  0.0202  0.0211
    4.3129   18.3960   10.4461   -6.9514   -8.4245    2.2472
   -2.6531    6.6089    2.9266    3.0197   -6.8454   -6.6073
eta,q 0.98112  8.80948

---------------------------------------------------------------------
imgreg_4dfp /opt/freesurfer/average/711-2C_as_mni_average_305 /opt/freesurfer/average/711-2B_as_mni_average_305_mask talsrcimg_g11 none talsrcimg_to_711-2C_as_mni_average_305_t4 2311
---------------------------------------------------------------------

freesurfer imgreg_4dfp.c
/opt/freesurfer/average/711-2C_as_mni_average_305.4dfp.img
       256       256       256         1
  1.000000  1.000000  1.000000
orientation T byte_order littleendian
Reading image: /opt/freesurfer/average/711-2C_as_mni_average_305.4dfp.img
dimensions:      256       256       256
mmppix:       1.0000   -1.0000   -1.0000
center:     128.0000 -129.0000 -129.0000
/opt/freesurfer/average/711-2B_as_mni_average_305_mask.4dfp.img
       256       256       256         1
  1.000000  1.000000  1.000000
orientation T byte_order littleendian
Reading mask: /opt/freesurfer/average/711-2B_as_mni_average_305_mask.4dfp.img (2306576 pixels)
talsrcimg_g11.4dfp.img
       256       256       256         1
  1.000000  1.000000  1.000000
orientation T byte_order littleendian
Reading image: talsrcimg_g11.4dfp.img
dimensions:      256       256       256
mmppix:       1.0000   -1.0000   -1.0000
center:     128.0000 -129.0000 -129.0000
fimgreg.f
image alignment mode   2311 decimal      907 hex
parameters
    4.3129   18.3960   10.4461   -6.9514   -8.4245    2.2472
   -2.6531    6.6089    2.9266    3.0197   -6.8454   -6.6073
eta,q 0.98112  8.80948
niter,ni,del,rscale     5    3    5.0000    0.8000
parameters
    4.3314   18.3746   10.4573   -6.5868   -8.5340    2.6600
   -2.6951    6.7271    2.9312    2.9591   -6.7056   -6.7409
eta,q 0.98114  8.82809
  0.0206  0.0202  0.0197  0.0206  0.0204  0.0202  0.0204  0.0210  0.0199  0.0206  0.0195  0.0197
  0.0197  0.0194  0.0192  0.0198  0.0195  0.0195  0.0196  0.0199  0.0193  0.0196  0.0191  0.0192
  0.0191  0.0190  0.0190  0.0192  0.0190  0.0190  0.0190  0.0192  0.0190  0.0190  0.0189  0.0189
  0.0189  0.0189  0.0189  0.0189  0.0189  0.0189  0.0189  0.0189  0.0189  0.0189  0.0189  0.0189
  0.0190  0.0190  0.0190  0.0189  0.0191  0.0190  0.0191  0.0190  0.0190  0.0191  0.0189  0.0190
  0.0196  0.0195  0.0192  0.0194  0.0197  0.0193  0.0196  0.0197  0.0193  0.0197  0.0191  0.0193
  0.0205  0.0202  0.0197  0.0202  0.0204  0.0198  0.0205  0.0208  0.0199  0.0206  0.0194  0.0197
niter,ni,del,rscale     4    3    5.0000    0.7000
parameters
    4.3343   18.3440   10.5035   -6.5155   -8.6823    2.7693
   -2.6935    6.7620    2.9071    2.9346   -6.6652   -6.7500
eta,q 0.98116  8.82957
  0.0201  0.0198  0.0195  0.0201  0.0200  0.0198  0.0201  0.0205  0.0197  0.0202  0.0193  0.0195
  0.0194  0.0193  0.0192  0.0195  0.0193  0.0192  0.0194  0.0196  0.0192  0.0195  0.0191  0.0191
  0.0190  0.0189  0.0189  0.0190  0.0189  0.0189  0.0190  0.0190  0.0189  0.0190  0.0189  0.0189
  0.0189  0.0189  0.0189  0.0189  0.0188  0.0188  0.0188  0.0188  0.0188  0.0188  0.0188  0.0188
  0.0190  0.0190  0.0189  0.0189  0.0191  0.0190  0.0190  0.0190  0.0189  0.0191  0.0189  0.0189
  0.0194  0.0193  0.0191  0.0194  0.0195  0.0192  0.0194  0.0195  0.0192  0.0195  0.0190  0.0192
  0.0201  0.0199  0.0194  0.0201  0.0201  0.0196  0.0201  0.0204  0.0197  0.0202  0.0193  0.0195
niter,ni,del,rscale     3    3    5.0000    0.6000
parameters
    4.3426   18.3368   10.5243   -6.4471   -8.7695    2.7727
   -2.6865    6.7814    2.8988    2.8910   -6.6402   -6.7813
eta,q 0.98116  8.82902
  0.0198  0.0196  0.0193  0.0198  0.0198  0.0195  0.0198  0.0200  0.0194  0.0199  0.0192  0.0193
  0.0193  0.0192  0.0191  0.0193  0.0192  0.0191  0.0193  0.0194  0.0191  0.0193  0.0190  0.0191
  0.0190  0.0189  0.0189  0.0190  0.0189  0.0189  0.0189  0.0190  0.0189  0.0189  0.0189  0.0189
  0.0188  0.0188  0.0188  0.0188  0.0188  0.0188  0.0188  0.0188  0.0188  0.0188  0.0188  0.0188
  0.0189  0.0189  0.0189  0.0189  0.0190  0.0190  0.0189  0.0190  0.0189  0.0190  0.0189  0.0189
  0.0193  0.0192  0.0190  0.0192  0.0193  0.0192  0.0193  0.0193  0.0191  0.0194  0.0190  0.0191
  0.0198  0.0196  0.0193  0.0198  0.0198  0.0194  0.0198  0.0200  0.0194  0.0199  0.0192  0.0193
niter,ni,del,rscale     2    3    5.0000    0.5000
parameters
    4.3439   18.3362   10.5260   -6.3808   -8.8377    2.6903
   -2.6794    6.7954    2.9056    2.8516   -6.6031   -6.8013
eta,q 0.98117  8.82642
  0.0195  0.0194  0.0192  0.0195  0.0195  0.0193  0.0195  0.0197  0.0193  0.0196  0.0191  0.0192
  0.0191  0.0191  0.0190  0.0192  0.0191  0.0190  0.0191  0.0192  0.0190  0.0192  0.0189  0.0190
  0.0189  0.0189  0.0189  0.0189  0.0189  0.0188  0.0189  0.0189  0.0189  0.0189  0.0189  0.0189
  0.0188  0.0188  0.0188  0.0188  0.0188  0.0188  0.0188  0.0188  0.0188  0.0188  0.0188  0.0188
  0.0189  0.0189  0.0189  0.0189  0.0190  0.0189  0.0189  0.0189  0.0189  0.0189  0.0189  0.0189
  0.0191  0.0191  0.0190  0.0191  0.0192  0.0191  0.0191  0.0192  0.0190  0.0192  0.0189  0.0190
  0.0195  0.0194  0.0192  0.0195  0.0195  0.0193  0.0195  0.0196  0.0193  0.0196  0.0191  0.0192
niter,ni,del,rscale     1    3    5.0000    0.4000
parameters
    4.3469   18.3340   10.5272   -6.3233   -8.8728    2.5735
   -2.6799    6.8080    2.8857    2.8124   -6.5742   -6.8166
eta,q 0.98118  8.82335
  0.0193  0.0192  0.0190  0.0193  0.0193  0.0191  0.0192  0.0194  0.0191  0.0193  0.0190  0.0191
  0.0190  0.0190  0.0189  0.0191  0.0190  0.0189  0.0190  0.0191  0.0189  0.0190  0.0189  0.0189
  0.0189  0.0189  0.0189  0.0189  0.0189  0.0188  0.0189  0.0189  0.0188  0.0189  0.0188  0.0188
  0.0188  0.0188  0.0188  0.0188  0.0188  0.0188  0.0188  0.0188  0.0188  0.0188  0.0188  0.0188
  0.0189  0.0189  0.0188  0.0189  0.0189  0.0189  0.0189  0.0189  0.0189  0.0189  0.0188  0.0189
  0.0190  0.0190  0.0189  0.0190  0.0190  0.0190  0.0190  0.0191  0.0189  0.0191  0.0189  0.0189
  0.0193  0.0192  0.0190  0.0193  0.0193  0.0191  0.0192  0.0193  0.0191  0.0193  0.0190  0.0191
registration optimization eta report
parameter search radius
    0.8000    0.8000    0.8000    2.4000    2.4000    2.4000
    2.4000    2.4000    2.4000    2.4000    2.4000    2.4000
100000*second partial in parameter space
       67.       53.       32.        8.        8.        5.
        7.        9.        5.        8.        3.        4.
  0.0193  0.0192  0.0190  0.0193  0.0193  0.0191  0.0192  0.0194  0.0191  0.0193  0.0190  0.0191
  0.0190  0.0190  0.0189  0.0191  0.0190  0.0189  0.0190  0.0191  0.0189  0.0190  0.0189  0.0189
  0.0189  0.0189  0.0189  0.0189  0.0189  0.0188  0.0189  0.0189  0.0188  0.0189  0.0188  0.0188
  0.0188  0.0188  0.0188  0.0188  0.0188  0.0188  0.0188  0.0188  0.0188  0.0188  0.0188  0.0188
  0.0189  0.0189  0.0188  0.0189  0.0189  0.0189  0.0189  0.0189  0.0189  0.0189  0.0188  0.0189
  0.0190  0.0190  0.0189  0.0190  0.0190  0.0190  0.0190  0.0191  0.0189  0.0191  0.0189  0.0189
  0.0193  0.0192  0.0190  0.0193  0.0193  0.0191  0.0192  0.0193  0.0191  0.0193  0.0190  0.0191
    4.3469   18.3340   10.5272   -6.3233   -8.8728    2.5735
   -2.6799    6.8080    2.8857    2.8124   -6.5742   -6.8166
eta,q 0.98118  8.82335

---------------------------------------------------------------------
imgreg_4dfp /opt/freesurfer/average/711-2C_as_mni_average_305 /opt/freesurfer/average/711-2B_as_mni_average_305_mask talsrcimg_g11 none talsrcimg_to_711-2C_as_mni_average_305_t4 2311
---------------------------------------------------------------------

freesurfer imgreg_4dfp.c
/opt/freesurfer/average/711-2C_as_mni_average_305.4dfp.img
       256       256       256         1
  1.000000  1.000000  1.000000
orientation T byte_order littleendian
Reading image: /opt/freesurfer/average/711-2C_as_mni_average_305.4dfp.img
dimensions:      256       256       256
mmppix:       1.0000   -1.0000   -1.0000
center:     128.0000 -129.0000 -129.0000
/opt/freesurfer/average/711-2B_as_mni_average_305_mask.4dfp.img
       256       256       256         1
  1.000000  1.000000  1.000000
orientation T byte_order littleendian
Reading mask: /opt/freesurfer/average/711-2B_as_mni_average_305_mask.4dfp.img (2306576 pixels)
talsrcimg_g11.4dfp.img
       256       256       256         1
  1.000000  1.000000  1.000000
orientation T byte_order littleendian
Reading image: talsrcimg_g11.4dfp.img
dimensions:      256       256       256
mmppix:       1.0000   -1.0000   -1.0000
center:     128.0000 -129.0000 -129.0000
fimgreg.f
image alignment mode   2311 decimal      907 hex
parameters
    4.3469   18.3340   10.5272   -6.3233   -8.8727    2.5735
   -2.6799    6.8080    2.8857    2.8124   -6.5742   -6.8166
eta,q 0.98118  8.82335
niter,ni,del,rscale     5    3    5.0000    0.8000
parameters
    4.3325   18.3536   10.5083   -6.4605   -8.6536    2.7406
   -2.6693    6.7352    2.8802    2.9709   -6.6654   -6.7377
eta,q 0.98115  8.83065
  0.0205  0.0202  0.0196  0.0203  0.0206  0.0201  0.0205  0.0208  0.0199  0.0208  0.0194  0.0198
  0.0196  0.0194  0.0192  0.0196  0.0197  0.0194  0.0196  0.0198  0.0193  0.0197  0.0191  0.0193
  0.0190  0.0190  0.0189  0.0190  0.0190  0.0189  0.0190  0.0191  0.0190  0.0191  0.0189  0.0189
  0.0188  0.0188  0.0188  0.0188  0.0188  0.0188  0.0188  0.0188  0.0188  0.0188  0.0188  0.0188
  0.0190  0.0190  0.0189  0.0190  0.0190  0.0190  0.0190  0.0191  0.0190  0.0191  0.0189  0.0190
  0.0196  0.0194  0.0192  0.0196  0.0195  0.0193  0.0196  0.0198  0.0193  0.0196  0.0191  0.0193
  0.0205  0.0201  0.0196  0.0206  0.0203  0.0199  0.0204  0.0210  0.0199  0.0205  0.0195  0.0197
niter,ni,del,rscale     4    3    5.0000    0.7000
parameters
    4.3333   18.3415   10.5120   -6.4852   -8.7087    2.7743
   -2.6751    6.7590    2.9013    2.9276   -6.6558   -6.7533
eta,q 0.98116  8.82976
  0.0201  0.0199  0.0195  0.0201  0.0201  0.0198  0.0201  0.0204  0.0197  0.0202  0.0193  0.0195
  0.0194  0.0193  0.0191  0.0195  0.0194  0.0192  0.0194  0.0196  0.0192  0.0194  0.0191  0.0191
  0.0190  0.0189  0.0189  0.0190  0.0189  0.0189  0.0190  0.0190  0.0189  0.0190  0.0189  0.0189
  0.0188  0.0188  0.0188  0.0188  0.0188  0.0188  0.0188  0.0188  0.0188  0.0188  0.0188  0.0188
  0.0190  0.0190  0.0189  0.0190  0.0190  0.0190  0.0190  0.0190  0.0189  0.0191  0.0189  0.0189
  0.0194  0.0193  0.0191  0.0194  0.0195  0.0192  0.0194  0.0195  0.0192  0.0195  0.0190  0.0192
  0.0201  0.0199  0.0195  0.0202  0.0201  0.0197  0.0201  0.0204  0.0197  0.0202  0.0193  0.0195
niter,ni,del,rscale     3    3    5.0000    0.6000
parameters
    4.3402   18.3383   10.5235   -6.4380   -8.7714    2.7778
   -2.6888    6.7769    2.9037    2.8903   -6.6428   -6.7787
eta,q 0.98116  8.82936
  0.0198  0.0196  0.0193  0.0198  0.0198  0.0195  0.0198  0.0200  0.0194  0.0199  0.0192  0.0193
  0.0193  0.0192  0.0190  0.0193  0.0192  0.0191  0.0193  0.0194  0.0191  0.0193  0.0190  0.0191
  0.0190  0.0189  0.0189  0.0190  0.0189  0.0189  0.0189  0.0190  0.0189  0.0189  0.0189  0.0189
  0.0188  0.0188  0.0188  0.0188  0.0188  0.0188  0.0188  0.0188  0.0188  0.0188  0.0188  0.0188
  0.0189  0.0189  0.0189  0.0189  0.0190  0.0190  0.0190  0.0190  0.0189  0.0190  0.0189  0.0189
  0.0193  0.0192  0.0190  0.0193  0.0193  0.0192  0.0193  0.0193  0.0191  0.0194  0.0190  0.0191
  0.0198  0.0196  0.0193  0.0198  0.0198  0.0194  0.0198  0.0200  0.0194  0.0199  0.0192  0.0193
niter,ni,del,rscale     2    3    5.0000    0.5000
parameters
    4.3430   18.3349   10.5278   -6.3806   -8.8386    2.7010
   -2.6832    6.7984    2.8983    2.8492   -6.6078   -6.8000
eta,q 0.98117  8.82673
  0.0195  0.0194  0.0192  0.0195  0.0195  0.0193  0.0195  0.0197  0.0193  0.0196  0.0191  0.0192
  0.0191  0.0191  0.0190  0.0192  0.0191  0.0190  0.0191  0.0192  0.0190  0.0192  0.0189  0.0190
  0.0189  0.0189  0.0189  0.0189  0.0189  0.0188  0.0189  0.0189  0.0189  0.0189  0.0189  0.0189
  0.0188  0.0188  0.0188  0.0188  0.0188  0.0188  0.0188  0.0188  0.0188  0.0188  0.0188  0.0188
  0.0189  0.0189  0.0189  0.0189  0.0189  0.0189  0.0189  0.0189  0.0189  0.0189  0.0189  0.0189
  0.0191  0.0191  0.0190  0.0191  0.0192  0.0191  0.0191  0.0192  0.0190  0.0192  0.0189  0.0190
  0.0195  0.0194  0.0192  0.0195  0.0195  0.0193  0.0195  0.0196  0.0193  0.0196  0.0191  0.0192
niter,ni,del,rscale     1    3    5.0000    0.4000
parameters
    4.3476   18.3338   10.5292   -6.3321   -8.8762    2.5770
   -2.6854    6.8055    2.8970    2.8062   -6.5758   -6.8125
eta,q 0.98118  8.82311
  0.0193  0.0192  0.0190  0.0193  0.0193  0.0191  0.0192  0.0194  0.0191  0.0193  0.0190  0.0191
  0.0190  0.0190  0.0189  0.0190  0.0190  0.0189  0.0190  0.0191  0.0189  0.0190  0.0189  0.0189
  0.0189  0.0189  0.0189  0.0189  0.0189  0.0188  0.0189  0.0189  0.0188  0.0189  0.0188  0.0188
  0.0188  0.0188  0.0188  0.0188  0.0188  0.0188  0.0188  0.0188  0.0188  0.0188  0.0188  0.0188
  0.0189  0.0189  0.0188  0.0189  0.0189  0.0189  0.0189  0.0189  0.0188  0.0189  0.0188  0.0189
  0.0190  0.0190  0.0189  0.0190  0.0190  0.0190  0.0190  0.0191  0.0189  0.0191  0.0189  0.0189
  0.0193  0.0192  0.0190  0.0193  0.0193  0.0191  0.0192  0.0193  0.0191  0.0193  0.0190  0.0191
registration optimization eta report
parameter search radius
    0.8000    0.8000    0.8000    2.4000    2.4000    2.4000
    2.4000    2.4000    2.4000    2.4000    2.4000    2.4000
100000*second partial in parameter space
       66.       53.       32.        8.        8.        5.
        7.        9.        5.        9.        3.        4.
  0.0193  0.0192  0.0190  0.0193  0.0193  0.0191  0.0192  0.0194  0.0191  0.0193  0.0190  0.0191
  0.0190  0.0190  0.0189  0.0190  0.0190  0.0189  0.0190  0.0191  0.0189  0.0190  0.0189  0.0189
  0.0189  0.0189  0.0189  0.0189  0.0189  0.0188  0.0189  0.0189  0.0188  0.0189  0.0188  0.0188
  0.0188  0.0188  0.0188  0.0188  0.0188  0.0188  0.0188  0.0188  0.0188  0.0188  0.0188  0.0188
  0.0189  0.0189  0.0188  0.0189  0.0189  0.0189  0.0189  0.0189  0.0188  0.0189  0.0188  0.0189
  0.0190  0.0190  0.0189  0.0190  0.0190  0.0190  0.0190  0.0191  0.0189  0.0191  0.0189  0.0189
  0.0193  0.0192  0.0190  0.0193  0.0193  0.0191  0.0192  0.0193  0.0191  0.0193  0.0190  0.0191
    4.3476   18.3338   10.5292   -6.3321   -8.8762    2.5770
   -2.6854    6.8055    2.8970    2.8062   -6.5758   -6.8125
eta,q 0.98118  8.82311

---------------------------------------------------------------------
compute_vox2vox talsrcimg talsrcimg_to_711-2C_as_mni_average_305_t4 /opt/freesurfer/average/711-2C_as_mni_average_305
---------------------------------------------------------------------

freesurfer compute_vox2vox.c
Reading: talsrcimg.4dfp.ifh
Reading: talsrcimg_to_711-2C_as_mni_average_305_t4
Reading: /opt/freesurfer/average/711-2C_as_mni_average_305.4dfp.ifh
Writing: talsrcimg_to_711-2C_as_mni_average_305_t4_vox2vox.txt

start time Tue Mar 10 07:13:34 CET 2026
end		time Tue Mar 10 07:13:47 CET 2026

mpr2mni305 success

avi2talxfm orig_nu.mgz /opt/freesurfer/average/mni305.cor.mgz talsrcimg_to_711-2C_as_mni_average_305_t4_vox2vox.txt transforms/talairach.auto.xfm
avi2talxfm done
mv -f /out/sourcedata/freesurfer/sub-v1s9x0051331_ses-1/mri/talsrcimg_to_711-2C_as_mni_average_305_t4_vox2vox.txt /out/sourcedata/freesurfer/sub-v1s9x0051331_ses-1/mri/transforms/talsrcimg_to_711-2C_as_mni_average_305_t4_vox2vox.txt
lta_convert --src orig_nu.mgz --trg /opt/freesurfer/average/mni305.cor.mgz --inxfm transforms/talairach.auto.xfm --outlta transforms/talairach.auto.xfm.lta --subject fsaverage
7.3.2

--src: orig_nu.mgz src image (geometry).
--trg: /opt/freesurfer/average/mni305.cor.mgz trg image (geometry).
--inmni: transforms/talairach.auto.xfm input MNI/XFM transform.
--outlta: transforms/talairach.auto.xfm.lta output LTA.
--s: fsaverage subject name
 LTA read, type : 1
 1.06180  -0.07116   0.02597  -3.70694;
 0.06569   0.96849   0.07434  -9.36700;
-0.03578  -0.02756   1.09429  -35.37632;
 0.00000   0.00000   0.00000   1.00000;
setting subject to fsaverage
Writing  LTA to file transforms/talairach.auto.xfm.lta...
lta_convert successful.
 
 
Started at Tue Mar 10 07:13:33 CET 2026
Ended   at Tue Mar 10 07:13:48 CET 2026
talairach_avi done
