/out/sourcedata/freesurfer/sub-v1s9x0051350_ses-1/mri
/opt/freesurfer/bin/talairach_avi
--i orig_nu.mgz --xfm transforms/talairach.auto.xfm
talairach_avi 7.3.2
Linux dna030 5.14.0-427.37.1.el9_4.x86_64 #1 SMP PREEMPT_DYNAMIC Fri Sep 13 12:41:50 EDT 2024 x86_64 x86_64 x86_64 GNU/Linux
Tue Mar 10 07:21:29 CET 2026
mri_convert orig_nu.mgz talsrcimg.img 
reading from orig_nu.mgz...
TR=0.00, TE=0.00, TI=0.00, flip angle=0.00
i_ras = (-1, 0, 0)
j_ras = (0, 0, -1)
k_ras = (0, 1, 0)
writing to talsrcimg.img...
Analyze Output Matrix
-1.00000   0.00000   0.00000   127.74404;
 0.00000   0.00000   1.00000  -132.60034;
 0.00000  -1.00000   0.00000   152.54237;
 0.00000   0.00000   0.00000   1.00000;
--------------------
INFO: set hdr.hist.orient to -1
mpr2mni305 talsrcimg
Tue Mar 10 07:21:29 CET 2026
/opt/freesurfer/bin/mpr2mni305 talsrcimg
mpr2mni305 7.3.2
target=711-2C_as_mni_average_305

---------------------------------------------------------------------
analyzeto4dfp talsrcimg -O0 -y
---------------------------------------------------------------------

freesurfer ifh2hdr.c
Tue Mar 10 07:21:29 2026
Writing: talsrcimg.4dfp.hdr
freesurfer analyzeto4dfp.c
Reading: talsrcimg.hdr
header size 348 bytes
hdr.dime.datatype	offset=70	value=2
hdr.dime.bitpix		offset=72	value=8
hdr.hist.orient		offset=252	value=-1
dimensionality     4
dimensions       256       256       256         1
Reading: talsrcimg.img
Writing: talsrcimg.4dfp.img
Writing: talsrcimg.4dfp.ifh
ifh2hdr talsrcimg -r0to207
ori=2

---------------------------------------------------------------------
gauss_4dfp talsrcimg 1.1
---------------------------------------------------------------------

freesurfer gauss_4dfp.c
Reading: talsrcimg.4dfp.img
Writing: talsrcimg_g11.4dfp.img
image dimensions 256 256 256 padded to 288 288 288
processing volume 1freesurfer ifh2hdr.c
Tue Mar 10 07:21:31 2026
Writing: talsrcimg_g11.4dfp.hdr

Writing: talsrcimg_g11.4dfp.ifh
including: talsrcimg.4dfp.img.rec in talsrcimg_g11.4dfp.img.rec

---------------------------------------------------------------------
imgreg_4dfp /opt/freesurfer/average/711-2C_as_mni_average_305 none talsrcimg_g11 none talsrcimg_to_711-2C_as_mni_average_305_t4 4355
---------------------------------------------------------------------

freesurfer imgreg_4dfp.c
/opt/freesurfer/average/711-2C_as_mni_average_305.4dfp.img
       256       256       256         1
  1.000000  1.000000  1.000000
orientation T byte_order littleendian
Reading image: /opt/freesurfer/average/711-2C_as_mni_average_305.4dfp.img
dimensions:      256       256       256
mmppix:       1.0000   -1.0000   -1.0000
center:     128.0000 -129.0000 -129.0000
talsrcimg_g11.4dfp.img
       256       256       256         1
  1.000000  1.000000  1.000000
orientation T byte_order littleendian
Reading image: talsrcimg_g11.4dfp.img
dimensions:      256       256       256
mmppix:       1.0000   -1.0000   -1.0000
center:     128.0000 -129.0000 -129.0000
t4_read: open error in t4_sub.f l:  41 t4_file(1:l)talsrcimg_to_711-2C_as_mni_average_305_t4 
t4_read: transform initialized to I4
rotation matrix determinant  1.000000
image alignment mode   4355 decimal     1103 hex
   -7.5000  -45.0000  -45.0000 5282.4937   19.3865
    0.0000  -45.0000  -45.0000 5505.5923   19.4382
    7.5000  -45.0000  -45.0000 5338.6465   19.4311
   -7.5000  -37.5000  -45.0000 5897.6836   18.6334
    0.0000  -37.5000  -45.0000 6163.4224   18.6851
    7.5000  -37.5000  -45.0000 5954.5571   18.6901
   -7.5000  -30.0000  -45.0000 6795.7471   18.1113
    0.0000  -30.0000  -45.0000 7084.2065   18.1620
    7.5000  -30.0000  -45.0000 6824.8081   18.1703
   -7.5000  -22.5000  -45.0000 7728.5420   17.7671
    0.0000  -22.5000  -45.0000 8033.7808   17.8086
    7.5000  -22.5000  -45.0000 7729.8491   17.8135
   -7.5000  -15.0000  -45.0000 8682.4268   17.5699
    0.0000  -15.0000  -45.0000 9024.9365   17.6074
    7.5000  -15.0000  -45.0000 8681.1211   17.6061
   -7.5000   -7.5000  -45.0000 9634.1943   17.5285
    0.0000   -7.5000  -45.000010019.1328   17.5699
    7.5000   -7.5000  -45.0000 9649.8672   17.5665
   -7.5000    0.0000  -45.000010611.5107   17.5180
    0.0000    0.0000  -45.000011049.9316   17.5662
    7.5000    0.0000  -45.000010624.8008   17.5673
   -7.5000    7.5000  -45.000010804.6729   17.4830
    0.0000    7.5000  -45.000011235.9072   17.5333
    7.5000    7.5000  -45.000010792.2402   17.5403
   -7.5000   15.0000  -45.000010781.3545   17.4556
    0.0000   15.0000  -45.000011214.2080   17.5027
    7.5000   15.0000  -45.000010755.3818   17.5112
   -7.5000   22.5000  -45.000010621.4326   17.4609
    0.0000   22.5000  -45.000011031.6230   17.5018
    7.5000   22.5000  -45.000010552.4629   17.5065
   -7.5000   30.0000  -45.000010378.9805   17.2640
    0.0000   30.0000  -45.000010759.0957   17.3007
    7.5000   30.0000  -45.000010292.3936   17.2994
   -7.5000   37.5000  -45.000010471.2500   17.2902
    0.0000   37.5000  -45.000010837.3818   17.3311
    7.5000   37.5000  -45.000010383.5605   17.3276
   -7.5000   45.0000  -45.000010219.7988   16.8456
    0.0000   45.0000  -45.000010560.9434   16.8920
    7.5000   45.0000  -45.000010117.3418   16.8931
   -7.5000  -45.0000  -37.5000 5621.7935   19.2656
    0.0000  -45.0000  -37.5000 5871.9482   19.3323
    7.5000  -45.0000  -37.5000 5683.6353   19.3358
   -7.5000  -37.5000  -37.5000 6288.8535   18.5136
    0.0000  -37.5000  -37.5000 6558.2456   18.5771
    7.5000  -37.5000  -37.5000 6324.4233   18.5906
   -7.5000  -30.0000  -37.5000 7229.5103   17.9957
    0.0000  -30.0000  -37.5000 7532.4751   18.0551
    7.5000  -30.0000  -37.5000 7250.9253   18.0679
   -7.5000  -22.5000  -37.5000 8213.3086   17.6568
    0.0000  -22.5000  -37.5000 8537.3232   17.7062
    7.5000  -22.5000  -37.5000 8201.9883   17.7148
   -7.5000  -15.0000  -37.5000 9206.7559   17.4608
    0.0000  -15.0000  -37.5000 9580.4893   17.5074
    7.5000  -15.0000  -37.5000 9198.2041   17.5115
   -7.5000   -7.5000  -37.500010243.8164   17.4175
    0.0000   -7.5000  -37.500010653.2041   17.4702
    7.5000   -7.5000  -37.500010245.2188   17.4753
   -7.5000    0.0000  -37.500011282.5156   17.4043
    0.0000    0.0000  -37.500011742.7510   17.4646
    7.5000    0.0000  -37.500011272.5244   17.4758
   -7.5000    7.5000  -37.500011475.9199   17.3685
    0.0000    7.5000  -37.500011938.3262   17.4292
    7.5000    7.5000  -37.500011443.6270   17.4441
   -7.5000   15.0000  -37.500011439.8838   17.3429
    0.0000   15.0000  -37.500011899.6396   17.3982
    7.5000   15.0000  -37.500011380.4414   17.4111
   -7.5000   22.5000  -37.500011259.0332   17.3510
    0.0000   22.5000  -37.500011723.0635   17.3996
    7.5000   22.5000  -37.500011173.1475   17.4077
   -7.5000   30.0000  -37.500011008.0059   17.1564
    0.0000   30.0000  -37.500011436.7402   17.2021
    7.5000   30.0000  -37.500010890.4307   17.2060
   -7.5000   37.5000  -37.500011084.6475   17.1807
    0.0000   37.5000  -37.500011488.3418   17.2327
    7.5000   37.5000  -37.500010971.7402   17.2377
   -7.5000   45.0000  -37.500010786.6826   16.7363
    0.0000   45.0000  -37.500011178.5908   16.7943
    7.5000   45.0000  -37.500010678.4365   16.8051
   -7.5000  -45.0000  -30.0000 6050.4395   20.0240
    0.0000  -45.0000  -30.0000 6332.1572   20.1070
    7.5000  -45.0000  -30.0000 6127.6328   20.1146
   -7.5000  -37.5000  -30.0000 6777.0854   19.2424
    0.0000  -37.5000  -30.0000 7075.4556   19.3190
    7.5000  -37.5000  -30.0000 6825.2017   19.3354
   -7.5000  -30.0000  -30.0000 7790.9106   18.7045
    0.0000  -30.0000  -30.0000 8102.7080   18.7754
    7.5000  -30.0000  -30.0000 7821.2622   18.7871
   -7.5000  -22.5000  -30.0000 8851.7305   18.3533
    0.0000  -22.5000  -30.0000 9195.8809   18.4139
    7.5000  -22.5000  -30.0000 8844.9561   18.4187
   -7.5000  -15.0000  -30.0000 9932.8564   18.1470
    0.0000  -15.0000  -30.000010338.6699   18.2059
    7.5000  -15.0000  -30.0000 9934.9746   18.2072
   -7.5000   -7.5000  -30.000011052.9541   18.0967
    0.0000   -7.5000  -30.000011494.6406   18.1630
    7.5000   -7.5000  -30.000011043.1943   18.1701
   -7.5000    0.0000  -30.000012157.6211   18.0804
    0.0000    0.0000  -30.000012646.0371   18.1545
    7.5000    0.0000  -30.000012136.0957   18.1714
   -7.5000    7.5000  -30.000012357.6445   18.0451
    0.0000    7.5000  -30.000012843.5830   18.1180
    7.5000    7.5000  -30.000012311.7568   18.1371
   -7.5000   15.0000  -30.000012310.4375   18.0229
    0.0000   15.0000  -30.000012799.5752   18.0891
    7.5000   15.0000  -30.000012229.0293   18.1016
   -7.5000   22.5000  -30.000012138.8877   18.0326
    0.0000   22.5000  -30.000012631.6006   18.0921
    7.5000   22.5000  -30.000012028.1328   18.0967
   -7.5000   30.0000  -30.000011867.9492   17.8319
    0.0000   30.0000  -30.000012330.8486   17.8896
    7.5000   30.0000  -30.000011720.0752   17.8909
   -7.5000   37.5000  -30.000011929.4609   17.8523
    0.0000   37.5000  -30.000012392.6562   17.9178
    7.5000   37.5000  -30.000011795.6328   17.9248
   -7.5000   45.0000  -30.000011566.4268   17.3992
    0.0000   45.0000  -30.000012019.5439   17.4705
    7.5000   45.0000  -30.000011446.4443   17.4868
   -7.5000  -45.0000  -22.5000 6473.9370   20.6825
    0.0000  -45.0000  -22.5000 6803.1699   20.7641
    7.5000  -45.0000  -22.5000 6576.2026   20.7645
   -7.5000  -37.5000  -22.5000 7256.7114   19.8811
    0.0000  -37.5000  -22.5000 7591.2100   19.9563
    7.5000  -37.5000  -22.5000 7306.3584   19.9654
   -7.5000  -30.0000  -22.5000 8356.4004   19.3249
    0.0000  -30.0000  -22.5000 8706.7520   19.3969
    7.5000  -30.0000  -22.5000 8361.0703   19.4014
   -7.5000  -22.5000  -22.5000 9517.3545   18.9580
    0.0000  -22.5000  -22.5000 9902.0713   19.0217
    7.5000  -22.5000  -22.5000 9484.0127   19.0180
   -7.5000  -15.0000  -22.500010694.2295   18.7407
    0.0000  -15.0000  -22.500011130.9336   18.8028
    7.5000  -15.0000  -22.500010657.2578   18.7960
   -7.5000   -7.5000  -22.500011881.6953   18.6854
    0.0000   -7.5000  -22.500012343.9521   18.7533
    7.5000   -7.5000  -22.500011819.7939   18.7541
   -7.5000    0.0000  -22.500013054.6533   18.6701
    0.0000    0.0000  -22.500013561.1797   18.7440
    7.5000    0.0000  -22.500012985.8984   18.7559
   -7.5000    7.5000  -22.500013250.7910   18.6378
    0.0000    7.5000  -22.500013785.7266   18.7102
    7.5000    7.5000  -22.500013179.9541   18.7241
   -7.5000   15.0000  -22.500013198.4805   18.6175
    0.0000   15.0000  -22.500013744.2910   18.6850
    7.5000   15.0000  -22.500013115.8271   18.6911
   -7.5000   22.5000  -22.500013008.8574   18.6252
    0.0000   22.5000  -22.500013541.9961   18.6879
    7.5000   22.5000  -22.500012874.5049   18.6846
   -7.5000   30.0000  -22.500012700.2783   18.4180
    0.0000   30.0000  -22.500013199.0703   18.4789
    7.5000   30.0000  -22.500012555.9521   18.4722
   -7.5000   37.5000  -22.500012770.3408   18.4360
    0.0000   37.5000  -22.500013297.9062   18.5030
    7.5000   37.5000  -22.500012629.4141   18.5038
   -7.5000   45.0000  -22.500012376.9961   17.9803
    0.0000   45.0000  -22.500012886.9873   18.0514
    7.5000   45.0000  -22.500012243.5557   18.0628
   -7.5000  -45.0000  -15.0000 6873.0293   21.1717
    0.0000  -45.0000  -15.0000 7243.6606   21.2391
    7.5000  -45.0000  -15.0000 6981.7295   21.2285
   -7.5000  -37.5000  -15.0000 7726.7324   20.3560
    0.0000  -37.5000  -15.0000 8084.0337   20.4200
    7.5000  -37.5000  -15.0000 7777.2104   20.4195
   -7.5000  -30.0000  -15.0000 8932.5332   19.7847
    0.0000  -30.0000  -15.0000 9298.0869   19.8496
    7.5000  -30.0000  -15.0000 8917.1973   19.8486
   -7.5000  -22.5000  -15.000010218.9590   19.4042
    0.0000  -22.5000  -15.000010608.5781   19.4622
    7.5000  -22.5000  -15.000010144.5400   19.4541
   -7.5000  -15.0000  -15.000011487.0010   19.1804
    0.0000  -15.0000  -15.000011919.3818   19.2354
    7.5000  -15.0000  -15.000011388.8535   19.2232
   -7.5000   -7.5000  -15.000012736.0342   19.1251
    0.0000   -7.5000  -15.000013193.3867   19.1831
    7.5000   -7.5000  -15.000012622.0713   19.1757
   -7.5000    0.0000  -15.000013977.0361   19.1122
    0.0000    0.0000  -15.000014480.2764   19.1748
    7.5000    0.0000  -15.000013841.8584   19.1766
   -7.5000    7.5000  -15.000014189.0156   19.0808
    0.0000    7.5000  -15.000014737.5928   19.1436
    7.5000    7.5000  -15.000014050.9082   19.1488
   -7.5000   15.0000  -15.000014135.6514   19.0585
    0.0000   15.0000  -15.000014699.5938   19.1193
    7.5000   15.0000  -15.000014010.0508   19.1201
   -7.5000   22.5000  -15.000013894.1836   19.0626
    0.0000   22.5000  -15.000014449.2822   19.1197
    7.5000   22.5000  -15.000013741.9512   19.1124
   -7.5000   30.0000  -15.000013545.8008   18.8526
    0.0000   30.0000  -15.000014056.0996   18.9066
    7.5000   30.0000  -15.000013367.9170   18.8948
   -7.5000   37.5000  -15.000013609.1123   18.8725
    0.0000   37.5000  -15.000014162.8408   18.9297
    7.5000   37.5000  -15.000013433.2461   18.9224
   -7.5000   45.0000  -15.000013197.4004   18.4171
    0.0000   45.0000  -15.000013757.8428   18.4774
    7.5000   45.0000  -15.000013044.2686   18.4791
   -7.5000  -45.0000   -7.5000 7291.5513   21.4295
    0.0000  -45.0000   -7.5000 7655.1567   21.4845
    7.5000  -45.0000   -7.5000 7364.0229   21.4697
   -7.5000  -37.5000   -7.5000 8200.9092   20.6013
    0.0000  -37.5000   -7.5000 8556.2285   20.6564
    7.5000  -37.5000   -7.5000 8230.9434   20.6544
   -7.5000  -30.0000   -7.5000 9532.4619   20.0209
    0.0000  -30.0000   -7.5000 9917.8486   20.0778
    7.5000  -30.0000   -7.5000 9508.5127   20.0795
   -7.5000  -22.5000   -7.500010938.6348   19.6341
    0.0000  -22.5000   -7.500011344.8047   19.6825
    7.5000  -22.5000   -7.500010839.6465   19.6792
   -7.5000  -15.0000   -7.500012305.6670   19.4099
    0.0000  -15.0000   -7.500012721.4834   19.4537
    7.5000  -15.0000   -7.500012149.8184   19.4439
   -7.5000   -7.5000   -7.500013631.9863   19.3594
    0.0000   -7.5000   -7.500014091.7900   19.4057
    7.5000   -7.5000   -7.500013452.2314   19.3956
   -7.5000    0.0000   -7.500014953.2979   19.3483
    0.0000    0.0000   -7.500015445.0068   19.4004
    7.5000    0.0000   -7.500014715.2061   19.3968
   -7.5000    7.5000   -7.500015150.1836   19.3136
    0.0000    7.5000   -7.500015662.6797   19.3681
    7.5000    7.5000   -7.500014911.5137   19.3705
   -7.5000   15.0000   -7.500015092.8359   19.2863
    0.0000   15.0000   -7.500015655.6328   19.3392
    7.5000   15.0000   -7.500014908.3320   19.3420
   -7.5000   22.5000   -7.500014785.3379   19.2857
    0.0000   22.5000   -7.500015329.4141   19.3335
    7.5000   22.5000   -7.500014638.6787   19.3306
   -7.5000   30.0000   -7.500014330.0244   19.0778
    0.0000   30.0000   -7.500014850.2168   19.1207
    7.5000   30.0000   -7.500014185.9326   19.1112
   -7.5000   37.5000   -7.500014416.9756   19.1032
    0.0000   37.5000   -7.500014969.4785   19.1488
    7.5000   37.5000   -7.500014266.6377   19.1389
   -7.5000   45.0000   -7.500014008.1475   18.6481
    0.0000   45.0000   -7.500014560.2803   18.6984
    7.5000   45.0000   -7.500013838.9873   18.6949
   -7.5000  -45.0000    0.0000 7630.2817   21.4804
    0.0000  -45.0000    0.0000 7985.4165   21.5370
    7.5000  -45.0000    0.0000 7673.3237   21.5287
   -7.5000  -37.5000    0.0000 8631.4238   20.6442
    0.0000  -37.5000    0.0000 8973.8652   20.7010
    7.5000  -37.5000    0.0000 8619.1504   20.7061
   -7.5000  -30.0000    0.000010061.0029   20.0621
    0.0000  -30.0000    0.000010447.6748   20.1180
    7.5000  -30.0000    0.000010009.1641   20.1269
   -7.5000  -22.5000    0.000011542.5947   19.6758
    0.0000  -22.5000    0.000011946.3760   19.7215
    7.5000  -22.5000    0.000011405.2305   19.7268
   -7.5000  -15.0000    0.000012986.6504   19.4530
    0.0000  -15.0000    0.000013390.1074   19.4943
    7.5000  -15.0000    0.000012780.4902   19.4928
   -7.5000   -7.5000    0.000014391.7812   19.4061
    0.0000   -7.5000    0.000014852.3242   19.4516
    7.5000   -7.5000    0.000014157.9170   19.4476
   -7.5000    0.0000    0.000015732.2852   19.3951
    0.0000    0.0000    0.000016251.1436   19.4480
    7.5000    0.0000    0.000015471.6104   19.4490
   -7.5000    7.5000    0.000015890.0752   19.3571
    0.0000    7.5000    0.000016418.7070   19.4123
    7.5000    7.5000    0.000015637.9033   19.4198
   -7.5000   15.0000    0.000015878.0186   19.3268
    0.0000   15.0000    0.000016412.2930   19.3787
    7.5000   15.0000    0.000015654.6035   19.3879
   -7.5000   22.5000    0.000015583.6113   19.3258
    0.0000   22.5000    0.000016068.7070   19.3709
    7.5000   22.5000    0.000015416.6670   19.3760
   -7.5000   30.0000    0.000015070.0811   19.1208
    0.0000   30.0000    0.000015521.3604   19.1612
    7.5000   30.0000    0.000014942.7627   19.1597
   -7.5000   37.5000    0.000015138.5205   19.1498
    0.0000   37.5000    0.000015611.8438   19.1946
    7.5000   37.5000    0.000014993.8330   19.1907
   -7.5000   45.0000    0.000014741.5127   18.6946
    0.0000   45.0000    0.000015201.0840   18.7457
    7.5000   45.0000    0.000014554.4502   18.7466
   -7.5000  -45.0000    7.5000 7397.4893   21.4765
    0.0000  -45.0000    7.5000 7708.2725   21.5505
    7.5000  -45.0000    7.5000 7412.3081   21.5540
   -7.5000  -37.5000    7.5000 8368.0098   20.6358
    0.0000  -37.5000    7.5000 8676.1221   20.7065
    7.5000  -37.5000    7.5000 8341.0752   20.7211
   -7.5000  -30.0000    7.5000 9745.9180   20.0554
    0.0000  -30.0000    7.500010123.8623   20.1215
    7.5000  -30.0000    7.5000 9707.4854   20.1354
   -7.5000  -22.5000    7.500011168.3867   19.6735
    0.0000  -22.5000    7.500011575.8008   19.7284
    7.5000  -22.5000    7.500011059.3271   19.7376
   -7.5000  -15.0000    7.500012576.8857   19.4515
    0.0000  -15.0000    7.500012998.6846   19.5032
    7.5000  -15.0000    7.500012390.5684   19.5075
   -7.5000   -7.5000    7.500013965.2490   19.4025
    0.0000   -7.5000    7.500014421.9336   19.4609
    7.5000   -7.5000    7.500013746.9395   19.4663
   -7.5000    0.0000    7.500015269.0098   19.3883
    0.0000    0.0000    7.500015732.0889   19.4552
    7.5000    0.0000    7.500015007.4297   19.4674
   -7.5000    7.5000    7.500015403.8975   19.3492
    0.0000    7.5000    7.500015828.9961   19.4166
    7.5000    7.5000    7.500015126.6631   19.4329
   -7.5000   15.0000    7.500015403.6152   19.3210
    0.0000   15.0000    7.500015803.2578   19.3824
    7.5000   15.0000    7.500015133.9355   19.3965
   -7.5000   22.5000    7.500015189.9229   19.3233
    0.0000   22.5000    7.500015583.0303   19.3771
    7.5000   22.5000    7.500015015.8555   19.3859
   -7.5000   30.0000    7.500014768.9346   19.1193
    0.0000   30.0000    7.500015148.8965   19.1700
    7.5000   30.0000    7.500014681.8379   19.1741
   -7.5000   37.5000    7.500014848.2471   19.1462
    0.0000   37.5000    7.500015273.3721   19.2038
    7.5000   37.5000    7.500014765.1426   19.2092
   -7.5000   45.0000    7.500014407.1494   18.6881
    0.0000   45.0000    7.500014834.2100   18.7526
    7.5000   45.0000    7.500014262.9883   18.7644
   -7.5000  -45.0000   15.0000 7085.0479   21.4717
    0.0000  -45.0000   15.0000 7360.1528   21.5606
    7.5000  -45.0000   15.0000 7079.0781   21.5686
   -7.5000  -37.5000   15.0000 8017.0415   20.6320
    0.0000  -37.5000   15.0000 8287.8330   20.7142
    7.5000  -37.5000   15.0000 7964.3003   20.7316
   -7.5000  -30.0000   15.0000 9346.3984   20.0532
    0.0000  -30.0000   15.0000 9683.4414   20.1292
    7.5000  -30.0000   15.0000 9274.9961   20.1418
   -7.5000  -22.5000   15.000010707.3564   19.6743
    0.0000  -22.5000   15.000011067.4316   19.7393
    7.5000  -22.5000   15.000010583.8760   19.7443
   -7.5000  -15.0000   15.000012038.0117   19.4511
    0.0000  -15.0000   15.000012446.7188   19.5142
    7.5000  -15.0000   15.000011885.6641   19.5156
   -7.5000   -7.5000   15.000013331.6367   19.3973
    0.0000   -7.5000   15.000013813.9551   19.4684
    7.5000   -7.5000   15.000013175.9053   19.4760
   -7.5000    0.0000   15.000014542.5020   19.3802
    0.0000    0.0000   15.000015040.5146   19.4596
    7.5000    0.0000   15.000014364.0879   19.4777
   -7.5000    7.5000   15.000014699.9111   19.3427
    0.0000    7.5000   15.000015166.0234   19.4207
    7.5000    7.5000   15.000014480.4805   19.4410
   -7.5000   15.0000   15.000014648.3076   19.3186
    0.0000   15.0000   15.000015140.4756   19.3895
    7.5000   15.0000   15.000014479.5098   19.4029
   -7.5000   22.5000   15.000014353.3838   19.3243
    0.0000   22.5000   15.000014920.4551   19.3881
    7.5000   22.5000   15.000014357.9414   19.3930
   -7.5000   30.0000   15.000014028.7197   19.1189
    0.0000   30.0000   15.000014568.4922   19.1808
    7.5000   30.0000   15.000014037.9824   19.1821
   -7.5000   37.5000   15.000014208.9912   19.1411
    0.0000   37.5000   15.000014763.5010   19.2112
    7.5000   37.5000   15.000014152.9248   19.2187
   -7.5000   45.0000   15.000013800.3887   18.6803
    0.0000   45.0000   15.000014326.9512   18.7568
    7.5000   45.0000   15.000013716.7520   18.7742
   -7.5000  -45.0000   22.5000 6725.4648   21.5346
    0.0000  -45.0000   22.5000 6975.1299   21.6200
    7.5000  -45.0000   22.5000 6710.0293   21.6204
   -7.5000  -37.5000   22.5000 7589.8379   20.6989
    0.0000  -37.5000   22.5000 7845.8086   20.7775
    7.5000  -37.5000   22.5000 7531.9082   20.7871
   -7.5000  -30.0000   22.5000 8840.7627   20.1188
    0.0000  -30.0000   22.5000 9135.5410   20.1941
    7.5000  -30.0000   22.5000 8746.8428   20.1991
   -7.5000  -22.5000   22.500010108.7432   19.7361
    0.0000  -22.5000   22.500010461.3369   19.8028
    7.5000  -22.5000   22.5000 9980.2119   19.7992
   -7.5000  -15.0000   22.500011354.0986   19.5092
    0.0000  -15.0000   22.500011777.3086   19.5743
    7.5000  -15.0000   22.500011209.7705   19.5674
   -7.5000   -7.5000   22.500012566.5850   19.4516
    0.0000   -7.5000   22.500013072.1836   19.5226
    7.5000   -7.5000   22.500012440.3164   19.5236
   -7.5000    0.0000   22.500013739.7080   19.4355
    0.0000    0.0000   22.500014256.7812   19.5127
    7.5000    0.0000   22.500013600.3408   19.5252
   -7.5000    7.5000   22.500013893.3545   19.4014
    0.0000    7.5000   22.500014414.4131   19.4771
    7.5000    7.5000   22.500013722.9375   19.4917
   -7.5000   15.0000   22.500013773.5986   19.3802
    0.0000   15.0000   22.500014345.8975   19.4507
    7.5000   15.0000   22.500013701.1748   19.4574
   -7.5000   22.5000   22.500013487.0479   19.3855
    0.0000   22.5000   22.500014071.3262   19.4511
    7.5000   22.5000   22.500013550.8066   19.4479
   -7.5000   30.0000   22.500013211.7295   19.1758
    0.0000   30.0000   22.500013720.5742   19.2395
    7.5000   30.0000   22.500013238.5605   19.2328
   -7.5000   37.5000   22.500013428.4277   19.1946
    0.0000   37.5000   22.500013916.2363   19.2647
    7.5000   37.5000   22.500013362.9746   19.2657
   -7.5000   45.0000   22.500013065.4043   18.7335
    0.0000   45.0000   22.500013561.2773   18.8080
    7.5000   45.0000   22.500012993.3701   18.8201
   -7.5000  -45.0000   30.0000 6304.9443   21.7261
    0.0000  -45.0000   30.0000 6515.1362   21.7968
    7.5000  -45.0000   30.0000 6251.6475   21.7864
   -7.5000  -37.5000   30.0000 7098.0581   20.8851
    0.0000  -37.5000   30.0000 7340.7329   20.9521
    7.5000  -37.5000   30.0000 7029.2114   20.9523
   -7.5000  -30.0000   30.0000 8243.5137   20.2968
    0.0000  -30.0000   30.0000 8551.6162   20.3646
    7.5000  -30.0000   30.0000 8169.9287   20.3645
   -7.5000  -22.5000   30.0000 9431.2217   19.9057
    0.0000  -22.5000   30.0000 9798.1514   19.9664
    7.5000  -22.5000   30.0000 9319.7070   19.9589
   -7.5000  -15.0000   30.000010595.2617   19.6758
    0.0000  -15.0000   30.000011021.6602   19.7335
    7.5000  -15.0000   30.000010475.2549   19.7217
   -7.5000   -7.5000   30.000011737.0244   19.6185
    0.0000   -7.5000   30.000012231.3945   19.6793
    7.5000   -7.5000   30.000011628.3584   19.6723
   -7.5000    0.0000   30.000012851.8848   19.6047
    0.0000    0.0000   30.000013362.6670   19.6701
    7.5000    0.0000   30.000012700.1904   19.6726
   -7.5000    7.5000   30.000012956.7676   19.5717
    0.0000    7.5000   30.000013475.0732   19.6374
    7.5000    7.5000   30.000012791.8398   19.6435
   -7.5000   15.0000   30.000012816.4717   19.5488
    0.0000   15.0000   30.000013351.7061   19.6122
    7.5000   15.0000   30.000012760.1992   19.6140
   -7.5000   22.5000   30.000012571.3174   19.5514
    0.0000   22.5000   30.000013095.1250   19.6112
    7.5000   22.5000   30.000012609.7422   19.6045
   -7.5000   30.0000   30.000012334.0977   19.3388
    0.0000   30.0000   30.000012782.2900   19.3954
    7.5000   30.0000   30.000012304.7080   19.3839
   -7.5000   37.5000   30.000012496.5107   19.3592
    0.0000   37.5000   30.000012937.9473   19.4193
    7.5000   37.5000   30.000012420.2432   19.4124
   -7.5000   45.0000   30.000012171.0176   18.8966
    0.0000   45.0000   30.000012632.5195   18.9598
    7.5000   45.0000   30.000012095.1572   18.9621
   -7.5000  -45.0000   37.5000 6091.1011   22.0814
    0.0000  -45.0000   37.5000 6290.9717   22.1408
    7.5000  -45.0000   37.5000 6022.3994   22.1258
   -7.5000  -37.5000   37.5000 6861.0825   21.2170
    0.0000  -37.5000   37.5000 7099.4453   21.2759
    7.5000  -37.5000   37.5000 6790.4604   21.2740
   -7.5000  -30.0000   37.5000 7965.6030   20.6114
    0.0000  -30.0000   37.5000 8263.0107   20.6722
    7.5000  -30.0000   37.5000 7903.9971   20.6744
   -7.5000  -22.5000   37.5000 9112.0020   20.2080
    0.0000  -22.5000   37.5000 9448.3623   20.2606
    7.5000  -22.5000   37.5000 8999.1592   20.2581
   -7.5000  -15.0000   37.500010245.3779   19.9758
    0.0000  -15.0000   37.500010633.2461   20.0239
    7.5000  -15.0000   37.500010096.8281   20.0150
   -7.5000   -7.5000   37.500011360.0195   19.9248
    0.0000   -7.5000   37.500011789.5791   19.9753
    7.5000   -7.5000   37.500011202.7900   19.9659
   -7.5000    0.0000   37.500012422.5947   19.9145
    0.0000    0.0000   37.500012892.9639   19.9704
    7.5000    0.0000   37.500012228.0293   19.9673
   -7.5000    7.5000   37.500012487.2383   19.8780
    0.0000    7.5000   37.500012983.6270   19.9360
    7.5000    7.5000   37.500012329.1055   19.9389
   -7.5000   15.0000   37.500012356.5127   19.8480
    0.0000   15.0000   37.500012855.8896   19.9045
    7.5000   15.0000   37.500012288.0498   19.9080
   -7.5000   22.5000   37.500012144.5713   19.8462
    0.0000   22.5000   37.500012612.0176   19.8981
    7.5000   22.5000   37.500012128.1094   19.8960
   -7.5000   30.0000   37.500011907.1289   19.6334
    0.0000   30.0000   37.500012313.2500   19.6806
    7.5000   30.0000   37.500011846.0742   19.6719
   -7.5000   37.5000   37.500012033.4238   19.6615
    0.0000   37.5000   37.500012443.1504   19.7113
    7.5000   37.5000   37.500011934.0273   19.7020
   -7.5000   45.0000   37.500011723.8701   19.1953
    0.0000   45.0000   37.500012136.5938   19.2492
    7.5000   45.0000   37.500011618.3369   19.2462
   -7.5000  -45.0000   45.0000 5620.6475   22.4764
    0.0000  -45.0000   45.0000 5808.8052   22.5459
    7.5000  -45.0000   45.0000 5544.6465   22.5415
   -7.5000  -37.5000   45.0000 6335.3848   21.5754
    0.0000  -37.5000   45.0000 6559.3994   21.6442
    7.5000  -37.5000   45.0000 6265.6938   21.6533
   -7.5000  -30.0000   45.0000 7358.3418   20.9521
    0.0000  -30.0000   45.0000 7622.9644   21.0193
    7.5000  -30.0000   45.0000 7285.0532   21.0324
   -7.5000  -22.5000   45.0000 8419.0684   20.5411
    0.0000  -22.5000   45.0000 8711.6865   20.5968
    7.5000  -22.5000   45.0000 8295.0107   20.6067
   -7.5000  -15.0000   45.0000 9474.0635   20.3062
    0.0000  -15.0000   45.0000 9798.1387   20.3567
    7.5000  -15.0000   45.0000 9305.3047   20.3599
   -7.5000   -7.5000   45.000010502.8018   20.2573
    0.0000   -7.5000   45.000010879.8408   20.3126
    7.5000   -7.5000   45.000010326.7354   20.3131
   -7.5000    0.0000   45.000011476.8994   20.2447
    0.0000    0.0000   45.000011896.8730   20.3083
    7.5000    0.0000   45.000011269.8955   20.3133
   -7.5000    7.5000   45.000011530.6689   20.2033
    0.0000    7.5000   45.000011960.1289   20.2693
    7.5000    7.5000   45.000011358.1982   20.2806
   -7.5000   15.0000   45.000011414.0850   20.1710
    0.0000   15.0000   45.000011829.5234   20.2331
    7.5000   15.0000   45.000011318.8252   20.2463
   -7.5000   22.5000   45.000011219.6436   20.1708
    0.0000   22.5000   45.000011602.4414   20.2254
    7.5000   22.5000   45.000011157.7168   20.2350
   -7.5000   30.0000   45.000010969.6387   19.9568
    0.0000   30.0000   45.000011334.8398   20.0063
    7.5000   30.0000   45.000010897.7012   20.0094
   -7.5000   37.5000   45.000011071.4658   19.9878
    0.0000   37.5000   45.000011438.1748   20.0424
    7.5000   37.5000   45.000010969.7656   20.0429
   -7.5000   45.0000   45.000010806.8555   19.5224
    0.0000   45.0000   45.000011148.5068   19.5837
    7.5000   45.0000   45.000010680.3809   19.5886

---------------------------------------------------------------------
imgreg_4dfp /opt/freesurfer/average/711-2C_as_mni_average_305 /opt/freesurfer/average/711-2B_as_mni_average_305_mask talsrcimg_g11 none talsrcimg_to_711-2C_as_mni_average_305_t4 4355
---------------------------------------------------------------------

freesurfer imgreg_4dfp.c
/opt/freesurfer/average/711-2C_as_mni_average_305.4dfp.img
       256       256       256         1
  1.000000  1.000000  1.000000
orientation T byte_order littleendian
Reading image: /opt/freesurfer/average/711-2C_as_mni_average_305.4dfp.img
dimensions:      256       256       256
mmppix:       1.0000   -1.0000   -1.0000
center:     128.0000 -129.0000 -129.0000
/opt/freesurfer/average/711-2B_as_mni_average_305_mask.4dfp.img
       256       256       256         1
  1.000000  1.000000  1.000000
orientation T byte_order littleendian
Reading mask: /opt/freesurfer/average/711-2B_as_mni_average_305_mask.4dfp.img (2306576 pixels)
talsrcimg_g11.4dfp.img
       256       256       256         1
  1.000000  1.000000  1.000000
orientation T byte_order littleendian
Reading image: talsrcimg_g11.4dfp.img
dimensions:      256       256       256
mmppix:       1.0000   -1.0000   -1.0000
center:     128.0000 -129.0000 -129.0000
rotation matrix determinant  1.000000
image alignment mode   4355 decimal     1103 hex
   -7.5000  -37.5000  -45.0000 1660.1532   31.3193
    0.0000  -37.5000  -45.0000 1670.6022   31.2672
    7.5000  -37.5000  -45.0000 1668.9987   31.7866
   -7.5000  -30.0000  -45.0000 1809.0691   26.9023
    0.0000  -30.0000  -45.0000 1814.1934   26.8719
    7.5000  -30.0000  -45.0000 1803.2874   27.2468
   -7.5000  -22.5000  -45.0000 1944.4596   23.7441
    0.0000  -22.5000  -45.0000 1944.6803   23.6026
    7.5000  -22.5000  -45.0000 1932.8148   23.9168
   -7.5000  -15.0000  -45.0000 2063.4758   21.2991
    0.0000  -15.0000  -45.0000 2067.2659   21.1680
    7.5000  -15.0000  -45.0000 2056.6343   21.4242
   -7.5000   -7.5000  -45.0000 2159.3972   19.4143
    0.0000   -7.5000  -45.0000 2168.9067   19.2815
    7.5000   -7.5000  -45.0000 2161.0444   19.5283
   -7.5000    0.0000  -45.0000 2246.9404   17.9749
    0.0000    0.0000  -45.0000 2264.7112   17.9284
    7.5000    0.0000  -45.0000 2255.1340   18.1354
   -7.5000    7.5000  -45.0000 2320.8071   16.9843
    0.0000    7.5000  -45.0000 2336.2676   16.9107
    7.5000    7.5000  -45.0000 2330.2939   17.0486
   -7.5000   15.0000  -45.0000 2364.6208   16.2684
    0.0000   15.0000  -45.0000 2378.8867   16.1820
    7.5000   15.0000  -45.0000 2370.8960   16.3694
   -7.5000   22.5000  -45.0000 2387.8076   15.8712
    0.0000   22.5000  -45.0000 2399.9719   15.8175
    7.5000   22.5000  -45.0000 2381.3838   16.0632
   -7.5000   30.0000  -45.0000 2387.2046   15.8617
    0.0000   30.0000  -45.0000 2393.3191   15.7641
    7.5000   30.0000  -45.0000 2375.9355   15.9871
   -7.5000   37.5000  -45.0000 2373.4136   16.1283
    0.0000   37.5000  -45.0000 2378.1772   16.0107
    7.5000   37.5000  -45.0000 2363.6570   16.2339
   -7.5000   45.0000  -45.0000 2347.8486   16.7473
    0.0000   45.0000  -45.0000 2351.1160   16.6260
    7.5000   45.0000  -45.0000 2333.4429   16.9022
   -7.5000   52.5000  -45.0000 2282.2195   17.5643
    0.0000   52.5000  -45.0000 2285.6411   17.4524
    7.5000   52.5000  -45.0000 2266.4097   17.7367
   -7.5000  -37.5000  -37.5000 1722.7888   29.3294
    0.0000  -37.5000  -37.5000 1728.9768   29.3404
    7.5000  -37.5000  -37.5000 1726.9052   29.7204
   -7.5000  -30.0000  -37.5000 1873.2230   25.1842
    0.0000  -30.0000  -37.5000 1874.7101   25.1286
    7.5000  -30.0000  -37.5000 1866.3351   25.4286
   -7.5000  -22.5000  -37.5000 2012.3618   22.1181
    0.0000  -22.5000  -37.5000 2012.0991   22.0404
    7.5000  -22.5000  -37.5000 1998.4840   22.3088
   -7.5000  -15.0000  -37.5000 2130.1316   19.8017
    0.0000  -15.0000  -37.5000 2137.9590   19.7594
    7.5000  -15.0000  -37.5000 2124.8032   20.0151
   -7.5000   -7.5000  -37.5000 2233.9214   18.0662
    0.0000   -7.5000  -37.5000 2246.5330   18.0300
    7.5000   -7.5000  -37.5000 2238.9717   18.2454
   -7.5000    0.0000  -37.5000 2329.8113   16.6749
    0.0000    0.0000  -37.5000 2347.4326   16.6825
    7.5000    0.0000  -37.5000 2336.4023   16.8680
   -7.5000    7.5000  -37.5000 2410.2322   15.6991
    0.0000    7.5000  -37.5000 2428.1772   15.6992
    7.5000    7.5000  -37.5000 2414.6707   15.8604
   -7.5000   15.0000  -37.5000 2458.6492   15.0338
    0.0000   15.0000  -37.5000 2473.9558   15.0254
    7.5000   15.0000  -37.5000 2457.7012   15.1860
   -7.5000   22.5000  -37.5000 2485.8323   14.6701
    0.0000   22.5000  -37.5000 2500.4771   14.6625
    7.5000   22.5000  -37.5000 2475.2717   14.8730
   -7.5000   30.0000  -37.5000 2493.7971   14.6171
    0.0000   30.0000  -37.5000 2502.7217   14.5950
    7.5000   30.0000  -37.5000 2477.2283   14.8072
   -7.5000   37.5000  -37.5000 2478.2488   14.8749
    0.0000   37.5000  -37.5000 2483.2876   14.8380
    7.5000   37.5000  -37.5000 2465.5107   15.0461
   -7.5000   45.0000  -37.5000 2445.8691   15.4662
    0.0000   45.0000  -37.5000 2452.0518   15.4321
    7.5000   45.0000  -37.5000 2431.6116   15.6540
   -7.5000   52.5000  -37.5000 2372.3176   16.2252
    0.0000   52.5000  -37.5000 2378.9856   16.2059
    7.5000   52.5000  -37.5000 2354.6907   16.4534
   -7.5000  -37.5000  -30.0000 1809.4694   28.4874
    0.0000  -37.5000  -30.0000 1816.4763   28.5498
    7.5000  -37.5000  -30.0000 1807.7782   28.8769
   -7.5000  -30.0000  -30.0000 1962.2600   24.4249
    0.0000  -30.0000  -30.0000 1964.2467   24.3925
    7.5000  -30.0000  -30.0000 1955.2316   24.6623
   -7.5000  -22.5000  -30.0000 2106.2871   21.4535
    0.0000  -22.5000  -30.0000 2108.4033   21.3434
    7.5000  -22.5000  -30.0000 2097.5959   21.6212
   -7.5000  -15.0000  -30.0000 2232.8550   19.1963
    0.0000  -15.0000  -30.0000 2245.3171   19.1058
    7.5000  -15.0000  -30.0000 2233.1543   19.3781
   -7.5000   -7.5000  -30.0000 2345.6206   17.4297
    0.0000   -7.5000  -30.0000 2360.0977   17.4108
    7.5000   -7.5000  -30.0000 2351.7527   17.6441
   -7.5000    0.0000  -30.0000 2448.5986   16.0398
    0.0000    0.0000  -30.0000 2464.5808   16.0677
    7.5000    0.0000  -30.0000 2455.5112   16.2791
   -7.5000    7.5000  -30.0000 2537.0056   15.0567
    0.0000    7.5000  -30.0000 2551.1709   15.0926
    7.5000    7.5000  -30.0000 2537.8042   15.2662
   -7.5000   15.0000  -30.0000 2596.0623   14.3849
    0.0000   15.0000  -30.0000 2604.0374   14.4338
    7.5000   15.0000  -30.0000 2582.6270   14.5868
   -7.5000   22.5000  -30.0000 2635.2083   14.0283
    0.0000   22.5000  -30.0000 2644.5090   14.0659
    7.5000   22.5000  -30.0000 2618.4307   14.2339
   -7.5000   30.0000  -30.0000 2647.4070   13.9512
    0.0000   30.0000  -30.0000 2655.3945   13.9819
    7.5000   30.0000  -30.0000 2624.2549   14.1526
   -7.5000   37.5000  -30.0000 2631.5535   14.1971
    0.0000   37.5000  -30.0000 2638.3411   14.2402
    7.5000   37.5000  -30.0000 2614.3228   14.4273
   -7.5000   45.0000  -30.0000 2594.2444   14.7713
    0.0000   45.0000  -30.0000 2601.9517   14.8251
    7.5000   45.0000  -30.0000 2573.9907   15.0617
   -7.5000   52.5000  -30.0000 2511.6697   15.5109
    0.0000   52.5000  -30.0000 2517.8452   15.5494
    7.5000   52.5000  -30.0000 2490.1421   15.8140
   -7.5000  -37.5000  -22.5000 1868.0851   27.6041
    0.0000  -37.5000  -22.5000 1874.4219   27.6019
    7.5000  -37.5000  -22.5000 1862.0280   27.8405
   -7.5000  -30.0000  -22.5000 2026.3936   23.6225
    0.0000  -30.0000  -22.5000 2029.2017   23.5234
    7.5000  -30.0000  -22.5000 2015.3624   23.7503
   -7.5000  -22.5000  -22.5000 2177.2458   20.7043
    0.0000  -22.5000  -22.5000 2183.3438   20.5998
    7.5000  -22.5000  -22.5000 2165.6689   20.7741
   -7.5000  -15.0000  -22.5000 2308.7517   18.4882
    0.0000  -15.0000  -22.5000 2326.3252   18.4083
    7.5000  -15.0000  -22.5000 2310.0920   18.6090
   -7.5000   -7.5000  -22.5000 2426.7327   16.7356
    0.0000   -7.5000  -22.5000 2440.9690   16.6911
    7.5000   -7.5000  -22.5000 2429.5627   16.9069
   -7.5000    0.0000  -22.5000 2537.1267   15.3286
    0.0000    0.0000  -22.5000 2553.3228   15.3212
    7.5000    0.0000  -22.5000 2541.0002   15.5392
   -7.5000    7.5000  -22.5000 2636.8433   14.3108
    0.0000    7.5000  -22.5000 2652.1416   14.3498
    7.5000    7.5000  -22.5000 2633.2434   14.5543
   -7.5000   15.0000  -22.5000 2701.5425   13.6562
    0.0000   15.0000  -22.5000 2714.7188   13.7118
    7.5000   15.0000  -22.5000 2689.2429   13.8919
   -7.5000   22.5000  -22.5000 2754.4902   13.2859
    0.0000   22.5000  -22.5000 2759.7993   13.3424
    7.5000   22.5000  -22.5000 2725.6191   13.5209
   -7.5000   30.0000  -22.5000 2767.1138   13.2263
    0.0000   30.0000  -22.5000 2773.7468   13.2687
    7.5000   30.0000  -22.5000 2742.5208   13.4405
   -7.5000   37.5000  -22.5000 2752.3955   13.4517
    0.0000   37.5000  -22.5000 2765.2800   13.5091
    7.5000   37.5000  -22.5000 2736.4744   13.6774
   -7.5000   45.0000  -22.5000 2713.8711   13.9837
    0.0000   45.0000  -22.5000 2724.3242   14.0612
    7.5000   45.0000  -22.5000 2691.3337   14.2971
   -7.5000   52.5000  -22.5000 2627.9067   14.7350
    0.0000   52.5000  -22.5000 2633.5166   14.7995
    7.5000   52.5000  -22.5000 2598.8755   15.0433
   -7.5000  -37.5000  -15.0000 1902.9867   26.8720
    0.0000  -37.5000  -15.0000 1907.1152   26.7566
    7.5000  -37.5000  -15.0000 1895.4363   27.0029
   -7.5000  -30.0000  -15.0000 2066.0352   22.9910
    0.0000  -30.0000  -15.0000 2069.4810   22.8190
    7.5000  -30.0000  -15.0000 2056.5217   22.9926
   -7.5000  -22.5000  -15.0000 2223.1804   20.1069
    0.0000  -22.5000  -15.0000 2230.8560   19.9510
    7.5000  -22.5000  -15.0000 2211.5471   20.1158
   -7.5000  -15.0000  -15.0000 2356.4683   17.8785
    0.0000  -15.0000  -15.0000 2372.3303   17.7348
    7.5000  -15.0000  -15.0000 2353.8838   17.9413
   -7.5000   -7.5000  -15.0000 2473.4775   16.1046
    0.0000   -7.5000  -15.0000 2485.5806   16.0102
    7.5000   -7.5000  -15.0000 2475.0771   16.2153
   -7.5000    0.0000  -15.0000 2591.8032   14.6975
    0.0000    0.0000  -15.0000 2606.6387   14.6396
    7.5000    0.0000  -15.0000 2595.5598   14.8839
   -7.5000    7.5000  -15.0000 2705.6426   13.6677
    0.0000    7.5000  -15.0000 2720.6567   13.6538
    7.5000    7.5000  -15.0000 2697.6511   13.8875
   -7.5000   15.0000  -15.0000 2780.9446   12.9819
    0.0000   15.0000  -15.0000 2793.8523   13.0029
    7.5000   15.0000  -15.0000 2767.9004   13.2350
   -7.5000   22.5000  -15.0000 2839.6265   12.6136
    0.0000   22.5000  -15.0000 2844.3967   12.6623
    7.5000   22.5000  -15.0000 2810.7190   12.8834
   -7.5000   30.0000  -15.0000 2860.1699   12.5342
    0.0000   30.0000  -15.0000 2865.3052   12.5749
    7.5000   30.0000  -15.0000 2830.0852   12.7741
   -7.5000   37.5000  -15.0000 2843.7986   12.7667
    0.0000   37.5000  -15.0000 2856.1108   12.7897
    7.5000   37.5000  -15.0000 2824.4011   12.9749
   -7.5000   45.0000  -15.0000 2802.1731   13.3012
    0.0000   45.0000  -15.0000 2815.1243   13.3284
    7.5000   45.0000  -15.0000 2777.4636   13.5601
   -7.5000   52.5000  -15.0000 2710.1074   14.0179
    0.0000   52.5000  -15.0000 2714.6702   14.0662
    7.5000   52.5000  -15.0000 2676.2815   14.3120
   -7.5000  -37.5000   -7.5000 1922.2710   26.2209
    0.0000  -37.5000   -7.5000 1926.6338   26.0126
    7.5000  -37.5000   -7.5000 1917.4327   26.2265
   -7.5000  -30.0000   -7.5000 2092.4888   22.5010
    0.0000  -30.0000   -7.5000 2100.8459   22.2411
    7.5000  -30.0000   -7.5000 2087.0676   22.4517
   -7.5000  -22.5000   -7.5000 2253.3071   19.6560
    0.0000  -22.5000   -7.5000 2261.9204   19.4261
    7.5000  -22.5000   -7.5000 2242.4294   19.6732
   -7.5000  -15.0000   -7.5000 2387.1711   17.3933
    0.0000  -15.0000   -7.5000 2394.3591   17.1988
    7.5000  -15.0000   -7.5000 2378.2068   17.4755
   -7.5000   -7.5000   -7.5000 2504.6265   15.6030
    0.0000   -7.5000   -7.5000 2516.1963   15.4580
    7.5000   -7.5000   -7.5000 2503.5547   15.7185
   -7.5000    0.0000   -7.5000 2628.7961   14.1960
    0.0000    0.0000   -7.5000 2641.1223   14.0827
    7.5000    0.0000   -7.5000 2623.0713   14.3578
   -7.5000    7.5000   -7.5000 2743.8745   13.1534
    0.0000    7.5000   -7.5000 2757.6411   13.0836
    7.5000    7.5000   -7.5000 2734.2300   13.3518
   -7.5000   15.0000   -7.5000 2836.5703   12.4488
    0.0000   15.0000   -7.5000 2849.7659   12.4109
    7.5000   15.0000   -7.5000 2817.5354   12.6997
   -7.5000   22.5000   -7.5000 2904.4792   12.0534
    0.0000   22.5000   -7.5000 2910.3157   12.0602
    7.5000   22.5000   -7.5000 2876.9507   12.3436
   -7.5000   30.0000   -7.5000 2924.7524   11.9458
    0.0000   30.0000   -7.5000 2933.5093   11.9325
    7.5000   30.0000   -7.5000 2897.4968   12.1989
   -7.5000   37.5000   -7.5000 2912.3828   12.1685
    0.0000   37.5000   -7.5000 2923.9929   12.1494
    7.5000   37.5000   -7.5000 2889.3245   12.3512
   -7.5000   45.0000   -7.5000 2865.3828   12.7140
    0.0000   45.0000   -7.5000 2877.2759   12.6986
    7.5000   45.0000   -7.5000 2836.3401   12.9121
   -7.5000   52.5000   -7.5000 2764.0293   13.4370
    0.0000   52.5000   -7.5000 2768.4502   13.4450
    7.5000   52.5000   -7.5000 2730.7737   13.6708
   -7.5000  -37.5000    0.0000 1928.3000   25.9384
    0.0000  -37.5000    0.0000 1937.0364   25.5684
    7.5000  -37.5000    0.0000 1926.6154   25.8547
   -7.5000  -30.0000    0.0000 2105.1606   22.2847
    0.0000  -30.0000    0.0000 2118.7461   21.9361
    7.5000  -30.0000    0.0000 2105.5781   22.1960
   -7.5000  -22.5000    0.0000 2266.4705   19.3952
    0.0000  -22.5000    0.0000 2276.4688   19.1328
    7.5000  -22.5000    0.0000 2257.9583   19.4282
   -7.5000  -15.0000    0.0000 2401.9614   17.1213
    0.0000  -15.0000    0.0000 2406.4089   16.8985
    7.5000  -15.0000    0.0000 2390.8384   17.2052
   -7.5000   -7.5000    0.0000 2522.2373   15.3069
    0.0000   -7.5000    0.0000 2531.3240   15.1521
    7.5000   -7.5000    0.0000 2515.6682   15.4588
   -7.5000    0.0000    0.0000 2644.6323   13.9016
    0.0000    0.0000    0.0000 2655.0630   13.7886
    7.5000    0.0000    0.0000 2634.3127   14.1052
   -7.5000    7.5000    0.0000 2762.9314   12.8188
    0.0000    7.5000    0.0000 2771.9082   12.7475
    7.5000    7.5000    0.0000 2748.2891   13.0529
   -7.5000   15.0000    0.0000 2864.6299   12.0892
    0.0000   15.0000    0.0000 2874.5552   12.0365
    7.5000   15.0000    0.0000 2841.9697   12.3649
   -7.5000   22.5000    0.0000 2943.5964   11.7171
    0.0000   22.5000    0.0000 2950.6130   11.6564
    7.5000   22.5000    0.0000 2912.0168   11.9902
   -7.5000   30.0000    0.0000 2976.0754   11.5627
    0.0000   30.0000    0.0000 2980.1060   11.4816
    7.5000   30.0000    0.0000 2945.1003   11.8384
   -7.5000   37.5000    0.0000 2964.7090   11.8059
    0.0000   37.5000    0.0000 2967.7966   11.7263
    7.5000   37.5000    0.0000 2936.8665   11.9987
   -7.5000   45.0000    0.0000 2912.8892   12.3732
    0.0000   45.0000    0.0000 2914.0510   12.3229
    7.5000   45.0000    0.0000 2874.4785   12.5609
   -7.5000   52.5000    0.0000 2805.6138   13.0973
    0.0000   52.5000    0.0000 2803.8181   13.0605
    7.5000   52.5000    0.0000 2763.7314   13.3183
   -7.5000  -37.5000    7.5000 1928.6375   25.9207
    0.0000  -37.5000    7.5000 1931.2725   25.4445
    7.5000  -37.5000    7.5000 1922.6481   25.7922
   -7.5000  -30.0000    7.5000 2107.1960   22.2215
    0.0000  -30.0000    7.5000 2117.8247   21.8870
    7.5000  -30.0000    7.5000 2107.4045   22.1972
   -7.5000  -22.5000    7.5000 2265.7031   19.3049
    0.0000  -22.5000    7.5000 2275.6255   19.0682
    7.5000  -22.5000    7.5000 2261.1392   19.3807
   -7.5000  -15.0000    7.5000 2403.0181   17.0178
    0.0000  -15.0000    7.5000 2409.1421   16.8236
    7.5000  -15.0000    7.5000 2396.0713   17.1697
   -7.5000   -7.5000    7.5000 2527.3057   15.2029
    0.0000   -7.5000    7.5000 2535.5508   15.0651
    7.5000   -7.5000    7.5000 2522.9670   15.4068
   -7.5000    0.0000    7.5000 2650.5552   13.7774
    0.0000    0.0000    7.5000 2656.4800   13.6704
    7.5000    0.0000    7.5000 2636.6704   14.0217
   -7.5000    7.5000    7.5000 2771.5745   12.6764
    0.0000    7.5000    7.5000 2769.6121   12.5874
    7.5000    7.5000    7.5000 2748.1084   12.9447
   -7.5000   15.0000    7.5000 2874.3691   11.9263
    0.0000   15.0000    7.5000 2872.9438   11.8407
    7.5000   15.0000    7.5000 2845.4192   12.2316
   -7.5000   22.5000    7.5000 2962.5911   11.5609
    0.0000   22.5000    7.5000 2954.9529   11.4954
    7.5000   22.5000    7.5000 2921.6562   11.8663
   -7.5000   30.0000    7.5000 3004.5684   11.4754
    0.0000   30.0000    7.5000 3000.3103   11.3958
    7.5000   30.0000    7.5000 2960.0400   11.7840
   -7.5000   37.5000    7.5000 2993.0334   11.6764
    0.0000   37.5000    7.5000 2996.7639   11.6438
    7.5000   37.5000    7.5000 2951.3752   11.9883
   -7.5000   45.0000    7.5000 2935.4307   12.2058
    0.0000   45.0000    7.5000 2935.2581   12.1798
    7.5000   45.0000    7.5000 2890.3391   12.4906
   -7.5000   52.5000    7.5000 2821.2896   12.9271
    0.0000   52.5000    7.5000 2816.8494   12.8806
    7.5000   52.5000    7.5000 2776.0161   13.1621
   -7.5000  -37.5000   15.0000 1914.6538   26.1919
    0.0000  -37.5000   15.0000 1908.9895   25.7478
    7.5000  -37.5000   15.0000 1902.0156   26.1342
   -7.5000  -30.0000   15.0000 2094.9331   22.3491
    0.0000  -30.0000   15.0000 2099.0203   22.0842
    7.5000  -30.0000   15.0000 2087.4480   22.4923
   -7.5000  -22.5000   15.0000 2258.1526   19.3736
    0.0000  -22.5000   15.0000 2262.1558   19.1879
    7.5000  -22.5000   15.0000 2247.4404   19.5861
   -7.5000  -15.0000   15.0000 2399.0203   17.0562
    0.0000  -15.0000   15.0000 2402.9106   16.9216
    7.5000  -15.0000   15.0000 2388.1843   17.3034
   -7.5000   -7.5000   15.0000 2524.6255   15.2546
    0.0000   -7.5000   15.0000 2531.9441   15.1584
    7.5000   -7.5000   15.0000 2517.4954   15.5215
   -7.5000    0.0000   15.0000 2643.9895   13.8385
    0.0000    0.0000   15.0000 2644.6514   13.7645
    7.5000    0.0000   15.0000 2627.5464   14.1078
   -7.5000    7.5000   15.0000 2765.8721   12.7540
    0.0000    7.5000   15.0000 2761.4075   12.6947
    7.5000    7.5000   15.0000 2735.1165   13.0462
   -7.5000   15.0000   15.0000 2866.1077   12.0042
    0.0000   15.0000   15.0000 2865.6328   11.9856
    7.5000   15.0000   15.0000 2828.2117   12.3553
   -7.5000   22.5000   15.0000 2952.4202   11.5736
    0.0000   22.5000   15.0000 2946.3533   11.6071
    7.5000   22.5000   15.0000 2903.0112   11.9679
   -7.5000   30.0000   15.0000 2989.5283   11.4671
    0.0000   30.0000   15.0000 2979.5078   11.5201
    7.5000   30.0000   15.0000 2933.1978   11.8799
   -7.5000   37.5000   15.0000 2985.1143   11.7268
    0.0000   37.5000   15.0000 2981.0706   11.7809
    7.5000   37.5000   15.0000 2929.7764   12.0842
   -7.5000   45.0000   15.0000 2925.1589   12.2804
    0.0000   45.0000   15.0000 2921.1987   12.3221
    7.5000   45.0000   15.0000 2873.5933   12.5948
   -7.5000   52.5000   15.0000 2810.8647   12.9818
    0.0000   52.5000   15.0000 2805.4441   12.9754
    7.5000   52.5000   15.0000 2762.4272   13.2634
   -7.5000  -37.5000   22.5000 1893.9536   26.6386
    0.0000  -37.5000   22.5000 1886.8284   26.3687
    7.5000  -37.5000   22.5000 1873.4028   26.9265
   -7.5000  -30.0000   22.5000 2075.8713   22.6202
    0.0000  -30.0000   22.5000 2076.8601   22.4359
    7.5000  -30.0000   22.5000 2058.8171   22.9230
   -7.5000  -22.5000   22.5000 2239.0669   19.5912
    0.0000  -22.5000   22.5000 2242.5276   19.4879
    7.5000  -22.5000   22.5000 2226.3306   19.9072
   -7.5000  -15.0000   22.5000 2382.3015   17.2567
    0.0000  -15.0000   22.5000 2385.5601   17.2361
    7.5000  -15.0000   22.5000 2367.8667   17.6069
   -7.5000   -7.5000   22.5000 2509.1482   15.4826
    0.0000   -7.5000   22.5000 2514.7964   15.4893
    7.5000   -7.5000   22.5000 2494.3970   15.8603
   -7.5000    0.0000   22.5000 2631.6394   14.1106
    0.0000    0.0000   22.5000 2629.4834   14.1236
    7.5000    0.0000   22.5000 2603.0139   14.5140
   -7.5000    7.5000   22.5000 2750.2385   13.0807
    0.0000    7.5000   22.5000 2744.3672   13.0898
    7.5000    7.5000   22.5000 2705.5693   13.4611
   -7.5000   15.0000   22.5000 2846.6052   12.3396
    0.0000   15.0000   22.5000 2840.9678   12.3538
    7.5000   15.0000   22.5000 2798.5703   12.7364
   -7.5000   22.5000   22.5000 2924.1687   11.8639
    0.0000   22.5000   22.5000 2914.8254   11.9303
    7.5000   22.5000   22.5000 2864.7122   12.3314
   -7.5000   30.0000   22.5000 2955.3860   11.7963
    0.0000   30.0000   22.5000 2941.6199   11.8324
    7.5000   30.0000   22.5000 2890.5618   12.2089
   -7.5000   37.5000   22.5000 2952.7219   12.0573
    0.0000   37.5000   22.5000 2936.7493   12.0746
    7.5000   37.5000   22.5000 2882.1589   12.3728
   -7.5000   45.0000   22.5000 2892.5388   12.6083
    0.0000   45.0000   22.5000 2882.8545   12.6254
    7.5000   45.0000   22.5000 2829.7568   12.9177
   -7.5000   52.5000   22.5000 2778.6838   13.2896
    0.0000   52.5000   22.5000 2771.3416   13.3058
    7.5000   52.5000   22.5000 2722.6714   13.6120
   -7.5000  -37.5000   30.0000 1864.3046   27.3795
    0.0000  -37.5000   30.0000 1858.7466   27.2570
    7.5000  -37.5000   30.0000 1840.3873   27.7994
   -7.5000  -30.0000   30.0000 2049.7600   23.2344
    0.0000  -30.0000   30.0000 2046.0402   23.1675
    7.5000  -30.0000   30.0000 2026.1241   23.6328
   -7.5000  -22.5000   30.0000 2215.3386   20.1310
    0.0000  -22.5000   30.0000 2212.9390   20.1595
    7.5000  -22.5000   30.0000 2188.1194   20.5684
   -7.5000  -15.0000   30.0000 2358.1694   17.7655
    0.0000  -15.0000   30.0000 2355.3708   17.8584
    7.5000  -15.0000   30.0000 2328.9976   18.2231
   -7.5000   -7.5000   30.0000 2485.2820   15.9843
    0.0000   -7.5000   30.0000 2484.8589   16.0851
    7.5000   -7.5000   30.0000 2456.3621   16.4400
   -7.5000    0.0000   30.0000 2605.9666   14.6430
    0.0000    0.0000   30.0000 2600.7456   14.7178
    7.5000    0.0000   30.0000 2563.6377   15.0864
   -7.5000    7.5000   30.0000 2716.5037   13.6176
    0.0000    7.5000   30.0000 2708.8123   13.6522
    7.5000    7.5000   30.0000 2665.3704   14.0427
   -7.5000   15.0000   30.0000 2805.6995   12.8464
    0.0000   15.0000   30.0000 2796.4697   12.8880
    7.5000   15.0000   30.0000 2749.0237   13.3156
   -7.5000   22.5000   30.0000 2872.9021   12.3688
    0.0000   22.5000   30.0000 2863.1526   12.4448
    7.5000   22.5000   30.0000 2813.3145   12.8810
   -7.5000   30.0000   30.0000 2900.1597   12.3213
    0.0000   30.0000   30.0000 2884.1250   12.3373
    7.5000   30.0000   30.0000 2832.8076   12.7272
   -7.5000   37.5000   30.0000 2888.3982   12.5366
    0.0000   37.5000   30.0000 2872.7649   12.5507
    7.5000   37.5000   30.0000 2820.5657   12.8632
   -7.5000   45.0000   30.0000 2833.9380   13.1026
    0.0000   45.0000   30.0000 2822.8474   13.1133
    7.5000   45.0000   30.0000 2769.4441   13.4226
   -7.5000   52.5000   30.0000 2727.2705   13.7762
    0.0000   52.5000   30.0000 2715.9250   13.7850
    7.5000   52.5000   30.0000 2663.0811   14.1052
   -7.5000  -37.5000   37.5000 1830.1705   28.4952
    0.0000  -37.5000   37.5000 1824.1378   28.4231
    7.5000  -37.5000   37.5000 1805.4960   29.0879
   -7.5000  -30.0000   37.5000 2015.2693   24.1560
    0.0000  -30.0000   37.5000 2011.4120   24.1931
    7.5000  -30.0000   37.5000 1991.5990   24.7348
   -7.5000  -22.5000   37.5000 2181.9321   20.9473
    0.0000  -22.5000   37.5000 2174.7302   21.0479
    7.5000  -22.5000   37.5000 2147.5920   21.5118
   -7.5000  -15.0000   37.5000 2326.0713   18.5610
    0.0000  -15.0000   37.5000 2317.3760   18.6757
    7.5000  -15.0000   37.5000 2285.3611   19.0532
   -7.5000   -7.5000   37.5000 2449.6650   16.7506
    0.0000   -7.5000   37.5000 2442.0574   16.8508
    7.5000   -7.5000   37.5000 2411.4622   17.2051
   -7.5000    0.0000   37.5000 2565.2754   15.3770
    0.0000    0.0000   37.5000 2559.0027   15.4476
    7.5000    0.0000   37.5000 2516.9084   15.8218
   -7.5000    7.5000   37.5000 2669.8386   14.3108
    0.0000    7.5000   37.5000 2659.4192   14.3701
    7.5000    7.5000   37.5000 2612.8159   14.7754
   -7.5000   15.0000   37.5000 2752.4316   13.5208
    0.0000   15.0000   37.5000 2741.5825   13.6022
    7.5000   15.0000   37.5000 2691.9500   14.0459
   -7.5000   22.5000   37.5000 2809.2773   13.0702
    0.0000   22.5000   37.5000 2799.6687   13.1061
    7.5000   22.5000   37.5000 2749.1450   13.5939
   -7.5000   30.0000   37.5000 2833.2598   12.9856
    0.0000   30.0000   37.5000 2817.3704   12.9934
    7.5000   30.0000   37.5000 2766.8311   13.4368
   -7.5000   37.5000   37.5000 2816.6218   13.1730
    0.0000   37.5000   37.5000 2799.1365   13.1991
    7.5000   37.5000   37.5000 2746.9592   13.5514
   -7.5000   45.0000   37.5000 2763.9451   13.7337
    0.0000   45.0000   37.5000 2745.4153   13.7486
    7.5000   45.0000   37.5000 2693.4658   14.0883
   -7.5000   52.5000   37.5000 2659.8350   14.4020
    0.0000   52.5000   37.5000 2644.9753   14.4181
    7.5000   52.5000   37.5000 2592.8059   14.7623
   -7.5000  -37.5000   45.0000 1787.6644   29.9378
    0.0000  -37.5000   45.0000 1785.7142   29.8794
    7.5000  -37.5000   45.0000 1760.7631   30.6925
   -7.5000  -30.0000   45.0000 1969.0193   25.3623
    0.0000  -30.0000   45.0000 1967.0968   25.3954
    7.5000  -30.0000   45.0000 1945.7731   26.0682
   -7.5000  -22.5000   45.0000 2136.3076   22.0221
    0.0000  -22.5000   45.0000 2128.6594   22.1282
    7.5000  -22.5000   45.0000 2099.6265   22.6628
   -7.5000  -15.0000   45.0000 2282.2854   19.5904
    0.0000  -15.0000   45.0000 2273.2612   19.6777
    7.5000  -15.0000   45.0000 2236.0505   20.0930
   -7.5000   -7.5000   45.0000 2404.0435   17.7031
    0.0000   -7.5000   45.0000 2399.2122   17.8020
    7.5000   -7.5000   45.0000 2359.2812   18.1855
   -7.5000    0.0000   45.0000 2517.2998   16.2581
    0.0000    0.0000   45.0000 2510.5002   16.3389
    7.5000    0.0000   45.0000 2461.8557   16.7535
   -7.5000    7.5000   45.0000 2615.5486   15.1665
    0.0000    7.5000   45.0000 2602.1411   15.2319
    7.5000    7.5000   45.0000 2550.8403   15.6755
   -7.5000   15.0000   45.0000 2687.8315   14.3833
    0.0000   15.0000   45.0000 2673.1978   14.4466
    7.5000   15.0000   45.0000 2624.9890   14.9295
   -7.5000   22.5000   45.0000 2734.1370   13.9484
    0.0000   22.5000   45.0000 2721.2493   13.9431
    7.5000   22.5000   45.0000 2678.3970   14.4497
   -7.5000   30.0000   45.0000 2749.4092   13.8247
    0.0000   30.0000   45.0000 2738.2966   13.8187
    7.5000   30.0000   45.0000 2693.4832   14.2909
   -7.5000   37.5000   45.0000 2730.6807   13.9799
    0.0000   37.5000   45.0000 2718.1758   13.9815
    7.5000   37.5000   45.0000 2670.0981   14.3923
   -7.5000   45.0000   45.0000 2686.5645   14.5188
    0.0000   45.0000   45.0000 2664.8281   14.5317
    7.5000   45.0000   45.0000 2616.0928   14.9219
   -7.5000   52.5000   45.0000 2585.5544   15.1446
    0.0000   52.5000   45.0000 2566.9961   15.1994
    7.5000   52.5000   45.0000 2522.2307   15.5898

---------------------------------------------------------------------
imgreg_4dfp /opt/freesurfer/average/711-2C_as_mni_average_305 /opt/freesurfer/average/711-2B_as_mni_average_305_mask talsrcimg_g11 none talsrcimg_to_711-2C_as_mni_average_305_t4 1283
---------------------------------------------------------------------

freesurfer imgreg_4dfp.c
/opt/freesurfer/average/711-2C_as_mni_average_305.4dfp.img
       256       256       256         1
  1.000000  1.000000  1.000000
orientation T byte_order littleendian
Reading image: /opt/freesurfer/average/711-2C_as_mni_average_305.4dfp.img
dimensions:      256       256       256
mmppix:       1.0000   -1.0000   -1.0000
center:     128.0000 -129.0000 -129.0000
/opt/freesurfer/average/711-2B_as_mni_average_305_mask.4dfp.img
       256       256       256         1
  1.000000  1.000000  1.000000
orientation T byte_order littleendian
Reading mask: /opt/freesurfer/average/711-2B_as_mni_average_305_mask.4dfp.img (2306576 pixels)
talsrcimg_g11.4dfp.img
       256       256       256         1
  1.000000  1.000000  1.000000
orientation T byte_order littleendian
Reading image: talsrcimg_g11.4dfp.img
dimensions:      256       256       256
mmppix:       1.0000   -1.0000   -1.0000
center:     128.0000 -129.0000 -129.0000
rotation matrix determinant  1.000000
fimgreg.f
image alignment mode   1283 decimal      503 hex
parameters
   -7.5000   30.0000    7.5000    0.0000    0.0000    0.0000
eta,q 0.94321 11.47991
niter,ni,del,rscale     5    3   12.0000    1.2000
parameter  1 -0.580248 -> -0.500000 qaram    1.1500
parameter  2 -0.611901 -> -0.500000 qaram    1.1500
parameter  5 -3.744722 -> -0.500000 qaram    1.1500
parameter  6  1.100195 -> -0.500000 qaram    1.1500
parameters
   -4.0500   33.4500    8.5648   -0.8542    3.4500    3.4500
eta,q 0.95002 11.42426
  0.0741  0.0681  0.0634  0.0586  0.0661  0.0550
  0.0683  0.0638  0.0608  0.0578  0.0634  0.0542
  0.0639  0.0614  0.0583  0.0571  0.0602  0.0535
  0.0615  0.0598  0.0573  0.0571  0.0571  0.0529
  0.0598  0.0583  0.0571  0.0576  0.0545  0.0515
  0.0596  0.0574  0.0582  0.0585  0.0523  0.0493
  0.0602  0.0588  0.0603  0.0598  0.0504  0.0471
niter,ni,del,rscale     7    3   12.0000    1.2000
parameter  5 -2.029685 -> -0.500000 qaram    1.3225
parameter  6 -0.644885 -> -0.500000 qaram    1.3225
parameters
   -5.0559   33.0156    8.5634    0.6066    7.4175    7.4175
eta,q 0.95906 11.45685
  0.0554  0.0588  0.0561  0.0554  0.0612  0.0517
  0.0496  0.0546  0.0523  0.0537  0.0572  0.0491
  0.0490  0.0509  0.0499  0.0514  0.0530  0.0460
  0.0500  0.0496  0.0495  0.0495  0.0491  0.0432
  0.0515  0.0520  0.0505  0.0492  0.0450  0.0412
  0.0543  0.0564  0.0526  0.0506  0.0428  0.0412
  0.0575  0.0611  0.0557  0.0521  0.0416  0.0426
niter,ni,del,rscale     7    3   12.0000    1.2000
parameter  5 -0.649172 -> -0.500000 qaram    1.5209
parameters
   -5.7500   32.7344    9.0199    1.1688   11.9801    7.2013
eta,q 0.96180 11.43110
  0.0504  0.0537  0.0489  0.0499  0.0540  0.0451
  0.0437  0.0484  0.0443  0.0461  0.0494  0.0414
  0.0410  0.0415  0.0411  0.0414  0.0446  0.0383
  0.0409  0.0405  0.0402  0.0402  0.0406  0.0383
  0.0444  0.0445  0.0408  0.0419  0.0387  0.0396
  0.0480  0.0495  0.0428  0.0442  0.0383  0.0423
  0.0529  0.0553  0.0464  0.0465  0.0395  0.0453
niter,ni,del,rscale     7    3   12.0000    1.2000
parameters
   -6.4094   32.3447    9.0537    1.5444   11.6110    6.8502
eta,q 0.96239 11.43337
  0.0494  0.0516  0.0447  0.0474  0.0480  0.0451
  0.0420  0.0459  0.0418  0.0429  0.0427  0.0415
  0.0380  0.0384  0.0392  0.0377  0.0390  0.0384
  0.0382  0.0377  0.0373  0.0373  0.0377  0.0377
  0.0408  0.0418  0.0376  0.0394  0.0388  0.0395
  0.0455  0.0477  0.0404  0.0417  0.0432  0.0428
  0.0545  0.0545  0.0459  0.0444  0.0508  0.0459
niter,ni,del,rscale     6    3   12.0000    1.2000
parameters
   -6.3754   32.1460    9.0882    1.7337   11.6163    6.7621
eta,q 0.96235 11.43080
  0.0522  0.0519  0.0446  0.0468  0.0488  0.0455
  0.0436  0.0465  0.0418  0.0424  0.0434  0.0419
  0.0387  0.0392  0.0393  0.0375  0.0393  0.0387
  0.0376  0.0376  0.0375  0.0375  0.0377  0.0377
  0.0401  0.0412  0.0377  0.0397  0.0383  0.0392
  0.0437  0.0468  0.0404  0.0421  0.0424  0.0424
  0.0512  0.0537  0.0458  0.0447  0.0498  0.0456
niter,ni,del,rscale     5    3   12.0000    1.2000
parameters
   -6.3885   32.0405    9.0978    1.8415   11.6340    6.7257
eta,q 0.96233 11.42889
  0.0520  0.0521  0.0446  0.0466  0.0488  0.0456
  0.0434  0.0466  0.0418  0.0422  0.0435  0.0420
  0.0386  0.0395  0.0394  0.0374  0.0394  0.0389
  0.0376  0.0376  0.0376  0.0376  0.0377  0.0377
  0.0401  0.0409  0.0378  0.0398  0.0383  0.0391
  0.0438  0.0464  0.0405  0.0422  0.0423  0.0423
  0.0514  0.0532  0.0459  0.0448  0.0498  0.0455
niter,ni,del,rscale     4    3   12.0000    1.2000
parameters
   -6.3959   31.9827    9.1038    1.9013   11.6449    6.7069
eta,q 0.96232 11.42775
  0.0520  0.0522  0.0446  0.0464  0.0488  0.0456
  0.0434  0.0467  0.0418  0.0420  0.0435  0.0420
  0.0387  0.0396  0.0394  0.0374  0.0394  0.0389
  0.0377  0.0377  0.0376  0.0376  0.0377  0.0377
  0.0402  0.0408  0.0378  0.0399  0.0383  0.0391
  0.0438  0.0461  0.0405  0.0422  0.0424  0.0423
  0.0513  0.0530  0.0460  0.0449  0.0498  0.0455
registration optimization eta report
parameter search radius
    6.9000    6.9000    6.0000    6.0000    9.1253    7.9350
100000*second partial in parameter space
       29.       30.       21.       22.       14.       12.
  0.0520  0.0522  0.0446  0.0464  0.0488  0.0456
  0.0434  0.0467  0.0418  0.0420  0.0435  0.0420
  0.0387  0.0396  0.0394  0.0374  0.0394  0.0389
  0.0377  0.0377  0.0376  0.0376  0.0377  0.0377
  0.0402  0.0408  0.0378  0.0399  0.0383  0.0391
  0.0438  0.0461  0.0405  0.0422  0.0424  0.0423
  0.0513  0.0530  0.0460  0.0449  0.0498  0.0455
   -6.3959   31.9827    9.1038    1.9013   11.6449    6.7069
eta,q 0.96232 11.42775

---------------------------------------------------------------------
imgreg_4dfp /opt/freesurfer/average/711-2C_as_mni_average_305 /opt/freesurfer/average/711-2B_as_mni_average_305_mask talsrcimg_g11 none talsrcimg_to_711-2C_as_mni_average_305_t4 3335
---------------------------------------------------------------------

freesurfer imgreg_4dfp.c
/opt/freesurfer/average/711-2C_as_mni_average_305.4dfp.img
       256       256       256         1
  1.000000  1.000000  1.000000
orientation T byte_order littleendian
Reading image: /opt/freesurfer/average/711-2C_as_mni_average_305.4dfp.img
dimensions:      256       256       256
mmppix:       1.0000   -1.0000   -1.0000
center:     128.0000 -129.0000 -129.0000
/opt/freesurfer/average/711-2B_as_mni_average_305_mask.4dfp.img
       256       256       256         1
  1.000000  1.000000  1.000000
orientation T byte_order littleendian
Reading mask: /opt/freesurfer/average/711-2B_as_mni_average_305_mask.4dfp.img (2306576 pixels)
talsrcimg_g11.4dfp.img
       256       256       256         1
  1.000000  1.000000  1.000000
orientation T byte_order littleendian
Reading image: talsrcimg_g11.4dfp.img
dimensions:      256       256       256
mmppix:       1.0000   -1.0000   -1.0000
center:     128.0000 -129.0000 -129.0000
fimgreg.f
image alignment mode   3335 decimal      D07 hex
parameters
   -6.3959   31.9827    9.1038   -2.7285   -0.8172   -2.1122
  -12.3377  -19.6479   11.4386   -5.6512   20.1846    3.2495
eta,q 0.96488 11.35287
niter,ni,del,rscale     5    3    5.0000    1.2000
parameter  4  3.617890 ->  0.500000 qaram    1.1500
parameter  5  2.041915 ->  0.500000 qaram    1.1500
parameters
   -6.6010   32.0951    9.2290   -6.8685   -4.9572   -3.3302
  -12.7735  -17.7953   10.0827   -5.0688   19.0941    2.5267
eta,q 0.97536 10.93380
  0.0371  0.0370  0.0370  0.0263  0.0231  0.0274  0.0275  0.0317  0.0260  0.0290  0.0257  0.0258
  0.0360  0.0359  0.0361  0.0288  0.0245  0.0263  0.0262  0.0289  0.0252  0.0269  0.0251  0.0251
  0.0353  0.0353  0.0354  0.0319  0.0269  0.0254  0.0254  0.0267  0.0247  0.0253  0.0247  0.0247
  0.0351  0.0351  0.0351  0.0351  0.0296  0.0251  0.0252  0.0252  0.0247  0.0247  0.0247  0.0246
  0.0355  0.0353  0.0352  0.0387  0.0322  0.0257  0.0256  0.0248  0.0252  0.0251  0.0250  0.0249
  0.0365  0.0357  0.0358  0.0426  0.0356  0.0274  0.0266  0.0256  0.0262  0.0262  0.0256  0.0255
  0.0380  0.0366  0.0367  0.0468  0.0399  0.0307  0.0281  0.0275  0.0276  0.0277  0.0267  0.0264
niter,ni,del,rscale     6    3    5.0000    1.2000
parameter  4  0.808055 ->  0.500000 qaram    1.3225
parameter  5  0.612265 ->  0.500000 qaram    1.3225
parameters
   -6.7706   31.8244    9.1686  -11.6295   -9.7182   -0.0200
  -12.3873  -18.5938   11.2320   -4.8124   21.1677    1.4127
eta,q 0.98098 10.73460
  0.0274  0.0265  0.0261  0.0222  0.0210  0.0228  0.0234  0.0237  0.0224  0.0231  0.0215  0.0201
  0.0258  0.0255  0.0253  0.0216  0.0203  0.0219  0.0214  0.0211  0.0210  0.0212  0.0205  0.0195
  0.0248  0.0248  0.0248  0.0223  0.0203  0.0210  0.0200  0.0196  0.0199  0.0199  0.0198  0.0191
  0.0246  0.0246  0.0246  0.0246  0.0216  0.0202  0.0195  0.0195  0.0193  0.0193  0.0192  0.0191
  0.0252  0.0251  0.0248  0.0281  0.0241  0.0196  0.0198  0.0207  0.0193  0.0194  0.0190  0.0194
  0.0264  0.0261  0.0254  0.0319  0.0266  0.0195  0.0209  0.0229  0.0199  0.0206  0.0193  0.0201
  0.0282  0.0277  0.0263  0.0361  0.0301  0.0206  0.0226  0.0257  0.0210  0.0228  0.0199  0.0211
niter,ni,del,rscale     7    3    5.0000    1.2000
parameters
   -6.4767   31.6156    9.0881  -13.0560  -10.2142   -0.9107
  -12.9505  -18.8939   11.6424   -4.7798   22.4242    2.0577
eta,q 0.98087 10.66783
  0.0238  0.0212  0.0206  0.0238  0.0240  0.0215  0.0220  0.0236  0.0217  0.0225  0.0207  0.0207
  0.0215  0.0198  0.0196  0.0218  0.0216  0.0205  0.0204  0.0211  0.0204  0.0208  0.0201  0.0199
  0.0199  0.0190  0.0190  0.0198  0.0198  0.0197  0.0195  0.0195  0.0196  0.0197  0.0196  0.0194
  0.0190  0.0189  0.0189  0.0189  0.0191  0.0191  0.0193  0.0193  0.0192  0.0192  0.0192  0.0191
  0.0191  0.0194  0.0192  0.0204  0.0197  0.0191  0.0199  0.0201  0.0194  0.0194  0.0191  0.0192
  0.0201  0.0205  0.0198  0.0241  0.0223  0.0209  0.0212  0.0218  0.0201  0.0206  0.0194  0.0196
  0.0220  0.0220  0.0208  0.0286  0.0254  0.0245  0.0229  0.0242  0.0212  0.0226  0.0201  0.0203
niter,ni,del,rscale     6    3    5.0000    1.2000
parameters
   -6.4472   31.6012    9.0585  -13.3586  -10.2079   -1.2107
  -13.2761  -19.0080   11.6120   -4.9448   22.7038    2.3601
eta,q 0.98075 10.65364
  0.0228  0.0217  0.0206  0.0247  0.0244  0.0218  0.0222  0.0238  0.0215  0.0223  0.0205  0.0207
  0.0209  0.0202  0.0198  0.0227  0.0221  0.0208  0.0205  0.0212  0.0203  0.0207  0.0199  0.0199
  0.0196  0.0194  0.0193  0.0207  0.0202  0.0199  0.0195  0.0196  0.0195  0.0197  0.0195  0.0195
  0.0191  0.0191  0.0191  0.0191  0.0192  0.0192  0.0193  0.0193  0.0193  0.0193  0.0193  0.0193
  0.0195  0.0195  0.0193  0.0195  0.0196  0.0190  0.0198  0.0200  0.0195  0.0195  0.0193  0.0193
  0.0207  0.0203  0.0198  0.0224  0.0218  0.0202  0.0210  0.0216  0.0203  0.0208  0.0197  0.0198
  0.0226  0.0216  0.0207  0.0265  0.0248  0.0234  0.0227  0.0240  0.0215  0.0229  0.0205  0.0205
niter,ni,del,rscale     5    3    5.0000    1.2000
parameters
   -6.4474   31.5791    9.0782  -13.4278  -10.1780   -1.2914
  -13.3583  -19.0308   11.5857   -5.0361   22.7664    2.5015
eta,q 0.98072 10.65071
  0.0227  0.0217  0.0208  0.0248  0.0245  0.0219  0.0224  0.0240  0.0215  0.0224  0.0205  0.0206
  0.0209  0.0203  0.0199  0.0229  0.0221  0.0209  0.0207  0.0213  0.0203  0.0208  0.0199  0.0199
  0.0197  0.0195  0.0194  0.0209  0.0202  0.0200  0.0196  0.0197  0.0196  0.0198  0.0195  0.0195
  0.0192  0.0192  0.0192  0.0192  0.0193  0.0193  0.0193  0.0193  0.0193  0.0193  0.0193  0.0193
  0.0196  0.0196  0.0194  0.0194  0.0196  0.0190  0.0197  0.0200  0.0195  0.0195  0.0193  0.0194
  0.0208  0.0204  0.0199  0.0221  0.0218  0.0200  0.0208  0.0215  0.0203  0.0208  0.0197  0.0198
  0.0227  0.0218  0.0207  0.0261  0.0248  0.0231  0.0225  0.0239  0.0216  0.0228  0.0206  0.0206
niter,ni,del,rscale     4    3    5.0000    1.2000
parameters
   -6.4507   31.5660    9.0912  -13.4469  -10.1672   -1.3145
  -13.3825  -19.0328   11.5726   -5.0797   22.7856    2.5656
eta,q 0.98071 10.64984
  0.0227  0.0218  0.0208  0.0249  0.0244  0.0219  0.0225  0.0240  0.0215  0.0225  0.0205  0.0206
  0.0209  0.0203  0.0200  0.0229  0.0221  0.0209  0.0207  0.0214  0.0203  0.0209  0.0199  0.0199
  0.0197  0.0195  0.0195  0.0209  0.0202  0.0200  0.0197  0.0197  0.0196  0.0198  0.0195  0.0195
  0.0193  0.0193  0.0193  0.0193  0.0193  0.0193  0.0193  0.0193  0.0193  0.0193  0.0193  0.0193
  0.0197  0.0196  0.0194  0.0194  0.0196  0.0190  0.0197  0.0200  0.0195  0.0195  0.0194  0.0194
  0.0209  0.0205  0.0199  0.0220  0.0219  0.0200  0.0208  0.0215  0.0203  0.0207  0.0198  0.0198
  0.0228  0.0218  0.0208  0.0261  0.0248  0.0230  0.0224  0.0238  0.0216  0.0228  0.0206  0.0206
registration optimization eta report
parameter search radius
    2.4000    2.4000    2.4000    9.5220    9.5220    7.2000
    7.2000    7.2000    7.2000    7.2000    7.2000    7.2000
100000*second partial in parameter space
       60.       43.       26.        7.        6.        6.
        6.        9.        4.        6.        2.        3.
  0.0227  0.0218  0.0208  0.0249  0.0244  0.0219  0.0225  0.0240  0.0215  0.0225  0.0205  0.0206
  0.0209  0.0203  0.0200  0.0229  0.0221  0.0209  0.0207  0.0214  0.0203  0.0209  0.0199  0.0199
  0.0197  0.0195  0.0195  0.0209  0.0202  0.0200  0.0197  0.0197  0.0196  0.0198  0.0195  0.0195
  0.0193  0.0193  0.0193  0.0193  0.0193  0.0193  0.0193  0.0193  0.0193  0.0193  0.0193  0.0193
  0.0197  0.0196  0.0194  0.0194  0.0196  0.0190  0.0197  0.0200  0.0195  0.0195  0.0194  0.0194
  0.0209  0.0205  0.0199  0.0220  0.0219  0.0200  0.0208  0.0215  0.0203  0.0207  0.0198  0.0198
  0.0228  0.0218  0.0208  0.0261  0.0248  0.0230  0.0224  0.0238  0.0216  0.0228  0.0206  0.0206
   -6.4507   31.5660    9.0912  -13.4469  -10.1672   -1.3145
  -13.3825  -19.0328   11.5726   -5.0797   22.7856    2.5656
eta,q 0.98071 10.64984

---------------------------------------------------------------------
imgreg_4dfp /opt/freesurfer/average/711-2C_as_mni_average_305 /opt/freesurfer/average/711-2B_as_mni_average_305_mask talsrcimg_g11 none talsrcimg_to_711-2C_as_mni_average_305_t4 2311
---------------------------------------------------------------------

freesurfer imgreg_4dfp.c
/opt/freesurfer/average/711-2C_as_mni_average_305.4dfp.img
       256       256       256         1
  1.000000  1.000000  1.000000
orientation T byte_order littleendian
Reading image: /opt/freesurfer/average/711-2C_as_mni_average_305.4dfp.img
dimensions:      256       256       256
mmppix:       1.0000   -1.0000   -1.0000
center:     128.0000 -129.0000 -129.0000
/opt/freesurfer/average/711-2B_as_mni_average_305_mask.4dfp.img
       256       256       256         1
  1.000000  1.000000  1.000000
orientation T byte_order littleendian
Reading mask: /opt/freesurfer/average/711-2B_as_mni_average_305_mask.4dfp.img (2306576 pixels)
talsrcimg_g11.4dfp.img
       256       256       256         1
  1.000000  1.000000  1.000000
orientation T byte_order littleendian
Reading image: talsrcimg_g11.4dfp.img
dimensions:      256       256       256
mmppix:       1.0000   -1.0000   -1.0000
center:     128.0000 -129.0000 -129.0000
fimgreg.f
image alignment mode   2311 decimal      907 hex
parameters
   -6.4507   31.5660    9.0912  -13.4469  -10.1672   -1.3145
  -13.3825  -19.0328   11.5726   -5.0797   22.7856    2.5656
eta,q 0.98071 10.64985
niter,ni,del,rscale     5    3    5.0000    0.8000
parameters
   -6.4411   31.5227    9.0991  -12.2627   -9.9393   -0.5051
  -13.2630  -19.1258   11.2829   -4.9335   22.4914    2.0801
eta,q 0.98111 10.71183
  0.0209  0.0204  0.0200  0.0220  0.0207  0.0207  0.0207  0.0215  0.0199  0.0207  0.0195  0.0194
  0.0200  0.0197  0.0196  0.0210  0.0199  0.0200  0.0197  0.0200  0.0193  0.0198  0.0192  0.0191
  0.0195  0.0194  0.0194  0.0200  0.0194  0.0194  0.0191  0.0191  0.0190  0.0192  0.0190  0.0189
  0.0193  0.0193  0.0193  0.0193  0.0191  0.0190  0.0189  0.0189  0.0189  0.0189  0.0189  0.0189
  0.0195  0.0194  0.0194  0.0190  0.0191  0.0188  0.0191  0.0193  0.0191  0.0190  0.0190  0.0190
  0.0200  0.0198  0.0196  0.0194  0.0196  0.0191  0.0196  0.0202  0.0195  0.0195  0.0193  0.0193
  0.0209  0.0205  0.0200  0.0204  0.0206  0.0201  0.0205  0.0216  0.0202  0.0206  0.0198  0.0197
niter,ni,del,rscale     4    3    5.0000    0.7000
parameters
   -6.4648   31.5294    9.0700  -12.2990   -9.9186   -0.2644
  -13.0741  -19.1765   11.3066   -4.7732   22.4703    1.7923
eta,q 0.98117 10.71760
  0.0202  0.0198  0.0194  0.0207  0.0201  0.0201  0.0203  0.0209  0.0197  0.0202  0.0194  0.0193
  0.0195  0.0193  0.0191  0.0198  0.0195  0.0196  0.0195  0.0197  0.0192  0.0196  0.0191  0.0190
  0.0190  0.0190  0.0189  0.0192  0.0191  0.0192  0.0190  0.0190  0.0189  0.0191  0.0189  0.0189
  0.0189  0.0189  0.0189  0.0189  0.0189  0.0189  0.0189  0.0189  0.0188  0.0188  0.0188  0.0188
  0.0190  0.0190  0.0190  0.0190  0.0189  0.0188  0.0190  0.0192  0.0189  0.0189  0.0189  0.0189
  0.0195  0.0193  0.0192  0.0197  0.0194  0.0191  0.0194  0.0199  0.0192  0.0193  0.0191  0.0191
  0.0203  0.0198  0.0195  0.0209  0.0202  0.0201  0.0200  0.0209  0.0197  0.0201  0.0194  0.0195
niter,ni,del,rscale     3    3    5.0000    0.6000
parameters
   -6.4612   31.5570    9.0289  -12.2501   -9.8848   -0.0467
  -13.0163  -19.2313   11.2922   -4.6590   22.4771    1.5107
eta,q 0.98121 10.72586
  0.0199  0.0195  0.0192  0.0203  0.0198  0.0198  0.0198  0.0204  0.0194  0.0198  0.0192  0.0192
  0.0193  0.0191  0.0190  0.0196  0.0193  0.0194  0.0193  0.0195  0.0191  0.0193  0.0190  0.0189
  0.0190  0.0189  0.0189  0.0191  0.0190  0.0191  0.0189  0.0189  0.0189  0.0190  0.0189  0.0188
  0.0188  0.0188  0.0188  0.0188  0.0188  0.0188  0.0188  0.0188  0.0188  0.0188  0.0188  0.0188
  0.0189  0.0189  0.0189  0.0189  0.0189  0.0188  0.0189  0.0190  0.0189  0.0189  0.0188  0.0189
  0.0193  0.0191  0.0191  0.0194  0.0192  0.0190  0.0192  0.0196  0.0191  0.0192  0.0190  0.0190
  0.0199  0.0195  0.0193  0.0203  0.0198  0.0198  0.0197  0.0204  0.0194  0.0198  0.0193  0.0193
niter,ni,del,rscale     2    3    5.0000    0.5000
parameters
   -6.4598   31.5834    8.9958  -12.2270   -9.8176    0.1624
  -12.9606  -19.2860   11.2630   -4.5606   22.4660    1.2592
eta,q 0.98124 10.73386
  0.0195  0.0193  0.0191  0.0198  0.0195  0.0195  0.0195  0.0199  0.0192  0.0195  0.0191  0.0190
  0.0191  0.0190  0.0189  0.0193  0.0191  0.0192  0.0191  0.0193  0.0190  0.0191  0.0189  0.0189
  0.0189  0.0188  0.0188  0.0189  0.0189  0.0190  0.0189  0.0189  0.0188  0.0189  0.0188  0.0188
  0.0188  0.0188  0.0188  0.0188  0.0188  0.0188  0.0188  0.0188  0.0188  0.0188  0.0188  0.0188
  0.0189  0.0188  0.0188  0.0189  0.0188  0.0187  0.0188  0.0189  0.0188  0.0188  0.0188  0.0188
  0.0191  0.0190  0.0190  0.0192  0.0190  0.0189  0.0191  0.0193  0.0190  0.0190  0.0189  0.0189
  0.0195  0.0192  0.0191  0.0198  0.0195  0.0195  0.0194  0.0200  0.0192  0.0195  0.0191  0.0191
niter,ni,del,rscale     1    3    5.0000    0.4000
parameters
   -6.4601   31.6090    8.9694  -12.2243   -9.7594    0.3831
  -12.9005  -19.3304   11.2285   -4.4938   22.4361    1.0181
eta,q 0.98127 10.74081
  0.0192  0.0191  0.0190  0.0194  0.0192  0.0193  0.0192  0.0195  0.0190  0.0192  0.0189  0.0189
  0.0190  0.0189  0.0188  0.0191  0.0190  0.0191  0.0190  0.0191  0.0189  0.0190  0.0188  0.0188
  0.0188  0.0188  0.0188  0.0188  0.0188  0.0189  0.0188  0.0188  0.0188  0.0188  0.0188  0.0187
  0.0188  0.0188  0.0188  0.0188  0.0188  0.0188  0.0187  0.0187  0.0187  0.0187  0.0187  0.0187
  0.0188  0.0188  0.0188  0.0188  0.0188  0.0187  0.0188  0.0188  0.0188  0.0188  0.0188  0.0188
  0.0190  0.0189  0.0189  0.0191  0.0189  0.0188  0.0189  0.0191  0.0189  0.0189  0.0188  0.0189
  0.0192  0.0190  0.0190  0.0195  0.0192  0.0192  0.0192  0.0195  0.0190  0.0192  0.0190  0.0190
registration optimization eta report
parameter search radius
    0.8000    0.8000    0.8000    2.4000    2.4000    2.4000
    2.4000    2.4000    2.4000    2.4000    2.4000    2.4000
100000*second partial in parameter space
       73.       47.       32.       12.        8.        8.
        8.       14.        5.        8.        4.        4.
  0.0192  0.0191  0.0190  0.0194  0.0192  0.0193  0.0192  0.0195  0.0190  0.0192  0.0189  0.0189
  0.0190  0.0189  0.0188  0.0191  0.0190  0.0191  0.0190  0.0191  0.0189  0.0190  0.0188  0.0188
  0.0188  0.0188  0.0188  0.0188  0.0188  0.0189  0.0188  0.0188  0.0188  0.0188  0.0188  0.0187
  0.0188  0.0188  0.0188  0.0188  0.0188  0.0188  0.0187  0.0187  0.0187  0.0187  0.0187  0.0187
  0.0188  0.0188  0.0188  0.0188  0.0188  0.0187  0.0188  0.0188  0.0188  0.0188  0.0188  0.0188
  0.0190  0.0189  0.0189  0.0191  0.0189  0.0188  0.0189  0.0191  0.0189  0.0189  0.0188  0.0189
  0.0192  0.0190  0.0190  0.0195  0.0192  0.0192  0.0192  0.0195  0.0190  0.0192  0.0190  0.0190
   -6.4601   31.6090    8.9694  -12.2243   -9.7594    0.3831
  -12.9005  -19.3304   11.2285   -4.4938   22.4361    1.0181
eta,q 0.98127 10.74081

---------------------------------------------------------------------
imgreg_4dfp /opt/freesurfer/average/711-2C_as_mni_average_305 /opt/freesurfer/average/711-2B_as_mni_average_305_mask talsrcimg_g11 none talsrcimg_to_711-2C_as_mni_average_305_t4 2311
---------------------------------------------------------------------

freesurfer imgreg_4dfp.c
/opt/freesurfer/average/711-2C_as_mni_average_305.4dfp.img
       256       256       256         1
  1.000000  1.000000  1.000000
orientation T byte_order littleendian
Reading image: /opt/freesurfer/average/711-2C_as_mni_average_305.4dfp.img
dimensions:      256       256       256
mmppix:       1.0000   -1.0000   -1.0000
center:     128.0000 -129.0000 -129.0000
/opt/freesurfer/average/711-2B_as_mni_average_305_mask.4dfp.img
       256       256       256         1
  1.000000  1.000000  1.000000
orientation T byte_order littleendian
Reading mask: /opt/freesurfer/average/711-2B_as_mni_average_305_mask.4dfp.img (2306576 pixels)
talsrcimg_g11.4dfp.img
       256       256       256         1
  1.000000  1.000000  1.000000
orientation T byte_order littleendian
Reading image: talsrcimg_g11.4dfp.img
dimensions:      256       256       256
mmppix:       1.0000   -1.0000   -1.0000
center:     128.0000 -129.0000 -129.0000
fimgreg.f
image alignment mode   2311 decimal      907 hex
parameters
   -6.4601   31.6090    8.9694  -12.2244   -9.7594    0.3831
  -12.9005  -19.3304   11.2285   -4.4938   22.4361    1.0181
eta,q 0.98127 10.74081
niter,ni,del,rscale     5    3    5.0000    0.8000
parameters
   -6.4720   31.6656    8.9857  -12.5398  -10.0530   -0.2010
  -12.9428  -19.2285   11.4105   -4.5096   22.4828    1.4228
eta,q 0.98115 10.70968
  0.0205  0.0201  0.0196  0.0208  0.0202  0.0202  0.0205  0.0216  0.0200  0.0205  0.0196  0.0197
  0.0196  0.0193  0.0191  0.0198  0.0195  0.0195  0.0196  0.0201  0.0194  0.0197  0.0192  0.0193
  0.0189  0.0189  0.0188  0.0190  0.0190  0.0191  0.0190  0.0191  0.0190  0.0191  0.0190  0.0190
  0.0187  0.0187  0.0187  0.0187  0.0187  0.0188  0.0188  0.0188  0.0189  0.0188  0.0188  0.0189
  0.0189  0.0189  0.0188  0.0190  0.0189  0.0189  0.0190  0.0192  0.0189  0.0190  0.0189  0.0189
  0.0196  0.0192  0.0191  0.0201  0.0196  0.0198  0.0196  0.0200  0.0193  0.0195  0.0191  0.0191
  0.0206  0.0199  0.0196  0.0217  0.0208  0.0217  0.0205  0.0213  0.0199  0.0206  0.0196  0.0195
niter,ni,del,rscale     4    3    5.0000    0.7000
parameters
   -6.4572   31.6150    8.9835  -12.3328   -9.9644   -0.1926
  -13.0189  -19.2163   11.3498   -4.5816   22.4773    1.4927
eta,q 0.98118 10.71776
  0.0202  0.0197  0.0194  0.0208  0.0201  0.0201  0.0201  0.0210  0.0196  0.0201  0.0194  0.0194
  0.0195  0.0192  0.0191  0.0199  0.0195  0.0195  0.0194  0.0198  0.0192  0.0194  0.0191  0.0191
  0.0190  0.0189  0.0189  0.0192  0.0190  0.0191  0.0189  0.0190  0.0189  0.0190  0.0189  0.0189
  0.0188  0.0188  0.0188  0.0188  0.0188  0.0188  0.0188  0.0188  0.0188  0.0188  0.0188  0.0188
  0.0190  0.0190  0.0189  0.0189  0.0189  0.0188  0.0190  0.0191  0.0189  0.0189  0.0189  0.0189
  0.0194  0.0193  0.0191  0.0195  0.0193  0.0192  0.0194  0.0198  0.0192  0.0194  0.0191  0.0191
  0.0202  0.0198  0.0194  0.0206  0.0201  0.0204  0.0202  0.0209  0.0197  0.0203  0.0194  0.0194
niter,ni,del,rscale     3    3    5.0000    0.6000
parameters
   -6.4566   31.5957    8.9973  -12.2594   -9.8869   -0.0175
  -12.9926  -19.2514   11.3063   -4.5710   22.4773    1.3865
eta,q 0.98122 10.72656
  0.0198  0.0195  0.0193  0.0203  0.0198  0.0198  0.0198  0.0204  0.0194  0.0198  0.0192  0.0192
  0.0193  0.0191  0.0190  0.0196  0.0193  0.0194  0.0192  0.0195  0.0191  0.0193  0.0190  0.0190
  0.0189  0.0189  0.0189  0.0191  0.0190  0.0190  0.0189  0.0189  0.0189  0.0189  0.0188  0.0188
  0.0188  0.0188  0.0188  0.0188  0.0188  0.0188  0.0188  0.0188  0.0188  0.0188  0.0188  0.0188
  0.0189  0.0189  0.0189  0.0189  0.0188  0.0187  0.0189  0.0190  0.0189  0.0189  0.0188  0.0188
  0.0193  0.0191  0.0190  0.0194  0.0192  0.0190  0.0192  0.0196  0.0191  0.0192  0.0190  0.0190
  0.0198  0.0195  0.0192  0.0203  0.0198  0.0198  0.0197  0.0204  0.0194  0.0198  0.0192  0.0192
niter,ni,del,rscale     2    3    5.0000    0.5000
parameters
   -6.4575   31.5992    8.9835  -12.2317   -9.8252    0.1774
  -12.9502  -19.2941   11.2672   -4.5387   22.4653    1.2040
eta,q 0.98125 10.73394
  0.0195  0.0193  0.0191  0.0198  0.0194  0.0195  0.0195  0.0199  0.0192  0.0195  0.0191  0.0190
  0.0191  0.0190  0.0189  0.0193  0.0191  0.0192  0.0191  0.0193  0.0190  0.0191  0.0189  0.0189
  0.0189  0.0188  0.0188  0.0189  0.0189  0.0190  0.0188  0.0189  0.0188  0.0189  0.0188  0.0188
  0.0188  0.0188  0.0188  0.0188  0.0188  0.0188  0.0188  0.0188  0.0188  0.0188  0.0188  0.0188
  0.0189  0.0188  0.0188  0.0189  0.0188  0.0187  0.0188  0.0189  0.0188  0.0188  0.0188  0.0188
  0.0191  0.0190  0.0189  0.0192  0.0190  0.0189  0.0191  0.0193  0.0190  0.0190  0.0189  0.0189
  0.0195  0.0192  0.0191  0.0198  0.0195  0.0195  0.0194  0.0199  0.0192  0.0195  0.0191  0.0191
niter,ni,del,rscale     1    3    5.0000    0.4000
parameters
   -6.4596   31.6168    8.9652  -12.2269   -9.7599    0.3896
  -12.8936  -19.3336   11.2275   -4.4829   22.4281    1.0036
eta,q 0.98127 10.74089
  0.0192  0.0191  0.0190  0.0194  0.0192  0.0193  0.0192  0.0195  0.0190  0.0192  0.0189  0.0189
  0.0190  0.0189  0.0188  0.0191  0.0190  0.0190  0.0190  0.0191  0.0189  0.0190  0.0188  0.0188
  0.0188  0.0188  0.0188  0.0188  0.0188  0.0189  0.0188  0.0188  0.0188  0.0188  0.0188  0.0187
  0.0188  0.0188  0.0188  0.0187  0.0187  0.0188  0.0187  0.0187  0.0187  0.0187  0.0187  0.0187
  0.0188  0.0188  0.0188  0.0188  0.0188  0.0187  0.0188  0.0188  0.0188  0.0188  0.0188  0.0188
  0.0190  0.0189  0.0189  0.0190  0.0189  0.0188  0.0189  0.0191  0.0189  0.0189  0.0188  0.0188
  0.0192  0.0190  0.0190  0.0195  0.0192  0.0192  0.0192  0.0195  0.0190  0.0192  0.0190  0.0190
registration optimization eta report
parameter search radius
    0.8000    0.8000    0.8000    2.4000    2.4000    2.4000
    2.4000    2.4000    2.4000    2.4000    2.4000    2.4000
100000*second partial in parameter space
       74.       48.       33.       12.        8.        8.
        8.       14.        5.        8.        4.        4.
  0.0192  0.0191  0.0190  0.0194  0.0192  0.0193  0.0192  0.0195  0.0190  0.0192  0.0189  0.0189
  0.0190  0.0189  0.0188  0.0191  0.0190  0.0190  0.0190  0.0191  0.0189  0.0190  0.0188  0.0188
  0.0188  0.0188  0.0188  0.0188  0.0188  0.0189  0.0188  0.0188  0.0188  0.0188  0.0188  0.0187
  0.0188  0.0188  0.0188  0.0187  0.0187  0.0188  0.0187  0.0187  0.0187  0.0187  0.0187  0.0187
  0.0188  0.0188  0.0188  0.0188  0.0188  0.0187  0.0188  0.0188  0.0188  0.0188  0.0188  0.0188
  0.0190  0.0189  0.0189  0.0190  0.0189  0.0188  0.0189  0.0191  0.0189  0.0189  0.0188  0.0188
  0.0192  0.0190  0.0190  0.0195  0.0192  0.0192  0.0192  0.0195  0.0190  0.0192  0.0190  0.0190
   -6.4596   31.6168    8.9652  -12.2269   -9.7599    0.3896
  -12.8936  -19.3336   11.2275   -4.4829   22.4281    1.0036
eta,q 0.98127 10.74089

---------------------------------------------------------------------
compute_vox2vox talsrcimg talsrcimg_to_711-2C_as_mni_average_305_t4 /opt/freesurfer/average/711-2C_as_mni_average_305
---------------------------------------------------------------------

freesurfer compute_vox2vox.c
Reading: talsrcimg.4dfp.ifh
Reading: talsrcimg_to_711-2C_as_mni_average_305_t4
Reading: /opt/freesurfer/average/711-2C_as_mni_average_305.4dfp.ifh
Writing: talsrcimg_to_711-2C_as_mni_average_305_t4_vox2vox.txt

start time Tue Mar 10 07:21:29 CET 2026
end		time Tue Mar 10 07:22:58 CET 2026

mpr2mni305 success

avi2talxfm orig_nu.mgz /opt/freesurfer/average/mni305.cor.mgz talsrcimg_to_711-2C_as_mni_average_305_t4_vox2vox.txt transforms/talairach.auto.xfm
avi2talxfm done
mv -f /out/sourcedata/freesurfer/sub-v1s9x0051350_ses-1/mri/talsrcimg_to_711-2C_as_mni_average_305_t4_vox2vox.txt /out/sourcedata/freesurfer/sub-v1s9x0051350_ses-1/mri/transforms/talsrcimg_to_711-2C_as_mni_average_305_t4_vox2vox.txt
lta_convert --src orig_nu.mgz --trg /opt/freesurfer/average/mni305.cor.mgz --inxfm transforms/talairach.auto.xfm --outlta transforms/talairach.auto.xfm.lta --subject fsaverage
7.3.2

--src: orig_nu.mgz src image (geometry).
--trg: /opt/freesurfer/average/mni305.cor.mgz trg image (geometry).
--inmni: transforms/talairach.auto.xfm input MNI/XFM transform.
--outlta: transforms/talairach.auto.xfm.lta output LTA.
--s: fsaverage subject name
 LTA read, type : 1
 1.06596   0.21198   0.14995  -0.97182;
-0.23670   0.94855  -0.04437  -4.51920;
-0.14438   0.02075   1.08730  -61.17882;
 0.00000   0.00000   0.00000   1.00000;
setting subject to fsaverage
Writing  LTA to file transforms/talairach.auto.xfm.lta...
lta_convert successful.
 
 
Started at Tue Mar 10 07:21:29 CET 2026
Ended   at Tue Mar 10 07:22:58 CET 2026
talairach_avi done
