/out/sourcedata/freesurfer/sub-v1s9x0051330_ses-1/mri
/opt/freesurfer/bin/talairach_avi
--i orig_nu.mgz --xfm transforms/talairach.auto.xfm
talairach_avi 7.3.2
Linux dna062 5.14.0-427.37.1.el9_4.x86_64 #1 SMP PREEMPT_DYNAMIC Fri Sep 13 12:41:50 EDT 2024 x86_64 x86_64 x86_64 GNU/Linux
Tue Mar 10 07:13:43 CET 2026
mri_convert orig_nu.mgz talsrcimg.img 
reading from orig_nu.mgz...
TR=0.00, TE=0.00, TI=0.00, flip angle=0.00
i_ras = (-1, 0, 0)
j_ras = (0, 0, -1)
k_ras = (0, 1, 0)
writing to talsrcimg.img...
Analyze Output Matrix
-1.00000   0.00000   0.00000   133.94258;
 0.00000   0.00000   1.00000  -132.60034;
 0.00000  -1.00000   0.00000   126.97336;
 0.00000   0.00000   0.00000   1.00000;
--------------------
INFO: set hdr.hist.orient to -1
mpr2mni305 talsrcimg
Tue Mar 10 07:13:43 CET 2026
/opt/freesurfer/bin/mpr2mni305 talsrcimg
mpr2mni305 7.3.2
target=711-2C_as_mni_average_305

---------------------------------------------------------------------
analyzeto4dfp talsrcimg -O0 -y
---------------------------------------------------------------------

freesurfer ifh2hdr.c
Tue Mar 10 07:13:43 2026
Writing: talsrcimg.4dfp.hdr
freesurfer analyzeto4dfp.c
Reading: talsrcimg.hdr
header size 348 bytes
hdr.dime.datatype	offset=70	value=2
hdr.dime.bitpix		offset=72	value=8
hdr.hist.orient		offset=252	value=-1
dimensionality     4
dimensions       256       256       256         1
Reading: talsrcimg.img
Writing: talsrcimg.4dfp.img
Writing: talsrcimg.4dfp.ifh
ifh2hdr talsrcimg -r0to246
ori=2

---------------------------------------------------------------------
gauss_4dfp talsrcimg 1.1
---------------------------------------------------------------------

freesurfer gauss_4dfp.c
Reading: talsrcimg.4dfp.img
Writing: talsrcimg_g11.4dfp.img
image dimensions 256 256 256 padded to 288 288 288
processing volume 1freesurfer ifh2hdr.c
Tue Mar 10 07:13:45 2026
Writing: talsrcimg_g11.4dfp.hdr

Writing: talsrcimg_g11.4dfp.ifh
including: talsrcimg.4dfp.img.rec in talsrcimg_g11.4dfp.img.rec

---------------------------------------------------------------------
imgreg_4dfp /opt/freesurfer/average/711-2C_as_mni_average_305 none talsrcimg_g11 none talsrcimg_to_711-2C_as_mni_average_305_t4 4355
---------------------------------------------------------------------

freesurfer imgreg_4dfp.c
/opt/freesurfer/average/711-2C_as_mni_average_305.4dfp.img
       256       256       256         1
  1.000000  1.000000  1.000000
orientation T byte_order littleendian
Reading image: /opt/freesurfer/average/711-2C_as_mni_average_305.4dfp.img
dimensions:      256       256       256
mmppix:       1.0000   -1.0000   -1.0000
center:     128.0000 -129.0000 -129.0000
talsrcimg_g11.4dfp.img
       256       256       256         1
  1.000000  1.000000  1.000000
orientation T byte_order littleendian
Reading image: talsrcimg_g11.4dfp.img
dimensions:      256       256       256
mmppix:       1.0000   -1.0000   -1.0000
center:     128.0000 -129.0000 -129.0000
t4_read: open error in t4_sub.f l:  41 t4_file(1:l)talsrcimg_to_711-2C_as_mni_average_305_t4 
t4_read: transform initialized to I4
rotation matrix determinant  1.000000
image alignment mode   4355 decimal     1103 hex
   -7.5000  -45.0000  -45.0000 6478.4590   11.7299
    0.0000  -45.0000  -45.0000 6725.1890   11.7867
    7.5000  -45.0000  -45.0000 6400.8799   11.7865
   -7.5000  -37.5000  -45.0000 7096.6084   11.4265
    0.0000  -37.5000  -45.0000 7373.4487   11.4792
    7.5000  -37.5000  -45.0000 7023.4292   11.4821
   -7.5000  -30.0000  -45.0000 8013.2134   11.2399
    0.0000  -30.0000  -45.0000 8343.4307   11.2899
    7.5000  -30.0000  -45.0000 7950.4385   11.2938
   -7.5000  -22.5000  -45.0000 8995.0615   11.1615
    0.0000  -22.5000  -45.0000 9357.9697   11.2159
    7.5000  -22.5000  -45.0000 8921.4785   11.2211
   -7.5000  -15.0000  -45.0000 9983.2012   11.1410
    0.0000  -15.0000  -45.000010379.8359   11.2001
    7.5000  -15.0000  -45.0000 9903.8965   11.2046
   -7.5000   -7.5000  -45.000010966.6650   11.1417
    0.0000   -7.5000  -45.000011389.9297   11.2003
    7.5000   -7.5000  -45.000010878.0479   11.2027
   -7.5000    0.0000  -45.000011838.1904   11.1450
    0.0000    0.0000  -45.000012283.2451   11.2003
    7.5000    0.0000  -45.000011708.7422   11.2021
   -7.5000    7.5000  -45.000011738.3154   11.1472
    0.0000    7.5000  -45.000012181.7402   11.1985
    7.5000    7.5000  -45.000011603.1543   11.2008
   -7.5000   15.0000  -45.000011493.9434   11.1463
    0.0000   15.0000  -45.000011949.7197   11.1960
    7.5000   15.0000  -45.000011408.4902   11.1997
   -7.5000   22.5000  -45.000011296.9912   11.1404
    0.0000   22.5000  -45.000011749.6426   11.1946
    7.5000   22.5000  -45.000011225.3379   11.1998
   -7.5000   30.0000  -45.000010986.2021   10.9910
    0.0000   30.0000  -45.000011456.4697   11.0494
    7.5000   30.0000  -45.000010936.7705   11.0537
   -7.5000   37.5000  -45.000010937.4326   10.9932
    0.0000   37.5000  -45.000011402.6211   11.0511
    7.5000   37.5000  -45.000010872.4355   11.0535
   -7.5000   45.0000  -45.000010438.5967   10.7172
    0.0000   45.0000  -45.000010882.6533   10.7705
    7.5000   45.0000  -45.000010351.5293   10.7722
   -7.5000  -45.0000  -37.5000 6852.3711   11.6586
    0.0000  -45.0000  -37.5000 7121.0962   11.7090
    7.5000  -45.0000  -37.5000 6789.1235   11.7066
   -7.5000  -37.5000  -37.5000 7490.2310   11.3579
    0.0000  -37.5000  -37.5000 7793.2871   11.4051
    7.5000  -37.5000  -37.5000 7436.8398   11.4056
   -7.5000  -30.0000  -37.5000 8487.2471   11.1720
    0.0000  -30.0000  -37.5000 8827.7119   11.2182
    7.5000  -30.0000  -37.5000 8426.2803   11.2193
   -7.5000  -22.5000  -37.5000 9548.1611   11.0915
    0.0000  -22.5000  -37.5000 9933.8535   11.1428
    7.5000  -22.5000  -37.5000 9481.2285   11.1454
   -7.5000  -15.0000  -37.500010585.9404   11.0692
    0.0000  -15.0000  -37.500011009.6895   11.1246
    7.5000  -15.0000  -37.500010511.0283   11.1267
   -7.5000   -7.5000  -37.500011632.9941   11.0712
    0.0000   -7.5000  -37.500012077.3193   11.1245
    7.5000   -7.5000  -37.500011531.3164   11.1250
   -7.5000    0.0000  -37.500012548.1611   11.0766
    0.0000    0.0000  -37.500013034.1221   11.1260
    7.5000    0.0000  -37.500012412.2295   11.1263
   -7.5000    7.5000  -37.500012429.6162   11.0801
    0.0000    7.5000  -37.500012916.3154   11.1263
    7.5000    7.5000  -37.500012301.5811   11.1265
   -7.5000   15.0000  -37.500012171.3828   11.0787
    0.0000   15.0000  -37.500012660.9141   11.1246
    7.5000   15.0000  -37.500012093.7217   11.1256
   -7.5000   22.5000  -37.500011948.7334   11.0702
    0.0000   22.5000  -37.500012432.4307   11.1215
    7.5000   22.5000  -37.500011876.6426   11.1240
   -7.5000   30.0000  -37.500011597.6699   10.9202
    0.0000   30.0000  -37.500012078.8457   10.9748
    7.5000   30.0000  -37.500011550.7168   10.9768
   -7.5000   37.5000  -37.500011537.0010   10.9236
    0.0000   37.5000  -37.500012010.9678   10.9762
    7.5000   37.5000  -37.500011461.8643   10.9768
   -7.5000   45.0000  -37.500010988.1006   10.6514
    0.0000   45.0000  -37.500011450.5576   10.6990
    7.5000   45.0000  -37.500010901.2637   10.6993
   -7.5000  -45.0000  -30.0000 7325.2402   12.1317
    0.0000  -45.0000  -30.0000 7631.8438   12.1803
    7.5000  -45.0000  -30.0000 7276.8232   12.1783
   -7.5000  -37.5000  -30.0000 8027.8760   11.8139
    0.0000  -37.5000  -30.0000 8350.7568   11.8616
    7.5000  -37.5000  -30.0000 7979.6777   11.8618
   -7.5000  -30.0000  -30.0000 9117.4629   11.6168
    0.0000  -30.0000  -30.0000 9484.0342   11.6660
    7.5000  -30.0000  -30.0000 9055.8359   11.6672
   -7.5000  -22.5000  -30.000010274.1953   11.5321
    0.0000  -22.5000  -30.000010670.2949   11.5861
    7.5000  -22.5000  -30.000010191.6445   11.5906
   -7.5000  -15.0000  -30.000011395.1143   11.5118
    0.0000  -15.0000  -30.000011825.7354   11.5674
    7.5000  -15.0000  -30.000011302.8281   11.5724
   -7.5000   -7.5000  -30.000012499.3555   11.5187
    0.0000   -7.5000  -30.000012984.9736   11.5700
    7.5000   -7.5000  -30.000012381.4355   11.5725
   -7.5000    0.0000  -30.000013475.6816   11.5256
    0.0000    0.0000  -30.000013990.5352   11.5734
    7.5000    0.0000  -30.000013337.1377   11.5743
   -7.5000    7.5000  -30.000013349.0811   11.5259
    0.0000    7.5000  -30.000013884.4209   11.5726
    7.5000    7.5000  -30.000013234.1875   11.5725
   -7.5000   15.0000  -30.000013092.5420   11.5201
    0.0000   15.0000  -30.000013633.0703   11.5689
    7.5000   15.0000  -30.000013006.0078   11.5701
   -7.5000   22.5000  -30.000012816.2627   11.5088
    0.0000   22.5000  -30.000013354.4697   11.5627
    7.5000   22.5000  -30.000012753.3291   11.5672
   -7.5000   30.0000  -30.000012413.1348   11.3579
    0.0000   30.0000  -30.000012940.0469   11.4127
    7.5000   30.0000  -30.000012367.0244   11.4176
   -7.5000   37.5000  -30.000012318.1514   11.3663
    0.0000   37.5000  -30.000012845.2441   11.4169
    7.5000   37.5000  -30.000012268.4902   11.4194
   -7.5000   45.0000  -30.000011706.8867   11.0914
    0.0000   45.0000  -30.000012207.6689   11.1374
    7.5000   45.0000  -30.000011678.4795   11.1382
   -7.5000  -45.0000  -22.5000 7802.1567   12.5505
    0.0000  -45.0000  -22.5000 8144.6997   12.6037
    7.5000  -45.0000  -22.5000 7779.5659   12.6042
   -7.5000  -37.5000  -22.5000 8584.6074   12.2170
    0.0000  -37.5000  -22.5000 8944.8037   12.2707
    7.5000  -37.5000  -22.5000 8523.3018   12.2730
   -7.5000  -30.0000  -22.5000 9772.1885   12.0106
    0.0000  -30.0000  -22.500010179.4297   12.0667
    7.5000  -30.0000  -22.5000 9682.2012   12.0712
   -7.5000  -22.5000  -22.500010993.7285   11.9243
    0.0000  -22.5000  -22.500011439.4531   11.9841
    7.5000  -22.5000  -22.500010899.2119   11.9939
   -7.5000  -15.0000  -22.500012187.0049   11.9076
    0.0000  -15.0000  -22.500012672.5771   11.9669
    7.5000  -15.0000  -22.500012087.8555   11.9777
   -7.5000   -7.5000  -22.500013363.7715   11.9180
    0.0000   -7.5000  -22.500013901.6006   11.9723
    7.5000   -7.5000  -22.500013216.8213   11.9789
   -7.5000    0.0000  -22.500014434.5068   11.9244
    0.0000    0.0000  -22.500015001.6289   11.9759
    7.5000    0.0000  -22.500014265.4248   11.9788
   -7.5000    7.5000  -22.500014287.0889   11.9200
    0.0000    7.5000  -22.500014842.3418   11.9723
    7.5000    7.5000  -22.500014130.7783   11.9741
   -7.5000   15.0000  -22.500014014.5811   11.9107
    0.0000   15.0000  -22.500014591.2432   11.9664
    7.5000   15.0000  -22.500013878.5166   11.9707
   -7.5000   22.5000  -22.500013711.9922   11.8994
    0.0000   22.5000  -22.500014271.3682   11.9592
    7.5000   22.5000  -22.500013591.9033   11.9689
   -7.5000   30.0000  -22.500013288.4697   11.7502
    0.0000   30.0000  -22.500013839.1855   11.8087
    7.5000   30.0000  -22.500013202.1992   11.8193
   -7.5000   37.5000  -22.500013148.3408   11.7621
    0.0000   37.5000  -22.500013684.6982   11.8157
    7.5000   37.5000  -22.500013078.8154   11.8222
   -7.5000   45.0000  -22.500012428.4668   11.4838
    0.0000   45.0000  -22.500012943.8145   11.5334
    7.5000   45.0000  -22.500012420.6260   11.5362
   -7.5000  -45.0000  -15.0000 8304.6816   12.8565
    0.0000  -45.0000  -15.0000 8678.3652   12.9169
    7.5000  -45.0000  -15.0000 8263.4336   12.9195
   -7.5000  -37.5000  -15.0000 9163.5469   12.5152
    0.0000  -37.5000  -15.0000 9534.5264   12.5754
    7.5000  -37.5000  -15.0000 9060.8828   12.5799
   -7.5000  -30.0000  -15.000010412.7324   12.3044
    0.0000  -30.0000  -15.000010837.6631   12.3658
    7.5000  -30.0000  -15.000010297.6299   12.3732
   -7.5000  -22.5000  -15.000011678.7451   12.2181
    0.0000  -22.5000  -15.000012166.2588   12.2824
    7.5000  -22.5000  -15.000011585.2588   12.2954
   -7.5000  -15.0000  -15.000012927.7559   12.2025
    0.0000  -15.0000  -15.000013449.3496   12.2667
    7.5000  -15.0000  -15.000012824.8633   12.2803
   -7.5000   -7.5000  -15.000014197.3965   12.2121
    0.0000   -7.5000  -15.000014767.6602   12.2725
    7.5000   -7.5000  -15.000014044.2188   12.2810
   -7.5000    0.0000  -15.000015380.3330   12.2169
    0.0000    0.0000  -15.000015986.8828   12.2749
    7.5000    0.0000  -15.000015177.1455   12.2792
   -7.5000    7.5000  -15.000015238.1025   12.2113
    0.0000    7.5000  -15.000015806.9912   12.2697
    7.5000    7.5000  -15.000015005.7158   12.2733
   -7.5000   15.0000  -15.000014926.1699   12.2020
    0.0000   15.0000  -15.000015513.4229   12.2630
    7.5000   15.0000  -15.000014714.9922   12.2701
   -7.5000   22.5000  -15.000014583.2773   12.1922
    0.0000   22.5000  -15.000015171.7061   12.2563
    7.5000   22.5000  -15.000014425.4238   12.2693
   -7.5000   30.0000  -15.000014146.9355   12.0429
    0.0000   30.0000  -15.000014739.1377   12.1062
    7.5000   30.0000  -15.000014024.1748   12.1196
   -7.5000   37.5000  -15.000013950.0986   12.0540
    0.0000   37.5000  -15.000014547.3643   12.1137
    7.5000   37.5000  -15.000013881.4912   12.1221
   -7.5000   45.0000  -15.000013161.7588   11.7726
    0.0000   45.0000  -15.000013706.9932   11.8284
    7.5000   45.0000  -15.000013117.9551   11.8326
   -7.5000  -45.0000   -7.5000 8834.5312   13.0088
    0.0000  -45.0000   -7.5000 9192.8037   13.0735
    7.5000  -45.0000   -7.5000 8751.9785   13.0757
   -7.5000  -37.5000   -7.5000 9744.3096   12.6693
    0.0000  -37.5000   -7.500010116.9980   12.7312
    7.5000  -37.5000   -7.5000 9616.5879   12.7363
   -7.5000  -30.0000   -7.500011067.3525   12.4603
    0.0000  -30.0000   -7.500011513.7666   12.5207
    7.5000  -30.0000   -7.500010924.0898   12.5279
   -7.5000  -22.5000   -7.500012404.4395   12.3743
    0.0000  -22.5000   -7.500012929.5537   12.4381
    7.5000  -22.5000   -7.500012273.3223   12.4488
   -7.5000  -15.0000   -7.500013677.4365   12.3553
    0.0000  -15.0000   -7.500014259.2988   12.4218
    7.5000  -15.0000   -7.500013551.9814   12.4322
   -7.5000   -7.5000   -7.500015021.8965   12.3594
    0.0000   -7.5000   -7.500015655.7314   12.4244
    7.5000   -7.5000   -7.500014851.4824   12.4309
   -7.5000    0.0000   -7.500016332.7637   12.3626
    0.0000    0.0000   -7.500016990.7480   12.4249
    7.5000    0.0000   -7.500016057.2891   12.4288
   -7.5000    7.5000   -7.500016244.4609   12.3609
    0.0000    7.5000   -7.500016904.0801   12.4210
    7.5000    7.5000   -7.500015918.1670   12.4251
   -7.5000   15.0000   -7.500015865.1582   12.3565
    0.0000   15.0000   -7.500016553.9102   12.4164
    7.5000   15.0000   -7.500015619.5488   12.4234
   -7.5000   22.5000   -7.500015418.0576   12.3467
    0.0000   22.5000   -7.500016163.8574   12.4103
    7.5000   22.5000   -7.500015283.5771   12.4209
   -7.5000   30.0000   -7.500014953.0459   12.1934
    0.0000   30.0000   -7.500015689.1572   12.2590
    7.5000   30.0000   -7.500014864.1836   12.2692
   -7.5000   37.5000   -7.500014792.0859   12.1991
    0.0000   37.5000   -7.500015481.8506   12.2633
    7.5000   37.5000   -7.500014700.6035   12.2697
   -7.5000   45.0000   -7.500013951.4834   11.9153
    0.0000   45.0000   -7.500014550.1758   11.9753
    7.5000   45.0000   -7.500013830.9287   11.9790
   -7.5000  -45.0000    0.0000 9280.5576   13.0351
    0.0000  -45.0000    0.0000 9652.2578   13.0980
    7.5000  -45.0000    0.0000 9157.0977   13.0976
   -7.5000  -37.5000    0.000010237.2080   12.7001
    0.0000  -37.5000    0.000010652.6865   12.7583
    7.5000  -37.5000    0.000010093.6172   12.7614
   -7.5000  -30.0000    0.000011627.6250   12.4937
    0.0000  -30.0000    0.000012095.7812   12.5491
    7.5000  -30.0000    0.000011465.5508   12.5532
   -7.5000  -22.5000    0.000013034.8848   12.4063
    0.0000  -22.5000    0.000013559.6816   12.4664
    7.5000  -22.5000    0.000012866.1592   12.4721
   -7.5000  -15.0000    0.000014372.8936   12.3827
    0.0000  -15.0000    0.000014949.4893   12.4481
    7.5000  -15.0000    0.000014200.5684   12.4528
   -7.5000   -7.5000    0.000015756.5703   12.3831
    0.0000   -7.5000    0.000016396.5215   12.4479
    7.5000   -7.5000    0.000015544.5615   12.4503
   -7.5000    0.0000    0.000017168.0234   12.3869
    0.0000    0.0000    0.000017877.9062   12.4480
    7.5000    0.0000    0.000016836.2109   12.4498
   -7.5000    7.5000    0.000017187.7363   12.3900
    0.0000    7.5000    0.000018006.9238   12.4467
    7.5000    7.5000    0.000016776.2070   12.4491
   -7.5000   15.0000    0.000016816.0020   12.3895
    0.0000   15.0000    0.000017728.3965   12.4444
    7.5000   15.0000    0.000016537.5684   12.4484
   -7.5000   22.5000    0.000016270.3477   12.3786
    0.0000   22.5000    0.000017182.3789   12.4385
    7.5000   22.5000    0.000016131.5508   12.4441
   -7.5000   30.0000    0.000015777.4053   12.2208
    0.0000   30.0000    0.000016602.9766   12.2853
    7.5000   30.0000    0.000015629.4609   12.2898
   -7.5000   37.5000    0.000015634.2764   12.2228
    0.0000   37.5000    0.000016372.8320   12.2868
    7.5000   37.5000    0.000015414.1504   12.2892
   -7.5000   45.0000    0.000014727.2881   11.9396
    0.0000   45.0000    0.000015354.1006   11.9985
    7.5000   45.0000    0.000014463.0381   12.0002
   -7.5000  -45.0000    7.5000 8978.1084   13.0316
    0.0000  -45.0000    7.5000 9325.8047   13.0879
    7.5000  -45.0000    7.5000 8819.7422   13.0850
   -7.5000  -37.5000    7.5000 9924.7383   12.6957
    0.0000  -37.5000    7.500010340.5977   12.7484
    7.5000  -37.5000    7.5000 9782.7529   12.7487
   -7.5000  -30.0000    7.500011254.3057   12.4877
    0.0000  -30.0000    7.500011741.5166   12.5393
    7.5000  -30.0000    7.500011132.1191   12.5404
   -7.5000  -22.5000    7.500012600.2715   12.3976
    0.0000  -22.5000    7.500013136.5146   12.4549
    7.5000  -22.5000    7.500012481.0049   12.4577
   -7.5000  -15.0000    7.500013887.1064   12.3728
    0.0000  -15.0000    7.500014478.4717   12.4348
    7.5000  -15.0000    7.500013764.0996   12.4370
   -7.5000   -7.5000    7.500015191.3203   12.3753
    0.0000   -7.5000    7.500015850.8105   12.4350
    7.5000   -7.5000    7.500015049.0635   12.4355
   -7.5000    0.0000    7.500016591.0801   12.3817
    0.0000    0.0000    7.500017358.3125   12.4370
    7.5000    0.0000    7.500016289.1211   12.4371
   -7.5000    7.5000    7.500016810.6289   12.3855
    0.0000    7.5000    7.500017703.9844   12.4371
    7.5000    7.5000    7.500016319.4863   12.4371
   -7.5000   15.0000    7.500016678.7949   12.3836
    0.0000   15.0000    7.500017571.8164   12.4347
    7.5000   15.0000    7.500016114.9746   12.4358
   -7.5000   22.5000    7.500016203.9941   12.3698
    0.0000   22.5000    7.500017009.9395   12.4270
    7.5000   22.5000    7.500015730.3232   12.4298
   -7.5000   30.0000    7.500015592.1006   12.2109
    0.0000   30.0000    7.500016332.2217   12.2721
    7.5000   30.0000    7.500015219.9727   12.2743
   -7.5000   37.5000    7.500015326.2520   12.2152
    0.0000   37.5000    7.500016017.8076   12.2741
    7.5000   37.5000    7.500014989.9434   12.2745
   -7.5000   45.0000    7.500014313.9297   11.9345
    0.0000   45.0000    7.500014961.2793   11.9878
    7.5000   45.0000    7.500014042.0723   11.9879
   -7.5000  -45.0000   15.0000 8530.8350   13.0283
    0.0000  -45.0000   15.0000 8916.3535   13.0806
    7.5000  -45.0000   15.0000 8403.1699   13.0783
   -7.5000  -37.5000   15.0000 9455.5088   12.6870
    0.0000  -37.5000   15.0000 9878.7998   12.7383
    7.5000  -37.5000   15.0000 9333.6807   12.7385
   -7.5000  -30.0000   15.000010726.6387   12.4754
    0.0000  -30.0000   15.000011199.9893   12.5282
    7.5000  -30.0000   15.000010633.8604   12.5295
   -7.5000  -22.5000   15.000012024.2197   12.3844
    0.0000  -22.5000   15.000012541.3984   12.4425
    7.5000  -22.5000   15.000011948.6787   12.4473
   -7.5000  -15.0000   15.000013268.8320   12.3626
    0.0000  -15.0000   15.000013830.9062   12.4224
    7.5000  -15.0000   15.000013205.6143   12.4277
   -7.5000   -7.5000   15.000014533.5156   12.3700
    0.0000   -7.5000   15.000015139.9492   12.4252
    7.5000   -7.5000   15.000014426.0361   12.4278
   -7.5000    0.0000   15.000015813.8740   12.3775
    0.0000    0.0000   15.000016585.3438   12.4287
    7.5000    0.0000   15.000015619.6699   12.4297
   -7.5000    7.5000   15.000015990.5977   12.3777
    0.0000    7.5000   15.000016795.7715   12.4278
    7.5000    7.5000   15.000015607.1318   12.4278
   -7.5000   15.0000   15.000015872.0488   12.3715
    0.0000   15.0000   15.000016573.7988   12.4239
    7.5000   15.0000   15.000015366.1670   12.4252
   -7.5000   22.5000   15.000015505.3643   12.3566
    0.0000   22.5000   15.000016196.7520   12.4146
    7.5000   22.5000   15.000015007.9990   12.4194
   -7.5000   30.0000   15.000014993.5010   12.2009
    0.0000   30.0000   15.000015731.7607   12.2599
    7.5000   30.0000   15.000014629.6201   12.2651
   -7.5000   37.5000   15.000014696.6357   12.2099
    0.0000   37.5000   15.000015439.2920   12.2644
    7.5000   37.5000   15.000014448.7021   12.2670
   -7.5000   45.0000   15.000013626.0752   11.9304
    0.0000   45.0000   15.000014321.0781   11.9799
    7.5000   45.0000   15.000013482.4717   11.9808
   -7.5000  -45.0000   22.5000 8016.7124   13.0727
    0.0000  -45.0000   22.5000 8392.6387   13.1283
    7.5000  -45.0000   22.5000 7920.6904   13.1289
   -7.5000  -37.5000   22.5000 8903.5732   12.7247
    0.0000  -37.5000   22.5000 9315.2627   12.7808
    7.5000  -37.5000   22.5000 8801.9688   12.7832
   -7.5000  -30.0000   22.500010157.5137   12.5088
    0.0000  -30.0000   22.500010586.6855   12.5675
    7.5000  -30.0000   22.500010041.3057   12.5721
   -7.5000  -22.5000   22.500011389.9062   12.4186
    0.0000  -22.5000   22.500011858.8877   12.4811
    7.5000  -22.5000   22.500011283.2354   12.4913
   -7.5000  -15.0000   22.500012542.3643   12.4012
    0.0000  -15.0000   22.500013062.1768   12.4632
    7.5000  -15.0000   22.500012465.3857   12.4746
   -7.5000   -7.5000   22.500013734.0449   12.4122
    0.0000   -7.5000   22.500014329.2627   12.4690
    7.5000   -7.5000   22.500013662.7451   12.4759
   -7.5000    0.0000   22.500014905.4951   12.4190
    0.0000    0.0000   22.500015622.8389   12.4729
    7.5000    0.0000   22.500014826.9531   12.4759
   -7.5000    7.5000   22.500014935.1455   12.4143
    0.0000    7.5000   22.500015656.8008   12.4690
    7.5000    7.5000   22.500014764.7695   12.4708
   -7.5000   15.0000   22.500014654.6543   12.4045
    0.0000   15.0000   22.500015295.2666   12.4627
    7.5000   15.0000   22.500014450.8662   12.4671
   -7.5000   22.5000   22.500014293.1934   12.3908
    0.0000   22.5000   22.500014948.7207   12.4532
    7.5000   22.5000   22.500014138.3174   12.4633
   -7.5000   30.0000   22.500013924.5117   12.2391
    0.0000   30.0000   22.500014618.5254   12.3002
    7.5000   30.0000   22.500013826.2891   12.3113
   -7.5000   37.5000   22.500013787.2510   12.2516
    0.0000   37.5000   22.500014475.8672   12.3077
    7.5000   37.5000   22.500013708.5098   12.3145
   -7.5000   45.0000   22.500012847.0938   11.9705
    0.0000   45.0000   22.500013474.7090   12.0224
    7.5000   45.0000   22.500012788.3770   12.0254
   -7.5000  -45.0000   30.0000 7451.6631   13.2050
    0.0000  -45.0000   30.0000 7801.7778   13.2678
    7.5000  -45.0000   30.0000 7389.2993   13.2701
   -7.5000  -37.5000   30.0000 8297.0586   12.8526
    0.0000  -37.5000   30.0000 8673.0059   12.9152
    7.5000  -37.5000   30.0000 8210.8896   12.9194
   -7.5000  -30.0000   30.0000 9469.4707   12.6334
    0.0000  -30.0000   30.0000 9865.6240   12.6971
    7.5000  -30.0000   30.0000 9372.5127   12.7044
   -7.5000  -22.5000   30.000010612.9414   12.5442
    0.0000  -22.5000   30.000011042.0820   12.6109
    7.5000  -22.5000   30.000010522.5879   12.6242
   -7.5000  -15.0000   30.000011698.7998   12.5286
    0.0000  -15.0000   30.000012166.3105   12.5953
    7.5000  -15.0000   30.000011636.5645   12.6093
   -7.5000   -7.5000   30.000012798.1504   12.5386
    0.0000   -7.5000   30.000013349.3350   12.6014
    7.5000   -7.5000   30.000012773.4160   12.6100
   -7.5000    0.0000   30.000013896.8389   12.5431
    0.0000    0.0000   30.000014511.4834   12.6033
    7.5000    0.0000   30.000013857.1172   12.6074
   -7.5000    7.5000   30.000013836.3066   12.5366
    0.0000    7.5000   30.000014452.7812   12.5972
    7.5000    7.5000   30.000013772.7451   12.6005
   -7.5000   15.0000   30.000013542.4854   12.5269
    0.0000   15.0000   30.000014111.7871   12.5902
    7.5000   15.0000   30.000013456.2588   12.5972
   -7.5000   22.5000   30.000013230.5127   12.5160
    0.0000   22.5000   30.000013803.4424   12.5826
    7.5000   22.5000   30.000013146.2539   12.5957
   -7.5000   30.0000   30.000012913.0469   12.3647
    0.0000   30.0000   30.000013487.6895   12.4305
    7.5000   30.0000   30.000012843.9541   12.4443
   -7.5000   37.5000   30.000012841.4648   12.3763
    0.0000   37.5000   30.000013400.1572   12.4383
    7.5000   37.5000   30.000012775.0527   12.4468
   -7.5000   45.0000   30.000011997.7988   12.0901
    0.0000   45.0000   30.000012524.9883   12.1481
    7.5000   45.0000   30.000011930.3066   12.1521
   -7.5000  -45.0000   37.5000 7126.9868   13.3980
    0.0000  -45.0000   37.5000 7476.1812   13.4649
    7.5000  -45.0000   37.5000 7099.7114   13.4662
   -7.5000  -37.5000   37.5000 7933.5806   13.0452
    0.0000  -37.5000   37.5000 8293.0166   13.1092
    7.5000  -37.5000   37.5000 7901.4722   13.1135
   -7.5000  -30.0000   37.5000 9040.0596   12.8248
    0.0000  -30.0000   37.5000 9415.0469   12.8872
    7.5000  -30.0000   37.5000 9023.5908   12.8939
   -7.5000  -22.5000   37.500010142.4746   12.7341
    0.0000  -22.5000   37.500010543.7471   12.8003
    7.5000  -22.5000   37.500010123.1699   12.8109
   -7.5000  -15.0000   37.500011203.2002   12.7145
    0.0000  -15.0000   37.500011646.3535   12.7837
    7.5000  -15.0000   37.500011194.9473   12.7939
   -7.5000   -7.5000   37.500012266.6475   12.7190
    0.0000   -7.5000   37.500012790.7061   12.7864
    7.5000   -7.5000   37.500012277.4277   12.7924
   -7.5000    0.0000   37.500013331.0293   12.7222
    0.0000    0.0000   37.500013892.4883   12.7865
    7.5000    0.0000   37.500013311.5889   12.7897
   -7.5000    7.5000   37.500013262.9795   12.7199
    0.0000    7.5000   37.500013808.9746   12.7819
    7.5000    7.5000   37.500013212.4355   12.7853
   -7.5000   15.0000   37.500012978.6875   12.7150
    0.0000   15.0000   37.500013507.3672   12.7770
    7.5000   15.0000   37.500012924.3291   12.7835
   -7.5000   22.5000   37.500012674.7998   12.7051
    0.0000   22.5000   37.500013186.4111   12.7711
    7.5000   22.5000   37.500012600.9375   12.7816
   -7.5000   30.0000   37.500012354.3018   12.5482
    0.0000   30.0000   37.500012869.3809   12.6164
    7.5000   30.0000   37.500012293.8037   12.6265
   -7.5000   37.5000   37.500012345.5830   12.5544
    0.0000   37.5000   37.500012850.4434   12.6209
    7.5000   37.5000   37.500012263.8984   12.6269
   -7.5000   45.0000   37.500011561.3613   12.2627
    0.0000   45.0000   37.500012045.1064   12.3247
    7.5000   45.0000   37.500011456.9043   12.3278
   -7.5000  -45.0000   45.0000 6498.3423   13.6279
    0.0000  -45.0000   45.0000 6817.1504   13.6941
    7.5000  -45.0000   45.0000 6499.3433   13.6920
   -7.5000  -37.5000   45.0000 7227.7661   13.2699
    0.0000  -37.5000   45.0000 7557.9600   13.3306
    7.5000  -37.5000   45.0000 7228.3027   13.3323
   -7.5000  -30.0000   45.0000 8239.0088   13.0466
    0.0000  -30.0000   45.0000 8587.1494   13.1041
    7.5000  -30.0000   45.0000 8260.5000   13.1074
   -7.5000  -22.5000   45.0000 9267.6104   12.9523
    0.0000  -22.5000   45.0000 9644.6953   13.0153
    7.5000  -22.5000   45.0000 9284.1152   13.0209
   -7.5000  -15.0000   45.000010257.7373   12.9269
    0.0000  -15.0000   45.000010669.9111   12.9962
    7.5000  -15.0000   45.000010279.1396   13.0009
   -7.5000   -7.5000   45.000011231.1299   12.9261
    0.0000   -7.5000   45.000011704.8623   12.9947
    7.5000   -7.5000   45.000011256.5283   12.9965
   -7.5000    0.0000   45.000012202.6260   12.9287
    0.0000    0.0000   45.000012697.1045   12.9930
    7.5000    0.0000   45.000012185.7158   12.9935
   -7.5000    7.5000   45.000012130.8311   12.9318
    0.0000    7.5000   45.000012625.4072   12.9908
    7.5000    7.5000   45.000012101.4404   12.9918
   -7.5000   15.0000   45.000011896.0479   12.9322
    0.0000   15.0000   45.000012368.5117   12.9892
    7.5000   15.0000   45.000011843.7588   12.9925
   -7.5000   22.5000   45.000011605.9160   12.9221
    0.0000   22.5000   45.000012065.6055   12.9850
    7.5000   22.5000   45.000011543.4775   12.9905
   -7.5000   30.0000   45.000011295.9121   12.7567
    0.0000   30.0000   45.000011742.9170   12.8249
    7.5000   30.0000   45.000011239.9844   12.8295
   -7.5000   37.5000   45.000011303.7266   12.7577
    0.0000   37.5000   45.000011765.2803   12.8254
    7.5000   37.5000   45.000011248.6777   12.8272
   -7.5000   45.0000   45.000010630.0723   12.4675
    0.0000   45.0000   45.000011063.1074   12.5294
    7.5000   45.0000   45.000010531.0293   12.5299

---------------------------------------------------------------------
imgreg_4dfp /opt/freesurfer/average/711-2C_as_mni_average_305 /opt/freesurfer/average/711-2B_as_mni_average_305_mask talsrcimg_g11 none talsrcimg_to_711-2C_as_mni_average_305_t4 4355
---------------------------------------------------------------------

freesurfer imgreg_4dfp.c
/opt/freesurfer/average/711-2C_as_mni_average_305.4dfp.img
       256       256       256         1
  1.000000  1.000000  1.000000
orientation T byte_order littleendian
Reading image: /opt/freesurfer/average/711-2C_as_mni_average_305.4dfp.img
dimensions:      256       256       256
mmppix:       1.0000   -1.0000   -1.0000
center:     128.0000 -129.0000 -129.0000
/opt/freesurfer/average/711-2B_as_mni_average_305_mask.4dfp.img
       256       256       256         1
  1.000000  1.000000  1.000000
orientation T byte_order littleendian
Reading mask: /opt/freesurfer/average/711-2B_as_mni_average_305_mask.4dfp.img (2306576 pixels)
talsrcimg_g11.4dfp.img
       256       256       256         1
  1.000000  1.000000  1.000000
orientation T byte_order littleendian
Reading image: talsrcimg_g11.4dfp.img
dimensions:      256       256       256
mmppix:       1.0000   -1.0000   -1.0000
center:     128.0000 -129.0000 -129.0000
rotation matrix determinant  1.000000
image alignment mode   4355 decimal     1103 hex
   -7.5000  -37.5000  -45.0000 1959.4604   16.8448
    0.0000  -37.5000  -45.0000 1954.8940   16.7595
    7.5000  -37.5000  -45.0000 1938.9723   16.7456
   -7.5000  -30.0000  -45.0000 2070.2600   14.9707
    0.0000  -30.0000  -45.0000 2072.2710   14.8982
    7.5000  -30.0000  -45.0000 2055.2913   14.9454
   -7.5000  -22.5000  -45.0000 2180.4768   13.4718
    0.0000  -22.5000  -45.0000 2179.3730   13.3983
    7.5000  -22.5000  -45.0000 2161.8481   13.4850
   -7.5000  -15.0000  -45.0000 2275.8906   12.3318
    0.0000  -15.0000  -45.0000 2276.1763   12.2871
    7.5000  -15.0000  -45.0000 2259.7258   12.3851
   -7.5000   -7.5000  -45.0000 2354.8718   11.4859
    0.0000   -7.5000  -45.0000 2354.9863   11.4569
    7.5000   -7.5000  -45.0000 2337.0425   11.5917
   -7.5000    0.0000  -45.0000 2403.5212   10.9416
    0.0000    0.0000  -45.0000 2399.0835   10.9087
    7.5000    0.0000  -45.0000 2378.5557   11.0376
   -7.5000    7.5000  -45.0000 2426.8513   10.6353
    0.0000    7.5000  -45.0000 2422.7434   10.6215
    7.5000    7.5000  -45.0000 2400.0959   10.7773
   -7.5000   15.0000  -45.0000 2432.2385   10.5216
    0.0000   15.0000  -45.0000 2430.9397   10.5074
    7.5000   15.0000  -45.0000 2409.8684   10.6780
   -7.5000   22.5000  -45.0000 2424.8228   10.6379
    0.0000   22.5000  -45.0000 2424.2300   10.6324
    7.5000   22.5000  -45.0000 2405.3694   10.8221
   -7.5000   30.0000  -45.0000 2400.6045   10.9266
    0.0000   30.0000  -45.0000 2405.3459   10.9326
    7.5000   30.0000  -45.0000 2384.3821   11.1316
   -7.5000   37.5000  -45.0000 2365.5242   11.4321
    0.0000   37.5000  -45.0000 2370.7793   11.4439
    7.5000   37.5000  -45.0000 2349.8455   11.6301
   -7.5000   45.0000  -45.0000 2304.3867   12.1712
    0.0000   45.0000  -45.0000 2308.9775   12.1565
    7.5000   45.0000  -45.0000 2285.1829   12.3313
   -7.5000   52.5000  -45.0000 2204.4299   13.0620
    0.0000   52.5000  -45.0000 2208.4966   13.0301
    7.5000   52.5000  -45.0000 2182.1855   13.2203
   -7.5000  -37.5000  -37.5000 2009.8037   15.6892
    0.0000  -37.5000  -37.5000 2012.8329   15.6249
    7.5000  -37.5000  -37.5000 2001.6666   15.6736
   -7.5000  -30.0000  -37.5000 2136.8650   13.9571
    0.0000  -30.0000  -37.5000 2138.5127   13.8788
    7.5000  -30.0000  -37.5000 2125.0615   13.9593
   -7.5000  -22.5000  -37.5000 2259.5625   12.5937
    0.0000  -22.5000  -37.5000 2261.3669   12.5012
    7.5000  -22.5000  -37.5000 2245.0259   12.5902
   -7.5000  -15.0000  -37.5000 2358.6904   11.4952
    0.0000  -15.0000  -37.5000 2360.8086   11.4361
    7.5000  -15.0000  -37.5000 2346.1060   11.5295
   -7.5000   -7.5000  -37.5000 2443.1235   10.6915
    0.0000   -7.5000  -37.5000 2444.0029   10.6235
    7.5000   -7.5000  -37.5000 2425.2532   10.7602
   -7.5000    0.0000  -37.5000 2494.2239   10.1544
    0.0000    0.0000  -37.5000 2494.1482   10.1042
    7.5000    0.0000  -37.5000 2471.2053   10.2315
   -7.5000    7.5000  -37.5000 2524.1121    9.8501
    0.0000    7.5000  -37.5000 2520.8904    9.8187
    7.5000    7.5000  -37.5000 2498.1968    9.9548
   -7.5000   15.0000  -37.5000 2534.5830    9.7205
    0.0000   15.0000  -37.5000 2533.0898    9.7055
    7.5000   15.0000  -37.5000 2512.9990    9.8659
   -7.5000   22.5000  -37.5000 2530.0425    9.8041
    0.0000   22.5000  -37.5000 2531.4900    9.7978
    7.5000   22.5000  -37.5000 2512.1963    9.9739
   -7.5000   30.0000  -37.5000 2504.0537   10.0579
    0.0000   30.0000  -37.5000 2509.3057   10.0529
    7.5000   30.0000  -37.5000 2489.6702   10.2289
   -7.5000   37.5000  -37.5000 2466.1426   10.5395
    0.0000   37.5000  -37.5000 2469.0139   10.5266
    7.5000   37.5000  -37.5000 2443.9565   10.6886
   -7.5000   45.0000  -37.5000 2407.2295   11.2119
    0.0000   45.0000  -37.5000 2409.3511   11.1854
    7.5000   45.0000  -37.5000 2379.1509   11.3325
   -7.5000   52.5000  -37.5000 2300.5747   12.0125
    0.0000   52.5000  -37.5000 2303.7539   11.9888
    7.5000   52.5000  -37.5000 2275.4202   12.1314
   -7.5000  -37.5000  -30.0000 2094.7712   15.2645
    0.0000  -37.5000  -30.0000 2099.7666   15.1840
    7.5000  -37.5000  -30.0000 2087.3140   15.3202
   -7.5000  -30.0000  -30.0000 2238.0229   13.5424
    0.0000  -30.0000  -30.0000 2241.4326   13.4604
    7.5000  -30.0000  -30.0000 2224.9419   13.5991
   -7.5000  -22.5000  -30.0000 2373.0049   12.1899
    0.0000  -22.5000  -30.0000 2376.4148   12.1109
    7.5000  -22.5000  -30.0000 2355.1160   12.2452
   -7.5000  -15.0000  -30.0000 2482.3303   11.1505
    0.0000  -15.0000  -30.0000 2482.7871   11.0642
    7.5000  -15.0000  -30.0000 2464.9741   11.1892
   -7.5000   -7.5000  -30.0000 2567.7456   10.3664
    0.0000   -7.5000  -30.0000 2570.1145   10.2865
    7.5000   -7.5000  -30.0000 2552.3469   10.4041
   -7.5000    0.0000  -30.0000 2624.8787    9.7951
    0.0000    0.0000  -30.0000 2626.4785    9.7240
    7.5000    0.0000  -30.0000 2607.5972    9.8553
   -7.5000    7.5000  -30.0000 2666.0352    9.4457
    0.0000    7.5000  -30.0000 2667.7922    9.4046
    7.5000    7.5000  -30.0000 2645.5664    9.5396
   -7.5000   15.0000  -30.0000 2687.2974    9.3133
    0.0000   15.0000  -30.0000 2688.8000    9.2814
    7.5000   15.0000  -30.0000 2665.8489    9.4222
   -7.5000   22.5000  -30.0000 2681.9441    9.3816
    0.0000   22.5000  -30.0000 2686.8545    9.3529
    7.5000   22.5000  -30.0000 2664.9773    9.5151
   -7.5000   30.0000  -30.0000 2656.1770    9.6332
    0.0000   30.0000  -30.0000 2658.7444    9.6025
    7.5000   30.0000  -30.0000 2635.8005    9.7655
   -7.5000   37.5000  -30.0000 2615.0471   10.0768
    0.0000   37.5000  -30.0000 2619.2075   10.0514
    7.5000   37.5000  -30.0000 2591.4314   10.2061
   -7.5000   45.0000  -30.0000 2547.5149   10.7129
    0.0000   45.0000  -30.0000 2553.7134   10.6737
    7.5000   45.0000  -30.0000 2526.0520   10.8267
   -7.5000   52.5000  -30.0000 2436.6875   11.4724
    0.0000   52.5000  -30.0000 2440.0361   11.4386
    7.5000   52.5000  -30.0000 2416.4465   11.5981
   -7.5000  -37.5000  -22.5000 2157.0500   14.8604
    0.0000  -37.5000  -22.5000 2162.7798   14.7722
    7.5000  -37.5000  -22.5000 2147.2458   14.9132
   -7.5000  -30.0000  -22.5000 2310.1982   13.1322
    0.0000  -30.0000  -22.5000 2316.1179   13.0772
    7.5000  -30.0000  -22.5000 2292.6343   13.2026
   -7.5000  -22.5000  -22.5000 2448.9543   11.7775
    0.0000  -22.5000  -22.5000 2454.7163   11.7285
    7.5000  -22.5000  -22.5000 2431.3606   11.8576
   -7.5000  -15.0000  -22.5000 2560.8645   10.7421
    0.0000  -15.0000  -22.5000 2564.1082   10.6963
    7.5000  -15.0000  -22.5000 2547.2031   10.8208
   -7.5000   -7.5000  -22.5000 2656.8611    9.9568
    0.0000   -7.5000  -22.5000 2661.5593    9.9009
    7.5000   -7.5000  -22.5000 2642.6179   10.0177
   -7.5000    0.0000  -22.5000 2720.7014    9.3958
    0.0000    0.0000  -22.5000 2730.4668    9.3304
    7.5000    0.0000  -22.5000 2712.2600    9.4593
   -7.5000    7.5000  -22.5000 2769.4194    9.0200
    0.0000    7.5000  -22.5000 2777.0291    8.9664
    7.5000    7.5000  -22.5000 2756.9399    9.1106
   -7.5000   15.0000  -22.5000 2802.1890    8.8633
    0.0000   15.0000  -22.5000 2808.4839    8.8164
    7.5000   15.0000  -22.5000 2781.8901    8.9589
   -7.5000   22.5000  -22.5000 2806.2312    8.9117
    0.0000   22.5000  -22.5000 2812.7327    8.8665
    7.5000   22.5000  -22.5000 2783.4863    9.0340
   -7.5000   30.0000  -22.5000 2783.9561    9.1496
    0.0000   30.0000  -22.5000 2789.7168    9.1120
    7.5000   30.0000  -22.5000 2760.2698    9.2957
   -7.5000   37.5000  -22.5000 2734.7561    9.5866
    0.0000   37.5000  -22.5000 2742.3447    9.5417
    7.5000   37.5000  -22.5000 2715.3552    9.7116
   -7.5000   45.0000  -22.5000 2658.5576   10.1835
    0.0000   45.0000  -22.5000 2666.9153   10.1305
    7.5000   45.0000  -22.5000 2645.1003   10.2994
   -7.5000   52.5000  -22.5000 2537.8586   10.9275
    0.0000   52.5000  -22.5000 2542.9800   10.8784
    7.5000   52.5000  -22.5000 2523.8726   11.0605
   -7.5000  -37.5000  -15.0000 2190.4487   14.4994
    0.0000  -37.5000  -15.0000 2198.1143   14.4529
    7.5000  -37.5000  -15.0000 2179.3401   14.5560
   -7.5000  -30.0000  -15.0000 2343.6094   12.7900
    0.0000  -30.0000  -15.0000 2352.8735   12.7310
    7.5000  -30.0000  -15.0000 2328.4475   12.8428
   -7.5000  -22.5000  -15.0000 2480.0674   11.4283
    0.0000  -22.5000  -15.0000 2488.3298   11.3911
    7.5000  -22.5000  -15.0000 2469.8220   11.5188
   -7.5000  -15.0000  -15.0000 2598.3171   10.3883
    0.0000  -15.0000  -15.0000 2601.7783   10.3450
    7.5000  -15.0000  -15.0000 2588.3472   10.4710
   -7.5000   -7.5000  -15.0000 2706.5139    9.5915
    0.0000   -7.5000  -15.0000 2713.9136    9.5480
    7.5000   -7.5000  -15.0000 2696.3838    9.6784
   -7.5000    0.0000  -15.0000 2785.1094    9.0197
    0.0000    0.0000  -15.0000 2797.7212    8.9641
    7.5000    0.0000  -15.0000 2780.8713    9.1157
   -7.5000    7.5000  -15.0000 2840.1667    8.6401
    0.0000    7.5000  -15.0000 2850.1443    8.5888
    7.5000    7.5000  -15.0000 2828.2397    8.7372
   -7.5000   15.0000  -15.0000 2882.6863    8.4404
    0.0000   15.0000  -15.0000 2892.3503    8.3922
    7.5000   15.0000  -15.0000 2859.9084    8.5598
   -7.5000   22.5000  -15.0000 2891.6536    8.4636
    0.0000   22.5000  -15.0000 2902.8142    8.4286
    7.5000   22.5000  -15.0000 2868.9749    8.6307
   -7.5000   30.0000  -15.0000 2870.2832    8.7109
    0.0000   30.0000  -15.0000 2880.8247    8.6704
    7.5000   30.0000  -15.0000 2849.3857    8.8726
   -7.5000   37.5000  -15.0000 2813.8232    9.1337
    0.0000   37.5000  -15.0000 2827.6675    9.0748
    7.5000   37.5000  -15.0000 2802.1882    9.2626
   -7.5000   45.0000  -15.0000 2731.6602    9.7307
    0.0000   45.0000  -15.0000 2741.3059    9.6864
    7.5000   45.0000  -15.0000 2722.2188    9.8567
   -7.5000   52.5000  -15.0000 2605.9629   10.4658
    0.0000   52.5000  -15.0000 2615.0759   10.4256
    7.5000   52.5000  -15.0000 2592.2625   10.6020
   -7.5000  -37.5000   -7.5000 2207.0574   14.2151
    0.0000  -37.5000   -7.5000 2208.7390   14.1577
    7.5000  -37.5000   -7.5000 2197.2688   14.2795
   -7.5000  -30.0000   -7.5000 2359.7520   12.4926
    0.0000  -30.0000   -7.5000 2362.0720   12.4489
    7.5000  -30.0000   -7.5000 2346.3445   12.5642
   -7.5000  -22.5000   -7.5000 2495.7563   11.1467
    0.0000  -22.5000   -7.5000 2499.9771   11.1238
    7.5000  -22.5000   -7.5000 2485.0735   11.2481
   -7.5000  -15.0000   -7.5000 2608.8645   10.1037
    0.0000  -15.0000   -7.5000 2613.5889   10.0792
    7.5000  -15.0000   -7.5000 2598.0649   10.1913
   -7.5000   -7.5000   -7.5000 2726.5603    9.3020
    0.0000   -7.5000   -7.5000 2734.8367    9.2815
    7.5000   -7.5000   -7.5000 2717.4092    9.3928
   -7.5000    0.0000   -7.5000 2823.2783    8.7172
    0.0000    0.0000   -7.5000 2833.4810    8.6871
    7.5000    0.0000   -7.5000 2815.3735    8.7927
   -7.5000    7.5000   -7.5000 2891.4192    8.3200
    0.0000    7.5000   -7.5000 2902.1030    8.2914
    7.5000    7.5000   -7.5000 2878.2573    8.3997
   -7.5000   15.0000   -7.5000 2940.1262    8.0932
    0.0000   15.0000   -7.5000 2953.7935    8.0656
    7.5000   15.0000   -7.5000 2919.8997    8.2289
   -7.5000   22.5000   -7.5000 2955.5864    8.0666
    0.0000   22.5000   -7.5000 2969.6301    8.0535
    7.5000   22.5000   -7.5000 2935.1326    8.2675
   -7.5000   30.0000   -7.5000 2925.0317    8.3156
    0.0000   30.0000   -7.5000 2942.8682    8.3032
    7.5000   30.0000   -7.5000 2910.9207    8.5090
   -7.5000   37.5000   -7.5000 2870.5894    8.7551
    0.0000   37.5000   -7.5000 2884.8110    8.7220
    7.5000   37.5000   -7.5000 2858.7468    8.9130
   -7.5000   45.0000   -7.5000 2782.7515    9.3554
    0.0000   45.0000   -7.5000 2794.0361    9.3259
    7.5000   45.0000   -7.5000 2771.7397    9.4991
   -7.5000   52.5000   -7.5000 2651.6055   10.0679
    0.0000   52.5000   -7.5000 2660.1621   10.0462
    7.5000   52.5000   -7.5000 2639.9805   10.2315
   -7.5000  -37.5000    0.0000 2211.7612   14.0785
    0.0000  -37.5000    0.0000 2218.6311   13.9955
    7.5000  -37.5000    0.0000 2203.0667   14.1578
   -7.5000  -30.0000    0.0000 2357.3689   12.3378
    0.0000  -30.0000    0.0000 2364.7214   12.2702
    7.5000  -30.0000    0.0000 2351.3271   12.4258
   -7.5000  -22.5000    0.0000 2491.0581   11.0103
    0.0000  -22.5000    0.0000 2497.4958   10.9617
    7.5000  -22.5000    0.0000 2482.9075   11.0856
   -7.5000  -15.0000    0.0000 2607.9814    9.9651
    0.0000  -15.0000    0.0000 2610.0537    9.9237
    7.5000  -15.0000    0.0000 2599.0830   10.0412
   -7.5000   -7.5000    0.0000 2727.8640    9.1536
    0.0000   -7.5000    0.0000 2734.8274    9.1256
    7.5000   -7.5000    0.0000 2724.5918    9.2215
   -7.5000    0.0000    0.0000 2836.5022    8.5612
    0.0000    0.0000    0.0000 2846.4548    8.5317
    7.5000    0.0000    0.0000 2834.3252    8.6042
   -7.5000    7.5000    0.0000 2926.5576    8.1554
    0.0000    7.5000    0.0000 2940.6736    8.1345
    7.5000    7.5000    0.0000 2913.8728    8.1902
   -7.5000   15.0000    0.0000 2984.8992    7.9314
    0.0000   15.0000    0.0000 3002.6895    7.9151
    7.5000   15.0000    0.0000 2968.6409    8.0336
   -7.5000   22.5000    0.0000 3003.4126    7.8470
    0.0000   22.5000    0.0000 3019.9421    7.8864
    7.5000   22.5000    0.0000 2983.9802    8.0420
   -7.5000   30.0000    0.0000 2962.7717    8.1089
    0.0000   30.0000    0.0000 2978.7537    8.1128
    7.5000   30.0000    0.0000 2950.1323    8.2869
   -7.5000   37.5000    0.0000 2905.1396    8.5357
    0.0000   37.5000    0.0000 2919.5725    8.4919
    7.5000   37.5000    0.0000 2892.3086    8.6577
   -7.5000   45.0000    0.0000 2816.0720    9.1256
    0.0000   45.0000    0.0000 2828.0144    9.0595
    7.5000   45.0000    0.0000 2804.6765    9.2222
   -7.5000   52.5000    0.0000 2676.7024    9.8655
    0.0000   52.5000    0.0000 2691.1401    9.7913
    7.5000   52.5000    0.0000 2668.1631    9.9607
   -7.5000  -37.5000    7.5000 2202.8960   14.1848
    0.0000  -37.5000    7.5000 2212.0361   14.1154
    7.5000  -37.5000    7.5000 2196.2507   14.2560
   -7.5000  -30.0000    7.5000 2344.4319   12.3883
    0.0000  -30.0000    7.5000 2354.5693   12.3398
    7.5000  -30.0000    7.5000 2342.8525   12.4827
   -7.5000  -22.5000    7.5000 2475.8511   10.9982
    0.0000  -22.5000    7.5000 2482.5256   10.9701
    7.5000  -22.5000    7.5000 2476.3364   11.0895
   -7.5000  -15.0000    7.5000 2592.7739    9.9191
    0.0000  -15.0000    7.5000 2599.4661    9.8975
    7.5000  -15.0000    7.5000 2594.0774   10.0140
   -7.5000   -7.5000    7.5000 2712.7656    9.1044
    0.0000   -7.5000    7.5000 2724.7903    9.0830
    7.5000   -7.5000    7.5000 2720.8008    9.1731
   -7.5000    0.0000    7.5000 2826.8723    8.5086
    0.0000    0.0000    7.5000 2841.0381    8.5052
    7.5000    0.0000    7.5000 2833.0959    8.5527
   -7.5000    7.5000    7.5000 2934.8296    8.1520
    0.0000    7.5000    7.5000 2950.8877    8.1529
    7.5000    7.5000    7.5000 2926.0369    8.1436
   -7.5000   15.0000    7.5000 3016.3770    7.9602
    0.0000   15.0000    7.5000 3032.1206    7.9655
    7.5000   15.0000    7.5000 2989.0010    7.9678
   -7.5000   22.5000    7.5000 3039.8840    7.8876
    0.0000   22.5000    7.5000 3058.2715    7.8877
    7.5000   22.5000    7.5000 3011.9255    7.9475
   -7.5000   30.0000    7.5000 2988.3748    8.0550
    0.0000   30.0000    7.5000 3006.9924    8.0395
    7.5000   30.0000    7.5000 2973.5188    8.1610
   -7.5000   37.5000    7.5000 2918.3521    8.4188
    0.0000   37.5000    7.5000 2937.1204    8.3793
    7.5000   37.5000    7.5000 2909.5842    8.5344
   -7.5000   45.0000    7.5000 2821.9263    9.0078
    0.0000   45.0000    7.5000 2839.5581    8.9541
    7.5000   45.0000    7.5000 2819.3188    9.1164
   -7.5000   52.5000    7.5000 2685.9729    9.7480
    0.0000   52.5000    7.5000 2701.1992    9.6897
    7.5000   52.5000    7.5000 2682.2517    9.8529
   -7.5000  -37.5000   15.0000 2181.4824   14.3968
    0.0000  -37.5000   15.0000 2189.7307   14.4015
    7.5000  -37.5000   15.0000 2171.6594   14.5689
   -7.5000  -30.0000   15.0000 2320.9087   12.5416
    0.0000  -30.0000   15.0000 2329.1553   12.5235
    7.5000  -30.0000   15.0000 2319.8271   12.7045
   -7.5000  -22.5000   15.0000 2450.4431   11.1233
    0.0000  -22.5000   15.0000 2456.5315   11.0852
    7.5000  -22.5000   15.0000 2456.2261   11.2632
   -7.5000  -15.0000   15.0000 2565.3567   10.0585
    0.0000  -15.0000   15.0000 2573.1331   10.0167
    7.5000  -15.0000   15.0000 2575.5310   10.1618
   -7.5000   -7.5000   15.0000 2689.7891    9.2529
    0.0000   -7.5000   15.0000 2698.5303    9.2149
    7.5000   -7.5000   15.0000 2698.2898    9.3237
   -7.5000    0.0000   15.0000 2804.0676    8.6678
    0.0000    0.0000   15.0000 2814.0784    8.6429
    7.5000    0.0000   15.0000 2807.1221    8.6892
   -7.5000    7.5000   15.0000 2912.8066    8.2956
    0.0000    7.5000   15.0000 2929.1206    8.3013
    7.5000    7.5000   15.0000 2903.5481    8.2723
   -7.5000   15.0000   15.0000 2995.7822    8.0644
    0.0000   15.0000   15.0000 3010.1108    8.0480
    7.5000   15.0000   15.0000 2971.5620    8.0487
   -7.5000   22.5000   15.0000 3027.3918    8.0015
    0.0000   22.5000   15.0000 3046.8176    7.9547
    7.5000   22.5000   15.0000 2997.8860    8.0002
   -7.5000   30.0000   15.0000 2980.5247    8.2039
    0.0000   30.0000   15.0000 3004.3167    8.1558
    7.5000   30.0000   15.0000 2966.2219    8.2559
   -7.5000   37.5000   15.0000 2907.9460    8.5466
    0.0000   37.5000   15.0000 2924.4756    8.5325
    7.5000   37.5000   15.0000 2898.1228    8.6680
   -7.5000   45.0000   15.0000 2809.4976    9.0774
    0.0000   45.0000   15.0000 2824.1726    9.0522
    7.5000   45.0000   15.0000 2807.1675    9.2129
   -7.5000   52.5000   15.0000 2674.4590    9.7698
    0.0000   52.5000   15.0000 2684.6731    9.7128
    7.5000   52.5000   15.0000 2673.1953    9.8999
   -7.5000  -37.5000   22.5000 2144.5505   14.8531
    0.0000  -37.5000   22.5000 2152.6333   14.8148
    7.5000  -37.5000   22.5000 2139.9995   15.0144
   -7.5000  -30.0000   22.5000 2293.1504   12.9159
    0.0000  -30.0000   22.5000 2296.0710   12.8724
    7.5000  -30.0000   22.5000 2290.6394   13.0707
   -7.5000  -22.5000   22.5000 2425.9824   11.4785
    0.0000  -22.5000   22.5000 2427.3110   11.4025
    7.5000  -22.5000   22.5000 2426.7100   11.5858
   -7.5000  -15.0000   22.5000 2536.3689   10.3700
    0.0000  -15.0000   22.5000 2542.4841   10.3049
    7.5000  -15.0000   22.5000 2544.1550   10.4708
   -7.5000   -7.5000   22.5000 2657.5552    9.5675
    0.0000   -7.5000   22.5000 2666.5432    9.5013
    7.5000   -7.5000   22.5000 2664.9861    9.6265
   -7.5000    0.0000   22.5000 2769.1292    8.9447
    0.0000    0.0000   22.5000 2780.0774    8.8952
    7.5000    0.0000   22.5000 2776.4722    8.9884
   -7.5000    7.5000   22.5000 2871.1892    8.5125
    0.0000    7.5000   22.5000 2888.2292    8.4866
    7.5000    7.5000   22.5000 2870.5083    8.5615
   -7.5000   15.0000   22.5000 2945.2048    8.2203
    0.0000   15.0000   22.5000 2959.7439    8.1718
    7.5000   15.0000   22.5000 2932.5215    8.2617
   -7.5000   22.5000   22.5000 2975.7039    8.1489
    0.0000   22.5000   22.5000 2994.6851    8.0909
    7.5000   22.5000   22.5000 2960.4546    8.2292
   -7.5000   30.0000   22.5000 2942.7480    8.3797
    0.0000   30.0000   22.5000 2966.9539    8.3387
    7.5000   30.0000   22.5000 2937.3896    8.5045
   -7.5000   37.5000   22.5000 2873.2637    8.8003
    0.0000   37.5000   22.5000 2888.8779    8.7708
    7.5000   37.5000   22.5000 2867.5547    8.9467
   -7.5000   45.0000   22.5000 2775.6719    9.3762
    0.0000   45.0000   22.5000 2787.1169    9.3362
    7.5000   45.0000   22.5000 2774.8706    9.5055
   -7.5000   52.5000   22.5000 2640.0098   10.0366
    0.0000   52.5000   22.5000 2650.9712    9.9912
    7.5000   52.5000   22.5000 2640.7290   10.1670
   -7.5000  -37.5000   30.0000 2098.2725   15.4686
    0.0000  -37.5000   30.0000 2103.7192   15.3675
    7.5000  -37.5000   30.0000 2096.6096   15.5898
   -7.5000  -30.0000   30.0000 2254.1355   13.4806
    0.0000  -30.0000   30.0000 2252.5056   13.3581
    7.5000  -30.0000   30.0000 2250.8108   13.5999
   -7.5000  -22.5000   30.0000 2389.6611   11.9612
    0.0000  -22.5000   30.0000 2390.0537   11.8406
    7.5000  -22.5000   30.0000 2385.9875   12.0711
   -7.5000  -15.0000   30.0000 2499.8586   10.8404
    0.0000  -15.0000   30.0000 2507.0286   10.7092
    7.5000  -15.0000   30.0000 2503.1907   10.9241
   -7.5000   -7.5000   30.0000 2615.1360    9.9916
    0.0000   -7.5000   30.0000 2627.7585    9.8867
    7.5000   -7.5000   30.0000 2624.6309   10.0646
   -7.5000    0.0000   30.0000 2726.0190    9.3396
    0.0000    0.0000   30.0000 2738.0754    9.2685
    7.5000    0.0000   30.0000 2735.3789    9.4081
   -7.5000    7.5000   30.0000 2816.9846    8.8840
    0.0000    7.5000   30.0000 2833.9797    8.7993
    7.5000    7.5000   30.0000 2824.9153    8.9354
   -7.5000   15.0000   30.0000 2872.8328    8.5639
    0.0000   15.0000   30.0000 2894.9963    8.4735
    7.5000   15.0000   30.0000 2874.1409    8.6226
   -7.5000   22.5000   30.0000 2901.4873    8.5061
    0.0000   22.5000   30.0000 2922.5706    8.4426
    7.5000   22.5000   30.0000 2902.1160    8.5921
   -7.5000   30.0000   30.0000 2877.8354    8.6979
    0.0000   30.0000   30.0000 2897.4192    8.6666
    7.5000   30.0000   30.0000 2876.2844    8.8269
   -7.5000   37.5000   30.0000 2816.1147    9.1337
    0.0000   37.5000   30.0000 2829.3853    9.0908
    7.5000   37.5000   30.0000 2815.5415    9.2643
   -7.5000   45.0000   30.0000 2724.8931    9.7380
    0.0000   45.0000   30.0000 2735.6013    9.6799
    7.5000   45.0000   30.0000 2725.4360    9.8421
   -7.5000   52.5000   30.0000 2591.8184   10.4158
    0.0000   52.5000   30.0000 2604.4229   10.3600
    7.5000   52.5000   30.0000 2594.9380   10.5134
   -7.5000  -37.5000   37.5000 2049.7615   16.2464
    0.0000  -37.5000   37.5000 2052.9834   16.0719
    7.5000  -37.5000   37.5000 2052.4443   16.3837
   -7.5000  -30.0000   37.5000 2207.0691   14.1600
    0.0000  -30.0000   37.5000 2206.3616   13.9701
    7.5000  -30.0000   37.5000 2210.2283   14.2818
   -7.5000  -22.5000   37.5000 2342.6133   12.5773
    0.0000  -22.5000   37.5000 2347.5549   12.3837
    7.5000  -22.5000   37.5000 2345.9568   12.6890
   -7.5000  -15.0000   37.5000 2458.2244   11.4265
    0.0000  -15.0000   37.5000 2464.8567   11.2305
    7.5000  -15.0000   37.5000 2463.8215   11.5060
   -7.5000   -7.5000   37.5000 2570.0654   10.5441
    0.0000   -7.5000   37.5000 2580.9861   10.4020
    7.5000   -7.5000   37.5000 2578.9541   10.6162
   -7.5000    0.0000   37.5000 2675.3730    9.8753
    0.0000    0.0000   37.5000 2689.5073    9.7548
    7.5000    0.0000   37.5000 2683.3599    9.9202
   -7.5000    7.5000   37.5000 2756.5718    9.3709
    0.0000    7.5000   37.5000 2773.6206    9.2516
    7.5000    7.5000   37.5000 2764.0623    9.4080
   -7.5000   15.0000   37.5000 2800.5820    9.0599
    0.0000   15.0000   37.5000 2824.9827    8.9401
    7.5000   15.0000   37.5000 2806.8655    9.1104
   -7.5000   22.5000   37.5000 2820.6741    9.0182
    0.0000   22.5000   37.5000 2837.6492    8.9373
    7.5000   22.5000   37.5000 2824.0540    9.0925
   -7.5000   30.0000   37.5000 2795.0393    9.1703
    0.0000   30.0000   37.5000 2812.2139    9.1400
    7.5000   30.0000   37.5000 2801.9690    9.2912
   -7.5000   37.5000   37.5000 2744.5129    9.5924
    0.0000   37.5000   37.5000 2759.1460    9.5448
    7.5000   37.5000   37.5000 2751.3401    9.7006
   -7.5000   45.0000   37.5000 2660.9570   10.1940
    0.0000   45.0000   37.5000 2674.2141   10.1228
    7.5000   45.0000   37.5000 2661.2112   10.2735
   -7.5000   52.5000   37.5000 2535.9873   10.8771
    0.0000   52.5000   37.5000 2551.8535   10.8071
    7.5000   52.5000   37.5000 2537.4143   10.9527
   -7.5000  -37.5000   45.0000 1999.7384   17.2014
    0.0000  -37.5000   45.0000 2005.5366   16.9588
    7.5000  -37.5000   45.0000 1999.7966   17.3299
   -7.5000  -30.0000   45.0000 2153.6709   14.9904
    0.0000  -30.0000   45.0000 2160.8186   14.7550
    7.5000  -30.0000   45.0000 2159.9053   15.1019
   -7.5000  -22.5000   45.0000 2293.2603   13.3594
    0.0000  -22.5000   45.0000 2300.9014   13.1250
    7.5000  -22.5000   45.0000 2297.4795   13.4520
   -7.5000  -15.0000   45.0000 2409.8464   12.1439
    0.0000  -15.0000   45.0000 2416.5596   11.9444
    7.5000  -15.0000   45.0000 2414.3303   12.2110
   -7.5000   -7.5000   45.0000 2511.7275   11.2398
    0.0000   -7.5000   45.0000 2521.7007   11.0700
    7.5000   -7.5000   45.0000 2518.7671   11.2873
   -7.5000    0.0000   45.0000 2609.3054   10.5383
    0.0000    0.0000   45.0000 2626.4265   10.3697
    7.5000    0.0000   45.0000 2617.5083   10.5598
   -7.5000    7.5000   45.0000 2679.4927   10.0050
    0.0000    7.5000   45.0000 2700.3521    9.8438
    7.5000    7.5000   45.0000 2689.4565   10.0256
   -7.5000   15.0000   45.0000 2719.5059    9.7117
    0.0000   15.0000   45.0000 2741.7830    9.5664
    7.5000   15.0000   45.0000 2728.0713    9.7237
   -7.5000   22.5000   45.0000 2731.4641    9.6646
    0.0000   22.5000   45.0000 2748.1772    9.5586
    7.5000   22.5000   45.0000 2738.0408    9.7028
   -7.5000   30.0000   45.0000 2712.6208    9.7806
    0.0000   30.0000   45.0000 2726.6587    9.7266
    7.5000   30.0000   45.0000 2718.5684    9.8725
   -7.5000   37.5000   45.0000 2661.6533   10.1961
    0.0000   37.5000   45.0000 2679.2129   10.1148
    7.5000   37.5000   45.0000 2674.7314   10.2596
   -7.5000   45.0000   45.0000 2588.2659   10.7760
    0.0000   45.0000   45.0000 2606.1023   10.6781
    7.5000   45.0000   45.0000 2594.0679   10.8160
   -7.5000   52.5000   45.0000 2472.2642   11.4609
    0.0000   52.5000   45.0000 2487.9778   11.3646
    7.5000   52.5000   45.0000 2471.8992   11.5059

---------------------------------------------------------------------
imgreg_4dfp /opt/freesurfer/average/711-2C_as_mni_average_305 /opt/freesurfer/average/711-2B_as_mni_average_305_mask talsrcimg_g11 none talsrcimg_to_711-2C_as_mni_average_305_t4 1283
---------------------------------------------------------------------

freesurfer imgreg_4dfp.c
/opt/freesurfer/average/711-2C_as_mni_average_305.4dfp.img
       256       256       256         1
  1.000000  1.000000  1.000000
orientation T byte_order littleendian
Reading image: /opt/freesurfer/average/711-2C_as_mni_average_305.4dfp.img
dimensions:      256       256       256
mmppix:       1.0000   -1.0000   -1.0000
center:     128.0000 -129.0000 -129.0000
/opt/freesurfer/average/711-2B_as_mni_average_305_mask.4dfp.img
       256       256       256         1
  1.000000  1.000000  1.000000
orientation T byte_order littleendian
Reading mask: /opt/freesurfer/average/711-2B_as_mni_average_305_mask.4dfp.img (2306576 pixels)
talsrcimg_g11.4dfp.img
       256       256       256         1
  1.000000  1.000000  1.000000
orientation T byte_order littleendian
Reading image: talsrcimg_g11.4dfp.img
dimensions:      256       256       256
mmppix:       1.0000   -1.0000   -1.0000
center:     128.0000 -129.0000 -129.0000
rotation matrix determinant  1.000000
fimgreg.f
image alignment mode   1283 decimal      503 hex
parameters
    0.0000   22.5000    7.5000    0.0000    0.0000    0.0000
eta,q 0.95875  7.91746
niter,ni,del,rscale     5    3   12.0000    1.2000
parameter  2  0.544894 ->  0.500000 qaram    1.1500
parameter  5  1.011475 ->  0.500000 qaram    1.1500
parameter  6  0.602084 ->  0.500000 qaram    1.1500
parameters
   -1.4218   19.0500   10.0946   -0.7031   -3.4500   -3.4500
eta,q 0.96864  7.96054
  0.0484  0.0419  0.0479  0.0429  0.0343  0.0334
  0.0443  0.0398  0.0445  0.0406  0.0338  0.0314
  0.0424  0.0404  0.0422  0.0387  0.0351  0.0319
  0.0433  0.0421  0.0400  0.0389  0.0384  0.0339
  0.0467  0.0448  0.0388  0.0402  0.0429  0.0372
  0.0505  0.0482  0.0392  0.0422  0.0474  0.0416
  0.0543  0.0528  0.0408  0.0450  0.0519  0.0455
niter,ni,del,rscale     7    3   12.0000    1.2000
parameters
   -0.9267   20.6803    9.9745   -2.9996   -5.7532   -3.4406
eta,q 0.97168  7.98678
  0.0495  0.0529  0.0381  0.0331  0.0328  0.0382
  0.0405  0.0424  0.0344  0.0296  0.0300  0.0336
  0.0340  0.0349  0.0318  0.0294  0.0283  0.0298
  0.0314  0.0314  0.0313  0.0312  0.0293  0.0283
  0.0330  0.0316  0.0321  0.0336  0.0333  0.0298
  0.0378  0.0337  0.0344  0.0365  0.0383  0.0333
  0.0439  0.0388  0.0389  0.0396  0.0444  0.0382
niter,ni,del,rscale     6    3   12.0000    1.2000
parameters
   -0.1309   21.5967    9.0347   -4.2250   -6.0118   -3.5061
eta,q 0.97271  8.01263
  0.0483  0.0473  0.0337  0.0325  0.0364  0.0362
  0.0398  0.0396  0.0299  0.0296  0.0316  0.0321
  0.0324  0.0317  0.0283  0.0272  0.0287  0.0286
  0.0283  0.0280  0.0284  0.0281  0.0272  0.0273
  0.0288  0.0300  0.0301  0.0307  0.0285  0.0285
  0.0332  0.0338  0.0332  0.0336  0.0327  0.0321
  0.0408  0.0396  0.0383  0.0368  0.0380  0.0368
niter,ni,del,rscale     5    3   12.0000    1.2000
parameters
   -0.0435   21.9490    8.8075   -4.6966   -6.0208   -3.5381
eta,q 0.97279  8.01906
  0.0444  0.0437  0.0349  0.0335  0.0369  0.0360
  0.0358  0.0372  0.0299  0.0309  0.0319  0.0320
  0.0293  0.0300  0.0277  0.0277  0.0289  0.0286
  0.0273  0.0273  0.0275  0.0275  0.0272  0.0272
  0.0295  0.0298  0.0287  0.0296  0.0281  0.0282
  0.0353  0.0342  0.0312  0.0322  0.0320  0.0318
  0.0432  0.0411  0.0355  0.0352  0.0372  0.0365
niter,ni,del,rscale     4    3   12.0000    1.2000
parameters
   -0.0301   22.1051    8.7105   -4.8899   -6.0129   -3.5521
eta,q 0.97281  8.02070
  0.0439  0.0427  0.0352  0.0340  0.0369  0.0359
  0.0352  0.0364  0.0299  0.0313  0.0320  0.0320
  0.0290  0.0296  0.0276  0.0280  0.0288  0.0287
  0.0272  0.0272  0.0273  0.0273  0.0272  0.0272
  0.0296  0.0298  0.0284  0.0292  0.0280  0.0281
  0.0355  0.0345  0.0309  0.0318  0.0319  0.0317
  0.0433  0.0419  0.0350  0.0347  0.0371  0.0364
niter,ni,del,rscale     3    3   12.0000    1.2000
parameters
   -0.0290   22.1675    8.6704   -4.9696   -6.0070   -3.5598
eta,q 0.97282  8.02114
  0.0438  0.0422  0.0353  0.0343  0.0369  0.0359
  0.0351  0.0360  0.0298  0.0315  0.0319  0.0320
  0.0289  0.0295  0.0275  0.0282  0.0288  0.0287
  0.0272  0.0272  0.0272  0.0272  0.0272  0.0272
  0.0296  0.0298  0.0282  0.0290  0.0280  0.0280
  0.0355  0.0346  0.0307  0.0317  0.0319  0.0316
  0.0433  0.0422  0.0348  0.0344  0.0371  0.0364
niter,ni,del,rscale     2    3   12.0000    1.2000
parameters
   -0.0305   22.1928    8.6522   -5.0046   -6.0030   -3.5636
eta,q 0.97283  8.02127
  0.0438  0.0421  0.0354  0.0343  0.0369  0.0358
  0.0351  0.0358  0.0298  0.0316  0.0319  0.0320
  0.0288  0.0295  0.0275  0.0283  0.0288  0.0287
  0.0272  0.0272  0.0272  0.0272  0.0272  0.0272
  0.0296  0.0298  0.0282  0.0290  0.0280  0.0280
  0.0355  0.0347  0.0307  0.0316  0.0319  0.0316
  0.0433  0.0424  0.0347  0.0344  0.0371  0.0364
registration optimization eta report
parameter search radius
    6.0000    6.9000    6.0000    6.0000    6.9000    6.9000
100000*second partial in parameter space
       45.       31.       22.       19.       20.       19.
  0.0438  0.0421  0.0354  0.0343  0.0369  0.0358
  0.0351  0.0358  0.0298  0.0316  0.0319  0.0320
  0.0288  0.0295  0.0275  0.0283  0.0288  0.0287
  0.0272  0.0272  0.0272  0.0272  0.0272  0.0272
  0.0296  0.0298  0.0282  0.0290  0.0280  0.0280
  0.0355  0.0347  0.0307  0.0316  0.0319  0.0316
  0.0433  0.0424  0.0347  0.0344  0.0371  0.0364
   -0.0305   22.1928    8.6522   -5.0046   -6.0030   -3.5636
eta,q 0.97283  8.02127

---------------------------------------------------------------------
imgreg_4dfp /opt/freesurfer/average/711-2C_as_mni_average_305 /opt/freesurfer/average/711-2B_as_mni_average_305_mask talsrcimg_g11 none talsrcimg_to_711-2C_as_mni_average_305_t4 3335
---------------------------------------------------------------------

freesurfer imgreg_4dfp.c
/opt/freesurfer/average/711-2C_as_mni_average_305.4dfp.img
       256       256       256         1
  1.000000  1.000000  1.000000
orientation T byte_order littleendian
Reading image: /opt/freesurfer/average/711-2C_as_mni_average_305.4dfp.img
dimensions:      256       256       256
mmppix:       1.0000   -1.0000   -1.0000
center:     128.0000 -129.0000 -129.0000
/opt/freesurfer/average/711-2B_as_mni_average_305_mask.4dfp.img
       256       256       256         1
  1.000000  1.000000  1.000000
orientation T byte_order littleendian
Reading mask: /opt/freesurfer/average/711-2B_as_mni_average_305_mask.4dfp.img (2306576 pixels)
talsrcimg_g11.4dfp.img
       256       256       256         1
  1.000000  1.000000  1.000000
orientation T byte_order littleendian
Reading image: talsrcimg_g11.4dfp.img
dimensions:      256       256       256
mmppix:       1.0000   -1.0000   -1.0000
center:     128.0000 -129.0000 -129.0000
fimgreg.f
image alignment mode   3335 decimal      D07 hex
parameters
   -0.0305   22.1928    8.6522   -0.7407   -0.5171   -0.9275
    5.2813   10.9403   -6.1815    8.0591  -10.4581   -8.6757
eta,q 0.97299  8.00077
niter,ni,del,rscale     5    3    5.0000    1.2000
parameter  5  1.647158 ->  0.500000 qaram    1.1500
parameters
   -0.1521   22.2895    8.8490   -3.2918   -4.6571   -3.8012
    4.7703   11.5595   -4.7461    8.4560   -9.8657  -10.7581
eta,q 0.97658  7.78124
  0.0297  0.0295  0.0292  0.0277  0.0221  0.0244  0.0255  0.0279  0.0258  0.0268  0.0247  0.0241
  0.0282  0.0280  0.0280  0.0272  0.0234  0.0237  0.0244  0.0258  0.0247  0.0251  0.0241  0.0236
  0.0273  0.0272  0.0273  0.0270  0.0251  0.0237  0.0238  0.0244  0.0240  0.0240  0.0237  0.0234
  0.0270  0.0270  0.0270  0.0270  0.0270  0.0239  0.0237  0.0236  0.0236  0.0236  0.0235  0.0235
  0.0274  0.0273  0.0272  0.0278  0.0294  0.0250  0.0240  0.0238  0.0236  0.0237  0.0236  0.0239
  0.0286  0.0280  0.0277  0.0296  0.0325  0.0274  0.0248  0.0248  0.0239  0.0245  0.0239  0.0246
  0.0304  0.0289  0.0285  0.0324  0.0360  0.0308  0.0260  0.0268  0.0245  0.0263  0.0244  0.0255
niter,ni,del,rscale     5    3    5.0000    1.2000
parameter  5  0.854109 ->  0.500000 qaram    1.3225
parameters
   -0.1629   21.8710    8.4646   -2.9289   -9.4181   -3.4533
    4.5068   11.5544   -4.8851    9.5794   -9.4156  -11.5759
eta,q 0.97934  7.69270
  0.0261  0.0247  0.0244  0.0248  0.0210  0.0235  0.0233  0.0248  0.0229  0.0251  0.0219  0.0219
  0.0246  0.0238  0.0237  0.0240  0.0208  0.0222  0.0220  0.0228  0.0218  0.0233  0.0213  0.0211
  0.0237  0.0234  0.0234  0.0236  0.0217  0.0213  0.0211  0.0214  0.0211  0.0219  0.0209  0.0207
  0.0234  0.0234  0.0234  0.0233  0.0233  0.0209  0.0209  0.0209  0.0209  0.0209  0.0207  0.0207
  0.0237  0.0239  0.0236  0.0232  0.0251  0.0207  0.0213  0.0213  0.0212  0.0208  0.0208  0.0210
  0.0247  0.0247  0.0243  0.0235  0.0277  0.0214  0.0223  0.0226  0.0219  0.0217  0.0211  0.0216
  0.0261  0.0262  0.0254  0.0248  0.0314  0.0234  0.0236  0.0250  0.0230  0.0233  0.0217  0.0225
niter,ni,del,rscale     5    3    5.0000    1.2000
parameters
   -0.2031   21.7583    8.6185   -2.5259  -11.4801   -3.0401
    4.4822   11.5196   -4.9951    9.9543   -9.3004  -11.8749
eta,q 0.97974  7.66265
  0.0236  0.0233  0.0224  0.0225  0.0235  0.0231  0.0231  0.0243  0.0225  0.0239  0.0214  0.0216
  0.0219  0.0218  0.0215  0.0216  0.0215  0.0217  0.0216  0.0222  0.0213  0.0223  0.0208  0.0209
  0.0210  0.0209  0.0209  0.0209  0.0205  0.0208  0.0206  0.0208  0.0206  0.0211  0.0204  0.0204
  0.0207  0.0207  0.0206  0.0206  0.0206  0.0204  0.0203  0.0203  0.0203  0.0203  0.0203  0.0203
  0.0211  0.0211  0.0207  0.0206  0.0222  0.0201  0.0207  0.0207  0.0206  0.0204  0.0204  0.0205
  0.0221  0.0222  0.0212  0.0210  0.0242  0.0208  0.0217  0.0221  0.0214  0.0216  0.0207  0.0210
  0.0237  0.0238  0.0220  0.0223  0.0272  0.0229  0.0231  0.0245  0.0227  0.0235  0.0214  0.0218
niter,ni,del,rscale     4    3    5.0000    1.2000
parameters
   -0.1762   21.7437    8.7751   -2.1492  -11.7313   -2.9273
    4.4511   11.5008   -5.0643   10.0094   -9.2025  -11.8407
eta,q 0.97979  7.66927
  0.0234  0.0232  0.0220  0.0223  0.0248  0.0229  0.0230  0.0243  0.0224  0.0236  0.0214  0.0217
  0.0217  0.0215  0.0211  0.0213  0.0225  0.0215  0.0215  0.0221  0.0213  0.0220  0.0208  0.0209
  0.0206  0.0205  0.0205  0.0206  0.0209  0.0206  0.0205  0.0207  0.0205  0.0208  0.0204  0.0204
  0.0203  0.0203  0.0203  0.0203  0.0202  0.0202  0.0202  0.0202  0.0202  0.0202  0.0202  0.0202
  0.0206  0.0207  0.0204  0.0202  0.0210  0.0201  0.0206  0.0206  0.0205  0.0204  0.0203  0.0204
  0.0216  0.0217  0.0208  0.0207  0.0229  0.0209  0.0216  0.0220  0.0213  0.0218  0.0207  0.0209
  0.0232  0.0231  0.0216  0.0222  0.0252  0.0232  0.0231  0.0245  0.0225  0.0237  0.0213  0.0216
niter,ni,del,rscale     3    3    5.0000    1.2000
parameters
   -0.1514   21.7336    8.7938   -2.1281  -11.7752   -2.9136
    4.4548   11.4951   -5.0880   10.0027   -9.1960  -11.8325
eta,q 0.97979  7.66891
  0.0233  0.0231  0.0218  0.0222  0.0250  0.0228  0.0231  0.0243  0.0225  0.0236  0.0213  0.0216
  0.0216  0.0215  0.0210  0.0212  0.0226  0.0215  0.0216  0.0221  0.0213  0.0219  0.0207  0.0209
  0.0206  0.0205  0.0204  0.0205  0.0210  0.0206  0.0205  0.0207  0.0205  0.0208  0.0204  0.0204
  0.0202  0.0202  0.0202  0.0202  0.0202  0.0202  0.0202  0.0202  0.0202  0.0202  0.0202  0.0202
  0.0205  0.0206  0.0204  0.0202  0.0209  0.0201  0.0206  0.0206  0.0205  0.0205  0.0203  0.0204
  0.0215  0.0216  0.0209  0.0208  0.0228  0.0210  0.0216  0.0220  0.0213  0.0218  0.0207  0.0209
  0.0232  0.0231  0.0218  0.0225  0.0250  0.0233  0.0230  0.0244  0.0225  0.0238  0.0214  0.0216
niter,ni,del,rscale     2    3    5.0000    1.2000
parameters
   -0.1487   21.7318    8.7992   -2.1180  -11.7809   -2.9130
    4.4613   11.4950   -5.0893   10.0016   -9.1922  -11.8204
eta,q 0.97978  7.66900
  0.0233  0.0231  0.0218  0.0222  0.0250  0.0228  0.0231  0.0243  0.0225  0.0236  0.0213  0.0217
  0.0216  0.0215  0.0209  0.0212  0.0226  0.0215  0.0216  0.0221  0.0213  0.0219  0.0207  0.0209
  0.0206  0.0205  0.0204  0.0205  0.0210  0.0206  0.0205  0.0207  0.0205  0.0208  0.0204  0.0204
  0.0202  0.0202  0.0202  0.0202  0.0202  0.0202  0.0202  0.0202  0.0202  0.0202  0.0202  0.0202
  0.0206  0.0206  0.0204  0.0202  0.0209  0.0201  0.0206  0.0206  0.0205  0.0205  0.0203  0.0204
  0.0216  0.0216  0.0209  0.0208  0.0227  0.0210  0.0216  0.0220  0.0213  0.0218  0.0207  0.0209
  0.0233  0.0230  0.0218  0.0225  0.0250  0.0233  0.0230  0.0244  0.0225  0.0238  0.0214  0.0216
registration optimization eta report
parameter search radius
    2.4000    2.4000    2.4000    7.2000    9.5220    7.2000
    7.2000    7.2000    7.2000    7.2000    7.2000    7.2000
100000*second partial in parameter space
       53.       50.       27.        4.        5.        6.
        5.        8.        4.        7.        2.        3.
  0.0233  0.0231  0.0218  0.0222  0.0250  0.0228  0.0231  0.0243  0.0225  0.0236  0.0213  0.0217
  0.0216  0.0215  0.0209  0.0212  0.0226  0.0215  0.0216  0.0221  0.0213  0.0219  0.0207  0.0209
  0.0206  0.0205  0.0204  0.0205  0.0210  0.0206  0.0205  0.0207  0.0205  0.0208  0.0204  0.0204
  0.0202  0.0202  0.0202  0.0202  0.0202  0.0202  0.0202  0.0202  0.0202  0.0202  0.0202  0.0202
  0.0206  0.0206  0.0204  0.0202  0.0209  0.0201  0.0206  0.0206  0.0205  0.0205  0.0203  0.0204
  0.0216  0.0216  0.0209  0.0208  0.0227  0.0210  0.0216  0.0220  0.0213  0.0218  0.0207  0.0209
  0.0233  0.0230  0.0218  0.0225  0.0250  0.0233  0.0230  0.0244  0.0225  0.0238  0.0214  0.0216
   -0.1487   21.7318    8.7992   -2.1180  -11.7809   -2.9130
    4.4613   11.4950   -5.0893   10.0016   -9.1922  -11.8204
eta,q 0.97978  7.66900

---------------------------------------------------------------------
imgreg_4dfp /opt/freesurfer/average/711-2C_as_mni_average_305 /opt/freesurfer/average/711-2B_as_mni_average_305_mask talsrcimg_g11 none talsrcimg_to_711-2C_as_mni_average_305_t4 2311
---------------------------------------------------------------------

freesurfer imgreg_4dfp.c
/opt/freesurfer/average/711-2C_as_mni_average_305.4dfp.img
       256       256       256         1
  1.000000  1.000000  1.000000
orientation T byte_order littleendian
Reading image: /opt/freesurfer/average/711-2C_as_mni_average_305.4dfp.img
dimensions:      256       256       256
mmppix:       1.0000   -1.0000   -1.0000
center:     128.0000 -129.0000 -129.0000
/opt/freesurfer/average/711-2B_as_mni_average_305_mask.4dfp.img
       256       256       256         1
  1.000000  1.000000  1.000000
orientation T byte_order littleendian
Reading mask: /opt/freesurfer/average/711-2B_as_mni_average_305_mask.4dfp.img (2306576 pixels)
talsrcimg_g11.4dfp.img
       256       256       256         1
  1.000000  1.000000  1.000000
orientation T byte_order littleendian
Reading image: talsrcimg_g11.4dfp.img
dimensions:      256       256       256
mmppix:       1.0000   -1.0000   -1.0000
center:     128.0000 -129.0000 -129.0000
fimgreg.f
image alignment mode   2311 decimal      907 hex
parameters
   -0.1487   21.7318    8.7992   -2.1180  -11.7809   -2.9130
    4.4613   11.4950   -5.0893   10.0016   -9.1922  -11.8204
eta,q 0.97978  7.66900
niter,ni,del,rscale     5    3    5.0000    0.8000
parameters
   -0.1418   21.6875    8.8183   -1.4402  -11.8677   -2.2634
    4.3604   11.5690   -5.1246   10.2268   -9.0646  -12.0436
eta,q 0.97993  7.70624
  0.0216  0.0215  0.0209  0.0212  0.0216  0.0215  0.0214  0.0222  0.0211  0.0219  0.0207  0.0207
  0.0208  0.0207  0.0205  0.0207  0.0209  0.0208  0.0207  0.0210  0.0206  0.0210  0.0203  0.0203
  0.0204  0.0203  0.0203  0.0204  0.0204  0.0204  0.0202  0.0204  0.0202  0.0204  0.0201  0.0201
  0.0202  0.0202  0.0202  0.0202  0.0202  0.0202  0.0201  0.0201  0.0201  0.0201  0.0201  0.0201
  0.0204  0.0204  0.0203  0.0202  0.0203  0.0200  0.0203  0.0203  0.0202  0.0201  0.0201  0.0202
  0.0208  0.0209  0.0205  0.0203  0.0209  0.0202  0.0208  0.0209  0.0206  0.0207  0.0203  0.0205
  0.0216  0.0216  0.0209  0.0208  0.0218  0.0210  0.0215  0.0221  0.0212  0.0217  0.0206  0.0208
niter,ni,del,rscale     4    3    5.0000    0.7000
parameters
   -0.1018   21.6830    8.7735   -1.4550  -11.8693   -2.1851
    4.3279   11.5780   -5.1328   10.3342   -9.0792  -12.1413
eta,q 0.97995  7.70933
  0.0212  0.0211  0.0206  0.0207  0.0212  0.0209  0.0211  0.0216  0.0209  0.0214  0.0205  0.0206
  0.0206  0.0205  0.0203  0.0204  0.0207  0.0205  0.0205  0.0208  0.0204  0.0208  0.0202  0.0203
  0.0202  0.0202  0.0201  0.0202  0.0203  0.0203  0.0202  0.0202  0.0201  0.0203  0.0201  0.0201
  0.0201  0.0201  0.0201  0.0201  0.0201  0.0201  0.0201  0.0201  0.0201  0.0201  0.0200  0.0200
  0.0202  0.0202  0.0201  0.0201  0.0201  0.0200  0.0202  0.0202  0.0202  0.0201  0.0201  0.0201
  0.0205  0.0205  0.0204  0.0203  0.0206  0.0203  0.0206  0.0207  0.0204  0.0206  0.0202  0.0203
  0.0211  0.0211  0.0207  0.0208  0.0213  0.0211  0.0211  0.0216  0.0209  0.0214  0.0205  0.0206
niter,ni,del,rscale     3    3    5.0000    0.6000
parameters
   -0.1015   21.6900    8.7629   -1.3030  -11.8518   -2.0087
    4.3020   11.5791   -5.1384   10.4246   -9.0637  -12.2360
eta,q 0.97999  7.71939
  0.0209  0.0208  0.0205  0.0205  0.0209  0.0207  0.0208  0.0212  0.0206  0.0211  0.0204  0.0204
  0.0204  0.0204  0.0202  0.0203  0.0205  0.0204  0.0204  0.0205  0.0203  0.0206  0.0202  0.0202
  0.0201  0.0201  0.0201  0.0201  0.0202  0.0202  0.0201  0.0202  0.0201  0.0202  0.0201  0.0201
  0.0200  0.0201  0.0200  0.0200  0.0200  0.0200  0.0200  0.0200  0.0200  0.0200  0.0200  0.0200
  0.0201  0.0201  0.0201  0.0200  0.0201  0.0200  0.0201  0.0201  0.0201  0.0201  0.0201  0.0201
  0.0204  0.0204  0.0202  0.0202  0.0204  0.0202  0.0204  0.0205  0.0203  0.0204  0.0202  0.0202
  0.0209  0.0208  0.0205  0.0205  0.0210  0.0207  0.0208  0.0212  0.0206  0.0211  0.0204  0.0205
niter,ni,del,rscale     2    3    5.0000    0.5000
parameters
   -0.0915   21.6933    8.7474   -1.2307  -11.8160   -1.8194
    4.2627   11.5765   -5.1383   10.5004   -9.0865  -12.3448
eta,q 0.98001  7.72809
  0.0206  0.0206  0.0203  0.0203  0.0207  0.0205  0.0205  0.0208  0.0204  0.0208  0.0202  0.0203
  0.0203  0.0203  0.0201  0.0202  0.0204  0.0203  0.0202  0.0204  0.0202  0.0204  0.0201  0.0201
  0.0201  0.0201  0.0200  0.0201  0.0201  0.0201  0.0200  0.0201  0.0200  0.0201  0.0200  0.0200
  0.0200  0.0200  0.0200  0.0200  0.0200  0.0200  0.0200  0.0200  0.0200  0.0200  0.0200  0.0200
  0.0201  0.0201  0.0201  0.0200  0.0201  0.0200  0.0201  0.0201  0.0200  0.0200  0.0200  0.0200
  0.0203  0.0203  0.0202  0.0201  0.0203  0.0201  0.0203  0.0204  0.0202  0.0203  0.0201  0.0202
  0.0206  0.0206  0.0203  0.0204  0.0207  0.0205  0.0206  0.0208  0.0204  0.0207  0.0202  0.0203
niter,ni,del,rscale     1    3    5.0000    0.4000
parameters
   -0.0839   21.6985    8.7349   -1.1566  -11.7803   -1.5985
    4.2337   11.5715   -5.1292   10.5715   -9.0950  -12.4593
eta,q 0.98004  7.73722
  0.0204  0.0203  0.0202  0.0202  0.0204  0.0203  0.0203  0.0205  0.0202  0.0205  0.0201  0.0202
  0.0202  0.0201  0.0201  0.0201  0.0202  0.0202  0.0201  0.0202  0.0201  0.0202  0.0200  0.0200
  0.0200  0.0200  0.0200  0.0200  0.0201  0.0201  0.0200  0.0200  0.0200  0.0201  0.0200  0.0200
  0.0200  0.0200  0.0200  0.0200  0.0200  0.0200  0.0200  0.0200  0.0200  0.0200  0.0200  0.0200
  0.0200  0.0200  0.0200  0.0200  0.0200  0.0200  0.0200  0.0200  0.0200  0.0200  0.0200  0.0200
  0.0201  0.0201  0.0201  0.0201  0.0202  0.0200  0.0201  0.0202  0.0201  0.0202  0.0200  0.0201
  0.0203  0.0203  0.0202  0.0202  0.0204  0.0203  0.0203  0.0205  0.0202  0.0205  0.0201  0.0202
registration optimization eta report
parameter search radius
    0.8000    0.8000    0.8000    2.4000    2.4000    2.4000
    2.4000    2.4000    2.4000    2.4000    2.4000    2.4000
100000*second partial in parameter space
       57.       56.       33.        4.        8.        6.
        6.       10.        5.        9.        3.        4.
  0.0204  0.0203  0.0202  0.0202  0.0204  0.0203  0.0203  0.0205  0.0202  0.0205  0.0201  0.0202
  0.0202  0.0201  0.0201  0.0201  0.0202  0.0202  0.0201  0.0202  0.0201  0.0202  0.0200  0.0200
  0.0200  0.0200  0.0200  0.0200  0.0201  0.0201  0.0200  0.0200  0.0200  0.0201  0.0200  0.0200
  0.0200  0.0200  0.0200  0.0200  0.0200  0.0200  0.0200  0.0200  0.0200  0.0200  0.0200  0.0200
  0.0200  0.0200  0.0200  0.0200  0.0200  0.0200  0.0200  0.0200  0.0200  0.0200  0.0200  0.0200
  0.0201  0.0201  0.0201  0.0201  0.0202  0.0200  0.0201  0.0202  0.0201  0.0202  0.0200  0.0201
  0.0203  0.0203  0.0202  0.0202  0.0204  0.0203  0.0203  0.0205  0.0202  0.0205  0.0201  0.0202
   -0.0839   21.6985    8.7349   -1.1566  -11.7803   -1.5985
    4.2337   11.5715   -5.1292   10.5715   -9.0950  -12.4593
eta,q 0.98004  7.73722

---------------------------------------------------------------------
imgreg_4dfp /opt/freesurfer/average/711-2C_as_mni_average_305 /opt/freesurfer/average/711-2B_as_mni_average_305_mask talsrcimg_g11 none talsrcimg_to_711-2C_as_mni_average_305_t4 2311
---------------------------------------------------------------------

freesurfer imgreg_4dfp.c
/opt/freesurfer/average/711-2C_as_mni_average_305.4dfp.img
       256       256       256         1
  1.000000  1.000000  1.000000
orientation T byte_order littleendian
Reading image: /opt/freesurfer/average/711-2C_as_mni_average_305.4dfp.img
dimensions:      256       256       256
mmppix:       1.0000   -1.0000   -1.0000
center:     128.0000 -129.0000 -129.0000
/opt/freesurfer/average/711-2B_as_mni_average_305_mask.4dfp.img
       256       256       256         1
  1.000000  1.000000  1.000000
orientation T byte_order littleendian
Reading mask: /opt/freesurfer/average/711-2B_as_mni_average_305_mask.4dfp.img (2306576 pixels)
talsrcimg_g11.4dfp.img
       256       256       256         1
  1.000000  1.000000  1.000000
orientation T byte_order littleendian
Reading image: talsrcimg_g11.4dfp.img
dimensions:      256       256       256
mmppix:       1.0000   -1.0000   -1.0000
center:     128.0000 -129.0000 -129.0000
fimgreg.f
image alignment mode   2311 decimal      907 hex
parameters
   -0.0839   21.6985    8.7349   -1.1566  -11.7803   -1.5985
    4.2337   11.5715   -5.1292   10.5715   -9.0950  -12.4593
eta,q 0.98004  7.73722
niter,ni,del,rscale     5    3    5.0000    0.8000
parameters
   -0.0929   21.7387    8.7475   -1.7704  -11.9641   -2.2733
    4.3532   11.5840   -5.1251   10.3844   -9.1443  -12.2004
eta,q 0.97992  7.69662
  0.0214  0.0214  0.0209  0.0207  0.0214  0.0209  0.0215  0.0221  0.0211  0.0216  0.0206  0.0209
  0.0206  0.0206  0.0204  0.0203  0.0207  0.0205  0.0207  0.0210  0.0206  0.0209  0.0203  0.0205
  0.0201  0.0201  0.0201  0.0201  0.0202  0.0202  0.0202  0.0203  0.0202  0.0203  0.0201  0.0202
  0.0200  0.0200  0.0200  0.0200  0.0200  0.0200  0.0201  0.0201  0.0201  0.0201  0.0201  0.0201
  0.0201  0.0201  0.0201  0.0201  0.0202  0.0201  0.0202  0.0203  0.0202  0.0202  0.0201  0.0201
  0.0206  0.0206  0.0204  0.0205  0.0208  0.0208  0.0207  0.0209  0.0205  0.0209  0.0203  0.0204
  0.0215  0.0213  0.0208  0.0214  0.0218  0.0221  0.0214  0.0221  0.0212  0.0220  0.0207  0.0207
niter,ni,del,rscale     4    3    5.0000    0.7000
parameters
   -0.1197   21.7119    8.7693   -1.3959  -11.9159   -2.1799
    4.3228   11.5756   -5.1328   10.3870   -9.0751  -12.1858
eta,q 0.97995  7.71014
  0.0211  0.0211  0.0207  0.0208  0.0213  0.0209  0.0211  0.0216  0.0209  0.0214  0.0205  0.0206
  0.0205  0.0205  0.0204  0.0204  0.0207  0.0205  0.0205  0.0208  0.0204  0.0207  0.0203  0.0203
  0.0202  0.0202  0.0202  0.0202  0.0203  0.0203  0.0202  0.0202  0.0201  0.0203  0.0201  0.0201
  0.0201  0.0201  0.0201  0.0201  0.0201  0.0201  0.0200  0.0200  0.0200  0.0200  0.0200  0.0200
  0.0202  0.0202  0.0201  0.0200  0.0201  0.0200  0.0202  0.0202  0.0201  0.0201  0.0201  0.0201
  0.0206  0.0206  0.0203  0.0202  0.0206  0.0203  0.0205  0.0207  0.0204  0.0206  0.0202  0.0203
  0.0212  0.0211  0.0206  0.0206  0.0213  0.0211  0.0211  0.0216  0.0209  0.0215  0.0205  0.0206
niter,ni,del,rscale     3    3    5.0000    0.6000
parameters
   -0.0992   21.6963    8.7578   -1.3011  -11.8640   -2.0037
    4.2957   11.5766   -5.1360   10.4416   -9.0797  -12.2593
eta,q 0.97999  7.71949
  0.0209  0.0208  0.0205  0.0205  0.0210  0.0207  0.0208  0.0212  0.0206  0.0210  0.0204  0.0204
  0.0204  0.0204  0.0202  0.0203  0.0205  0.0204  0.0204  0.0205  0.0203  0.0206  0.0202  0.0202
  0.0201  0.0201  0.0201  0.0201  0.0202  0.0202  0.0201  0.0202  0.0201  0.0202  0.0201  0.0201
  0.0200  0.0200  0.0200  0.0200  0.0200  0.0200  0.0200  0.0200  0.0200  0.0200  0.0200  0.0200
  0.0201  0.0201  0.0201  0.0200  0.0201  0.0200  0.0201  0.0201  0.0201  0.0201  0.0201  0.0201
  0.0204  0.0204  0.0202  0.0202  0.0204  0.0201  0.0204  0.0205  0.0203  0.0204  0.0202  0.0202
  0.0208  0.0208  0.0205  0.0205  0.0210  0.0207  0.0208  0.0212  0.0206  0.0211  0.0204  0.0205
niter,ni,del,rscale     2    3    5.0000    0.5000
parameters
   -0.0915   21.6963    8.7454   -1.2258  -11.8246   -1.8127
    4.2658   11.5794   -5.1332   10.5059   -9.0942  -12.3526
eta,q 0.98002  7.72821
  0.0206  0.0206  0.0203  0.0203  0.0207  0.0205  0.0205  0.0208  0.0204  0.0207  0.0202  0.0203
  0.0203  0.0203  0.0202  0.0202  0.0204  0.0203  0.0202  0.0204  0.0202  0.0204  0.0201  0.0201
  0.0201  0.0201  0.0200  0.0201  0.0201  0.0201  0.0200  0.0201  0.0200  0.0201  0.0200  0.0200
  0.0200  0.0200  0.0200  0.0200  0.0200  0.0200  0.0200  0.0200  0.0200  0.0200  0.0200  0.0200
  0.0201  0.0201  0.0201  0.0200  0.0201  0.0200  0.0201  0.0201  0.0200  0.0200  0.0200  0.0200
  0.0203  0.0203  0.0202  0.0201  0.0203  0.0201  0.0202  0.0204  0.0202  0.0203  0.0201  0.0201
  0.0206  0.0206  0.0203  0.0204  0.0207  0.0205  0.0206  0.0208  0.0204  0.0207  0.0202  0.0203
niter,ni,del,rscale     1    3    5.0000    0.4000
parameters
   -0.0843   21.6983    8.7374   -1.1568  -11.7856   -1.6050
    4.2293   11.5760   -5.1218   10.5691   -9.1072  -12.4680
eta,q 0.98003  7.73696
  0.0204  0.0203  0.0202  0.0202  0.0204  0.0203  0.0203  0.0205  0.0202  0.0205  0.0201  0.0202
  0.0202  0.0201  0.0201  0.0201  0.0202  0.0202  0.0201  0.0202  0.0201  0.0202  0.0200  0.0200
  0.0200  0.0200  0.0200  0.0200  0.0201  0.0201  0.0200  0.0200  0.0200  0.0201  0.0200  0.0200
  0.0200  0.0200  0.0200  0.0200  0.0200  0.0200  0.0200  0.0200  0.0200  0.0200  0.0200  0.0200
  0.0200  0.0200  0.0200  0.0200  0.0200  0.0200  0.0200  0.0200  0.0200  0.0200  0.0200  0.0200
  0.0201  0.0201  0.0201  0.0201  0.0202  0.0200  0.0201  0.0202  0.0201  0.0202  0.0200  0.0201
  0.0203  0.0203  0.0202  0.0202  0.0204  0.0203  0.0203  0.0205  0.0202  0.0205  0.0201  0.0202
registration optimization eta report
parameter search radius
    0.8000    0.8000    0.8000    2.4000    2.4000    2.4000
    2.4000    2.4000    2.4000    2.4000    2.4000    2.4000
100000*second partial in parameter space
       57.       55.       33.        4.        8.        6.
        6.       10.        5.        9.        3.        4.
  0.0204  0.0203  0.0202  0.0202  0.0204  0.0203  0.0203  0.0205  0.0202  0.0205  0.0201  0.0202
  0.0202  0.0201  0.0201  0.0201  0.0202  0.0202  0.0201  0.0202  0.0201  0.0202  0.0200  0.0200
  0.0200  0.0200  0.0200  0.0200  0.0201  0.0201  0.0200  0.0200  0.0200  0.0201  0.0200  0.0200
  0.0200  0.0200  0.0200  0.0200  0.0200  0.0200  0.0200  0.0200  0.0200  0.0200  0.0200  0.0200
  0.0200  0.0200  0.0200  0.0200  0.0200  0.0200  0.0200  0.0200  0.0200  0.0200  0.0200  0.0200
  0.0201  0.0201  0.0201  0.0201  0.0202  0.0200  0.0201  0.0202  0.0201  0.0202  0.0200  0.0201
  0.0203  0.0203  0.0202  0.0202  0.0204  0.0203  0.0203  0.0205  0.0202  0.0205  0.0201  0.0202
   -0.0843   21.6983    8.7374   -1.1568  -11.7856   -1.6050
    4.2293   11.5760   -5.1218   10.5691   -9.1072  -12.4680
eta,q 0.98003  7.73696

---------------------------------------------------------------------
compute_vox2vox talsrcimg talsrcimg_to_711-2C_as_mni_average_305_t4 /opt/freesurfer/average/711-2C_as_mni_average_305
---------------------------------------------------------------------

freesurfer compute_vox2vox.c
Reading: talsrcimg.4dfp.ifh
Reading: talsrcimg_to_711-2C_as_mni_average_305_t4
Reading: /opt/freesurfer/average/711-2C_as_mni_average_305.4dfp.ifh
Writing: talsrcimg_to_711-2C_as_mni_average_305_t4_vox2vox.txt

start time Tue Mar 10 07:13:43 CET 2026
end		time Tue Mar 10 07:15:13 CET 2026

mpr2mni305 success

avi2talxfm orig_nu.mgz /opt/freesurfer/average/mni305.cor.mgz talsrcimg_to_711-2C_as_mni_average_305_t4_vox2vox.txt transforms/talairach.auto.xfm
avi2talxfm done
mv -f /out/sourcedata/freesurfer/sub-v1s9x0051330_ses-1/mri/talsrcimg_to_711-2C_as_mni_average_305_t4_vox2vox.txt /out/sourcedata/freesurfer/sub-v1s9x0051330_ses-1/mri/transforms/talsrcimg_to_711-2C_as_mni_average_305_t4_vox2vox.txt
lta_convert --src orig_nu.mgz --trg /opt/freesurfer/average/mni305.cor.mgz --inxfm transforms/talairach.auto.xfm --outlta transforms/talairach.auto.xfm.lta --subject fsaverage
7.3.2

--src: orig_nu.mgz src image (geometry).
--trg: /opt/freesurfer/average/mni305.cor.mgz trg image (geometry).
--inmni: transforms/talairach.auto.xfm input MNI/XFM transform.
--outlta: transforms/talairach.auto.xfm.lta output LTA.
--s: fsaverage subject name
 LTA read, type : 1
 0.99822  -0.11062  -0.06349  -3.14302;
 0.09825   0.99023   0.13525  -8.23444;
 0.04619  -0.12506   1.11371  -21.61559;
 0.00000   0.00000   0.00000   1.00000;
setting subject to fsaverage
Writing  LTA to file transforms/talairach.auto.xfm.lta...
lta_convert successful.
 
 
Started at Tue Mar 10 07:13:43 CET 2026
Ended   at Tue Mar 10 07:15:14 CET 2026
talairach_avi done
