status file for recon-all
Tue Mar 10 09:06:39 CET 2026
#@# Tessellate lh Tue Mar 10 09:06:39 CET 2026
#@# Smooth1 lh Tue Mar 10 09:06:43 CET 2026
#@# Inflation1 lh Tue Mar 10 09:06:46 CET 2026
#@# QSphere lh Tue Mar 10 09:07:02 CET 2026
#@# Fix Topology lh Tue Mar 10 09:08:21 CET 2026
#@# Smooth2 lh Tue Mar 10 09:14:39 CET 2026
#@# Inflation2 lh Tue Mar 10 09:14:42 CET 2026
#@# Curv .H and .K lh Tue Mar 10 09:14:59 CET 2026
#@# Sphere lh Tue Mar 10 09:15:47 CET 2026
#@# Surf Reg lh Tue Mar 10 09:18:31 CET 2026
#@# Jacobian white lh Tue Mar 10 09:23:33 CET 2026
#@# AvgCurv lh Tue Mar 10 09:23:34 CET 2026
#@# Cortical Parc lh Tue Mar 10 09:23:35 CET 2026
#@# white curv lh Tue Mar 10 09:30:14 CET 2026
#@# white area lh Tue Mar 10 09:30:16 CET 2026
#@# pial curv lh Tue Mar 10 09:30:17 CET 2026
#@# pial area lh Tue Mar 10 09:30:19 CET 2026
#@# thickness lh Tue Mar 10 09:30:20 CET 2026
#@# area and vertex vol lh Tue Mar 10 09:30:50 CET 2026
#@# Curvature Stats lh Tue Mar 10 09:30:52 CET 2026
#@# Cortical Parc 2 lh Tue Mar 10 09:30:55 CET 2026
#@# Cortical Parc 3 lh Tue Mar 10 09:31:10 CET 2026
#@# WM/GM Contrast lh Tue Mar 10 09:31:21 CET 2026
recon-all -s sub-v1s9x0051330_ses-1 finished without error at Tue Mar 10 09:31:24 CET 2026



#New# invocation of recon-all 



status file for recon-all
Tue Mar 10 10:04:06 CET 2026
#@# white curv lh Tue Mar 10 10:04:06 CET 2026
#@# white area lh Tue Mar 10 10:04:06 CET 2026
#@# pial curv lh Tue Mar 10 10:04:06 CET 2026
#@# pial area lh Tue Mar 10 10:04:06 CET 2026
#@# thickness lh Tue Mar 10 10:04:06 CET 2026
#@# area and vertex vol lh Tue Mar 10 10:04:06 CET 2026
#@# Parcellation Stats lh Tue Mar 10 10:04:06 CET 2026
#@# Parcellation Stats 2 lh Tue Mar 10 10:04:27 CET 2026
#@# Parcellation Stats 3 lh Tue Mar 10 10:04:38 CET 2026
#@# BA_exvivo Labels lh Tue Mar 10 10:04:49 CET 2026
recon-all -s sub-v1s9x0051330_ses-1 finished without error at Tue Mar 10 10:07:48 CET 2026
