status file for recon-all
Tue Mar 10 07:10:38 CET 2026
#@# MotionCor Tue Mar 10 07:10:40 CET 2026
#@# Talairach Tue Mar 10 07:10:47 CET 2026
#@# Talairach Failure Detection Tue Mar 10 07:15:16 CET 2026
#@# Nu Intensity Correction Tue Mar 10 07:15:16 CET 2026
#@# Intensity Normalization Tue Mar 10 07:18:34 CET 2026
recon-all -s sub-v1s9x0051330_ses-1 finished without error at Tue Mar 10 07:20:09 CET 2026



#New# invocation of recon-all 



status file for recon-all
Tue Mar 10 07:27:24 CET 2026
#@# EM Registration Tue Mar 10 07:27:24 CET 2026
recon-all -s sub-v1s9x0051330_ses-1 finished without error at Tue Mar 10 07:29:25 CET 2026



#New# invocation of recon-all 



status file for recon-all
Tue Mar 10 07:29:27 CET 2026
#@# CA Normalize Tue Mar 10 07:29:27 CET 2026
#@# CA Reg Tue Mar 10 07:30:50 CET 2026
#@# SubCort Seg Tue Mar 10 08:22:53 CET 2026
#@# CC Seg Tue Mar 10 09:00:19 CET 2026
#@# Merge ASeg Tue Mar 10 09:01:06 CET 2026
#@# Intensity Normalization2 Tue Mar 10 09:01:06 CET 2026
#@# Mask BFS Tue Mar 10 09:03:25 CET 2026
#@# WM Segmentation Tue Mar 10 09:03:26 CET 2026
#@# Fill Tue Mar 10 09:05:34 CET 2026
recon-all -s sub-v1s9x0051330_ses-1 finished without error at Tue Mar 10 09:06:35 CET 2026



#New# invocation of recon-all 



status file for recon-all
Tue Mar 10 09:57:37 CET 2026
#@# white curv lh Tue Mar 10 09:57:37 CET 2026
#@# white area lh Tue Mar 10 09:57:37 CET 2026
#@# pial curv lh Tue Mar 10 09:57:37 CET 2026
#@# pial area lh Tue Mar 10 09:57:37 CET 2026
#@# thickness lh Tue Mar 10 09:57:37 CET 2026
#@# area and vertex vol lh Tue Mar 10 09:57:37 CET 2026
#@# white curv rh Tue Mar 10 09:57:37 CET 2026
#@# white area rh Tue Mar 10 09:57:37 CET 2026
#@# pial curv rh Tue Mar 10 09:57:37 CET 2026
#@# pial area rh Tue Mar 10 09:57:37 CET 2026
#@# thickness rh Tue Mar 10 09:57:37 CET 2026
#@# area and vertex vol rh Tue Mar 10 09:57:37 CET 2026
#@# Cortical ribbon mask Tue Mar 10 09:57:37 CET 2026
recon-all -s sub-v1s9x0051330_ses-1 finished without error at Tue Mar 10 10:04:01 CET 2026



#New# invocation of recon-all 



status file for recon-all
Tue Mar 10 10:11:35 CET 2026
#@# white curv lh Tue Mar 10 10:11:35 CET 2026
#@# white area lh Tue Mar 10 10:11:35 CET 2026
#@# pial curv lh Tue Mar 10 10:11:35 CET 2026
#@# pial area lh Tue Mar 10 10:11:35 CET 2026
#@# thickness lh Tue Mar 10 10:11:35 CET 2026
#@# area and vertex vol lh Tue Mar 10 10:11:35 CET 2026
#@# white curv rh Tue Mar 10 10:11:35 CET 2026
#@# white area rh Tue Mar 10 10:11:35 CET 2026
#@# pial curv rh Tue Mar 10 10:11:35 CET 2026
#@# pial area rh Tue Mar 10 10:11:35 CET 2026
#@# thickness rh Tue Mar 10 10:11:35 CET 2026
#@# area and vertex vol rh Tue Mar 10 10:11:35 CET 2026
#@# Curvature Stats lh Tue Mar 10 10:11:35 CET 2026
#@# Curvature Stats rh Tue Mar 10 10:11:38 CET 2026
#@# Relabel Hypointensities Tue Mar 10 10:11:41 CET 2026
#@# APas-to-ASeg Tue Mar 10 10:11:58 CET 2026
#@# AParc-to-ASeg aparc Tue Mar 10 10:12:05 CET 2026
#@# AParc-to-ASeg aparc.a2009s Tue Mar 10 10:12:42 CET 2026
#@# AParc-to-ASeg aparc.DKTatlas Tue Mar 10 10:13:19 CET 2026
#@# WMParc Tue Mar 10 10:13:54 CET 2026
#@# ASeg Stats Tue Mar 10 10:18:03 CET 2026
recon-all -s sub-v1s9x0051330_ses-1 finished without error at Tue Mar 10 10:18:45 CET 2026
