status file for recon-all
Tue Mar 10 09:31:25 CET 2026
#@# Tessellate rh Tue Mar 10 09:31:25 CET 2026
#@# Smooth1 rh Tue Mar 10 09:31:29 CET 2026
#@# Inflation1 rh Tue Mar 10 09:31:32 CET 2026
#@# QSphere rh Tue Mar 10 09:31:47 CET 2026
#@# Fix Topology rh Tue Mar 10 09:33:24 CET 2026
#@# Smooth2 rh Tue Mar 10 09:39:19 CET 2026
#@# Inflation2 rh Tue Mar 10 09:39:23 CET 2026
#@# Curv .H and .K rh Tue Mar 10 09:39:41 CET 2026
#@# Sphere rh Tue Mar 10 09:40:31 CET 2026
#@# Surf Reg rh Tue Mar 10 09:44:34 CET 2026
#@# Jacobian white rh Tue Mar 10 09:49:53 CET 2026
#@# AvgCurv rh Tue Mar 10 09:49:53 CET 2026
#@# Cortical Parc rh Tue Mar 10 09:49:54 CET 2026
#@# white curv rh Tue Mar 10 09:56:26 CET 2026
#@# white area rh Tue Mar 10 09:56:28 CET 2026
#@# pial curv rh Tue Mar 10 09:56:28 CET 2026
#@# pial area rh Tue Mar 10 09:56:30 CET 2026
#@# thickness rh Tue Mar 10 09:56:31 CET 2026
#@# area and vertex vol rh Tue Mar 10 09:57:01 CET 2026
#@# Curvature Stats rh Tue Mar 10 09:57:03 CET 2026
#@# Cortical Parc 2 rh Tue Mar 10 09:57:05 CET 2026
#@# Cortical Parc 3 rh Tue Mar 10 09:57:19 CET 2026
#@# WM/GM Contrast rh Tue Mar 10 09:57:30 CET 2026
recon-all -s sub-v1s9x0051330_ses-1 finished without error at Tue Mar 10 09:57:33 CET 2026



#New# invocation of recon-all 



status file for recon-all
Tue Mar 10 10:07:51 CET 2026
#@# white curv rh Tue Mar 10 10:07:51 CET 2026
#@# white area rh Tue Mar 10 10:07:51 CET 2026
#@# pial curv rh Tue Mar 10 10:07:52 CET 2026
#@# pial area rh Tue Mar 10 10:07:52 CET 2026
#@# thickness rh Tue Mar 10 10:07:52 CET 2026
#@# area and vertex vol rh Tue Mar 10 10:07:52 CET 2026
#@# Parcellation Stats rh Tue Mar 10 10:07:52 CET 2026
#@# Parcellation Stats 2 rh Tue Mar 10 10:08:13 CET 2026
#@# Parcellation Stats 3 rh Tue Mar 10 10:08:24 CET 2026
#@# BA_exvivo Labels rh Tue Mar 10 10:08:34 CET 2026
recon-all -s sub-v1s9x0051330_ses-1 finished without error at Tue Mar 10 10:11:32 CET 2026
