/out/sourcedata/freesurfer/sub-v1s9x0051356_ses-1/mri
/opt/freesurfer/bin/talairach_avi
--i orig_nu.mgz --xfm transforms/talairach.auto.xfm
talairach_avi 7.3.2
Linux dna061 5.14.0-427.37.1.el9_4.x86_64 #1 SMP PREEMPT_DYNAMIC Fri Sep 13 12:41:50 EDT 2024 x86_64 x86_64 x86_64 GNU/Linux
Tue Mar 10 07:34:22 CET 2026
mri_convert orig_nu.mgz talsrcimg.img 
reading from orig_nu.mgz...
TR=0.00, TE=0.00, TI=0.00, flip angle=0.00
i_ras = (-1, 0, 0)
j_ras = (0, 0, -1)
k_ras = (0, 1, 0)
writing to talsrcimg.img...
Analyze Output Matrix
-1.00000   0.00000   0.00000   129.50717;
 0.00000   0.00000   1.00000  -135.24506;
 0.00000  -1.00000   0.00000   171.05537;
 0.00000   0.00000   0.00000   1.00000;
--------------------
INFO: set hdr.hist.orient to -1
mpr2mni305 talsrcimg
Tue Mar 10 07:34:23 CET 2026
/opt/freesurfer/bin/mpr2mni305 talsrcimg
mpr2mni305 7.3.2
target=711-2C_as_mni_average_305

---------------------------------------------------------------------
analyzeto4dfp talsrcimg -O0 -y
---------------------------------------------------------------------

freesurfer ifh2hdr.c
Tue Mar 10 07:34:23 2026
Writing: talsrcimg.4dfp.hdr
freesurfer analyzeto4dfp.c
Reading: talsrcimg.hdr
header size 348 bytes
hdr.dime.datatype	offset=70	value=2
hdr.dime.bitpix		offset=72	value=8
hdr.hist.orient		offset=252	value=-1
dimensionality     4
dimensions       256       256       256         1
Reading: talsrcimg.img
Writing: talsrcimg.4dfp.img
Writing: talsrcimg.4dfp.ifh
ifh2hdr talsrcimg -r0to209
ori=2

---------------------------------------------------------------------
gauss_4dfp talsrcimg 1.1
---------------------------------------------------------------------

freesurfer gauss_4dfp.c
Reading: talsrcimg.4dfp.img
Writing: talsrcimg_g11.4dfp.img
image dimensions 256 256 256 padded to 288 288 288
processing volume 1freesurfer ifh2hdr.c
Tue Mar 10 07:34:25 2026
Writing: talsrcimg_g11.4dfp.hdr

Writing: talsrcimg_g11.4dfp.ifh
including: talsrcimg.4dfp.img.rec in talsrcimg_g11.4dfp.img.rec

---------------------------------------------------------------------
imgreg_4dfp /opt/freesurfer/average/711-2C_as_mni_average_305 none talsrcimg_g11 none talsrcimg_to_711-2C_as_mni_average_305_t4 4355
---------------------------------------------------------------------

freesurfer imgreg_4dfp.c
/opt/freesurfer/average/711-2C_as_mni_average_305.4dfp.img
       256       256       256         1
  1.000000  1.000000  1.000000
orientation T byte_order littleendian
Reading image: /opt/freesurfer/average/711-2C_as_mni_average_305.4dfp.img
dimensions:      256       256       256
mmppix:       1.0000   -1.0000   -1.0000
center:     128.0000 -129.0000 -129.0000
talsrcimg_g11.4dfp.img
       256       256       256         1
  1.000000  1.000000  1.000000
orientation T byte_order littleendian
Reading image: talsrcimg_g11.4dfp.img
dimensions:      256       256       256
mmppix:       1.0000   -1.0000   -1.0000
center:     128.0000 -129.0000 -129.0000
t4_read: open error in t4_sub.f l:  41 t4_file(1:l)talsrcimg_to_711-2C_as_mni_average_305_t4 
t4_read: transform initialized to I4
rotation matrix determinant  1.000000
image alignment mode   4355 decimal     1103 hex
   -7.5000  -45.0000  -45.0000 6315.1807   18.0319
    0.0000  -45.0000  -45.0000 6551.1118   18.0425
    7.5000  -45.0000  -45.0000 6295.3921   18.0248
   -7.5000  -37.5000  -45.0000 6877.6050   17.4702
    0.0000  -37.5000  -45.0000 7147.7563   17.4846
    7.5000  -37.5000  -45.0000 6870.6626   17.4717
   -7.5000  -30.0000  -45.0000 7751.3999   17.0545
    0.0000  -30.0000  -45.0000 8102.1011   17.0718
    7.5000  -30.0000  -45.0000 7764.8872   17.0611
   -7.5000  -22.5000  -45.0000 8718.8994   16.7683
    0.0000  -22.5000  -45.0000 9115.5898   16.7855
    7.5000  -22.5000  -45.0000 8725.7031   16.7750
   -7.5000  -15.0000  -45.0000 9726.4385   16.6377
    0.0000  -15.0000  -45.000010162.2061   16.6532
    7.5000  -15.0000  -45.0000 9728.4961   16.6422
   -7.5000   -7.5000  -45.000010820.6807   16.5887
    0.0000   -7.5000  -45.000011282.3672   16.6029
    7.5000   -7.5000  -45.000010792.5010   16.5909
   -7.5000    0.0000  -45.000011760.8652   16.6089
    0.0000    0.0000  -45.000012254.0342   16.6222
    7.5000    0.0000  -45.000011716.8613   16.6099
   -7.5000    7.5000  -45.000011758.9336   16.6181
    0.0000    7.5000  -45.000012255.1846   16.6327
    7.5000    7.5000  -45.000011717.7598   16.6214
   -7.5000   15.0000  -45.000011606.9473   16.6061
    0.0000   15.0000  -45.000012086.3643   16.6231
    7.5000   15.0000  -45.000011546.6494   16.6129
   -7.5000   22.5000  -45.000011384.3457   16.5806
    0.0000   22.5000  -45.000011850.1934   16.5976
    7.5000   22.5000  -45.000011342.7422   16.5875
   -7.5000   30.0000  -45.000011136.4277   16.3502
    0.0000   30.0000  -45.000011562.0742   16.3655
    7.5000   30.0000  -45.000011074.1162   16.3548
   -7.5000   37.5000  -45.000011193.0068   16.3634
    0.0000   37.5000  -45.000011620.4082   16.3774
    7.5000   37.5000  -45.000011125.3936   16.3656
   -7.5000   45.0000  -45.000010873.9619   15.9714
    0.0000   45.0000  -45.000011293.0000   15.9842
    7.5000   45.0000  -45.000010771.8008   15.9724
   -7.5000  -45.0000  -37.5000 6663.0044   17.9598
    0.0000  -45.0000  -37.5000 6948.6104   17.9666
    7.5000  -45.0000  -37.5000 6655.6504   17.9596
   -7.5000  -37.5000  -37.5000 7254.2861   17.3974
    0.0000  -37.5000  -37.5000 7596.1528   17.4080
    7.5000  -37.5000  -37.5000 7259.5757   17.4043
   -7.5000  -30.0000  -37.5000 8219.6719   16.9872
    0.0000  -30.0000  -37.5000 8605.5459   16.9968
    7.5000  -30.0000  -37.5000 8212.3242   16.9940
   -7.5000  -22.5000  -37.5000 9261.4941   16.7101
    0.0000  -22.5000  -37.5000 9678.2920   16.7175
    7.5000  -22.5000  -37.5000 9244.0840   16.7148
   -7.5000  -15.0000  -37.500010343.2383   16.5855
    0.0000  -15.0000  -37.500010803.6221   16.5926
    7.5000  -15.0000  -37.500010309.7881   16.5897
   -7.5000   -7.5000  -37.500011464.6758   16.5352
    0.0000   -7.5000  -37.500011977.3291   16.5446
    7.5000   -7.5000  -37.500011418.0234   16.5413
   -7.5000    0.0000  -37.500012460.7861   16.5491
    0.0000    0.0000  -37.500013005.6035   16.5598
    7.5000    0.0000  -37.500012416.9951   16.5561
   -7.5000    7.5000  -37.500012430.2441   16.5534
    0.0000    7.5000  -37.500012973.1396   16.5640
    7.5000    7.5000  -37.500012380.8086   16.5606
   -7.5000   15.0000  -37.500012263.6299   16.5425
    0.0000   15.0000  -37.500012792.5371   16.5521
    7.5000   15.0000  -37.500012200.8623   16.5494
   -7.5000   22.5000  -37.500012038.3408   16.5237
    0.0000   22.5000  -37.500012564.0293   16.5312
    7.5000   22.5000  -37.500011971.2480   16.5286
   -7.5000   30.0000  -37.500011726.3760   16.2992
    0.0000   30.0000  -37.500012223.2910   16.3063
    7.5000   30.0000  -37.500011677.4434   16.3035
   -7.5000   37.5000  -37.500011756.7314   16.3107
    0.0000   37.5000  -37.500012245.7920   16.3200
    7.5000   37.5000  -37.500011691.3408   16.3167
   -7.5000   45.0000  -37.500011384.0645   15.9139
    0.0000   45.0000  -37.500011826.2578   15.9242
    7.5000   45.0000  -37.500011259.2773   15.9207
   -7.5000  -45.0000  -30.0000 7156.3623   18.6909
    0.0000  -45.0000  -30.0000 7462.2295   18.6970
    7.5000  -45.0000  -30.0000 7132.0288   18.6870
   -7.5000  -37.5000  -30.0000 7800.1411   18.1043
    0.0000  -37.5000  -30.0000 8162.5537   18.1164
    7.5000  -37.5000  -30.0000 7785.8936   18.1082
   -7.5000  -30.0000  -30.0000 8849.2246   17.6813
    0.0000  -30.0000  -30.0000 9248.0820   17.6893
    7.5000  -30.0000  -30.0000 8825.6826   17.6799
   -7.5000  -22.5000  -30.0000 9978.9473   17.3982
    0.0000  -22.5000  -30.000010433.7617   17.3997
    7.5000  -22.5000  -30.0000 9945.2451   17.3900
   -7.5000  -15.0000  -30.000011133.2139   17.2720
    0.0000  -15.0000  -30.000011643.6494   17.2716
    7.5000  -15.0000  -30.000011078.8604   17.2632
   -7.5000   -7.5000  -30.000012307.3496   17.2187
    0.0000   -7.5000  -30.000012859.5938   17.2239
    7.5000   -7.5000  -30.000012236.7686   17.2170
   -7.5000    0.0000  -30.000013368.0029   17.2293
    0.0000    0.0000  -30.000013950.5078   17.2400
    7.5000    0.0000  -30.000013291.0586   17.2328
   -7.5000    7.5000  -30.000013317.3916   17.2306
    0.0000    7.5000  -30.000013915.2588   17.2422
    7.5000    7.5000  -30.000013243.2852   17.2340
   -7.5000   15.0000  -30.000013154.3838   17.2197
    0.0000   15.0000  -30.000013759.5332   17.2277
    7.5000   15.0000  -30.000013041.6660   17.2186
   -7.5000   22.5000  -30.000012903.2705   17.2026
    0.0000   22.5000  -30.000013525.4072   17.2042
    7.5000   22.5000  -30.000012787.7969   17.1949
   -7.5000   30.0000  -30.000012548.5146   16.9756
    0.0000   30.0000  -30.000013135.4590   16.9753
    7.5000   30.0000  -30.000012452.1094   16.9672
   -7.5000   37.5000  -30.000012568.3916   16.9865
    0.0000   37.5000  -30.000013135.4258   16.9916
    7.5000   37.5000  -30.000012475.2021   16.9848
   -7.5000   45.0000  -30.000012081.5322   16.5802
    0.0000   45.0000  -30.000012585.6416   16.5905
    7.5000   45.0000  -30.000011935.6406   16.5836
   -7.5000  -45.0000  -22.5000 7628.0776   19.3758
    0.0000  -45.0000  -22.5000 7974.4028   19.3853
    7.5000  -45.0000  -22.5000 7607.1919   19.3597
   -7.5000  -37.5000  -22.5000 8336.8311   18.7718
    0.0000  -37.5000  -22.5000 8710.6621   18.7902
    7.5000  -37.5000  -22.5000 8325.0420   18.7657
   -7.5000  -30.0000  -22.5000 9482.2783   18.3337
    0.0000  -30.0000  -22.5000 9905.7939   18.3498
    7.5000  -30.0000  -22.5000 9453.7383   18.3233
   -7.5000  -22.5000  -22.500010668.1572   18.0356
    0.0000  -22.5000  -22.500011166.5518   18.0429
    7.5000  -22.5000  -22.500010629.8760   18.0162
   -7.5000  -15.0000  -22.500011868.0967   17.9007
    0.0000  -15.0000  -22.500012424.1250   17.9029
    7.5000  -15.0000  -22.500011816.6816   17.8791
   -7.5000   -7.5000  -22.500013107.8027   17.8462
    0.0000   -7.5000  -22.500013724.3271   17.8526
    7.5000   -7.5000  -22.500013035.4951   17.8319
   -7.5000    0.0000  -22.500014217.9141   17.8612
    0.0000    0.0000  -22.500014891.7871   17.8746
    7.5000    0.0000  -22.500014149.6797   17.8537
   -7.5000    7.5000  -22.500014177.7305   17.8661
    0.0000    7.5000  -22.500014844.0713   17.8838
    7.5000    7.5000  -22.500014100.4199   17.8606
   -7.5000   15.0000  -22.500013973.7783   17.8546
    0.0000   15.0000  -22.500014660.9434   17.8703
    7.5000   15.0000  -22.500013852.0859   17.8447
   -7.5000   22.5000  -22.500013700.6934   17.8311
    0.0000   22.5000  -22.500014404.2510   17.8386
    7.5000   22.5000  -22.500013546.8350   17.8125
   -7.5000   30.0000  -22.500013346.6484   17.5960
    0.0000   30.0000  -22.500014026.4717   17.5984
    7.5000   30.0000  -22.500013211.7109   17.5751
   -7.5000   37.5000  -22.500013397.3760   17.6082
    0.0000   37.5000  -22.500014074.5176   17.6145
    7.5000   37.5000  -22.500013259.7715   17.5941
   -7.5000   45.0000  -22.500012791.4082   17.2012
    0.0000   45.0000  -22.500013368.1992   17.2142
    7.5000   45.0000  -22.500012608.4404   17.1940
   -7.5000  -45.0000  -15.0000 8079.7808   19.9045
    0.0000  -45.0000  -15.0000 8440.4238   19.9193
    7.5000  -45.0000  -15.0000 8064.5244   19.8808
   -7.5000  -37.5000  -15.0000 8871.3535   19.2873
    0.0000  -37.5000  -15.0000 9265.5713   19.3107
    7.5000  -37.5000  -15.0000 8856.7646   19.2750
   -7.5000  -30.0000  -15.000010089.0986   18.8332
    0.0000  -30.0000  -15.000010555.4072   18.8589
    7.5000  -30.0000  -15.000010065.7236   18.8227
   -7.5000  -22.5000  -15.000011326.5654   18.5195
    0.0000  -22.5000  -15.000011848.7627   18.5385
    7.5000  -22.5000  -15.000011302.4062   18.5022
   -7.5000  -15.0000  -15.000012590.2432   18.3759
    0.0000  -15.0000  -15.000013167.8203   18.3886
    7.5000  -15.0000  -15.000012560.3369   18.3553
   -7.5000   -7.5000  -15.000013883.5811   18.3218
    0.0000   -7.5000  -15.000014541.3262   18.3348
    7.5000   -7.5000  -15.000013857.5664   18.3037
   -7.5000    0.0000  -15.000015044.3242   18.3430
    0.0000    0.0000  -15.000015802.7041   18.3604
    7.5000    0.0000  -15.000015016.7979   18.3290
   -7.5000    7.5000  -15.000015024.9141   18.3526
    0.0000    7.5000  -15.000015780.8340   18.3756
    7.5000    7.5000  -15.000014979.1553   18.3426
   -7.5000   15.0000  -15.000014794.5508   18.3395
    0.0000   15.0000  -15.000015550.9600   18.3642
    7.5000   15.0000  -15.000014695.1602   18.3294
   -7.5000   22.5000  -15.000014465.2217   18.3081
    0.0000   22.5000  -15.000015221.1445   18.3270
    7.5000   22.5000  -15.000014344.5264   18.2916
   -7.5000   30.0000  -15.000014107.2363   18.0655
    0.0000   30.0000  -15.000014833.1035   18.0781
    7.5000   30.0000  -15.000013997.8027   18.0455
   -7.5000   37.5000  -15.000014145.6133   18.0800
    0.0000   37.5000  -15.000014907.5537   18.0928
    7.5000   37.5000  -15.000014041.4287   18.0622
   -7.5000   45.0000  -15.000013448.1143   17.6759
    0.0000   45.0000  -15.000014087.2676   17.6927
    7.5000   45.0000  -15.000013271.4824   17.6624
   -7.5000  -45.0000   -7.5000 8527.1182   20.1579
    0.0000  -45.0000   -7.5000 8897.3994   20.1739
    7.5000  -45.0000   -7.5000 8520.3545   20.1392
   -7.5000  -37.5000   -7.5000 9374.6191   19.5324
    0.0000  -37.5000   -7.5000 9809.3965   19.5544
    7.5000  -37.5000   -7.5000 9377.3838   19.5247
   -7.5000  -30.0000   -7.500010664.4336   19.0684
    0.0000  -30.0000   -7.500011172.4258   19.0951
    7.5000  -30.0000   -7.500010660.3105   19.0673
   -7.5000  -22.5000   -7.500011979.7568   18.7469
    0.0000  -22.5000   -7.500012514.7432   18.7711
    7.5000  -22.5000   -7.500011978.4062   18.7435
   -7.5000  -15.0000   -7.500013292.5801   18.5995
    0.0000  -15.0000   -7.500013870.7002   18.6193
    7.5000  -15.0000   -7.500013304.5723   18.5925
   -7.5000   -7.5000   -7.500014640.4502   18.5454
    0.0000   -7.5000   -7.500015268.3574   18.5630
    7.5000   -7.5000   -7.500014653.6025   18.5364
   -7.5000    0.0000   -7.500015856.1670   18.5696
    0.0000    0.0000   -7.500016582.4258   18.5877
    7.5000    0.0000   -7.500015871.4570   18.5606
   -7.5000    7.5000   -7.500015861.1582   18.5811
    0.0000    7.5000   -7.500016610.7324   18.6032
    7.5000    7.5000   -7.500015860.3955   18.5765
   -7.5000   15.0000   -7.500015659.0625   18.5672
    0.0000   15.0000   -7.500016435.3652   18.5929
    7.5000   15.0000   -7.500015612.2266   18.5664
   -7.5000   22.5000   -7.500015280.7842   18.5308
    0.0000   22.5000   -7.500016001.5059   18.5548
    7.5000   22.5000   -7.500015227.9834   18.5279
   -7.5000   30.0000   -7.500014838.3574   18.2847
    0.0000   30.0000   -7.500015545.5684   18.3042
    7.5000   30.0000   -7.500014828.1650   18.2781
   -7.5000   37.5000   -7.500014838.3506   18.3002
    0.0000   37.5000   -7.500015576.1982   18.3176
    7.5000   37.5000   -7.500014836.2764   18.2913
   -7.5000   45.0000   -7.500014037.2734   17.8976
    0.0000   45.0000   -7.500014678.5117   17.9151
    7.5000   45.0000   -7.500013939.0146   17.8889
   -7.5000  -45.0000    0.0000 8914.1797   20.1609
    0.0000  -45.0000    0.0000 9311.7607   20.1730
    7.5000  -45.0000    0.0000 8891.5850   20.1535
   -7.5000  -37.5000    0.0000 9813.8818   19.5335
    0.0000  -37.5000    0.000010272.4678   19.5497
    7.5000  -37.5000    0.0000 9821.0215   19.5356
   -7.5000  -30.0000    0.000011146.3340   19.0693
    0.0000  -30.0000    0.000011640.1650   19.0889
    7.5000  -30.0000    0.000011156.2373   19.0773
   -7.5000  -22.5000    0.000012488.3877   18.7498
    0.0000  -22.5000    0.000013023.5010   18.7692
    7.5000  -22.5000    0.000012523.1406   18.7577
   -7.5000  -15.0000    0.000013855.1680   18.6038
    0.0000  -15.0000    0.000014433.4375   18.6212
    7.5000  -15.0000    0.000013914.0947   18.6093
   -7.5000   -7.5000    0.000015247.1055   18.5486
    0.0000   -7.5000    0.000015850.4688   18.5647
    7.5000   -7.5000    0.000015286.2617   18.5516
   -7.5000    0.0000    0.000016495.9844   18.5709
    0.0000    0.0000    0.000017159.4121   18.5859
    7.5000    0.0000    0.000016548.9785   18.5725
   -7.5000    7.5000    0.000016535.0762   18.5814
    0.0000    7.5000    0.000017293.1094   18.5978
    7.5000    7.5000    0.000016562.9043   18.5856
   -7.5000   15.0000    0.000016453.5605   18.5683
    0.0000   15.0000    0.000017177.3457   18.5874
    7.5000   15.0000    0.000016411.6289   18.5764
   -7.5000   22.5000    0.000016048.3232   18.5340
    0.0000   22.5000    0.000016630.4082   18.5532
    7.5000   22.5000    0.000016044.7939   18.5422
   -7.5000   30.0000    0.000015540.6377   18.2895
    0.0000   30.0000    0.000016128.5869   18.3067
    7.5000   30.0000    0.000015586.7939   18.2951
   -7.5000   37.5000    0.000015498.8174   18.3038
    0.0000   37.5000    0.000016146.2627   18.3197
    7.5000   37.5000    0.000015547.9756   18.3068
   -7.5000   45.0000    0.000014587.0342   17.9002
    0.0000   45.0000    0.000015191.7422   17.9147
    7.5000   45.0000    0.000014550.5996   17.9018
   -7.5000  -45.0000    7.5000 8556.7383   20.0974
    0.0000  -45.0000    7.5000 8924.3711   20.1050
    7.5000  -45.0000    7.5000 8549.5781   20.0972
   -7.5000  -37.5000    7.5000 9436.3037   19.4680
    0.0000  -37.5000    7.5000 9888.0732   19.4799
    7.5000  -37.5000    7.5000 9451.4805   19.4758
   -7.5000  -30.0000    7.500010732.1416   19.0091
    0.0000  -30.0000    7.500011256.3594   19.0198
    7.5000  -30.0000    7.500010757.5625   19.0167
   -7.5000  -22.5000    7.500012040.8516   18.6990
    0.0000  -22.5000    7.500012593.9004   18.7073
    7.5000  -22.5000    7.500012084.9287   18.7043
   -7.5000  -15.0000    7.500013337.9648   18.5596
    0.0000  -15.0000    7.500013903.2119   18.5675
    7.5000  -15.0000    7.500013392.1416   18.5643
   -7.5000   -7.5000    7.500014637.2129   18.5033
    0.0000   -7.5000    7.500015194.0205   18.5138
    7.5000   -7.5000    7.500014685.7998   18.5101
   -7.5000    0.0000    7.500015831.9980   18.5188
    0.0000    0.0000    7.500016397.3164   18.5308
    7.5000    0.0000    7.500015889.5840   18.5266
   -7.5000    7.5000    7.500015878.4932   18.5236
    0.0000    7.5000    7.500016439.5371   18.5355
    7.5000    7.5000    7.500015901.4609   18.5317
   -7.5000   15.0000    7.500015769.9111   18.5114
    0.0000   15.0000    7.500016349.3408   18.5221
    7.5000   15.0000    7.500015776.7256   18.5191
   -7.5000   22.5000    7.500015509.9980   18.4844
    0.0000   22.5000    7.500016078.4326   18.4928
    7.5000   22.5000    7.500015516.2461   18.4899
   -7.5000   30.0000    7.500015123.7148   18.2463
    0.0000   30.0000    7.500015732.8271   18.2542
    7.5000   30.0000    7.500015120.8691   18.2512
   -7.5000   37.5000    7.500015033.7871   18.2592
    0.0000   37.5000    7.500015668.7891   18.2695
    7.5000   37.5000    7.500015026.5752   18.2659
   -7.5000   45.0000    7.500014036.4326   17.8500
    0.0000   45.0000    7.500014615.7344   17.8615
    7.5000   45.0000    7.500013992.9883   17.8576
   -7.5000  -45.0000   15.0000 8107.1719   20.0755
    0.0000  -45.0000   15.0000 8447.2705   20.0821
    7.5000  -45.0000   15.0000 8108.3467   20.0713
   -7.5000  -37.5000   15.0000 8974.0010   19.4454
    0.0000  -37.5000   15.0000 9350.1904   19.4585
    7.5000  -37.5000   15.0000 8980.6172   19.4496
   -7.5000  -30.0000   15.000010208.6758   18.9911
    0.0000  -30.0000   15.000010634.9189   18.9996
    7.5000  -30.0000   15.000010226.2227   18.9896
   -7.5000  -22.5000   15.000011427.6162   18.6869
    0.0000  -22.5000   15.000011896.9639   18.6885
    7.5000  -22.5000   15.000011457.1357   18.6781
   -7.5000  -15.0000   15.000012648.0488   18.5513
    0.0000  -15.0000   15.000013161.4082   18.5509
    7.5000  -15.0000   15.000012679.9541   18.5419
   -7.5000   -7.5000   15.000013880.7480   18.4941
    0.0000   -7.5000   15.000014448.9697   18.4997
    7.5000   -7.5000   15.000013920.4434   18.4923
   -7.5000    0.0000   15.000015050.4307   18.5054
    0.0000    0.0000   15.000015688.3848   18.5169
    7.5000    0.0000   15.000015085.0664   18.5092
   -7.5000    7.5000   15.000015082.7646   18.5068
    0.0000    7.5000   15.000015775.9082   18.5193
    7.5000    7.5000   15.000015114.5801   18.5105
   -7.5000   15.0000   15.000014926.6455   18.4951
    0.0000   15.0000   15.000015596.5332   18.5038
    7.5000   15.0000   15.000014933.4668   18.4940
   -7.5000   22.5000   15.000014665.1758   18.4727
    0.0000   22.5000   15.000015350.5830   18.4744
    7.5000   22.5000   15.000014651.6768   18.4645
   -7.5000   30.0000   15.000014355.6699   18.2383
    0.0000   30.0000   15.000015083.0996   18.2381
    7.5000   30.0000   15.000014336.3037   18.2293
   -7.5000   37.5000   15.000014338.9492   18.2500
    0.0000   37.5000   15.000015072.7617   18.2555
    7.5000   37.5000   15.000014319.0205   18.2482
   -7.5000   45.0000   15.000013359.0557   17.8371
    0.0000   45.0000   15.000013977.3057   17.8482
    7.5000   45.0000   15.000013318.3721   17.8408
   -7.5000  -45.0000   22.5000 7602.4746   20.2008
    0.0000  -45.0000   22.5000 7909.0913   20.2108
    7.5000  -45.0000   22.5000 7600.4961   20.1843
   -7.5000  -37.5000   22.5000 8393.8115   19.5711
    0.0000  -37.5000   22.5000 8759.1797   19.5904
    7.5000  -37.5000   22.5000 8389.0615   19.5651
   -7.5000  -30.0000   22.5000 9548.1357   19.1139
    0.0000  -30.0000   22.5000 9975.0361   19.1308
    7.5000  -30.0000   22.5000 9552.1758   19.1035
   -7.5000  -22.5000   22.500010716.4307   18.8032
    0.0000  -22.5000   22.500011197.8242   18.8109
    7.5000  -22.5000   22.500010711.6807   18.7833
   -7.5000  -15.0000   22.500011892.4238   18.6630
    0.0000  -15.0000   22.500012421.3643   18.6654
    7.5000  -15.0000   22.500011905.0479   18.6409
   -7.5000   -7.5000   22.500013074.4033   18.6065
    0.0000   -7.5000   22.500013656.1875   18.6132
    7.5000   -7.5000   22.500013092.5264   18.5920
   -7.5000    0.0000   22.500014182.1973   18.6223
    0.0000    0.0000   22.500014775.5918   18.6364
    7.5000    0.0000   22.500014181.7783   18.6149
   -7.5000    7.5000   22.500014186.0303   18.6267
    0.0000    7.5000   22.500014764.6982   18.6453
    7.5000    7.5000   22.500014185.2197   18.6215
   -7.5000   15.0000   22.500013990.0928   18.6141
    0.0000   15.0000   22.500014519.1289   18.6305
    7.5000   15.0000   22.500013982.6953   18.6041
   -7.5000   22.5000   22.500013729.9688   18.5867
    0.0000   22.5000   22.500014257.5498   18.5946
    7.5000   22.5000   22.500013727.0391   18.5678
   -7.5000   30.0000   22.500013458.8994   18.3476
    0.0000   30.0000   22.500013994.4072   18.3501
    7.5000   30.0000   22.500013440.3369   18.3263
   -7.5000   37.5000   22.500013500.2002   18.3609
    0.0000   37.5000   22.500014059.8467   18.3676
    7.5000   37.5000   22.500013478.3447   18.3466
   -7.5000   45.0000   22.500012597.4033   17.9497
    0.0000   45.0000   22.500013100.2480   17.9634
    7.5000   45.0000   22.500012549.9648   17.9426
   -7.5000  -45.0000   30.0000 7007.1406   20.4340
    0.0000  -45.0000   30.0000 7326.7158   20.4490
    7.5000  -45.0000   30.0000 7028.7715   20.4092
   -7.5000  -37.5000   30.0000 7750.8569   19.7979
    0.0000  -37.5000   30.0000 8104.5874   19.8219
    7.5000  -37.5000   30.0000 7766.9224   19.7850
   -7.5000  -30.0000   30.0000 8838.7197   19.3306
    0.0000  -30.0000   30.0000 9233.1582   19.3571
    7.5000  -30.0000   30.0000 8844.6807   19.3197
   -7.5000  -22.5000   30.0000 9927.3057   19.0100
    0.0000  -22.5000   30.000010386.6670   19.0295
    7.5000  -22.5000   30.0000 9930.6260   18.9920
   -7.5000  -15.0000   30.000011002.5596   18.8654
    0.0000  -15.0000   30.000011524.7832   18.8783
    7.5000  -15.0000   30.000011018.1152   18.8439
   -7.5000   -7.5000   30.000012073.2598   18.8103
    0.0000   -7.5000   30.000012631.4414   18.8234
    7.5000   -7.5000   30.000012089.6777   18.7916
   -7.5000    0.0000   30.000013074.9639   18.8325
    0.0000    0.0000   30.000013669.8896   18.8503
    7.5000    0.0000   30.000013102.3662   18.8179
   -7.5000    7.5000   30.000013093.3848   18.8411
    0.0000    7.5000   30.000013665.9873   18.8647
    7.5000    7.5000   30.000013113.2490   18.8308
   -7.5000   15.0000   30.000012891.5977   18.8263
    0.0000   15.0000   30.000013440.1035   18.8517
    7.5000   15.0000   30.000012914.8486   18.8159
   -7.5000   22.5000   30.000012630.2520   18.7921
    0.0000   22.5000   30.000013166.6064   18.8115
    7.5000   22.5000   30.000012657.6328   18.7750
   -7.5000   30.0000   30.000012374.0303   18.5460
    0.0000   30.0000   30.000012887.6367   18.5587
    7.5000   30.0000   30.000012380.8770   18.5252
   -7.5000   37.5000   30.000012472.0654   18.5620
    0.0000   37.5000   30.000012994.9336   18.5750
    7.5000   37.5000   30.000012477.6270   18.5435
   -7.5000   45.0000   30.000011642.2090   18.1524
    0.0000   45.0000   30.000012103.2109   18.1695
    7.5000   45.0000   30.000011628.6211   18.1383
   -7.5000  -45.0000   37.5000 6704.5278   20.7535
    0.0000  -45.0000   37.5000 7018.3306   20.7697
    7.5000  -45.0000   37.5000 6732.3218   20.7349
   -7.5000  -37.5000   37.5000 7402.1201   20.1007
    0.0000  -37.5000   37.5000 7748.2617   20.1233
    7.5000  -37.5000   37.5000 7429.6929   20.0938
   -7.5000  -30.0000   37.5000 8424.3457   19.6187
    0.0000  -30.0000   37.5000 8833.7930   19.6466
    7.5000  -30.0000   37.5000 8446.0273   19.6189
   -7.5000  -22.5000   37.5000 9456.8408   19.2893
    0.0000  -22.5000   37.5000 9950.5967   19.3146
    7.5000  -22.5000   37.5000 9475.7393   19.2870
   -7.5000  -15.0000   37.500010501.7656   19.1423
    0.0000  -15.0000   37.500011033.1230   19.1628
    7.5000  -15.0000   37.500010515.2568   19.1362
   -7.5000   -7.5000   37.500011511.8242   19.0871
    0.0000   -7.5000   37.500012072.8066   19.1052
    7.5000   -7.5000   37.500011523.8281   19.0788
   -7.5000    0.0000   37.500012470.3799   19.1125
    0.0000    0.0000   37.500013068.7822   19.1311
    7.5000    0.0000   37.500012497.9502   19.1043
   -7.5000    7.5000   37.500012469.0176   19.1224
    0.0000    7.5000   37.500013044.4170   19.1453
    7.5000    7.5000   37.500012503.3115   19.1188
   -7.5000   15.0000   37.500012286.8955   19.1061
    0.0000   15.0000   37.500012824.9092   19.1331
    7.5000   15.0000   37.500012327.0156   19.1067
   -7.5000   22.5000   37.500012020.7539   19.0687
    0.0000   22.5000   37.500012531.0879   19.0938
    7.5000   22.5000   37.500012064.9600   19.0671
   -7.5000   30.0000   37.500011743.0654   18.8174
    0.0000   30.0000   37.500012230.8145   18.8376
    7.5000   30.0000   37.500011775.9062   18.8116
   -7.5000   37.5000   37.500011877.6514   18.8351
    0.0000   37.5000   37.500012391.4912   18.8529
    7.5000   37.5000   37.500011909.5332   18.8269
   -7.5000   45.0000   37.500011105.5059   18.4223
    0.0000   45.0000   37.500011575.1592   18.4402
    7.5000   45.0000   37.500011111.0654   18.4143
   -7.5000  -45.0000   45.0000 6144.2939   21.1252
    0.0000  -45.0000   45.0000 6416.0552   21.1382
    7.5000  -45.0000   45.0000 6149.4678   21.1225
   -7.5000  -37.5000   45.0000 6770.6719   20.4440
    0.0000  -37.5000   45.0000 7090.6494   20.4607
    7.5000  -37.5000   45.0000 6797.5708   20.4504
   -7.5000  -30.0000   45.0000 7693.8579   19.9466
    0.0000  -30.0000   45.0000 8070.7993   19.9666
    7.5000  -30.0000   45.0000 7717.2598   19.9584
   -7.5000  -22.5000   45.0000 8641.4932   19.6114
    0.0000  -22.5000   45.0000 9087.2012   19.6316
    7.5000  -22.5000   45.0000 8663.4648   19.6235
   -7.5000  -15.0000   45.0000 9594.4951   19.4645
    0.0000  -15.0000   45.000010089.0410   19.4833
    7.5000  -15.0000   45.0000 9616.1953   19.4750
   -7.5000   -7.5000   45.000010521.1895   19.4058
    0.0000   -7.5000   45.000011052.6572   19.4236
    7.5000   -7.5000   45.000010547.8740   19.4144
   -7.5000    0.0000   45.000011414.4561   19.4282
    0.0000    0.0000   45.000011952.7354   19.4445
    7.5000    0.0000   45.000011437.0859   19.4349
   -7.5000    7.5000   45.000011395.7715   19.4360
    0.0000    7.5000   45.000011912.7090   19.4532
    7.5000    7.5000   45.000011425.8477   19.4446
   -7.5000   15.0000   45.000011221.5176   19.4208
    0.0000   15.0000   45.000011706.9385   19.4405
    7.5000   15.0000   45.000011257.1357   19.4328
   -7.5000   22.5000   45.000010959.2100   19.3862
    0.0000   22.5000   45.000011422.7520   19.4063
    7.5000   22.5000   45.000010993.3096   19.3986
   -7.5000   30.0000   45.000010687.7256   19.1311
    0.0000   30.0000   45.000011133.7314   19.1497
    7.5000   30.0000   45.000010722.4746   19.1417
   -7.5000   37.5000   45.000010844.9355   19.1478
    0.0000   37.5000   45.000011312.2578   19.1654
    7.5000   37.5000   45.000010878.5137   19.1562
   -7.5000   45.0000   45.000010148.9814   18.7350
    0.0000   45.0000   45.000010600.7988   18.7508
    7.5000   45.0000   45.000010168.4355   18.7415

---------------------------------------------------------------------
imgreg_4dfp /opt/freesurfer/average/711-2C_as_mni_average_305 /opt/freesurfer/average/711-2B_as_mni_average_305_mask talsrcimg_g11 none talsrcimg_to_711-2C_as_mni_average_305_t4 4355
---------------------------------------------------------------------

freesurfer imgreg_4dfp.c
/opt/freesurfer/average/711-2C_as_mni_average_305.4dfp.img
       256       256       256         1
  1.000000  1.000000  1.000000
orientation T byte_order littleendian
Reading image: /opt/freesurfer/average/711-2C_as_mni_average_305.4dfp.img
dimensions:      256       256       256
mmppix:       1.0000   -1.0000   -1.0000
center:     128.0000 -129.0000 -129.0000
/opt/freesurfer/average/711-2B_as_mni_average_305_mask.4dfp.img
       256       256       256         1
  1.000000  1.000000  1.000000
orientation T byte_order littleendian
Reading mask: /opt/freesurfer/average/711-2B_as_mni_average_305_mask.4dfp.img (2306576 pixels)
talsrcimg_g11.4dfp.img
       256       256       256         1
  1.000000  1.000000  1.000000
orientation T byte_order littleendian
Reading image: talsrcimg_g11.4dfp.img
dimensions:      256       256       256
mmppix:       1.0000   -1.0000   -1.0000
center:     128.0000 -129.0000 -129.0000
rotation matrix determinant  1.000000
image alignment mode   4355 decimal     1103 hex
   -7.5000  -37.5000  -45.0000 1917.3820   24.7285
    0.0000  -37.5000  -45.0000 1919.7036   24.7236
    7.5000  -37.5000  -45.0000 1908.7911   24.9276
   -7.5000  -30.0000  -45.0000 2029.5011   21.8399
    0.0000  -30.0000  -45.0000 2039.1367   21.8617
    7.5000  -30.0000  -45.0000 2023.8512   21.9978
   -7.5000  -22.5000  -45.0000 2140.4851   19.5840
    0.0000  -22.5000  -45.0000 2148.9287   19.5622
    7.5000  -22.5000  -45.0000 2134.2629   19.6620
   -7.5000  -15.0000  -45.0000 2236.7793   17.8711
    0.0000  -15.0000  -45.0000 2246.2236   17.8732
    7.5000  -15.0000  -45.0000 2234.2703   17.9122
   -7.5000   -7.5000  -45.0000 2328.6987   16.6471
    0.0000   -7.5000  -45.0000 2338.3796   16.6477
    7.5000   -7.5000  -45.0000 2322.8867   16.7143
   -7.5000    0.0000  -45.0000 2374.9817   15.7960
    0.0000    0.0000  -45.0000 2381.2771   15.7969
    7.5000    0.0000  -45.0000 2367.7056   15.8503
   -7.5000    7.5000  -45.0000 2404.8113   15.1526
    0.0000    7.5000  -45.0000 2417.6558   15.1183
    7.5000    7.5000  -45.0000 2400.0420   15.2289
   -7.5000   15.0000  -45.0000 2418.1057   14.8322
    0.0000   15.0000  -45.0000 2430.3713   14.7826
    7.5000   15.0000  -45.0000 2413.0745   14.9077
   -7.5000   22.5000  -45.0000 2416.7573   14.7677
    0.0000   22.5000  -45.0000 2427.0925   14.7130
    7.5000   22.5000  -45.0000 2415.8894   14.8592
   -7.5000   30.0000  -45.0000 2408.1423   15.0144
    0.0000   30.0000  -45.0000 2419.8877   14.9449
    7.5000   30.0000  -45.0000 2403.3215   15.1179
   -7.5000   37.5000  -45.0000 2390.1890   15.4953
    0.0000   37.5000  -45.0000 2399.2144   15.4224
    7.5000   37.5000  -45.0000 2384.9158   15.6036
   -7.5000   45.0000  -45.0000 2360.1599   16.2484
    0.0000   45.0000  -45.0000 2370.9800   16.1659
    7.5000   45.0000  -45.0000 2353.8193   16.3723
   -7.5000   52.5000  -45.0000 2278.1221   17.2139
    0.0000   52.5000  -45.0000 2291.5017   17.1267
    7.5000   52.5000  -45.0000 2274.1250   17.3427
   -7.5000  -37.5000  -37.5000 1967.4414   22.9401
    0.0000  -37.5000  -37.5000 1975.0889   23.0947
    7.5000  -37.5000  -37.5000 1967.8126   23.1847
   -7.5000  -30.0000  -37.5000 2094.4185   20.2506
    0.0000  -30.0000  -37.5000 2105.4106   20.3952
    7.5000  -30.0000  -37.5000 2090.5867   20.3970
   -7.5000  -22.5000  -37.5000 2218.4871   18.1972
    0.0000  -22.5000  -37.5000 2225.8286   18.2418
    7.5000  -22.5000  -37.5000 2211.9937   18.2684
   -7.5000  -15.0000  -37.5000 2322.3008   16.6522
    0.0000  -15.0000  -37.5000 2330.0508   16.5977
    7.5000  -15.0000  -37.5000 2315.6438   16.6819
   -7.5000   -7.5000  -37.5000 2412.1050   15.4618
    0.0000   -7.5000  -37.5000 2426.0828   15.4008
    7.5000   -7.5000  -37.5000 2406.7708   15.4924
   -7.5000    0.0000  -37.5000 2465.5249   14.5648
    0.0000    0.0000  -37.5000 2479.9651   14.5286
    7.5000    0.0000  -37.5000 2461.5671   14.6163
   -7.5000    7.5000  -37.5000 2500.2920   13.9691
    0.0000    7.5000  -37.5000 2516.7004   13.9047
    7.5000    7.5000  -37.5000 2496.0259   14.0158
   -7.5000   15.0000  -37.5000 2520.5569   13.6699
    0.0000   15.0000  -37.5000 2536.0413   13.6048
    7.5000   15.0000  -37.5000 2514.3630   13.7118
   -7.5000   22.5000  -37.5000 2525.2559   13.6525
    0.0000   22.5000  -37.5000 2538.6558   13.5840
    7.5000   22.5000  -37.5000 2521.4348   13.6937
   -7.5000   30.0000  -37.5000 2516.2566   13.8824
    0.0000   30.0000  -37.5000 2532.3420   13.8005
    7.5000   30.0000  -37.5000 2512.4751   13.9528
   -7.5000   37.5000  -37.5000 2496.4089   14.3215
    0.0000   37.5000  -37.5000 2511.6699   14.2505
    7.5000   37.5000  -37.5000 2487.7686   14.4260
   -7.5000   45.0000  -37.5000 2461.2720   15.0360
    0.0000   45.0000  -37.5000 2474.5640   14.9594
    7.5000   45.0000  -37.5000 2449.2192   15.1439
   -7.5000   52.5000  -37.5000 2376.1433   15.9364
    0.0000   52.5000  -37.5000 2390.7170   15.8317
    7.5000   52.5000  -37.5000 2367.5662   16.0505
   -7.5000  -37.5000  -30.0000 2053.0850   22.2416
    0.0000  -37.5000  -30.0000 2063.6899   22.3644
    7.5000  -37.5000  -30.0000 2052.0186   22.4562
   -7.5000  -30.0000  -30.0000 2192.9700   19.6479
    0.0000  -30.0000  -30.0000 2203.2524   19.6813
    7.5000  -30.0000  -30.0000 2188.9231   19.7818
   -7.5000  -22.5000  -30.0000 2327.0620   17.6321
    0.0000  -22.5000  -30.0000 2339.6584   17.6204
    7.5000  -22.5000  -30.0000 2323.4216   17.6934
   -7.5000  -15.0000  -30.0000 2440.5293   16.0609
    0.0000  -15.0000  -30.0000 2454.0073   16.0152
    7.5000  -15.0000  -30.0000 2433.6245   16.0996
   -7.5000   -7.5000  -30.0000 2536.3401   14.8513
    0.0000   -7.5000  -30.0000 2549.5989   14.8183
    7.5000   -7.5000  -30.0000 2532.1672   14.8893
   -7.5000    0.0000  -30.0000 2595.3340   13.9822
    0.0000    0.0000  -30.0000 2608.6628   13.9352
    7.5000    0.0000  -30.0000 2593.7244   14.0298
   -7.5000    7.5000  -30.0000 2637.0894   13.3692
    0.0000    7.5000  -30.0000 2652.2825   13.2968
    7.5000    7.5000  -30.0000 2634.8823   13.4084
   -7.5000   15.0000  -30.0000 2672.2937   13.0433
    0.0000   15.0000  -30.0000 2689.0737   12.9765
    7.5000   15.0000  -30.0000 2662.4231   13.0781
   -7.5000   22.5000  -30.0000 2683.7417   13.0298
    0.0000   22.5000  -30.0000 2699.9578   12.9746
    7.5000   22.5000  -30.0000 2674.7185   13.0435
   -7.5000   30.0000  -30.0000 2676.1821   13.2904
    0.0000   30.0000  -30.0000 2693.1843   13.2351
    7.5000   30.0000  -30.0000 2667.2458   13.3493
   -7.5000   37.5000  -30.0000 2654.5730   13.7629
    0.0000   37.5000  -30.0000 2672.7783   13.7021
    7.5000   37.5000  -30.0000 2643.8267   13.8459
   -7.5000   45.0000  -30.0000 2612.0330   14.4757
    0.0000   45.0000  -30.0000 2627.9243   14.3930
    7.5000   45.0000  -30.0000 2598.2136   14.5372
   -7.5000   52.5000  -30.0000 2517.7913   15.3372
    0.0000   52.5000  -30.0000 2533.0540   15.2486
    7.5000   52.5000  -30.0000 2504.5674   15.4205
   -7.5000  -37.5000  -22.5000 2115.8123   21.5579
    0.0000  -37.5000  -22.5000 2123.5955   21.6312
    7.5000  -37.5000  -22.5000 2116.7183   21.7570
   -7.5000  -30.0000  -22.5000 2264.9990   19.0182
    0.0000  -30.0000  -22.5000 2274.7739   19.0339
    7.5000  -30.0000  -22.5000 2261.4946   19.1512
   -7.5000  -22.5000  -22.5000 2402.3223   17.0190
    0.0000  -22.5000  -22.5000 2420.8030   17.0259
    7.5000  -22.5000  -22.5000 2400.0447   17.1001
   -7.5000  -15.0000  -22.5000 2518.0881   15.4430
    0.0000  -15.0000  -22.5000 2536.6987   15.4320
    7.5000  -15.0000  -22.5000 2514.6819   15.5256
   -7.5000   -7.5000  -22.5000 2623.5039   14.2547
    0.0000   -7.5000  -22.5000 2638.5181   14.2314
    7.5000   -7.5000  -22.5000 2618.2878   14.3241
   -7.5000    0.0000  -22.5000 2693.9556   13.3609
    0.0000    0.0000  -22.5000 2708.4023   13.3308
    7.5000    0.0000  -22.5000 2690.4683   13.4220
   -7.5000    7.5000  -22.5000 2747.7183   12.7472
    0.0000    7.5000  -22.5000 2756.9492   12.7172
    7.5000    7.5000  -22.5000 2743.9441   12.8050
   -7.5000   15.0000  -22.5000 2784.2383   12.3930
    0.0000   15.0000  -22.5000 2800.7815   12.3724
    7.5000   15.0000  -22.5000 2776.1479   12.4650
   -7.5000   22.5000  -22.5000 2805.3118   12.3383
    0.0000   22.5000  -22.5000 2825.9331   12.3366
    7.5000   22.5000  -22.5000 2792.9988   12.3960
   -7.5000   30.0000  -22.5000 2801.8865   12.6135
    0.0000   30.0000  -22.5000 2823.1660   12.5865
    7.5000   30.0000  -22.5000 2792.1904   12.6870
   -7.5000   37.5000  -22.5000 2781.5786   13.1367
    0.0000   37.5000  -22.5000 2804.5972   13.0841
    7.5000   37.5000  -22.5000 2770.5947   13.2133
   -7.5000   45.0000  -22.5000 2732.0510   13.8372
    0.0000   45.0000  -22.5000 2749.0522   13.7680
    7.5000   45.0000  -22.5000 2717.7129   13.9235
   -7.5000   52.5000  -22.5000 2627.9595   14.6822
    0.0000   52.5000  -22.5000 2642.7559   14.6162
    7.5000   52.5000  -22.5000 2613.3750   14.7724
   -7.5000  -37.5000  -15.0000 2154.1519   21.0613
    0.0000  -37.5000  -15.0000 2162.0854   21.0789
    7.5000  -37.5000  -15.0000 2154.6882   21.2738
   -7.5000  -30.0000  -15.0000 2305.4055   18.5736
    0.0000  -30.0000  -15.0000 2319.0947   18.5404
    7.5000  -30.0000  -15.0000 2300.9180   18.7075
   -7.5000  -22.5000  -15.0000 2437.2151   16.5535
    0.0000  -22.5000  -15.0000 2455.8625   16.5296
    7.5000  -22.5000  -15.0000 2437.3147   16.6755
   -7.5000  -15.0000  -15.0000 2555.4690   14.9745
    0.0000  -15.0000  -15.0000 2574.5576   14.9532
    7.5000  -15.0000  -15.0000 2555.7837   15.0853
   -7.5000   -7.5000  -15.0000 2667.6692   13.7857
    0.0000   -7.5000  -15.0000 2687.0161   13.7700
    7.5000   -7.5000  -15.0000 2668.8188   13.8714
   -7.5000    0.0000  -15.0000 2752.9983   12.8788
    0.0000    0.0000  -15.0000 2775.2764   12.8492
    7.5000    0.0000  -15.0000 2754.3787   12.9533
   -7.5000    7.5000  -15.0000 2818.2632   12.2454
    0.0000    7.5000  -15.0000 2838.4773   12.2156
    7.5000    7.5000  -15.0000 2821.2930   12.3045
   -7.5000   15.0000  -15.0000 2863.1982   11.8825
    0.0000   15.0000  -15.0000 2886.9587   11.8727
    7.5000   15.0000  -15.0000 2859.5984   11.9447
   -7.5000   22.5000  -15.0000 2894.7969   11.7617
    0.0000   22.5000  -15.0000 2921.5515   11.7527
    7.5000   22.5000  -15.0000 2883.7886   11.8392
   -7.5000   30.0000  -15.0000 2898.7971   12.0288
    0.0000   30.0000  -15.0000 2917.4775   11.9920
    7.5000   30.0000  -15.0000 2885.7546   12.1285
   -7.5000   37.5000  -15.0000 2871.4033   12.5347
    0.0000   37.5000  -15.0000 2895.2056   12.4933
    7.5000   37.5000  -15.0000 2862.6133   12.6086
   -7.5000   45.0000  -15.0000 2809.8853   13.2381
    0.0000   45.0000  -15.0000 2830.0012   13.1928
    7.5000   45.0000  -15.0000 2799.9429   13.3369
   -7.5000   52.5000  -15.0000 2698.5459   14.1148
    0.0000   52.5000  -15.0000 2714.5981   14.0398
    7.5000   52.5000  -15.0000 2686.1033   14.2198
   -7.5000  -37.5000   -7.5000 2173.3325   20.6996
    0.0000  -37.5000   -7.5000 2185.5642   20.6214
    7.5000  -37.5000   -7.5000 2175.3289   20.9166
   -7.5000  -30.0000   -7.5000 2322.7371   18.2174
    0.0000  -30.0000   -7.5000 2338.8560   18.1191
    7.5000  -30.0000   -7.5000 2322.0334   18.3868
   -7.5000  -22.5000   -7.5000 2456.2231   16.1991
    0.0000  -22.5000   -7.5000 2472.3628   16.1042
    7.5000  -22.5000   -7.5000 2458.1938   16.3316
   -7.5000  -15.0000   -7.5000 2572.5203   14.6077
    0.0000  -15.0000   -7.5000 2590.5315   14.5145
    7.5000  -15.0000   -7.5000 2575.7996   14.7329
   -7.5000   -7.5000   -7.5000 2688.0518   13.4144
    0.0000   -7.5000   -7.5000 2707.1941   13.3293
    7.5000   -7.5000   -7.5000 2693.3704   13.4990
   -7.5000    0.0000   -7.5000 2781.6497   12.4956
    0.0000    0.0000   -7.5000 2804.3125   12.4171
    7.5000    0.0000   -7.5000 2788.4746   12.5676
   -7.5000    7.5000   -7.5000 2863.5391   11.8465
    0.0000    7.5000   -7.5000 2888.3015   11.7953
    7.5000    7.5000   -7.5000 2868.9529   11.9098
   -7.5000   15.0000   -7.5000 2921.1013   11.4581
    0.0000   15.0000   -7.5000 2948.6968   11.4138
    7.5000   15.0000   -7.5000 2921.4919   11.5280
   -7.5000   22.5000   -7.5000 2962.1023   11.3216
    0.0000   22.5000   -7.5000 2999.2654   11.2516
    7.5000   22.5000   -7.5000 2952.8269   11.4165
   -7.5000   30.0000   -7.5000 2961.9531   11.5646
    0.0000   30.0000   -7.5000 2993.7007   11.4793
    7.5000   30.0000   -7.5000 2951.4890   11.6666
   -7.5000   37.5000   -7.5000 2929.5120   12.0335
    0.0000   37.5000   -7.5000 2955.5422   11.9615
    7.5000   37.5000   -7.5000 2922.3225   12.1273
   -7.5000   45.0000   -7.5000 2861.0962   12.7496
    0.0000   45.0000   -7.5000 2885.1760   12.6559
    7.5000   45.0000   -7.5000 2855.3413   12.8681
   -7.5000   52.5000   -7.5000 2741.1289   13.6526
    0.0000   52.5000   -7.5000 2763.1414   13.5585
    7.5000   52.5000   -7.5000 2732.6379   13.7858
   -7.5000  -37.5000    0.0000 2181.1467   20.6383
    0.0000  -37.5000    0.0000 2200.3718   20.4231
    7.5000  -37.5000    0.0000 2186.2634   20.8772
   -7.5000  -30.0000    0.0000 2325.5591   18.1007
    0.0000  -30.0000    0.0000 2346.1736   17.8412
    7.5000  -30.0000    0.0000 2330.8188   18.2769
   -7.5000  -22.5000    0.0000 2453.8000   16.0534
    0.0000  -22.5000    0.0000 2468.9646   15.7892
    7.5000  -22.5000    0.0000 2459.0208   16.2057
   -7.5000  -15.0000    0.0000 2568.2317   14.4386
    0.0000  -15.0000    0.0000 2586.7197   14.2306
    7.5000  -15.0000    0.0000 2576.8042   14.5871
   -7.5000   -7.5000    0.0000 2690.8816   13.2143
    0.0000   -7.5000    0.0000 2707.1536   13.0281
    7.5000   -7.5000    0.0000 2697.0623   13.3285
   -7.5000    0.0000    0.0000 2788.3350   12.2753
    0.0000    0.0000    0.0000 2812.3328   12.1195
    7.5000    0.0000    0.0000 2794.6882   12.3677
   -7.5000    7.5000    0.0000 2877.7776   11.6174
    0.0000    7.5000    0.0000 2911.4712   11.4688
    7.5000    7.5000    0.0000 2883.0005   11.6933
   -7.5000   15.0000    0.0000 2957.3669   11.2265
    0.0000   15.0000    0.0000 2989.9338   11.0617
    7.5000   15.0000    0.0000 2956.7859   11.2770
   -7.5000   22.5000    0.0000 3014.1106   11.1319
    0.0000   22.5000    0.0000 3057.4192   10.9524
    7.5000   22.5000    0.0000 3000.9263   11.2044
   -7.5000   30.0000    0.0000 3006.1152   11.3304
    0.0000   30.0000    0.0000 3048.1384   11.1479
    7.5000   30.0000    0.0000 2991.4280   11.4477
   -7.5000   37.5000    0.0000 2955.5222   11.7771
    0.0000   37.5000    0.0000 2987.0945   11.6202
    7.5000   37.5000    0.0000 2948.6292   11.8853
   -7.5000   45.0000    0.0000 2879.2129   12.4884
    0.0000   45.0000    0.0000 2906.8311   12.3520
    7.5000   45.0000    0.0000 2876.2554   12.5711
   -7.5000   52.5000    0.0000 2757.7476   13.3961
    0.0000   52.5000    0.0000 2781.3022   13.2622
    7.5000   52.5000    0.0000 2752.5903   13.4673
   -7.5000  -37.5000    7.5000 2171.2280   20.6547
    0.0000  -37.5000    7.5000 2186.1438   20.4887
    7.5000  -37.5000    7.5000 2178.6072   20.9370
   -7.5000  -30.0000    7.5000 2317.3723   18.1034
    0.0000  -30.0000    7.5000 2336.1028   17.9045
    7.5000  -30.0000    7.5000 2322.0627   18.3192
   -7.5000  -22.5000    7.5000 2442.9753   16.0534
    0.0000  -22.5000    7.5000 2461.3691   15.8186
    7.5000  -22.5000    7.5000 2450.6838   16.2292
   -7.5000  -15.0000    7.5000 2554.6477   14.4533
    0.0000  -15.0000    7.5000 2574.4138   14.1957
    7.5000  -15.0000    7.5000 2561.5530   14.5946
   -7.5000   -7.5000    7.5000 2673.3628   13.2022
    0.0000   -7.5000    7.5000 2690.4321   12.9431
    7.5000   -7.5000    7.5000 2677.1797   13.2994
   -7.5000    0.0000    7.5000 2776.8455   12.2472
    0.0000    0.0000    7.5000 2793.1606   12.0015
    7.5000    0.0000    7.5000 2780.5186   12.3411
   -7.5000    7.5000    7.5000 2872.1033   11.5654
    0.0000    7.5000    7.5000 2890.5308   11.3461
    7.5000    7.5000    7.5000 2876.3792   11.6494
   -7.5000   15.0000    7.5000 2954.5615   11.1927
    0.0000   15.0000    7.5000 2987.7917   10.9893
    7.5000   15.0000    7.5000 2959.1545   11.2469
   -7.5000   22.5000    7.5000 3016.5347   11.0854
    0.0000   22.5000    7.5000 3062.8936   10.9257
    7.5000   22.5000    7.5000 3003.8154   11.1677
   -7.5000   30.0000    7.5000 3010.1130   11.2957
    0.0000   30.0000    7.5000 3061.9758   11.1594
    7.5000   30.0000    7.5000 2997.8152   11.3969
   -7.5000   37.5000    7.5000 2955.9351   11.7286
    0.0000   37.5000    7.5000 2992.3743   11.6071
    7.5000   37.5000    7.5000 2947.9878   11.8109
   -7.5000   45.0000    7.5000 2876.6204   12.4237
    0.0000   45.0000    7.5000 2903.6338   12.2832
    7.5000   45.0000    7.5000 2870.5972   12.4707
   -7.5000   52.5000    7.5000 2750.7112   13.3258
    0.0000   52.5000    7.5000 2770.4192   13.1866
    7.5000   52.5000    7.5000 2745.0103   13.3641
   -7.5000  -37.5000   15.0000 2141.2588   21.0087
    0.0000  -37.5000   15.0000 2154.2134   20.7988
    7.5000  -37.5000   15.0000 2147.1804   21.2576
   -7.5000  -30.0000   15.0000 2293.3230   18.3809
    0.0000  -30.0000   15.0000 2308.6956   18.1005
    7.5000  -30.0000   15.0000 2298.3660   18.5541
   -7.5000  -22.5000   15.0000 2419.8127   16.2871
    0.0000  -22.5000   15.0000 2434.6584   16.0275
    7.5000  -22.5000   15.0000 2425.3481   16.4442
   -7.5000  -15.0000   15.0000 2531.3169   14.7127
    0.0000  -15.0000   15.0000 2544.9363   14.4370
    7.5000  -15.0000   15.0000 2535.4104   14.8104
   -7.5000   -7.5000   15.0000 2645.5398   13.4721
    0.0000   -7.5000   15.0000 2659.7104   13.2369
    7.5000   -7.5000   15.0000 2651.3645   13.5696
   -7.5000    0.0000   15.0000 2749.2839   12.5288
    0.0000    0.0000   15.0000 2764.6882   12.3395
    7.5000    0.0000   15.0000 2752.4546   12.6312
   -7.5000    7.5000   15.0000 2846.0154   11.8473
    0.0000    7.5000   15.0000 2867.5566   11.7041
    7.5000    7.5000   15.0000 2847.9744   11.9326
   -7.5000   15.0000   15.0000 2927.3958   11.4367
    0.0000   15.0000   15.0000 2952.7522   11.3162
    7.5000   15.0000   15.0000 2923.6936   11.5112
   -7.5000   22.5000   15.0000 2976.6807   11.2942
    0.0000   22.5000   15.0000 3006.4067   11.1970
    7.5000   22.5000   15.0000 2971.7219   11.3933
   -7.5000   30.0000   15.0000 2971.6377   11.5429
    0.0000   30.0000   15.0000 3006.1519   11.4658
    7.5000   30.0000   15.0000 2965.9214   11.6128
   -7.5000   37.5000   15.0000 2917.5667   12.0448
    0.0000   37.5000   15.0000 2952.6648   11.9769
    7.5000   37.5000   15.0000 2912.6379   12.0951
   -7.5000   45.0000   15.0000 2842.9841   12.7007
    0.0000   45.0000   15.0000 2868.2307   12.6229
    7.5000   45.0000   15.0000 2835.1951   12.7641
   -7.5000   52.5000   15.0000 2717.3533   13.5161
    0.0000   52.5000   15.0000 2737.1978   13.4180
    7.5000   52.5000   15.0000 2712.6562   13.5954
   -7.5000  -37.5000   22.5000 2104.0063   21.7108
    0.0000  -37.5000   22.5000 2113.8040   21.3783
    7.5000  -37.5000   22.5000 2108.3411   21.7886
   -7.5000  -30.0000   22.5000 2255.7449   19.0121
    0.0000  -30.0000   22.5000 2270.9739   18.7487
    7.5000  -30.0000   22.5000 2259.0684   19.0750
   -7.5000  -22.5000   22.5000 2388.3254   16.9015
    0.0000  -22.5000   22.5000 2406.1519   16.6810
    7.5000  -22.5000   22.5000 2388.8230   16.9725
   -7.5000  -15.0000   22.5000 2500.8105   15.3083
    0.0000  -15.0000   22.5000 2520.2166   15.1021
    7.5000  -15.0000   22.5000 2501.0571   15.3917
   -7.5000   -7.5000   22.5000 2612.5352   14.0769
    0.0000   -7.5000   22.5000 2633.9170   13.8790
    7.5000   -7.5000   22.5000 2614.8157   14.1471
   -7.5000    0.0000   22.5000 2712.6118   13.1267
    0.0000    0.0000   22.5000 2732.8767   12.9196
    7.5000    0.0000   22.5000 2715.1299   13.1748
   -7.5000    7.5000   22.5000 2804.2151   12.4142
    0.0000    7.5000   22.5000 2823.0542   12.2203
    7.5000    7.5000   22.5000 2806.1553   12.4623
   -7.5000   15.0000   22.5000 2872.5474   11.9534
    0.0000   15.0000   22.5000 2894.7991   11.7905
    7.5000   15.0000   22.5000 2868.1753   12.0220
   -7.5000   22.5000   22.5000 2912.5627   11.7985
    0.0000   22.5000   22.5000 2930.8799   11.6937
    7.5000   22.5000   22.5000 2908.0042   11.8736
   -7.5000   30.0000   22.5000 2901.7043   12.1086
    0.0000   30.0000   22.5000 2929.3430   11.9546
    7.5000   30.0000   22.5000 2899.2483   12.1496
   -7.5000   37.5000   22.5000 2852.0732   12.6048
    0.0000   37.5000   22.5000 2882.4819   12.4662
    7.5000   37.5000   22.5000 2850.5344   12.6308
   -7.5000   45.0000   22.5000 2782.8669   13.2974
    0.0000   45.0000   22.5000 2803.2056   13.1390
    7.5000   45.0000   22.5000 2778.0718   13.3114
   -7.5000   52.5000   22.5000 2664.0591   14.0731
    0.0000   52.5000   22.5000 2684.2285   13.9442
    7.5000   52.5000   22.5000 2658.7090   14.1137
   -7.5000  -37.5000   30.0000 2056.7100   22.7266
    0.0000  -37.5000   30.0000 2071.4177   22.4564
    7.5000  -37.5000   30.0000 2062.0244   22.7583
   -7.5000  -30.0000   30.0000 2210.0081   19.9637
    0.0000  -30.0000   30.0000 2226.4817   19.7253
    7.5000  -30.0000   30.0000 2210.1836   20.0075
   -7.5000  -22.5000   30.0000 2338.2849   17.8045
    0.0000  -22.5000   30.0000 2363.3389   17.6092
    7.5000  -22.5000   30.0000 2337.2170   17.8318
   -7.5000  -15.0000   30.0000 2449.0408   16.1496
    0.0000  -15.0000   30.0000 2476.4060   15.9675
    7.5000  -15.0000   30.0000 2451.9817   16.1792
   -7.5000   -7.5000   30.0000 2559.8877   14.8632
    0.0000   -7.5000   30.0000 2587.5134   14.6882
    7.5000   -7.5000   30.0000 2563.8069   14.8796
   -7.5000    0.0000   30.0000 2660.0427   13.8595
    0.0000    0.0000   30.0000 2685.1497   13.6776
    7.5000    0.0000   30.0000 2662.8140   13.8868
   -7.5000    7.5000   30.0000 2747.5703   13.1397
    0.0000    7.5000   30.0000 2767.6870   12.9717
    7.5000    7.5000   30.0000 2745.3953   13.1861
   -7.5000   15.0000   30.0000 2798.8291   12.6734
    0.0000   15.0000   30.0000 2824.1997   12.5429
    7.5000   15.0000   30.0000 2796.2649   12.7370
   -7.5000   22.5000   30.0000 2826.2207   12.5215
    0.0000   22.5000   30.0000 2846.1143   12.4284
    7.5000   22.5000   30.0000 2826.6055   12.5842
   -7.5000   30.0000   30.0000 2811.8225   12.7907
    0.0000   30.0000   30.0000 2836.6333   12.6584
    7.5000   30.0000   30.0000 2812.2617   12.8217
   -7.5000   37.5000   30.0000 2764.0918   13.2992
    0.0000   37.5000   30.0000 2789.5566   13.1718
    7.5000   37.5000   30.0000 2764.5662   13.3182
   -7.5000   45.0000   30.0000 2697.1038   13.9963
    0.0000   45.0000   30.0000 2713.8350   13.8527
    7.5000   45.0000   30.0000 2693.9871   14.0273
   -7.5000   52.5000   30.0000 2590.3276   14.7406
    0.0000   52.5000   30.0000 2607.0767   14.6219
    7.5000   52.5000   30.0000 2583.2671   14.8072
   -7.5000  -37.5000   37.5000 2008.1841   24.0249
    0.0000  -37.5000   37.5000 2020.8265   23.8005
    7.5000  -37.5000   37.5000 2011.0608   24.0686
   -7.5000  -30.0000   37.5000 2156.2725   21.0745
    0.0000  -30.0000   37.5000 2174.5879   20.9073
    7.5000  -30.0000   37.5000 2156.5068   21.1152
   -7.5000  -22.5000   37.5000 2283.7542   18.8330
    0.0000  -22.5000   37.5000 2314.8777   18.6879
    7.5000  -22.5000   37.5000 2285.0635   18.8482
   -7.5000  -15.0000   37.5000 2396.3643   17.0709
    0.0000  -15.0000   37.5000 2429.4473   16.9624
    7.5000  -15.0000   37.5000 2400.0605   17.1066
   -7.5000   -7.5000   37.5000 2503.8430   15.7421
    0.0000   -7.5000   37.5000 2531.3074   15.5975
    7.5000   -7.5000   37.5000 2503.9297   15.7805
   -7.5000    0.0000   37.5000 2599.6365   14.7323
    0.0000    0.0000   37.5000 2625.3813   14.5957
    7.5000    0.0000   37.5000 2598.5706   14.7864
   -7.5000    7.5000   37.5000 2674.8655   13.9970
    0.0000    7.5000   37.5000 2697.4512   13.8697
    7.5000    7.5000   37.5000 2674.3301   14.0691
   -7.5000   15.0000   37.5000 2718.1282   13.5431
    0.0000   15.0000   37.5000 2739.4375   13.4521
    7.5000   15.0000   37.5000 2718.7849   13.6123
   -7.5000   22.5000   37.5000 2732.6462   13.4192
    0.0000   22.5000   37.5000 2748.8337   13.3272
    7.5000   22.5000   37.5000 2733.2678   13.4747
   -7.5000   30.0000   37.5000 2716.3542   13.6137
    0.0000   30.0000   37.5000 2735.4541   13.4928
    7.5000   30.0000   37.5000 2717.0920   13.6588
   -7.5000   37.5000   37.5000 2679.8408   14.0968
    0.0000   37.5000   37.5000 2703.6133   13.9824
    7.5000   37.5000   37.5000 2679.5232   14.1461
   -7.5000   45.0000   37.5000 2614.5237   14.8058
    0.0000   45.0000   37.5000 2632.2268   14.6880
    7.5000   45.0000   37.5000 2610.3682   14.8446
   -7.5000   52.5000   37.5000 2512.4219   15.5341
    0.0000   52.5000   37.5000 2525.6931   15.4358
    7.5000   52.5000   37.5000 2504.5037   15.5936
   -7.5000  -37.5000   45.0000 1948.9248   25.4636
    0.0000  -37.5000   45.0000 1960.5642   25.3758
    7.5000  -37.5000   45.0000 1950.4762   25.6320
   -7.5000  -30.0000   45.0000 2092.7017   22.3763
    0.0000  -30.0000   45.0000 2110.6636   22.2984
    7.5000  -30.0000   45.0000 2093.1807   22.4902
   -7.5000  -22.5000   45.0000 2222.2825   20.0231
    0.0000  -22.5000   45.0000 2250.7595   19.9367
    7.5000  -22.5000   45.0000 2223.6453   20.0655
   -7.5000  -15.0000   45.0000 2335.0876   18.1955
    0.0000  -15.0000   45.0000 2367.8489   18.0940
    7.5000  -15.0000   45.0000 2337.7747   18.2121
   -7.5000   -7.5000   45.0000 2437.3665   16.7971
    0.0000   -7.5000   45.0000 2466.2896   16.6935
    7.5000   -7.5000   45.0000 2439.1875   16.8460
   -7.5000    0.0000   45.0000 2527.6702   15.7587
    0.0000    0.0000   45.0000 2550.2581   15.6525
    7.5000    0.0000   45.0000 2530.0576   15.8244
   -7.5000    7.5000   45.0000 2593.2468   15.0179
    0.0000    7.5000   45.0000 2614.6924   14.9047
    7.5000    7.5000   45.0000 2592.4365   15.1041
   -7.5000   15.0000   45.0000 2628.7725   14.5515
    0.0000   15.0000   45.0000 2644.6252   14.4717
    7.5000   15.0000   45.0000 2628.9473   14.6368
   -7.5000   22.5000   45.0000 2632.5593   14.4240
    0.0000   22.5000   45.0000 2649.7720   14.3439
    7.5000   22.5000   45.0000 2632.0212   14.4990
   -7.5000   30.0000   45.0000 2617.0657   14.5718
    0.0000   30.0000   45.0000 2631.1731   14.4945
    7.5000   30.0000   45.0000 2618.6621   14.6434
   -7.5000   37.5000   45.0000 2585.8748   15.0708
    0.0000   37.5000   45.0000 2607.1440   14.9730
    7.5000   37.5000   45.0000 2588.5371   15.1521
   -7.5000   45.0000   45.0000 2525.4343   15.7576
    0.0000   45.0000   45.0000 2545.2959   15.6551
    7.5000   45.0000   45.0000 2523.6208   15.8138
   -7.5000   52.5000   45.0000 2428.1580   16.4855
    0.0000   52.5000   45.0000 2442.7693   16.4134
    7.5000   52.5000   45.0000 2422.3171   16.5727

---------------------------------------------------------------------
imgreg_4dfp /opt/freesurfer/average/711-2C_as_mni_average_305 /opt/freesurfer/average/711-2B_as_mni_average_305_mask talsrcimg_g11 none talsrcimg_to_711-2C_as_mni_average_305_t4 1283
---------------------------------------------------------------------

freesurfer imgreg_4dfp.c
/opt/freesurfer/average/711-2C_as_mni_average_305.4dfp.img
       256       256       256         1
  1.000000  1.000000  1.000000
orientation T byte_order littleendian
Reading image: /opt/freesurfer/average/711-2C_as_mni_average_305.4dfp.img
dimensions:      256       256       256
mmppix:       1.0000   -1.0000   -1.0000
center:     128.0000 -129.0000 -129.0000
/opt/freesurfer/average/711-2B_as_mni_average_305_mask.4dfp.img
       256       256       256         1
  1.000000  1.000000  1.000000
orientation T byte_order littleendian
Reading mask: /opt/freesurfer/average/711-2B_as_mni_average_305_mask.4dfp.img (2306576 pixels)
talsrcimg_g11.4dfp.img
       256       256       256         1
  1.000000  1.000000  1.000000
orientation T byte_order littleendian
Reading image: talsrcimg_g11.4dfp.img
dimensions:      256       256       256
mmppix:       1.0000   -1.0000   -1.0000
center:     128.0000 -129.0000 -129.0000
rotation matrix determinant  1.000000
fimgreg.f
image alignment mode   1283 decimal      503 hex
parameters
    0.0000   22.5000    7.5000    0.0000    0.0000    0.0000
eta,q 0.95945 10.94637
niter,ni,del,rscale     5    3   12.0000    1.2000
parameter  2 -0.528656 -> -0.500000 qaram    1.1500
parameter  4  0.764718 ->  0.500000 qaram    1.1500
parameters
   -0.4752   25.9500    4.6960   -3.4500   -0.6066   -1.4423
eta,q 0.96837 10.86544
  0.0529  0.0574  0.0365  0.0332  0.0385  0.0356
  0.0480  0.0499  0.0351  0.0320  0.0357  0.0331
  0.0423  0.0432  0.0342  0.0322  0.0333  0.0317
  0.0390  0.0388  0.0363  0.0344  0.0319  0.0321
  0.0440  0.0364  0.0392  0.0373  0.0338  0.0343
  0.0513  0.0363  0.0441  0.0399  0.0376  0.0375
  0.0572  0.0386  0.0505  0.0423  0.0422  0.0405
niter,ni,del,rscale     6    3   12.0000    1.2000
parameters
   -0.5611   27.0702    4.1317   -3.6694   -0.7339   -1.7421
eta,q 0.96848 10.90221
  0.0486  0.0539  0.0396  0.0396  0.0391  0.0372
  0.0403  0.0431  0.0350  0.0349  0.0357  0.0342
  0.0348  0.0349  0.0323  0.0324  0.0331  0.0322
  0.0316  0.0317  0.0315  0.0315  0.0315  0.0315
  0.0345  0.0325  0.0343  0.0330  0.0321  0.0327
  0.0415  0.0370  0.0380  0.0364  0.0359  0.0353
  0.0494  0.0423  0.0422  0.0401  0.0404  0.0382
niter,ni,del,rscale     5    3   12.0000    1.2000
parameters
   -0.5193   27.3484    4.0479   -3.8561   -0.8203   -1.7389
eta,q 0.96832 10.91368
  0.0493  0.0490  0.0412  0.0396  0.0393  0.0377
  0.0408  0.0388  0.0363  0.0352  0.0358  0.0348
  0.0348  0.0331  0.0329  0.0327  0.0332  0.0326
  0.0315  0.0315  0.0316  0.0316  0.0316  0.0317
  0.0341  0.0342  0.0335  0.0330  0.0322  0.0325
  0.0408  0.0394  0.0375  0.0363  0.0359  0.0349
  0.0488  0.0444  0.0410  0.0401  0.0404  0.0377
niter,ni,del,rscale     4    3   12.0000    1.2000
parameters
   -0.4743   27.4519    3.9955   -3.9771   -0.8948   -1.6955
eta,q 0.96824 10.91927
  0.0495  0.0480  0.0414  0.0396  0.0394  0.0378
  0.0411  0.0380  0.0364  0.0353  0.0359  0.0349
  0.0350  0.0328  0.0330  0.0328  0.0332  0.0327
  0.0317  0.0317  0.0317  0.0317  0.0317  0.0318
  0.0343  0.0347  0.0336  0.0329  0.0323  0.0325
  0.0410  0.0398  0.0375  0.0361  0.0359  0.0349
  0.0490  0.0448  0.0409  0.0399  0.0404  0.0376
niter,ni,del,rscale     3    3   12.0000    1.2000
parameters
   -0.4440   27.5097    3.9582   -4.0620   -0.9500   -1.6617
eta,q 0.96819 10.92269
  0.0495  0.0477  0.0415  0.0396  0.0395  0.0378
  0.0411  0.0378  0.0365  0.0354  0.0360  0.0349
  0.0351  0.0327  0.0330  0.0329  0.0333  0.0327
  0.0318  0.0317  0.0318  0.0318  0.0318  0.0318
  0.0344  0.0348  0.0336  0.0329  0.0323  0.0326
  0.0412  0.0398  0.0376  0.0360  0.0359  0.0349
  0.0491  0.0448  0.0409  0.0398  0.0404  0.0376
niter,ni,del,rscale     2    3   12.0000    1.2000
parameters
   -0.4227   27.5496    3.9290   -4.1280   -0.9903   -1.6355
eta,q 0.96814 10.92492
  0.0495  0.0475  0.0415  0.0396  0.0396  0.0378
  0.0411  0.0376  0.0365  0.0354  0.0361  0.0349
  0.0351  0.0327  0.0331  0.0329  0.0333  0.0328
  0.0318  0.0318  0.0318  0.0318  0.0318  0.0319
  0.0345  0.0348  0.0337  0.0329  0.0324  0.0327
  0.0413  0.0398  0.0376  0.0359  0.0359  0.0349
  0.0492  0.0449  0.0409  0.0397  0.0403  0.0377
registration optimization eta report
parameter search radius
    6.0000    6.9000    6.0000    6.9000    6.0000    6.0000
100000*second partial in parameter space
       47.       30.       25.       16.       22.       16.
  0.0495  0.0475  0.0415  0.0396  0.0396  0.0378
  0.0411  0.0376  0.0365  0.0354  0.0361  0.0349
  0.0351  0.0327  0.0331  0.0329  0.0333  0.0328
  0.0318  0.0318  0.0318  0.0318  0.0318  0.0319
  0.0345  0.0348  0.0337  0.0329  0.0324  0.0327
  0.0413  0.0398  0.0376  0.0359  0.0359  0.0349
  0.0492  0.0449  0.0409  0.0397  0.0403  0.0377
   -0.4227   27.5496    3.9290   -4.1280   -0.9903   -1.6355
eta,q 0.96814 10.92492

---------------------------------------------------------------------
imgreg_4dfp /opt/freesurfer/average/711-2C_as_mni_average_305 /opt/freesurfer/average/711-2B_as_mni_average_305_mask talsrcimg_g11 none talsrcimg_to_711-2C_as_mni_average_305_t4 3335
---------------------------------------------------------------------

freesurfer imgreg_4dfp.c
/opt/freesurfer/average/711-2C_as_mni_average_305.4dfp.img
       256       256       256         1
  1.000000  1.000000  1.000000
orientation T byte_order littleendian
Reading image: /opt/freesurfer/average/711-2C_as_mni_average_305.4dfp.img
dimensions:      256       256       256
mmppix:       1.0000   -1.0000   -1.0000
center:     128.0000 -129.0000 -129.0000
/opt/freesurfer/average/711-2B_as_mni_average_305_mask.4dfp.img
       256       256       256         1
  1.000000  1.000000  1.000000
orientation T byte_order littleendian
Reading mask: /opt/freesurfer/average/711-2B_as_mni_average_305_mask.4dfp.img (2306576 pixels)
talsrcimg_g11.4dfp.img
       256       256       256         1
  1.000000  1.000000  1.000000
orientation T byte_order littleendian
Reading image: talsrcimg_g11.4dfp.img
dimensions:      256       256       256
mmppix:       1.0000   -1.0000   -1.0000
center:     128.0000 -129.0000 -129.0000
fimgreg.f
image alignment mode   3335 decimal      D07 hex
parameters
   -0.4227   27.5496    3.9290   -0.0557   -0.2965   -0.2743
    2.7223    1.9285   -2.8536    7.1463   -1.7283   -7.1974
eta,q 0.96850 10.94745
niter,ni,del,rscale     5    3    5.0000    1.2000
parameter  4  1.450587 ->  0.500000 qaram    1.1500
parameter  5  0.807543 ->  0.500000 qaram    1.1500
parameter  6  0.628756 ->  0.500000 qaram    1.1500
parameter 10  0.557760 ->  0.500000 qaram    1.1500
parameters
   -0.6569   27.5310    3.6573   -4.1957   -4.4365   -4.4143
    0.9383    1.7177   -2.6000    3.0063   -3.8798   -9.5934
eta,q 0.97898 10.63446
  0.0335  0.0336  0.0329  0.0246  0.0244  0.0231  0.0236  0.0272  0.0236  0.0217  0.0221  0.0217
  0.0321  0.0324  0.0319  0.0253  0.0242  0.0224  0.0226  0.0245  0.0228  0.0214  0.0214  0.0212
  0.0315  0.0317  0.0315  0.0277  0.0246  0.0223  0.0221  0.0226  0.0222  0.0215  0.0212  0.0210
  0.0315  0.0314  0.0314  0.0314  0.0258  0.0243  0.0222  0.0221  0.0221  0.0221  0.0214  0.0212
  0.0320  0.0317  0.0318  0.0355  0.0279  0.0278  0.0230  0.0230  0.0222  0.0230  0.0219  0.0217
  0.0329  0.0325  0.0325  0.0404  0.0303  0.0318  0.0244  0.0250  0.0227  0.0246  0.0229  0.0224
  0.0343  0.0336  0.0336  0.0453  0.0328  0.0368  0.0263  0.0277  0.0234  0.0268  0.0241  0.0233
niter,ni,del,rscale     7    3    5.0000    1.2000
parameters
   -0.5697   27.3122    2.8810   -6.4722   -3.7977   -6.0224
    1.1432    2.2141   -1.5551    3.2307   -4.7684  -10.6627
eta,q 0.97862 10.55004
  0.0251  0.0229  0.0216  0.0233  0.0248  0.0232  0.0237  0.0253  0.0233  0.0242  0.0222  0.0222
  0.0229  0.0218  0.0210  0.0222  0.0231  0.0225  0.0226  0.0234  0.0224  0.0225  0.0217  0.0217
  0.0216  0.0211  0.0208  0.0211  0.0217  0.0219  0.0218  0.0221  0.0218  0.0216  0.0214  0.0214
  0.0210  0.0210  0.0210  0.0208  0.0209  0.0209  0.0215  0.0215  0.0215  0.0214  0.0214  0.0214
  0.0214  0.0214  0.0216  0.0226  0.0211  0.0209  0.0217  0.0216  0.0215  0.0218  0.0216  0.0217
  0.0226  0.0223  0.0225  0.0258  0.0222  0.0240  0.0224  0.0226  0.0218  0.0225  0.0220  0.0222
  0.0245  0.0236  0.0238  0.0307  0.0240  0.0285  0.0236  0.0245  0.0225  0.0238  0.0226  0.0228
niter,ni,del,rscale     6    3    5.0000    1.2000
parameters
   -0.3508   27.4202    2.5638   -7.0874   -3.8128   -6.5990
    0.9769    2.4355   -1.2751    3.2765   -5.1848  -11.2926
eta,q 0.97836 10.50534
  0.0248  0.0236  0.0222  0.0243  0.0249  0.0236  0.0237  0.0249  0.0231  0.0243  0.0224  0.0226
  0.0231  0.0224  0.0216  0.0233  0.0233  0.0228  0.0226  0.0232  0.0224  0.0227  0.0219  0.0220
  0.0219  0.0216  0.0213  0.0223  0.0220  0.0222  0.0219  0.0221  0.0219  0.0218  0.0217  0.0217
  0.0214  0.0213  0.0213  0.0213  0.0215  0.0215  0.0217  0.0217  0.0217  0.0217  0.0217  0.0217
  0.0215  0.0215  0.0216  0.0214  0.0219  0.0208  0.0219  0.0219  0.0218  0.0221  0.0218  0.0219
  0.0223  0.0222  0.0220  0.0234  0.0231  0.0221  0.0227  0.0228  0.0222  0.0228  0.0221  0.0224
  0.0238  0.0232  0.0227  0.0265  0.0251  0.0261  0.0240  0.0246  0.0230  0.0240  0.0225  0.0230
niter,ni,del,rscale     5    3    5.0000    1.2000
parameters
   -0.2811   27.4749    2.5002   -7.2197   -3.9056   -6.6697
    0.9043    2.5049   -1.2040    3.3811   -5.2180  -11.4739
eta,q 0.97830 10.49603
  0.0245  0.0238  0.0226  0.0246  0.0250  0.0239  0.0238  0.0248  0.0231  0.0244  0.0225  0.0228
  0.0230  0.0226  0.0220  0.0236  0.0234  0.0229  0.0227  0.0231  0.0224  0.0228  0.0220  0.0222
  0.0220  0.0219  0.0217  0.0226  0.0221  0.0223  0.0220  0.0221  0.0219  0.0218  0.0218  0.0218
  0.0216  0.0216  0.0216  0.0216  0.0217  0.0217  0.0217  0.0217  0.0217  0.0217  0.0217  0.0217
  0.0219  0.0219  0.0218  0.0214  0.0221  0.0209  0.0219  0.0220  0.0218  0.0221  0.0218  0.0219
  0.0227  0.0225  0.0221  0.0229  0.0233  0.0217  0.0227  0.0230  0.0223  0.0229  0.0221  0.0223
  0.0242  0.0236  0.0227  0.0258  0.0253  0.0253  0.0239  0.0248  0.0231  0.0240  0.0225  0.0229
niter,ni,del,rscale     4    3    5.0000    1.2000
parameters
   -0.2682   27.5017    2.4776   -7.2139   -3.9319   -6.6705
    0.8824    2.5194   -1.1766    3.4428   -5.2061  -11.5353
eta,q 0.97830 10.49584
  0.0244  0.0238  0.0227  0.0246  0.0251  0.0239  0.0238  0.0248  0.0231  0.0244  0.0225  0.0229
  0.0230  0.0226  0.0221  0.0237  0.0235  0.0229  0.0227  0.0231  0.0223  0.0227  0.0221  0.0222
  0.0221  0.0219  0.0218  0.0227  0.0222  0.0223  0.0220  0.0221  0.0219  0.0218  0.0218  0.0218
  0.0217  0.0217  0.0217  0.0217  0.0217  0.0217  0.0217  0.0217  0.0217  0.0217  0.0217  0.0217
  0.0220  0.0219  0.0218  0.0214  0.0221  0.0209  0.0219  0.0220  0.0218  0.0221  0.0218  0.0219
  0.0229  0.0226  0.0222  0.0228  0.0233  0.0217  0.0227  0.0230  0.0223  0.0229  0.0221  0.0223
  0.0244  0.0236  0.0227  0.0256  0.0253  0.0252  0.0239  0.0248  0.0231  0.0241  0.0225  0.0229
niter,ni,del,rscale     3    3    5.0000    1.2000
parameters
   -0.2692   27.5105    2.4649   -7.1992   -3.9439   -6.6695
    0.8724    2.5245   -1.1604    3.4662   -5.1861  -11.5559
eta,q 0.97830 10.49624
  0.0243  0.0238  0.0227  0.0246  0.0251  0.0239  0.0238  0.0248  0.0231  0.0243  0.0225  0.0229
  0.0229  0.0226  0.0221  0.0237  0.0235  0.0229  0.0227  0.0231  0.0223  0.0227  0.0221  0.0222
  0.0220  0.0219  0.0218  0.0227  0.0222  0.0223  0.0220  0.0221  0.0219  0.0218  0.0218  0.0218
  0.0217  0.0217  0.0217  0.0217  0.0217  0.0217  0.0217  0.0217  0.0217  0.0217  0.0217  0.0217
  0.0220  0.0220  0.0218  0.0214  0.0221  0.0209  0.0219  0.0220  0.0218  0.0221  0.0218  0.0219
  0.0229  0.0226  0.0222  0.0228  0.0233  0.0217  0.0227  0.0230  0.0223  0.0229  0.0221  0.0223
  0.0244  0.0237  0.0227  0.0256  0.0253  0.0252  0.0239  0.0248  0.0231  0.0241  0.0225  0.0228
registration optimization eta report
parameter search radius
    2.4000    2.4000    2.4000    8.2800    8.2800    8.2800
    7.2000    7.2000    7.2000    8.2800    7.2000    7.2000
100000*second partial in parameter space
       46.       35.       17.        5.        5.        5.
        4.        6.        3.        4.        2.        2.
  0.0243  0.0238  0.0227  0.0246  0.0251  0.0239  0.0238  0.0248  0.0231  0.0243  0.0225  0.0229
  0.0229  0.0226  0.0221  0.0237  0.0235  0.0229  0.0227  0.0231  0.0223  0.0227  0.0221  0.0222
  0.0220  0.0219  0.0218  0.0227  0.0222  0.0223  0.0220  0.0221  0.0219  0.0218  0.0218  0.0218
  0.0217  0.0217  0.0217  0.0217  0.0217  0.0217  0.0217  0.0217  0.0217  0.0217  0.0217  0.0217
  0.0220  0.0220  0.0218  0.0214  0.0221  0.0209  0.0219  0.0220  0.0218  0.0221  0.0218  0.0219
  0.0229  0.0226  0.0222  0.0228  0.0233  0.0217  0.0227  0.0230  0.0223  0.0229  0.0221  0.0223
  0.0244  0.0237  0.0227  0.0256  0.0253  0.0252  0.0239  0.0248  0.0231  0.0241  0.0225  0.0228
   -0.2692   27.5105    2.4649   -7.1992   -3.9439   -6.6695
    0.8724    2.5245   -1.1604    3.4662   -5.1861  -11.5559
eta,q 0.97830 10.49624

---------------------------------------------------------------------
imgreg_4dfp /opt/freesurfer/average/711-2C_as_mni_average_305 /opt/freesurfer/average/711-2B_as_mni_average_305_mask talsrcimg_g11 none talsrcimg_to_711-2C_as_mni_average_305_t4 2311
---------------------------------------------------------------------

freesurfer imgreg_4dfp.c
/opt/freesurfer/average/711-2C_as_mni_average_305.4dfp.img
       256       256       256         1
  1.000000  1.000000  1.000000
orientation T byte_order littleendian
Reading image: /opt/freesurfer/average/711-2C_as_mni_average_305.4dfp.img
dimensions:      256       256       256
mmppix:       1.0000   -1.0000   -1.0000
center:     128.0000 -129.0000 -129.0000
/opt/freesurfer/average/711-2B_as_mni_average_305_mask.4dfp.img
       256       256       256         1
  1.000000  1.000000  1.000000
orientation T byte_order littleendian
Reading mask: /opt/freesurfer/average/711-2B_as_mni_average_305_mask.4dfp.img (2306576 pixels)
talsrcimg_g11.4dfp.img
       256       256       256         1
  1.000000  1.000000  1.000000
orientation T byte_order littleendian
Reading image: talsrcimg_g11.4dfp.img
dimensions:      256       256       256
mmppix:       1.0000   -1.0000   -1.0000
center:     128.0000 -129.0000 -129.0000
fimgreg.f
image alignment mode   2311 decimal      907 hex
parameters
   -0.2692   27.5105    2.4649   -7.1992   -3.9439   -6.6695
    0.8724    2.5245   -1.1604    3.4662   -5.1861  -11.5559
eta,q 0.97830 10.49624
niter,ni,del,rscale     5    3    5.0000    0.8000
parameter  6 -0.727117 -> -0.500000 qaram    1.1500
parameters
   -0.2481   27.4804    2.4250   -5.5856   -4.0102   -3.9095
    0.4964    2.8187   -1.5902    4.7983   -5.1331  -10.8067
eta,q 0.97947 10.64259
  0.0229  0.0226  0.0221  0.0234  0.0227  0.0225  0.0216  0.0233  0.0212  0.0222  0.0214  0.0215
  0.0223  0.0221  0.0219  0.0229  0.0219  0.0221  0.0211  0.0220  0.0208  0.0214  0.0209  0.0210
  0.0219  0.0218  0.0217  0.0223  0.0214  0.0217  0.0207  0.0211  0.0206  0.0209  0.0206  0.0207
  0.0217  0.0217  0.0217  0.0217  0.0213  0.0213  0.0206  0.0206  0.0206  0.0206  0.0205  0.0205
  0.0218  0.0218  0.0218  0.0213  0.0215  0.0209  0.0208  0.0208  0.0207  0.0205  0.0206  0.0206
  0.0222  0.0221  0.0219  0.0215  0.0220  0.0206  0.0213  0.0215  0.0210  0.0207  0.0209  0.0207
  0.0229  0.0226  0.0221  0.0223  0.0227  0.0212  0.0220  0.0228  0.0214  0.0211  0.0213  0.0210
niter,ni,del,rscale     5    3    5.0000    0.8000
parameters
   -0.4180   27.3412    2.7861   -5.9885   -3.7194   -4.5228
    0.9034    2.6373   -1.5104    4.0570   -5.0363  -10.3209
eta,q 0.97934 10.62313
  0.0218  0.0213  0.0218  0.0222  0.0220  0.0225  0.0219  0.0228  0.0214  0.0213  0.0214  0.0214
  0.0210  0.0208  0.0212  0.0215  0.0213  0.0220  0.0213  0.0217  0.0210  0.0209  0.0210  0.0210
  0.0206  0.0205  0.0207  0.0208  0.0207  0.0212  0.0209  0.0209  0.0208  0.0207  0.0208  0.0208
  0.0205  0.0205  0.0205  0.0204  0.0205  0.0205  0.0207  0.0207  0.0207  0.0207  0.0207  0.0207
  0.0208  0.0207  0.0205  0.0207  0.0206  0.0206  0.0207  0.0210  0.0208  0.0209  0.0207  0.0207
  0.0215  0.0210  0.0206  0.0216  0.0210  0.0221  0.0210  0.0218  0.0210  0.0213  0.0209  0.0209
  0.0225  0.0216  0.0210  0.0233  0.0217  0.0248  0.0216  0.0232  0.0213  0.0219  0.0213  0.0212
niter,ni,del,rscale     4    3    5.0000    0.7000
parameters
   -0.3987   27.2966    2.6829   -5.8000   -3.6517   -4.4941
    0.8460    2.6739   -1.6045    4.0764   -5.0932  -10.2889
eta,q 0.97939 10.63025
  0.0219  0.0213  0.0212  0.0222  0.0217  0.0222  0.0214  0.0224  0.0211  0.0214  0.0211  0.0211
  0.0212  0.0210  0.0208  0.0216  0.0211  0.0218  0.0210  0.0215  0.0208  0.0209  0.0208  0.0208
  0.0208  0.0207  0.0207  0.0210  0.0207  0.0213  0.0207  0.0209  0.0206  0.0207  0.0207  0.0207
  0.0207  0.0207  0.0207  0.0207  0.0206  0.0206  0.0206  0.0206  0.0206  0.0206  0.0206  0.0206
  0.0208  0.0208  0.0208  0.0206  0.0207  0.0204  0.0207  0.0208  0.0207  0.0207  0.0207  0.0207
  0.0212  0.0210  0.0210  0.0211  0.0210  0.0211  0.0210  0.0214  0.0209  0.0209  0.0209  0.0208
  0.0218  0.0214  0.0213  0.0222  0.0216  0.0229  0.0215  0.0225  0.0211  0.0213  0.0212  0.0211
niter,ni,del,rscale     3    3    5.0000    0.6000
parameters
   -0.4153   27.2673    2.6679   -5.6278   -3.6300   -4.1589
    0.8416    2.7221   -1.7076    4.2215   -5.1224  -10.2311
eta,q 0.97951 10.64490
  0.0215  0.0211  0.0210  0.0219  0.0214  0.0220  0.0211  0.0220  0.0209  0.0211  0.0209  0.0209
  0.0210  0.0208  0.0208  0.0214  0.0209  0.0216  0.0208  0.0212  0.0206  0.0208  0.0207  0.0207
  0.0207  0.0207  0.0206  0.0209  0.0207  0.0211  0.0206  0.0207  0.0205  0.0206  0.0205  0.0205
  0.0206  0.0206  0.0206  0.0206  0.0206  0.0206  0.0205  0.0205  0.0205  0.0205  0.0205  0.0205
  0.0207  0.0207  0.0207  0.0206  0.0207  0.0204  0.0206  0.0206  0.0205  0.0205  0.0205  0.0205
  0.0210  0.0209  0.0208  0.0210  0.0209  0.0208  0.0208  0.0211  0.0207  0.0207  0.0207  0.0207
  0.0215  0.0212  0.0210  0.0219  0.0213  0.0221  0.0212  0.0220  0.0209  0.0210  0.0209  0.0208
niter,ni,del,rscale     2    3    5.0000    0.5000
parameters
   -0.4279   27.2322    2.7440   -5.5549   -3.6173   -3.7832
    0.8652    2.7443   -1.7770    4.2837   -5.1447  -10.1315
eta,q 0.97962 10.65648
  0.0211  0.0208  0.0209  0.0214  0.0210  0.0218  0.0209  0.0215  0.0206  0.0208  0.0207  0.0207
  0.0208  0.0206  0.0207  0.0210  0.0207  0.0214  0.0206  0.0209  0.0205  0.0206  0.0205  0.0205
  0.0206  0.0205  0.0205  0.0207  0.0205  0.0209  0.0204  0.0205  0.0204  0.0204  0.0204  0.0204
  0.0205  0.0205  0.0205  0.0205  0.0205  0.0205  0.0204  0.0204  0.0204  0.0204  0.0204  0.0204
  0.0206  0.0205  0.0205  0.0205  0.0205  0.0203  0.0204  0.0205  0.0204  0.0204  0.0204  0.0204
  0.0208  0.0207  0.0206  0.0208  0.0207  0.0207  0.0206  0.0209  0.0205  0.0205  0.0205  0.0205
  0.0212  0.0209  0.0208  0.0215  0.0210  0.0216  0.0209  0.0215  0.0207  0.0208  0.0207  0.0206
niter,ni,del,rscale     1    3    5.0000    0.4000
parameters
   -0.4362   27.2032    2.8581   -5.5319   -3.6388   -3.4674
    0.8902    2.7515   -1.8514    4.2885   -5.1661  -10.0435
eta,q 0.97968 10.66375
  0.0208  0.0206  0.0207  0.0210  0.0207  0.0214  0.0206  0.0211  0.0205  0.0206  0.0205  0.0205
  0.0206  0.0205  0.0205  0.0207  0.0205  0.0211  0.0205  0.0207  0.0204  0.0204  0.0204  0.0204
  0.0204  0.0204  0.0204  0.0205  0.0204  0.0207  0.0204  0.0204  0.0203  0.0204  0.0203  0.0203
  0.0204  0.0204  0.0204  0.0204  0.0204  0.0204  0.0203  0.0203  0.0203  0.0203  0.0203  0.0203
  0.0204  0.0204  0.0204  0.0204  0.0204  0.0203  0.0204  0.0204  0.0203  0.0204  0.0203  0.0203
  0.0206  0.0205  0.0204  0.0206  0.0205  0.0206  0.0205  0.0206  0.0204  0.0204  0.0204  0.0204
  0.0208  0.0207  0.0206  0.0211  0.0207  0.0212  0.0206  0.0211  0.0205  0.0206  0.0206  0.0205
registration optimization eta report
parameter search radius
    0.8000    0.8000    0.8000    2.4000    2.4000    2.7600
    2.4000    2.4000    2.4000    2.4000    2.4000    2.4000
100000*second partial in parameter space
       68.       39.       37.       11.        6.       12.
        5.       13.        3.        5.        4.        3.
  0.0208  0.0206  0.0207  0.0210  0.0207  0.0214  0.0206  0.0211  0.0205  0.0206  0.0205  0.0205
  0.0206  0.0205  0.0205  0.0207  0.0205  0.0211  0.0205  0.0207  0.0204  0.0204  0.0204  0.0204
  0.0204  0.0204  0.0204  0.0205  0.0204  0.0207  0.0204  0.0204  0.0203  0.0204  0.0203  0.0203
  0.0204  0.0204  0.0204  0.0204  0.0204  0.0204  0.0203  0.0203  0.0203  0.0203  0.0203  0.0203
  0.0204  0.0204  0.0204  0.0204  0.0204  0.0203  0.0204  0.0204  0.0203  0.0204  0.0203  0.0203
  0.0206  0.0205  0.0204  0.0206  0.0205  0.0206  0.0205  0.0206  0.0204  0.0204  0.0204  0.0204
  0.0208  0.0207  0.0206  0.0211  0.0207  0.0212  0.0206  0.0211  0.0205  0.0206  0.0206  0.0205
   -0.4362   27.2032    2.8581   -5.5319   -3.6388   -3.4674
    0.8902    2.7515   -1.8514    4.2885   -5.1661  -10.0435
eta,q 0.97968 10.66375

---------------------------------------------------------------------
imgreg_4dfp /opt/freesurfer/average/711-2C_as_mni_average_305 /opt/freesurfer/average/711-2B_as_mni_average_305_mask talsrcimg_g11 none talsrcimg_to_711-2C_as_mni_average_305_t4 2311
---------------------------------------------------------------------

freesurfer imgreg_4dfp.c
/opt/freesurfer/average/711-2C_as_mni_average_305.4dfp.img
       256       256       256         1
  1.000000  1.000000  1.000000
orientation T byte_order littleendian
Reading image: /opt/freesurfer/average/711-2C_as_mni_average_305.4dfp.img
dimensions:      256       256       256
mmppix:       1.0000   -1.0000   -1.0000
center:     128.0000 -129.0000 -129.0000
/opt/freesurfer/average/711-2B_as_mni_average_305_mask.4dfp.img
       256       256       256         1
  1.000000  1.000000  1.000000
orientation T byte_order littleendian
Reading mask: /opt/freesurfer/average/711-2B_as_mni_average_305_mask.4dfp.img (2306576 pixels)
talsrcimg_g11.4dfp.img
       256       256       256         1
  1.000000  1.000000  1.000000
orientation T byte_order littleendian
Reading image: talsrcimg_g11.4dfp.img
dimensions:      256       256       256
mmppix:       1.0000   -1.0000   -1.0000
center:     128.0000 -129.0000 -129.0000
fimgreg.f
image alignment mode   2311 decimal      907 hex
parameters
   -0.4362   27.2032    2.8581   -5.5319   -3.6388   -3.4674
    0.8902    2.7515   -1.8514    4.2885   -5.1661  -10.0435
eta,q 0.97968 10.66375
niter,ni,del,rscale     5    3    5.0000    0.8000
parameters
   -0.4281   27.2163    2.9618   -6.1524   -3.6950   -4.0257
    1.0123    2.6094   -1.6591    3.9708   -5.1644   -9.9625
eta,q 0.97946 10.63323
  0.0221  0.0214  0.0215  0.0219  0.0217  0.0222  0.0217  0.0227  0.0213  0.0214  0.0213  0.0212
  0.0211  0.0208  0.0209  0.0212  0.0210  0.0217  0.0211  0.0216  0.0209  0.0209  0.0209  0.0208
  0.0205  0.0204  0.0205  0.0206  0.0206  0.0210  0.0207  0.0208  0.0206  0.0206  0.0206  0.0206
  0.0203  0.0203  0.0203  0.0203  0.0204  0.0204  0.0205  0.0205  0.0205  0.0205  0.0205  0.0205
  0.0205  0.0204  0.0204  0.0206  0.0205  0.0206  0.0206  0.0208  0.0206  0.0207  0.0206  0.0206
  0.0211  0.0208  0.0207  0.0217  0.0210  0.0219  0.0210  0.0217  0.0208  0.0210  0.0209  0.0208
  0.0220  0.0213  0.0212  0.0235  0.0218  0.0241  0.0216  0.0231  0.0211  0.0217  0.0213  0.0211
niter,ni,del,rscale     4    3    5.0000    0.7000
parameters
   -0.3896   27.2496    2.8531   -5.9308   -3.6656   -4.0206
    0.8937    2.6767   -1.6888    4.0618   -5.1893  -10.0572
eta,q 0.97951 10.63963
  0.0218  0.0213  0.0211  0.0221  0.0215  0.0220  0.0213  0.0224  0.0210  0.0213  0.0211  0.0210
  0.0211  0.0209  0.0207  0.0215  0.0210  0.0216  0.0209  0.0214  0.0207  0.0208  0.0207  0.0207
  0.0207  0.0206  0.0206  0.0209  0.0206  0.0210  0.0206  0.0208  0.0205  0.0206  0.0206  0.0205
  0.0205  0.0205  0.0205  0.0205  0.0205  0.0205  0.0205  0.0205  0.0205  0.0205  0.0205  0.0205
  0.0206  0.0206  0.0206  0.0205  0.0206  0.0204  0.0206  0.0206  0.0206  0.0206  0.0206  0.0206
  0.0210  0.0209  0.0209  0.0210  0.0209  0.0210  0.0209  0.0213  0.0207  0.0208  0.0208  0.0207
  0.0217  0.0212  0.0213  0.0221  0.0215  0.0226  0.0214  0.0224  0.0210  0.0212  0.0211  0.0210
niter,ni,del,rscale     3    3    5.0000    0.6000
parameters
   -0.4062   27.2389    2.8291   -5.7461   -3.6530   -3.7803
    0.8800    2.7233   -1.7714    4.1865   -5.2004  -10.0581
eta,q 0.97960 10.65079
  0.0214  0.0210  0.0210  0.0218  0.0212  0.0218  0.0211  0.0219  0.0208  0.0210  0.0209  0.0208
  0.0209  0.0207  0.0207  0.0212  0.0208  0.0214  0.0207  0.0211  0.0206  0.0207  0.0206  0.0206
  0.0206  0.0205  0.0205  0.0208  0.0205  0.0209  0.0205  0.0206  0.0204  0.0205  0.0205  0.0204
  0.0205  0.0205  0.0205  0.0205  0.0205  0.0205  0.0204  0.0204  0.0204  0.0204  0.0204  0.0204
  0.0206  0.0206  0.0206  0.0205  0.0205  0.0203  0.0205  0.0205  0.0204  0.0205  0.0205  0.0204
  0.0209  0.0207  0.0207  0.0209  0.0208  0.0208  0.0207  0.0210  0.0206  0.0206  0.0206  0.0206
  0.0214  0.0210  0.0210  0.0217  0.0212  0.0218  0.0211  0.0219  0.0208  0.0210  0.0209  0.0208
niter,ni,del,rscale     2    3    5.0000    0.5000
parameters
   -0.4197   27.2157    2.8795   -5.6603   -3.6586   -3.5146
    0.9055    2.7429   -1.8422    4.2331   -5.1907  -10.0116
eta,q 0.97966 10.65899
  0.0210  0.0208  0.0208  0.0213  0.0209  0.0215  0.0208  0.0214  0.0206  0.0208  0.0207  0.0206
  0.0207  0.0206  0.0206  0.0209  0.0206  0.0212  0.0206  0.0209  0.0204  0.0205  0.0205  0.0205
  0.0205  0.0204  0.0204  0.0206  0.0204  0.0207  0.0204  0.0205  0.0204  0.0204  0.0204  0.0204
  0.0204  0.0204  0.0204  0.0204  0.0204  0.0204  0.0203  0.0203  0.0203  0.0203  0.0203  0.0203
  0.0205  0.0204  0.0204  0.0204  0.0205  0.0203  0.0204  0.0204  0.0204  0.0204  0.0204  0.0204
  0.0207  0.0206  0.0205  0.0207  0.0206  0.0207  0.0205  0.0208  0.0205  0.0205  0.0205  0.0205
  0.0211  0.0208  0.0207  0.0214  0.0209  0.0214  0.0208  0.0214  0.0206  0.0208  0.0207  0.0206
niter,ni,del,rscale     1    3    5.0000    0.4000
parameters
   -0.4301   27.1926    2.9549   -5.6093   -3.6723   -3.2998
    0.9151    2.7448   -1.8943    4.2301   -5.1968   -9.9737
eta,q 0.97970 10.66432
  0.0208  0.0206  0.0206  0.0210  0.0207  0.0212  0.0206  0.0210  0.0205  0.0206  0.0205  0.0205
  0.0205  0.0204  0.0205  0.0207  0.0205  0.0209  0.0204  0.0206  0.0204  0.0204  0.0204  0.0204
  0.0204  0.0204  0.0204  0.0205  0.0204  0.0206  0.0203  0.0204  0.0203  0.0203  0.0203  0.0203
  0.0203  0.0203  0.0203  0.0203  0.0203  0.0203  0.0203  0.0203  0.0203  0.0203  0.0203  0.0203
  0.0204  0.0204  0.0203  0.0204  0.0204  0.0203  0.0203  0.0204  0.0203  0.0203  0.0203  0.0203
  0.0205  0.0205  0.0204  0.0206  0.0205  0.0205  0.0204  0.0206  0.0204  0.0204  0.0204  0.0204
  0.0208  0.0206  0.0205  0.0210  0.0207  0.0211  0.0206  0.0211  0.0205  0.0206  0.0205  0.0205
registration optimization eta report
parameter search radius
    0.8000    0.8000    0.8000    2.4000    2.4000    2.4000
    2.4000    2.4000    2.4000    2.4000    2.4000    2.4000
100000*second partial in parameter space
       68.       39.       40.       11.        6.       14.
        5.       13.        3.        5.        4.        3.
  0.0208  0.0206  0.0206  0.0210  0.0207  0.0212  0.0206  0.0210  0.0205  0.0206  0.0205  0.0205
  0.0205  0.0204  0.0205  0.0207  0.0205  0.0209  0.0204  0.0206  0.0204  0.0204  0.0204  0.0204
  0.0204  0.0204  0.0204  0.0205  0.0204  0.0206  0.0203  0.0204  0.0203  0.0203  0.0203  0.0203
  0.0203  0.0203  0.0203  0.0203  0.0203  0.0203  0.0203  0.0203  0.0203  0.0203  0.0203  0.0203
  0.0204  0.0204  0.0203  0.0204  0.0204  0.0203  0.0203  0.0204  0.0203  0.0203  0.0203  0.0203
  0.0205  0.0205  0.0204  0.0206  0.0205  0.0205  0.0204  0.0206  0.0204  0.0204  0.0204  0.0204
  0.0208  0.0206  0.0205  0.0210  0.0207  0.0211  0.0206  0.0211  0.0205  0.0206  0.0205  0.0205
   -0.4301   27.1926    2.9549   -5.6093   -3.6723   -3.2998
    0.9151    2.7448   -1.8943    4.2301   -5.1968   -9.9737
eta,q 0.97970 10.66432

---------------------------------------------------------------------
compute_vox2vox talsrcimg talsrcimg_to_711-2C_as_mni_average_305_t4 /opt/freesurfer/average/711-2C_as_mni_average_305
---------------------------------------------------------------------

freesurfer compute_vox2vox.c
Reading: talsrcimg.4dfp.ifh
Reading: talsrcimg_to_711-2C_as_mni_average_305_t4
Reading: /opt/freesurfer/average/711-2C_as_mni_average_305.4dfp.ifh
Writing: talsrcimg_to_711-2C_as_mni_average_305_t4_vox2vox.txt

start time Tue Mar 10 07:34:23 CET 2026
end		time Tue Mar 10 07:35:47 CET 2026

mpr2mni305 success

avi2talxfm orig_nu.mgz /opt/freesurfer/average/mni305.cor.mgz talsrcimg_to_711-2C_as_mni_average_305_t4_vox2vox.txt transforms/talairach.auto.xfm
avi2talxfm done
mv -f /out/sourcedata/freesurfer/sub-v1s9x0051356_ses-1/mri/talsrcimg_to_711-2C_as_mni_average_305_t4_vox2vox.txt /out/sourcedata/freesurfer/sub-v1s9x0051356_ses-1/mri/transforms/talsrcimg_to_711-2C_as_mni_average_305_t4_vox2vox.txt
lta_convert --src orig_nu.mgz --trg /opt/freesurfer/average/mni305.cor.mgz --inxfm transforms/talairach.auto.xfm --outlta transforms/talairach.auto.xfm.lta --subject fsaverage
7.3.2

--src: orig_nu.mgz src image (geometry).
--trg: /opt/freesurfer/average/mni305.cor.mgz trg image (geometry).
--inmni: transforms/talairach.auto.xfm input MNI/XFM transform.
--outlta: transforms/talairach.auto.xfm.lta output LTA.
--s: fsaverage subject name
 LTA read, type : 1
 1.05754  -0.02944  -0.01309   0.69899;
 0.05871   1.02783   0.10586  -3.92578;
 0.01822  -0.04572   1.03322  -71.74569;
 0.00000   0.00000   0.00000   1.00000;
setting subject to fsaverage
Writing  LTA to file transforms/talairach.auto.xfm.lta...
lta_convert successful.
 
 
Started at Tue Mar 10 07:34:22 CET 2026
Ended   at Tue Mar 10 07:35:48 CET 2026
talairach_avi done
