status file for recon-all
Tue Mar 10 07:18:24 CET 2026
#@# MotionCor Tue Mar 10 07:18:25 CET 2026
#@# Talairach Tue Mar 10 07:18:33 CET 2026
#@# Talairach Failure Detection Tue Mar 10 07:23:01 CET 2026
#@# Nu Intensity Correction Tue Mar 10 07:23:01 CET 2026
#@# Intensity Normalization Tue Mar 10 07:26:17 CET 2026
recon-all -s sub-v1s9x0051350_ses-1 finished without error at Tue Mar 10 07:27:48 CET 2026



#New# invocation of recon-all 



status file for recon-all
Tue Mar 10 07:35:38 CET 2026
#@# EM Registration Tue Mar 10 07:35:38 CET 2026
recon-all -s sub-v1s9x0051350_ses-1 finished without error at Tue Mar 10 07:37:21 CET 2026



#New# invocation of recon-all 



status file for recon-all
Tue Mar 10 07:37:25 CET 2026
#@# CA Normalize Tue Mar 10 07:37:25 CET 2026
#@# CA Reg Tue Mar 10 07:38:49 CET 2026
#@# SubCort Seg Tue Mar 10 08:28:51 CET 2026
#@# CC Seg Tue Mar 10 09:00:43 CET 2026
#@# Merge ASeg Tue Mar 10 09:03:07 CET 2026
#@# Intensity Normalization2 Tue Mar 10 09:03:07 CET 2026
#@# Mask BFS Tue Mar 10 09:05:26 CET 2026
#@# WM Segmentation Tue Mar 10 09:05:27 CET 2026
#@# Fill Tue Mar 10 09:07:36 CET 2026
recon-all -s sub-v1s9x0051350_ses-1 finished without error at Tue Mar 10 09:08:38 CET 2026



#New# invocation of recon-all 



status file for recon-all
Tue Mar 10 09:58:07 CET 2026
#@# white curv lh Tue Mar 10 09:58:07 CET 2026
#@# white area lh Tue Mar 10 09:58:07 CET 2026
#@# pial curv lh Tue Mar 10 09:58:07 CET 2026
#@# pial area lh Tue Mar 10 09:58:07 CET 2026
#@# thickness lh Tue Mar 10 09:58:07 CET 2026
#@# area and vertex vol lh Tue Mar 10 09:58:07 CET 2026
#@# white curv rh Tue Mar 10 09:58:07 CET 2026
#@# white area rh Tue Mar 10 09:58:07 CET 2026
#@# pial curv rh Tue Mar 10 09:58:07 CET 2026
#@# pial area rh Tue Mar 10 09:58:07 CET 2026
#@# thickness rh Tue Mar 10 09:58:07 CET 2026
#@# area and vertex vol rh Tue Mar 10 09:58:07 CET 2026
#@# Cortical ribbon mask Tue Mar 10 09:58:07 CET 2026
recon-all -s sub-v1s9x0051350_ses-1 finished without error at Tue Mar 10 10:02:17 CET 2026



#New# invocation of recon-all 



status file for recon-all
Tue Mar 10 10:08:39 CET 2026
#@# white curv lh Tue Mar 10 10:08:39 CET 2026
#@# white area lh Tue Mar 10 10:08:39 CET 2026
#@# pial curv lh Tue Mar 10 10:08:39 CET 2026
#@# pial area lh Tue Mar 10 10:08:39 CET 2026
#@# thickness lh Tue Mar 10 10:08:39 CET 2026
#@# area and vertex vol lh Tue Mar 10 10:08:39 CET 2026
#@# white curv rh Tue Mar 10 10:08:39 CET 2026
#@# white area rh Tue Mar 10 10:08:39 CET 2026
#@# pial curv rh Tue Mar 10 10:08:39 CET 2026
#@# pial area rh Tue Mar 10 10:08:39 CET 2026
#@# thickness rh Tue Mar 10 10:08:39 CET 2026
#@# area and vertex vol rh Tue Mar 10 10:08:39 CET 2026
#@# Curvature Stats lh Tue Mar 10 10:08:39 CET 2026
#@# Curvature Stats rh Tue Mar 10 10:08:41 CET 2026
#@# Relabel Hypointensities Tue Mar 10 10:08:44 CET 2026
#@# APas-to-ASeg Tue Mar 10 10:09:00 CET 2026
#@# AParc-to-ASeg aparc Tue Mar 10 10:09:07 CET 2026
#@# AParc-to-ASeg aparc.a2009s Tue Mar 10 10:10:03 CET 2026
#@# AParc-to-ASeg aparc.DKTatlas Tue Mar 10 10:10:55 CET 2026
#@# WMParc Tue Mar 10 10:11:44 CET 2026
#@# ASeg Stats Tue Mar 10 10:16:02 CET 2026
recon-all -s sub-v1s9x0051350_ses-1 finished without error at Tue Mar 10 10:16:43 CET 2026
