status file for recon-all
Tue Mar 10 09:34:51 CET 2026
#@# Tessellate rh Tue Mar 10 09:34:51 CET 2026
#@# Smooth1 rh Tue Mar 10 09:34:54 CET 2026
#@# Inflation1 rh Tue Mar 10 09:34:57 CET 2026
#@# QSphere rh Tue Mar 10 09:35:09 CET 2026
#@# Fix Topology rh Tue Mar 10 09:36:15 CET 2026
#@# Smooth2 rh Tue Mar 10 09:42:33 CET 2026
#@# Inflation2 rh Tue Mar 10 09:42:36 CET 2026
#@# Curv .H and .K rh Tue Mar 10 09:42:51 CET 2026
#@# Sphere rh Tue Mar 10 09:43:36 CET 2026
#@# Surf Reg rh Tue Mar 10 09:46:45 CET 2026
#@# Jacobian white rh Tue Mar 10 09:51:04 CET 2026
#@# AvgCurv rh Tue Mar 10 09:51:05 CET 2026
#@# Cortical Parc rh Tue Mar 10 09:51:05 CET 2026
#@# white curv rh Tue Mar 10 09:56:59 CET 2026
#@# white area rh Tue Mar 10 09:57:01 CET 2026
#@# pial curv rh Tue Mar 10 09:57:01 CET 2026
#@# pial area rh Tue Mar 10 09:57:03 CET 2026
#@# thickness rh Tue Mar 10 09:57:04 CET 2026
#@# area and vertex vol rh Tue Mar 10 09:57:33 CET 2026
#@# Curvature Stats rh Tue Mar 10 09:57:34 CET 2026
#@# Cortical Parc 2 rh Tue Mar 10 09:57:37 CET 2026
#@# Cortical Parc 3 rh Tue Mar 10 09:57:50 CET 2026
#@# WM/GM Contrast rh Tue Mar 10 09:57:59 CET 2026
recon-all -s sub-v1s9x0051350_ses-1 finished without error at Tue Mar 10 09:58:02 CET 2026



#New# invocation of recon-all 



status file for recon-all
Tue Mar 10 10:05:33 CET 2026
#@# white curv rh Tue Mar 10 10:05:33 CET 2026
#@# white area rh Tue Mar 10 10:05:33 CET 2026
#@# pial curv rh Tue Mar 10 10:05:33 CET 2026
#@# pial area rh Tue Mar 10 10:05:33 CET 2026
#@# thickness rh Tue Mar 10 10:05:33 CET 2026
#@# area and vertex vol rh Tue Mar 10 10:05:33 CET 2026
#@# Parcellation Stats rh Tue Mar 10 10:05:33 CET 2026
#@# Parcellation Stats 2 rh Tue Mar 10 10:05:51 CET 2026
#@# Parcellation Stats 3 rh Tue Mar 10 10:05:59 CET 2026
#@# BA_exvivo Labels rh Tue Mar 10 10:06:08 CET 2026
recon-all -s sub-v1s9x0051350_ses-1 finished without error at Tue Mar 10 10:08:34 CET 2026
