/out/sourcedata/freesurfer/sub-v1s9x0051353_ses-1/mri
/opt/freesurfer/bin/talairach_avi
--i orig_nu.mgz --xfm transforms/talairach.auto.xfm
talairach_avi 7.3.2
Linux dna067 5.14.0-427.37.1.el9_4.x86_64 #1 SMP PREEMPT_DYNAMIC Fri Sep 13 12:41:50 EDT 2024 x86_64 x86_64 x86_64 GNU/Linux
Tue Mar 10 07:26:10 CET 2026
mri_convert orig_nu.mgz talsrcimg.img 
reading from orig_nu.mgz...
TR=0.00, TE=0.00, TI=0.00, flip angle=0.00
i_ras = (-1, 0, 0)
j_ras = (0, 0, -1)
k_ras = (0, 1, 0)
writing to talsrcimg.img...
Analyze Output Matrix
-1.00000   0.00000   0.00000   134.71741;
 0.00000   0.00000   1.00000  -140.34854;
 0.00000  -1.00000   0.00000   130.07263;
 0.00000   0.00000   0.00000   1.00000;
--------------------
INFO: set hdr.hist.orient to -1
mpr2mni305 talsrcimg
Tue Mar 10 07:26:11 CET 2026
/opt/freesurfer/bin/mpr2mni305 talsrcimg
mpr2mni305 7.3.2
target=711-2C_as_mni_average_305

---------------------------------------------------------------------
analyzeto4dfp talsrcimg -O0 -y
---------------------------------------------------------------------

freesurfer ifh2hdr.c
Tue Mar 10 07:26:11 2026
Writing: talsrcimg.4dfp.hdr
freesurfer analyzeto4dfp.c
Reading: talsrcimg.hdr
header size 348 bytes
hdr.dime.datatype	offset=70	value=2
hdr.dime.bitpix		offset=72	value=8
hdr.hist.orient		offset=252	value=-1
dimensionality     4
dimensions       256       256       256         1
Reading: talsrcimg.img
Writing: talsrcimg.4dfp.img
Writing: talsrcimg.4dfp.ifh
ifh2hdr talsrcimg -r0to205
ori=2

---------------------------------------------------------------------
gauss_4dfp talsrcimg 1.1
---------------------------------------------------------------------

freesurfer gauss_4dfp.c
Reading: talsrcimg.4dfp.img
Writing: talsrcimg_g11.4dfp.img
image dimensions 256 256 256 padded to 288 288 288
processing volume 1freesurfer ifh2hdr.c
Tue Mar 10 07:26:12 2026
Writing: talsrcimg_g11.4dfp.hdr

Writing: talsrcimg_g11.4dfp.ifh
including: talsrcimg.4dfp.img.rec in talsrcimg_g11.4dfp.img.rec

---------------------------------------------------------------------
imgreg_4dfp /opt/freesurfer/average/711-2C_as_mni_average_305 none talsrcimg_g11 none talsrcimg_to_711-2C_as_mni_average_305_t4 4355
---------------------------------------------------------------------

freesurfer imgreg_4dfp.c
/opt/freesurfer/average/711-2C_as_mni_average_305.4dfp.img
       256       256       256         1
  1.000000  1.000000  1.000000
orientation T byte_order littleendian
Reading image: /opt/freesurfer/average/711-2C_as_mni_average_305.4dfp.img
dimensions:      256       256       256
mmppix:       1.0000   -1.0000   -1.0000
center:     128.0000 -129.0000 -129.0000
talsrcimg_g11.4dfp.img
       256       256       256         1
  1.000000  1.000000  1.000000
orientation T byte_order littleendian
Reading image: talsrcimg_g11.4dfp.img
dimensions:      256       256       256
mmppix:       1.0000   -1.0000   -1.0000
center:     128.0000 -129.0000 -129.0000
t4_read: open error in t4_sub.f l:  41 t4_file(1:l)talsrcimg_to_711-2C_as_mni_average_305_t4 
t4_read: transform initialized to I4
rotation matrix determinant  1.000000
image alignment mode   4355 decimal     1103 hex
   -7.5000  -45.0000  -45.0000 5978.6685   22.0214
    0.0000  -45.0000  -45.0000 6180.6870   22.0229
    7.5000  -45.0000  -45.0000 5904.2285   22.0178
   -7.5000  -37.5000  -45.0000 6541.9912   21.3267
    0.0000  -37.5000  -45.0000 6775.8711   21.3270
    7.5000  -37.5000  -45.0000 6490.2192   21.3259
   -7.5000  -30.0000  -45.0000 7414.4302   20.8284
    0.0000  -30.0000  -45.0000 7706.7119   20.8330
    7.5000  -30.0000  -45.0000 7380.0435   20.8337
   -7.5000  -22.5000  -45.0000 8374.9512   20.4696
    0.0000  -22.5000  -45.0000 8690.3750   20.4748
    7.5000  -22.5000  -45.0000 8303.5654   20.4737
   -7.5000  -15.0000  -45.0000 9352.5469   20.3009
    0.0000  -15.0000  -45.0000 9699.4941   20.3057
    7.5000  -15.0000  -45.0000 9237.1348   20.3009
   -7.5000   -7.5000  -45.000010368.0479   20.2149
    0.0000   -7.5000  -45.000010754.1172   20.2184
    7.5000   -7.5000  -45.000010229.0400   20.2141
   -7.5000    0.0000  -45.000011345.3926   20.2201
    0.0000    0.0000  -45.000011766.9043   20.2224
    7.5000    0.0000  -45.000011206.4287   20.2207
   -7.5000    7.5000  -45.000011395.9023   20.2345
    0.0000    7.5000  -45.000011811.7109   20.2380
    7.5000    7.5000  -45.000011275.1777   20.2386
   -7.5000   15.0000  -45.000011244.1104   20.2378
    0.0000   15.0000  -45.000011671.5195   20.2433
    7.5000   15.0000  -45.000011140.1895   20.2455
   -7.5000   22.5000  -45.000011034.4180   20.2232
    0.0000   22.5000  -45.000011446.3125   20.2294
    7.5000   22.5000  -45.000010909.6475   20.2298
   -7.5000   30.0000  -45.000010766.0000   19.9450
    0.0000   30.0000  -45.000011153.2773   19.9504
    7.5000   30.0000  -45.000010632.5254   19.9467
   -7.5000   37.5000  -45.000010916.8955   19.9420
    0.0000   37.5000  -45.000011320.7051   19.9455
    7.5000   37.5000  -45.000010770.4707   19.9413
   -7.5000   45.0000  -45.000010597.7852   19.4440
    0.0000   45.0000  -45.000010984.6875   19.4462
    7.5000   45.0000  -45.000010445.4912   19.4446
   -7.5000  -45.0000  -37.5000 6343.6758   22.0015
    0.0000  -45.0000  -37.5000 6560.8706   22.0079
    7.5000  -45.0000  -37.5000 6258.2754   21.9923
   -7.5000  -37.5000  -37.5000 6942.0093   21.3108
    0.0000  -37.5000  -37.5000 7209.2358   21.3178
    7.5000  -37.5000  -37.5000 6874.7241   21.3115
   -7.5000  -30.0000  -37.5000 7879.3115   20.8138
    0.0000  -30.0000  -37.5000 8184.7358   20.8262
    7.5000  -30.0000  -37.5000 7823.5874   20.8253
   -7.5000  -22.5000  -37.5000 8895.6406   20.4529
    0.0000  -22.5000  -37.5000 9233.7412   20.4652
    7.5000  -22.5000  -37.5000 8821.2881   20.4625
   -7.5000  -15.0000  -37.5000 9931.3057   20.2828
    0.0000  -15.0000  -37.500010307.5127   20.2937
    7.5000  -15.0000  -37.5000 9814.8467   20.2852
   -7.5000   -7.5000  -37.500011005.5850   20.1989
    0.0000   -7.5000  -37.500011403.9287   20.2077
    7.5000   -7.5000  -37.500010839.8086   20.1963
   -7.5000    0.0000  -37.500012042.2803   20.2078
    0.0000    0.0000  -37.500012493.6230   20.2151
    7.5000    0.0000  -37.500011891.0771   20.2054
   -7.5000    7.5000  -37.500012088.5664   20.2240
    0.0000    7.5000  -37.500012526.5967   20.2337
    7.5000    7.5000  -37.500011938.8496   20.2295
   -7.5000   15.0000  -37.500011928.1348   20.2260
    0.0000   15.0000  -37.500012368.0215   20.2388
    7.5000   15.0000  -37.500011783.2510   20.2393
   -7.5000   22.5000  -37.500011697.4258   20.2078
    0.0000   22.5000  -37.500012130.1758   20.2209
    7.5000   22.5000  -37.500011533.8555   20.2196
   -7.5000   30.0000  -37.500011411.3730   19.9274
    0.0000   30.0000  -37.500011818.5088   19.9388
    7.5000   30.0000  -37.500011234.3545   19.9315
   -7.5000   37.5000  -37.500011549.5225   19.9262
    0.0000   37.5000  -37.500011950.1904   19.9349
    7.5000   37.5000  -37.500011360.4678   19.9238
   -7.5000   45.0000  -37.500011194.8232   19.4323
    0.0000   45.0000  -37.500011576.6016   19.4393
    7.5000   45.0000  -37.500011000.5156   19.4299
   -7.5000  -45.0000  -30.0000 6795.2529   22.8836
    0.0000  -45.0000  -30.0000 7056.0562   22.9013
    7.5000  -45.0000  -30.0000 6726.8301   22.8904
   -7.5000  -37.5000  -30.0000 7466.3379   22.1638
    0.0000  -37.5000  -30.0000 7743.8711   22.1842
    7.5000  -37.5000  -30.0000 7390.4697   22.1862
   -7.5000  -30.0000  -30.0000 8487.3447   21.6470
    0.0000  -30.0000  -30.0000 8800.2715   21.6745
    7.5000  -30.0000  -30.0000 8410.9502   21.6835
   -7.5000  -22.5000  -30.0000 9573.8721   21.2711
    0.0000  -22.5000  -30.0000 9933.4375   21.2973
    7.5000  -22.5000  -30.0000 9484.2129   21.3033
   -7.5000  -15.0000  -30.000010695.0850   21.0940
    0.0000  -15.0000  -30.000011082.0645   21.1160
    7.5000  -15.0000  -30.000010551.2822   21.1142
   -7.5000   -7.5000  -30.000011830.3936   21.0095
    0.0000   -7.5000  -30.000012253.6953   21.0274
    7.5000   -7.5000  -30.000011654.0654   21.0212
   -7.5000    0.0000  -30.000012928.6973   21.0205
    0.0000    0.0000  -30.000013398.2188   21.0375
    7.5000    0.0000  -30.000012775.5361   21.0331
   -7.5000    7.5000  -30.000012938.3086   21.0363
    0.0000    7.5000  -30.000013417.1826   21.0584
    7.5000    7.5000  -30.000012784.6523   21.0619
   -7.5000   15.0000  -30.000012770.8848   21.0371
    0.0000   15.0000  -30.000013245.3848   21.0641
    7.5000   15.0000  -30.000012597.7988   21.0737
   -7.5000   22.5000  -30.000012526.3564   21.0142
    0.0000   22.5000  -30.000012999.2861   21.0408
    7.5000   22.5000  -30.000012334.8652   21.0481
   -7.5000   30.0000  -30.000012235.5254   20.7264
    0.0000   30.0000  -30.000012685.1104   20.7486
    7.5000   30.0000  -30.000012011.0088   20.7480
   -7.5000   37.5000  -30.000012372.4131   20.7278
    0.0000   37.5000  -30.000012799.9170   20.7455
    7.5000   37.5000  -30.000012133.9678   20.7395
   -7.5000   45.0000  -30.000011936.8350   20.2286
    0.0000   45.0000  -30.000012342.6270   20.2450
    7.5000   45.0000  -30.000011701.6064   20.2407
   -7.5000  -45.0000  -22.5000 7274.5562   23.6490
    0.0000  -45.0000  -22.5000 7548.8960   23.6734
    7.5000  -45.0000  -22.5000 7185.3457   23.6801
   -7.5000  -37.5000  -22.5000 7980.5791   22.8993
    0.0000  -37.5000  -22.5000 8271.6680   22.9261
    7.5000  -37.5000  -22.5000 7886.3784   22.9433
   -7.5000  -30.0000  -22.5000 9091.1973   22.3645
    0.0000  -30.0000  -22.5000 9424.9941   22.3983
    7.5000  -30.0000  -22.5000 8987.5645   22.4197
   -7.5000  -22.5000  -22.500010269.9600   21.9781
    0.0000  -22.5000  -22.500010647.8926   22.0102
    7.5000  -22.5000  -22.500010148.4033   22.0273
   -7.5000  -15.0000  -22.500011456.5625   21.7968
    0.0000  -15.0000  -22.500011887.0898   21.8231
    7.5000  -15.0000  -22.500011296.9756   21.8329
   -7.5000   -7.5000  -22.500012635.9951   21.7099
    0.0000   -7.5000  -22.500013119.8037   21.7315
    7.5000   -7.5000  -22.500012489.4912   21.7389
   -7.5000    0.0000  -22.500013784.6309   21.7180
    0.0000    0.0000  -22.500014322.5459   21.7400
    7.5000    0.0000  -22.500013636.0938   21.7506
   -7.5000    7.5000  -22.500013787.3721   21.7313
    0.0000    7.5000  -22.500014339.8213   21.7590
    7.5000    7.5000  -22.500013642.8711   21.7764
   -7.5000   15.0000  -22.500013604.3447   21.7325
    0.0000   15.0000  -22.500014145.5020   21.7655
    7.5000   15.0000  -22.500013434.0088   21.7869
   -7.5000   22.5000  -22.500013312.7686   21.7098
    0.0000   22.5000  -22.500013875.2891   21.7423
    7.5000   22.5000  -22.500013156.5498   21.7604
   -7.5000   30.0000  -22.500012992.1299   21.4200
    0.0000   30.0000  -22.500013530.6162   21.4465
    7.5000   30.0000  -22.500012773.1904   21.4573
   -7.5000   37.5000  -22.500013141.2812   21.4221
    0.0000   37.5000  -22.500013654.6621   21.4435
    7.5000   37.5000  -22.500012873.3057   21.4509
   -7.5000   45.0000  -22.500012646.7324   20.9156
    0.0000   45.0000  -22.500013117.2031   20.9367
    7.5000   45.0000  -22.500012377.5332   20.9469
   -7.5000  -45.0000  -15.0000 7732.0229   24.2304
    0.0000  -45.0000  -15.0000 8020.3125   24.2512
    7.5000  -45.0000  -15.0000 7635.4580   24.2715
   -7.5000  -37.5000  -15.0000 8509.1260   23.4571
    0.0000  -37.5000  -15.0000 8828.5469   23.4779
    7.5000  -37.5000  -15.0000 8414.8955   23.5033
   -7.5000  -30.0000  -15.0000 9726.1299   22.9074
    0.0000  -30.0000  -15.000010082.1035   22.9332
    7.5000  -30.0000  -15.0000 9618.6123   22.9587
   -7.5000  -22.5000  -15.000010964.3604   22.5141
    0.0000  -22.5000  -15.000011385.7998   22.5387
    7.5000  -22.5000  -15.000010846.1143   22.5593
   -7.5000  -15.0000  -15.000012174.5703   22.3312
    0.0000  -15.0000  -15.000012665.1787   22.3513
    7.5000  -15.0000  -15.000012069.2158   22.3666
   -7.5000   -7.5000  -15.000013414.7979   22.2412
    0.0000   -7.5000  -15.000013966.5215   22.2581
    7.5000   -7.5000  -15.000013309.7715   22.2746
   -7.5000    0.0000  -15.000014617.4180   22.2453
    0.0000    0.0000  -15.000015238.9766   22.2632
    7.5000    0.0000  -15.000014495.9404   22.2844
   -7.5000    7.5000  -15.000014630.5615   22.2558
    0.0000    7.5000  -15.000015253.3496   22.2778
    7.5000    7.5000  -15.000014507.8633   22.3025
   -7.5000   15.0000  -15.000014391.9199   22.2575
    0.0000   15.0000  -15.000014998.0566   22.2829
    7.5000   15.0000  -15.000014270.4434   22.3084
   -7.5000   22.5000  -15.000014036.6250   22.2371
    0.0000   22.5000  -15.000014665.6543   22.2622
    7.5000   22.5000  -15.000013946.7031   22.2838
   -7.5000   30.0000  -15.000013695.8389   21.9481
    0.0000   30.0000  -15.000014300.5186   21.9685
    7.5000   30.0000  -15.000013538.6260   21.9846
   -7.5000   37.5000  -15.000013860.2715   21.9495
    0.0000   37.5000  -15.000014468.6152   21.9662
    7.5000   37.5000  -15.000013642.1494   21.9826
   -7.5000   45.0000  -15.000013308.8330   21.4362
    0.0000   45.0000  -15.000013861.8877   21.4535
    7.5000   45.0000  -15.000013075.1973   21.4739
   -7.5000  -45.0000   -7.5000 8209.2559   24.5527
    0.0000  -45.0000   -7.5000 8500.3916   24.5621
    7.5000  -45.0000   -7.5000 8101.2749   24.5758
   -7.5000  -37.5000   -7.5000 9073.1152   23.7714
    0.0000  -37.5000   -7.5000 9404.9980   23.7791
    7.5000  -37.5000   -7.5000 8961.1729   23.7950
   -7.5000  -30.0000   -7.500010346.9102   23.2143
    0.0000  -30.0000   -7.500010753.6006   23.2261
    7.5000  -30.0000   -7.500010240.6396   23.2412
   -7.5000  -22.5000   -7.500011619.9590   22.8163
    0.0000  -22.5000   -7.500012115.2109   22.8280
    7.5000  -22.5000   -7.500011565.3320   22.8395
   -7.5000  -15.0000   -7.500012893.8516   22.6311
    0.0000  -15.0000   -7.500013448.8662   22.6407
    7.5000  -15.0000   -7.500012851.0586   22.6483
   -7.5000   -7.5000   -7.500014207.8789   22.5372
    0.0000   -7.5000   -7.500014799.6553   22.5453
    7.5000   -7.5000   -7.500014141.1484   22.5554
   -7.5000    0.0000   -7.500015450.4570   22.5404
    0.0000    0.0000   -7.500016101.8105   22.5485
    7.5000    0.0000   -7.500015392.3281   22.5631
   -7.5000    7.5000   -7.500015480.3203   22.5523
    0.0000    7.5000   -7.500016106.4580   22.5624
    7.5000    7.5000   -7.500015399.1172   22.5786
   -7.5000   15.0000   -7.500015223.1475   22.5549
    0.0000   15.0000   -7.500015846.2686   22.5674
    7.5000   15.0000   -7.500015160.9697   22.5832
   -7.5000   22.5000   -7.500014828.7363   22.5334
    0.0000   22.5000   -7.500015473.9219   22.5460
    7.5000   22.5000   -7.500014826.3213   22.5587
   -7.5000   30.0000   -7.500014454.5586   22.2423
    0.0000   30.0000   -7.500015108.3867   22.2525
    7.5000   30.0000   -7.500014412.9150   22.2610
   -7.5000   37.5000   -7.500014628.9209   22.2409
    0.0000   37.5000   -7.500015293.7373   22.2490
    7.5000   37.5000   -7.500014528.1279   22.2591
   -7.5000   45.0000   -7.500014011.5557   21.7247
    0.0000   45.0000   -7.500014619.5264   21.7325
    7.5000   45.0000   -7.500013886.4141   21.7466
   -7.5000  -45.0000    0.0000 8595.6689   24.6361
    0.0000  -45.0000    0.0000 8913.5469   24.6378
    7.5000  -45.0000    0.0000 8504.3408   24.6320
   -7.5000  -37.5000    0.0000 9537.2793   23.8589
    0.0000  -37.5000    0.0000 9880.2275   23.8592
    7.5000  -37.5000    0.0000 9421.9824   23.8581
   -7.5000  -30.0000    0.000010863.1738   23.3015
    0.0000  -30.0000    0.000011285.6816   23.3066
    7.5000  -30.0000    0.000010774.7461   23.3074
   -7.5000  -22.5000    0.000012177.2236   22.9001
    0.0000  -22.5000    0.000012694.6729   22.9059
    7.5000  -22.5000    0.000012152.8203   22.9047
   -7.5000  -15.0000    0.000013522.8330   22.7115
    0.0000  -15.0000    0.000014092.6553   22.7168
    7.5000  -15.0000    0.000013483.5098   22.7114
   -7.5000   -7.5000    0.000014860.0908   22.6154
    0.0000   -7.5000    0.000015487.9746   22.6193
    7.5000   -7.5000    0.000014813.4053   22.6144
   -7.5000    0.0000    0.000016122.6113   22.6211
    0.0000    0.0000    0.000016799.9629   22.6236
    7.5000    0.0000    0.000016116.9961   22.6217
   -7.5000    7.5000    0.000016169.6309   22.6372
    0.0000    7.5000    0.000016832.0215   22.6410
    7.5000    7.5000    0.000016141.7842   22.6418
   -7.5000   15.0000    0.000015972.5410   22.6408
    0.0000   15.0000    0.000016631.9512   22.6469
    7.5000   15.0000    0.000015954.7930   22.6494
   -7.5000   22.5000    0.000015503.1455   22.6172
    0.0000   22.5000    0.000016123.4307   22.6241
    7.5000   22.5000    0.000015577.3867   22.6245
   -7.5000   30.0000    0.000015089.7998   22.3221
    0.0000   30.0000    0.000015710.3262   22.3281
    7.5000   30.0000    0.000015125.1074   22.3239
   -7.5000   37.5000    0.000015231.1143   22.3187
    0.0000   37.5000    0.000015897.0947   22.3226
    7.5000   37.5000    0.000015221.7686   22.3179
   -7.5000   45.0000    0.000014576.3145   21.8041
    0.0000   45.0000    0.000015206.5801   21.8066
    7.5000   45.0000    0.000014534.9717   21.8047
   -7.5000  -45.0000    7.5000 8287.6895   24.6202
    0.0000  -45.0000    7.5000 8605.0273   24.6275
    7.5000  -45.0000    7.5000 8226.6934   24.6099
   -7.5000  -37.5000    7.5000 9213.0547   23.8474
    0.0000  -37.5000    7.5000 9571.8818   23.8552
    7.5000  -37.5000    7.5000 9125.2764   23.8481
   -7.5000  -30.0000    7.500010507.3604   23.2912
    0.0000  -30.0000    7.500010938.7051   23.3050
    7.5000  -30.0000    7.500010431.8613   23.3041
   -7.5000  -22.5000    7.500011809.3936   22.8873
    0.0000  -22.5000    7.500012300.4072   22.9012
    7.5000  -22.5000    7.500011747.8330   22.8981
   -7.5000  -15.0000    7.500013113.3535   22.6970
    0.0000  -15.0000    7.500013643.0273   22.7092
    7.5000  -15.0000    7.500013043.5596   22.6997
   -7.5000   -7.5000    7.500014377.9551   22.6031
    0.0000   -7.5000    7.500014948.2656   22.6130
    7.5000   -7.5000    7.500014323.2754   22.6002
   -7.5000    0.0000    7.500015548.2510   22.6131
    0.0000    0.0000    7.500016177.3516   22.6213
    7.5000    0.0000    7.500015541.4561   22.6104
   -7.5000    7.5000    7.500015554.2012   22.6312
    0.0000    7.5000    7.500016188.7549   22.6421
    7.5000    7.5000    7.500015542.2295   22.6374
   -7.5000   15.0000    7.500015344.5059   22.6334
    0.0000   15.0000    7.500015926.4160   22.6477
    7.5000   15.0000    7.500015334.0244   22.6483
   -7.5000   22.5000    7.500014874.8574   22.6057
    0.0000   22.5000    7.500015485.6953   22.6204
    7.5000   22.5000    7.500015008.9160   22.6190
   -7.5000   30.0000    7.500014511.4629   22.3079
    0.0000   30.0000    7.500015114.1357   22.3208
    7.5000   30.0000    7.500014590.6133   22.3125
   -7.5000   37.5000    7.500014716.0674   22.3066
    0.0000   37.5000    7.500015323.7725   22.3164
    7.5000   37.5000    7.500014709.6289   22.3040
   -7.5000   45.0000    7.500014120.5283   21.7964
    0.0000   45.0000    7.500014657.3242   21.8043
    7.5000   45.0000    7.500014032.9824   21.7938
   -7.5000  -45.0000   15.0000 7865.2295   24.5732
    0.0000  -45.0000   15.0000 8142.4775   24.5922
    7.5000  -45.0000   15.0000 7822.6104   24.5806
   -7.5000  -37.5000   15.0000 8755.9395   23.8003
    0.0000  -37.5000   15.0000 9082.0957   23.8222
    7.5000  -37.5000   15.0000 8696.6230   23.8244
   -7.5000  -30.0000   15.000010031.5508   23.2453
    0.0000  -30.0000   15.000010433.7432   23.2749
    7.5000  -30.0000   15.0000 9964.9248   23.2845
   -7.5000  -22.5000   15.000011307.1768   22.8417
    0.0000  -22.5000   15.000011777.5488   22.8698
    7.5000  -22.5000   15.000011232.2129   22.8763
   -7.5000  -15.0000   15.000012536.3086   22.6514
    0.0000  -15.0000   15.000013066.2539   22.6751
    7.5000  -15.0000   15.000012467.4375   22.6732
   -7.5000   -7.5000   15.000013707.7979   22.5608
    0.0000   -7.5000   15.000014292.2344   22.5800
    7.5000   -7.5000   15.000013669.2441   22.5733
   -7.5000    0.0000   15.000014825.1309   22.5725
    0.0000    0.0000   15.000015459.2295   22.5908
    7.5000    0.0000   15.000014823.6357   22.5861
   -7.5000    7.5000   15.000014816.9775   22.5895
    0.0000    7.5000   15.000015420.4307   22.6132
    7.5000    7.5000   15.000014822.1953   22.6170
   -7.5000   15.0000   15.000014666.6113   22.5904
    0.0000   15.0000   15.000015168.2344   22.6193
    7.5000   15.0000   15.000014610.1055   22.6297
   -7.5000   22.5000   15.000014403.9287   22.5608
    0.0000   22.5000   15.000014863.3643   22.5894
    7.5000   22.5000   15.000014331.3027   22.5972
   -7.5000   30.0000   15.000014108.5303   22.2633
    0.0000   30.0000   15.000014566.6074   22.2872
    7.5000   30.0000   15.000013995.0312   22.2865
   -7.5000   37.5000   15.000014250.2324   22.2648
    0.0000   37.5000   15.000014723.4658   22.2838
    7.5000   37.5000   15.000014104.5127   22.2774
   -7.5000   45.0000   15.000013585.3164   21.7573
    0.0000   45.0000   15.000014044.7588   21.7750
    7.5000   45.0000   15.000013426.2178   21.7704
   -7.5000  -45.0000   22.5000 7396.3833   24.6156
    0.0000  -45.0000   22.5000 7681.1807   24.6412
    7.5000  -45.0000   22.5000 7370.9219   24.6487
   -7.5000  -37.5000   22.5000 8229.5947   23.8331
    0.0000  -37.5000   22.5000 8574.9521   23.8613
    7.5000  -37.5000   22.5000 8211.5977   23.8796
   -7.5000  -30.0000   22.5000 9425.7979   23.2751
    0.0000  -30.0000   22.5000 9832.7119   23.3106
    7.5000  -30.0000   22.5000 9401.3564   23.3333
   -7.5000  -22.5000   22.500010651.1211   22.8720
    0.0000  -22.5000   22.500011094.5400   22.9057
    7.5000  -22.5000   22.500010609.7979   22.9239
   -7.5000  -15.0000   22.500011867.2363   22.6829
    0.0000  -15.0000   22.500012334.7139   22.7106
    7.5000  -15.0000   22.500011796.6328   22.7211
   -7.5000   -7.5000   22.500013023.2344   22.5923
    0.0000   -7.5000   22.500013528.3408   22.6150
    7.5000   -7.5000   22.500012922.9385   22.6230
   -7.5000    0.0000   22.500014141.9854   22.6007
    0.0000    0.0000   22.500014679.1436   22.6238
    7.5000    0.0000   22.500014010.1768   22.6352
   -7.5000    7.5000   22.500014174.6475   22.6145
    0.0000    7.5000   22.500014680.2490   22.6435
    7.5000    7.5000   22.500014035.0703   22.6621
   -7.5000   15.0000   22.500013995.3945   22.6157
    0.0000   15.0000   22.500014441.8691   22.6503
    7.5000   15.0000   22.500013843.7461   22.6731
   -7.5000   22.5000   22.500013659.9395   22.5887
    0.0000   22.5000   22.500014104.5078   22.6228
    7.5000   22.5000   22.500013565.4199   22.6420
   -7.5000   30.0000   22.500013350.5703   22.2938
    0.0000   30.0000   22.500013770.3457   22.3216
    7.5000   30.0000   22.500013228.1562   22.3331
   -7.5000   37.5000   22.500013524.1846   22.2959
    0.0000   37.5000   22.500013934.8350   22.3184
    7.5000   37.5000   22.500013345.1572   22.3264
   -7.5000   45.0000   22.500012916.6953   21.7845
    0.0000   45.0000   22.500013313.9160   21.8067
    7.5000   45.0000   22.500012724.7998   21.8178
   -7.5000  -45.0000   30.0000 6855.3936   24.7538
    0.0000  -45.0000   30.0000 7117.3452   24.7753
    7.5000  -45.0000   30.0000 6830.4854   24.7967
   -7.5000  -37.5000   30.0000 7623.1616   23.9615
    0.0000  -37.5000   30.0000 7929.6353   23.9831
    7.5000  -37.5000   30.0000 7604.5352   24.0097
   -7.5000  -30.0000   30.0000 8729.8643   23.3969
    0.0000  -30.0000   30.0000 9101.5479   23.4236
    7.5000  -30.0000   30.0000 8710.5908   23.4503
   -7.5000  -22.5000   30.0000 9892.4873   22.9921
    0.0000  -22.5000   30.000010309.0518   23.0175
    7.5000  -22.5000   30.0000 9843.0391   23.0392
   -7.5000  -15.0000   30.000011042.6826   22.8039
    0.0000  -15.0000   30.000011508.0127   22.8245
    7.5000  -15.0000   30.000010971.5977   22.8405
   -7.5000   -7.5000   30.000012122.2051   22.7113
    0.0000   -7.5000   30.000012650.3086   22.7286
    7.5000   -7.5000   30.000012034.4258   22.7458
   -7.5000    0.0000   30.000013152.8623   22.7155
    0.0000    0.0000   30.000013717.7588   22.7339
    7.5000    0.0000   30.000013050.5918   22.7561
   -7.5000    7.5000   30.000013153.3223   22.7266
    0.0000    7.5000   30.000013696.8330   22.7492
    7.5000    7.5000   30.000013048.9658   22.7751
   -7.5000   15.0000   30.000012963.0332   22.7283
    0.0000   15.0000   30.000013464.8643   22.7546
    7.5000   15.0000   30.000012870.2754   22.7813
   -7.5000   22.5000   30.000012658.9541   22.7048
    0.0000   22.5000   30.000013148.7100   22.7307
    7.5000   22.5000   30.000012591.8223   22.7534
   -7.5000   30.0000   30.000012357.5752   22.4120
    0.0000   30.0000   30.000012807.2080   22.4329
    7.5000   30.0000   30.000012265.0400   22.4498
   -7.5000   37.5000   30.000012482.2520   22.4133
    0.0000   37.5000   30.000012952.9531   22.4304
    7.5000   37.5000   30.000012380.4951   22.4476
   -7.5000   45.0000   30.000011986.1758   21.8951
    0.0000   45.0000   30.000012433.8184   21.9129
    7.5000   45.0000   30.000011853.9473   21.9343
   -7.5000  -45.0000   37.5000 6549.3994   25.0825
    0.0000  -45.0000   37.5000 6798.4175   25.0925
    7.5000  -45.0000   37.5000 6517.3115   25.1081
   -7.5000  -37.5000   37.5000 7296.0469   24.2783
    0.0000  -37.5000   37.5000 7582.5493   24.2869
    7.5000  -37.5000   37.5000 7260.9092   24.3048
   -7.5000  -30.0000   37.5000 8354.1836   23.7062
    0.0000  -30.0000   37.5000 8701.7422   23.7193
    7.5000  -30.0000   37.5000 8311.1846   23.7363
   -7.5000  -22.5000   37.5000 9471.1309   23.2985
    0.0000  -22.5000   37.5000 9858.9199   23.3111
    7.5000  -22.5000   37.5000 9389.7324   23.3241
   -7.5000  -15.0000   37.500010577.9814   23.1095
    0.0000  -15.0000   37.500011018.6299   23.1194
    7.5000  -15.0000   37.500010473.5967   23.1282
   -7.5000   -7.5000   37.500011602.9482   23.0123
    0.0000   -7.5000   37.500012098.9199   23.0205
    7.5000   -7.5000   37.500011506.4980   23.0319
   -7.5000    0.0000   37.500012574.2393   23.0152
    0.0000    0.0000   37.500013098.5576   23.0237
    7.5000    0.0000   37.500012488.6914   23.0399
   -7.5000    7.5000   37.500012571.2422   23.0269
    0.0000    7.5000   37.500013084.7295   23.0381
    7.5000    7.5000   37.500012489.8848   23.0560
   -7.5000   15.0000   37.500012397.6162   23.0295
    0.0000   15.0000   37.500012885.4658   23.0432
    7.5000   15.0000   37.500012335.5771   23.0607
   -7.5000   22.5000   37.500012093.6045   23.0077
    0.0000   22.5000   37.500012583.6758   23.0212
    7.5000   22.5000   37.500012066.6436   23.0355
   -7.5000   30.0000   37.500011796.9951   22.7116
    0.0000   30.0000   37.500012250.5918   22.7221
    7.5000   30.0000   37.500011763.5762   22.7319
   -7.5000   37.5000   37.500011942.1963   22.7104
    0.0000   37.5000   37.500012393.5195   22.7185
    7.5000   37.5000   37.500011884.7070   22.7298
   -7.5000   45.0000   37.500011495.0830   22.1840
    0.0000   45.0000   37.500011930.0469   22.1922
    7.5000   45.0000   37.500011415.2812   22.2078
   -7.5000  -45.0000   45.0000 5965.2378   25.4682
    0.0000  -45.0000   45.0000 6191.2720   25.4674
    7.5000  -45.0000   45.0000 5931.5435   25.4623
   -7.5000  -37.5000   45.0000 6648.2642   24.6506
    0.0000  -37.5000   45.0000 6902.1982   24.6486
    7.5000  -37.5000   45.0000 6612.1826   24.6486
   -7.5000  -30.0000   45.0000 7611.8862   24.0669
    0.0000  -30.0000   45.0000 7914.6685   24.0702
    7.5000  -30.0000   45.0000 7575.4961   24.0721
   -7.5000  -22.5000   45.0000 8625.7324   23.6480
    0.0000  -22.5000   45.0000 8977.0410   23.6521
    7.5000  -22.5000   45.0000 8562.1729   23.6514
   -7.5000  -15.0000   45.0000 9632.8574   23.4538
    0.0000  -15.0000   45.000010031.8818   23.4573
    7.5000  -15.0000   45.0000 9534.6816   23.4518
   -7.5000   -7.5000   45.000010571.5547   23.3531
    0.0000   -7.5000   45.000011028.4688   23.3550
    7.5000   -7.5000   45.000010480.1885   23.3501
   -7.5000    0.0000   45.000011462.7090   23.3601
    0.0000    0.0000   45.000011939.8037   23.3606
    7.5000    0.0000   45.000011374.1787   23.3593
   -7.5000    7.5000   45.000011459.2998   23.3769
    0.0000    7.5000   45.000011941.5518   23.3788
    7.5000    7.5000   45.000011375.6738   23.3806
   -7.5000   15.0000   45.000011302.8848   23.3796
    0.0000   15.0000   45.000011773.0547   23.3841
    7.5000   15.0000   45.000011240.0518   23.3876
   -7.5000   22.5000   45.000011035.4355   23.3539
    0.0000   22.5000   45.000011496.8428   23.3591
    7.5000   22.5000   45.000011011.8779   23.3601
   -7.5000   30.0000   45.000010755.9424   23.0470
    0.0000   30.0000   45.000011185.3018   23.0513
    7.5000   30.0000   45.000010730.0205   23.0470
   -7.5000   37.5000   45.000010894.3428   23.0445
    0.0000   37.5000   45.000011308.9141   23.0465
    7.5000   37.5000   45.000010833.3398   23.0418
   -7.5000   45.0000   45.000010511.6543   22.5267
    0.0000   45.0000   45.000010910.2520   22.5271
    7.5000   45.0000   45.000010427.1045   22.5258

---------------------------------------------------------------------
imgreg_4dfp /opt/freesurfer/average/711-2C_as_mni_average_305 /opt/freesurfer/average/711-2B_as_mni_average_305_mask talsrcimg_g11 none talsrcimg_to_711-2C_as_mni_average_305_t4 4355
---------------------------------------------------------------------

freesurfer imgreg_4dfp.c
/opt/freesurfer/average/711-2C_as_mni_average_305.4dfp.img
       256       256       256         1
  1.000000  1.000000  1.000000
orientation T byte_order littleendian
Reading image: /opt/freesurfer/average/711-2C_as_mni_average_305.4dfp.img
dimensions:      256       256       256
mmppix:       1.0000   -1.0000   -1.0000
center:     128.0000 -129.0000 -129.0000
/opt/freesurfer/average/711-2B_as_mni_average_305_mask.4dfp.img
       256       256       256         1
  1.000000  1.000000  1.000000
orientation T byte_order littleendian
Reading mask: /opt/freesurfer/average/711-2B_as_mni_average_305_mask.4dfp.img (2306576 pixels)
talsrcimg_g11.4dfp.img
       256       256       256         1
  1.000000  1.000000  1.000000
orientation T byte_order littleendian
Reading image: talsrcimg_g11.4dfp.img
dimensions:      256       256       256
mmppix:       1.0000   -1.0000   -1.0000
center:     128.0000 -129.0000 -129.0000
rotation matrix determinant  1.000000
image alignment mode   4355 decimal     1103 hex
   -7.5000  -37.5000  -45.0000 1807.0387   31.3626
    0.0000  -37.5000  -45.0000 1805.2130   31.3432
    7.5000  -37.5000  -45.0000 1794.1151   31.8400
   -7.5000  -30.0000  -45.0000 1928.8069   27.5088
    0.0000  -30.0000  -45.0000 1929.9678   27.5237
    7.5000  -30.0000  -45.0000 1919.8564   28.0140
   -7.5000  -22.5000  -45.0000 2052.6697   24.6145
    0.0000  -22.5000  -45.0000 2054.4204   24.5754
    7.5000  -22.5000  -45.0000 2036.9213   24.9750
   -7.5000  -15.0000  -45.0000 2152.9214   22.3766
    0.0000  -15.0000  -45.0000 2152.7124   22.3209
    7.5000  -15.0000  -45.0000 2131.1094   22.6826
   -7.5000   -7.5000  -45.0000 2243.5461   20.7168
    0.0000   -7.5000  -45.0000 2247.5403   20.6896
    7.5000   -7.5000  -45.0000 2221.9299   20.9918
   -7.5000    0.0000  -45.0000 2312.2583   19.5074
    0.0000    0.0000  -45.0000 2315.0342   19.5086
    7.5000    0.0000  -45.0000 2291.3826   19.7736
   -7.5000    7.5000  -45.0000 2353.9929   18.6736
    0.0000    7.5000  -45.0000 2356.2356   18.6327
    7.5000    7.5000  -45.0000 2335.3098   18.8789
   -7.5000   15.0000  -45.0000 2370.0435   18.1876
    0.0000   15.0000  -45.0000 2373.4080   18.0972
    7.5000   15.0000  -45.0000 2353.6924   18.3676
   -7.5000   22.5000  -45.0000 2377.1694   18.0349
    0.0000   22.5000  -45.0000 2380.4553   17.9732
    7.5000   22.5000  -45.0000 2358.6602   18.2880
   -7.5000   30.0000  -45.0000 2359.7063   18.3039
    0.0000   30.0000  -45.0000 2362.4915   18.2581
    7.5000   30.0000  -45.0000 2342.5623   18.5674
   -7.5000   37.5000  -45.0000 2341.4805   18.9201
    0.0000   37.5000  -45.0000 2346.5955   18.8471
    7.5000   37.5000  -45.0000 2322.0962   19.2142
   -7.5000   45.0000  -45.0000 2309.8706   19.9230
    0.0000   45.0000  -45.0000 2316.0823   19.8686
    7.5000   45.0000  -45.0000 2292.7595   20.2582
   -7.5000   52.5000  -45.0000 2238.4167   21.2186
    0.0000   52.5000  -45.0000 2246.9583   21.1352
    7.5000   52.5000  -45.0000 2225.9062   21.5414
   -7.5000  -37.5000  -37.5000 1868.7845   29.2017
    0.0000  -37.5000  -37.5000 1871.2155   29.2227
    7.5000  -37.5000  -37.5000 1856.7401   29.6514
   -7.5000  -30.0000  -37.5000 1998.6536   25.6704
    0.0000  -30.0000  -37.5000 2001.7368   25.6887
    7.5000  -30.0000  -37.5000 1990.1873   26.0476
   -7.5000  -22.5000  -37.5000 2129.6597   22.9799
    0.0000  -22.5000  -37.5000 2130.9590   22.9262
    7.5000  -22.5000  -37.5000 2115.8787   23.2357
   -7.5000  -15.0000  -37.5000 2235.2805   20.8360
    0.0000  -15.0000  -37.5000 2237.7966   20.8044
    7.5000  -15.0000  -37.5000 2216.3525   21.0795
   -7.5000   -7.5000  -37.5000 2332.9155   19.2043
    0.0000   -7.5000  -37.5000 2333.8816   19.1830
    7.5000   -7.5000  -37.5000 2305.7332   19.4531
   -7.5000    0.0000  -37.5000 2407.0911   18.0314
    0.0000    0.0000  -37.5000 2409.6965   18.0106
    7.5000    0.0000  -37.5000 2382.1343   18.2622
   -7.5000    7.5000  -37.5000 2451.5291   17.2481
    0.0000    7.5000  -37.5000 2450.9229   17.1918
    7.5000    7.5000  -37.5000 2423.1497   17.4261
   -7.5000   15.0000  -37.5000 2474.5557   16.7550
    0.0000   15.0000  -37.5000 2478.5735   16.6837
    7.5000   15.0000  -37.5000 2449.6890   16.9339
   -7.5000   22.5000  -37.5000 2482.6384   16.6238
    0.0000   22.5000  -37.5000 2488.1682   16.5663
    7.5000   22.5000  -37.5000 2460.5034   16.8210
   -7.5000   30.0000  -37.5000 2469.1411   16.8658
    0.0000   30.0000  -37.5000 2475.7427   16.8117
    7.5000   30.0000  -37.5000 2451.3423   17.0720
   -7.5000   37.5000  -37.5000 2447.6641   17.4323
    0.0000   37.5000  -37.5000 2454.4395   17.3579
    7.5000   37.5000  -37.5000 2431.4226   17.6769
   -7.5000   45.0000  -37.5000 2413.4514   18.3702
    0.0000   45.0000  -37.5000 2422.3047   18.2903
    7.5000   45.0000  -37.5000 2394.9492   18.6254
   -7.5000   52.5000  -37.5000 2339.1169   19.5868
    0.0000   52.5000  -37.5000 2346.8188   19.4774
    7.5000   52.5000  -37.5000 2318.2031   19.8179
   -7.5000  -37.5000  -30.0000 1959.1315   28.2377
    0.0000  -37.5000  -30.0000 1960.7788   28.3012
    7.5000  -37.5000  -30.0000 1946.4858   28.7130
   -7.5000  -30.0000  -30.0000 2099.7725   24.8536
    0.0000  -30.0000  -30.0000 2101.1909   24.8343
    7.5000  -30.0000  -30.0000 2086.1797   25.2285
   -7.5000  -22.5000  -30.0000 2236.6450   22.2337
    0.0000  -22.5000  -30.0000 2239.2542   22.1948
    7.5000  -22.5000  -30.0000 2221.9028   22.5439
   -7.5000  -15.0000  -30.0000 2352.1511   20.1618
    0.0000  -15.0000  -30.0000 2352.3921   20.1082
    7.5000  -15.0000  -30.0000 2329.6667   20.4134
   -7.5000   -7.5000  -30.0000 2456.7322   18.5338
    0.0000   -7.5000  -30.0000 2454.3342   18.5055
    7.5000   -7.5000  -30.0000 2427.0520   18.7471
   -7.5000    0.0000  -30.0000 2537.7476   17.3143
    0.0000    0.0000  -30.0000 2536.3042   17.3073
    7.5000    0.0000  -30.0000 2514.3401   17.5045
   -7.5000    7.5000  -30.0000 2585.3713   16.4938
    0.0000    7.5000  -30.0000 2584.7080   16.4662
    7.5000    7.5000  -30.0000 2558.1799   16.6757
   -7.5000   15.0000  -30.0000 2616.7539   15.9934
    0.0000   15.0000  -30.0000 2620.1089   15.9572
    7.5000   15.0000  -30.0000 2588.0625   16.1805
   -7.5000   22.5000  -30.0000 2632.6233   15.8250
    0.0000   22.5000  -30.0000 2637.0652   15.7868
    7.5000   22.5000  -30.0000 2606.0149   16.0402
   -7.5000   30.0000  -30.0000 2626.1882   16.0788
    0.0000   30.0000  -30.0000 2634.0034   16.0163
    7.5000   30.0000  -30.0000 2603.1655   16.2655
   -7.5000   37.5000  -30.0000 2606.3110   16.6822
    0.0000   37.5000  -30.0000 2613.9404   16.5960
    7.5000   37.5000  -30.0000 2582.2739   16.8612
   -7.5000   45.0000  -30.0000 2564.9109   17.5988
    0.0000   45.0000  -30.0000 2575.3423   17.5231
    7.5000   45.0000  -30.0000 2539.7559   17.7994
   -7.5000   52.5000  -30.0000 2483.1716   18.7828
    0.0000   52.5000  -30.0000 2491.0986   18.6875
    7.5000   52.5000  -30.0000 2455.9753   18.9585
   -7.5000  -37.5000  -22.5000 2022.2876   27.2784
    0.0000  -37.5000  -22.5000 2023.6968   27.3298
    7.5000  -37.5000  -22.5000 2005.2358   27.8050
   -7.5000  -30.0000  -22.5000 2172.8987   23.9658
    0.0000  -30.0000  -22.5000 2173.2820   23.9785
    7.5000  -30.0000  -22.5000 2151.6941   24.4118
   -7.5000  -22.5000  -22.5000 2314.6565   21.3713
    0.0000  -22.5000  -22.5000 2316.4104   21.3643
    7.5000  -22.5000  -22.5000 2293.7471   21.7611
   -7.5000  -15.0000  -22.5000 2433.3369   19.3392
    0.0000  -15.0000  -22.5000 2435.7817   19.3032
    7.5000  -15.0000  -22.5000 2404.1492   19.6532
   -7.5000   -7.5000  -22.5000 2541.2188   17.7465
    0.0000   -7.5000  -22.5000 2543.4536   17.7301
    7.5000   -7.5000  -22.5000 2516.0598   18.0297
   -7.5000    0.0000  -22.5000 2630.8589   16.5461
    0.0000    0.0000  -22.5000 2635.5583   16.5283
    7.5000    0.0000  -22.5000 2607.2407   16.7742
   -7.5000    7.5000  -22.5000 2688.7329   15.6862
    0.0000    7.5000  -22.5000 2693.4409   15.6798
    7.5000    7.5000  -22.5000 2666.6433   15.8895
   -7.5000   15.0000  -22.5000 2734.1230   15.1532
    0.0000   15.0000  -22.5000 2738.7214   15.1582
    7.5000   15.0000  -22.5000 2702.9734   15.3834
   -7.5000   22.5000  -22.5000 2758.3235   14.9730
    0.0000   22.5000  -22.5000 2764.6067   14.9584
    7.5000   22.5000  -22.5000 2728.9192   15.2089
   -7.5000   30.0000  -22.5000 2754.2583   15.2191
    0.0000   30.0000  -22.5000 2765.6824   15.1812
    7.5000   30.0000  -22.5000 2724.2205   15.4063
   -7.5000   37.5000  -22.5000 2737.5603   15.8328
    0.0000   37.5000  -22.5000 2746.7041   15.7487
    7.5000   37.5000  -22.5000 2705.0481   16.0005
   -7.5000   45.0000  -22.5000 2689.9790   16.7283
    0.0000   45.0000  -22.5000 2701.4407   16.6454
    7.5000   45.0000  -22.5000 2657.3904   16.9086
   -7.5000   52.5000  -22.5000 2592.5215   17.8831
    0.0000   52.5000  -22.5000 2603.0288   17.7863
    7.5000   52.5000  -22.5000 2565.7129   18.0646
   -7.5000  -37.5000  -15.0000 2058.0486   26.4045
    0.0000  -37.5000  -15.0000 2062.3677   26.4713
    7.5000  -37.5000  -15.0000 2045.3229   27.0520
   -7.5000  -30.0000  -15.0000 2217.9526   23.1843
    0.0000  -30.0000  -15.0000 2219.4873   23.2257
    7.5000  -30.0000  -15.0000 2199.0186   23.7676
   -7.5000  -22.5000  -15.0000 2360.3335   20.6151
    0.0000  -22.5000  -15.0000 2363.4578   20.6378
    7.5000  -22.5000  -15.0000 2338.5974   21.1162
   -7.5000  -15.0000  -15.0000 2475.5300   18.5644
    0.0000  -15.0000  -15.0000 2479.1489   18.5703
    7.5000  -15.0000  -15.0000 2452.2788   19.0090
   -7.5000   -7.5000  -15.0000 2591.1172   16.9949
    0.0000   -7.5000  -15.0000 2596.6799   16.9965
    7.5000   -7.5000  -15.0000 2568.7920   17.3600
   -7.5000    0.0000  -15.0000 2691.0122   15.7965
    0.0000    0.0000  -15.0000 2702.5942   15.7739
    7.5000    0.0000  -15.0000 2668.4458   16.0777
   -7.5000    7.5000  -15.0000 2763.9697   14.9378
    0.0000    7.5000  -15.0000 2776.6155   14.9210
    7.5000    7.5000  -15.0000 2744.4927   15.1736
   -7.5000   15.0000  -15.0000 2817.2100   14.3900
    0.0000   15.0000  -15.0000 2825.6118   14.4007
    7.5000   15.0000  -15.0000 2788.8882   14.6463
   -7.5000   22.5000  -15.0000 2849.6021   14.1725
    0.0000   22.5000  -15.0000 2858.9866   14.1994
    7.5000   22.5000  -15.0000 2816.6643   14.4560
   -7.5000   30.0000  -15.0000 2851.0520   14.3975
    0.0000   30.0000  -15.0000 2865.2520   14.4029
    7.5000   30.0000  -15.0000 2816.9109   14.6325
   -7.5000   37.5000  -15.0000 2829.2217   15.0141
    0.0000   37.5000  -15.0000 2844.7393   14.9725
    7.5000   37.5000  -15.0000 2797.5923   15.2192
   -7.5000   45.0000  -15.0000 2772.9360   15.9064
    0.0000   45.0000  -15.0000 2787.4248   15.8480
    7.5000   45.0000  -15.0000 2746.9167   16.1147
   -7.5000   52.5000  -15.0000 2667.1030   17.0250
    0.0000   52.5000  -15.0000 2679.0212   16.9386
    7.5000   52.5000  -15.0000 2644.7769   17.2383
   -7.5000  -37.5000   -7.5000 2087.4509   25.7919
    0.0000  -37.5000   -7.5000 2086.2568   25.8231
    7.5000  -37.5000   -7.5000 2070.7688   26.4975
   -7.5000  -30.0000   -7.5000 2239.8540   22.5970
    0.0000  -30.0000   -7.5000 2243.1370   22.6526
    7.5000  -30.0000   -7.5000 2225.3323   23.2198
   -7.5000  -22.5000   -7.5000 2376.8430   20.0294
    0.0000  -22.5000   -7.5000 2384.7385   20.0773
    7.5000  -22.5000   -7.5000 2367.8872   20.5744
   -7.5000  -15.0000   -7.5000 2495.3279   17.9797
    0.0000  -15.0000   -7.5000 2502.8022   17.9947
    7.5000  -15.0000   -7.5000 2482.4666   18.4886
   -7.5000   -7.5000   -7.5000 2620.0022   16.4006
    0.0000   -7.5000   -7.5000 2625.2698   16.3758
    7.5000   -7.5000   -7.5000 2599.1624   16.8108
   -7.5000    0.0000   -7.5000 2728.1523   15.2031
    0.0000    0.0000   -7.5000 2737.1465   15.1656
    7.5000    0.0000   -7.5000 2707.5544   15.5470
   -7.5000    7.5000   -7.5000 2816.6626   14.3316
    0.0000    7.5000   -7.5000 2827.1333   14.2808
    7.5000    7.5000   -7.5000 2791.8850   14.6261
   -7.5000   15.0000   -7.5000 2880.6567   13.7710
    0.0000   15.0000   -7.5000 2893.8875   13.7406
    7.5000   15.0000   -7.5000 2850.0476   14.0616
   -7.5000   22.5000   -7.5000 2926.9805   13.5066
    0.0000   22.5000   -7.5000 2940.8428   13.5269
    7.5000   22.5000   -7.5000 2886.4453   13.8377
   -7.5000   30.0000   -7.5000 2931.6589   13.7226
    0.0000   30.0000   -7.5000 2953.4307   13.7256
    7.5000   30.0000   -7.5000 2896.7278   14.0112
   -7.5000   37.5000   -7.5000 2901.3252   14.3274
    0.0000   37.5000   -7.5000 2921.5225   14.3225
    7.5000   37.5000   -7.5000 2873.3462   14.5690
   -7.5000   45.0000   -7.5000 2832.0159   15.2320
    0.0000   45.0000   -7.5000 2850.5542   15.1644
    7.5000   45.0000   -7.5000 2813.2239   15.4513
   -7.5000   52.5000   -7.5000 2716.9607   16.3633
    0.0000   52.5000   -7.5000 2734.5872   16.2958
    7.5000   52.5000   -7.5000 2696.9526   16.6066
   -7.5000  -37.5000    0.0000 2098.1284   25.5607
    0.0000  -37.5000    0.0000 2097.1353   25.5530
    7.5000  -37.5000    0.0000 2080.2131   26.2026
   -7.5000  -30.0000    0.0000 2249.1721   22.3733
    0.0000  -30.0000    0.0000 2251.4116   22.3580
    7.5000  -30.0000    0.0000 2235.7437   22.9630
   -7.5000  -22.5000    0.0000 2380.1411   19.7462
    0.0000  -22.5000    0.0000 2388.3198   19.7540
    7.5000  -22.5000    0.0000 2376.3298   20.3270
   -7.5000  -15.0000    0.0000 2502.4692   17.7054
    0.0000  -15.0000    0.0000 2507.5579   17.6889
    7.5000  -15.0000    0.0000 2491.5630   18.2038
   -7.5000   -7.5000    0.0000 2626.4441   16.1143
    0.0000   -7.5000    0.0000 2631.0493   16.0590
    7.5000   -7.5000    0.0000 2608.5962   16.5056
   -7.5000    0.0000    0.0000 2742.0840   14.8785
    0.0000    0.0000    0.0000 2750.5295   14.7978
    7.5000    0.0000    0.0000 2725.0576   15.2365
   -7.5000    7.5000    0.0000 2844.9753   13.9697
    0.0000    7.5000    0.0000 2853.1841   13.8974
    7.5000    7.5000    0.0000 2818.3108   14.3027
   -7.5000   15.0000    0.0000 2925.5981   13.4053
    0.0000   15.0000    0.0000 2940.9878   13.3421
    7.5000   15.0000    0.0000 2890.9878   13.7226
   -7.5000   22.5000    0.0000 2982.5281   13.0964
    0.0000   22.5000    0.0000 3003.4922   13.0781
    7.5000   22.5000    0.0000 2936.7332   13.4604
   -7.5000   30.0000    0.0000 2990.1001   13.2527
    0.0000   30.0000    0.0000 3022.4990   13.2272
    7.5000   30.0000    0.0000 2947.7952   13.6205
   -7.5000   37.5000    0.0000 2944.4900   13.8892
    0.0000   37.5000    0.0000 2969.6614   13.8801
    7.5000   37.5000    0.0000 2912.5808   14.1896
   -7.5000   45.0000    0.0000 2866.8413   14.8086
    0.0000   45.0000    0.0000 2888.8765   14.8014
    7.5000   45.0000    0.0000 2846.2830   15.0540
   -7.5000   52.5000    0.0000 2746.1465   15.9394
    0.0000   52.5000    0.0000 2764.2607   15.9254
    7.5000   52.5000    0.0000 2725.4136   16.1752
   -7.5000  -37.5000    7.5000 2095.0334   25.6730
    0.0000  -37.5000    7.5000 2094.0742   25.6715
    7.5000  -37.5000    7.5000 2076.8250   26.3793
   -7.5000  -30.0000    7.5000 2241.9470   22.3758
    0.0000  -30.0000    7.5000 2249.4944   22.3911
    7.5000  -30.0000    7.5000 2229.4800   22.9668
   -7.5000  -22.5000    7.5000 2374.6780   19.7282
    0.0000  -22.5000    7.5000 2384.1753   19.7027
    7.5000  -22.5000    7.5000 2365.6648   20.2584
   -7.5000  -15.0000    7.5000 2497.6802   17.6660
    0.0000  -15.0000    7.5000 2503.7080   17.5924
    7.5000  -15.0000    7.5000 2484.9231   18.1070
   -7.5000   -7.5000    7.5000 2618.7659   16.0434
    0.0000   -7.5000    7.5000 2625.7756   15.9476
    7.5000   -7.5000    7.5000 2602.3765   16.4247
   -7.5000    0.0000    7.5000 2732.2026   14.7995
    0.0000    0.0000    7.5000 2743.7478   14.6715
    7.5000    0.0000    7.5000 2716.2957   15.1672
   -7.5000    7.5000    7.5000 2837.8704   13.8679
    0.0000    7.5000    7.5000 2848.4431   13.7367
    7.5000    7.5000    7.5000 2818.8491   14.2252
   -7.5000   15.0000    7.5000 2929.2393   13.2552
    0.0000   15.0000    7.5000 2946.5769   13.1544
    7.5000   15.0000    7.5000 2903.8123   13.5953
   -7.5000   22.5000    7.5000 2992.1528   12.9355
    0.0000   22.5000    7.5000 3020.6787   12.8957
    7.5000   22.5000    7.5000 2956.7615   13.3618
   -7.5000   30.0000    7.5000 3012.6372   13.0856
    0.0000   30.0000    7.5000 3040.8435   13.0776
    7.5000   30.0000    7.5000 2967.9443   13.4987
   -7.5000   37.5000    7.5000 2962.9519   13.7435
    0.0000   37.5000    7.5000 2984.0679   13.7504
    7.5000   37.5000    7.5000 2926.7207   14.0408
   -7.5000   45.0000    7.5000 2878.9946   14.6728
    0.0000   45.0000    7.5000 2896.2166   14.6229
    7.5000   45.0000    7.5000 2854.6863   14.8877
   -7.5000   52.5000    7.5000 2752.1792   15.8059
    0.0000   52.5000    7.5000 2764.2610   15.7355
    7.5000   52.5000    7.5000 2730.9893   16.0087
   -7.5000  -37.5000   15.0000 2062.2712   26.0342
    0.0000  -37.5000   15.0000 2063.6060   25.9724
    7.5000  -37.5000   15.0000 2052.4062   26.6764
   -7.5000  -30.0000   15.0000 2218.4741   22.7094
    0.0000  -30.0000   15.0000 2225.8386   22.6826
    7.5000  -30.0000   15.0000 2206.9902   23.2245
   -7.5000  -22.5000   15.0000 2360.0999   20.0109
    0.0000  -22.5000   15.0000 2367.7268   19.9634
    7.5000  -22.5000   15.0000 2345.3486   20.4770
   -7.5000  -15.0000   15.0000 2482.0759   17.8294
    0.0000  -15.0000   15.0000 2491.8386   17.7941
    7.5000  -15.0000   15.0000 2466.8354   18.2717
   -7.5000   -7.5000   15.0000 2595.8171   16.1500
    0.0000   -7.5000   15.0000 2608.7622   16.0922
    7.5000   -7.5000   15.0000 2585.5220   16.5624
   -7.5000    0.0000   15.0000 2706.3667   14.8968
    0.0000    0.0000   15.0000 2723.3657   14.7980
    7.5000    0.0000   15.0000 2699.5549   15.3154
   -7.5000    7.5000   15.0000 2809.6057   14.0042
    0.0000    7.5000   15.0000 2827.7100   13.8832
    7.5000    7.5000   15.0000 2804.8672   14.4008
   -7.5000   15.0000   15.0000 2905.6208   13.4519
    0.0000   15.0000   15.0000 2922.0947   13.2967
    7.5000   15.0000   15.0000 2890.1992   13.8117
   -7.5000   22.5000   15.0000 2972.3784   13.2242
    0.0000   22.5000   15.0000 2987.6306   13.0604
    7.5000   22.5000   15.0000 2945.8948   13.5643
   -7.5000   30.0000   15.0000 2987.7205   13.4073
    0.0000   30.0000   15.0000 3008.5940   13.2707
    7.5000   30.0000   15.0000 2958.2080   13.6789
   -7.5000   37.5000   15.0000 2943.9556   13.8911
    0.0000   37.5000   15.0000 2967.8418   13.8522
    7.5000   37.5000   15.0000 2916.5808   14.1825
   -7.5000   45.0000   15.0000 2860.0974   14.7510
    0.0000   45.0000   15.0000 2882.4224   14.7294
    7.5000   45.0000   15.0000 2840.3975   15.0466
   -7.5000   52.5000   15.0000 2731.1187   15.8236
    0.0000   52.5000   15.0000 2749.6763   15.8116
    7.5000   52.5000   15.0000 2716.9709   16.1073
   -7.5000  -37.5000   22.5000 2027.6146   26.8541
    0.0000  -37.5000   22.5000 2032.9641   26.7998
    7.5000  -37.5000   22.5000 2022.5490   27.4997
   -7.5000  -30.0000   22.5000 2187.4072   23.3210
    0.0000  -30.0000   22.5000 2196.2366   23.2619
    7.5000  -30.0000   22.5000 2180.1892   23.8511
   -7.5000  -22.5000   22.5000 2333.2695   20.4851
    0.0000  -22.5000   22.5000 2344.1484   20.4295
    7.5000  -22.5000   22.5000 2323.0117   20.9517
   -7.5000  -15.0000   22.5000 2462.3811   18.3044
    0.0000  -15.0000   22.5000 2472.8855   18.2176
    7.5000  -15.0000   22.5000 2449.6382   18.7300
   -7.5000   -7.5000   22.5000 2575.1707   16.7016
    0.0000   -7.5000   22.5000 2588.2822   16.5710
    7.5000   -7.5000   22.5000 2562.3496   17.0309
   -7.5000    0.0000   22.5000 2686.6963   15.5038
    0.0000    0.0000   22.5000 2700.6562   15.3656
    7.5000    0.0000   22.5000 2672.4673   15.7988
   -7.5000    7.5000   22.5000 2781.0493   14.6067
    0.0000    7.5000   22.5000 2798.9409   14.4842
    7.5000    7.5000   22.5000 2775.3457   14.9104
   -7.5000   15.0000   22.5000 2862.1931   14.0190
    0.0000   15.0000   22.5000 2879.9246   13.8222
    7.5000   15.0000   22.5000 2854.9568   14.3099
   -7.5000   22.5000   22.5000 2913.1289   13.7117
    0.0000   22.5000   22.5000 2930.1838   13.5786
    7.5000   22.5000   22.5000 2908.3977   14.0104
   -7.5000   30.0000   22.5000 2921.8477   13.8658
    0.0000   30.0000   22.5000 2943.5950   13.7346
    7.5000   30.0000   22.5000 2915.6116   14.1091
   -7.5000   37.5000   22.5000 2885.5881   14.4048
    0.0000   37.5000   22.5000 2909.2422   14.2976
    7.5000   37.5000   22.5000 2875.5566   14.6315
   -7.5000   45.0000   22.5000 2809.5095   15.2666
    0.0000   45.0000   22.5000 2832.7217   15.1721
    7.5000   45.0000   22.5000 2803.1562   15.4865
   -7.5000   52.5000   22.5000 2692.2051   16.2752
    0.0000   52.5000   22.5000 2709.5483   16.1908
    7.5000   52.5000   22.5000 2685.5391   16.4993
   -7.5000  -37.5000   30.0000 1984.6650   27.9876
    0.0000  -37.5000   30.0000 1994.6219   27.7727
    7.5000  -37.5000   30.0000 1980.9862   28.5239
   -7.5000  -30.0000   30.0000 2145.3174   24.2922
    0.0000  -30.0000   30.0000 2157.0129   24.1946
    7.5000  -30.0000   30.0000 2139.8816   24.7390
   -7.5000  -22.5000   30.0000 2298.2732   21.4387
    0.0000  -22.5000   30.0000 2309.6165   21.3233
    7.5000  -22.5000   30.0000 2284.2512   21.7860
   -7.5000  -15.0000   30.0000 2430.1477   19.2462
    0.0000  -15.0000   30.0000 2441.4651   19.1313
    7.5000  -15.0000   30.0000 2410.3623   19.5427
   -7.5000   -7.5000   30.0000 2537.0642   17.6538
    0.0000   -7.5000   30.0000 2554.7654   17.5039
    7.5000   -7.5000   30.0000 2520.8877   17.8552
   -7.5000    0.0000   30.0000 2638.1826   16.3997
    0.0000    0.0000   30.0000 2658.0564   16.2580
    7.5000    0.0000   30.0000 2626.9180   16.5996
   -7.5000    7.5000   30.0000 2729.3936   15.4366
    0.0000    7.5000   30.0000 2750.1211   15.2933
    7.5000    7.5000   30.0000 2723.3831   15.6620
   -7.5000   15.0000   30.0000 2796.9651   14.8010
    0.0000   15.0000   30.0000 2817.1499   14.6371
    7.5000   15.0000   30.0000 2795.2334   15.0135
   -7.5000   22.5000   30.0000 2835.5613   14.4963
    0.0000   22.5000   30.0000 2855.3975   14.3790
    7.5000   22.5000   30.0000 2838.4841   14.7068
   -7.5000   30.0000   30.0000 2838.0952   14.6451
    0.0000   30.0000   30.0000 2856.8979   14.5079
    7.5000   30.0000   30.0000 2838.9954   14.8058
   -7.5000   37.5000   30.0000 2802.2317   15.1151
    0.0000   37.5000   30.0000 2825.8655   14.9855
    7.5000   37.5000   30.0000 2803.6021   15.2807
   -7.5000   45.0000   30.0000 2740.8479   15.9296
    0.0000   45.0000   30.0000 2761.8894   15.8281
    7.5000   45.0000   30.0000 2737.3562   16.1101
   -7.5000   52.5000   30.0000 2628.8330   16.9380
    0.0000   52.5000   30.0000 2647.2258   16.8302
    7.5000   52.5000   30.0000 2626.6714   17.1035
   -7.5000  -37.5000   37.5000 1935.7146   29.7358
    0.0000  -37.5000   37.5000 1944.3282   29.4280
    7.5000  -37.5000   37.5000 1930.8932   30.0732
   -7.5000  -30.0000   37.5000 2094.8271   25.7907
    0.0000  -30.0000   37.5000 2105.3301   25.6075
    7.5000  -30.0000   37.5000 2087.7480   26.0500
   -7.5000  -22.5000   37.5000 2252.2998   22.7704
    0.0000  -22.5000   37.5000 2260.6177   22.5999
    7.5000  -22.5000   37.5000 2235.6729   22.9741
   -7.5000  -15.0000   37.5000 2383.4062   20.4904
    0.0000  -15.0000   37.5000 2396.3367   20.3315
    7.5000  -15.0000   37.5000 2360.4199   20.6236
   -7.5000   -7.5000   37.5000 2486.0281   18.7933
    0.0000   -7.5000   37.5000 2505.2295   18.6289
    7.5000   -7.5000   37.5000 2469.1467   18.8844
   -7.5000    0.0000   37.5000 2580.8059   17.4917
    0.0000    0.0000   37.5000 2601.3979   17.3141
    7.5000    0.0000   37.5000 2570.0435   17.6022
   -7.5000    7.5000   37.5000 2661.1472   16.4876
    0.0000    7.5000   37.5000 2684.8032   16.3243
    7.5000    7.5000   37.5000 2658.7234   16.6348
   -7.5000   15.0000   37.5000 2718.8606   15.8316
    0.0000   15.0000   37.5000 2741.0393   15.6928
    7.5000   15.0000   37.5000 2721.8621   15.9880
   -7.5000   22.5000   37.5000 2743.6257   15.5253
    0.0000   22.5000   37.5000 2767.1824   15.4119
    7.5000   22.5000   37.5000 2752.2727   15.6879
   -7.5000   30.0000   37.5000 2741.6958   15.6440
    0.0000   30.0000   37.5000 2760.6655   15.5204
    7.5000   30.0000   37.5000 2749.5315   15.7688
   -7.5000   37.5000   37.5000 2712.4951   16.0854
    0.0000   37.5000   37.5000 2730.3689   15.9824
    7.5000   37.5000   37.5000 2715.8682   16.2494
   -7.5000   45.0000   37.5000 2660.2983   16.8747
    0.0000   45.0000   37.5000 2677.6504   16.7543
    7.5000   45.0000   37.5000 2658.8477   17.0189
   -7.5000   52.5000   37.5000 2558.6724   17.8315
    0.0000   52.5000   37.5000 2574.2170   17.7084
    7.5000   52.5000   37.5000 2557.2197   17.9318
   -7.5000  -37.5000   45.0000 1875.5134   31.7806
    0.0000  -37.5000   45.0000 1882.1760   31.4546
    7.5000  -37.5000   45.0000 1872.8490   31.9550
   -7.5000  -30.0000   45.0000 2031.6102   27.5228
    0.0000  -30.0000   45.0000 2040.9537   27.3172
    7.5000  -30.0000   45.0000 2030.9600   27.7070
   -7.5000  -22.5000   45.0000 2188.1072   24.3101
    0.0000  -22.5000   45.0000 2198.6021   24.1532
    7.5000  -22.5000   45.0000 2178.2644   24.4298
   -7.5000  -15.0000   45.0000 2318.7351   21.9233
    0.0000  -15.0000   45.0000 2332.1333   21.7493
    7.5000  -15.0000   45.0000 2300.1443   21.9736
   -7.5000   -7.5000   45.0000 2421.1953   20.1438
    0.0000   -7.5000   45.0000 2441.0195   19.9866
    7.5000   -7.5000   45.0000 2404.1555   20.1712
   -7.5000    0.0000   45.0000 2508.7820   18.7729
    0.0000    0.0000   45.0000 2530.3701   18.6350
    7.5000    0.0000   45.0000 2498.5698   18.8453
   -7.5000    7.5000   45.0000 2580.5454   17.7621
    0.0000    7.5000   45.0000 2604.3684   17.6285
    7.5000    7.5000   45.0000 2579.1096   17.8655
   -7.5000   15.0000   45.0000 2627.0703   17.0745
    0.0000   15.0000   45.0000 2650.4587   16.9688
    7.5000   15.0000   45.0000 2633.4988   17.2062
   -7.5000   22.5000   45.0000 2647.3083   16.7740
    0.0000   22.5000   45.0000 2667.9238   16.6403
    7.5000   22.5000   45.0000 2657.4875   16.8921
   -7.5000   30.0000   45.0000 2641.5688   16.8572
    0.0000   30.0000   45.0000 2659.3596   16.7383
    7.5000   30.0000   45.0000 2651.7166   16.9644
   -7.5000   37.5000   45.0000 2618.4734   17.2809
    0.0000   37.5000   45.0000 2633.9407   17.1846
    7.5000   37.5000   45.0000 2620.3716   17.4160
   -7.5000   45.0000   45.0000 2572.5068   18.0309
    0.0000   45.0000   45.0000 2589.3757   17.9059
    7.5000   45.0000   45.0000 2569.8674   18.1476
   -7.5000   52.5000   45.0000 2480.5862   18.9585
    0.0000   52.5000   45.0000 2492.5532   18.8171
    7.5000   52.5000   45.0000 2472.3665   19.0395

---------------------------------------------------------------------
imgreg_4dfp /opt/freesurfer/average/711-2C_as_mni_average_305 /opt/freesurfer/average/711-2B_as_mni_average_305_mask talsrcimg_g11 none talsrcimg_to_711-2C_as_mni_average_305_t4 1283
---------------------------------------------------------------------

freesurfer imgreg_4dfp.c
/opt/freesurfer/average/711-2C_as_mni_average_305.4dfp.img
       256       256       256         1
  1.000000  1.000000  1.000000
orientation T byte_order littleendian
Reading image: /opt/freesurfer/average/711-2C_as_mni_average_305.4dfp.img
dimensions:      256       256       256
mmppix:       1.0000   -1.0000   -1.0000
center:     128.0000 -129.0000 -129.0000
/opt/freesurfer/average/711-2B_as_mni_average_305_mask.4dfp.img
       256       256       256         1
  1.000000  1.000000  1.000000
orientation T byte_order littleendian
Reading mask: /opt/freesurfer/average/711-2B_as_mni_average_305_mask.4dfp.img (2306576 pixels)
talsrcimg_g11.4dfp.img
       256       256       256         1
  1.000000  1.000000  1.000000
orientation T byte_order littleendian
Reading image: talsrcimg_g11.4dfp.img
dimensions:      256       256       256
mmppix:       1.0000   -1.0000   -1.0000
center:     128.0000 -129.0000 -129.0000
rotation matrix determinant  1.000000
fimgreg.f
image alignment mode   1283 decimal      503 hex
parameters
    0.0000   30.0000    7.5000    0.0000    0.0000    0.0000
eta,q 0.95400 13.00673
niter,ni,del,rscale     5    3   12.0000    1.2000
parameter  6  0.568463 ->  0.500000 qaram    1.1500
parameters
   -1.3453   27.9502    6.6136   -0.7615   -0.1055   -3.4500
eta,q 0.95371 12.77569
  0.0547  0.0517  0.0504  0.0510  0.0517  0.0474
  0.0507  0.0486  0.0474  0.0488  0.0499  0.0465
  0.0497  0.0475  0.0472  0.0471  0.0483  0.0462
  0.0501  0.0493  0.0475  0.0476  0.0472  0.0472
  0.0522  0.0519  0.0473  0.0490  0.0475  0.0497
  0.0558  0.0555  0.0494  0.0506  0.0494  0.0519
  0.0618  0.0600  0.0535  0.0525  0.0528  0.0537
niter,ni,del,rscale     5    3   12.0000    1.2000
parameters
   -1.8888   28.3132    6.3866   -1.1909   -0.0402   -3.4732
eta,q 0.95348 12.75461
  0.0542  0.0564  0.0504  0.0508  0.0506  0.0517
  0.0516  0.0512  0.0463  0.0471  0.0487  0.0492
  0.0487  0.0471  0.0456  0.0457  0.0474  0.0473
  0.0463  0.0467  0.0467  0.0467  0.0465  0.0465
  0.0481  0.0477  0.0462  0.0476  0.0464  0.0468
  0.0533  0.0500  0.0473  0.0490  0.0481  0.0490
  0.0585  0.0537  0.0506  0.0508  0.0510  0.0521
niter,ni,del,rscale     4    3   12.0000    1.2000
parameters
   -1.9403   28.4804    6.2805   -1.3521   -0.0276   -3.5226
eta,q 0.95343 12.75127
  0.0554  0.0562  0.0504  0.0513  0.0505  0.0516
  0.0524  0.0509  0.0461  0.0477  0.0486  0.0492
  0.0495  0.0467  0.0453  0.0456  0.0474  0.0473
  0.0465  0.0466  0.0466  0.0466  0.0466  0.0466
  0.0469  0.0479  0.0461  0.0475  0.0465  0.0468
  0.0518  0.0505  0.0469  0.0489  0.0481  0.0490
  0.0571  0.0545  0.0500  0.0507  0.0511  0.0521
niter,ni,del,rscale     3    3   12.0000    1.2000
parameters
   -1.9348   28.5356    6.2389   -1.4230   -0.0416   -3.5427
eta,q 0.95345 12.75026
  0.0556  0.0560  0.0504  0.0515  0.0504  0.0516
  0.0525  0.0506  0.0460  0.0479  0.0486  0.0492
  0.0496  0.0465  0.0451  0.0455  0.0473  0.0473
  0.0466  0.0466  0.0466  0.0466  0.0465  0.0465
  0.0467  0.0480  0.0461  0.0474  0.0465  0.0467
  0.0516  0.0507  0.0468  0.0488  0.0481  0.0490
  0.0571  0.0549  0.0498  0.0506  0.0511  0.0521
niter,ni,del,rscale     2    3   12.0000    1.2000
parameters
   -1.9226   28.5604    6.2205   -1.4566   -0.0517   -3.5489
eta,q 0.95347 12.74995
  0.0556  0.0560  0.0504  0.0516  0.0504  0.0516
  0.0525  0.0506  0.0460  0.0479  0.0485  0.0492
  0.0496  0.0464  0.0450  0.0455  0.0473  0.0473
  0.0466  0.0465  0.0465  0.0465  0.0465  0.0465
  0.0467  0.0480  0.0461  0.0474  0.0465  0.0467
  0.0516  0.0508  0.0467  0.0488  0.0481  0.0489
  0.0571  0.0550  0.0497  0.0505  0.0511  0.0520
registration optimization eta report
parameter search radius
    6.0000    6.0000    6.0000    6.0000    6.0000    6.9000
100000*second partial in parameter space
       26.       26.       12.       14.       12.       11.
  0.0556  0.0560  0.0504  0.0516  0.0504  0.0516
  0.0525  0.0506  0.0460  0.0479  0.0485  0.0492
  0.0496  0.0464  0.0450  0.0455  0.0473  0.0473
  0.0466  0.0465  0.0465  0.0465  0.0465  0.0465
  0.0467  0.0480  0.0461  0.0474  0.0465  0.0467
  0.0516  0.0508  0.0467  0.0488  0.0481  0.0489
  0.0571  0.0550  0.0497  0.0505  0.0511  0.0520
   -1.9226   28.5604    6.2205   -1.4566   -0.0517   -3.5489
eta,q 0.95347 12.74995

---------------------------------------------------------------------
imgreg_4dfp /opt/freesurfer/average/711-2C_as_mni_average_305 /opt/freesurfer/average/711-2B_as_mni_average_305_mask talsrcimg_g11 none talsrcimg_to_711-2C_as_mni_average_305_t4 3335
---------------------------------------------------------------------

freesurfer imgreg_4dfp.c
/opt/freesurfer/average/711-2C_as_mni_average_305.4dfp.img
       256       256       256         1
  1.000000  1.000000  1.000000
orientation T byte_order littleendian
Reading image: /opt/freesurfer/average/711-2C_as_mni_average_305.4dfp.img
dimensions:      256       256       256
mmppix:       1.0000   -1.0000   -1.0000
center:     128.0000 -129.0000 -129.0000
/opt/freesurfer/average/711-2B_as_mni_average_305_mask.4dfp.img
       256       256       256         1
  1.000000  1.000000  1.000000
orientation T byte_order littleendian
Reading mask: /opt/freesurfer/average/711-2B_as_mni_average_305_mask.4dfp.img (2306576 pixels)
talsrcimg_g11.4dfp.img
       256       256       256         1
  1.000000  1.000000  1.000000
orientation T byte_order littleendian
Reading image: talsrcimg_g11.4dfp.img
dimensions:      256       256       256
mmppix:       1.0000   -1.0000   -1.0000
center:     128.0000 -129.0000 -129.0000
fimgreg.f
image alignment mode   3335 decimal      D07 hex
parameters
   -1.9226   28.5604    6.2205   -0.1918   -0.2239   -0.0324
    6.1858    0.2474   -6.1901    2.5314   -0.0902   -2.5419
eta,q 0.95703 12.82570
niter,ni,del,rscale     5    3    5.0000    1.2000
parameter  4  1.524717 ->  0.500000 qaram    1.1500
parameter  5  3.058720 ->  0.500000 qaram    1.1500
parameter  6  2.558904 ->  0.500000 qaram    1.1500
parameter  8 -0.814703 -> -0.500000 qaram    1.1500
parameters
   -1.6179   28.5522    5.9441   -4.3318   -4.3639   -4.1724
    5.1106    4.3874   -5.8619    0.4305    2.8698   -4.6860
eta,q 0.97494 12.29203
  0.0459  0.0436  0.0438  0.0367  0.0314  0.0256  0.0299  0.0348  0.0287  0.0280  0.0292  0.0261
  0.0445  0.0431  0.0433  0.0377  0.0328  0.0274  0.0288  0.0322  0.0273  0.0264  0.0277  0.0254
  0.0435  0.0430  0.0430  0.0396  0.0352  0.0303  0.0282  0.0300  0.0264  0.0256  0.0265  0.0251
  0.0430  0.0429  0.0429  0.0429  0.0381  0.0334  0.0282  0.0281  0.0260  0.0260  0.0256  0.0252
  0.0430  0.0429  0.0432  0.0472  0.0405  0.0374  0.0287  0.0266  0.0262  0.0277  0.0252  0.0259
  0.0436  0.0431  0.0437  0.0515  0.0432  0.0414  0.0298  0.0260  0.0270  0.0298  0.0254  0.0270
  0.0448  0.0437  0.0443  0.0558  0.0469  0.0454  0.0314  0.0266  0.0282  0.0320  0.0260  0.0285
niter,ni,del,rscale     7    3    5.0000    1.2000
parameters
   -1.9156   28.3996    6.0113   -7.8471   -8.0290   -7.3207
    6.1321    2.9283   -6.9709    2.8436    2.6434   -1.6896
eta,q 0.97764 12.04751
  0.0280  0.0273  0.0272  0.0262  0.0251  0.0253  0.0259  0.0262  0.0243  0.0269  0.0236  0.0242
  0.0261  0.0259  0.0260  0.0249  0.0240  0.0244  0.0247  0.0242  0.0235  0.0252  0.0230  0.0235
  0.0251  0.0251  0.0252  0.0243  0.0238  0.0232  0.0239  0.0232  0.0232  0.0240  0.0227  0.0230
  0.0251  0.0250  0.0250  0.0250  0.0243  0.0238  0.0234  0.0233  0.0231  0.0231  0.0226  0.0226
  0.0259  0.0254  0.0252  0.0279  0.0262  0.0262  0.0234  0.0243  0.0235  0.0226  0.0228  0.0224
  0.0275  0.0264  0.0258  0.0327  0.0289  0.0306  0.0238  0.0264  0.0242  0.0228  0.0231  0.0224
  0.0298  0.0279  0.0269  0.0378  0.0316  0.0356  0.0249  0.0293  0.0253  0.0240  0.0237  0.0228
niter,ni,del,rscale     6    3    5.0000    1.2000
parameters
   -2.0307   28.4092    5.1768   -7.2645   -8.2992   -9.1205
    6.5935    2.9349   -7.2094    2.3346    2.7009   -1.0422
eta,q 0.97753 12.00539
  0.0247  0.0247  0.0230  0.0264  0.0255  0.0254  0.0250  0.0272  0.0242  0.0248  0.0236  0.0235
  0.0234  0.0233  0.0223  0.0248  0.0237  0.0243  0.0238  0.0247  0.0232  0.0237  0.0229  0.0231
  0.0226  0.0226  0.0221  0.0233  0.0225  0.0230  0.0229  0.0230  0.0226  0.0229  0.0226  0.0227
  0.0224  0.0224  0.0224  0.0221  0.0219  0.0219  0.0225  0.0225  0.0225  0.0225  0.0225  0.0225
  0.0227  0.0226  0.0231  0.0216  0.0223  0.0235  0.0226  0.0230  0.0227  0.0227  0.0226  0.0225
  0.0237  0.0234  0.0241  0.0229  0.0240  0.0273  0.0233  0.0246  0.0234  0.0239  0.0230  0.0227
  0.0253  0.0245  0.0254  0.0264  0.0261  0.0317  0.0245  0.0273  0.0244  0.0260  0.0235  0.0233
niter,ni,del,rscale     5    3    5.0000    1.2000
parameters
   -2.0183   28.4299    4.7037   -6.8103   -7.9642   -9.9951
    6.6680    2.9682   -7.3107    2.1955    2.8420   -1.2029
eta,q 0.97738 11.99954
  0.0251  0.0246  0.0233  0.0266  0.0260  0.0259  0.0250  0.0274  0.0244  0.0251  0.0237  0.0235
  0.0237  0.0234  0.0226  0.0251  0.0243  0.0247  0.0238  0.0249  0.0234  0.0239  0.0231  0.0231
  0.0228  0.0227  0.0224  0.0236  0.0229  0.0235  0.0229  0.0231  0.0228  0.0231  0.0227  0.0228
  0.0225  0.0225  0.0225  0.0224  0.0222  0.0222  0.0226  0.0226  0.0226  0.0226  0.0226  0.0226
  0.0227  0.0227  0.0228  0.0219  0.0223  0.0223  0.0228  0.0231  0.0228  0.0227  0.0227  0.0227
  0.0236  0.0234  0.0235  0.0233  0.0237  0.0253  0.0236  0.0247  0.0235  0.0238  0.0231  0.0230
  0.0251  0.0245  0.0243  0.0268  0.0257  0.0296  0.0250  0.0274  0.0245  0.0257  0.0236  0.0237
niter,ni,del,rscale     4    3    5.0000    1.2000
parameters
   -2.0185   28.4833    4.4408   -6.7140   -7.7643  -10.3099
    6.6876    2.9694   -7.3549    2.2369    2.9217   -1.4904
eta,q 0.97730 11.99796
  0.0253  0.0248  0.0236  0.0266  0.0262  0.0263  0.0251  0.0274  0.0245  0.0253  0.0238  0.0235
  0.0238  0.0235  0.0229  0.0251  0.0245  0.0250  0.0239  0.0250  0.0235  0.0241  0.0231  0.0231
  0.0229  0.0228  0.0226  0.0237  0.0232  0.0239  0.0230  0.0232  0.0229  0.0232  0.0228  0.0228
  0.0226  0.0226  0.0226  0.0226  0.0226  0.0225  0.0227  0.0227  0.0227  0.0227  0.0227  0.0227
  0.0229  0.0228  0.0229  0.0223  0.0227  0.0220  0.0229  0.0232  0.0229  0.0227  0.0228  0.0228
  0.0238  0.0235  0.0233  0.0240  0.0241  0.0243  0.0238  0.0248  0.0236  0.0237  0.0231  0.0231
  0.0253  0.0245  0.0240  0.0276  0.0261  0.0285  0.0251  0.0275  0.0246  0.0256  0.0237  0.0238
niter,ni,del,rscale     3    3    5.0000    1.2000
parameters
   -2.0219   28.5255    4.3192   -6.6986   -7.6919  -10.3743
    6.7029    2.9694   -7.3727    2.3030    2.9662   -1.6975
eta,q 0.97730 11.99914
  0.0254  0.0249  0.0238  0.0267  0.0262  0.0264  0.0251  0.0274  0.0246  0.0253  0.0238  0.0235
  0.0239  0.0236  0.0231  0.0252  0.0245  0.0251  0.0239  0.0250  0.0235  0.0241  0.0231  0.0231
  0.0230  0.0229  0.0227  0.0238  0.0233  0.0240  0.0230  0.0233  0.0229  0.0232  0.0228  0.0228
  0.0227  0.0227  0.0227  0.0227  0.0227  0.0227  0.0227  0.0227  0.0227  0.0227  0.0227  0.0227
  0.0230  0.0229  0.0229  0.0224  0.0229  0.0219  0.0229  0.0232  0.0229  0.0227  0.0228  0.0228
  0.0239  0.0236  0.0233  0.0242  0.0243  0.0239  0.0238  0.0249  0.0236  0.0237  0.0231  0.0231
  0.0254  0.0246  0.0239  0.0278  0.0263  0.0281  0.0252  0.0275  0.0246  0.0255  0.0237  0.0238
niter,ni,del,rscale     2    3    5.0000    1.2000
parameters
   -2.0250   28.5508    4.2757   -6.6986   -7.6683  -10.3740
    6.7101    2.9708   -7.3769    2.3540    2.9737   -1.7891
eta,q 0.97731 12.00042
  0.0254  0.0248  0.0238  0.0267  0.0262  0.0264  0.0251  0.0274  0.0246  0.0253  0.0238  0.0236
  0.0239  0.0236  0.0231  0.0252  0.0245  0.0251  0.0239  0.0250  0.0235  0.0241  0.0231  0.0231
  0.0230  0.0229  0.0228  0.0238  0.0233  0.0240  0.0230  0.0233  0.0229  0.0232  0.0228  0.0228
  0.0227  0.0227  0.0227  0.0227  0.0227  0.0227  0.0227  0.0227  0.0227  0.0227  0.0227  0.0227
  0.0230  0.0230  0.0229  0.0224  0.0229  0.0219  0.0229  0.0232  0.0229  0.0227  0.0228  0.0228
  0.0239  0.0236  0.0233  0.0242  0.0244  0.0239  0.0238  0.0249  0.0236  0.0237  0.0232  0.0231
  0.0254  0.0247  0.0238  0.0278  0.0264  0.0280  0.0252  0.0276  0.0246  0.0255  0.0237  0.0237
niter,ni,del,rscale     1    3    5.0000    1.2000
parameters
   -2.0282   28.5637    4.2610   -6.7040   -7.6672  -10.3719
    6.7097    2.9698   -7.3781    2.3839    2.9860   -1.8168
eta,q 0.97731 12.00065
  0.0254  0.0248  0.0239  0.0267  0.0262  0.0264  0.0251  0.0274  0.0246  0.0253  0.0238  0.0236
  0.0239  0.0236  0.0231  0.0252  0.0245  0.0251  0.0239  0.0250  0.0235  0.0241  0.0231  0.0231
  0.0230  0.0229  0.0228  0.0238  0.0233  0.0240  0.0230  0.0233  0.0229  0.0232  0.0228  0.0228
  0.0227  0.0227  0.0227  0.0227  0.0227  0.0227  0.0227  0.0227  0.0227  0.0227  0.0227  0.0227
  0.0230  0.0229  0.0229  0.0224  0.0229  0.0219  0.0229  0.0232  0.0229  0.0227  0.0228  0.0227
  0.0239  0.0236  0.0232  0.0242  0.0244  0.0238  0.0238  0.0249  0.0236  0.0238  0.0232  0.0231
  0.0254  0.0247  0.0238  0.0278  0.0264  0.0279  0.0252  0.0276  0.0246  0.0256  0.0237  0.0237
registration optimization eta report
parameter search radius
    2.4000    2.4000    2.4000    8.2800    8.2800    8.2800
    7.2000    8.2800    7.2000    7.2000    7.2000    7.2000
100000*second partial in parameter space
       47.       36.       20.        7.        5.        7.
        5.        7.        4.        5.        2.        2.
  0.0254  0.0248  0.0239  0.0267  0.0262  0.0264  0.0251  0.0274  0.0246  0.0253  0.0238  0.0236
  0.0239  0.0236  0.0231  0.0252  0.0245  0.0251  0.0239  0.0250  0.0235  0.0241  0.0231  0.0231
  0.0230  0.0229  0.0228  0.0238  0.0233  0.0240  0.0230  0.0233  0.0229  0.0232  0.0228  0.0228
  0.0227  0.0227  0.0227  0.0227  0.0227  0.0227  0.0227  0.0227  0.0227  0.0227  0.0227  0.0227
  0.0230  0.0229  0.0229  0.0224  0.0229  0.0219  0.0229  0.0232  0.0229  0.0227  0.0228  0.0227
  0.0239  0.0236  0.0232  0.0242  0.0244  0.0238  0.0238  0.0249  0.0236  0.0238  0.0232  0.0231
  0.0254  0.0247  0.0238  0.0278  0.0264  0.0279  0.0252  0.0276  0.0246  0.0256  0.0237  0.0237
   -2.0282   28.5637    4.2610   -6.7040   -7.6672  -10.3719
    6.7097    2.9698   -7.3781    2.3839    2.9860   -1.8168
eta,q 0.97731 12.00065

---------------------------------------------------------------------
imgreg_4dfp /opt/freesurfer/average/711-2C_as_mni_average_305 /opt/freesurfer/average/711-2B_as_mni_average_305_mask talsrcimg_g11 none talsrcimg_to_711-2C_as_mni_average_305_t4 2311
---------------------------------------------------------------------

freesurfer imgreg_4dfp.c
/opt/freesurfer/average/711-2C_as_mni_average_305.4dfp.img
       256       256       256         1
  1.000000  1.000000  1.000000
orientation T byte_order littleendian
Reading image: /opt/freesurfer/average/711-2C_as_mni_average_305.4dfp.img
dimensions:      256       256       256
mmppix:       1.0000   -1.0000   -1.0000
center:     128.0000 -129.0000 -129.0000
/opt/freesurfer/average/711-2B_as_mni_average_305_mask.4dfp.img
       256       256       256         1
  1.000000  1.000000  1.000000
orientation T byte_order littleendian
Reading mask: /opt/freesurfer/average/711-2B_as_mni_average_305_mask.4dfp.img (2306576 pixels)
talsrcimg_g11.4dfp.img
       256       256       256         1
  1.000000  1.000000  1.000000
orientation T byte_order littleendian
Reading image: talsrcimg_g11.4dfp.img
dimensions:      256       256       256
mmppix:       1.0000   -1.0000   -1.0000
center:     128.0000 -129.0000 -129.0000
fimgreg.f
image alignment mode   2311 decimal      907 hex
parameters
   -2.0282   28.5637    4.2610   -6.7040   -7.6672  -10.3719
    6.7097    2.9698   -7.3781    2.3839    2.9860   -1.8168
eta,q 0.97731 12.00064
niter,ni,del,rscale     5    3    5.0000    0.8000
parameters
   -2.0167   28.5246    4.1615   -5.3596   -7.7422   -9.0214
    6.7533    3.3837   -7.4202    2.3903    3.2302   -2.7122
eta,q 0.97820 12.07625
  0.0239  0.0236  0.0231  0.0248  0.0237  0.0246  0.0232  0.0247  0.0228  0.0232  0.0228  0.0222
  0.0232  0.0230  0.0228  0.0240  0.0230  0.0239  0.0225  0.0234  0.0222  0.0226  0.0223  0.0220
  0.0228  0.0228  0.0227  0.0233  0.0226  0.0232  0.0220  0.0224  0.0219  0.0221  0.0220  0.0218
  0.0227  0.0227  0.0227  0.0227  0.0224  0.0224  0.0219  0.0219  0.0218  0.0218  0.0218  0.0218
  0.0228  0.0228  0.0228  0.0224  0.0225  0.0218  0.0220  0.0220  0.0219  0.0219  0.0219  0.0219
  0.0232  0.0231  0.0230  0.0225  0.0229  0.0221  0.0224  0.0227  0.0223  0.0224  0.0222  0.0222
  0.0239  0.0236  0.0232  0.0235  0.0239  0.0234  0.0231  0.0240  0.0228  0.0234  0.0226  0.0226
niter,ni,del,rscale     4    3    5.0000    0.7000
parameters
   -2.1018   28.6427    4.3995   -5.5582   -7.6678   -8.5371
    6.6716    3.2947   -7.4726    2.7299    3.2524   -2.9745
eta,q 0.97836 12.09198
  0.0229  0.0227  0.0227  0.0233  0.0229  0.0238  0.0226  0.0236  0.0224  0.0229  0.0223  0.0220
  0.0222  0.0222  0.0222  0.0226  0.0223  0.0232  0.0221  0.0226  0.0220  0.0223  0.0219  0.0218
  0.0219  0.0219  0.0219  0.0221  0.0220  0.0225  0.0218  0.0219  0.0217  0.0219  0.0217  0.0217
  0.0218  0.0218  0.0218  0.0218  0.0218  0.0218  0.0217  0.0217  0.0217  0.0217  0.0216  0.0216
  0.0220  0.0218  0.0218  0.0219  0.0218  0.0216  0.0218  0.0219  0.0218  0.0216  0.0217  0.0217
  0.0224  0.0221  0.0220  0.0226  0.0222  0.0222  0.0221  0.0227  0.0220  0.0220  0.0219  0.0219
  0.0231  0.0224  0.0222  0.0239  0.0229  0.0235  0.0227  0.0238  0.0224  0.0227  0.0223  0.0221
niter,ni,del,rscale     3    3    5.0000    0.6000
parameters
   -2.1264   28.6654    4.5415   -5.5431   -7.7411   -8.2372
    6.6986    3.3039   -7.4921    2.8482    3.2438   -3.0642
eta,q 0.97844 12.09962
  0.0225  0.0222  0.0223  0.0229  0.0224  0.0234  0.0223  0.0231  0.0221  0.0224  0.0221  0.0219
  0.0220  0.0219  0.0219  0.0223  0.0220  0.0228  0.0219  0.0223  0.0218  0.0220  0.0218  0.0217
  0.0217  0.0217  0.0217  0.0219  0.0217  0.0221  0.0217  0.0218  0.0216  0.0217  0.0216  0.0216
  0.0216  0.0216  0.0216  0.0216  0.0216  0.0216  0.0216  0.0216  0.0216  0.0216  0.0216  0.0216
  0.0217  0.0217  0.0217  0.0217  0.0217  0.0216  0.0216  0.0217  0.0216  0.0216  0.0216  0.0216
  0.0221  0.0219  0.0218  0.0221  0.0220  0.0221  0.0219  0.0223  0.0218  0.0219  0.0218  0.0217
  0.0226  0.0222  0.0220  0.0230  0.0225  0.0232  0.0223  0.0231  0.0221  0.0224  0.0221  0.0219
niter,ni,del,rscale     2    3    5.0000    0.5000
parameters
   -2.1336   28.6763    4.6531   -5.4671   -7.7669   -8.0036
    6.7100    3.3302   -7.5043    2.9208    3.2317   -3.1359
eta,q 0.97849 12.10760
  0.0222  0.0220  0.0220  0.0225  0.0221  0.0230  0.0220  0.0227  0.0219  0.0221  0.0219  0.0217
  0.0218  0.0217  0.0218  0.0221  0.0218  0.0224  0.0218  0.0221  0.0217  0.0218  0.0217  0.0216
  0.0216  0.0216  0.0216  0.0217  0.0216  0.0219  0.0216  0.0217  0.0216  0.0216  0.0216  0.0215
  0.0216  0.0216  0.0216  0.0216  0.0215  0.0215  0.0215  0.0215  0.0215  0.0215  0.0215  0.0215
  0.0216  0.0216  0.0216  0.0216  0.0216  0.0215  0.0216  0.0216  0.0216  0.0215  0.0216  0.0215
  0.0218  0.0217  0.0217  0.0219  0.0218  0.0219  0.0217  0.0220  0.0217  0.0217  0.0217  0.0216
  0.0222  0.0219  0.0218  0.0225  0.0222  0.0228  0.0220  0.0226  0.0219  0.0221  0.0219  0.0218
niter,ni,del,rscale     1    3    5.0000    0.4000
parameters
   -2.1388   28.6810    4.7437   -5.4058   -7.7726   -7.8074
    6.7039    3.3531   -7.4985    2.9758    3.2229   -3.2113
eta,q 0.97852 12.11416
  0.0219  0.0218  0.0218  0.0221  0.0218  0.0225  0.0218  0.0223  0.0217  0.0219  0.0217  0.0216
  0.0217  0.0216  0.0217  0.0218  0.0217  0.0221  0.0216  0.0218  0.0216  0.0217  0.0216  0.0215
  0.0216  0.0215  0.0216  0.0216  0.0216  0.0217  0.0215  0.0216  0.0215  0.0215  0.0215  0.0215
  0.0215  0.0215  0.0215  0.0215  0.0215  0.0215  0.0215  0.0215  0.0215  0.0215  0.0215  0.0215
  0.0216  0.0215  0.0215  0.0215  0.0215  0.0215  0.0215  0.0216  0.0215  0.0215  0.0215  0.0215
  0.0217  0.0216  0.0216  0.0217  0.0217  0.0218  0.0216  0.0218  0.0216  0.0216  0.0216  0.0216
  0.0219  0.0218  0.0217  0.0221  0.0219  0.0223  0.0218  0.0222  0.0217  0.0219  0.0217  0.0217
registration optimization eta report
parameter search radius
    0.8000    0.8000    0.8000    2.4000    2.4000    2.4000
    2.4000    2.4000    2.4000    2.4000    2.4000    2.4000
100000*second partial in parameter space
       63.       40.       36.       11.        6.       16.
        6.       13.        4.        7.        4.        3.
  0.0219  0.0218  0.0218  0.0221  0.0218  0.0225  0.0218  0.0223  0.0217  0.0219  0.0217  0.0216
  0.0217  0.0216  0.0217  0.0218  0.0217  0.0221  0.0216  0.0218  0.0216  0.0217  0.0216  0.0215
  0.0216  0.0215  0.0216  0.0216  0.0216  0.0217  0.0215  0.0216  0.0215  0.0215  0.0215  0.0215
  0.0215  0.0215  0.0215  0.0215  0.0215  0.0215  0.0215  0.0215  0.0215  0.0215  0.0215  0.0215
  0.0216  0.0215  0.0215  0.0215  0.0215  0.0215  0.0215  0.0216  0.0215  0.0215  0.0215  0.0215
  0.0217  0.0216  0.0216  0.0217  0.0217  0.0218  0.0216  0.0218  0.0216  0.0216  0.0216  0.0216
  0.0219  0.0218  0.0217  0.0221  0.0219  0.0223  0.0218  0.0222  0.0217  0.0219  0.0217  0.0217
   -2.1388   28.6810    4.7437   -5.4058   -7.7726   -7.8074
    6.7039    3.3531   -7.4985    2.9758    3.2229   -3.2113
eta,q 0.97852 12.11416

---------------------------------------------------------------------
imgreg_4dfp /opt/freesurfer/average/711-2C_as_mni_average_305 /opt/freesurfer/average/711-2B_as_mni_average_305_mask talsrcimg_g11 none talsrcimg_to_711-2C_as_mni_average_305_t4 2311
---------------------------------------------------------------------

freesurfer imgreg_4dfp.c
/opt/freesurfer/average/711-2C_as_mni_average_305.4dfp.img
       256       256       256         1
  1.000000  1.000000  1.000000
orientation T byte_order littleendian
Reading image: /opt/freesurfer/average/711-2C_as_mni_average_305.4dfp.img
dimensions:      256       256       256
mmppix:       1.0000   -1.0000   -1.0000
center:     128.0000 -129.0000 -129.0000
/opt/freesurfer/average/711-2B_as_mni_average_305_mask.4dfp.img
       256       256       256         1
  1.000000  1.000000  1.000000
orientation T byte_order littleendian
Reading mask: /opt/freesurfer/average/711-2B_as_mni_average_305_mask.4dfp.img (2306576 pixels)
talsrcimg_g11.4dfp.img
       256       256       256         1
  1.000000  1.000000  1.000000
orientation T byte_order littleendian
Reading image: talsrcimg_g11.4dfp.img
dimensions:      256       256       256
mmppix:       1.0000   -1.0000   -1.0000
center:     128.0000 -129.0000 -129.0000
fimgreg.f
image alignment mode   2311 decimal      907 hex
parameters
   -2.1388   28.6810    4.7437   -5.4058   -7.7726   -7.8074
    6.7039    3.3531   -7.4985    2.9758    3.2229   -3.2113
eta,q 0.97852 12.11416
niter,ni,del,rscale     5    3    5.0000    0.8000
parameters
   -2.1284   28.7255    4.8526   -5.9350   -7.9974   -8.2191
    6.7128    3.1817   -7.4976    2.8958    3.2524   -2.5643
eta,q 0.97837 12.08679
  0.0231  0.0226  0.0226  0.0232  0.0228  0.0238  0.0229  0.0238  0.0226  0.0230  0.0224  0.0223
  0.0222  0.0220  0.0220  0.0224  0.0221  0.0230  0.0222  0.0227  0.0221  0.0223  0.0220  0.0220
  0.0217  0.0216  0.0216  0.0218  0.0217  0.0222  0.0218  0.0219  0.0217  0.0219  0.0217  0.0218
  0.0215  0.0215  0.0215  0.0215  0.0215  0.0215  0.0216  0.0216  0.0216  0.0216  0.0216  0.0216
  0.0217  0.0216  0.0216  0.0217  0.0217  0.0218  0.0218  0.0220  0.0218  0.0217  0.0217  0.0216
  0.0222  0.0219  0.0218  0.0228  0.0222  0.0232  0.0222  0.0229  0.0221  0.0222  0.0220  0.0218
  0.0231  0.0224  0.0223  0.0246  0.0232  0.0254  0.0229  0.0242  0.0226  0.0233  0.0224  0.0220
niter,ni,del,rscale     4    3    5.0000    0.7000
parameters
   -2.1226   28.6312    4.7361   -5.7217   -7.9483   -8.3279
    6.7516    3.2210   -7.5116    2.7779    3.2360   -2.5446
eta,q 0.97839 12.08796
  0.0228  0.0223  0.0222  0.0233  0.0227  0.0236  0.0226  0.0236  0.0223  0.0226  0.0223  0.0220
  0.0221  0.0219  0.0218  0.0226  0.0221  0.0229  0.0221  0.0226  0.0219  0.0221  0.0219  0.0218
  0.0218  0.0217  0.0216  0.0220  0.0218  0.0221  0.0217  0.0219  0.0217  0.0218  0.0217  0.0217
  0.0216  0.0216  0.0216  0.0216  0.0216  0.0216  0.0216  0.0216  0.0216  0.0216  0.0216  0.0216
  0.0218  0.0218  0.0217  0.0216  0.0216  0.0217  0.0217  0.0218  0.0217  0.0217  0.0217  0.0216
  0.0221  0.0220  0.0220  0.0221  0.0220  0.0226  0.0220  0.0225  0.0219  0.0221  0.0219  0.0218
  0.0228  0.0225  0.0224  0.0232  0.0227  0.0243  0.0226  0.0236  0.0223  0.0229  0.0223  0.0221
niter,ni,del,rscale     3    3    5.0000    0.6000
parameters
   -2.1304   28.6305    4.6888   -5.5584   -7.8578   -8.2100
    6.7444    3.2715   -7.5111    2.7896    3.2271   -2.7494
eta,q 0.97844 12.09708
  0.0225  0.0222  0.0221  0.0229  0.0224  0.0233  0.0223  0.0231  0.0221  0.0224  0.0221  0.0218
  0.0220  0.0218  0.0218  0.0224  0.0220  0.0227  0.0219  0.0223  0.0218  0.0220  0.0218  0.0217
  0.0217  0.0217  0.0216  0.0219  0.0217  0.0220  0.0216  0.0218  0.0216  0.0217  0.0216  0.0216
  0.0216  0.0216  0.0216  0.0216  0.0216  0.0216  0.0216  0.0216  0.0216  0.0216  0.0216  0.0216
  0.0217  0.0217  0.0217  0.0216  0.0216  0.0216  0.0216  0.0217  0.0216  0.0216  0.0216  0.0216
  0.0220  0.0219  0.0218  0.0220  0.0219  0.0222  0.0219  0.0222  0.0218  0.0219  0.0218  0.0217
  0.0225  0.0222  0.0221  0.0229  0.0224  0.0234  0.0223  0.0231  0.0221  0.0225  0.0221  0.0219
niter,ni,del,rscale     2    3    5.0000    0.5000
parameters
   -2.1376   28.6449    4.7109   -5.4628   -7.8093   -8.0111
    6.7348    3.3193   -7.5164    2.8603    3.2144   -2.9529
eta,q 0.97849 12.10608
  0.0222  0.0220  0.0219  0.0225  0.0221  0.0229  0.0220  0.0227  0.0219  0.0221  0.0219  0.0217
  0.0218  0.0217  0.0217  0.0221  0.0218  0.0224  0.0217  0.0221  0.0217  0.0218  0.0217  0.0216
  0.0216  0.0216  0.0216  0.0217  0.0216  0.0219  0.0216  0.0217  0.0216  0.0216  0.0216  0.0215
  0.0216  0.0216  0.0216  0.0216  0.0216  0.0216  0.0215  0.0215  0.0215  0.0215  0.0215  0.0215
  0.0216  0.0216  0.0216  0.0216  0.0216  0.0215  0.0216  0.0216  0.0216  0.0215  0.0216  0.0215
  0.0218  0.0217  0.0217  0.0219  0.0218  0.0219  0.0217  0.0220  0.0217  0.0217  0.0217  0.0216
  0.0222  0.0219  0.0219  0.0225  0.0221  0.0228  0.0220  0.0226  0.0219  0.0221  0.0219  0.0218
niter,ni,del,rscale     1    3    5.0000    0.4000
parameters
   -2.1383   28.6594    4.7649   -5.4049   -7.7858   -7.8180
    6.7130    3.3517   -7.5010    2.9238    3.2119   -3.1128
eta,q 0.97852 12.11319
  0.0219  0.0218  0.0218  0.0221  0.0219  0.0225  0.0218  0.0223  0.0217  0.0219  0.0217  0.0216
  0.0217  0.0216  0.0216  0.0218  0.0217  0.0221  0.0216  0.0218  0.0216  0.0217  0.0216  0.0215
  0.0216  0.0215  0.0215  0.0216  0.0216  0.0217  0.0215  0.0216  0.0215  0.0216  0.0215  0.0215
  0.0215  0.0215  0.0215  0.0215  0.0215  0.0215  0.0215  0.0215  0.0215  0.0215  0.0215  0.0215
  0.0216  0.0215  0.0215  0.0215  0.0215  0.0215  0.0215  0.0216  0.0215  0.0215  0.0215  0.0215
  0.0217  0.0216  0.0216  0.0217  0.0216  0.0218  0.0216  0.0218  0.0216  0.0216  0.0216  0.0216
  0.0219  0.0218  0.0217  0.0221  0.0219  0.0223  0.0218  0.0222  0.0217  0.0219  0.0217  0.0217
registration optimization eta report
parameter search radius
    0.8000    0.8000    0.8000    2.4000    2.4000    2.4000
    2.4000    2.4000    2.4000    2.4000    2.4000    2.4000
100000*second partial in parameter space
       63.       40.       37.       11.        6.       16.
        6.       13.        4.        7.        4.        3.
  0.0219  0.0218  0.0218  0.0221  0.0219  0.0225  0.0218  0.0223  0.0217  0.0219  0.0217  0.0216
  0.0217  0.0216  0.0216  0.0218  0.0217  0.0221  0.0216  0.0218  0.0216  0.0217  0.0216  0.0215
  0.0216  0.0215  0.0215  0.0216  0.0216  0.0217  0.0215  0.0216  0.0215  0.0216  0.0215  0.0215
  0.0215  0.0215  0.0215  0.0215  0.0215  0.0215  0.0215  0.0215  0.0215  0.0215  0.0215  0.0215
  0.0216  0.0215  0.0215  0.0215  0.0215  0.0215  0.0215  0.0216  0.0215  0.0215  0.0215  0.0215
  0.0217  0.0216  0.0216  0.0217  0.0216  0.0218  0.0216  0.0218  0.0216  0.0216  0.0216  0.0216
  0.0219  0.0218  0.0217  0.0221  0.0219  0.0223  0.0218  0.0222  0.0217  0.0219  0.0217  0.0217
   -2.1383   28.6594    4.7649   -5.4049   -7.7858   -7.8180
    6.7130    3.3517   -7.5010    2.9238    3.2119   -3.1128
eta,q 0.97852 12.11319

---------------------------------------------------------------------
compute_vox2vox talsrcimg talsrcimg_to_711-2C_as_mni_average_305_t4 /opt/freesurfer/average/711-2C_as_mni_average_305
---------------------------------------------------------------------

freesurfer compute_vox2vox.c
Reading: talsrcimg.4dfp.ifh
Reading: talsrcimg_to_711-2C_as_mni_average_305_t4
Reading: /opt/freesurfer/average/711-2C_as_mni_average_305.4dfp.ifh
Writing: talsrcimg_to_711-2C_as_mni_average_305_t4_vox2vox.txt

start time Tue Mar 10 07:26:11 CET 2026
end		time Tue Mar 10 07:26:25 CET 2026

mpr2mni305 success

avi2talxfm orig_nu.mgz /opt/freesurfer/average/mni305.cor.mgz talsrcimg_to_711-2C_as_mni_average_305_t4_vox2vox.txt transforms/talairach.auto.xfm
avi2talxfm done
mv -f /out/sourcedata/freesurfer/sub-v1s9x0051353_ses-1/mri/talsrcimg_to_711-2C_as_mni_average_305_t4_vox2vox.txt /out/sourcedata/freesurfer/sub-v1s9x0051353_ses-1/mri/transforms/talsrcimg_to_711-2C_as_mni_average_305_t4_vox2vox.txt
lta_convert --src orig_nu.mgz --trg /opt/freesurfer/average/mni305.cor.mgz --inxfm transforms/talairach.auto.xfm --outlta transforms/talairach.auto.xfm.lta --subject fsaverage
7.3.2

--src: orig_nu.mgz src image (geometry).
--trg: /opt/freesurfer/average/mni305.cor.mgz trg image (geometry).
--inmni: transforms/talairach.auto.xfm input MNI/XFM transform.
--outlta: transforms/talairach.auto.xfm.lta output LTA.
--s: fsaverage subject name
 LTA read, type : 1
 1.05218  -0.03579  -0.07780  -1.72400;
-0.03373   1.08480   0.03907   6.18570;
 0.08666  -0.03731   1.07686  -32.61046;
 0.00000   0.00000   0.00000   1.00000;
setting subject to fsaverage
Writing  LTA to file transforms/talairach.auto.xfm.lta...
lta_convert successful.
 
 
Started at Tue Mar 10 07:26:10 CET 2026
Ended   at Tue Mar 10 07:26:25 CET 2026
talairach_avi done
