/out/sourcedata/freesurfer/sub-v1s9x0051358_ses-1/mri
/opt/freesurfer/bin/talairach_avi
--i orig_nu.mgz --xfm transforms/talairach.auto.xfm
talairach_avi 7.3.2
Linux dna013 5.14.0-427.37.1.el9_4.x86_64 #1 SMP PREEMPT_DYNAMIC Fri Sep 13 12:41:50 EDT 2024 x86_64 x86_64 x86_64 GNU/Linux
Tue Mar 10 07:37:14 CET 2026
mri_convert orig_nu.mgz talsrcimg.img 
reading from orig_nu.mgz...
TR=0.00, TE=0.00, TI=0.00, flip angle=0.00
i_ras = (-1, 0, 0)
j_ras = (0, 0, -1)
k_ras = (0, 1, 0)
writing to talsrcimg.img...
Analyze Output Matrix
-1.00000   0.00000   0.00000   129.29367;
 0.00000   0.00000   1.00000  -138.02408;
 0.00000  -1.00000   0.00000   160.29056;
 0.00000   0.00000   0.00000   1.00000;
--------------------
INFO: set hdr.hist.orient to -1
mpr2mni305 talsrcimg
Tue Mar 10 07:37:14 CET 2026
/opt/freesurfer/bin/mpr2mni305 talsrcimg
mpr2mni305 7.3.2
target=711-2C_as_mni_average_305

---------------------------------------------------------------------
analyzeto4dfp talsrcimg -O0 -y
---------------------------------------------------------------------

freesurfer ifh2hdr.c
Tue Mar 10 07:37:14 2026
Writing: talsrcimg.4dfp.hdr
freesurfer analyzeto4dfp.c
Reading: talsrcimg.hdr
header size 348 bytes
hdr.dime.datatype	offset=70	value=2
hdr.dime.bitpix		offset=72	value=8
hdr.hist.orient		offset=252	value=-1
dimensionality     4
dimensions       256       256       256         1
Reading: talsrcimg.img
Writing: talsrcimg.4dfp.img
Writing: talsrcimg.4dfp.ifh
ifh2hdr talsrcimg -r0to226
ori=2

---------------------------------------------------------------------
gauss_4dfp talsrcimg 1.1
---------------------------------------------------------------------

freesurfer gauss_4dfp.c
Reading: talsrcimg.4dfp.img
Writing: talsrcimg_g11.4dfp.img
image dimensions 256 256 256 padded to 288 288 288
processing volume 1freesurfer ifh2hdr.c
Tue Mar 10 07:37:16 2026
Writing: talsrcimg_g11.4dfp.hdr

Writing: talsrcimg_g11.4dfp.ifh
including: talsrcimg.4dfp.img.rec in talsrcimg_g11.4dfp.img.rec

---------------------------------------------------------------------
imgreg_4dfp /opt/freesurfer/average/711-2C_as_mni_average_305 none talsrcimg_g11 none talsrcimg_to_711-2C_as_mni_average_305_t4 4355
---------------------------------------------------------------------

freesurfer imgreg_4dfp.c
/opt/freesurfer/average/711-2C_as_mni_average_305.4dfp.img
       256       256       256         1
  1.000000  1.000000  1.000000
orientation T byte_order littleendian
Reading image: /opt/freesurfer/average/711-2C_as_mni_average_305.4dfp.img
dimensions:      256       256       256
mmppix:       1.0000   -1.0000   -1.0000
center:     128.0000 -129.0000 -129.0000
talsrcimg_g11.4dfp.img
       256       256       256         1
  1.000000  1.000000  1.000000
orientation T byte_order littleendian
Reading image: talsrcimg_g11.4dfp.img
dimensions:      256       256       256
mmppix:       1.0000   -1.0000   -1.0000
center:     128.0000 -129.0000 -129.0000
t4_read: open error in t4_sub.f l:  41 t4_file(1:l)talsrcimg_to_711-2C_as_mni_average_305_t4 
t4_read: transform initialized to I4
rotation matrix determinant  1.000000
image alignment mode   4355 decimal     1103 hex
   -7.5000  -45.0000  -45.0000 5198.4424   20.9713
    0.0000  -45.0000  -45.0000 5435.4570   21.1147
    7.5000  -45.0000  -45.0000 5215.7085   21.1090
   -7.5000  -37.5000  -45.0000 5829.5103   20.4042
    0.0000  -37.5000  -45.0000 6075.1382   20.5270
    7.5000  -37.5000  -45.0000 5845.3354   20.5193
   -7.5000  -30.0000  -45.0000 6701.1504   20.0045
    0.0000  -30.0000  -45.0000 6969.6768   20.1114
    7.5000  -30.0000  -45.0000 6711.6411   20.1039
   -7.5000  -22.5000  -45.0000 7646.8530   19.6753
    0.0000  -22.5000  -45.0000 7955.9756   19.7810
    7.5000  -22.5000  -45.0000 7635.3540   19.7752
   -7.5000  -15.0000  -45.0000 8634.4629   19.5654
    0.0000  -15.0000  -45.0000 9007.6445   19.6817
    7.5000  -15.0000  -45.0000 8624.3838   19.6777
   -7.5000   -7.5000  -45.0000 9620.7852   19.5530
    0.0000   -7.5000  -45.000010045.0420   19.6791
    7.5000   -7.5000  -45.0000 9603.2412   19.6747
   -7.5000    0.0000  -45.000010586.3232   19.5835
    0.0000    0.0000  -45.000011038.3135   19.7091
    7.5000    0.0000  -45.000010555.8564   19.7029
   -7.5000    7.5000  -45.000010675.9980   19.6265
    0.0000    7.5000  -45.000011127.1680   19.7406
    7.5000    7.5000  -45.000010651.6719   19.7331
   -7.5000   15.0000  -45.000010588.9980   19.6400
    0.0000   15.0000  -45.000011067.4805   19.7432
    7.5000   15.0000  -45.000010554.1904   19.7361
   -7.5000   22.5000  -45.000010378.7812   19.6025
    0.0000   22.5000  -45.000010857.9424   19.7075
    7.5000   22.5000  -45.000010347.7314   19.7021
   -7.5000   30.0000  -45.000010082.7070   19.3006
    0.0000   30.0000  -45.000010525.6680   19.4153
    7.5000   30.0000  -45.000010031.6963   19.4115
   -7.5000   37.5000  -45.000010141.1533   19.2925
    0.0000   37.5000  -45.000010568.9209   19.4168
    7.5000   37.5000  -45.000010064.5391   19.4125
   -7.5000   45.0000  -45.0000 9921.4209   18.8319
    0.0000   45.0000  -45.000010285.6094   18.9527
    7.5000   45.0000  -45.0000 9839.4736   18.9467
   -7.5000  -45.0000  -37.5000 5591.2759   20.9588
    0.0000  -45.0000  -37.5000 5850.9365   21.0921
    7.5000  -45.0000  -37.5000 5607.1108   21.0868
   -7.5000  -37.5000  -37.5000 6243.8447   20.3849
    0.0000  -37.5000  -37.5000 6512.2827   20.4939
    7.5000  -37.5000  -37.5000 6272.9521   20.4851
   -7.5000  -30.0000  -37.5000 7179.5879   19.9843
    0.0000  -30.0000  -37.5000 7482.3804   20.0771
    7.5000  -30.0000  -37.5000 7206.7383   20.0654
   -7.5000  -22.5000  -37.5000 8183.1758   19.6592
    0.0000  -22.5000  -37.5000 8535.5703   19.7539
    7.5000  -22.5000  -37.5000 8198.6494   19.7427
   -7.5000  -15.0000  -37.5000 9237.6709   19.5527
    0.0000  -15.0000  -37.5000 9660.1172   19.6623
    7.5000  -15.0000  -37.5000 9241.9775   19.6542
   -7.5000   -7.5000  -37.500010307.9648   19.5402
    0.0000   -7.5000  -37.500010763.9307   19.6607
    7.5000   -7.5000  -37.500010276.1953   19.6550
   -7.5000    0.0000  -37.500011317.8164   19.5680
    0.0000    0.0000  -37.500011825.0771   19.6852
    7.5000    0.0000  -37.500011262.3848   19.6792
   -7.5000    7.5000  -37.500011390.0420   19.6080
    0.0000    7.5000  -37.500011878.9131   19.7098
    7.5000    7.5000  -37.500011333.3574   19.7012
   -7.5000   15.0000  -37.500011274.3818   19.6206
    0.0000   15.0000  -37.500011822.1182   19.7103
    7.5000   15.0000  -37.500011225.2852   19.6992
   -7.5000   22.5000  -37.500011053.3818   19.5863
    0.0000   22.5000  -37.500011594.2812   19.6805
    7.5000   22.5000  -37.500010985.6289   19.6697
   -7.5000   30.0000  -37.500010731.7354   19.2881
    0.0000   30.0000  -37.500011213.0752   19.3962
    7.5000   30.0000  -37.500010639.1719   19.3882
   -7.5000   37.5000  -37.500010759.1328   19.2798
    0.0000   37.5000  -37.500011217.5820   19.3987
    7.5000   37.5000  -37.500010650.4189   19.3930
   -7.5000   45.0000  -37.500010504.3047   18.8170
    0.0000   45.0000  -37.500010921.1201   18.9297
    7.5000   45.0000  -37.500010390.7783   18.9240
   -7.5000  -45.0000  -30.0000 6067.3262   21.8708
    0.0000  -45.0000  -30.0000 6337.7188   22.0140
    7.5000  -45.0000  -30.0000 6074.1333   22.0146
   -7.5000  -37.5000  -30.0000 6784.2256   21.2646
    0.0000  -37.5000  -30.0000 7072.2944   21.3778
    7.5000  -37.5000  -30.0000 6799.4214   21.3712
   -7.5000  -30.0000  -30.0000 7808.1431   20.8492
    0.0000  -30.0000  -30.0000 8140.7437   20.9408
    7.5000  -30.0000  -30.0000 7807.4487   20.9258
   -7.5000  -22.5000  -30.0000 8889.1191   20.5192
    0.0000  -22.5000  -30.0000 9272.7178   20.6126
    7.5000  -22.5000  -30.0000 8868.8896   20.5962
   -7.5000  -15.0000  -30.000010019.2832   20.4144
    0.0000  -15.0000  -30.000010457.3535   20.5274
    7.5000  -15.0000  -30.0000 9978.2500   20.5165
   -7.5000   -7.5000  -30.000011137.2949   20.3973
    0.0000   -7.5000  -30.000011634.8184   20.5262
    7.5000   -7.5000  -30.000011088.4326   20.5226
   -7.5000    0.0000  -30.000012212.2607   20.4174
    0.0000    0.0000  -30.000012777.4229   20.5435
    7.5000    0.0000  -30.000012145.5947   20.5426
   -7.5000    7.5000  -30.000012274.6221   20.4540
    0.0000    7.5000  -30.000012821.2412   20.5597
    7.5000    7.5000  -30.000012194.2988   20.5532
   -7.5000   15.0000  -30.000012160.3760   20.4694
    0.0000   15.0000  -30.000012750.5361   20.5578
    7.5000   15.0000  -30.000012087.4775   20.5437
   -7.5000   22.5000  -30.000011928.3652   20.4407
    0.0000   22.5000  -30.000012503.5732   20.5337
    7.5000   22.5000  -30.000011805.6377   20.5178
   -7.5000   30.0000  -30.000011569.5635   20.1401
    0.0000   30.0000  -30.000012102.0850   20.2516
    7.5000   30.0000  -30.000011428.2705   20.2409
   -7.5000   37.5000  -30.000011584.4736   20.1274
    0.0000   37.5000  -30.000012105.8965   20.2546
    7.5000   37.5000  -30.000011451.3281   20.2511
   -7.5000   45.0000  -30.000011276.2148   19.6482
    0.0000   45.0000  -30.000011763.7041   19.7696
    7.5000   45.0000  -30.000011130.5273   19.7687
   -7.5000  -45.0000  -22.5000 6521.7559   22.5947
    0.0000  -45.0000  -22.5000 6814.5249   22.7577
    7.5000  -45.0000  -22.5000 6533.4229   22.7645
   -7.5000  -37.5000  -22.5000 7295.8408   21.9663
    0.0000  -37.5000  -22.5000 7614.7314   22.0984
    7.5000  -37.5000  -22.5000 7318.4351   22.0957
   -7.5000  -30.0000  -22.5000 8411.9414   21.5421
    0.0000  -30.0000  -22.5000 8765.7354   21.6479
    7.5000  -30.0000  -22.5000 8407.5527   21.6346
   -7.5000  -22.5000  -22.5000 9562.2041   21.2080
    0.0000  -22.5000  -22.5000 9966.5059   21.3126
    7.5000  -22.5000  -22.5000 9541.8477   21.2971
   -7.5000  -15.0000  -22.500010761.6689   21.1034
    0.0000  -15.0000  -22.500011232.9443   21.2271
    7.5000  -15.0000  -22.500010738.1816   21.2181
   -7.5000   -7.5000  -22.500011965.6855   21.0820
    0.0000   -7.5000  -22.500012493.1348   21.2244
    7.5000   -7.5000  -22.500011912.0703   21.2253
   -7.5000    0.0000  -22.500013093.6895   21.0959
    0.0000    0.0000  -22.500013688.7949   21.2390
    7.5000    0.0000  -22.500013010.6006   21.2435
   -7.5000    7.5000  -22.500013139.0918   21.1308
    0.0000    7.5000  -22.500013740.1797   21.2534
    7.5000    7.5000  -22.500013048.9854   21.2507
   -7.5000   15.0000  -22.500013013.4307   21.1498
    0.0000   15.0000  -22.500013652.4258   21.2521
    7.5000   15.0000  -22.500012923.0850   21.2397
   -7.5000   22.5000  -22.500012745.1924   21.1255
    0.0000   22.5000  -22.500013347.8516   21.2296
    7.5000   22.5000  -22.500012600.9219   21.2146
   -7.5000   30.0000  -22.500012361.4854   20.8232
    0.0000   30.0000  -22.500012939.1680   20.9453
    7.5000   30.0000  -22.500012218.0352   20.9364
   -7.5000   37.5000  -22.500012389.2090   20.8063
    0.0000   37.5000  -22.500012966.8936   20.9468
    7.5000   37.5000  -22.500012238.0254   20.9477
   -7.5000   45.0000  -22.500012022.7617   20.3164
    0.0000   45.0000  -22.500012568.4824   20.4542
    7.5000   45.0000  -22.500011842.8711   20.4585
   -7.5000  -45.0000  -15.0000 6977.7705   23.0795
    0.0000  -45.0000  -15.0000 7273.3057   23.2565
    7.5000  -45.0000  -15.0000 6993.1758   23.2631
   -7.5000  -37.5000  -15.0000 7812.5850   22.4429
    0.0000  -37.5000  -15.0000 8145.1938   22.5921
    7.5000  -37.5000  -15.0000 7828.6772   22.5908
   -7.5000  -30.0000  -15.0000 8999.7861   22.0131
    0.0000  -30.0000  -15.0000 9396.1543   22.1366
    7.5000  -30.0000  -15.0000 8988.6748   22.1272
   -7.5000  -22.5000  -15.000010230.9727   21.6710
    0.0000  -22.5000  -15.000010696.4023   21.7904
    7.5000  -22.5000  -15.000010210.8271   21.7800
   -7.5000  -15.0000  -15.000011518.6240   21.5616
    0.0000  -15.0000  -15.000012050.5820   21.6958
    7.5000  -15.0000  -15.000011495.4434   21.6906
   -7.5000   -7.5000  -15.000012767.7217   21.5387
    0.0000   -7.5000  -15.000013347.3154   21.6899
    7.5000   -7.5000  -15.000012722.9912   21.6924
   -7.5000    0.0000  -15.000013973.4160   21.5533
    0.0000    0.0000  -15.000014604.9268   21.7078
    7.5000    0.0000  -15.000013883.1211   21.7125
   -7.5000    7.5000  -15.000014016.7754   21.5911
    0.0000    7.5000  -15.000014676.7900   21.7293
    7.5000    7.5000  -15.000013923.1172   21.7276
   -7.5000   15.0000  -15.000013850.4268   21.6129
    0.0000   15.0000  -15.000014553.0879   21.7323
    7.5000   15.0000  -15.000013763.7266   21.7236
   -7.5000   22.5000  -15.000013514.8506   21.5860
    0.0000   22.5000  -15.000014174.1553   21.7048
    7.5000   22.5000  -15.000013387.6152   21.6950
   -7.5000   30.0000  -15.000013088.9531   21.2783
    0.0000   30.0000  -15.000013754.4238   21.4107
    7.5000   30.0000  -15.000012976.8057   21.4057
   -7.5000   37.5000  -15.000013134.0166   21.2599
    0.0000   37.5000  -15.000013799.1895   21.4092
    7.5000   37.5000  -15.000012993.8877   21.4116
   -7.5000   45.0000  -15.000012715.0879   20.7694
    0.0000   45.0000  -15.000013326.8027   20.9183
    7.5000   45.0000  -15.000012545.4668   20.9228
   -7.5000  -45.0000   -7.5000 7419.3569   23.3238
    0.0000  -45.0000   -7.5000 7743.6318   23.4977
    7.5000  -45.0000   -7.5000 7428.1587   23.4974
   -7.5000  -37.5000   -7.5000 8358.3477   22.6884
    0.0000  -37.5000   -7.5000 8730.6182   22.8385
    7.5000  -37.5000   -7.5000 8366.8936   22.8338
   -7.5000  -30.0000   -7.5000 9633.7344   22.2511
    0.0000  -30.0000   -7.500010068.6738   22.3796
    7.5000  -30.0000   -7.5000 9617.6455   22.3723
   -7.5000  -22.5000   -7.500010945.8008   21.8953
    0.0000  -22.5000   -7.500011428.9365   22.0195
    7.5000  -22.5000   -7.500010905.8428   22.0133
   -7.5000  -15.0000   -7.500012294.0693   21.7775
    0.0000  -15.0000   -7.500012817.1357   21.9130
    7.5000  -15.0000   -7.500012251.6934   21.9100
   -7.5000   -7.5000   -7.500013596.2100   21.7582
    0.0000   -7.5000   -7.500014189.4648   21.9072
    7.5000   -7.5000   -7.500013541.8291   21.9065
   -7.5000    0.0000   -7.500014865.7373   21.7828
    0.0000    0.0000   -7.500015501.5205   21.9346
    7.5000    0.0000   -7.500014769.4258   21.9332
   -7.5000    7.5000   -7.500015001.8994   21.8272
    0.0000    7.5000   -7.500015708.3682   21.9662
    7.5000    7.5000   -7.500014881.0195   21.9615
   -7.5000   15.0000   -7.500014793.6904   21.8470
    0.0000   15.0000   -7.500015479.9707   21.9712
    7.5000   15.0000   -7.500014675.5879   21.9644
   -7.5000   22.5000   -7.500014320.0303   21.8074
    0.0000   22.5000   -7.500014943.7373   21.9308
    7.5000   22.5000   -7.500014212.1006   21.9252
   -7.5000   30.0000   -7.500013864.2188   21.4907
    0.0000   30.0000   -7.500014509.0166   21.6244
    7.5000   30.0000   -7.500013776.0430   21.6215
   -7.5000   37.5000   -7.500013915.4561   21.4760
    0.0000   37.5000   -7.500014573.5547   21.6231
    7.5000   37.5000   -7.500013805.3281   21.6224
   -7.5000   45.0000   -7.500013434.0439   20.9945
    0.0000   45.0000   -7.500014053.5586   21.1408
    7.5000   45.0000   -7.500013300.1240   21.1395
   -7.5000  -45.0000    0.0000 7826.9976   23.3968
    0.0000  -45.0000    0.0000 8115.2344   23.5563
    7.5000  -45.0000    0.0000 7813.9829   23.5497
   -7.5000  -37.5000    0.0000 8780.8232   22.7620
    0.0000  -37.5000    0.0000 9159.0605   22.8984
    7.5000  -37.5000    0.0000 8765.8076   22.8896
   -7.5000  -30.0000    0.000010130.3213   22.3167
    0.0000  -30.0000    0.000010593.8496   22.4356
    7.5000  -30.0000    0.000010088.0527   22.4269
   -7.5000  -22.5000    0.000011530.0576   21.9508
    0.0000  -22.5000    0.000012061.2705   22.0683
    7.5000  -22.5000    0.000011487.5723   22.0617
   -7.5000  -15.0000    0.000012974.5547   21.8286
    0.0000  -15.0000    0.000013520.4717   21.9579
    7.5000  -15.0000    0.000012935.1357   21.9534
   -7.5000   -7.5000    0.000014383.0430   21.8146
    0.0000   -7.5000    0.000014927.2969   21.9549
    7.5000   -7.5000    0.000014293.9180   21.9499
   -7.5000    0.0000    0.000015732.3711   21.8484
    0.0000    0.0000    0.000016359.5723   21.9880
    7.5000    0.0000    0.000015586.4863   21.9810
   -7.5000    7.5000    0.000015988.9834   21.8961
    0.0000    7.5000    0.000016646.0723   22.0229
    7.5000    7.5000    0.000015772.2676   22.0144
   -7.5000   15.0000    0.000015758.1699   21.9113
    0.0000   15.0000    0.000016246.5137   22.0261
    7.5000   15.0000    0.000015617.1201   22.0179
   -7.5000   22.5000    0.000015071.2002   21.8627
    0.0000   22.5000    0.000015520.0742   21.9795
    7.5000   22.5000    0.000015027.2129   21.9733
   -7.5000   30.0000    0.000014553.4375   21.5415
    0.0000   30.0000    0.000015058.5957   21.6692
    7.5000   30.0000    0.000014533.5371   21.6648
   -7.5000   37.5000    0.000014599.8145   21.5323
    0.0000   37.5000    0.000015160.6611   21.6707
    7.5000   37.5000    0.000014562.9658   21.6658
   -7.5000   45.0000    0.000014119.3398   21.0593
    0.0000   45.0000    0.000014645.8838   21.1939
    7.5000   45.0000    0.000014033.3584   21.1871
   -7.5000  -45.0000    7.5000 7615.3042   23.4527
    0.0000  -45.0000    7.5000 7891.8008   23.6018
    7.5000  -45.0000    7.5000 7576.6450   23.5958
   -7.5000  -37.5000    7.5000 8570.2998   22.8103
    0.0000  -37.5000    7.5000 8882.6631   22.9323
    7.5000  -37.5000    7.5000 8521.3252   22.9223
   -7.5000  -30.0000    7.5000 9866.1309   22.3620
    0.0000  -30.0000    7.500010250.1650   22.4659
    7.5000  -30.0000    7.5000 9802.4795   22.4527
   -7.5000  -22.5000    7.500011164.0752   21.9983
    0.0000  -22.5000    7.500011631.1455   22.1042
    7.5000  -22.5000    7.500011114.8779   22.0916
   -7.5000  -15.0000    7.500012503.3311   21.8791
    0.0000  -15.0000    7.500013021.0225   22.0018
    7.5000  -15.0000    7.500012478.1562   21.9926
   -7.5000   -7.5000    7.500013850.0967   21.8651
    0.0000   -7.5000    7.500014404.7139   22.0000
    7.5000   -7.5000    7.500013805.0947   21.9935
   -7.5000    0.0000    7.500015153.6230   21.8962
    0.0000    0.0000    7.500015706.4229   22.0274
    7.5000    0.0000    7.500015071.1270   22.0207
   -7.5000    7.5000    7.500015255.4238   21.9410
    0.0000    7.5000    7.500015772.9023   22.0548
    7.5000    7.5000    7.500015199.3633   22.0452
   -7.5000   15.0000    7.500015080.9756   21.9551
    0.0000   15.0000    7.500015402.7637   22.0554
    7.5000   15.0000    7.500015049.5049   22.0429
   -7.5000   22.5000    7.500014588.8936   21.9096
    0.0000   22.5000    7.500014821.0977   22.0150
    7.5000   22.5000    7.500014599.2148   22.0028
   -7.5000   30.0000    7.500014137.1660   21.5914
    0.0000   30.0000    7.500014402.0703   21.7125
    7.5000   30.0000    7.500014144.0537   21.7035
   -7.5000   37.5000    7.500014216.0264   21.5821
    0.0000   37.5000    7.500014558.8516   21.7152
    7.5000   37.5000    7.500014197.3330   21.7088
   -7.5000   45.0000    7.500013793.1943   21.1054
    0.0000   45.0000    7.500014197.5771   21.2319
    7.5000   45.0000    7.500013711.7451   21.2254
   -7.5000  -45.0000   15.0000 7293.3574   23.4864
    0.0000  -45.0000   15.0000 7548.5464   23.6403
    7.5000  -45.0000   15.0000 7244.2739   23.6409
   -7.5000  -37.5000   15.0000 8157.5869   22.8355
    0.0000  -37.5000   15.0000 8478.3936   22.9571
    7.5000  -37.5000   15.0000 8110.0107   22.9499
   -7.5000  -30.0000   15.0000 9366.1699   22.3894
    0.0000  -30.0000   15.0000 9777.4619   22.4877
    7.5000  -30.0000   15.0000 9337.8770   22.4717
   -7.5000  -22.5000   15.000010626.4658   22.0351
    0.0000  -22.5000   15.000011099.6611   22.1353
    7.5000  -22.5000   15.000010612.6045   22.1177
   -7.5000  -15.0000   15.000011945.4746   21.9225
    0.0000  -15.0000   15.000012439.9160   22.0438
    7.5000  -15.0000   15.000011937.6250   22.0321
   -7.5000   -7.5000   15.000013208.2480   21.9041
    0.0000   -7.5000   15.000013707.2656   22.0425
    7.5000   -7.5000   15.000013203.5752   22.0387
   -7.5000    0.0000   15.000014398.5557   21.9256
    0.0000    0.0000   15.000014879.7783   22.0611
    7.5000    0.0000   15.000014381.1748   22.0601
   -7.5000    7.5000   15.000014424.7344   21.9650
    0.0000    7.5000   15.000014841.4785   22.0785
    7.5000    7.5000   15.000014415.7715   22.0715
   -7.5000   15.0000   15.000014251.3086   21.9815
    0.0000   15.0000   15.000014596.5430   22.0765
    7.5000   15.0000   15.000014211.5693   22.0613
   -7.5000   22.5000   15.000013959.7891   21.9459
    0.0000   22.5000   15.000014318.2842   22.0458
    7.5000   22.5000   15.000013848.2402   22.0287
   -7.5000   30.0000   15.000013623.5723   21.6343
    0.0000   30.0000   15.000014074.8350   21.7541
    7.5000   30.0000   15.000013480.4102   21.7425
   -7.5000   37.5000   15.000013726.0449   21.6206
    0.0000   37.5000   15.000014239.9707   21.7572
    7.5000   37.5000   15.000013548.9922   21.7535
   -7.5000   45.0000   15.000013292.7061   21.1338
    0.0000   45.0000   15.000013813.4180   21.2643
    7.5000   45.0000   15.000013093.3281   21.2634
   -7.5000  -45.0000   22.5000 6871.2896   23.5368
    0.0000  -45.0000   22.5000 7137.6606   23.7072
    7.5000  -45.0000   22.5000 6840.8081   23.7140
   -7.5000  -37.5000   22.5000 7708.0234   22.8810
    0.0000  -37.5000   22.5000 7987.8823   23.0190
    7.5000  -37.5000   22.5000 7686.0615   23.0160
   -7.5000  -30.0000   22.5000 8852.7158   22.4392
    0.0000  -30.0000   22.5000 9203.0029   22.5498
    7.5000  -30.0000   22.5000 8848.3086   22.5358
   -7.5000  -22.5000   22.500010027.9814   22.0909
    0.0000  -22.5000   22.500010459.4482   22.2003
    7.5000  -22.5000   22.500010036.0928   22.1840
   -7.5000  -15.0000   22.500011242.9150   21.9811
    0.0000  -15.0000   22.500011766.5674   22.1104
    7.5000  -15.0000   22.500011241.9707   22.1009
   -7.5000   -7.5000   22.500012417.2607   21.9571
    0.0000   -7.5000   22.500013019.4092   22.1058
    7.5000   -7.5000   22.500012406.4014   22.1066
   -7.5000    0.0000   22.500013544.2969   21.9706
    0.0000    0.0000   22.500014137.3594   22.1200
    7.5000    0.0000   22.500013494.2070   22.1245
   -7.5000    7.5000   22.500013576.5742   22.0078
    0.0000    7.5000   22.500014104.3467   22.1359
    7.5000    7.5000   22.500013498.0137   22.1329
   -7.5000   15.0000   22.500013462.8643   22.0292
    0.0000   15.0000   22.500013950.2051   22.1362
    7.5000   15.0000   22.500013353.0791   22.1231
   -7.5000   22.5000   22.500013185.0615   22.0013
    0.0000   22.5000   22.500013656.5693   22.1103
    7.5000   22.5000   22.500013055.8984   22.0945
   -7.5000   30.0000   22.500012814.2861   21.6922
    0.0000   30.0000   22.500013275.3379   21.8199
    7.5000   30.0000   22.500012694.1572   21.8105
   -7.5000   37.5000   22.500012875.7295   21.6729
    0.0000   37.5000   22.500013349.5225   21.8197
    7.5000   37.5000   22.500012766.4863   21.8205
   -7.5000   45.0000   22.500012460.8086   21.1771
    0.0000   45.0000   22.500012931.4590   21.3211
    7.5000   45.0000   22.500012350.0527   21.3255
   -7.5000  -45.0000   30.0000 6379.0908   23.5675
    0.0000  -45.0000   30.0000 6612.3296   23.7493
    7.5000  -45.0000   30.0000 6378.8042   23.7556
   -7.5000  -37.5000   30.0000 7136.5078   22.9174
    0.0000  -37.5000   30.0000 7419.5166   23.0707
    7.5000  -37.5000   30.0000 7146.2373   23.0688
   -7.5000  -30.0000   30.0000 8192.8154   22.4797
    0.0000  -30.0000   30.0000 8551.0938   22.6068
    7.5000  -30.0000   30.0000 8203.1436   22.5967
   -7.5000  -22.5000   30.0000 9290.2344   22.1304
    0.0000  -22.5000   30.0000 9736.7852   22.2532
    7.5000  -22.5000   30.0000 9281.0459   22.2422
   -7.5000  -15.0000   30.000010434.0186   22.0174
    0.0000  -15.0000   30.000010954.6973   22.1554
    7.5000  -15.0000   30.000010414.8887   22.1497
   -7.5000   -7.5000   30.000011540.6611   21.9903
    0.0000   -7.5000   30.000012103.7373   22.1457
    7.5000   -7.5000   30.000011513.2549   22.1478
   -7.5000    0.0000   30.000012567.4834   22.0026
    0.0000    0.0000   30.000013120.4307   22.1613
    7.5000    0.0000   30.000012520.4512   22.1656
   -7.5000    7.5000   30.000012555.8965   22.0426
    0.0000    7.5000   30.000013047.3926   22.1845
    7.5000    7.5000   30.000012500.6562   22.1823
   -7.5000   15.0000   30.000012411.8223   22.0682
    0.0000   15.0000   30.000012878.9707   22.1910
    7.5000   15.0000   30.000012358.8174   22.1816
   -7.5000   22.5000   30.000012122.7578   22.0407
    0.0000   22.5000   30.000012550.4385   22.1629
    7.5000   22.5000   30.000012067.2676   22.1524
   -7.5000   30.0000   30.000011768.2861   21.7281
    0.0000   30.0000   30.000012187.6582   21.8642
    7.5000   30.0000   30.000011718.0381   21.8588
   -7.5000   37.5000   30.000011848.1689   21.7057
    0.0000   37.5000   30.000012284.7070   21.8591
    7.5000   37.5000   30.000011818.7725   21.8612
   -7.5000   45.0000   30.000011501.1748   21.2080
    0.0000   45.0000   30.000011943.0586   21.3609
    7.5000   45.0000   30.000011454.5986   21.3651
   -7.5000  -45.0000   37.5000 6148.1206   23.8767
    0.0000  -45.0000   37.5000 6382.3652   24.0584
    7.5000  -45.0000   37.5000 6152.1914   24.0573
   -7.5000  -37.5000   37.5000 6877.5737   23.2211
    0.0000  -37.5000   37.5000 7160.2979   23.3778
    7.5000  -37.5000   37.5000 6892.8120   23.3722
   -7.5000  -30.0000   37.5000 7908.2192   22.7736
    0.0000  -30.0000   37.5000 8256.4365   22.9079
    7.5000  -30.0000   37.5000 7922.6719   22.8997
   -7.5000  -22.5000   37.5000 8978.2549   22.4088
    0.0000  -22.5000   37.5000 9370.6270   22.5388
    7.5000  -22.5000   37.5000 8964.7295   22.5320
   -7.5000  -15.0000   37.500010057.6562   22.2872
    0.0000  -15.0000   37.500010511.3164   22.4289
    7.5000  -15.0000   37.500010024.0674   22.4254
   -7.5000   -7.5000   37.500011097.3154   22.2628
    0.0000   -7.5000   37.500011599.7002   22.4185
    7.5000   -7.5000   37.500011058.2451   22.4172
   -7.5000    0.0000   37.500012032.8096   22.2842
    0.0000    0.0000   37.500012563.0205   22.4426
    7.5000    0.0000   37.500011982.4307   22.4404
   -7.5000    7.5000   37.500011994.4453   22.3312
    0.0000    7.5000   37.500012490.7158   22.4761
    7.5000    7.5000   37.500011940.1211   22.4704
   -7.5000   15.0000   37.500011825.7480   22.3557
    0.0000   15.0000   37.500012311.1279   22.4854
    7.5000   15.0000   37.500011795.8926   22.4778
   -7.5000   22.5000   37.500011533.0654   22.3184
    0.0000   22.5000   37.500011984.3223   22.4476
    7.5000   22.5000   37.500011522.1875   22.4412
   -7.5000   30.0000   37.500011198.0410   21.9942
    0.0000   30.0000   37.500011626.8340   22.1341
    7.5000   30.0000   37.500011170.1953   22.1307
   -7.5000   37.5000   37.500011308.0156   21.9747
    0.0000   37.5000   37.500011741.0840   22.1284
    7.5000   37.5000   37.500011274.9121   22.1271
   -7.5000   45.0000   37.500011011.5205   21.4794
    0.0000   45.0000   37.500011460.9873   21.6321
    7.5000   45.0000   37.500010972.3828   21.6300
   -7.5000  -45.0000   45.0000 5693.7744   24.3567
    0.0000  -45.0000   45.0000 5894.7495   24.5322
    7.5000  -45.0000   45.0000 5691.5371   24.5253
   -7.5000  -37.5000   45.0000 6377.1836   23.6753
    0.0000  -37.5000   45.0000 6610.3916   23.8253
    7.5000  -37.5000   45.0000 6384.4658   23.8160
   -7.5000  -30.0000   45.0000 7334.1978   23.2051
    0.0000  -30.0000   45.0000 7629.2490   23.3359
    7.5000  -30.0000   45.0000 7340.1240   23.3268
   -7.5000  -22.5000   45.0000 8306.3574   22.8216
    0.0000  -22.5000   45.0000 8665.3330   22.9508
    7.5000  -22.5000   45.0000 8291.0088   22.9439
   -7.5000  -15.0000   45.0000 9280.8838   22.6972
    0.0000  -15.0000   45.0000 9699.4541   22.8394
    7.5000  -15.0000   45.0000 9252.4668   22.8349
   -7.5000   -7.5000   45.000010234.6738   22.6806
    0.0000   -7.5000   45.000010694.1582   22.8345
    7.5000   -7.5000   45.000010192.8301   22.8295
   -7.5000    0.0000   45.000011064.4629   22.7100
    0.0000    0.0000   45.000011550.4297   22.8632
    7.5000    0.0000   45.000011019.9082   22.8559
   -7.5000    7.5000   45.000011026.2109   22.7586
    0.0000    7.5000   45.000011479.3135   22.8979
    7.5000    7.5000   45.000010987.6367   22.8888
   -7.5000   15.0000   45.000010854.9102   22.7783
    0.0000   15.0000   45.000011306.5752   22.9045
    7.5000   15.0000   45.000010843.2314   22.8959
   -7.5000   22.5000   45.000010570.9473   22.7327
    0.0000   22.5000   45.000010997.1270   22.8611
    7.5000   22.5000   45.000010577.0703   22.8547
   -7.5000   30.0000   45.000010258.4414   22.3986
    0.0000   30.0000   45.000010646.5381   22.5388
    7.5000   30.0000   45.000010235.1650   22.5345
   -7.5000   37.5000   45.000010361.8047   22.3851
    0.0000   37.5000   45.000010756.3262   22.5370
    7.5000   37.5000   45.000010320.8906   22.5321
   -7.5000   45.0000   45.000010111.9287   21.8997
    0.0000   45.0000   45.000010494.2812   22.0475
    7.5000   45.0000   45.000010064.2236   22.0404

---------------------------------------------------------------------
imgreg_4dfp /opt/freesurfer/average/711-2C_as_mni_average_305 /opt/freesurfer/average/711-2B_as_mni_average_305_mask talsrcimg_g11 none talsrcimg_to_711-2C_as_mni_average_305_t4 4355
---------------------------------------------------------------------

freesurfer imgreg_4dfp.c
/opt/freesurfer/average/711-2C_as_mni_average_305.4dfp.img
       256       256       256         1
  1.000000  1.000000  1.000000
orientation T byte_order littleendian
Reading image: /opt/freesurfer/average/711-2C_as_mni_average_305.4dfp.img
dimensions:      256       256       256
mmppix:       1.0000   -1.0000   -1.0000
center:     128.0000 -129.0000 -129.0000
/opt/freesurfer/average/711-2B_as_mni_average_305_mask.4dfp.img
       256       256       256         1
  1.000000  1.000000  1.000000
orientation T byte_order littleendian
Reading mask: /opt/freesurfer/average/711-2B_as_mni_average_305_mask.4dfp.img (2306576 pixels)
talsrcimg_g11.4dfp.img
       256       256       256         1
  1.000000  1.000000  1.000000
orientation T byte_order littleendian
Reading image: talsrcimg_g11.4dfp.img
dimensions:      256       256       256
mmppix:       1.0000   -1.0000   -1.0000
center:     128.0000 -129.0000 -129.0000
rotation matrix determinant  1.000000
image alignment mode   4355 decimal     1103 hex
   -7.5000  -37.5000  -45.0000 1591.5269   35.2265
    0.0000  -37.5000  -45.0000 1598.9482   34.9219
    7.5000  -37.5000  -45.0000 1591.9631   35.2181
   -7.5000  -30.0000  -45.0000 1724.5410   30.0194
    0.0000  -30.0000  -45.0000 1730.4777   29.6709
    7.5000  -30.0000  -45.0000 1726.1969   30.0362
   -7.5000  -22.5000  -45.0000 1864.7788   25.9844
    0.0000  -22.5000  -45.0000 1871.2162   25.7536
    7.5000  -22.5000  -45.0000 1861.0880   25.9897
   -7.5000  -15.0000  -45.0000 1996.4167   22.9495
    0.0000  -15.0000  -45.0000 2008.1711   22.8252
    7.5000  -15.0000  -45.0000 1993.6267   22.9729
   -7.5000   -7.5000  -45.0000 2109.5383   20.8574
    0.0000   -7.5000  -45.0000 2124.2791   20.7466
    7.5000   -7.5000  -45.0000 2108.5686   20.9277
   -7.5000    0.0000  -45.0000 2204.9233   19.4577
    0.0000    0.0000  -45.0000 2215.7512   19.3759
    7.5000    0.0000  -45.0000 2203.0583   19.5337
   -7.5000    7.5000  -45.0000 2275.7485   18.3584
    0.0000    7.5000  -45.0000 2289.2322   18.3262
    7.5000    7.5000  -45.0000 2277.4851   18.4577
   -7.5000   15.0000  -45.0000 2315.7361   17.6273
    0.0000   15.0000  -45.0000 2330.9873   17.5830
    7.5000   15.0000  -45.0000 2315.6069   17.7263
   -7.5000   22.5000  -45.0000 2334.0454   17.2645
    0.0000   22.5000  -45.0000 2353.3530   17.1695
    7.5000   22.5000  -45.0000 2335.2207   17.3378
   -7.5000   30.0000  -45.0000 2329.5811   17.1695
    0.0000   30.0000  -45.0000 2346.7510   17.0611
    7.5000   30.0000  -45.0000 2328.7158   17.2647
   -7.5000   37.5000  -45.0000 2317.9177   17.5322
    0.0000   37.5000  -45.0000 2334.1956   17.3722
    7.5000   37.5000  -45.0000 2312.4058   17.6211
   -7.5000   45.0000  -45.0000 2282.4871   18.3694
    0.0000   45.0000  -45.0000 2291.1147   18.1801
    7.5000   45.0000  -45.0000 2275.5481   18.4464
   -7.5000   52.5000  -45.0000 2205.5554   19.4781
    0.0000   52.5000  -45.0000 2212.3896   19.2110
    7.5000   52.5000  -45.0000 2199.3335   19.5372
   -7.5000  -37.5000  -37.5000 1650.0658   32.5316
    0.0000  -37.5000  -37.5000 1662.5358   32.3701
    7.5000  -37.5000  -37.5000 1659.8324   32.5400
   -7.5000  -30.0000  -37.5000 1791.5437   27.6335
    0.0000  -30.0000  -37.5000 1800.1226   27.4905
    7.5000  -30.0000  -37.5000 1797.4340   27.7038
   -7.5000  -22.5000  -37.5000 1937.2321   23.9518
    0.0000  -22.5000  -37.5000 1948.0161   23.8533
    7.5000  -22.5000  -37.5000 1937.8517   23.9831
   -7.5000  -15.0000  -37.5000 2070.2917   21.2096
    0.0000  -15.0000  -37.5000 2086.3235   21.1540
    7.5000  -15.0000  -37.5000 2072.5830   21.2613
   -7.5000   -7.5000  -37.5000 2195.5461   19.2050
    0.0000   -7.5000  -37.5000 2211.4668   19.2070
    7.5000   -7.5000  -37.5000 2195.8242   19.2973
   -7.5000    0.0000  -37.5000 2298.9360   17.8860
    0.0000    0.0000  -37.5000 2313.9846   17.8802
    7.5000    0.0000  -37.5000 2295.0520   17.9956
   -7.5000    7.5000  -37.5000 2371.4663   16.9540
    0.0000    7.5000  -37.5000 2382.7695   16.9513
    7.5000    7.5000  -37.5000 2365.4905   17.0448
   -7.5000   15.0000  -37.5000 2412.5132   16.2613
    0.0000   15.0000  -37.5000 2432.4517   16.2477
    7.5000   15.0000  -37.5000 2411.1990   16.3550
   -7.5000   22.5000  -37.5000 2437.4189   15.9328
    0.0000   22.5000  -37.5000 2460.3665   15.8732
    7.5000   22.5000  -37.5000 2435.5957   16.0091
   -7.5000   30.0000  -37.5000 2436.4900   15.8699
    0.0000   30.0000  -37.5000 2455.7173   15.8322
    7.5000   30.0000  -37.5000 2437.3413   15.9950
   -7.5000   37.5000  -37.5000 2421.5049   16.2153
    0.0000   37.5000  -37.5000 2439.6460   16.1490
    7.5000   37.5000  -37.5000 2418.0669   16.3388
   -7.5000   45.0000  -37.5000 2385.7698   17.0288
    0.0000   45.0000  -37.5000 2397.8835   16.8844
    7.5000   45.0000  -37.5000 2381.0403   17.1034
   -7.5000   52.5000  -37.5000 2305.5618   18.1122
    0.0000   52.5000  -37.5000 2315.1577   17.8945
    7.5000   52.5000  -37.5000 2299.1445   18.1553
   -7.5000  -37.5000  -30.0000 1735.9844   31.2566
    0.0000  -37.5000  -30.0000 1752.5547   31.1018
    7.5000  -37.5000  -30.0000 1746.5365   31.3846
   -7.5000  -30.0000  -30.0000 1887.0465   26.5853
    0.0000  -30.0000  -30.0000 1901.9076   26.4374
    7.5000  -30.0000  -30.0000 1890.6049   26.6296
   -7.5000  -22.5000  -30.0000 2037.5262   23.0215
    0.0000  -22.5000  -30.0000 2051.7485   22.8962
    7.5000  -22.5000  -30.0000 2034.0212   23.0039
   -7.5000  -15.0000  -30.0000 2176.9863   20.3520
    0.0000  -15.0000  -30.0000 2192.3076   20.3128
    7.5000  -15.0000  -30.0000 2174.6033   20.3703
   -7.5000   -7.5000  -30.0000 2308.5144   18.4349
    0.0000   -7.5000  -30.0000 2327.0222   18.4651
    7.5000   -7.5000  -30.0000 2307.4072   18.4925
   -7.5000    0.0000  -30.0000 2418.4573   17.0976
    0.0000    0.0000  -30.0000 2441.8308   17.1560
    7.5000    0.0000  -30.0000 2419.0579   17.1982
   -7.5000    7.5000  -30.0000 2501.5999   16.1961
    0.0000    7.5000  -30.0000 2519.8293   16.2462
    7.5000    7.5000  -30.0000 2495.0117   16.3290
   -7.5000   15.0000  -30.0000 2552.0884   15.5365
    0.0000   15.0000  -30.0000 2573.8335   15.5920
    7.5000   15.0000  -30.0000 2546.8870   15.6600
   -7.5000   22.5000  -30.0000 2585.7671   15.2420
    0.0000   22.5000  -30.0000 2607.0481   15.2130
    7.5000   22.5000  -30.0000 2580.6199   15.3401
   -7.5000   30.0000  -30.0000 2592.4656   15.2388
    0.0000   30.0000  -30.0000 2615.9443   15.2099
    7.5000   30.0000  -30.0000 2589.8311   15.3343
   -7.5000   37.5000  -30.0000 2575.6887   15.5800
    0.0000   37.5000  -30.0000 2594.8230   15.5646
    7.5000   37.5000  -30.0000 2572.0032   15.7277
   -7.5000   45.0000  -30.0000 2533.9851   16.3713
    0.0000   45.0000  -30.0000 2549.8826   16.3239
    7.5000   45.0000  -30.0000 2526.6267   16.4766
   -7.5000   52.5000  -30.0000 2439.0344   17.4210
    0.0000   52.5000  -30.0000 2453.2224   17.3149
    7.5000   52.5000  -30.0000 2430.8362   17.4835
   -7.5000  -37.5000  -22.5000 1797.8463   29.8762
    0.0000  -37.5000  -22.5000 1811.2357   29.7007
    7.5000  -37.5000  -22.5000 1806.8760   29.9290
   -7.5000  -30.0000  -22.5000 1952.9360   25.4313
    0.0000  -30.0000  -22.5000 1966.6266   25.2760
    7.5000  -30.0000  -22.5000 1958.1602   25.4896
   -7.5000  -22.5000  -22.5000 2107.7273   22.0357
    0.0000  -22.5000  -22.5000 2119.6106   21.8794
    7.5000  -22.5000  -22.5000 2108.9426   22.0678
   -7.5000  -15.0000  -22.5000 2255.7300   19.4683
    0.0000  -15.0000  -22.5000 2269.6868   19.3916
    7.5000  -15.0000  -22.5000 2258.2183   19.5182
   -7.5000   -7.5000  -22.5000 2396.0435   17.6016
    0.0000   -7.5000  -22.5000 2413.1755   17.5805
    7.5000   -7.5000  -22.5000 2395.1045   17.6801
   -7.5000    0.0000  -22.5000 2513.5366   16.2918
    0.0000    0.0000  -22.5000 2537.2576   16.3425
    7.5000    0.0000  -22.5000 2513.0002   16.3843
   -7.5000    7.5000  -22.5000 2600.3125   15.3702
    0.0000    7.5000  -22.5000 2623.6072   15.4260
    7.5000    7.5000  -22.5000 2596.2678   15.5149
   -7.5000   15.0000  -22.5000 2661.2095   14.7486
    0.0000   15.0000  -22.5000 2686.9846   14.7841
    7.5000   15.0000  -22.5000 2653.3994   14.8805
   -7.5000   22.5000  -22.5000 2703.4814   14.4488
    0.0000   22.5000  -22.5000 2724.0591   14.4447
    7.5000   22.5000  -22.5000 2695.2200   14.5669
   -7.5000   30.0000  -22.5000 2713.7397   14.4719
    0.0000   30.0000  -22.5000 2740.2783   14.4502
    7.5000   30.0000  -22.5000 2710.2832   14.5955
   -7.5000   37.5000  -22.5000 2695.6472   14.8204
    0.0000   37.5000  -22.5000 2721.4128   14.8642
    7.5000   37.5000  -22.5000 2690.4092   14.9921
   -7.5000   45.0000  -22.5000 2649.5522   15.5878
    0.0000   45.0000  -22.5000 2673.9460   15.6092
    7.5000   45.0000  -22.5000 2641.0295   15.7336
   -7.5000   52.5000  -22.5000 2540.5288   16.5981
    0.0000   52.5000  -22.5000 2562.2595   16.5526
    7.5000   52.5000  -22.5000 2533.3384   16.7146
   -7.5000  -37.5000  -15.0000 1840.1068   28.7135
    0.0000  -37.5000  -15.0000 1846.2987   28.3966
    7.5000  -37.5000  -15.0000 1843.5641   28.7621
   -7.5000  -30.0000  -15.0000 1997.2452   24.4340
    0.0000  -30.0000  -15.0000 2007.1768   24.2155
    7.5000  -30.0000  -15.0000 2001.5999   24.5382
   -7.5000  -22.5000  -15.0000 2155.4167   21.1598
    0.0000  -22.5000  -15.0000 2169.0164   21.0071
    7.5000  -22.5000  -15.0000 2159.1504   21.2297
   -7.5000  -15.0000  -15.0000 2309.9016   18.6580
    0.0000  -15.0000  -15.0000 2326.6680   18.5665
    7.5000  -15.0000  -15.0000 2313.3533   18.7550
   -7.5000   -7.5000  -15.0000 2450.9009   16.8386
    0.0000   -7.5000  -15.0000 2469.0779   16.7969
    7.5000   -7.5000  -15.0000 2450.8589   16.9553
   -7.5000    0.0000  -15.0000 2574.7886   15.5439
    0.0000    0.0000  -15.0000 2597.9121   15.5255
    7.5000    0.0000  -15.0000 2574.3438   15.6610
   -7.5000    7.5000  -15.0000 2671.2888   14.6395
    0.0000    7.5000  -15.0000 2698.5347   14.6569
    7.5000    7.5000  -15.0000 2669.7024   14.7666
   -7.5000   15.0000  -15.0000 2740.5029   13.9935
    0.0000   15.0000  -15.0000 2766.7327   14.0226
    7.5000   15.0000  -15.0000 2733.8855   14.1459
   -7.5000   22.5000  -15.0000 2787.9797   13.6937
    0.0000   22.5000  -15.0000 2812.3174   13.7104
    7.5000   22.5000  -15.0000 2780.6191   13.8326
   -7.5000   30.0000  -15.0000 2800.4858   13.7263
    0.0000   30.0000  -15.0000 2833.4080   13.7525
    7.5000   30.0000  -15.0000 2798.9119   13.8778
   -7.5000   37.5000  -15.0000 2779.6628   14.0877
    0.0000   37.5000  -15.0000 2813.6313   14.1520
    7.5000   37.5000  -15.0000 2776.2505   14.2952
   -7.5000   45.0000  -15.0000 2729.6235   14.8173
    0.0000   45.0000  -15.0000 2752.6545   14.8341
    7.5000   45.0000  -15.0000 2721.6697   15.0011
   -7.5000   52.5000  -15.0000 2613.8813   15.8366
    0.0000   52.5000  -15.0000 2630.4172   15.7965
    7.5000   52.5000  -15.0000 2604.7942   15.9871
   -7.5000  -37.5000   -7.5000 1865.6584   27.7781
    0.0000  -37.5000   -7.5000 1876.2908   27.5409
    7.5000  -37.5000   -7.5000 1875.0872   27.8749
   -7.5000  -30.0000   -7.5000 2030.2582   23.7240
    0.0000  -30.0000   -7.5000 2041.7772   23.4566
    7.5000  -30.0000   -7.5000 2036.1669   23.8168
   -7.5000  -22.5000   -7.5000 2193.0942   20.4881
    0.0000  -22.5000   -7.5000 2203.3296   20.2827
    7.5000  -22.5000   -7.5000 2196.4341   20.6054
   -7.5000  -15.0000   -7.5000 2347.7539   18.0164
    0.0000  -15.0000   -7.5000 2357.5005   17.8830
    7.5000  -15.0000   -7.5000 2349.5928   18.1709
   -7.5000   -7.5000   -7.5000 2486.3274   16.2001
    0.0000   -7.5000   -7.5000 2503.1567   16.1204
    7.5000   -7.5000   -7.5000 2487.7573   16.3693
   -7.5000    0.0000   -7.5000 2613.1609   14.9141
    0.0000    0.0000   -7.5000 2635.5112   14.8653
    7.5000    0.0000   -7.5000 2613.5259   15.0653
   -7.5000    7.5000   -7.5000 2724.3879   14.0433
    0.0000    7.5000   -7.5000 2752.2576   14.0123
    7.5000    7.5000   -7.5000 2721.3513   14.1841
   -7.5000   15.0000   -7.5000 2802.1548   13.3909
    0.0000   15.0000   -7.5000 2833.6592   13.3745
    7.5000   15.0000   -7.5000 2794.9478   13.5793
   -7.5000   22.5000   -7.5000 2856.2129   13.0451
    0.0000   22.5000   -7.5000 2882.9834   13.0039
    7.5000   22.5000   -7.5000 2844.3069   13.2271
   -7.5000   30.0000   -7.5000 2872.8145   13.0730
    0.0000   30.0000   -7.5000 2907.9775   13.0889
    7.5000   30.0000   -7.5000 2869.7737   13.2522
   -7.5000   37.5000   -7.5000 2851.2756   13.4650
    0.0000   37.5000   -7.5000 2880.3860   13.4525
    7.5000   37.5000   -7.5000 2844.5708   13.6512
   -7.5000   45.0000   -7.5000 2785.5095   14.1703
    0.0000   45.0000   -7.5000 2806.6477   14.1522
    7.5000   45.0000   -7.5000 2778.6936   14.3235
   -7.5000   52.5000   -7.5000 2657.5007   15.2076
    0.0000   52.5000   -7.5000 2674.3679   15.1589
    7.5000   52.5000   -7.5000 2649.2332   15.3332
   -7.5000  -37.5000    0.0000 1881.3486   27.1057
    0.0000  -37.5000    0.0000 1885.6945   26.8570
    7.5000  -37.5000    0.0000 1890.7146   27.3165
   -7.5000  -30.0000    0.0000 2046.0221   23.1301
    0.0000  -30.0000    0.0000 2058.7200   22.9466
    7.5000  -30.0000    0.0000 2050.6658   23.2835
   -7.5000  -22.5000    0.0000 2208.3984   20.0268
    0.0000  -22.5000    0.0000 2224.4053   19.8524
    7.5000  -22.5000    0.0000 2213.8860   20.2155
   -7.5000  -15.0000    0.0000 2365.9600   17.6552
    0.0000  -15.0000    0.0000 2379.4326   17.4787
    7.5000  -15.0000    0.0000 2373.6162   17.9070
   -7.5000   -7.5000    0.0000 2510.7788   15.8962
    0.0000   -7.5000    0.0000 2522.2395   15.7153
    7.5000   -7.5000    0.0000 2511.8716   16.1040
   -7.5000    0.0000    0.0000 2638.3706   14.6137
    0.0000    0.0000    0.0000 2654.3796   14.4439
    7.5000    0.0000    0.0000 2638.2549   14.7869
   -7.5000    7.5000    0.0000 2756.9004   13.7187
    0.0000    7.5000    0.0000 2774.7393   13.5934
    7.5000    7.5000    0.0000 2751.9407   13.8852
   -7.5000   15.0000    0.0000 2846.4504   13.1235
    0.0000   15.0000    0.0000 2877.0215   13.0104
    7.5000   15.0000    0.0000 2835.8887   13.2654
   -7.5000   22.5000    0.0000 2900.9993   12.6038
    0.0000   22.5000    0.0000 2930.4109   12.4539
    7.5000   22.5000    0.0000 2886.1338   12.8843
   -7.5000   30.0000    0.0000 2919.8584   12.6253
    0.0000   30.0000    0.0000 2945.0356   12.5219
    7.5000   30.0000    0.0000 2911.8071   12.8783
   -7.5000   37.5000    0.0000 2888.7092   13.0715
    0.0000   37.5000    0.0000 2910.5728   13.0027
    7.5000   37.5000    0.0000 2885.1858   13.2790
   -7.5000   45.0000    0.0000 2818.9431   13.8191
    0.0000   45.0000    0.0000 2831.8323   13.7330
    7.5000   45.0000    0.0000 2811.3003   13.9756
   -7.5000   52.5000    0.0000 2687.0979   14.8847
    0.0000   52.5000    0.0000 2697.9199   14.7629
    7.5000   52.5000    0.0000 2678.7378   15.0214
   -7.5000  -37.5000    7.5000 1886.8228   26.9867
    0.0000  -37.5000    7.5000 1888.4825   26.6238
    7.5000  -37.5000    7.5000 1888.5129   27.1969
   -7.5000  -30.0000    7.5000 2057.8254   23.0245
    0.0000  -30.0000    7.5000 2063.6597   22.6620
    7.5000  -30.0000    7.5000 2062.7397   23.1771
   -7.5000  -22.5000    7.5000 2221.5723   19.8989
    0.0000  -22.5000    7.5000 2229.6841   19.5860
    7.5000  -22.5000    7.5000 2227.5164   20.0686
   -7.5000  -15.0000    7.5000 2374.2134   17.5171
    0.0000  -15.0000    7.5000 2381.2825   17.2714
    7.5000  -15.0000    7.5000 2379.0630   17.7277
   -7.5000   -7.5000    7.5000 2517.4248   15.7925
    0.0000   -7.5000    7.5000 2525.9534   15.5615
    7.5000   -7.5000    7.5000 2515.7920   15.9969
   -7.5000    0.0000    7.5000 2648.7498   14.5292
    0.0000    0.0000    7.5000 2656.9175   14.2881
    7.5000    0.0000    7.5000 2642.4180   14.7269
   -7.5000    7.5000    7.5000 2765.5923   13.6128
    0.0000    7.5000    7.5000 2772.6218   13.3759
    7.5000    7.5000    7.5000 2759.0195   13.8018
   -7.5000   15.0000    7.5000 2861.6035   12.9443
    0.0000   15.0000    7.5000 2870.3584   12.6793
    7.5000   15.0000    7.5000 2844.6824   13.1489
   -7.5000   22.5000    7.5000 2921.0933   12.5463
    0.0000   22.5000    7.5000 2926.6724   12.2612
    7.5000   22.5000    7.5000 2901.0088   12.8093
   -7.5000   30.0000    7.5000 2938.8093   12.5615
    0.0000   30.0000    7.5000 2954.8059   12.3566
    7.5000   30.0000    7.5000 2929.8167   12.8287
   -7.5000   37.5000    7.5000 2905.3101   13.0625
    0.0000   37.5000    7.5000 2923.0352   12.9013
    7.5000   37.5000    7.5000 2900.5361   13.2610
   -7.5000   45.0000    7.5000 2827.7764   13.8435
    0.0000   45.0000    7.5000 2849.2363   13.7418
    7.5000   45.0000    7.5000 2819.7371   13.9482
   -7.5000   52.5000    7.5000 2690.5283   14.8899
    0.0000   52.5000    7.5000 2712.5718   14.8025
    7.5000   52.5000    7.5000 2680.8860   14.9490
   -7.5000  -37.5000   15.0000 1878.8040   27.1234
    0.0000  -37.5000   15.0000 1877.6793   26.6631
    7.5000  -37.5000   15.0000 1878.0208   27.1729
   -7.5000  -30.0000   15.0000 2049.3582   23.0625
    0.0000  -30.0000   15.0000 2054.4829   22.7532
    7.5000  -30.0000   15.0000 2053.4482   23.1717
   -7.5000  -22.5000   15.0000 2213.5071   19.9964
    0.0000  -22.5000   15.0000 2225.0188   19.7631
    7.5000  -22.5000   15.0000 2218.7544   20.1588
   -7.5000  -15.0000   15.0000 2371.6335   17.6899
    0.0000  -15.0000   15.0000 2380.4429   17.4435
    7.5000  -15.0000   15.0000 2371.8774   17.9006
   -7.5000   -7.5000   15.0000 2515.7251   15.9770
    0.0000   -7.5000   15.0000 2521.9651   15.6984
    7.5000   -7.5000   15.0000 2511.2004   16.1983
   -7.5000    0.0000   15.0000 2648.4502   14.6942
    0.0000    0.0000   15.0000 2651.3950   14.3919
    7.5000    0.0000   15.0000 2639.4746   14.8971
   -7.5000    7.5000   15.0000 2759.3164   13.7765
    0.0000    7.5000   15.0000 2758.3696   13.4735
    7.5000    7.5000   15.0000 2751.3723   13.9556
   -7.5000   15.0000   15.0000 2841.0549   13.1170
    0.0000   15.0000   15.0000 2841.0745   12.8041
    7.5000   15.0000   15.0000 2828.3982   13.2868
   -7.5000   22.5000   15.0000 2906.0752   12.8002
    0.0000   22.5000   15.0000 2915.5344   12.6266
    7.5000   22.5000   15.0000 2880.9304   12.9331
   -7.5000   30.0000   15.0000 2919.6189   12.9038
    0.0000   30.0000   15.0000 2947.8857   12.8485
    7.5000   30.0000   15.0000 2901.3340   13.0390
   -7.5000   37.5000   15.0000 2880.2078   13.3466
    0.0000   37.5000   15.0000 2913.3799   13.3993
    7.5000   37.5000   15.0000 2867.1155   13.5085
   -7.5000   45.0000   15.0000 2802.5391   14.0930
    0.0000   45.0000   15.0000 2831.3081   14.1468
    7.5000   45.0000   15.0000 2792.0530   14.2019
   -7.5000   52.5000   15.0000 2668.5894   15.0768
    0.0000   52.5000   15.0000 2691.1323   15.0530
    7.5000   52.5000   15.0000 2658.2302   15.1547
   -7.5000  -37.5000   22.5000 1863.6206   27.4596
    0.0000  -37.5000   22.5000 1865.3428   27.1358
    7.5000  -37.5000   22.5000 1864.3074   27.6588
   -7.5000  -30.0000   22.5000 2035.5632   23.4850
    0.0000  -30.0000   22.5000 2046.4338   23.1749
    7.5000  -30.0000   22.5000 2040.8151   23.6595
   -7.5000  -22.5000   22.5000 2204.2449   20.3511
    0.0000  -22.5000   22.5000 2214.3203   20.1055
    7.5000  -22.5000   22.5000 2209.7122   20.5248
   -7.5000  -15.0000   22.5000 2364.6379   18.0128
    0.0000  -15.0000   22.5000 2376.7007   17.8269
    7.5000  -15.0000   22.5000 2361.4993   18.2088
   -7.5000   -7.5000   22.5000 2508.2690   16.3056
    0.0000   -7.5000   22.5000 2522.2410   16.1578
    7.5000   -7.5000   22.5000 2499.6416   16.5000
   -7.5000    0.0000   22.5000 2637.0842   15.0847
    0.0000    0.0000   22.5000 2648.2236   14.9297
    7.5000    0.0000   22.5000 2621.0664   15.2519
   -7.5000    7.5000   22.5000 2741.9038   14.2121
    0.0000    7.5000   22.5000 2745.3064   14.0023
    7.5000    7.5000   22.5000 2722.9851   14.3531
   -7.5000   15.0000   22.5000 2820.8445   13.5978
    0.0000   15.0000   22.5000 2825.9033   13.4050
    7.5000   15.0000   22.5000 2801.9587   13.7270
   -7.5000   22.5000   22.5000 2866.0127   13.3248
    0.0000   22.5000   22.5000 2875.6047   13.1805
    7.5000   22.5000   22.5000 2847.0725   13.4342
   -7.5000   30.0000   22.5000 2865.8535   13.4325
    0.0000   30.0000   22.5000 2887.1921   13.3214
    7.5000   30.0000   22.5000 2853.3513   13.5034
   -7.5000   37.5000   22.5000 2824.9771   13.8289
    0.0000   37.5000   22.5000 2848.3552   13.7893
    7.5000   37.5000   22.5000 2813.9871   13.9426
   -7.5000   45.0000   22.5000 2748.5029   14.5379
    0.0000   45.0000   22.5000 2773.5288   14.5425
    7.5000   45.0000   22.5000 2741.6111   14.6507
   -7.5000   52.5000   22.5000 2619.3135   15.5214
    0.0000   52.5000   22.5000 2640.2583   15.5117
    7.5000   52.5000   22.5000 2613.8794   15.5956
   -7.5000  -37.5000   30.0000 1844.8975   28.0129
    0.0000  -37.5000   30.0000 1849.1846   27.7406
    7.5000  -37.5000   30.0000 1848.0420   28.3177
   -7.5000  -30.0000   30.0000 2016.6500   24.0208
    0.0000  -30.0000   30.0000 2030.3831   23.8270
    7.5000  -30.0000   30.0000 2023.1932   24.2150
   -7.5000  -22.5000   30.0000 2186.4998   20.9490
    0.0000  -22.5000   30.0000 2204.3152   20.8440
    7.5000  -22.5000   30.0000 2188.0481   21.1388
   -7.5000  -15.0000   30.0000 2345.4458   18.6615
    0.0000  -15.0000   30.0000 2366.6562   18.6338
    7.5000  -15.0000   30.0000 2338.3372   18.8498
   -7.5000   -7.5000   30.0000 2486.3484   16.9451
    0.0000   -7.5000   30.0000 2506.2322   16.9277
    7.5000   -7.5000   30.0000 2474.3423   17.1507
   -7.5000    0.0000   30.0000 2605.9529   15.7345
    0.0000    0.0000   30.0000 2621.2104   15.6355
    7.5000    0.0000   30.0000 2588.0022   15.8998
   -7.5000    7.5000   30.0000 2697.8972   14.8628
    0.0000    7.5000   30.0000 2709.9949   14.6928
    7.5000    7.5000   30.0000 2680.8948   15.0100
   -7.5000   15.0000   30.0000 2769.2747   14.2600
    0.0000   15.0000   30.0000 2779.6516   14.1033
    7.5000   15.0000   30.0000 2754.2698   14.3826
   -7.5000   22.5000   30.0000 2799.2546   13.9686
    0.0000   22.5000   30.0000 2812.3638   13.8132
    7.5000   22.5000   30.0000 2790.4099   14.0807
   -7.5000   30.0000   30.0000 2792.7170   14.0544
    0.0000   30.0000   30.0000 2810.6145   13.9132
    7.5000   30.0000   30.0000 2785.0989   14.1444
   -7.5000   37.5000   30.0000 2750.8909   14.4476
    0.0000   37.5000   30.0000 2767.6680   14.3619
    7.5000   37.5000   30.0000 2744.9912   14.5589
   -7.5000   45.0000   30.0000 2678.0974   15.1313
    0.0000   45.0000   30.0000 2699.9556   15.0884
    7.5000   45.0000   30.0000 2670.9197   15.2518
   -7.5000   52.5000   30.0000 2554.2295   16.1427
    0.0000   52.5000   30.0000 2575.9434   16.1157
    7.5000   52.5000   30.0000 2549.2009   16.2197
   -7.5000  -37.5000   37.5000 1821.5258   28.8832
    0.0000  -37.5000   37.5000 1828.4325   28.7427
    7.5000  -37.5000   37.5000 1823.4004   29.2715
   -7.5000  -30.0000   37.5000 1994.0085   24.8495
    0.0000  -30.0000   37.5000 2009.4525   24.7650
    7.5000  -30.0000   37.5000 1996.0251   25.0888
   -7.5000  -22.5000   37.5000 2163.3621   21.8059
    0.0000  -22.5000   37.5000 2182.6350   21.7853
    7.5000  -22.5000   37.5000 2157.4407   22.0082
   -7.5000  -15.0000   37.5000 2313.0320   19.4586
    0.0000  -15.0000   37.5000 2336.3467   19.4700
    7.5000  -15.0000   37.5000 2303.2642   19.6752
   -7.5000   -7.5000   37.5000 2446.5308   17.7313
    0.0000   -7.5000   37.5000 2471.0063   17.7516
    7.5000   -7.5000   37.5000 2434.0430   17.9400
   -7.5000    0.0000   37.5000 2554.2515   16.5357
    0.0000    0.0000   37.5000 2577.0896   16.4644
    7.5000    0.0000   37.5000 2536.7002   16.6835
   -7.5000    7.5000   37.5000 2635.1917   15.6609
    0.0000    7.5000   37.5000 2651.6675   15.5692
    7.5000    7.5000   37.5000 2616.9441   15.8260
   -7.5000   15.0000   37.5000 2694.2844   15.0494
    0.0000   15.0000   37.5000 2705.7363   14.9685
    7.5000   15.0000   37.5000 2681.7810   15.1884
   -7.5000   22.5000   37.5000 2713.9983   14.7450
    0.0000   22.5000   37.5000 2731.0610   14.6272
    7.5000   22.5000   37.5000 2711.3994   14.8889
   -7.5000   30.0000   37.5000 2705.8953   14.7890
    0.0000   30.0000   37.5000 2722.9771   14.6894
    7.5000   30.0000   37.5000 2698.6323   14.9395
   -7.5000   37.5000   37.5000 2669.1758   15.1846
    0.0000   37.5000   37.5000 2687.3723   15.1251
    7.5000   37.5000   37.5000 2660.9326   15.3439
   -7.5000   45.0000   37.5000 2597.7969   15.9091
    0.0000   45.0000   37.5000 2619.9121   15.9151
    7.5000   45.0000   37.5000 2591.2305   16.0738
   -7.5000   52.5000   37.5000 2482.5598   16.9195
    0.0000   52.5000   37.5000 2501.9993   16.9237
    7.5000   52.5000   37.5000 2473.0110   17.0337
   -7.5000  -37.5000   45.0000 1789.4224   30.2422
    0.0000  -37.5000   45.0000 1792.1572   30.0541
    7.5000  -37.5000   45.0000 1787.1211   30.6433
   -7.5000  -30.0000   45.0000 1963.2471   26.1068
    0.0000  -30.0000   45.0000 1972.7321   25.9823
    7.5000  -30.0000   45.0000 1956.8785   26.3843
   -7.5000  -22.5000   45.0000 2126.3330   22.9511
    0.0000  -22.5000   45.0000 2141.7185   22.8947
    7.5000  -22.5000   45.0000 2113.1208   23.1866
   -7.5000  -15.0000   45.0000 2267.5872   20.5557
    0.0000  -15.0000   45.0000 2289.6326   20.5735
    7.5000  -15.0000   45.0000 2253.3418   20.7743
   -7.5000   -7.5000   45.0000 2395.8586   18.7976
    0.0000   -7.5000   45.0000 2416.4976   18.8182
    7.5000   -7.5000   45.0000 2380.0056   19.0043
   -7.5000    0.0000   45.0000 2492.7056   17.5778
    0.0000    0.0000   45.0000 2510.9421   17.5459
    7.5000    0.0000   45.0000 2473.7361   17.7487
   -7.5000    7.5000   45.0000 2558.9824   16.6984
    0.0000    7.5000   45.0000 2572.7458   16.6422
    7.5000    7.5000   45.0000 2542.0935   16.8569
   -7.5000   15.0000   45.0000 2605.2764   16.0992
    0.0000   15.0000   45.0000 2615.6880   16.0151
    7.5000   15.0000   45.0000 2593.7354   16.2291
   -7.5000   22.5000   45.0000 2620.4575   15.7698
    0.0000   22.5000   45.0000 2633.5842   15.6589
    7.5000   22.5000   45.0000 2617.2249   15.9009
   -7.5000   30.0000   45.0000 2612.9543   15.7721
    0.0000   30.0000   45.0000 2622.7964   15.6790
    7.5000   30.0000   45.0000 2603.9390   15.9029
   -7.5000   37.5000   45.0000 2578.0864   16.1586
    0.0000   37.5000   45.0000 2596.3003   16.1049
    7.5000   37.5000   45.0000 2568.2920   16.3072
   -7.5000   45.0000   45.0000 2510.7888   16.9007
    0.0000   45.0000   45.0000 2527.8584   16.9139
    7.5000   45.0000   45.0000 2503.0046   17.0691
   -7.5000   52.5000   45.0000 2397.9233   17.9515
    0.0000   52.5000   45.0000 2412.0488   17.9202
    7.5000   52.5000   45.0000 2392.1921   18.0599

---------------------------------------------------------------------
imgreg_4dfp /opt/freesurfer/average/711-2C_as_mni_average_305 /opt/freesurfer/average/711-2B_as_mni_average_305_mask talsrcimg_g11 none talsrcimg_to_711-2C_as_mni_average_305_t4 1283
---------------------------------------------------------------------

freesurfer imgreg_4dfp.c
/opt/freesurfer/average/711-2C_as_mni_average_305.4dfp.img
       256       256       256         1
  1.000000  1.000000  1.000000
orientation T byte_order littleendian
Reading image: /opt/freesurfer/average/711-2C_as_mni_average_305.4dfp.img
dimensions:      256       256       256
mmppix:       1.0000   -1.0000   -1.0000
center:     128.0000 -129.0000 -129.0000
/opt/freesurfer/average/711-2B_as_mni_average_305_mask.4dfp.img
       256       256       256         1
  1.000000  1.000000  1.000000
orientation T byte_order littleendian
Reading mask: /opt/freesurfer/average/711-2B_as_mni_average_305_mask.4dfp.img (2306576 pixels)
talsrcimg_g11.4dfp.img
       256       256       256         1
  1.000000  1.000000  1.000000
orientation T byte_order littleendian
Reading image: talsrcimg_g11.4dfp.img
dimensions:      256       256       256
mmppix:       1.0000   -1.0000   -1.0000
center:     128.0000 -129.0000 -129.0000
rotation matrix determinant  1.000000
fimgreg.f
image alignment mode   1283 decimal      503 hex
parameters
    0.0000   30.0000    7.5000    0.0000    0.0000    0.0000
eta,q 0.92668 12.26710
niter,ni,del,rscale     5    3   12.0000    1.2000
parameter  3 -0.296466 ->  0.500000 qaram    1.1500
parameters
    0.1649   29.9974    4.0500    1.8520    2.8818   -1.9598
eta,q 0.92885 12.27957
  0.0779  0.0811  0.0701  0.0786  0.0789  0.0715
  0.0774  0.0767  0.0707  0.0754  0.0756  0.0714
  0.0757  0.0737  0.0729  0.0725  0.0729  0.0712
  0.0745  0.0743  0.0743  0.0716  0.0717  0.0712
  0.0762  0.0761  0.0735  0.0718  0.0713  0.0715
  0.0767  0.0785  0.0730  0.0726  0.0712  0.0721
  0.0778  0.0792  0.0728  0.0729  0.0717  0.0729
niter,ni,del,rscale     5    3   12.0000    1.2000
parameters
   -0.0101   27.4588    4.0686    3.9119    3.1717   -2.0382
eta,q 0.93008 12.15697
  0.0791  0.0725  0.0745  0.0768  0.0742  0.0710
  0.0769  0.0690  0.0726  0.0737  0.0717  0.0706
  0.0719  0.0694  0.0700  0.0705  0.0704  0.0705
  0.0712  0.0711  0.0690  0.0690  0.0700  0.0699
  0.0727  0.0733  0.0701  0.0700  0.0701  0.0702
  0.0764  0.0760  0.0725  0.0703  0.0713  0.0708
  0.0808  0.0786  0.0745  0.0704  0.0733  0.0710
niter,ni,del,rscale     4    3   12.0000    1.2000
parameters
    0.0495   25.9947    4.0281    5.9263    2.7307   -1.7449
eta,q 0.92985 12.07605
  0.0777  0.0729  0.0731  0.0764  0.0721  0.0711
  0.0756  0.0679  0.0725  0.0731  0.0704  0.0704
  0.0707  0.0688  0.0713  0.0689  0.0700  0.0705
  0.0699  0.0700  0.0692  0.0692  0.0701  0.0702
  0.0715  0.0714  0.0687  0.0701  0.0702  0.0703
  0.0742  0.0731  0.0719  0.0706  0.0712  0.0707
  0.0779  0.0742  0.0745  0.0696  0.0726  0.0708
niter,ni,del,rscale     3    3   12.0000    1.2000
parameters
    0.3480   25.8210    4.8197    8.2916    2.3701   -1.4658
eta,q 0.93052 12.09281
  0.0759  0.0744  0.0737  0.0738  0.0717  0.0704
  0.0741  0.0683  0.0726  0.0693  0.0698  0.0702
  0.0703  0.0701  0.0724  0.0688  0.0694  0.0700
  0.0702  0.0703  0.0703  0.0690  0.0696  0.0695
  0.0710  0.0709  0.0681  0.0695  0.0696  0.0695
  0.0721  0.0723  0.0708  0.0690  0.0706  0.0698
  0.0753  0.0720  0.0737  0.0684  0.0720  0.0705
niter,ni,del,rscale     2    3   12.0000    1.2000
parameters
    0.7380   26.4461    5.8723    7.8156    2.9261   -0.2464
eta,q 0.93184 12.13249
  0.0754  0.0753  0.0737  0.0699  0.0717  0.0694
  0.0741  0.0710  0.0726  0.0692  0.0696  0.0694
  0.0701  0.0701  0.0728  0.0683  0.0689  0.0690
  0.0695  0.0696  0.0695  0.0686  0.0685  0.0683
  0.0698  0.0692  0.0689  0.0679  0.0684  0.0681
  0.0715  0.0693  0.0711  0.0692  0.0693  0.0683
  0.0749  0.0734  0.0729  0.0713  0.0705  0.0693
niter,ni,del,rscale     1    3   12.0000    1.2000
parameters
    0.9048   26.5481    5.5866    8.4993    2.8437   -0.4477
eta,q 0.93176 12.16035
  0.0751  0.0736  0.0728  0.0703  0.0713  0.0696
  0.0721  0.0699  0.0729  0.0697  0.0698  0.0692
  0.0686  0.0687  0.0713  0.0685  0.0690  0.0687
  0.0682  0.0681  0.0681  0.0683  0.0682  0.0682
  0.0686  0.0682  0.0698  0.0677  0.0688  0.0680
  0.0707  0.0694  0.0726  0.0679  0.0701  0.0688
  0.0748  0.0736  0.0746  0.0702  0.0714  0.0705
registration optimization eta report
parameter search radius
    6.0000    6.0000    6.9000    6.0000    6.0000    6.0000
100000*second partial in parameter space
       19.       16.        9.        6.        8.        5.
  0.0751  0.0736  0.0728  0.0703  0.0713  0.0696
  0.0721  0.0699  0.0729  0.0697  0.0698  0.0692
  0.0686  0.0687  0.0713  0.0685  0.0690  0.0687
  0.0682  0.0681  0.0681  0.0683  0.0682  0.0682
  0.0686  0.0682  0.0698  0.0677  0.0688  0.0680
  0.0707  0.0694  0.0726  0.0679  0.0701  0.0688
  0.0748  0.0736  0.0746  0.0702  0.0714  0.0705
    0.9048   26.5481    5.5866    8.4993    2.8437   -0.4477
eta,q 0.93176 12.16035

---------------------------------------------------------------------
imgreg_4dfp /opt/freesurfer/average/711-2C_as_mni_average_305 /opt/freesurfer/average/711-2B_as_mni_average_305_mask talsrcimg_g11 none talsrcimg_to_711-2C_as_mni_average_305_t4 3335
---------------------------------------------------------------------

freesurfer imgreg_4dfp.c
/opt/freesurfer/average/711-2C_as_mni_average_305.4dfp.img
       256       256       256         1
  1.000000  1.000000  1.000000
orientation T byte_order littleendian
Reading image: /opt/freesurfer/average/711-2C_as_mni_average_305.4dfp.img
dimensions:      256       256       256
mmppix:       1.0000   -1.0000   -1.0000
center:     128.0000 -129.0000 -129.0000
/opt/freesurfer/average/711-2B_as_mni_average_305_mask.4dfp.img
       256       256       256         1
  1.000000  1.000000  1.000000
orientation T byte_order littleendian
Reading mask: /opt/freesurfer/average/711-2B_as_mni_average_305_mask.4dfp.img (2306576 pixels)
talsrcimg_g11.4dfp.img
       256       256       256         1
  1.000000  1.000000  1.000000
orientation T byte_order littleendian
Reading image: talsrcimg_g11.4dfp.img
dimensions:      256       256       256
mmppix:       1.0000   -1.0000   -1.0000
center:     128.0000 -129.0000 -129.0000
fimgreg.f
image alignment mode   3335 decimal      D07 hex
parameters
    0.9048   26.5481    5.5866   -0.1262   -1.0955   -1.2200
    0.0397   -5.0220   -0.7805  -14.7410    4.9611   14.7616
eta,q 0.93295 12.13333
niter,ni,del,rscale     5    3    5.0000    1.2000
parameter  3 -2.579340 -> -0.500000 qaram    1.1500
parameter  4 15.267479 ->  0.500000 qaram    1.1500
parameter  5  3.693539 ->  0.500000 qaram    1.1500
parameter  6-80.834778 ->  0.500000 qaram    1.1500
parameter  8 -0.677926 -> -0.500000 qaram    1.1500
parameter 10  0.729970 ->  0.500000 qaram    1.1500
parameter 12  3.175085 ->  0.500000 qaram    1.1500
parameters
    0.1821   26.3419    6.9666   -4.2662   -5.2355   -5.3600
    0.1269   -0.8820   -0.5525  -18.8810    4.2053   10.6216
eta,q 0.95803 11.63564
  0.0675  0.0677  0.0680  0.0557  0.0512  0.0434  0.0483  0.0511  0.0478  0.0457  0.0468  0.0403
  0.0672  0.0671  0.0676  0.0590  0.0538  0.0465  0.0478  0.0497  0.0471  0.0453  0.0461  0.0416
  0.0670  0.0670  0.0673  0.0627  0.0568  0.0505  0.0475  0.0486  0.0466  0.0456  0.0455  0.0433
  0.0670  0.0670  0.0669  0.0664  0.0601  0.0545  0.0475  0.0475  0.0464  0.0464  0.0454  0.0454
  0.0674  0.0671  0.0666  0.0704  0.0633  0.0584  0.0476  0.0467  0.0466  0.0480  0.0457  0.0477
  0.0681  0.0673  0.0664  0.0741  0.0670  0.0617  0.0478  0.0464  0.0470  0.0495  0.0465  0.0501
  0.0690  0.0680  0.0662  0.0780  0.0715  0.0654  0.0482  0.0471  0.0476  0.0514  0.0477  0.0524
niter,ni,del,rscale     7    3    5.0000    1.2000
parameter  1  0.636588 ->  0.500000 qaram    1.1500
parameter  4  1.498383 ->  0.500000 qaram    1.3225
parameter  5  2.760616 ->  0.500000 qaram    1.3225
parameter  6  0.529108 ->  0.500000 qaram    1.3225
parameter 10 -0.506985 -> -0.500000 qaram    1.3225
parameter 12  0.830506 ->  0.500000 qaram    1.3225
parameters
   -1.1979   25.9412    7.4986   -9.0272   -9.9965  -10.1210
   -0.9737   -2.8551   -3.0543  -14.1200    4.4956    5.8606
eta,q 0.97536 11.33565
  0.0414  0.0421  0.0451  0.0321  0.0248  0.0277  0.0293  0.0304  0.0277  0.0342  0.0277  0.0246
  0.0408  0.0413  0.0430  0.0329  0.0275  0.0275  0.0282  0.0278  0.0269  0.0313  0.0267  0.0246
  0.0410  0.0408  0.0415  0.0358  0.0306  0.0278  0.0276  0.0270  0.0267  0.0287  0.0260  0.0250
  0.0420  0.0408  0.0407  0.0406  0.0335  0.0284  0.0276  0.0275  0.0270  0.0267  0.0258  0.0258
  0.0437  0.0413  0.0407  0.0472  0.0374  0.0313  0.0281  0.0291  0.0277  0.0259  0.0260  0.0270
  0.0459  0.0422  0.0414  0.0534  0.0417  0.0376  0.0292  0.0315  0.0289  0.0259  0.0265  0.0287
  0.0482  0.0433  0.0426  0.0590  0.0464  0.0444  0.0308  0.0351  0.0305  0.0269  0.0274  0.0306
niter,ni,del,rscale     7    3    5.0000    1.2000
parameter  2  0.508233 ->  0.500000 qaram    1.1500
parameter  5  0.564004 ->  0.500000 qaram    1.5209
parameters
   -1.6067   24.5612    6.8060  -11.9688  -15.4716   -9.6657
    0.7644   -3.7812   -3.4269  -15.8439    5.2051    5.5068
eta,q 0.97820 11.14153
  0.0279  0.0246  0.0247  0.0266  0.0235  0.0253  0.0255  0.0255  0.0233  0.0252  0.0226  0.0232
  0.0257  0.0238  0.0240  0.0251  0.0226  0.0241  0.0241  0.0231  0.0226  0.0227  0.0222  0.0224
  0.0246  0.0238  0.0237  0.0238  0.0227  0.0231  0.0231  0.0222  0.0222  0.0218  0.0219  0.0219
  0.0246  0.0245  0.0238  0.0237  0.0237  0.0225  0.0224  0.0223  0.0221  0.0221  0.0218  0.0218
  0.0257  0.0256  0.0242  0.0260  0.0271  0.0219  0.0223  0.0232  0.0223  0.0234  0.0218  0.0220
  0.0277  0.0269  0.0252  0.0312  0.0315  0.0219  0.0227  0.0246  0.0228  0.0252  0.0220  0.0225
  0.0304  0.0286  0.0266  0.0380  0.0357  0.0261  0.0236  0.0269  0.0236  0.0280  0.0224  0.0234
niter,ni,del,rscale     7    3    5.0000    1.2000
parameters
   -1.5344   25.1376    7.9607  -11.8417  -16.4527   -8.6189
    0.8294   -3.9678   -3.6032  -15.2233    4.5577    5.7575
eta,q 0.97866 11.14566
  0.0255  0.0256  0.0240  0.0263  0.0265  0.0247  0.0238  0.0257  0.0228  0.0266  0.0222  0.0231
  0.0236  0.0238  0.0230  0.0246  0.0243  0.0234  0.0225  0.0230  0.0220  0.0234  0.0217  0.0222
  0.0223  0.0225  0.0222  0.0229  0.0225  0.0223  0.0217  0.0216  0.0215  0.0218  0.0214  0.0216
  0.0218  0.0218  0.0217  0.0214  0.0213  0.0215  0.0214  0.0214  0.0214  0.0214  0.0214  0.0213
  0.0221  0.0217  0.0214  0.0210  0.0221  0.0212  0.0216  0.0221  0.0216  0.0218  0.0215  0.0215
  0.0233  0.0222  0.0215  0.0229  0.0252  0.0212  0.0224  0.0237  0.0221  0.0231  0.0219  0.0220
  0.0252  0.0234  0.0219  0.0276  0.0298  0.0244  0.0237  0.0257  0.0229  0.0250  0.0226  0.0230
niter,ni,del,rscale     6    3    5.0000    1.2000
parameters
   -1.5639   25.0835    7.9437  -11.7008  -16.6499   -9.1622
    0.7571   -3.8708   -3.5099  -15.3604    4.6456    6.1071
eta,q 0.97858 11.12485
  0.0250  0.0238  0.0229  0.0264  0.0269  0.0243  0.0237  0.0261  0.0229  0.0257  0.0224  0.0232
  0.0230  0.0224  0.0221  0.0247  0.0246  0.0230  0.0225  0.0232  0.0221  0.0229  0.0219  0.0223
  0.0218  0.0216  0.0216  0.0230  0.0227  0.0220  0.0217  0.0218  0.0216  0.0217  0.0216  0.0217
  0.0213  0.0213  0.0213  0.0213  0.0213  0.0213  0.0214  0.0214  0.0214  0.0214  0.0214  0.0214
  0.0218  0.0217  0.0215  0.0210  0.0215  0.0211  0.0217  0.0221  0.0216  0.0221  0.0215  0.0215
  0.0231  0.0226  0.0220  0.0228  0.0239  0.0219  0.0225  0.0235  0.0221  0.0236  0.0218  0.0221
  0.0252  0.0240  0.0231  0.0278  0.0284  0.0269  0.0238  0.0255  0.0228  0.0255  0.0224  0.0230
niter,ni,del,rscale     5    3    5.0000    1.2000
parameters
   -1.5774   25.0496    8.0357  -11.6654  -16.6963   -9.0968
    0.7449   -3.8823   -3.5191  -15.4438    4.6430    6.2049
eta,q 0.97861 11.12643
  0.0251  0.0239  0.0231  0.0264  0.0270  0.0245  0.0237  0.0260  0.0229  0.0257  0.0224  0.0231
  0.0231  0.0225  0.0223  0.0247  0.0247  0.0232  0.0225  0.0231  0.0220  0.0229  0.0219  0.0223
  0.0219  0.0216  0.0217  0.0230  0.0228  0.0222  0.0217  0.0217  0.0216  0.0217  0.0215  0.0217
  0.0214  0.0214  0.0214  0.0214  0.0214  0.0214  0.0214  0.0214  0.0214  0.0214  0.0214  0.0214
  0.0219  0.0218  0.0215  0.0211  0.0215  0.0211  0.0217  0.0221  0.0216  0.0220  0.0215  0.0215
  0.0232  0.0226  0.0220  0.0230  0.0238  0.0216  0.0225  0.0236  0.0221  0.0235  0.0218  0.0221
  0.0252  0.0240  0.0230  0.0279  0.0282  0.0258  0.0238  0.0256  0.0228  0.0255  0.0224  0.0231
niter,ni,del,rscale     4    3    5.0000    1.2000
parameters
   -1.5859   25.0151    8.0489  -11.6676  -16.7070   -9.1302
    0.7414   -3.8905   -3.5250  -15.4959    4.6588    6.2793
eta,q 0.97861 11.12528
  0.0251  0.0239  0.0230  0.0263  0.0270  0.0244  0.0237  0.0260  0.0229  0.0258  0.0224  0.0231
  0.0231  0.0225  0.0222  0.0246  0.0247  0.0232  0.0225  0.0232  0.0220  0.0229  0.0219  0.0223
  0.0218  0.0216  0.0216  0.0230  0.0228  0.0221  0.0217  0.0217  0.0216  0.0217  0.0215  0.0217
  0.0214  0.0214  0.0214  0.0214  0.0214  0.0214  0.0214  0.0214  0.0214  0.0214  0.0214  0.0214
  0.0218  0.0217  0.0215  0.0211  0.0215  0.0211  0.0217  0.0221  0.0216  0.0220  0.0215  0.0216
  0.0232  0.0226  0.0221  0.0231  0.0238  0.0216  0.0225  0.0236  0.0221  0.0235  0.0218  0.0221
  0.0252  0.0239  0.0231  0.0280  0.0282  0.0259  0.0238  0.0256  0.0229  0.0255  0.0224  0.0231
niter,ni,del,rscale     3    3    5.0000    1.2000
parameters
   -1.5890   24.9988    8.0614  -11.6700  -16.7129   -9.1299
    0.7445   -3.8969   -3.5298  -15.5228    4.6681    6.3123
eta,q 0.97861 11.12519
  0.0252  0.0239  0.0230  0.0263  0.0270  0.0244  0.0238  0.0260  0.0229  0.0258  0.0224  0.0231
  0.0231  0.0225  0.0222  0.0246  0.0248  0.0232  0.0225  0.0232  0.0220  0.0230  0.0219  0.0222
  0.0218  0.0216  0.0216  0.0230  0.0228  0.0222  0.0217  0.0217  0.0216  0.0217  0.0215  0.0216
  0.0214  0.0214  0.0214  0.0214  0.0214  0.0214  0.0214  0.0214  0.0214  0.0214  0.0214  0.0214
  0.0218  0.0217  0.0215  0.0211  0.0215  0.0211  0.0217  0.0221  0.0216  0.0220  0.0215  0.0216
  0.0231  0.0226  0.0221  0.0231  0.0238  0.0216  0.0225  0.0236  0.0221  0.0235  0.0218  0.0221
  0.0252  0.0239  0.0231  0.0280  0.0282  0.0258  0.0238  0.0256  0.0229  0.0255  0.0224  0.0231
registration optimization eta report
parameter search radius
    2.7600    2.7600    2.7600    9.5220   10.9503    9.5220
    7.2000    8.2800    7.2000    9.5220    7.2000    9.5220
100000*second partial in parameter space
       49.       33.       22.        6.        5.        4.
        5.        6.        3.        5.        2.        2.
  0.0252  0.0239  0.0230  0.0263  0.0270  0.0244  0.0238  0.0260  0.0229  0.0258  0.0224  0.0231
  0.0231  0.0225  0.0222  0.0246  0.0248  0.0232  0.0225  0.0232  0.0220  0.0230  0.0219  0.0222
  0.0218  0.0216  0.0216  0.0230  0.0228  0.0222  0.0217  0.0217  0.0216  0.0217  0.0215  0.0216
  0.0214  0.0214  0.0214  0.0214  0.0214  0.0214  0.0214  0.0214  0.0214  0.0214  0.0214  0.0214
  0.0218  0.0217  0.0215  0.0211  0.0215  0.0211  0.0217  0.0221  0.0216  0.0220  0.0215  0.0216
  0.0231  0.0226  0.0221  0.0231  0.0238  0.0216  0.0225  0.0236  0.0221  0.0235  0.0218  0.0221
  0.0252  0.0239  0.0231  0.0280  0.0282  0.0258  0.0238  0.0256  0.0229  0.0255  0.0224  0.0231
   -1.5890   24.9988    8.0614  -11.6700  -16.7129   -9.1299
    0.7445   -3.8969   -3.5298  -15.5228    4.6681    6.3123
eta,q 0.97861 11.12519

---------------------------------------------------------------------
imgreg_4dfp /opt/freesurfer/average/711-2C_as_mni_average_305 /opt/freesurfer/average/711-2B_as_mni_average_305_mask talsrcimg_g11 none talsrcimg_to_711-2C_as_mni_average_305_t4 2311
---------------------------------------------------------------------

freesurfer imgreg_4dfp.c
/opt/freesurfer/average/711-2C_as_mni_average_305.4dfp.img
       256       256       256         1
  1.000000  1.000000  1.000000
orientation T byte_order littleendian
Reading image: /opt/freesurfer/average/711-2C_as_mni_average_305.4dfp.img
dimensions:      256       256       256
mmppix:       1.0000   -1.0000   -1.0000
center:     128.0000 -129.0000 -129.0000
/opt/freesurfer/average/711-2B_as_mni_average_305_mask.4dfp.img
       256       256       256         1
  1.000000  1.000000  1.000000
orientation T byte_order littleendian
Reading mask: /opt/freesurfer/average/711-2B_as_mni_average_305_mask.4dfp.img (2306576 pixels)
talsrcimg_g11.4dfp.img
       256       256       256         1
  1.000000  1.000000  1.000000
orientation T byte_order littleendian
Reading image: talsrcimg_g11.4dfp.img
dimensions:      256       256       256
mmppix:       1.0000   -1.0000   -1.0000
center:     128.0000 -129.0000 -129.0000
fimgreg.f
image alignment mode   2311 decimal      907 hex
parameters
   -1.5890   24.9988    8.0614  -11.6700  -16.7129   -9.1299
    0.7445   -3.8969   -3.5298  -15.5228    4.6681    6.3123
eta,q 0.97860 11.12518
niter,ni,del,rscale     5    3    5.0000    0.8000
parameter  6 -0.591816 -> -0.500000 qaram    1.1500
parameters
   -1.5834   24.9430    8.1766   -9.7892  -15.7989   -6.3699
    0.8731   -3.6638   -3.3923  -15.7230    4.4252    5.7299
eta,q 0.97941 11.28289
  0.0227  0.0222  0.0220  0.0238  0.0228  0.0221  0.0222  0.0231  0.0216  0.0219  0.0212  0.0210
  0.0220  0.0217  0.0217  0.0230  0.0221  0.0216  0.0213  0.0216  0.0211  0.0212  0.0208  0.0208
  0.0215  0.0215  0.0215  0.0221  0.0215  0.0211  0.0208  0.0208  0.0207  0.0207  0.0206  0.0206
  0.0214  0.0214  0.0214  0.0214  0.0210  0.0208  0.0206  0.0206  0.0206  0.0206  0.0206  0.0206
  0.0215  0.0215  0.0214  0.0210  0.0208  0.0206  0.0207  0.0209  0.0207  0.0208  0.0207  0.0207
  0.0220  0.0218  0.0216  0.0211  0.0211  0.0206  0.0212  0.0215  0.0210  0.0214  0.0210  0.0209
  0.0227  0.0223  0.0219  0.0219  0.0220  0.0207  0.0220  0.0225  0.0215  0.0222  0.0213  0.0214
niter,ni,del,rscale     5    3    5.0000    0.8000
parameter  3  0.542898 ->  0.500000 qaram    1.1500
parameters
   -1.6892   24.8630    7.2566  -10.0804  -15.3018   -7.1974
    0.8676   -3.7407   -3.2771  -15.5611    4.7814    5.7055
eta,q 0.97951 11.28821
  0.0221  0.0216  0.0205  0.0225  0.0224  0.0215  0.0220  0.0226  0.0215  0.0222  0.0211  0.0210
  0.0212  0.0210  0.0204  0.0216  0.0216  0.0210  0.0212  0.0213  0.0210  0.0212  0.0208  0.0207
  0.0207  0.0207  0.0204  0.0208  0.0209  0.0207  0.0207  0.0206  0.0206  0.0207  0.0206  0.0205
  0.0206  0.0206  0.0206  0.0204  0.0204  0.0203  0.0205  0.0205  0.0205  0.0205  0.0205  0.0205
  0.0209  0.0208  0.0209  0.0207  0.0204  0.0201  0.0207  0.0208  0.0206  0.0207  0.0205  0.0205
  0.0216  0.0212  0.0214  0.0217  0.0209  0.0211  0.0212  0.0215  0.0209  0.0212  0.0207  0.0207
  0.0226  0.0218  0.0220  0.0234  0.0220  0.0239  0.0220  0.0226  0.0214  0.0219  0.0210  0.0210
niter,ni,del,rscale     5    3    5.0000    0.8000
parameters
   -1.6976   25.0334    7.3996  -10.1527  -15.3020   -7.1407
    0.8076   -3.8254   -3.3179  -15.4067    4.7361    5.4598
eta,q 0.97955 11.28447
  0.0222  0.0218  0.0213  0.0226  0.0222  0.0217  0.0219  0.0225  0.0214  0.0221  0.0210  0.0209
  0.0212  0.0212  0.0209  0.0217  0.0215  0.0212  0.0211  0.0212  0.0209  0.0212  0.0207  0.0207
  0.0207  0.0207  0.0206  0.0209  0.0209  0.0208  0.0206  0.0206  0.0206  0.0206  0.0205  0.0205
  0.0205  0.0205  0.0205  0.0205  0.0205  0.0205  0.0205  0.0205  0.0204  0.0204  0.0204  0.0204
  0.0207  0.0205  0.0205  0.0207  0.0206  0.0202  0.0206  0.0208  0.0206  0.0206  0.0205  0.0205
  0.0213  0.0208  0.0207  0.0215  0.0213  0.0204  0.0212  0.0215  0.0209  0.0211  0.0207  0.0207
  0.0222  0.0214  0.0211  0.0230  0.0225  0.0223  0.0220  0.0225  0.0214  0.0218  0.0210  0.0210
niter,ni,del,rscale     4    3    5.0000    0.7000
parameters
   -1.6836   25.0701    7.3974  -10.0542  -15.2123   -6.6454
    0.8493   -3.7905   -3.2899  -15.3568    4.7439    5.3439
eta,q 0.97964 11.30360
  0.0218  0.0214  0.0210  0.0223  0.0219  0.0214  0.0216  0.0221  0.0211  0.0217  0.0208  0.0208
  0.0211  0.0209  0.0207  0.0215  0.0213  0.0210  0.0209  0.0210  0.0207  0.0209  0.0206  0.0205
  0.0206  0.0206  0.0205  0.0208  0.0208  0.0207  0.0205  0.0205  0.0205  0.0205  0.0204  0.0204
  0.0205  0.0204  0.0205  0.0205  0.0204  0.0204  0.0204  0.0204  0.0204  0.0204  0.0204  0.0204
  0.0206  0.0205  0.0205  0.0206  0.0205  0.0202  0.0205  0.0206  0.0204  0.0205  0.0204  0.0204
  0.0210  0.0208  0.0207  0.0212  0.0211  0.0202  0.0209  0.0211  0.0207  0.0209  0.0206  0.0206
  0.0217  0.0213  0.0211  0.0223  0.0220  0.0214  0.0215  0.0219  0.0211  0.0215  0.0208  0.0208
niter,ni,del,rscale     3    3    5.0000    0.6000
parameters
   -1.7008   25.0771    7.2425   -9.9606  -15.0999   -6.3315
    0.9008   -3.7559   -3.2405  -15.3290    4.8649    5.2883
eta,q 0.97971 11.31979
  0.0213  0.0210  0.0207  0.0219  0.0216  0.0212  0.0212  0.0217  0.0209  0.0213  0.0207  0.0206
  0.0208  0.0207  0.0205  0.0212  0.0211  0.0209  0.0207  0.0208  0.0206  0.0207  0.0205  0.0204
  0.0205  0.0204  0.0204  0.0206  0.0206  0.0206  0.0204  0.0204  0.0204  0.0204  0.0203  0.0203
  0.0204  0.0204  0.0204  0.0204  0.0203  0.0203  0.0203  0.0203  0.0203  0.0203  0.0203  0.0203
  0.0205  0.0204  0.0204  0.0205  0.0204  0.0201  0.0204  0.0205  0.0203  0.0204  0.0203  0.0203
  0.0208  0.0206  0.0206  0.0210  0.0208  0.0202  0.0207  0.0209  0.0205  0.0208  0.0204  0.0204
  0.0214  0.0210  0.0209  0.0218  0.0216  0.0213  0.0212  0.0215  0.0209  0.0212  0.0206  0.0206
niter,ni,del,rscale     2    3    5.0000    0.5000
parameters
   -1.7273   25.0942    7.1263   -9.8933  -15.0319   -5.9042
    0.9616   -3.7306   -3.2121  -15.3350    5.0169    5.1950
eta,q 0.97981 11.33440
  0.0210  0.0208  0.0206  0.0214  0.0212  0.0210  0.0209  0.0212  0.0206  0.0210  0.0205  0.0204
  0.0206  0.0205  0.0204  0.0209  0.0208  0.0207  0.0205  0.0206  0.0204  0.0205  0.0203  0.0203
  0.0204  0.0204  0.0203  0.0205  0.0204  0.0205  0.0203  0.0203  0.0202  0.0203  0.0202  0.0202
  0.0203  0.0203  0.0203  0.0203  0.0203  0.0203  0.0202  0.0202  0.0202  0.0202  0.0202  0.0202
  0.0204  0.0203  0.0203  0.0204  0.0203  0.0201  0.0203  0.0203  0.0202  0.0203  0.0202  0.0202
  0.0206  0.0205  0.0205  0.0207  0.0207  0.0202  0.0205  0.0206  0.0204  0.0206  0.0203  0.0203
  0.0210  0.0208  0.0207  0.0214  0.0212  0.0209  0.0208  0.0211  0.0206  0.0209  0.0204  0.0205
niter,ni,del,rscale     1    3    5.0000    0.4000
parameters
   -1.7571   25.1019    7.0104   -9.8542  -15.0007   -5.5414
    1.0093   -3.7304   -3.1941  -15.3508    5.1744    5.0862
eta,q 0.97988 11.34364
  0.0206  0.0205  0.0204  0.0210  0.0208  0.0208  0.0206  0.0208  0.0204  0.0207  0.0203  0.0203
  0.0204  0.0203  0.0203  0.0206  0.0205  0.0206  0.0203  0.0204  0.0202  0.0204  0.0202  0.0202
  0.0202  0.0202  0.0202  0.0203  0.0203  0.0204  0.0202  0.0202  0.0202  0.0202  0.0201  0.0201
  0.0202  0.0202  0.0202  0.0202  0.0202  0.0202  0.0201  0.0201  0.0201  0.0201  0.0201  0.0201
  0.0202  0.0202  0.0202  0.0202  0.0202  0.0201  0.0202  0.0202  0.0201  0.0202  0.0201  0.0201
  0.0204  0.0203  0.0203  0.0205  0.0205  0.0202  0.0203  0.0204  0.0202  0.0204  0.0202  0.0202
  0.0207  0.0205  0.0205  0.0210  0.0208  0.0207  0.0205  0.0208  0.0204  0.0207  0.0203  0.0203
registration optimization eta report
parameter search radius
    0.8000    0.8000    0.9200    2.4000    2.4000    2.7600
    2.4000    2.4000    2.4000    2.4000    2.4000    2.4000
100000*second partial in parameter space
       72.       49.       27.       13.       11.        7.
        8.       12.        5.       10.        3.        3.
  0.0206  0.0205  0.0204  0.0210  0.0208  0.0208  0.0206  0.0208  0.0204  0.0207  0.0203  0.0203
  0.0204  0.0203  0.0203  0.0206  0.0205  0.0206  0.0203  0.0204  0.0202  0.0204  0.0202  0.0202
  0.0202  0.0202  0.0202  0.0203  0.0203  0.0204  0.0202  0.0202  0.0202  0.0202  0.0201  0.0201
  0.0202  0.0202  0.0202  0.0202  0.0202  0.0202  0.0201  0.0201  0.0201  0.0201  0.0201  0.0201
  0.0202  0.0202  0.0202  0.0202  0.0202  0.0201  0.0202  0.0202  0.0201  0.0202  0.0201  0.0201
  0.0204  0.0203  0.0203  0.0205  0.0205  0.0202  0.0203  0.0204  0.0202  0.0204  0.0202  0.0202
  0.0207  0.0205  0.0205  0.0210  0.0208  0.0207  0.0205  0.0208  0.0204  0.0207  0.0203  0.0203
   -1.7571   25.1019    7.0104   -9.8542  -15.0007   -5.5414
    1.0093   -3.7304   -3.1941  -15.3508    5.1744    5.0862
eta,q 0.97988 11.34364

---------------------------------------------------------------------
imgreg_4dfp /opt/freesurfer/average/711-2C_as_mni_average_305 /opt/freesurfer/average/711-2B_as_mni_average_305_mask talsrcimg_g11 none talsrcimg_to_711-2C_as_mni_average_305_t4 2311
---------------------------------------------------------------------

freesurfer imgreg_4dfp.c
/opt/freesurfer/average/711-2C_as_mni_average_305.4dfp.img
       256       256       256         1
  1.000000  1.000000  1.000000
orientation T byte_order littleendian
Reading image: /opt/freesurfer/average/711-2C_as_mni_average_305.4dfp.img
dimensions:      256       256       256
mmppix:       1.0000   -1.0000   -1.0000
center:     128.0000 -129.0000 -129.0000
/opt/freesurfer/average/711-2B_as_mni_average_305_mask.4dfp.img
       256       256       256         1
  1.000000  1.000000  1.000000
orientation T byte_order littleendian
Reading mask: /opt/freesurfer/average/711-2B_as_mni_average_305_mask.4dfp.img (2306576 pixels)
talsrcimg_g11.4dfp.img
       256       256       256         1
  1.000000  1.000000  1.000000
orientation T byte_order littleendian
Reading image: talsrcimg_g11.4dfp.img
dimensions:      256       256       256
mmppix:       1.0000   -1.0000   -1.0000
center:     128.0000 -129.0000 -129.0000
fimgreg.f
image alignment mode   2311 decimal      907 hex
parameters
   -1.7571   25.1019    7.0104   -9.8542  -15.0007   -5.5414
    1.0093   -3.7304   -3.1941  -15.3508    5.1744    5.0862
eta,q 0.97988 11.34364
niter,ni,del,rscale     5    3    5.0000    0.8000
parameters
   -1.7775   25.0611    7.0123  -10.2461  -15.2671   -6.4939
    0.8714   -3.8029   -3.3046  -15.1551    5.0816    5.2424
eta,q 0.97962 11.31053
  0.0219  0.0213  0.0210  0.0223  0.0220  0.0212  0.0218  0.0226  0.0213  0.0222  0.0209  0.0210
  0.0209  0.0207  0.0205  0.0213  0.0212  0.0209  0.0210  0.0212  0.0208  0.0212  0.0206  0.0207
  0.0203  0.0203  0.0202  0.0205  0.0205  0.0205  0.0205  0.0205  0.0205  0.0206  0.0204  0.0205
  0.0201  0.0201  0.0201  0.0201  0.0202  0.0202  0.0204  0.0204  0.0204  0.0204  0.0204  0.0204
  0.0203  0.0203  0.0202  0.0205  0.0204  0.0202  0.0206  0.0207  0.0205  0.0206  0.0205  0.0204
  0.0210  0.0207  0.0205  0.0216  0.0213  0.0214  0.0211  0.0214  0.0208  0.0211  0.0206  0.0206
  0.0220  0.0215  0.0209  0.0235  0.0226  0.0241  0.0220  0.0226  0.0214  0.0218  0.0210  0.0209
niter,ni,del,rscale     4    3    5.0000    0.7000
parameters
   -1.7113   25.1532    7.1853  -10.0318  -15.1824   -6.3676
    0.8946   -3.7566   -3.3009  -15.1369    4.9287    5.1461
eta,q 0.97969 11.31580
  0.0218  0.0214  0.0209  0.0223  0.0219  0.0212  0.0215  0.0221  0.0211  0.0216  0.0207  0.0207
  0.0210  0.0209  0.0207  0.0215  0.0213  0.0209  0.0209  0.0210  0.0207  0.0209  0.0205  0.0205
  0.0206  0.0205  0.0205  0.0208  0.0207  0.0206  0.0205  0.0204  0.0204  0.0204  0.0203  0.0204
  0.0204  0.0204  0.0204  0.0204  0.0203  0.0203  0.0203  0.0203  0.0203  0.0203  0.0203  0.0203
  0.0205  0.0204  0.0204  0.0204  0.0204  0.0201  0.0204  0.0205  0.0204  0.0205  0.0204  0.0204
  0.0209  0.0207  0.0205  0.0211  0.0210  0.0203  0.0208  0.0211  0.0206  0.0209  0.0205  0.0205
  0.0216  0.0212  0.0207  0.0222  0.0219  0.0215  0.0215  0.0219  0.0211  0.0215  0.0208  0.0208
niter,ni,del,rscale     3    3    5.0000    0.6000
parameters
   -1.7164   25.1402    7.1263   -9.9402  -15.0968   -5.9740
    0.9569   -3.6998   -3.2426  -15.1924    4.9739    5.1014
eta,q 0.97979 11.33018
  0.0213  0.0210  0.0206  0.0218  0.0215  0.0210  0.0212  0.0217  0.0208  0.0213  0.0206  0.0206
  0.0207  0.0206  0.0204  0.0211  0.0210  0.0208  0.0207  0.0208  0.0205  0.0207  0.0204  0.0204
  0.0204  0.0204  0.0203  0.0206  0.0205  0.0205  0.0203  0.0203  0.0203  0.0203  0.0203  0.0203
  0.0203  0.0203  0.0203  0.0203  0.0203  0.0203  0.0202  0.0202  0.0202  0.0202  0.0202  0.0202
  0.0204  0.0204  0.0204  0.0204  0.0204  0.0201  0.0203  0.0204  0.0203  0.0204  0.0203  0.0202
  0.0208  0.0206  0.0205  0.0209  0.0208  0.0202  0.0206  0.0208  0.0205  0.0207  0.0204  0.0204
  0.0213  0.0210  0.0207  0.0218  0.0215  0.0210  0.0211  0.0215  0.0208  0.0213  0.0206  0.0206
niter,ni,del,rscale     2    3    5.0000    0.5000
parameters
   -1.7428   25.1316    7.0178   -9.8867  -15.0507   -5.6673
    1.0025   -3.6938   -3.1965  -15.2372    5.1059    5.0420
eta,q 0.97986 11.33952
  0.0209  0.0207  0.0204  0.0214  0.0212  0.0208  0.0208  0.0212  0.0206  0.0209  0.0205  0.0204
  0.0205  0.0204  0.0203  0.0208  0.0207  0.0206  0.0205  0.0206  0.0203  0.0205  0.0203  0.0203
  0.0203  0.0203  0.0202  0.0204  0.0204  0.0204  0.0202  0.0202  0.0202  0.0202  0.0202  0.0202
  0.0202  0.0202  0.0202  0.0202  0.0202  0.0202  0.0201  0.0201  0.0201  0.0201  0.0201  0.0201
  0.0203  0.0203  0.0203  0.0203  0.0203  0.0201  0.0202  0.0203  0.0202  0.0203  0.0202  0.0202
  0.0206  0.0204  0.0204  0.0207  0.0206  0.0202  0.0204  0.0206  0.0203  0.0206  0.0203  0.0203
  0.0210  0.0207  0.0205  0.0214  0.0212  0.0208  0.0208  0.0211  0.0206  0.0210  0.0204  0.0204
niter,ni,del,rscale     1    3    5.0000    0.4000
parameters
   -1.7695   25.1348    6.9569   -9.8563  -15.0304   -5.3627
    1.0272   -3.7183   -3.2012  -15.2802    5.2257    4.9368
eta,q 0.97991 11.34562
  0.0206  0.0205  0.0203  0.0209  0.0208  0.0207  0.0205  0.0208  0.0204  0.0206  0.0203  0.0203
  0.0203  0.0203  0.0202  0.0205  0.0205  0.0205  0.0203  0.0204  0.0202  0.0203  0.0202  0.0202
  0.0202  0.0202  0.0202  0.0203  0.0202  0.0203  0.0202  0.0201  0.0201  0.0201  0.0201  0.0201
  0.0201  0.0201  0.0201  0.0201  0.0201  0.0201  0.0201  0.0201  0.0201  0.0201  0.0201  0.0201
  0.0202  0.0202  0.0202  0.0202  0.0202  0.0201  0.0201  0.0202  0.0201  0.0202  0.0201  0.0201
  0.0204  0.0203  0.0203  0.0205  0.0204  0.0202  0.0203  0.0204  0.0202  0.0204  0.0202  0.0202
  0.0206  0.0205  0.0204  0.0209  0.0208  0.0206  0.0205  0.0208  0.0204  0.0207  0.0203  0.0203
registration optimization eta report
parameter search radius
    0.8000    0.8000    0.8000    2.4000    2.4000    2.4000
    2.4000    2.4000    2.4000    2.4000    2.4000    2.4000
100000*second partial in parameter space
       73.       51.       30.       14.       11.        9.
        8.       12.        5.       10.        3.        3.
  0.0206  0.0205  0.0203  0.0209  0.0208  0.0207  0.0205  0.0208  0.0204  0.0206  0.0203  0.0203
  0.0203  0.0203  0.0202  0.0205  0.0205  0.0205  0.0203  0.0204  0.0202  0.0203  0.0202  0.0202
  0.0202  0.0202  0.0202  0.0203  0.0202  0.0203  0.0202  0.0201  0.0201  0.0201  0.0201  0.0201
  0.0201  0.0201  0.0201  0.0201  0.0201  0.0201  0.0201  0.0201  0.0201  0.0201  0.0201  0.0201
  0.0202  0.0202  0.0202  0.0202  0.0202  0.0201  0.0201  0.0202  0.0201  0.0202  0.0201  0.0201
  0.0204  0.0203  0.0203  0.0205  0.0204  0.0202  0.0203  0.0204  0.0202  0.0204  0.0202  0.0202
  0.0206  0.0205  0.0204  0.0209  0.0208  0.0206  0.0205  0.0208  0.0204  0.0207  0.0203  0.0203
   -1.7695   25.1348    6.9569   -9.8563  -15.0304   -5.3627
    1.0272   -3.7183   -3.2012  -15.2802    5.2257    4.9368
eta,q 0.97991 11.34562

---------------------------------------------------------------------
compute_vox2vox talsrcimg talsrcimg_to_711-2C_as_mni_average_305_t4 /opt/freesurfer/average/711-2C_as_mni_average_305
---------------------------------------------------------------------

freesurfer compute_vox2vox.c
Reading: talsrcimg.4dfp.ifh
Reading: talsrcimg_to_711-2C_as_mni_average_305_t4
Reading: /opt/freesurfer/average/711-2C_as_mni_average_305.4dfp.ifh
Writing: talsrcimg_to_711-2C_as_mni_average_305_t4_vox2vox.txt

start time Tue Mar 10 07:37:14 CET 2026
end		time Tue Mar 10 07:38:40 CET 2026

mpr2mni305 success

avi2talxfm orig_nu.mgz /opt/freesurfer/average/mni305.cor.mgz talsrcimg_to_711-2C_as_mni_average_305_t4_vox2vox.txt transforms/talairach.auto.xfm
avi2talxfm done
mv -f /out/sourcedata/freesurfer/sub-v1s9x0051358_ses-1/mri/talsrcimg_to_711-2C_as_mni_average_305_t4_vox2vox.txt /out/sourcedata/freesurfer/sub-v1s9x0051358_ses-1/mri/transforms/talsrcimg_to_711-2C_as_mni_average_305_t4_vox2vox.txt
lta_convert --src orig_nu.mgz --trg /opt/freesurfer/average/mni305.cor.mgz --inxfm transforms/talairach.auto.xfm --outlta transforms/talairach.auto.xfm.lta --subject fsaverage
7.3.2

--src: orig_nu.mgz src image (geometry).
--trg: /opt/freesurfer/average/mni305.cor.mgz trg image (geometry).
--inmni: transforms/talairach.auto.xfm input MNI/XFM transform.
--outlta: transforms/talairach.auto.xfm.lta output LTA.
--s: fsaverage subject name
 LTA read, type : 1
 1.10641   0.04093  -0.01575   2.64729;
-0.06268   1.04453  -0.05993   5.49286;
 0.03041   0.18938   1.16552  -65.13914;
 0.00000   0.00000   0.00000   1.00000;
setting subject to fsaverage
Writing  LTA to file transforms/talairach.auto.xfm.lta...
lta_convert successful.
 
 
Started at Tue Mar 10 07:37:14 CET 2026
Ended   at Tue Mar 10 07:38:40 CET 2026
talairach_avi done
