status file for recon-all
Tue Mar 10 09:40:38 CET 2026
#@# Tessellate rh Tue Mar 10 09:40:38 CET 2026
#@# Smooth1 rh Tue Mar 10 09:40:42 CET 2026
#@# Inflation1 rh Tue Mar 10 09:40:44 CET 2026
#@# QSphere rh Tue Mar 10 09:40:56 CET 2026
#@# Fix Topology rh Tue Mar 10 09:41:58 CET 2026
#@# Smooth2 rh Tue Mar 10 09:47:46 CET 2026
#@# Inflation2 rh Tue Mar 10 09:47:48 CET 2026
#@# Curv .H and .K rh Tue Mar 10 09:48:00 CET 2026
#@# Sphere rh Tue Mar 10 09:48:39 CET 2026
#@# Surf Reg rh Tue Mar 10 09:51:39 CET 2026
#@# Jacobian white rh Tue Mar 10 09:55:43 CET 2026
#@# AvgCurv rh Tue Mar 10 09:55:44 CET 2026
#@# Cortical Parc rh Tue Mar 10 09:55:45 CET 2026
#@# white curv rh Tue Mar 10 10:01:20 CET 2026
#@# white area rh Tue Mar 10 10:01:22 CET 2026
#@# pial curv rh Tue Mar 10 10:01:22 CET 2026
#@# pial area rh Tue Mar 10 10:01:24 CET 2026
#@# thickness rh Tue Mar 10 10:01:24 CET 2026
#@# area and vertex vol rh Tue Mar 10 10:01:49 CET 2026
#@# Curvature Stats rh Tue Mar 10 10:01:50 CET 2026
#@# Cortical Parc 2 rh Tue Mar 10 10:01:52 CET 2026
#@# Cortical Parc 3 rh Tue Mar 10 10:02:03 CET 2026
#@# WM/GM Contrast rh Tue Mar 10 10:02:12 CET 2026
recon-all -s sub-v1s9x0051358_ses-1 finished without error at Tue Mar 10 10:02:15 CET 2026



#New# invocation of recon-all 



status file for recon-all
Tue Mar 10 10:10:02 CET 2026
#@# white curv rh Tue Mar 10 10:10:02 CET 2026
#@# white area rh Tue Mar 10 10:10:02 CET 2026
#@# pial curv rh Tue Mar 10 10:10:02 CET 2026
#@# pial area rh Tue Mar 10 10:10:02 CET 2026
#@# thickness rh Tue Mar 10 10:10:02 CET 2026
#@# area and vertex vol rh Tue Mar 10 10:10:02 CET 2026
#@# Parcellation Stats rh Tue Mar 10 10:10:02 CET 2026
#@# Parcellation Stats 2 rh Tue Mar 10 10:10:16 CET 2026
#@# Parcellation Stats 3 rh Tue Mar 10 10:10:23 CET 2026
#@# BA_exvivo Labels rh Tue Mar 10 10:10:30 CET 2026
recon-all -s sub-v1s9x0051358_ses-1 finished without error at Tue Mar 10 10:12:41 CET 2026
