status file for recon-all
Tue Mar 10 07:34:11 CET 2026
#@# MotionCor Tue Mar 10 07:34:12 CET 2026
#@# Talairach Tue Mar 10 07:34:19 CET 2026
#@# Talairach Failure Detection Tue Mar 10 07:38:42 CET 2026
#@# Nu Intensity Correction Tue Mar 10 07:38:42 CET 2026
#@# Intensity Normalization Tue Mar 10 07:41:56 CET 2026
recon-all -s sub-v1s9x0051358_ses-1 finished without error at Tue Mar 10 07:43:25 CET 2026



#New# invocation of recon-all 



status file for recon-all
Tue Mar 10 07:50:34 CET 2026
#@# EM Registration Tue Mar 10 07:50:34 CET 2026
recon-all -s sub-v1s9x0051358_ses-1 finished without error at Tue Mar 10 07:52:21 CET 2026



#New# invocation of recon-all 



status file for recon-all
Tue Mar 10 07:52:24 CET 2026
#@# CA Normalize Tue Mar 10 07:52:24 CET 2026
#@# CA Reg Tue Mar 10 07:53:47 CET 2026
#@# SubCort Seg Tue Mar 10 08:42:09 CET 2026
#@# CC Seg Tue Mar 10 09:11:48 CET 2026
#@# Merge ASeg Tue Mar 10 09:12:23 CET 2026
#@# Intensity Normalization2 Tue Mar 10 09:12:23 CET 2026
#@# Mask BFS Tue Mar 10 09:14:36 CET 2026
#@# WM Segmentation Tue Mar 10 09:14:37 CET 2026
#@# Fill Tue Mar 10 09:16:38 CET 2026
recon-all -s sub-v1s9x0051358_ses-1 finished without error at Tue Mar 10 09:17:37 CET 2026



#New# invocation of recon-all 



status file for recon-all
Tue Mar 10 10:02:18 CET 2026
#@# white curv lh Tue Mar 10 10:02:18 CET 2026
#@# white area lh Tue Mar 10 10:02:18 CET 2026
#@# pial curv lh Tue Mar 10 10:02:18 CET 2026
#@# pial area lh Tue Mar 10 10:02:18 CET 2026
#@# thickness lh Tue Mar 10 10:02:18 CET 2026
#@# area and vertex vol lh Tue Mar 10 10:02:18 CET 2026
#@# white curv rh Tue Mar 10 10:02:18 CET 2026
#@# white area rh Tue Mar 10 10:02:18 CET 2026
#@# pial curv rh Tue Mar 10 10:02:18 CET 2026
#@# pial area rh Tue Mar 10 10:02:18 CET 2026
#@# thickness rh Tue Mar 10 10:02:18 CET 2026
#@# area and vertex vol rh Tue Mar 10 10:02:18 CET 2026
#@# Cortical ribbon mask Tue Mar 10 10:02:18 CET 2026
recon-all -s sub-v1s9x0051358_ses-1 finished without error at Tue Mar 10 10:07:11 CET 2026



#New# invocation of recon-all 



status file for recon-all
Tue Mar 10 10:12:44 CET 2026
#@# white curv lh Tue Mar 10 10:12:44 CET 2026
#@# white area lh Tue Mar 10 10:12:44 CET 2026
#@# pial curv lh Tue Mar 10 10:12:44 CET 2026
#@# pial area lh Tue Mar 10 10:12:44 CET 2026
#@# thickness lh Tue Mar 10 10:12:44 CET 2026
#@# area and vertex vol lh Tue Mar 10 10:12:44 CET 2026
#@# white curv rh Tue Mar 10 10:12:44 CET 2026
#@# white area rh Tue Mar 10 10:12:44 CET 2026
#@# pial curv rh Tue Mar 10 10:12:44 CET 2026
#@# pial area rh Tue Mar 10 10:12:44 CET 2026
#@# thickness rh Tue Mar 10 10:12:44 CET 2026
#@# area and vertex vol rh Tue Mar 10 10:12:44 CET 2026
#@# Curvature Stats lh Tue Mar 10 10:12:44 CET 2026
#@# Curvature Stats rh Tue Mar 10 10:12:47 CET 2026
#@# Relabel Hypointensities Tue Mar 10 10:12:49 CET 2026
#@# APas-to-ASeg Tue Mar 10 10:13:04 CET 2026
#@# AParc-to-ASeg aparc Tue Mar 10 10:13:10 CET 2026
#@# AParc-to-ASeg aparc.a2009s Tue Mar 10 10:13:46 CET 2026
#@# AParc-to-ASeg aparc.DKTatlas Tue Mar 10 10:14:19 CET 2026
#@# WMParc Tue Mar 10 10:14:49 CET 2026
#@# ASeg Stats Tue Mar 10 10:18:47 CET 2026
recon-all -s sub-v1s9x0051358_ses-1 finished without error at Tue Mar 10 10:19:28 CET 2026
