/out/sourcedata/freesurfer/sub-v1s9x0051352_ses-1/mri
/opt/freesurfer/bin/talairach_avi
--i orig_nu.mgz --xfm transforms/talairach.auto.xfm
talairach_avi 7.3.2
Linux dna069 5.14.0-427.37.1.el9_4.x86_64 #1 SMP PREEMPT_DYNAMIC Fri Sep 13 12:41:50 EDT 2024 x86_64 x86_64 x86_64 GNU/Linux
Tue Mar 10 07:22:45 CET 2026
mri_convert orig_nu.mgz talsrcimg.img 
reading from orig_nu.mgz...
TR=0.00, TE=0.00, TI=0.00, flip angle=0.00
i_ras = (-1, 0, 0)
j_ras = (0, 0, -1)
k_ras = (0, 1, 0)
writing to talsrcimg.img...
Analyze Output Matrix
-1.00000   0.00000   0.00000   134.71741;
 0.00000   0.00000   1.00000  -130.27589;
 0.00000  -1.00000   0.00000   102.95399;
 0.00000   0.00000   0.00000   1.00000;
--------------------
INFO: set hdr.hist.orient to -1
mpr2mni305 talsrcimg
Tue Mar 10 07:22:45 CET 2026
/opt/freesurfer/bin/mpr2mni305 talsrcimg
mpr2mni305 7.3.2
target=711-2C_as_mni_average_305

---------------------------------------------------------------------
analyzeto4dfp talsrcimg -O0 -y
---------------------------------------------------------------------

freesurfer ifh2hdr.c
Tue Mar 10 07:22:46 2026
Writing: talsrcimg.4dfp.hdr
freesurfer analyzeto4dfp.c
Reading: talsrcimg.hdr
header size 348 bytes
hdr.dime.datatype	offset=70	value=2
hdr.dime.bitpix		offset=72	value=8
hdr.hist.orient		offset=252	value=-1
dimensionality     4
dimensions       256       256       256         1
Reading: talsrcimg.img
Writing: talsrcimg.4dfp.img
Writing: talsrcimg.4dfp.ifh
ifh2hdr talsrcimg -r0to207
ori=2

---------------------------------------------------------------------
gauss_4dfp talsrcimg 1.1
---------------------------------------------------------------------

freesurfer gauss_4dfp.c
Reading: talsrcimg.4dfp.img
Writing: talsrcimg_g11.4dfp.img
image dimensions 256 256 256 padded to 288 288 288
processing volume 1freesurfer ifh2hdr.c
Tue Mar 10 07:22:47 2026
Writing: talsrcimg_g11.4dfp.hdr

Writing: talsrcimg_g11.4dfp.ifh
including: talsrcimg.4dfp.img.rec in talsrcimg_g11.4dfp.img.rec

---------------------------------------------------------------------
imgreg_4dfp /opt/freesurfer/average/711-2C_as_mni_average_305 none talsrcimg_g11 none talsrcimg_to_711-2C_as_mni_average_305_t4 4355
---------------------------------------------------------------------

freesurfer imgreg_4dfp.c
/opt/freesurfer/average/711-2C_as_mni_average_305.4dfp.img
       256       256       256         1
  1.000000  1.000000  1.000000
orientation T byte_order littleendian
Reading image: /opt/freesurfer/average/711-2C_as_mni_average_305.4dfp.img
dimensions:      256       256       256
mmppix:       1.0000   -1.0000   -1.0000
center:     128.0000 -129.0000 -129.0000
talsrcimg_g11.4dfp.img
       256       256       256         1
  1.000000  1.000000  1.000000
orientation T byte_order littleendian
Reading image: talsrcimg_g11.4dfp.img
dimensions:      256       256       256
mmppix:       1.0000   -1.0000   -1.0000
center:     128.0000 -129.0000 -129.0000
t4_read: open error in t4_sub.f l:  41 t4_file(1:l)talsrcimg_to_711-2C_as_mni_average_305_t4 
t4_read: transform initialized to I4
rotation matrix determinant  1.000000
image alignment mode   4355 decimal     1103 hex
   -7.5000  -45.0000  -45.0000 6630.3403   17.7694
    0.0000  -45.0000  -45.0000 6902.6313   17.8309
    7.5000  -45.0000  -45.0000 6588.8574   17.8166
   -7.5000  -37.5000  -45.0000 7202.3564   17.6009
    0.0000  -37.5000  -45.0000 7499.0610   17.6615
    7.5000  -37.5000  -45.0000 7146.1553   17.6432
   -7.5000  -30.0000  -45.0000 8093.0752   17.5453
    0.0000  -30.0000  -45.0000 8413.8887   17.6015
    7.5000  -30.0000  -45.0000 8015.5972   17.5795
   -7.5000  -22.5000  -45.0000 8988.5332   17.5247
    0.0000  -22.5000  -45.0000 9337.6924   17.5771
    7.5000  -22.5000  -45.0000 8893.2588   17.5546
   -7.5000  -15.0000  -45.0000 9779.4854   17.5290
    0.0000  -15.0000  -45.000010171.8584   17.5816
    7.5000  -15.0000  -45.0000 9666.8359   17.5620
   -7.5000   -7.5000  -45.000010519.1533   17.5472
    0.0000   -7.5000  -45.000010940.7666   17.6042
    7.5000   -7.5000  -45.000010361.2256   17.5892
   -7.5000    0.0000  -45.000011154.3730   17.5615
    0.0000    0.0000  -45.000011613.1816   17.6226
    7.5000    0.0000  -45.000010985.8643   17.6085
   -7.5000    7.5000  -45.000010933.0840   17.5538
    0.0000    7.5000  -45.000011397.8535   17.6145
    7.5000    7.5000  -45.000010795.5420   17.5962
   -7.5000   15.0000  -45.000010692.7910   17.5353
    0.0000   15.0000  -45.000011153.2285   17.5916
    7.5000   15.0000  -45.000010564.7334   17.5695
   -7.5000   22.5000  -45.000010460.2910   17.5223
    0.0000   22.5000  -45.000010914.8818   17.5747
    7.5000   22.5000  -45.000010325.5273   17.5522
   -7.5000   30.0000  -45.000010211.6016   17.2954
    0.0000   30.0000  -45.000010628.4590   17.3473
    7.5000   30.0000  -45.000010069.2275   17.3280
   -7.5000   37.5000  -45.0000 9874.8857   17.3133
    0.0000   37.5000  -45.000010263.4424   17.3696
    7.5000   37.5000  -45.0000 9711.0820   17.3548
   -7.5000   45.0000  -45.0000 8990.8633   16.8875
    0.0000   45.0000  -45.0000 9389.6523   16.9462
    7.5000   45.0000  -45.0000 8861.1816   16.9326
   -7.5000  -45.0000  -37.5000 7213.0557   17.6997
    0.0000  -45.0000  -37.5000 7501.1362   17.7667
    7.5000  -45.0000  -37.5000 7139.9468   17.7586
   -7.5000  -37.5000  -37.5000 7827.6021   17.5289
    0.0000  -37.5000  -37.5000 8142.7085   17.5947
    7.5000  -37.5000  -37.5000 7750.6846   17.5842
   -7.5000  -30.0000  -37.5000 8773.7764   17.4731
    0.0000  -30.0000  -37.5000 9119.4932   17.5367
    7.5000  -30.0000  -37.5000 8683.8486   17.5247
   -7.5000  -22.5000  -37.5000 9706.3760   17.4541
    0.0000  -22.5000  -37.500010083.1191   17.5162
    7.5000  -22.5000  -37.5000 9608.0195   17.5053
   -7.5000  -15.0000  -37.500010567.0889   17.4604
    0.0000  -15.0000  -37.500010979.0693   17.5227
    7.5000  -15.0000  -37.500010437.9434   17.5149
   -7.5000   -7.5000  -37.500011352.3486   17.4801
    0.0000   -7.5000  -37.500011815.2832   17.5445
    7.5000   -7.5000  -37.500011192.2480   17.5382
   -7.5000    0.0000  -37.500011999.6709   17.4930
    0.0000    0.0000  -37.500012516.5479   17.5594
    7.5000    0.0000  -37.500011843.5215   17.5514
   -7.5000    7.5000  -37.500011758.9102   17.4822
    0.0000    7.5000  -37.500012262.5625   17.5481
    7.5000    7.5000  -37.500011620.8301   17.5375
   -7.5000   15.0000  -37.500011472.6191   17.4631
    0.0000   15.0000  -37.500011967.0713   17.5267
    7.5000   15.0000  -37.500011343.0420   17.5147
   -7.5000   22.5000  -37.500011193.4023   17.4516
    0.0000   22.5000  -37.500011670.6641   17.5138
    7.5000   22.5000  -37.500011065.2090   17.5028
   -7.5000   30.0000  -37.500010878.5654   17.2277
    0.0000   30.0000  -37.500011335.7861   17.2892
    7.5000   30.0000  -37.500010732.9082   17.2815
   -7.5000   37.5000  -37.500010470.2070   17.2472
    0.0000   37.5000  -37.500010904.4766   17.3107
    7.5000   37.5000  -37.500010314.2959   17.3045
   -7.5000   45.0000  -37.5000 9523.0859   16.8217
    0.0000   45.0000  -37.5000 9938.2080   16.8855
    7.5000   45.0000  -37.5000 9395.2910   16.8778
   -7.5000  -45.0000  -30.0000 7907.6904   18.3915
    0.0000  -45.0000  -30.0000 8220.0352   18.4585
    7.5000  -45.0000  -30.0000 7837.0488   18.4512
   -7.5000  -37.5000  -30.0000 8566.5840   18.2121
    0.0000  -37.5000  -30.0000 8906.8252   18.2775
    7.5000  -37.5000  -30.0000 8495.3057   18.2690
   -7.5000  -30.0000  -30.0000 9595.4199   18.1552
    0.0000  -30.0000  -30.0000 9966.6309   18.2201
    7.5000  -30.0000  -30.0000 9499.8789   18.2103
   -7.5000  -22.5000  -30.000010609.7422   18.1396
    0.0000  -22.5000  -30.000011002.2881   18.2051
    7.5000  -22.5000  -30.000010479.5098   18.1960
   -7.5000  -15.0000  -30.000011554.3057   18.1499
    0.0000  -15.0000  -30.000011981.4023   18.2157
    7.5000  -15.0000  -30.000011366.7822   18.2093
   -7.5000   -7.5000  -30.000012406.1885   18.1686
    0.0000   -7.5000  -30.000012875.4219   18.2347
    7.5000   -7.5000  -30.000012199.3926   18.2290
   -7.5000    0.0000  -30.000013131.3281   18.1771
    0.0000    0.0000  -30.000013649.2314   18.2435
    7.5000    0.0000  -30.000012916.3809   18.2364
   -7.5000    7.5000  -30.000012860.3672   18.1637
    0.0000    7.5000  -30.000013368.8838   18.2292
    7.5000    7.5000  -30.000012670.3574   18.2206
   -7.5000   15.0000  -30.000012489.5479   18.1449
    0.0000   15.0000  -30.000013001.4668   18.2099
    7.5000   15.0000  -30.000012335.7979   18.2000
   -7.5000   22.5000  -30.000012145.8955   18.1353
    0.0000   22.5000  -30.000012644.7637   18.2007
    7.5000   22.5000  -30.000011981.7139   18.1917
   -7.5000   30.0000  -30.000011755.6797   17.9097
    0.0000   30.0000  -30.000012230.2070   17.9746
    7.5000   30.0000  -30.000011574.1016   17.9683
   -7.5000   37.5000  -30.000011245.3770   17.9282
    0.0000   37.5000  -30.000011706.4131   17.9935
    7.5000   37.5000  -30.000011095.5898   17.9878
   -7.5000   45.0000  -30.000010218.8721   17.4923
    0.0000   45.0000  -30.000010652.9824   17.5562
    7.5000   45.0000  -30.000010107.8086   17.5494
   -7.5000  -45.0000  -22.5000 8585.9893   19.0026
    0.0000  -45.0000  -22.5000 8948.5967   19.0624
    7.5000  -45.0000  -22.5000 8514.3467   19.0494
   -7.5000  -37.5000  -22.5000 9307.4150   18.8199
    0.0000  -37.5000  -22.5000 9695.1270   18.8780
    7.5000  -37.5000  -22.5000 9215.9580   18.8634
   -7.5000  -30.0000  -22.500010424.7910   18.7627
    0.0000  -30.0000  -22.500010851.5459   18.8195
    7.5000  -30.0000  -22.500010301.4648   18.8010
   -7.5000  -22.5000  -22.500011507.9014   18.7479
    0.0000  -22.5000  -22.500011957.3135   18.8047
    7.5000  -22.5000  -22.500011357.4199   18.7853
   -7.5000  -15.0000  -22.500012519.3662   18.7587
    0.0000  -15.0000  -22.500013003.4062   18.8163
    7.5000  -15.0000  -22.500012318.4932   18.7993
   -7.5000   -7.5000  -22.500013436.7256   18.7750
    0.0000   -7.5000  -22.500013951.8184   18.8338
    7.5000   -7.5000  -22.500013195.1406   18.8196
   -7.5000    0.0000  -22.500014246.4014   18.7816
    0.0000    0.0000  -22.500014804.0908   18.8410
    7.5000    0.0000  -22.500013974.7627   18.8284
   -7.5000    7.5000  -22.500013949.4150   18.7698
    0.0000    7.5000  -22.500014475.7852   18.8281
    7.5000    7.5000  -22.500013688.1699   18.8134
   -7.5000   15.0000  -22.500013528.4443   18.7524
    0.0000   15.0000  -22.500014036.4482   18.8092
    7.5000   15.0000  -22.500013285.4023   18.7907
   -7.5000   22.5000  -22.500013111.1826   18.7421
    0.0000   22.5000  -22.500013622.5801   18.7989
    7.5000   22.5000  -22.500012877.7158   18.7795
   -7.5000   30.0000  -22.500012641.0059   18.5133
    0.0000   30.0000  -22.500013108.8828   18.5702
    7.5000   30.0000  -22.500012407.3389   18.5534
   -7.5000   37.5000  -22.500012101.5684   18.5294
    0.0000   37.5000  -22.500012544.6621   18.5874
    7.5000   37.5000  -22.500011919.1553   18.5734
   -7.5000   45.0000  -22.500010953.0605   18.0876
    0.0000   45.0000  -22.500011389.8477   18.1448
    7.5000   45.0000  -22.500010832.3965   18.1326
   -7.5000  -45.0000  -15.0000 9267.4062   19.4715
    0.0000  -45.0000  -15.0000 9680.8398   19.5254
    7.5000  -45.0000  -15.0000 9175.2354   19.5043
   -7.5000  -37.5000  -15.000010043.4336   19.2874
    0.0000  -37.5000  -15.000010477.2861   19.3399
    7.5000  -37.5000  -15.0000 9928.3271   19.3163
   -7.5000  -30.0000  -15.000011224.8086   19.2275
    0.0000  -30.0000  -15.000011703.5771   19.2766
    7.5000  -30.0000  -15.000011096.1045   19.2471
   -7.5000  -22.5000  -15.000012396.1670   19.2097
    0.0000  -22.5000  -15.000012926.0742   19.2560
    7.5000  -22.5000  -15.000012232.1357   19.2244
   -7.5000  -15.0000  -15.000013514.3301   19.2191
    0.0000  -15.0000  -15.000014079.7510   19.2661
    7.5000  -15.0000  -15.000013278.9424   19.2363
   -7.5000   -7.5000  -15.000014473.5537   19.2358
    0.0000   -7.5000  -15.000015075.4307   19.2863
    7.5000   -7.5000  -15.000014211.3574   19.2619
   -7.5000    0.0000  -15.000015343.6846   19.2454
    0.0000    0.0000  -15.000015968.3984   19.2990
    7.5000    0.0000  -15.000015031.3096   19.2784
   -7.5000    7.5000  -15.000014964.1943   19.2359
    0.0000    7.5000  -15.000015558.2031   19.2887
    7.5000    7.5000  -15.000014662.6074   19.2652
   -7.5000   15.0000  -15.000014505.1289   19.2170
    0.0000   15.0000  -15.000015088.8584   19.2661
    7.5000   15.0000  -15.000014219.6494   19.2367
   -7.5000   22.5000  -15.000014034.8105   19.2029
    0.0000   22.5000  -15.000014584.6445   19.2492
    7.5000   22.5000  -15.000013772.3955   19.2176
   -7.5000   30.0000  -15.000013451.2168   18.9704
    0.0000   30.0000  -15.000013955.1709   19.0168
    7.5000   30.0000  -15.000013196.3086   18.9874
   -7.5000   37.5000  -15.000012904.2979   18.9869
    0.0000   37.5000  -15.000013373.1934   19.0367
    7.5000   37.5000  -15.000012687.9688   19.0126
   -7.5000   45.0000  -15.000011666.4600   18.5454
    0.0000   45.0000  -15.000012117.9990   18.5971
    7.5000   45.0000  -15.000011530.2529   18.5773
   -7.5000  -45.0000   -7.5000 9988.1318   19.7305
    0.0000  -45.0000   -7.500010465.5264   19.7889
    7.5000  -45.0000   -7.5000 9907.2881   19.7665
   -7.5000  -37.5000   -7.500010809.3955   19.5450
    0.0000  -37.5000   -7.500011302.1797   19.6024
    7.5000  -37.5000   -7.500010720.3408   19.5763
   -7.5000  -30.0000   -7.500012053.8330   19.4834
    0.0000  -30.0000   -7.500012612.3984   19.5357
    7.5000  -30.0000   -7.500011947.1113   19.5036
   -7.5000  -22.5000   -7.500013275.5889   19.4627
    0.0000  -22.5000   -7.500013888.9238   19.5101
    7.5000  -22.5000   -7.500013129.9219   19.4758
   -7.5000  -15.0000   -7.500014494.5088   19.4698
    0.0000  -15.0000   -7.500015148.4707   19.5175
    7.5000  -15.0000   -7.500014277.9434   19.4853
   -7.5000   -7.5000   -7.500015561.7744   19.4881
    0.0000   -7.5000   -7.500016312.4883   19.5411
    7.5000   -7.5000   -7.500015287.1348   19.5154
   -7.5000    0.0000   -7.500016426.3086   19.5012
    0.0000    0.0000   -7.500017270.0176   19.5594
    7.5000    0.0000   -7.500016126.6826   19.5373
   -7.5000    7.5000   -7.500015947.6816   19.4929
    0.0000    7.5000   -7.500016750.8086   19.5505
    7.5000    7.5000   -7.500015680.0156   19.5244
   -7.5000   15.0000   -7.500015462.3066   19.4726
    0.0000   15.0000   -7.500016202.4189   19.5249
    7.5000   15.0000   -7.500015196.9336   19.4929
   -7.5000   22.5000   -7.500014961.4834   19.4537
    0.0000   22.5000   -7.500015638.1416   19.5011
    7.5000   22.5000   -7.500014705.7080   19.4668
   -7.5000   30.0000   -7.500014232.9121   19.2173
    0.0000   30.0000   -7.500014850.9668   19.2644
    7.5000   30.0000   -7.500013996.2178   19.2327
   -7.5000   37.5000   -7.500013650.8906   19.2354
    0.0000   37.5000   -7.500014218.0713   19.2877
    7.5000   37.5000   -7.500013451.6885   19.2623
   -7.5000   45.0000   -7.500012371.3066   18.7955
    0.0000   45.0000   -7.500012875.2969   18.8516
    7.5000   45.0000   -7.500012238.3037   18.8303
   -7.5000  -45.0000    0.000010652.7930   19.7884
    0.0000  -45.0000    0.000011167.6533   19.8575
    7.5000  -45.0000    0.000010603.0098   19.8417
   -7.5000  -37.5000    0.000011527.4131   19.6014
    0.0000  -37.5000    0.000012067.2158   19.6695
    7.5000  -37.5000    0.000011482.2656   19.6493
   -7.5000  -30.0000    0.000012829.2158   19.5397
    0.0000  -30.0000    0.000013420.5234   19.6030
    7.5000  -30.0000    0.000012785.0332   19.5787
   -7.5000  -22.5000    0.000014116.1367   19.5172
    0.0000  -22.5000    0.000014777.2412   19.5761
    7.5000  -22.5000    0.000014081.9873   19.5513
   -7.5000  -15.0000    0.000015445.6396   19.5221
    0.0000  -15.0000    0.000016183.8643   19.5813
    7.5000  -15.0000    0.000015349.7979   19.5597
   -7.5000   -7.5000    0.000016607.3203   19.5423
    0.0000   -7.5000    0.000017615.4277   19.6063
    7.5000   -7.5000    0.000016429.7324   19.5898
   -7.5000    0.0000    0.000017435.8145   19.5580
    0.0000    0.0000    0.000018548.6191   19.6266
    7.5000    0.0000    0.000017225.2832   19.6110
   -7.5000    7.5000    0.000016865.1719   19.5492
    0.0000    7.5000    0.000017866.6953   19.6174
    7.5000    7.5000    0.000016656.3750   19.5972
   -7.5000   15.0000    0.000016333.8223   19.5286
    0.0000   15.0000    0.000017245.9961   19.5920
    7.5000   15.0000    0.000016127.2744   19.5676
   -7.5000   22.5000    0.000015822.7197   19.5082
    0.0000   22.5000    0.000016652.2695   19.5671
    7.5000   22.5000    0.000015599.7031   19.5423
   -7.5000   30.0000    0.000014986.1406   19.2695
    0.0000   30.0000    0.000015744.3477   19.3279
    7.5000   30.0000    0.000014763.7822   19.3066
   -7.5000   37.5000    0.000014364.5332   19.2894
    0.0000   37.5000    0.000015062.1543   19.3526
    7.5000   37.5000    0.000014167.6562   19.3363
   -7.5000   45.0000    0.000013017.5527   18.8517
    0.0000   45.0000    0.000013618.9707   18.9178
    7.5000   45.0000    0.000012876.7686   18.9027
   -7.5000  -45.0000    7.500010412.3965   19.7748
    0.0000  -45.0000    7.500010921.3877   19.8500
    7.5000  -45.0000    7.500010379.7441   19.8410
   -7.5000  -37.5000    7.500011254.4443   19.5842
    0.0000  -37.5000    7.500011779.1934   19.6581
    7.5000  -37.5000    7.500011210.6689   19.6464
   -7.5000  -30.0000    7.500012543.6377   19.5219
    0.0000  -30.0000    7.500013123.9268   19.5934
    7.5000  -30.0000    7.500012502.9102   19.5801
   -7.5000  -22.5000    7.500013815.9941   19.5007
    0.0000  -22.5000    7.500014464.2568   19.5705
    7.5000  -22.5000    7.500013784.5156   19.5583
   -7.5000  -15.0000    7.500015030.2773   19.5078
    0.0000  -15.0000    7.500015836.5322   19.5778
    7.5000  -15.0000    7.500015002.5996   19.5691
   -7.5000   -7.5000    7.500016048.9053   19.5299
    0.0000   -7.5000    7.500017085.2910   19.6021
    7.5000   -7.5000    7.500015966.6133   19.5951
   -7.5000    0.0000    7.500016804.3047   19.5443
    0.0000    0.0000    7.500017838.1680   19.6187
    7.5000    0.0000    7.500016701.6211   19.6099
   -7.5000    7.5000    7.500016313.4561   19.5322
    0.0000    7.5000    7.500017249.8418   19.6061
    7.5000    7.5000    7.500016171.0908   19.5944
   -7.5000   15.0000    7.500015919.4346   19.5108
    0.0000   15.0000    7.500016763.5840   19.5822
    7.5000   15.0000    7.500015705.3389   19.5689
   -7.5000   22.5000    7.500015430.6025   19.4917
    0.0000   22.5000    7.500016204.2617   19.5615
    7.5000   22.5000    7.500015176.2168   19.5493
   -7.5000   30.0000    7.500014568.5967   19.2554
    0.0000   30.0000    7.500015282.9551   19.3244
    7.5000   30.0000    7.500014312.2217   19.3158
   -7.5000   37.5000    7.500013976.4932   19.2772
    0.0000   37.5000    7.500014648.3154   19.3484
    7.5000   37.5000    7.500013758.3672   19.3415
   -7.5000   45.0000    7.500012692.1982   18.8385
    0.0000   45.0000    7.500013295.0088   18.9102
    7.5000   45.0000    7.500012516.6318   18.9017
   -7.5000  -45.0000   15.000010098.1758   19.7443
    0.0000  -45.0000   15.000010545.0068   19.8165
    7.5000  -45.0000   15.000010042.6230   19.8087
   -7.5000  -37.5000   15.000010891.4785   19.5518
    0.0000  -37.5000   15.000011372.6016   19.6222
    7.5000  -37.5000   15.000010854.0342   19.6130
   -7.5000  -30.0000   15.000012128.5449   19.4907
    0.0000  -30.0000   15.000012662.5986   19.5605
    7.5000  -30.0000   15.000012087.6123   19.5499
   -7.5000  -22.5000   15.000013348.5518   19.4740
    0.0000  -22.5000   15.000013942.9062   19.5443
    7.5000  -22.5000   15.000013268.7578   19.5346
   -7.5000  -15.0000   15.000014467.9160   19.4850
    0.0000  -15.0000   15.000015200.5635   19.5557
    7.5000  -15.0000   15.000014369.7871   19.5489
   -7.5000   -7.5000   15.000015466.7676   19.5051
    0.0000   -7.5000   15.000016328.9082   19.5762
    7.5000   -7.5000   15.000015318.2451   19.5702
   -7.5000    0.0000   15.000016269.8086   19.5143
    0.0000    0.0000   15.000017046.7539   19.5857
    7.5000    0.0000   15.000016097.7910   19.5781
   -7.5000    7.5000   15.000015840.9482   19.4998
    0.0000    7.5000   15.000016525.1250   19.5703
    7.5000    7.5000   15.000015628.7725   19.5611
   -7.5000   15.0000   15.000015458.3379   19.4797
    0.0000   15.0000   15.000016105.8086   19.5495
    7.5000   15.0000   15.000015175.3105   19.5389
   -7.5000   22.5000   15.000014991.7139   19.4650
    0.0000   22.5000   15.000015617.8564   19.5353
    7.5000   22.5000   15.000014677.8359   19.5256
   -7.5000   30.0000   15.000014105.8975   19.2328
    0.0000   30.0000   15.000014692.9814   19.3026
    7.5000   30.0000   15.000013823.4961   19.2959
   -7.5000   37.5000   15.000013511.0977   19.2527
    0.0000   37.5000   15.000014082.6367   19.3229
    7.5000   37.5000   15.000013263.5205   19.3169
   -7.5000   45.0000   15.000012249.9873   18.8095
    0.0000   45.0000   15.000012784.9170   18.8783
    7.5000   45.0000   15.000012057.9180   18.8710
   -7.5000  -45.0000   22.5000 9661.6348   19.7281
    0.0000  -45.0000   22.500010080.1143   19.7902
    7.5000  -45.0000   22.5000 9572.8213   19.7768
   -7.5000  -37.5000   22.500010467.6777   19.5380
    0.0000  -37.5000   22.500010904.5166   19.5984
    7.5000  -37.5000   22.500010361.1787   19.5832
   -7.5000  -30.0000   22.500011669.9854   19.4786
    0.0000  -30.0000   22.500012141.2227   19.5375
    7.5000  -30.0000   22.500011547.4912   19.5184
   -7.5000  -22.5000   22.500012813.3398   19.4634
    0.0000  -22.5000   22.500013346.9229   19.5224
    7.5000  -22.5000   22.500012647.3984   19.5024
   -7.5000  -15.0000   22.500013890.9170   19.4750
    0.0000  -15.0000   22.500014491.1084   19.5348
    7.5000  -15.0000   22.500013625.4668   19.5172
   -7.5000   -7.5000   22.500014950.3213   19.4920
    0.0000   -7.5000   22.500015621.8135   19.5531
    7.5000   -7.5000   22.500014499.7373   19.5384
   -7.5000    0.0000   22.500015889.1768   19.4986
    0.0000    0.0000   22.500016498.6504   19.5603
    7.5000    0.0000   22.500015315.3389   19.5472
   -7.5000    7.5000   22.500015426.3428   19.4860
    0.0000    7.5000   22.500015997.4727   19.5465
    7.5000    7.5000   22.500014945.2500   19.5314
   -7.5000   15.0000   22.500014863.5586   19.4678
    0.0000   15.0000   22.500015441.0645   19.5268
    7.5000   15.0000   22.500014488.2500   19.5077
   -7.5000   22.5000   22.500014272.8955   19.4545
    0.0000   22.5000   22.500014880.4150   19.5134
    7.5000   22.5000   22.500013992.7861   19.4934
   -7.5000   30.0000   22.500013367.9971   19.2229
    0.0000   30.0000   22.500013947.8877   19.2820
    7.5000   30.0000   22.500013163.8643   19.2647
   -7.5000   37.5000   22.500012788.5244   19.2398
    0.0000   37.5000   22.500013308.2227   19.3000
    7.5000   37.5000   22.500012613.1152   19.2855
   -7.5000   45.0000   22.500011626.6191   18.7944
    0.0000   45.0000   22.500012084.9297   18.8539
    7.5000   45.0000   22.500011484.1035   18.8413
   -7.5000  -45.0000   30.0000 9045.3379   19.7686
    0.0000  -45.0000   30.0000 9412.4346   19.8233
    7.5000  -45.0000   30.0000 8998.6143   19.8021
   -7.5000  -37.5000   30.0000 9811.4453   19.5799
    0.0000  -37.5000   30.000010184.5527   19.6332
    7.5000  -37.5000   30.0000 9725.9189   19.6095
   -7.5000  -30.0000   30.000010948.4893   19.5185
    0.0000  -30.0000   30.000011348.9092   19.5682
    7.5000  -30.0000   30.000010832.4756   19.5386
   -7.5000  -22.5000   30.000012026.8076   19.5014
    0.0000  -22.5000   30.000012484.9316   19.5484
    7.5000  -22.5000   30.000011894.0684   19.5165
   -7.5000  -15.0000   30.000012993.6094   19.5123
    0.0000  -15.0000   30.000013524.5703   19.5600
    7.5000  -15.0000   30.000012829.9336   19.5300
   -7.5000   -7.5000   30.000013871.2617   19.5298
    0.0000   -7.5000   30.000014507.7705   19.5811
    7.5000   -7.5000   30.000013683.7510   19.5565
   -7.5000    0.0000   30.000014681.3994   19.5387
    0.0000    0.0000   30.000015388.2734   19.5931
    7.5000    0.0000   30.000014432.5664   19.5725
   -7.5000    7.5000   30.000014374.5400   19.5275
    0.0000    7.5000   30.000015063.9834   19.5811
    7.5000    7.5000   30.000014095.1543   19.5575
   -7.5000   15.0000   30.000013917.6875   19.5078
    0.0000   15.0000   30.000014560.6963   19.5576
    7.5000   15.0000   30.000013677.0488   19.5280
   -7.5000   22.5000   30.000013382.9365   19.4924
    0.0000   22.5000   30.000013968.8105   19.5394
    7.5000   22.5000   30.000013179.4062   19.5075
   -7.5000   30.0000   30.000012512.1387   19.2598
    0.0000   30.0000   30.000013034.4023   19.3069
    7.5000   30.0000   30.000012334.5303   19.2772
   -7.5000   37.5000   30.000011942.2275   19.2771
    0.0000   37.5000   30.000012419.0479   19.3277
    7.5000   37.5000   30.000011783.3555   19.3034
   -7.5000   45.0000   30.000010855.8682   18.8330
    0.0000   45.0000   30.000011271.8262   18.8855
    7.5000   45.0000   30.000010727.9805   18.8656
   -7.5000  -45.0000   37.5000 8701.8672   19.8632
    0.0000  -45.0000   37.5000 9084.6553   19.9218
    7.5000  -45.0000   37.5000 8712.3760   19.8997
   -7.5000  -37.5000   37.5000 9420.9043   19.6729
    0.0000  -37.5000   37.5000 9807.3613   19.7305
    7.5000  -37.5000   37.5000 9438.3389   19.7046
   -7.5000  -30.0000   37.500010498.7314   19.6086
    0.0000  -30.0000   37.500010893.8545   19.6609
    7.5000  -30.0000   37.500010523.2344   19.6290
   -7.5000  -22.5000   37.500011520.1943   19.5883
    0.0000  -22.5000   37.500011956.7539   19.6359
    7.5000  -22.5000   37.500011549.8828   19.6017
   -7.5000  -15.0000   37.500012446.0400   19.5979
    0.0000  -15.0000   37.500012902.2979   19.6458
    7.5000  -15.0000   37.500012482.6396   19.6138
   -7.5000   -7.5000   37.500013260.2051   19.6183
    0.0000   -7.5000   37.500013751.2861   19.6715
    7.5000   -7.5000   37.500013289.8916   19.6461
   -7.5000    0.0000   37.500013975.9697   19.6313
    0.0000    0.0000   37.500014522.3311   19.6896
    7.5000    0.0000   37.500013979.8135   19.6679
   -7.5000    7.5000   37.500013674.9492   19.6202
    0.0000    7.5000   37.500014262.3506   19.6780
    7.5000    7.5000   37.500013657.0752   19.6521
   -7.5000   15.0000   37.500013317.2031   19.5977
    0.0000   15.0000   37.500013913.4160   19.6501
    7.5000   15.0000   37.500013256.1846   19.6182
   -7.5000   22.5000   37.500012899.9004   19.5793
    0.0000   22.5000   37.500013462.8926   19.6268
    7.5000   22.5000   37.500012771.6465   19.5927
   -7.5000   30.0000   37.500012068.4707   19.3443
    0.0000   30.0000   37.500012589.8633   19.3915
    7.5000   30.0000   37.500011917.9355   19.3600
   -7.5000   37.5000   37.500011505.5869   19.3644
    0.0000   37.5000   37.500011993.1914   19.4169
    7.5000   37.5000   37.500011345.6260   19.3918
   -7.5000   45.0000   37.500010451.0166   18.9223
    0.0000   45.0000   37.500010897.2148   18.9785
    7.5000   45.0000   37.500010320.4961   18.9576
   -7.5000  -45.0000   45.0000 7973.1401   19.9112
    0.0000  -45.0000   45.0000 8357.0557   19.9806
    7.5000  -45.0000   45.0000 7993.6631   19.9653
   -7.5000  -37.5000   45.0000 8624.1191   19.7184
    0.0000  -37.5000   45.0000 8996.7305   19.7867
    7.5000  -37.5000   45.0000 8653.1992   19.7670
   -7.5000  -30.0000   45.0000 9583.6748   19.6521
    0.0000  -30.0000   45.0000 9977.4668   19.7156
    7.5000  -30.0000   45.0000 9631.4893   19.6917
   -7.5000  -22.5000   45.000010497.1895   19.6279
    0.0000  -22.5000   45.000010912.2588   19.6871
    7.5000  -22.5000   45.000010549.2773   19.6627
   -7.5000  -15.0000   45.000011344.7354   19.6350
    0.0000  -15.0000   45.000011757.9355   19.6944
    7.5000  -15.0000   45.000011377.9326   19.6732
   -7.5000   -7.5000   45.000012074.6709   19.6589
    0.0000   -7.5000   45.000012504.2461   19.7233
    7.5000   -7.5000   45.000012085.7354   19.7072
   -7.5000    0.0000   45.000012699.8750   19.6765
    0.0000    0.0000   45.000013166.1797   19.7453
    7.5000    0.0000   45.000012692.2070   19.7302
   -7.5000    7.5000   45.000012469.1367   19.6652
    0.0000    7.5000   45.000012939.3564   19.7336
    7.5000    7.5000   45.000012430.2891   19.7140
   -7.5000   15.0000   45.000012179.0107   19.6408
    0.0000   15.0000   45.000012662.5840   19.7043
    7.5000   15.0000   45.000012141.4453   19.6805
   -7.5000   22.5000   45.000011786.1162   19.6188
    0.0000   22.5000   45.000012276.2832   19.6779
    7.5000   22.5000   45.000011733.4199   19.6536
   -7.5000   30.0000   45.000011043.8613   19.3792
    0.0000   30.0000   45.000011496.8711   19.4378
    7.5000   30.0000   45.000010949.6406   19.4169
   -7.5000   37.5000   45.000010528.3408   19.4028
    0.0000   37.5000   45.000010950.9395   19.4663
    7.5000   37.5000   45.000010416.7393   19.4504
   -7.5000   45.0000   45.0000 9581.8262   18.9744
    0.0000   45.0000   45.0000 9977.2012   19.0408
    7.5000   45.0000   45.0000 9472.9072   19.0262

---------------------------------------------------------------------
imgreg_4dfp /opt/freesurfer/average/711-2C_as_mni_average_305 /opt/freesurfer/average/711-2B_as_mni_average_305_mask talsrcimg_g11 none talsrcimg_to_711-2C_as_mni_average_305_t4 4355
---------------------------------------------------------------------

freesurfer imgreg_4dfp.c
/opt/freesurfer/average/711-2C_as_mni_average_305.4dfp.img
       256       256       256         1
  1.000000  1.000000  1.000000
orientation T byte_order littleendian
Reading image: /opt/freesurfer/average/711-2C_as_mni_average_305.4dfp.img
dimensions:      256       256       256
mmppix:       1.0000   -1.0000   -1.0000
center:     128.0000 -129.0000 -129.0000
/opt/freesurfer/average/711-2B_as_mni_average_305_mask.4dfp.img
       256       256       256         1
  1.000000  1.000000  1.000000
orientation T byte_order littleendian
Reading mask: /opt/freesurfer/average/711-2B_as_mni_average_305_mask.4dfp.img (2306576 pixels)
talsrcimg_g11.4dfp.img
       256       256       256         1
  1.000000  1.000000  1.000000
orientation T byte_order littleendian
Reading image: talsrcimg_g11.4dfp.img
dimensions:      256       256       256
mmppix:       1.0000   -1.0000   -1.0000
center:     128.0000 -129.0000 -129.0000
rotation matrix determinant  1.000000
image alignment mode   4355 decimal     1103 hex
   -7.5000  -45.0000  -45.0000 1837.0846   27.0738
    0.0000  -45.0000  -45.0000 1840.5508   27.0710
    7.5000  -45.0000  -45.0000 1833.3314   27.0971
   -7.5000  -37.5000  -45.0000 1949.5896   24.3074
    0.0000  -37.5000  -45.0000 1955.3645   24.2828
    7.5000  -37.5000  -45.0000 1942.1857   24.2934
   -7.5000  -30.0000  -45.0000 2044.0282   22.2144
    0.0000  -30.0000  -45.0000 2048.2502   22.1876
    7.5000  -30.0000  -45.0000 2033.2360   22.2057
   -7.5000  -22.5000  -45.0000 2129.9104   20.6337
    0.0000  -22.5000  -45.0000 2131.6492   20.6128
    7.5000  -22.5000  -45.0000 2120.1445   20.6800
   -7.5000  -15.0000  -45.0000 2177.8306   19.6203
    0.0000  -15.0000  -45.0000 2185.1318   19.6138
    7.5000  -15.0000  -45.0000 2172.2866   19.6668
   -7.5000   -7.5000  -45.0000 2211.0330   18.8558
    0.0000   -7.5000  -45.0000 2216.1255   18.8409
    7.5000   -7.5000  -45.0000 2197.9800   18.9215
   -7.5000    0.0000  -45.0000 2220.6775   18.3363
    0.0000    0.0000  -45.0000 2224.7095   18.3298
    7.5000    0.0000  -45.0000 2213.8640   18.4345
   -7.5000    7.5000  -45.0000 2214.0190   18.2084
    0.0000    7.5000  -45.0000 2222.8496   18.2051
    7.5000    7.5000  -45.0000 2209.7231   18.2939
   -7.5000   15.0000  -45.0000 2203.2490   18.4419
    0.0000   15.0000  -45.0000 2209.6294   18.4158
    7.5000   15.0000  -45.0000 2195.1880   18.5853
   -7.5000   22.5000  -45.0000 2180.9248   19.1516
    0.0000   22.5000  -45.0000 2190.5112   19.1187
    7.5000   22.5000  -45.0000 2170.6042   19.2988
   -7.5000   30.0000  -45.0000 2138.7104   20.2188
    0.0000   30.0000  -45.0000 2145.6829   20.1604
    7.5000   30.0000  -45.0000 2130.2720   20.4085
   -7.5000   37.5000  -45.0000 2077.5591   21.8166
    0.0000   37.5000  -45.0000 2084.8926   21.7347
    7.5000   37.5000  -45.0000 2071.2410   22.0071
   -7.5000   45.0000  -45.0000 1999.4023   23.9237
    0.0000   45.0000  -45.0000 2008.7196   23.8420
    7.5000   45.0000  -45.0000 1992.3728   24.1649
   -7.5000  -45.0000  -37.5000 1930.3363   24.5492
    0.0000  -45.0000  -37.5000 1936.5448   24.5842
    7.5000  -45.0000  -37.5000 1920.1985   24.5840
   -7.5000  -37.5000  -37.5000 2046.4845   22.0721
    0.0000  -37.5000  -37.5000 2054.8821   22.0634
    7.5000  -37.5000  -37.5000 2036.7875   22.1084
   -7.5000  -30.0000  -37.5000 2144.9346   20.2256
    0.0000  -30.0000  -37.5000 2152.0178   20.1997
    7.5000  -30.0000  -37.5000 2133.2615   20.2728
   -7.5000  -22.5000  -37.5000 2224.4858   18.8094
    0.0000  -22.5000  -37.5000 2231.8022   18.7900
    7.5000  -22.5000  -37.5000 2216.4900   18.8622
   -7.5000  -15.0000  -37.5000 2272.7043   17.8259
    0.0000  -15.0000  -37.5000 2285.0234   17.8055
    7.5000  -15.0000  -37.5000 2268.8499   17.9095
   -7.5000   -7.5000  -37.5000 2308.0645   17.1439
    0.0000   -7.5000  -37.5000 2321.0720   17.1210
    7.5000   -7.5000  -37.5000 2302.0471   17.2222
   -7.5000    0.0000  -37.5000 2318.9512   16.7053
    0.0000    0.0000  -37.5000 2332.2305   16.6792
    7.5000    0.0000  -37.5000 2318.2134   16.7708
   -7.5000    7.5000  -37.5000 2320.2390   16.5691
    0.0000    7.5000  -37.5000 2335.2417   16.5503
    7.5000    7.5000  -37.5000 2319.6147   16.6275
   -7.5000   15.0000  -37.5000 2310.2693   16.7542
    0.0000   15.0000  -37.5000 2321.6582   16.7706
    7.5000   15.0000  -37.5000 2306.0852   16.8975
   -7.5000   22.5000  -37.5000 2287.7434   17.3940
    0.0000   22.5000  -37.5000 2299.4360   17.3868
    7.5000   22.5000  -37.5000 2284.3879   17.5371
   -7.5000   30.0000  -37.5000 2240.3547   18.3754
    0.0000   30.0000  -37.5000 2253.0637   18.3411
    7.5000   30.0000  -37.5000 2238.8718   18.5052
   -7.5000   37.5000  -37.5000 2177.7012   19.8512
    0.0000   37.5000  -37.5000 2192.0369   19.7672
    7.5000   37.5000  -37.5000 2172.3701   20.0000
   -7.5000   45.0000  -37.5000 2094.8176   21.8112
    0.0000   45.0000  -37.5000 2105.4800   21.7281
    7.5000   45.0000  -37.5000 2082.7373   21.9801
   -7.5000  -45.0000  -30.0000 2053.5579   23.2046
    0.0000  -45.0000  -30.0000 2055.9788   23.2315
    7.5000  -45.0000  -30.0000 2040.8048   23.3078
   -7.5000  -37.5000  -30.0000 2178.5315   20.7902
    0.0000  -37.5000  -30.0000 2181.1731   20.7961
    7.5000  -37.5000  -30.0000 2167.9199   20.9039
   -7.5000  -30.0000  -30.0000 2284.1804   19.0203
    0.0000  -30.0000  -30.0000 2285.9033   19.0199
    7.5000  -30.0000  -30.0000 2267.0825   19.1571
   -7.5000  -22.5000  -30.0000 2367.9565   17.7256
    0.0000  -22.5000  -30.0000 2367.2839   17.6979
    7.5000  -22.5000  -30.0000 2345.7236   17.8247
   -7.5000  -15.0000  -30.0000 2418.9495   16.8406
    0.0000  -15.0000  -30.0000 2422.1467   16.7830
    7.5000  -15.0000  -30.0000 2400.7649   16.9132
   -7.5000   -7.5000  -30.0000 2457.4314   16.1615
    0.0000   -7.5000  -30.0000 2464.5264   16.0988
    7.5000   -7.5000  -30.0000 2443.0542   16.2724
   -7.5000    0.0000  -30.0000 2475.1401   15.7743
    0.0000    0.0000  -30.0000 2483.2563   15.7053
    7.5000    0.0000  -30.0000 2468.2935   15.8325
   -7.5000    7.5000  -30.0000 2484.6208   15.6521
    0.0000    7.5000  -30.0000 2494.5381   15.5510
    7.5000    7.5000  -30.0000 2481.2773   15.6976
   -7.5000   15.0000  -30.0000 2473.3931   15.8626
    0.0000   15.0000  -30.0000 2485.3259   15.8246
    7.5000   15.0000  -30.0000 2469.5081   15.9349
   -7.5000   22.5000  -30.0000 2449.5027   16.4534
    0.0000   22.5000  -30.0000 2463.2590   16.3988
    7.5000   22.5000  -30.0000 2443.4023   16.5138
   -7.5000   30.0000  -30.0000 2395.7451   17.3913
    0.0000   30.0000  -30.0000 2407.3701   17.3251
    7.5000   30.0000  -30.0000 2390.7446   17.4449
   -7.5000   37.5000  -30.0000 2325.7532   18.8154
    0.0000   37.5000  -30.0000 2334.8699   18.7539
    7.5000   37.5000  -30.0000 2316.7788   18.9068
   -7.5000   45.0000  -30.0000 2231.7229   20.7358
    0.0000   45.0000  -30.0000 2240.0916   20.6632
    7.5000   45.0000  -30.0000 2222.6606   20.8304
   -7.5000  -45.0000  -22.5000 2142.8433   21.9540
    0.0000  -45.0000  -22.5000 2151.2515   21.9148
    7.5000  -45.0000  -22.5000 2137.8601   22.0970
   -7.5000  -37.5000  -22.5000 2278.0635   19.6798
    0.0000  -37.5000  -22.5000 2286.5298   19.6582
    7.5000  -37.5000  -22.5000 2267.6135   19.7840
   -7.5000  -30.0000  -22.5000 2391.5498   17.9575
    0.0000  -30.0000  -22.5000 2396.5752   17.9191
    7.5000  -30.0000  -22.5000 2376.2837   18.0134
   -7.5000  -22.5000  -22.5000 2479.5923   16.6432
    0.0000  -22.5000  -22.5000 2481.2849   16.5979
    7.5000  -22.5000  -22.5000 2464.1792   16.7337
   -7.5000  -15.0000  -22.5000 2537.1736   15.7582
    0.0000  -15.0000  -22.5000 2539.2461   15.6756
    7.5000  -15.0000  -22.5000 2523.2053   15.8493
   -7.5000   -7.5000  -22.5000 2582.4290   15.1777
    0.0000   -7.5000  -22.5000 2587.2563   15.0776
    7.5000   -7.5000  -22.5000 2570.6099   15.2650
   -7.5000    0.0000  -22.5000 2609.3359   14.8148
    0.0000    0.0000  -22.5000 2617.4504   14.7036
    7.5000    0.0000  -22.5000 2597.6868   14.8591
   -7.5000    7.5000  -22.5000 2629.1411   14.6962
    0.0000    7.5000  -22.5000 2636.1104   14.5809
    7.5000    7.5000  -22.5000 2619.3821   14.7345
   -7.5000   15.0000  -22.5000 2619.1479   14.9240
    0.0000   15.0000  -22.5000 2630.8247   14.8260
    7.5000   15.0000  -22.5000 2607.1284   14.9716
   -7.5000   22.5000  -22.5000 2594.8257   15.4922
    0.0000   22.5000  -22.5000 2609.6968   15.3980
    7.5000   22.5000  -22.5000 2581.2976   15.5446
   -7.5000   30.0000  -22.5000 2533.5933   16.4116
    0.0000   30.0000  -22.5000 2548.2590   16.3317
    7.5000   30.0000  -22.5000 2524.3779   16.4777
   -7.5000   37.5000  -22.5000 2450.0203   17.7855
    0.0000   37.5000  -22.5000 2461.5920   17.7269
    7.5000   37.5000  -22.5000 2439.3220   17.8732
   -7.5000   45.0000  -22.5000 2341.6274   19.6407
    0.0000   45.0000  -22.5000 2353.1172   19.5712
    7.5000   45.0000  -22.5000 2332.3074   19.7236
   -7.5000  -45.0000  -15.0000 2204.7451   20.8629
    0.0000  -45.0000  -15.0000 2214.5723   20.8247
    7.5000  -45.0000  -15.0000 2197.5833   21.0386
   -7.5000  -37.5000  -15.0000 2344.7441   18.6787
    0.0000  -37.5000  -15.0000 2352.8735   18.6062
    7.5000  -37.5000  -15.0000 2334.8179   18.7953
   -7.5000  -30.0000  -15.0000 2461.5237   16.9943
    0.0000  -30.0000  -15.0000 2469.1338   16.9313
    7.5000  -30.0000  -15.0000 2455.5332   17.0883
   -7.5000  -22.5000  -15.0000 2558.0498   15.7109
    0.0000  -22.5000  -15.0000 2565.5400   15.6532
    7.5000  -22.5000  -15.0000 2552.0632   15.7829
   -7.5000  -15.0000  -15.0000 2632.4143   14.8340
    0.0000  -15.0000  -15.0000 2636.8579   14.7388
    7.5000  -15.0000  -15.0000 2621.4375   14.8909
   -7.5000   -7.5000  -15.0000 2682.6670   14.2661
    0.0000   -7.5000  -15.0000 2688.8298   14.1580
    7.5000   -7.5000  -15.0000 2676.7227   14.3288
   -7.5000    0.0000  -15.0000 2719.9800   13.9364
    0.0000    0.0000  -15.0000 2725.6951   13.8118
    7.5000    0.0000  -15.0000 2708.9653   13.9898
   -7.5000    7.5000  -15.0000 2737.9656   13.8193
    0.0000    7.5000  -15.0000 2743.3501   13.6974
    7.5000    7.5000  -15.0000 2730.8811   13.8874
   -7.5000   15.0000  -15.0000 2728.9253   14.0393
    0.0000   15.0000  -15.0000 2741.4614   13.9056
    7.5000   15.0000  -15.0000 2722.5842   14.1180
   -7.5000   22.5000  -15.0000 2702.2485   14.6106
    0.0000   22.5000  -15.0000 2715.4763   14.4781
    7.5000   22.5000  -15.0000 2693.7637   14.7019
   -7.5000   30.0000  -15.0000 2635.2119   15.5550
    0.0000   30.0000  -15.0000 2648.5474   15.4234
    7.5000   30.0000  -15.0000 2626.7256   15.6301
   -7.5000   37.5000  -15.0000 2541.3125   16.9337
    0.0000   37.5000  -15.0000 2553.1094   16.8013
    7.5000   37.5000  -15.0000 2530.8918   16.9706
   -7.5000   45.0000  -15.0000 2423.6462   18.7060
    0.0000   45.0000  -15.0000 2436.8506   18.5806
    7.5000   45.0000  -15.0000 2413.7405   18.7751
   -7.5000  -45.0000   -7.5000 2246.6936   19.9015
    0.0000  -45.0000   -7.5000 2261.1052   19.9072
    7.5000  -45.0000   -7.5000 2244.3447   20.1968
   -7.5000  -37.5000   -7.5000 2387.1089   17.7598
    0.0000  -37.5000   -7.5000 2401.2495   17.7515
    7.5000  -37.5000   -7.5000 2388.9653   17.9872
   -7.5000  -30.0000   -7.5000 2511.5833   16.1129
    0.0000  -30.0000   -7.5000 2523.8733   16.0561
    7.5000  -30.0000   -7.5000 2510.3975   16.2789
   -7.5000  -22.5000   -7.5000 2613.8118   14.8540
    0.0000  -22.5000   -7.5000 2624.7031   14.7974
    7.5000  -22.5000   -7.5000 2611.9773   14.9832
   -7.5000  -15.0000   -7.5000 2703.6472   13.9873
    0.0000  -15.0000   -7.5000 2712.1865   13.9287
    7.5000  -15.0000   -7.5000 2698.8958   14.0846
   -7.5000   -7.5000   -7.5000 2766.1946   13.4468
    0.0000   -7.5000   -7.5000 2778.3376   13.3472
    7.5000   -7.5000   -7.5000 2761.3586   13.5185
   -7.5000    0.0000   -7.5000 2813.3000   13.1264
    0.0000    0.0000   -7.5000 2826.6997   13.0429
    7.5000    0.0000   -7.5000 2803.8833   13.2229
   -7.5000    7.5000   -7.5000 2832.3018   13.0375
    0.0000    7.5000   -7.5000 2841.6094   12.9341
    7.5000    7.5000   -7.5000 2825.9021   13.1478
   -7.5000   15.0000   -7.5000 2821.6907   13.2457
    0.0000   15.0000   -7.5000 2835.3066   13.1228
    7.5000   15.0000   -7.5000 2818.6846   13.3602
   -7.5000   22.5000   -7.5000 2789.5103   13.8205
    0.0000   22.5000   -7.5000 2802.0242   13.6650
    7.5000   22.5000   -7.5000 2782.4316   13.9087
   -7.5000   30.0000   -7.5000 2709.3730   14.8080
    0.0000   30.0000   -7.5000 2718.7100   14.6343
    7.5000   30.0000   -7.5000 2701.8853   14.8645
   -7.5000   37.5000   -7.5000 2607.0454   16.1662
    0.0000   37.5000   -7.5000 2615.9458   15.9995
    7.5000   37.5000   -7.5000 2597.0906   16.2310
   -7.5000   45.0000   -7.5000 2482.4341   17.8840
    0.0000   45.0000   -7.5000 2492.3677   17.7193
    7.5000   45.0000   -7.5000 2473.2363   17.9650
   -7.5000  -45.0000    0.0000 2271.6433   19.1514
    0.0000  -45.0000    0.0000 2284.2715   19.1718
    7.5000  -45.0000    0.0000 2271.5059   19.5355
   -7.5000  -37.5000    0.0000 2416.6450   17.0749
    0.0000  -37.5000    0.0000 2429.2126   17.0529
    7.5000  -37.5000    0.0000 2419.8948   17.3948
   -7.5000  -30.0000    0.0000 2543.0015   15.4311
    0.0000  -30.0000    0.0000 2554.9292   15.4153
    7.5000  -30.0000    0.0000 2544.8857   15.7132
   -7.5000  -22.5000    0.0000 2652.1550   14.1895
    0.0000  -22.5000    0.0000 2667.4966   14.1503
    7.5000  -22.5000    0.0000 2657.3665   14.4324
   -7.5000  -15.0000    0.0000 2750.6833   13.3134
    0.0000  -15.0000    0.0000 2767.1904   13.2797
    7.5000  -15.0000    0.0000 2752.5210   13.5136
   -7.5000   -7.5000    0.0000 2830.0830   12.8040
    0.0000   -7.5000    0.0000 2850.8882   12.7636
    7.5000   -7.5000    0.0000 2826.4456   12.9601
   -7.5000    0.0000    0.0000 2885.0491   12.4715
    0.0000    0.0000    0.0000 2908.8147   12.4541
    7.5000    0.0000    0.0000 2877.5527   12.6444
   -7.5000    7.5000    0.0000 2906.0339   12.3721
    0.0000    7.5000    0.0000 2921.5081   12.3333
    7.5000    7.5000    0.0000 2900.5422   12.5467
   -7.5000   15.0000    0.0000 2891.1643   12.6287
    0.0000   15.0000    0.0000 2908.1570   12.5081
    7.5000   15.0000    0.0000 2887.0713   12.7629
   -7.5000   22.5000    0.0000 2847.3926   13.2319
    0.0000   22.5000    0.0000 2864.9370   13.0859
    7.5000   22.5000    0.0000 2843.5623   13.3583
   -7.5000   30.0000    0.0000 2759.6335   14.2379
    0.0000   30.0000    0.0000 2776.0151   14.0885
    7.5000   30.0000    0.0000 2756.2517   14.3704
   -7.5000   37.5000    0.0000 2650.4563   15.5862
    0.0000   37.5000    0.0000 2664.7610   15.4377
    7.5000   37.5000    0.0000 2643.5745   15.7083
   -7.5000   45.0000    0.0000 2521.0337   17.2629
    0.0000   45.0000    0.0000 2535.3049   17.1223
    7.5000   45.0000    0.0000 2512.6140   17.3752
   -7.5000  -45.0000    7.5000 2276.5393   18.6808
    0.0000  -45.0000    7.5000 2292.3721   18.6460
    7.5000  -45.0000    7.5000 2282.9578   19.0804
   -7.5000  -37.5000    7.5000 2425.0793   16.6341
    0.0000  -37.5000    7.5000 2440.1211   16.5785
    7.5000  -37.5000    7.5000 2430.9185   16.9486
   -7.5000  -30.0000    7.5000 2562.5430   15.0129
    0.0000  -30.0000    7.5000 2577.0769   14.9555
    7.5000  -30.0000    7.5000 2567.7136   15.2774
   -7.5000  -22.5000    7.5000 2678.4519   13.7744
    0.0000  -22.5000    7.5000 2695.3818   13.7266
    7.5000  -22.5000    7.5000 2684.0007   13.9925
   -7.5000  -15.0000    7.5000 2777.7751   12.8757
    0.0000  -15.0000    7.5000 2801.3396   12.8551
    7.5000  -15.0000    7.5000 2785.7236   13.0830
   -7.5000   -7.5000    7.5000 2861.6716   12.3220
    0.0000   -7.5000    7.5000 2896.5374   12.3443
    7.5000   -7.5000    7.5000 2863.8401   12.5143
   -7.5000    0.0000    7.5000 2922.3862   11.9531
    0.0000    0.0000    7.5000 2964.2678   11.9756
    7.5000    0.0000    7.5000 2915.9290   12.1645
   -7.5000    7.5000    7.5000 2946.9934   11.9078
    0.0000    7.5000    7.5000 2979.6956   11.8454
    7.5000    7.5000    7.5000 2937.7073   12.1134
   -7.5000   15.0000    7.5000 2939.2195   12.2735
    0.0000   15.0000    7.5000 2959.4724   12.1746
    7.5000   15.0000    7.5000 2927.2576   12.4095
   -7.5000   22.5000    7.5000 2888.9470   12.9125
    0.0000   22.5000    7.5000 2906.8303   12.8059
    7.5000   22.5000    7.5000 2880.0979   13.0404
   -7.5000   30.0000    7.5000 2793.6248   13.9009
    0.0000   30.0000    7.5000 2811.8716   13.7990
    7.5000   30.0000    7.5000 2787.3982   14.0471
   -7.5000   37.5000    7.5000 2674.5222   15.2129
    0.0000   37.5000    7.5000 2691.3767   15.0829
    7.5000   37.5000    7.5000 2672.8955   15.3416
   -7.5000   45.0000    7.5000 2542.0884   16.8304
    0.0000   45.0000    7.5000 2557.6760   16.6807
    7.5000   45.0000    7.5000 2538.3247   16.9725
   -7.5000  -45.0000   15.0000 2285.1421   18.7307
    0.0000  -45.0000   15.0000 2293.7207   18.5484
    7.5000  -45.0000   15.0000 2293.8030   19.0107
   -7.5000  -37.5000   15.0000 2430.3320   16.6150
    0.0000  -37.5000   15.0000 2440.5056   16.4343
    7.5000  -37.5000   15.0000 2440.6941   16.8532
   -7.5000  -30.0000   15.0000 2567.7266   14.9452
    0.0000  -30.0000   15.0000 2579.9226   14.8112
    7.5000  -30.0000   15.0000 2581.0195   15.1633
   -7.5000  -22.5000   15.0000 2689.4604   13.7030
    0.0000  -22.5000   15.0000 2702.7344   13.5952
    7.5000  -22.5000   15.0000 2700.5066   13.8827
   -7.5000  -15.0000   15.0000 2787.0308   12.7889
    0.0000  -15.0000   15.0000 2801.5806   12.7250
    7.5000  -15.0000   15.0000 2796.9004   12.9421
   -7.5000   -7.5000   15.0000 2871.5039   12.1946
    0.0000   -7.5000   15.0000 2899.1348   12.2107
    7.5000   -7.5000   15.0000 2875.7747   12.3326
   -7.5000    0.0000   15.0000 2938.6978   11.8710
    0.0000    0.0000   15.0000 2974.7478   11.8480
    7.5000    0.0000   15.0000 2930.3667   12.0135
   -7.5000    7.5000   15.0000 2972.8259   11.8452
    0.0000    7.5000   15.0000 2996.7375   11.7448
    7.5000    7.5000   15.0000 2952.6028   12.0044
   -7.5000   15.0000   15.0000 2962.6982   12.2645
    0.0000   15.0000   15.0000 2978.3423   12.1210
    7.5000   15.0000   15.0000 2941.0469   12.3511
   -7.5000   22.5000   15.0000 2904.1248   12.9594
    0.0000   22.5000   15.0000 2919.4165   12.8042
    7.5000   22.5000   15.0000 2890.3247   13.0263
   -7.5000   30.0000   15.0000 2804.2852   13.9439
    0.0000   30.0000   15.0000 2818.1406   13.7641
    7.5000   30.0000   15.0000 2795.4290   13.9879
   -7.5000   37.5000   15.0000 2683.5713   15.1559
    0.0000   37.5000   15.0000 2694.3650   14.9435
    7.5000   37.5000   15.0000 2675.6272   15.1894
   -7.5000   45.0000   15.0000 2546.1909   16.6878
    0.0000   45.0000   15.0000 2556.5737   16.4495
    7.5000   45.0000   15.0000 2541.7263   16.7344
   -7.5000  -45.0000   22.5000 2291.1704   19.0651
    0.0000  -45.0000   22.5000 2297.9146   18.8078
    7.5000  -45.0000   22.5000 2298.1663   19.2280
   -7.5000  -37.5000   22.5000 2440.8738   16.9197
    0.0000  -37.5000   22.5000 2446.5991   16.6847
    7.5000  -37.5000   22.5000 2448.0659   17.0699
   -7.5000  -30.0000   22.5000 2574.8818   15.2426
    0.0000  -30.0000   22.5000 2583.8247   15.0236
    7.5000  -30.0000   22.5000 2589.7764   15.3375
   -7.5000  -22.5000   22.5000 2694.0461   13.9866
    0.0000  -22.5000   22.5000 2703.7278   13.7960
    7.5000  -22.5000   22.5000 2707.8137   14.0514
   -7.5000  -15.0000   22.5000 2791.8406   13.0727
    0.0000  -15.0000   22.5000 2800.5637   12.9421
    7.5000  -15.0000   22.5000 2796.2297   13.0852
   -7.5000   -7.5000   22.5000 2880.6436   12.5009
    0.0000   -7.5000   22.5000 2900.0833   12.4038
    7.5000   -7.5000   22.5000 2875.1772   12.4706
   -7.5000    0.0000   22.5000 2939.4944   12.2477
    0.0000    0.0000   22.5000 2971.6238   12.1439
    7.5000    0.0000   22.5000 2924.7373   12.1756
   -7.5000    7.5000   22.5000 2960.5889   12.2035
    0.0000    7.5000   22.5000 2990.4324   12.1172
    7.5000    7.5000   22.5000 2939.4531   12.1954
   -7.5000   15.0000   22.5000 2937.0015   12.4328
    0.0000   15.0000   22.5000 2962.3430   12.3608
    7.5000   15.0000   22.5000 2921.4189   12.5256
   -7.5000   22.5000   22.5000 2872.1843   13.0522
    0.0000   22.5000   22.5000 2893.0786   12.9764
    7.5000   22.5000   22.5000 2865.6902   13.1823
   -7.5000   30.0000   22.5000 2776.4888   14.0353
    0.0000   30.0000   22.5000 2793.5508   13.9307
    7.5000   30.0000   22.5000 2775.2659   14.1471
   -7.5000   37.5000   22.5000 2663.8779   15.2342
    0.0000   37.5000   22.5000 2675.8403   15.0914
    7.5000   37.5000   22.5000 2661.2351   15.3428
   -7.5000   45.0000   22.5000 2532.2344   16.7817
    0.0000   45.0000   22.5000 2541.5632   16.6008
    7.5000   45.0000   22.5000 2527.3870   16.8416
   -7.5000  -45.0000   30.0000 2275.3567   19.5535
    0.0000  -45.0000   30.0000 2285.6401   19.1984
    7.5000  -45.0000   30.0000 2282.7876   19.6337
   -7.5000  -37.5000   30.0000 2426.3887   17.4425
    0.0000  -37.5000   30.0000 2436.1230   17.1210
    7.5000  -37.5000   30.0000 2430.6196   17.4641
   -7.5000  -30.0000   30.0000 2562.7268   15.8090
    0.0000  -30.0000   30.0000 2569.2480   15.5000
    7.5000  -30.0000   30.0000 2566.2939   15.7661
   -7.5000  -22.5000   30.0000 2679.2673   14.5432
    0.0000  -22.5000   30.0000 2686.0930   14.2809
    7.5000  -22.5000   30.0000 2684.5012   14.4944
   -7.5000  -15.0000   30.0000 2769.9255   13.5931
    0.0000  -15.0000   30.0000 2777.0508   13.3974
    7.5000  -15.0000   30.0000 2769.7627   13.5480
   -7.5000   -7.5000   30.0000 2847.3088   13.0103
    0.0000   -7.5000   30.0000 2865.3081   12.8439
    7.5000   -7.5000   30.0000 2846.9475   12.9663
   -7.5000    0.0000   30.0000 2889.3669   12.7585
    0.0000    0.0000   30.0000 2919.1982   12.6108
    7.5000    0.0000   30.0000 2886.8499   12.7252
   -7.5000    7.5000   30.0000 2899.1365   12.7479
    0.0000    7.5000   30.0000 2929.4302   12.6476
    7.5000    7.5000   30.0000 2894.0461   12.7075
   -7.5000   15.0000   30.0000 2874.1111   12.9875
    0.0000   15.0000   30.0000 2898.7095   12.8815
    7.5000   15.0000   30.0000 2868.9507   12.9486
   -7.5000   22.5000   30.0000 2816.2847   13.5248
    0.0000   22.5000   30.0000 2833.0310   13.4480
    7.5000   22.5000   30.0000 2811.8240   13.5834
   -7.5000   30.0000   30.0000 2725.7295   14.4172
    0.0000   30.0000   30.0000 2739.8782   14.2939
    7.5000   30.0000   30.0000 2723.3113   14.4994
   -7.5000   37.5000   30.0000 2617.0256   15.5663
    0.0000   37.5000   30.0000 2628.7461   15.4115
    7.5000   37.5000   30.0000 2616.4680   15.6372
   -7.5000   45.0000   30.0000 2488.6047   17.0580
    0.0000   45.0000   30.0000 2497.3762   16.8879
    7.5000   45.0000   30.0000 2489.1685   17.1347
   -7.5000  -45.0000   37.5000 2250.1633   20.2419
    0.0000  -45.0000   37.5000 2267.3176   19.8539
    7.5000  -45.0000   37.5000 2255.2915   20.3352
   -7.5000  -37.5000   37.5000 2397.8303   18.1288
    0.0000  -37.5000   37.5000 2411.1636   17.7465
    7.5000  -37.5000   37.5000 2405.4548   18.1850
   -7.5000  -30.0000   37.5000 2526.4739   16.4517
    0.0000  -30.0000   37.5000 2536.9502   16.0887
    7.5000  -30.0000   37.5000 2537.9487   16.4923
   -7.5000  -22.5000   37.5000 2638.8030   15.1707
    0.0000  -22.5000   37.5000 2643.9531   14.8515
    7.5000  -22.5000   37.5000 2648.4038   15.1993
   -7.5000  -15.0000   37.5000 2722.0649   14.2038
    0.0000  -15.0000   37.5000 2727.6689   13.9309
    7.5000  -15.0000   37.5000 2729.5229   14.2421
   -7.5000   -7.5000   37.5000 2789.4548   13.6116
    0.0000   -7.5000   37.5000 2800.1680   13.3585
    7.5000   -7.5000   37.5000 2795.4270   13.6641
   -7.5000    0.0000   37.5000 2824.8645   13.3532
    0.0000    0.0000   37.5000 2845.5803   13.1388
    7.5000    0.0000   37.5000 2828.1765   13.4122
   -7.5000    7.5000   37.5000 2830.6448   13.3467
    0.0000    7.5000   37.5000 2855.4551   13.1653
    7.5000    7.5000   37.5000 2832.6997   13.4058
   -7.5000   15.0000   37.5000 2799.3052   13.5738
    0.0000   15.0000   37.5000 2821.2412   13.4157
    7.5000   15.0000   37.5000 2801.6038   13.5928
   -7.5000   22.5000   37.5000 2745.1436   14.1890
    0.0000   22.5000   37.5000 2760.8792   14.0517
    7.5000   22.5000   37.5000 2743.5813   14.2158
   -7.5000   30.0000   37.5000 2656.8123   15.0671
    0.0000   30.0000   37.5000 2674.0271   14.9386
    7.5000   30.0000   37.5000 2657.5667   15.0929
   -7.5000   37.5000   37.5000 2551.2163   16.1560
    0.0000   37.5000   37.5000 2563.4880   16.0124
    7.5000   37.5000   37.5000 2550.9258   16.1810
   -7.5000   45.0000   37.5000 2428.0430   17.6031
    0.0000   45.0000   37.5000 2441.4619   17.4444
    7.5000   45.0000   37.5000 2429.4146   17.6638
   -7.5000  -45.0000   45.0000 2215.1375   21.1666
    0.0000  -45.0000   45.0000 2238.3977   20.7770
    7.5000  -45.0000   45.0000 2219.6064   21.2572
   -7.5000  -37.5000   45.0000 2362.2854   18.9998
    0.0000  -37.5000   45.0000 2378.6057   18.6344
    7.5000  -37.5000   45.0000 2367.7754   19.0605
   -7.5000  -30.0000   45.0000 2481.9343   17.3296
    0.0000  -30.0000   45.0000 2493.7400   16.9536
    7.5000  -30.0000   45.0000 2491.1289   17.3494
   -7.5000  -22.5000   45.0000 2577.2000   16.0076
    0.0000  -22.5000   45.0000 2587.4517   15.6913
    7.5000  -22.5000   45.0000 2589.3433   16.0334
   -7.5000  -15.0000   45.0000 2653.3210   15.0633
    0.0000  -15.0000   45.0000 2661.0581   14.7597
    7.5000  -15.0000   45.0000 2663.3391   15.0949
   -7.5000   -7.5000   45.0000 2708.4919   14.4642
    0.0000   -7.5000   45.0000 2715.5068   14.2062
    7.5000   -7.5000   45.0000 2717.1768   14.5165
   -7.5000    0.0000   45.0000 2740.0740   14.1800
    0.0000    0.0000   45.0000 2752.6821   13.9690
    7.5000    0.0000   45.0000 2745.2764   14.2031
   -7.5000    7.5000   45.0000 2747.2136   14.1627
    0.0000    7.5000   45.0000 2766.7786   13.9637
    7.5000    7.5000   45.0000 2751.1147   14.1718
   -7.5000   15.0000   45.0000 2720.0410   14.3950
    0.0000   15.0000   45.0000 2736.0237   14.2062
    7.5000   15.0000   45.0000 2723.8311   14.3943
   -7.5000   22.5000   45.0000 2661.4155   15.0118
    0.0000   22.5000   45.0000 2679.1003   14.8440
    7.5000   22.5000   45.0000 2664.4719   15.0434
   -7.5000   30.0000   45.0000 2579.9783   15.9079
    0.0000   30.0000   45.0000 2595.2310   15.7459
    7.5000   30.0000   45.0000 2579.0801   15.9437
   -7.5000   37.5000   45.0000 2476.7302   17.0300
    0.0000   37.5000   45.0000 2490.6511   16.8643
    7.5000   37.5000   45.0000 2480.9578   17.0523
   -7.5000   45.0000   45.0000 2356.4045   18.5089
    0.0000   45.0000   45.0000 2370.4138   18.3344
    7.5000   45.0000   45.0000 2362.2717   18.5463

---------------------------------------------------------------------
imgreg_4dfp /opt/freesurfer/average/711-2C_as_mni_average_305 /opt/freesurfer/average/711-2B_as_mni_average_305_mask talsrcimg_g11 none talsrcimg_to_711-2C_as_mni_average_305_t4 1283
---------------------------------------------------------------------

freesurfer imgreg_4dfp.c
/opt/freesurfer/average/711-2C_as_mni_average_305.4dfp.img
       256       256       256         1
  1.000000  1.000000  1.000000
orientation T byte_order littleendian
Reading image: /opt/freesurfer/average/711-2C_as_mni_average_305.4dfp.img
dimensions:      256       256       256
mmppix:       1.0000   -1.0000   -1.0000
center:     128.0000 -129.0000 -129.0000
/opt/freesurfer/average/711-2B_as_mni_average_305_mask.4dfp.img
       256       256       256         1
  1.000000  1.000000  1.000000
orientation T byte_order littleendian
Reading mask: /opt/freesurfer/average/711-2B_as_mni_average_305_mask.4dfp.img (2306576 pixels)
talsrcimg_g11.4dfp.img
       256       256       256         1
  1.000000  1.000000  1.000000
orientation T byte_order littleendian
Reading image: talsrcimg_g11.4dfp.img
dimensions:      256       256       256
mmppix:       1.0000   -1.0000   -1.0000
center:     128.0000 -129.0000 -129.0000
rotation matrix determinant  1.000000
fimgreg.f
image alignment mode   1283 decimal      503 hex
parameters
    0.0000    7.5000   15.0000    0.0000    0.0000    0.0000
eta,q 0.94039 11.75581
niter,ni,del,rscale     5    3   12.0000    1.2000
parameter  3  0.302992 -> -0.500000 qaram    1.1500
parameter  4 -1.609602 -> -0.500000 qaram    1.1500
parameter  5  0.857495 ->  0.500000 qaram    1.1500
parameter  6  0.842367 ->  0.500000 qaram    1.1500
parameters
   -0.7924    8.7968   18.4500    3.4500   -3.4500   -3.4500
eta,q 0.94587 11.84669
  0.0664  0.0657  0.0600  0.0630  0.0562  0.0545
  0.0635  0.0619  0.0598  0.0605  0.0554  0.0541
  0.0617  0.0605  0.0605  0.0590  0.0559  0.0544
  0.0608  0.0608  0.0609  0.0584  0.0575  0.0555
  0.0620  0.0608  0.0598  0.0582  0.0599  0.0571
  0.0659  0.0609  0.0587  0.0571  0.0622  0.0587
  0.0710  0.0618  0.0598  0.0558  0.0639  0.0601
niter,ni,del,rscale     7    3   12.0000    1.2000
parameter  4 -0.811268 -> -0.500000 qaram    1.3225
parameters
   -0.3578    5.9753   17.6632    7.4175   -3.4285   -1.6207
eta,q 0.94840 11.77535
  0.0652  0.0541  0.0573  0.0584  0.0578  0.0577
  0.0601  0.0535  0.0589  0.0550  0.0552  0.0561
  0.0560  0.0533  0.0566  0.0539  0.0532  0.0540
  0.0541  0.0542  0.0533  0.0541  0.0522  0.0521
  0.0555  0.0556  0.0543  0.0534  0.0527  0.0516
  0.0585  0.0587  0.0572  0.0518  0.0549  0.0527
  0.0623  0.0631  0.0636  0.0523  0.0580  0.0545
niter,ni,del,rscale     7    3   12.0000    1.2000
parameters
   -0.4127    4.2350   17.7080    9.4860   -2.8181   -1.6287
eta,q 0.95132 11.73786
  0.0607  0.0544  0.0547  0.0563  0.0563  0.0547
  0.0565  0.0525  0.0536  0.0542  0.0531  0.0520
  0.0528  0.0515  0.0533  0.0537  0.0502  0.0493
  0.0516  0.0516  0.0514  0.0513  0.0488  0.0487
  0.0529  0.0540  0.0508  0.0487  0.0489  0.0499
  0.0562  0.0570  0.0522  0.0508  0.0509  0.0520
  0.0614  0.0610  0.0564  0.0537  0.0545  0.0545
niter,ni,del,rscale     6    3   12.0000    1.2000
parameters
   -0.5187    3.6775   17.1445   10.1496   -2.6363   -1.4253
eta,q 0.95169 11.70519
  0.0585  0.0570  0.0522  0.0549  0.0556  0.0553
  0.0540  0.0531  0.0507  0.0543  0.0524  0.0522
  0.0501  0.0499  0.0499  0.0526  0.0495  0.0493
  0.0487  0.0487  0.0485  0.0488  0.0483  0.0483
  0.0499  0.0518  0.0487  0.0492  0.0488  0.0495
  0.0540  0.0556  0.0508  0.0519  0.0515  0.0517
  0.0597  0.0600  0.0551  0.0549  0.0553  0.0544
niter,ni,del,rscale     5    3   12.0000    1.2000
parameters
   -0.4243    3.5080   16.8412   10.6464   -2.6879   -1.2590
eta,q 0.95175 11.67966
  0.0593  0.0580  0.0520  0.0550  0.0551  0.0555
  0.0547  0.0540  0.0501  0.0544  0.0520  0.0522
  0.0504  0.0501  0.0493  0.0521  0.0493  0.0492
  0.0483  0.0483  0.0482  0.0484  0.0482  0.0482
  0.0492  0.0511  0.0481  0.0496  0.0490  0.0495
  0.0536  0.0547  0.0500  0.0521  0.0519  0.0518
  0.0594  0.0589  0.0537  0.0552  0.0556  0.0546
niter,ni,del,rscale     4    3   12.0000    1.2000
parameters
   -0.3248    3.3931   16.6391   10.9720   -2.7656   -1.1728
eta,q 0.95175 11.66346
  0.0594  0.0581  0.0518  0.0551  0.0550  0.0554
  0.0550  0.0542  0.0498  0.0543  0.0519  0.0521
  0.0505  0.0499  0.0490  0.0516  0.0493  0.0492
  0.0482  0.0482  0.0482  0.0482  0.0482  0.0482
  0.0492  0.0511  0.0480  0.0499  0.0491  0.0497
  0.0537  0.0545  0.0496  0.0524  0.0520  0.0520
  0.0595  0.0586  0.0531  0.0554  0.0556  0.0548
niter,ni,del,rscale     3    3   12.0000    1.2000
parameters
   -0.2509    3.2993   16.6098   11.1536   -2.8256   -1.1476
eta,q 0.95179 11.65873
  0.0595  0.0581  0.0519  0.0551  0.0550  0.0553
  0.0551  0.0542  0.0498  0.0541  0.0519  0.0520
  0.0505  0.0498  0.0489  0.0512  0.0492  0.0491
  0.0482  0.0482  0.0482  0.0482  0.0482  0.0482
  0.0492  0.0510  0.0479  0.0501  0.0490  0.0497
  0.0540  0.0544  0.0494  0.0526  0.0519  0.0520
  0.0598  0.0585  0.0526  0.0556  0.0554  0.0549
niter,ni,del,rscale     2    3   12.0000    1.2000
parameters
   -0.2146    3.2292   16.6139   11.2581   -2.8622   -1.1429
eta,q 0.95182 11.65732
  0.0594  0.0581  0.0519  0.0551  0.0550  0.0553
  0.0551  0.0543  0.0497  0.0540  0.0519  0.0519
  0.0505  0.0498  0.0488  0.0510  0.0493  0.0490
  0.0482  0.0482  0.0482  0.0482  0.0482  0.0482
  0.0493  0.0510  0.0479  0.0501  0.0490  0.0497
  0.0542  0.0543  0.0493  0.0527  0.0518  0.0521
  0.0600  0.0584  0.0525  0.0557  0.0553  0.0550
niter,ni,del,rscale     1    3   12.0000    1.2000
parameters
   -0.1963    3.1810   16.6179   11.3198   -2.8825   -1.1455
eta,q 0.95184 11.65670
  0.0594  0.0582  0.0519  0.0550  0.0550  0.0553
  0.0550  0.0544  0.0497  0.0539  0.0519  0.0519
  0.0504  0.0497  0.0488  0.0508  0.0492  0.0490
  0.0482  0.0482  0.0481  0.0481  0.0482  0.0482
  0.0493  0.0509  0.0479  0.0502  0.0489  0.0497
  0.0542  0.0543  0.0493  0.0527  0.0518  0.0521
  0.0601  0.0583  0.0524  0.0557  0.0553  0.0550
registration optimization eta report
parameter search radius
    6.0000    6.0000    6.9000    7.9350    6.9000    6.9000
100000*second partial in parameter space
       31.       26.        9.       10.       14.       14.
  0.0594  0.0582  0.0519  0.0550  0.0550  0.0553
  0.0550  0.0544  0.0497  0.0539  0.0519  0.0519
  0.0504  0.0497  0.0488  0.0508  0.0492  0.0490
  0.0482  0.0482  0.0481  0.0481  0.0482  0.0482
  0.0493  0.0509  0.0479  0.0502  0.0489  0.0497
  0.0542  0.0543  0.0493  0.0527  0.0518  0.0521
  0.0601  0.0583  0.0524  0.0557  0.0553  0.0550
   -0.1963    3.1810   16.6179   11.3198   -2.8825   -1.1455
eta,q 0.95184 11.65670

---------------------------------------------------------------------
imgreg_4dfp /opt/freesurfer/average/711-2C_as_mni_average_305 /opt/freesurfer/average/711-2B_as_mni_average_305_mask talsrcimg_g11 none talsrcimg_to_711-2C_as_mni_average_305_t4 3335
---------------------------------------------------------------------

freesurfer imgreg_4dfp.c
/opt/freesurfer/average/711-2C_as_mni_average_305.4dfp.img
       256       256       256         1
  1.000000  1.000000  1.000000
orientation T byte_order littleendian
Reading image: /opt/freesurfer/average/711-2C_as_mni_average_305.4dfp.img
dimensions:      256       256       256
mmppix:       1.0000   -1.0000   -1.0000
center:     128.0000 -129.0000 -129.0000
/opt/freesurfer/average/711-2B_as_mni_average_305_mask.4dfp.img
       256       256       256         1
  1.000000  1.000000  1.000000
orientation T byte_order littleendian
Reading mask: /opt/freesurfer/average/711-2B_as_mni_average_305_mask.4dfp.img (2306576 pixels)
talsrcimg_g11.4dfp.img
       256       256       256         1
  1.000000  1.000000  1.000000
orientation T byte_order littleendian
Reading image: talsrcimg_g11.4dfp.img
dimensions:      256       256       256
mmppix:       1.0000   -1.0000   -1.0000
center:     128.0000 -129.0000 -129.0000
fimgreg.f
image alignment mode   3335 decimal      D07 hex
parameters
   -0.1963    3.1810   16.6179   -0.1465   -1.9846   -2.0694
    2.9471    4.5375   -1.9966  -19.7232   -5.0287   19.6037
eta,q 0.95231 11.62724
niter,ni,del,rscale     5    3    5.0000    1.2000
parameter  4  1.138233 ->  0.500000 qaram    1.1500
parameter  5  1.872914 ->  0.500000 qaram    1.1500
parameter  6  5.489144 ->  0.500000 qaram    1.1500
parameters
   -0.5304    2.8445   16.6162   -4.2865   -6.1246   -6.2094
    5.4924    6.4724   -2.4493  -16.4823   -1.7291   16.1017
eta,q 0.96744 11.34133
  0.0494  0.0489  0.0481  0.0435  0.0391  0.0316  0.0387  0.0405  0.0356  0.0398  0.0371  0.0329
  0.0483  0.0481  0.0478  0.0440  0.0405  0.0340  0.0370  0.0381  0.0347  0.0373  0.0356  0.0326
  0.0477  0.0476  0.0475  0.0452  0.0423  0.0377  0.0358  0.0361  0.0342  0.0353  0.0343  0.0326
  0.0477  0.0476  0.0475  0.0475  0.0442  0.0410  0.0349  0.0347  0.0341  0.0341  0.0334  0.0329
  0.0482  0.0481  0.0477  0.0509  0.0470  0.0443  0.0347  0.0341  0.0344  0.0335  0.0329  0.0336
  0.0492  0.0488  0.0478  0.0547  0.0503  0.0479  0.0349  0.0348  0.0350  0.0335  0.0330  0.0347
  0.0506  0.0497  0.0481  0.0586  0.0535  0.0521  0.0356  0.0367  0.0360  0.0345  0.0336  0.0363
niter,ni,del,rscale     7    3    5.0000    1.2000
parameter  3  0.757318 ->  0.500000 qaram    1.1500
parameter  5  0.844373 ->  0.500000 qaram    1.3225
parameter  6  0.828544 ->  0.500000 qaram    1.3225
parameters
   -0.3248    2.2582   15.2362   -7.1264  -10.8856  -10.9704
    5.4140    4.8485   -2.7120  -19.2495   -3.0377   13.9869
eta,q 0.97440 11.00286
  0.0358  0.0335  0.0315  0.0326  0.0296  0.0269  0.0283  0.0284  0.0274  0.0270  0.0267  0.0262
  0.0341  0.0326  0.0314  0.0319  0.0295  0.0265  0.0274  0.0269  0.0268  0.0261  0.0261  0.0258
  0.0330  0.0323  0.0317  0.0314  0.0303  0.0270  0.0267  0.0263  0.0264  0.0258  0.0258  0.0256
  0.0326  0.0325  0.0324  0.0315  0.0314  0.0296  0.0265  0.0265  0.0263  0.0263  0.0258  0.0258
  0.0327  0.0331  0.0335  0.0327  0.0333  0.0339  0.0267  0.0274  0.0265  0.0275  0.0262  0.0261
  0.0335  0.0339  0.0350  0.0356  0.0362  0.0385  0.0274  0.0290  0.0269  0.0289  0.0268  0.0267
  0.0349  0.0351  0.0368  0.0402  0.0390  0.0428  0.0284  0.0314  0.0276  0.0307  0.0276  0.0274
niter,ni,del,rscale     7    3    5.0000    1.2000
parameter  3  1.037140 ->  0.500000 qaram    1.3225
parameters
   -0.4917    1.8390   13.6492   -3.6993  -12.0169  -13.9330
    5.2946    4.9032   -2.7418  -19.0135   -2.9382   16.0837
eta,q 0.97756 11.05787
  0.0275  0.0270  0.0232  0.0268  0.0264  0.0261  0.0247  0.0268  0.0241  0.0257  0.0243  0.0248
  0.0264  0.0260  0.0232  0.0256  0.0244  0.0244  0.0236  0.0247  0.0233  0.0240  0.0233  0.0238
  0.0257  0.0255  0.0240  0.0244  0.0230  0.0227  0.0229  0.0232  0.0228  0.0230  0.0227  0.0230
  0.0256  0.0256  0.0255  0.0234  0.0224  0.0225  0.0226  0.0226  0.0226  0.0226  0.0226  0.0226
  0.0259  0.0261  0.0275  0.0225  0.0235  0.0260  0.0228  0.0230  0.0228  0.0228  0.0228  0.0224
  0.0268  0.0271  0.0299  0.0225  0.0259  0.0312  0.0236  0.0245  0.0233  0.0238  0.0233  0.0227
  0.0281  0.0284  0.0324  0.0240  0.0289  0.0369  0.0249  0.0268  0.0241  0.0253  0.0241  0.0232
niter,ni,del,rscale     7    3    5.0000    1.2000
parameters
   -0.4035    1.8558   12.5035   -3.4983  -11.2245  -15.4602
    5.3359    5.0219   -2.7460  -19.0533   -2.4191   16.3783
eta,q 0.97758 11.04895
  0.0252  0.0247  0.0234  0.0254  0.0269  0.0266  0.0246  0.0266  0.0240  0.0253  0.0241  0.0238
  0.0237  0.0234  0.0223  0.0242  0.0248  0.0249  0.0235  0.0245  0.0232  0.0237  0.0232  0.0231
  0.0228  0.0226  0.0219  0.0230  0.0230  0.0233  0.0227  0.0230  0.0226  0.0228  0.0227  0.0226
  0.0224  0.0224  0.0224  0.0219  0.0219  0.0217  0.0224  0.0224  0.0224  0.0224  0.0224  0.0224
  0.0227  0.0227  0.0237  0.0216  0.0220  0.0226  0.0226  0.0228  0.0226  0.0228  0.0225  0.0225
  0.0234  0.0234  0.0255  0.0229  0.0235  0.0273  0.0234  0.0242  0.0232  0.0239  0.0230  0.0229
  0.0248  0.0245  0.0278  0.0261  0.0258  0.0331  0.0247  0.0264  0.0241  0.0252  0.0237  0.0236
niter,ni,del,rscale     6    3    5.0000    1.2000
parameters
   -0.3090    2.0762   12.0405   -3.2123  -10.8776  -16.1852
    5.3097    4.9942   -2.9322  -18.8363   -2.1995   16.0065
eta,q 0.97745 11.03426
  0.0251  0.0251  0.0243  0.0257  0.0270  0.0271  0.0248  0.0267  0.0241  0.0256  0.0241  0.0237
  0.0237  0.0237  0.0230  0.0246  0.0248  0.0253  0.0236  0.0245  0.0233  0.0239  0.0233  0.0230
  0.0228  0.0228  0.0224  0.0234  0.0232  0.0237  0.0229  0.0231  0.0227  0.0230  0.0227  0.0226
  0.0224  0.0224  0.0224  0.0223  0.0222  0.0222  0.0226  0.0225  0.0226  0.0226  0.0226  0.0226
  0.0226  0.0226  0.0230  0.0219  0.0227  0.0219  0.0228  0.0230  0.0228  0.0229  0.0227  0.0228
  0.0234  0.0232  0.0241  0.0232  0.0243  0.0253  0.0236  0.0245  0.0234  0.0239  0.0232  0.0232
  0.0247  0.0242  0.0257  0.0263  0.0265  0.0309  0.0249  0.0268  0.0243  0.0251  0.0239  0.0239
niter,ni,del,rscale     5    3    5.0000    1.2000
parameters
   -0.2786    2.2257   11.8169   -3.1017  -10.6883  -16.4188
    5.3121    4.9716   -3.0111  -18.5865   -2.1254   15.7201
eta,q 0.97742 11.02917
  0.0252  0.0251  0.0247  0.0258  0.0271  0.0274  0.0248  0.0267  0.0242  0.0256  0.0241  0.0237
  0.0237  0.0238  0.0233  0.0247  0.0250  0.0255  0.0237  0.0246  0.0233  0.0240  0.0233  0.0231
  0.0229  0.0229  0.0226  0.0236  0.0234  0.0239  0.0229  0.0231  0.0228  0.0230  0.0227  0.0227
  0.0226  0.0225  0.0226  0.0225  0.0225  0.0225  0.0226  0.0226  0.0226  0.0226  0.0226  0.0226
  0.0228  0.0228  0.0230  0.0222  0.0231  0.0218  0.0228  0.0231  0.0228  0.0230  0.0228  0.0228
  0.0237  0.0234  0.0239  0.0236  0.0246  0.0245  0.0236  0.0246  0.0234  0.0239  0.0233  0.0232
  0.0251  0.0245  0.0252  0.0267  0.0269  0.0298  0.0249  0.0268  0.0243  0.0251  0.0240  0.0239
niter,ni,del,rscale     4    3    5.0000    1.2000
parameters
   -0.2788    2.3188   11.7199   -3.0796  -10.6041  -16.4781
    5.3115    4.9610   -3.0395  -18.4178   -2.0988   15.5603
eta,q 0.97742 11.02721
  0.0252  0.0250  0.0249  0.0258  0.0271  0.0275  0.0248  0.0268  0.0242  0.0256  0.0241  0.0238
  0.0238  0.0237  0.0234  0.0248  0.0250  0.0256  0.0237  0.0246  0.0233  0.0239  0.0233  0.0231
  0.0229  0.0229  0.0227  0.0236  0.0234  0.0240  0.0229  0.0231  0.0228  0.0229  0.0227  0.0227
  0.0226  0.0226  0.0226  0.0226  0.0226  0.0226  0.0226  0.0226  0.0226  0.0226  0.0226  0.0226
  0.0229  0.0228  0.0230  0.0223  0.0232  0.0218  0.0228  0.0231  0.0228  0.0230  0.0228  0.0228
  0.0237  0.0235  0.0238  0.0237  0.0248  0.0242  0.0236  0.0246  0.0233  0.0240  0.0233  0.0232
  0.0252  0.0246  0.0250  0.0269  0.0271  0.0294  0.0249  0.0268  0.0243  0.0252  0.0241  0.0239
niter,ni,del,rscale     3    3    5.0000    1.2000
parameters
   -0.2812    2.3716   11.6782   -3.0778  -10.5681  -16.4971
    5.3041    4.9578   -3.0377  -18.3261   -2.0949   15.4754
eta,q 0.97742 11.02611
  0.0252  0.0249  0.0250  0.0258  0.0271  0.0275  0.0248  0.0268  0.0242  0.0255  0.0241  0.0238
  0.0238  0.0237  0.0235  0.0248  0.0250  0.0256  0.0237  0.0246  0.0234  0.0239  0.0233  0.0231
  0.0229  0.0229  0.0227  0.0236  0.0234  0.0240  0.0229  0.0231  0.0228  0.0229  0.0227  0.0227
  0.0226  0.0226  0.0226  0.0226  0.0226  0.0226  0.0226  0.0226  0.0226  0.0226  0.0226  0.0226
  0.0229  0.0229  0.0230  0.0223  0.0233  0.0218  0.0228  0.0231  0.0228  0.0230  0.0228  0.0228
  0.0238  0.0236  0.0238  0.0238  0.0248  0.0241  0.0236  0.0246  0.0233  0.0240  0.0233  0.0232
  0.0252  0.0247  0.0250  0.0269  0.0271  0.0293  0.0249  0.0268  0.0242  0.0252  0.0241  0.0238
niter,ni,del,rscale     2    3    5.0000    1.2000
parameters
   -0.2836    2.3973   11.6591   -3.0775  -10.5498  -16.5047
    5.2966    4.9559   -3.0308  -18.2768   -2.0949   15.4300
eta,q 0.97741 11.02550
  0.0252  0.0249  0.0251  0.0258  0.0271  0.0275  0.0248  0.0268  0.0242  0.0255  0.0241  0.0238
  0.0238  0.0236  0.0235  0.0248  0.0250  0.0256  0.0237  0.0246  0.0234  0.0239  0.0233  0.0231
  0.0229  0.0228  0.0228  0.0236  0.0234  0.0240  0.0229  0.0231  0.0228  0.0229  0.0228  0.0227
  0.0226  0.0226  0.0226  0.0226  0.0226  0.0226  0.0226  0.0226  0.0226  0.0226  0.0226  0.0226
  0.0229  0.0229  0.0230  0.0223  0.0233  0.0218  0.0228  0.0231  0.0228  0.0231  0.0228  0.0228
  0.0238  0.0236  0.0237  0.0238  0.0248  0.0241  0.0236  0.0246  0.0233  0.0240  0.0233  0.0232
  0.0252  0.0247  0.0249  0.0269  0.0271  0.0292  0.0249  0.0268  0.0242  0.0252  0.0241  0.0238
niter,ni,del,rscale     1    3    5.0000    1.2000
parameters
   -0.2855    2.4104   11.6482   -3.0788  -10.5408  -16.5064
    5.2929    4.9560   -3.0297  -18.2535   -2.0986   15.4051
eta,q 0.97741 11.02526
  0.0252  0.0249  0.0251  0.0258  0.0271  0.0275  0.0248  0.0268  0.0242  0.0255  0.0241  0.0239
  0.0238  0.0236  0.0235  0.0248  0.0250  0.0256  0.0237  0.0246  0.0234  0.0239  0.0233  0.0231
  0.0229  0.0228  0.0228  0.0237  0.0234  0.0240  0.0229  0.0232  0.0228  0.0229  0.0227  0.0227
  0.0226  0.0226  0.0226  0.0226  0.0226  0.0226  0.0226  0.0226  0.0226  0.0226  0.0226  0.0226
  0.0229  0.0229  0.0229  0.0223  0.0233  0.0218  0.0228  0.0231  0.0228  0.0231  0.0228  0.0228
  0.0238  0.0236  0.0237  0.0238  0.0249  0.0241  0.0236  0.0246  0.0233  0.0241  0.0233  0.0232
  0.0252  0.0248  0.0249  0.0269  0.0272  0.0292  0.0249  0.0268  0.0242  0.0253  0.0241  0.0238
registration optimization eta report
parameter search radius
    2.4000    2.4000    3.1740    8.2800    9.5220    9.5220
    7.2000    7.2000    7.2000    7.2000    7.2000    7.2000
100000*second partial in parameter space
       46.       38.       24.        5.        5.        7.
        4.        8.        3.        5.        3.        2.
  0.0252  0.0249  0.0251  0.0258  0.0271  0.0275  0.0248  0.0268  0.0242  0.0255  0.0241  0.0239
  0.0238  0.0236  0.0235  0.0248  0.0250  0.0256  0.0237  0.0246  0.0234  0.0239  0.0233  0.0231
  0.0229  0.0228  0.0228  0.0237  0.0234  0.0240  0.0229  0.0232  0.0228  0.0229  0.0227  0.0227
  0.0226  0.0226  0.0226  0.0226  0.0226  0.0226  0.0226  0.0226  0.0226  0.0226  0.0226  0.0226
  0.0229  0.0229  0.0229  0.0223  0.0233  0.0218  0.0228  0.0231  0.0228  0.0231  0.0228  0.0228
  0.0238  0.0236  0.0237  0.0238  0.0249  0.0241  0.0236  0.0246  0.0233  0.0241  0.0233  0.0232
  0.0252  0.0248  0.0249  0.0269  0.0272  0.0292  0.0249  0.0268  0.0242  0.0253  0.0241  0.0238
   -0.2855    2.4104   11.6482   -3.0788  -10.5408  -16.5064
    5.2929    4.9560   -3.0297  -18.2535   -2.0986   15.4051
eta,q 0.97741 11.02526

---------------------------------------------------------------------
imgreg_4dfp /opt/freesurfer/average/711-2C_as_mni_average_305 /opt/freesurfer/average/711-2B_as_mni_average_305_mask talsrcimg_g11 none talsrcimg_to_711-2C_as_mni_average_305_t4 2311
---------------------------------------------------------------------

freesurfer imgreg_4dfp.c
/opt/freesurfer/average/711-2C_as_mni_average_305.4dfp.img
       256       256       256         1
  1.000000  1.000000  1.000000
orientation T byte_order littleendian
Reading image: /opt/freesurfer/average/711-2C_as_mni_average_305.4dfp.img
dimensions:      256       256       256
mmppix:       1.0000   -1.0000   -1.0000
center:     128.0000 -129.0000 -129.0000
/opt/freesurfer/average/711-2B_as_mni_average_305_mask.4dfp.img
       256       256       256         1
  1.000000  1.000000  1.000000
orientation T byte_order littleendian
Reading mask: /opt/freesurfer/average/711-2B_as_mni_average_305_mask.4dfp.img (2306576 pixels)
talsrcimg_g11.4dfp.img
       256       256       256         1
  1.000000  1.000000  1.000000
orientation T byte_order littleendian
Reading image: talsrcimg_g11.4dfp.img
dimensions:      256       256       256
mmppix:       1.0000   -1.0000   -1.0000
center:     128.0000 -129.0000 -129.0000
fimgreg.f
image alignment mode   2311 decimal      907 hex
parameters
   -0.2855    2.4104   11.6482   -3.0788  -10.5408  -16.5064
    5.2929    4.9560   -3.0297  -18.2535   -2.0986   15.4051
eta,q 0.97741 11.02527
niter,ni,del,rscale     5    3    5.0000    0.8000
parameters
   -0.2827    2.3898   11.4890   -1.6404  -10.6751  -14.8807
    5.1094    5.2733   -3.0063  -17.4981   -1.7240   15.4898
eta,q 0.97821 11.10468
  0.0238  0.0236  0.0231  0.0245  0.0237  0.0243  0.0230  0.0248  0.0227  0.0239  0.0230  0.0225
  0.0231  0.0230  0.0228  0.0238  0.0230  0.0236  0.0223  0.0233  0.0222  0.0229  0.0223  0.0221
  0.0227  0.0227  0.0226  0.0232  0.0225  0.0229  0.0219  0.0223  0.0219  0.0222  0.0219  0.0219
  0.0226  0.0226  0.0226  0.0226  0.0223  0.0223  0.0218  0.0218  0.0218  0.0218  0.0218  0.0218
  0.0227  0.0227  0.0227  0.0223  0.0225  0.0218  0.0220  0.0220  0.0219  0.0219  0.0219  0.0218
  0.0231  0.0231  0.0229  0.0225  0.0231  0.0219  0.0224  0.0228  0.0222  0.0223  0.0221  0.0221
  0.0238  0.0237  0.0233  0.0233  0.0239  0.0229  0.0232  0.0242  0.0227  0.0229  0.0226  0.0224
niter,ni,del,rscale     4    3    5.0000    0.7000
parameters
   -0.2545    2.3163   11.9850   -1.9219  -10.8879  -14.2162
    5.2543    5.1793   -3.0481  -17.6635   -1.7628   15.5403
eta,q 0.97850 11.11377
  0.0229  0.0225  0.0230  0.0230  0.0228  0.0236  0.0225  0.0235  0.0221  0.0227  0.0223  0.0221
  0.0223  0.0221  0.0224  0.0224  0.0223  0.0230  0.0220  0.0224  0.0218  0.0220  0.0218  0.0218
  0.0219  0.0219  0.0220  0.0219  0.0218  0.0224  0.0217  0.0217  0.0216  0.0216  0.0216  0.0216
  0.0218  0.0218  0.0218  0.0217  0.0217  0.0217  0.0215  0.0215  0.0215  0.0215  0.0215  0.0215
  0.0219  0.0219  0.0217  0.0218  0.0219  0.0214  0.0216  0.0218  0.0216  0.0217  0.0216  0.0215
  0.0222  0.0222  0.0218  0.0225  0.0224  0.0219  0.0219  0.0225  0.0218  0.0222  0.0219  0.0217
  0.0228  0.0227  0.0220  0.0236  0.0230  0.0231  0.0224  0.0237  0.0222  0.0228  0.0223  0.0220
niter,ni,del,rscale     3    3    5.0000    0.6000
parameters
   -0.2973    2.1822   12.2058   -1.9454  -11.0262  -13.8589
    5.3026    5.1277   -3.0180  -17.8136   -1.8586   15.6423
eta,q 0.97862 11.12122
  0.0222  0.0220  0.0223  0.0225  0.0224  0.0231  0.0221  0.0229  0.0219  0.0223  0.0219  0.0218
  0.0218  0.0217  0.0219  0.0220  0.0219  0.0226  0.0217  0.0221  0.0216  0.0218  0.0216  0.0216
  0.0216  0.0215  0.0216  0.0217  0.0216  0.0220  0.0215  0.0216  0.0214  0.0215  0.0214  0.0214
  0.0215  0.0215  0.0215  0.0215  0.0215  0.0215  0.0214  0.0214  0.0214  0.0214  0.0214  0.0214
  0.0216  0.0216  0.0215  0.0215  0.0216  0.0214  0.0214  0.0216  0.0214  0.0216  0.0215  0.0214
  0.0219  0.0219  0.0216  0.0219  0.0220  0.0218  0.0217  0.0221  0.0216  0.0219  0.0217  0.0216
  0.0224  0.0223  0.0218  0.0227  0.0225  0.0229  0.0221  0.0231  0.0219  0.0224  0.0220  0.0218
niter,ni,del,rscale     2    3    5.0000    0.5000
parameters
   -0.3308    2.0867   12.3486   -1.8991  -11.1310  -13.6072
    5.3131    5.1238   -2.9670  -17.9127   -1.9500   15.6986
eta,q 0.97869 11.12636
  0.0219  0.0217  0.0219  0.0221  0.0220  0.0227  0.0218  0.0225  0.0217  0.0220  0.0217  0.0216
  0.0216  0.0215  0.0216  0.0218  0.0217  0.0222  0.0215  0.0218  0.0215  0.0216  0.0215  0.0215
  0.0214  0.0214  0.0215  0.0215  0.0215  0.0217  0.0214  0.0215  0.0214  0.0214  0.0213  0.0214
  0.0214  0.0214  0.0214  0.0214  0.0214  0.0214  0.0213  0.0213  0.0213  0.0213  0.0213  0.0213
  0.0214  0.0215  0.0214  0.0214  0.0215  0.0213  0.0214  0.0215  0.0214  0.0214  0.0214  0.0214
  0.0217  0.0216  0.0215  0.0217  0.0217  0.0217  0.0215  0.0218  0.0215  0.0217  0.0215  0.0214
  0.0220  0.0219  0.0217  0.0222  0.0221  0.0225  0.0218  0.0225  0.0216  0.0221  0.0218  0.0216
niter,ni,del,rscale     1    3    5.0000    0.4000
parameters
   -0.3558    2.0215   12.4536   -1.8417  -11.1900  -13.4178
    5.3002    5.1211   -2.9387  -17.9751   -2.0185   15.7144
eta,q 0.97871 11.13065
  0.0217  0.0216  0.0217  0.0218  0.0218  0.0223  0.0216  0.0220  0.0215  0.0217  0.0215  0.0215
  0.0215  0.0214  0.0215  0.0216  0.0215  0.0219  0.0214  0.0216  0.0214  0.0215  0.0214  0.0214
  0.0214  0.0213  0.0214  0.0214  0.0214  0.0215  0.0213  0.0214  0.0213  0.0213  0.0213  0.0213
  0.0213  0.0213  0.0213  0.0213  0.0213  0.0213  0.0213  0.0213  0.0213  0.0213  0.0213  0.0213
  0.0214  0.0214  0.0213  0.0213  0.0214  0.0213  0.0213  0.0214  0.0213  0.0213  0.0213  0.0213
  0.0215  0.0215  0.0214  0.0215  0.0215  0.0216  0.0214  0.0216  0.0214  0.0215  0.0214  0.0214
  0.0217  0.0217  0.0215  0.0218  0.0218  0.0221  0.0216  0.0220  0.0215  0.0218  0.0216  0.0215
registration optimization eta report
parameter search radius
    0.8000    0.8000    0.8000    2.4000    2.4000    2.4000
    2.4000    2.4000    2.4000    2.4000    2.4000    2.4000
100000*second partial in parameter space
       57.       46.       44.        9.        8.       16.
        6.       13.        4.        8.        5.        3.
  0.0217  0.0216  0.0217  0.0218  0.0218  0.0223  0.0216  0.0220  0.0215  0.0217  0.0215  0.0215
  0.0215  0.0214  0.0215  0.0216  0.0215  0.0219  0.0214  0.0216  0.0214  0.0215  0.0214  0.0214
  0.0214  0.0213  0.0214  0.0214  0.0214  0.0215  0.0213  0.0214  0.0213  0.0213  0.0213  0.0213
  0.0213  0.0213  0.0213  0.0213  0.0213  0.0213  0.0213  0.0213  0.0213  0.0213  0.0213  0.0213
  0.0214  0.0214  0.0213  0.0213  0.0214  0.0213  0.0213  0.0214  0.0213  0.0213  0.0213  0.0213
  0.0215  0.0215  0.0214  0.0215  0.0215  0.0216  0.0214  0.0216  0.0214  0.0215  0.0214  0.0214
  0.0217  0.0217  0.0215  0.0218  0.0218  0.0221  0.0216  0.0220  0.0215  0.0218  0.0216  0.0215
   -0.3558    2.0215   12.4536   -1.8417  -11.1900  -13.4178
    5.3002    5.1211   -2.9387  -17.9751   -2.0185   15.7144
eta,q 0.97871 11.13065

---------------------------------------------------------------------
imgreg_4dfp /opt/freesurfer/average/711-2C_as_mni_average_305 /opt/freesurfer/average/711-2B_as_mni_average_305_mask talsrcimg_g11 none talsrcimg_to_711-2C_as_mni_average_305_t4 2311
---------------------------------------------------------------------

freesurfer imgreg_4dfp.c
/opt/freesurfer/average/711-2C_as_mni_average_305.4dfp.img
       256       256       256         1
  1.000000  1.000000  1.000000
orientation T byte_order littleendian
Reading image: /opt/freesurfer/average/711-2C_as_mni_average_305.4dfp.img
dimensions:      256       256       256
mmppix:       1.0000   -1.0000   -1.0000
center:     128.0000 -129.0000 -129.0000
/opt/freesurfer/average/711-2B_as_mni_average_305_mask.4dfp.img
       256       256       256         1
  1.000000  1.000000  1.000000
orientation T byte_order littleendian
Reading mask: /opt/freesurfer/average/711-2B_as_mni_average_305_mask.4dfp.img (2306576 pixels)
talsrcimg_g11.4dfp.img
       256       256       256         1
  1.000000  1.000000  1.000000
orientation T byte_order littleendian
Reading image: talsrcimg_g11.4dfp.img
dimensions:      256       256       256
mmppix:       1.0000   -1.0000   -1.0000
center:     128.0000 -129.0000 -129.0000
fimgreg.f
image alignment mode   2311 decimal      907 hex
parameters
   -0.3558    2.0215   12.4536   -1.8417  -11.1900  -13.4178
    5.3002    5.1211   -2.9387  -17.9751   -2.0185   15.7144
eta,q 0.97871 11.13065
niter,ni,del,rscale     5    3    5.0000    0.8000
parameters
   -0.3818    1.9807   12.5404   -2.3797  -11.2144  -13.8763
    5.3226    5.0194   -2.9560  -18.2537   -2.0895   15.9346
eta,q 0.97859 11.11468
  0.0227  0.0224  0.0225  0.0227  0.0228  0.0236  0.0226  0.0239  0.0223  0.0229  0.0224  0.0222
  0.0219  0.0218  0.0219  0.0221  0.0221  0.0228  0.0220  0.0226  0.0218  0.0220  0.0218  0.0218
  0.0214  0.0214  0.0215  0.0215  0.0216  0.0219  0.0216  0.0217  0.0215  0.0215  0.0215  0.0215
  0.0213  0.0213  0.0213  0.0213  0.0213  0.0213  0.0214  0.0214  0.0214  0.0214  0.0214  0.0214
  0.0215  0.0214  0.0214  0.0215  0.0215  0.0216  0.0215  0.0218  0.0215  0.0217  0.0215  0.0215
  0.0220  0.0219  0.0217  0.0224  0.0221  0.0229  0.0219  0.0227  0.0218  0.0224  0.0219  0.0217
  0.0228  0.0225  0.0223  0.0240  0.0229  0.0254  0.0226  0.0242  0.0223  0.0232  0.0224  0.0221
niter,ni,del,rscale     4    3    5.0000    0.7000
parameters
   -0.3720    1.9870   12.4021   -2.1416  -11.1542  -13.9342
    5.2922    5.0778   -2.9512  -18.2169   -2.0544   15.9591
eta,q 0.97862 11.11941
  0.0225  0.0223  0.0221  0.0228  0.0226  0.0233  0.0223  0.0235  0.0220  0.0227  0.0222  0.0220
  0.0219  0.0218  0.0217  0.0222  0.0221  0.0226  0.0218  0.0224  0.0217  0.0220  0.0217  0.0216
  0.0215  0.0215  0.0214  0.0217  0.0216  0.0219  0.0215  0.0217  0.0215  0.0215  0.0215  0.0215
  0.0214  0.0214  0.0214  0.0214  0.0214  0.0214  0.0214  0.0214  0.0214  0.0214  0.0214  0.0214
  0.0215  0.0215  0.0216  0.0214  0.0215  0.0214  0.0215  0.0216  0.0215  0.0216  0.0215  0.0215
  0.0219  0.0218  0.0219  0.0218  0.0220  0.0223  0.0218  0.0223  0.0217  0.0220  0.0217  0.0216
  0.0225  0.0223  0.0224  0.0228  0.0226  0.0239  0.0223  0.0234  0.0220  0.0226  0.0221  0.0220
niter,ni,del,rscale     3    3    5.0000    0.6000
parameters
   -0.3522    1.9963   12.3890   -1.9888  -11.1553  -13.7882
    5.2921    5.1174   -2.9438  -18.1345   -2.0427   15.9028
eta,q 0.97865 11.12429
  0.0222  0.0220  0.0220  0.0225  0.0223  0.0230  0.0220  0.0230  0.0218  0.0224  0.0219  0.0218
  0.0218  0.0217  0.0216  0.0220  0.0219  0.0224  0.0217  0.0221  0.0216  0.0218  0.0216  0.0215
  0.0215  0.0215  0.0214  0.0216  0.0215  0.0218  0.0214  0.0215  0.0214  0.0215  0.0214  0.0214
  0.0214  0.0214  0.0214  0.0214  0.0214  0.0214  0.0213  0.0213  0.0213  0.0213  0.0213  0.0213
  0.0215  0.0215  0.0215  0.0214  0.0215  0.0214  0.0214  0.0215  0.0214  0.0215  0.0214  0.0214
  0.0217  0.0217  0.0217  0.0217  0.0218  0.0219  0.0216  0.0220  0.0216  0.0218  0.0216  0.0215
  0.0222  0.0220  0.0220  0.0225  0.0224  0.0231  0.0220  0.0229  0.0218  0.0223  0.0219  0.0218
niter,ni,del,rscale     2    3    5.0000    0.5000
parameters
   -0.3494    1.9897   12.4312   -1.8961  -11.1816  -13.5940
    5.2986    5.1331   -2.9249  -18.0781   -2.0392   15.8359
eta,q 0.97869 11.12835
  0.0219  0.0218  0.0218  0.0221  0.0220  0.0227  0.0218  0.0225  0.0217  0.0221  0.0217  0.0216
  0.0216  0.0215  0.0216  0.0218  0.0217  0.0222  0.0215  0.0218  0.0215  0.0216  0.0215  0.0214
  0.0214  0.0214  0.0214  0.0215  0.0214  0.0217  0.0214  0.0214  0.0213  0.0214  0.0213  0.0213
  0.0213  0.0213  0.0213  0.0213  0.0213  0.0213  0.0213  0.0213  0.0213  0.0213  0.0213  0.0213
  0.0214  0.0214  0.0214  0.0214  0.0214  0.0213  0.0214  0.0214  0.0213  0.0214  0.0214  0.0213
  0.0216  0.0216  0.0215  0.0216  0.0217  0.0217  0.0215  0.0218  0.0215  0.0216  0.0215  0.0214
  0.0219  0.0218  0.0217  0.0221  0.0221  0.0226  0.0218  0.0225  0.0216  0.0220  0.0217  0.0216
niter,ni,del,rscale     1    3    5.0000    0.4000
parameters
   -0.3575    1.9731   12.4872   -1.8457  -11.2023  -13.4229
    5.3079    5.1399   -2.9170  -18.0589   -2.0657   15.7831
eta,q 0.97872 11.13159
  0.0217  0.0216  0.0216  0.0218  0.0218  0.0223  0.0216  0.0220  0.0215  0.0218  0.0216  0.0215
  0.0215  0.0214  0.0215  0.0216  0.0215  0.0219  0.0214  0.0216  0.0214  0.0215  0.0214  0.0214
  0.0213  0.0213  0.0213  0.0214  0.0214  0.0215  0.0213  0.0214  0.0213  0.0213  0.0213  0.0213
  0.0213  0.0213  0.0213  0.0213  0.0213  0.0213  0.0213  0.0213  0.0213  0.0213  0.0213  0.0213
  0.0213  0.0213  0.0213  0.0213  0.0214  0.0213  0.0213  0.0214  0.0213  0.0213  0.0213  0.0213
  0.0215  0.0214  0.0214  0.0215  0.0215  0.0216  0.0214  0.0216  0.0214  0.0215  0.0214  0.0214
  0.0217  0.0216  0.0215  0.0218  0.0218  0.0221  0.0216  0.0220  0.0215  0.0217  0.0216  0.0215
registration optimization eta report
parameter search radius
    0.8000    0.8000    0.8000    2.4000    2.4000    2.4000
    2.4000    2.4000    2.4000    2.4000    2.4000    2.4000
100000*second partial in parameter space
       57.       46.       44.        9.        8.       16.
        6.       13.        4.        8.        5.        4.
  0.0217  0.0216  0.0216  0.0218  0.0218  0.0223  0.0216  0.0220  0.0215  0.0218  0.0216  0.0215
  0.0215  0.0214  0.0215  0.0216  0.0215  0.0219  0.0214  0.0216  0.0214  0.0215  0.0214  0.0214
  0.0213  0.0213  0.0213  0.0214  0.0214  0.0215  0.0213  0.0214  0.0213  0.0213  0.0213  0.0213
  0.0213  0.0213  0.0213  0.0213  0.0213  0.0213  0.0213  0.0213  0.0213  0.0213  0.0213  0.0213
  0.0213  0.0213  0.0213  0.0213  0.0214  0.0213  0.0213  0.0214  0.0213  0.0213  0.0213  0.0213
  0.0215  0.0214  0.0214  0.0215  0.0215  0.0216  0.0214  0.0216  0.0214  0.0215  0.0214  0.0214
  0.0217  0.0216  0.0215  0.0218  0.0218  0.0221  0.0216  0.0220  0.0215  0.0217  0.0216  0.0215
   -0.3575    1.9731   12.4872   -1.8457  -11.2023  -13.4229
    5.3079    5.1399   -2.9170  -18.0589   -2.0657   15.7831
eta,q 0.97872 11.13159

---------------------------------------------------------------------
compute_vox2vox talsrcimg talsrcimg_to_711-2C_as_mni_average_305_t4 /opt/freesurfer/average/711-2C_as_mni_average_305
---------------------------------------------------------------------

freesurfer compute_vox2vox.c
Reading: talsrcimg.4dfp.ifh
Reading: talsrcimg_to_711-2C_as_mni_average_305_t4
Reading: /opt/freesurfer/average/711-2C_as_mni_average_305.4dfp.ifh
Writing: talsrcimg_to_711-2C_as_mni_average_305_t4_vox2vox.txt

start time Tue Mar 10 07:22:45 CET 2026
end		time Tue Mar 10 07:22:59 CET 2026

mpr2mni305 success

avi2talxfm orig_nu.mgz /opt/freesurfer/average/mni305.cor.mgz talsrcimg_to_711-2C_as_mni_average_305_t4_vox2vox.txt transforms/talairach.auto.xfm
avi2talxfm done
mv -f /out/sourcedata/freesurfer/sub-v1s9x0051352_ses-1/mri/talsrcimg_to_711-2C_as_mni_average_305_t4_vox2vox.txt /out/sourcedata/freesurfer/sub-v1s9x0051352_ses-1/mri/transforms/talsrcimg_to_711-2C_as_mni_average_305_t4_vox2vox.txt
lta_convert --src orig_nu.mgz --trg /opt/freesurfer/average/mni305.cor.mgz --inxfm transforms/talairach.auto.xfm --outlta transforms/talairach.auto.xfm.lta --subject fsaverage
7.3.2

--src: orig_nu.mgz src image (geometry).
--trg: /opt/freesurfer/average/mni305.cor.mgz trg image (geometry).
--inmni: transforms/talairach.auto.xfm input MNI/XFM transform.
--outlta: transforms/talairach.auto.xfm.lta output LTA.
--s: fsaverage subject name
 LTA read, type : 1
 1.01589  -0.07037  -0.04822  -5.88731;
 0.01751   1.11253  -0.19879  -17.23967;
 0.03693   0.22395   1.08414   23.61377;
 0.00000   0.00000   0.00000   1.00000;
setting subject to fsaverage
Writing  LTA to file transforms/talairach.auto.xfm.lta...
lta_convert successful.
 
 
Started at Tue Mar 10 07:22:45 CET 2026
Ended   at Tue Mar 10 07:22:59 CET 2026
talairach_avi done
