/out/sourcedata/freesurfer/sub-v1s9x0051359_ses-1/mri
/opt/freesurfer/bin/talairach_avi
--i orig_nu.mgz --xfm transforms/talairach.auto.xfm
talairach_avi 7.3.2
Linux dna049 5.14.0-427.37.1.el9_4.x86_64 #1 SMP PREEMPT_DYNAMIC Fri Sep 13 12:41:50 EDT 2024 x86_64 x86_64 x86_64 GNU/Linux
Tue Mar 10 07:38:12 CET 2026
mri_convert orig_nu.mgz talsrcimg.img 
reading from orig_nu.mgz...
TR=0.00, TE=0.00, TI=0.00, flip angle=0.00
i_ras = (-1, 0, 0)
j_ras = (0, 0, -1)
k_ras = (0, 1, 0)
writing to talsrcimg.img...
Analyze Output Matrix
-1.00000   0.00000   0.00000   133.16776;
 0.00000   0.00000   1.00000  -135.69962;
 0.00000  -1.00000   0.00000   93.65617;
 0.00000   0.00000   0.00000   1.00000;
--------------------
INFO: set hdr.hist.orient to -1
mpr2mni305 talsrcimg
Tue Mar 10 07:38:13 CET 2026
/opt/freesurfer/bin/mpr2mni305 talsrcimg
mpr2mni305 7.3.2
target=711-2C_as_mni_average_305

---------------------------------------------------------------------
analyzeto4dfp talsrcimg -O0 -y
---------------------------------------------------------------------

freesurfer ifh2hdr.c
Tue Mar 10 07:38:13 2026
Writing: talsrcimg.4dfp.hdr
freesurfer analyzeto4dfp.c
Reading: talsrcimg.hdr
header size 348 bytes
hdr.dime.datatype	offset=70	value=2
hdr.dime.bitpix		offset=72	value=8
hdr.hist.orient		offset=252	value=-1
dimensionality     4
dimensions       256       256       256         1
Reading: talsrcimg.img
Writing: talsrcimg.4dfp.img
Writing: talsrcimg.4dfp.ifh
ifh2hdr talsrcimg -r0to236
ori=2

---------------------------------------------------------------------
gauss_4dfp talsrcimg 1.1
---------------------------------------------------------------------

freesurfer gauss_4dfp.c
Reading: talsrcimg.4dfp.img
Writing: talsrcimg_g11.4dfp.img
image dimensions 256 256 256 padded to 288 288 288
processing volume 1freesurfer ifh2hdr.c
Tue Mar 10 07:38:15 2026
Writing: talsrcimg_g11.4dfp.hdr

Writing: talsrcimg_g11.4dfp.ifh
including: talsrcimg.4dfp.img.rec in talsrcimg_g11.4dfp.img.rec

---------------------------------------------------------------------
imgreg_4dfp /opt/freesurfer/average/711-2C_as_mni_average_305 none talsrcimg_g11 none talsrcimg_to_711-2C_as_mni_average_305_t4 4355
---------------------------------------------------------------------

freesurfer imgreg_4dfp.c
/opt/freesurfer/average/711-2C_as_mni_average_305.4dfp.img
       256       256       256         1
  1.000000  1.000000  1.000000
orientation T byte_order littleendian
Reading image: /opt/freesurfer/average/711-2C_as_mni_average_305.4dfp.img
dimensions:      256       256       256
mmppix:       1.0000   -1.0000   -1.0000
center:     128.0000 -129.0000 -129.0000
talsrcimg_g11.4dfp.img
       256       256       256         1
  1.000000  1.000000  1.000000
orientation T byte_order littleendian
Reading image: talsrcimg_g11.4dfp.img
dimensions:      256       256       256
mmppix:       1.0000   -1.0000   -1.0000
center:     128.0000 -129.0000 -129.0000
t4_read: open error in t4_sub.f l:  41 t4_file(1:l)talsrcimg_to_711-2C_as_mni_average_305_t4 
t4_read: transform initialized to I4
rotation matrix determinant  1.000000
image alignment mode   4355 decimal     1103 hex
   -7.5000  -45.0000  -45.0000 5730.5142   14.8192
    0.0000  -45.0000  -45.0000 5983.7417   14.8293
    7.5000  -45.0000  -45.0000 5755.8828   14.8072
   -7.5000  -37.5000  -45.0000 6363.0366   14.3901
    0.0000  -37.5000  -45.0000 6622.5811   14.3998
    7.5000  -37.5000  -45.0000 6347.3564   14.3776
   -7.5000  -30.0000  -45.0000 7286.6479   14.1095
    0.0000  -30.0000  -45.0000 7579.9619   14.1130
    7.5000  -30.0000  -45.0000 7249.5786   14.0915
   -7.5000  -22.5000  -45.0000 8223.2227   13.9215
    0.0000  -22.5000  -45.0000 8566.4111   13.9231
    7.5000  -22.5000  -45.0000 8198.9961   13.9032
   -7.5000  -15.0000  -45.0000 9188.5273   13.8397
    0.0000  -15.0000  -45.0000 9576.9902   13.8434
    7.5000  -15.0000  -45.0000 9160.9629   13.8246
   -7.5000   -7.5000  -45.000010160.3223   13.7825
    0.0000   -7.5000  -45.000010607.6543   13.7916
    7.5000   -7.5000  -45.000010150.8398   13.7726
   -7.5000    0.0000  -45.000011096.4902   13.7664
    0.0000    0.0000  -45.000011599.7930   13.7788
    7.5000    0.0000  -45.000011102.9922   13.7578
   -7.5000    7.5000  -45.000011102.1846   13.7662
    0.0000    7.5000  -45.000011602.3252   13.7745
    7.5000    7.5000  -45.000011133.5059   13.7521
   -7.5000   15.0000  -45.000011012.4404   13.7763
    0.0000   15.0000  -45.000011492.4668   13.7792
    7.5000   15.0000  -45.000010991.1025   13.7570
   -7.5000   22.5000  -45.000010801.5234   13.7872
    0.0000   22.5000  -45.000011291.9482   13.7883
    7.5000   22.5000  -45.000010779.0166   13.7673
   -7.5000   30.0000  -45.000010547.6621   13.6088
    0.0000   30.0000  -45.000011014.3447   13.6121
    7.5000   30.0000  -45.000010527.4473   13.5930
   -7.5000   37.5000  -45.000010666.7070   13.5961
    0.0000   37.5000  -45.000011091.5127   13.6052
    7.5000   37.5000  -45.000010601.6963   13.5863
   -7.5000   45.0000  -45.000010280.9209   13.2380
    0.0000   45.0000  -45.000010662.8994   13.2500
    7.5000   45.0000  -45.000010206.9385   13.2298
   -7.5000  -45.0000  -37.5000 6156.3159   14.7672
    0.0000  -45.0000  -37.5000 6420.6797   14.7818
    7.5000  -45.0000  -37.5000 6167.7349   14.7602
   -7.5000  -37.5000  -37.5000 6814.9048   14.3339
    0.0000  -37.5000  -37.5000 7089.5356   14.3475
    7.5000  -37.5000  -37.5000 6787.8867   14.3244
   -7.5000  -30.0000  -37.5000 7791.7358   14.0487
    0.0000  -30.0000  -37.5000 8096.1030   14.0568
    7.5000  -30.0000  -37.5000 7740.6133   14.0341
   -7.5000  -22.5000  -37.5000 8805.0879   13.8617
    0.0000  -22.5000  -37.5000 9165.5479   13.8685
    7.5000  -22.5000  -37.5000 8765.4365   13.8485
   -7.5000  -15.0000  -37.5000 9830.7549   13.7857
    0.0000  -15.0000  -37.500010269.4775   13.7946
    7.5000  -15.0000  -37.5000 9821.3076   13.7764
   -7.5000   -7.5000  -37.500010862.1895   13.7331
    0.0000   -7.5000  -37.500011355.6592   13.7467
    7.5000   -7.5000  -37.500010874.3711   13.7279
   -7.5000    0.0000  -37.500011839.9287   13.7161
    0.0000    0.0000  -37.500012378.1055   13.7317
    7.5000    0.0000  -37.500011864.2578   13.7102
   -7.5000    7.5000  -37.500011844.1455   13.7098
    0.0000    7.5000  -37.500012389.5869   13.7216
    7.5000    7.5000  -37.500011863.1201   13.6982
   -7.5000   15.0000  -37.500011731.6777   13.7153
    0.0000   15.0000  -37.500012248.6709   13.7225
    7.5000   15.0000  -37.500011707.5928   13.6993
   -7.5000   22.5000  -37.500011498.1670   13.7281
    0.0000   22.5000  -37.500012002.2881   13.7341
    7.5000   22.5000  -37.500011459.7002   13.7130
   -7.5000   30.0000  -37.500011203.1836   13.5562
    0.0000   30.0000  -37.500011681.3936   13.5646
    7.5000   30.0000  -37.500011179.7998   13.5460
   -7.5000   37.5000  -37.500011290.2305   13.5475
    0.0000   37.5000  -37.500011748.4404   13.5609
    7.5000   37.5000  -37.500011250.7891   13.5423
   -7.5000   45.0000  -37.500010873.3389   13.1896
    0.0000   45.0000  -37.500011313.1357   13.2046
    7.5000   45.0000  -37.500010802.5244   13.1840
   -7.5000  -45.0000  -30.0000 6666.3862   15.3704
    0.0000  -45.0000  -30.0000 6946.3047   15.3894
    7.5000  -45.0000  -30.0000 6657.4463   15.3709
   -7.5000  -37.5000  -30.0000 7371.3403   14.9156
    0.0000  -37.5000  -30.0000 7681.0552   14.9338
    7.5000  -37.5000  -30.0000 7357.3232   14.9126
   -7.5000  -30.0000  -30.0000 8426.7959   14.6159
    0.0000  -30.0000  -30.0000 8773.1396   14.6304
    7.5000  -30.0000  -30.0000 8393.7266   14.6103
   -7.5000  -22.5000  -30.0000 9504.4766   14.4261
    0.0000  -22.5000  -30.0000 9926.1143   14.4398
    7.5000  -22.5000  -30.0000 9501.8242   14.4230
   -7.5000  -15.0000  -30.000010610.1680   14.3539
    0.0000  -15.0000  -30.000011094.6250   14.3692
    7.5000  -15.0000  -30.000010631.5488   14.3545
   -7.5000   -7.5000  -30.000011715.2129   14.3017
    0.0000   -7.5000  -30.000012273.9209   14.3198
    7.5000   -7.5000  -30.000011768.4961   14.3037
   -7.5000    0.0000  -30.000012763.4922   14.2810
    0.0000    0.0000  -30.000013364.2646   14.2996
    7.5000    0.0000  -30.000012817.1680   14.2800
   -7.5000    7.5000  -30.000012756.9238   14.2675
    0.0000    7.5000  -30.000013361.8643   14.2835
    7.5000    7.5000  -30.000012787.2695   14.2617
   -7.5000   15.0000  -30.000012633.0000   14.2696
    0.0000   15.0000  -30.000013208.5371   14.2827
    7.5000   15.0000  -30.000012635.7627   14.2618
   -7.5000   22.5000  -30.000012380.4658   14.2861
    0.0000   22.5000  -30.000012934.2500   14.2988
    7.5000   22.5000  -30.000012365.9111   14.2808
   -7.5000   30.0000  -30.000012035.9336   14.1164
    0.0000   30.0000  -30.000012562.5605   14.1312
    7.5000   30.0000  -30.000012027.0527   14.1160
   -7.5000   37.5000  -30.000012084.7373   14.1097
    0.0000   37.5000  -30.000012603.8096   14.1275
    7.5000   37.5000  -30.000012050.6875   14.1116
   -7.5000   45.0000  -30.000011609.6533   13.7430
    0.0000   45.0000  -30.000012103.6084   13.7608
    7.5000   45.0000  -30.000011533.2139   13.7420
   -7.5000  -45.0000  -22.5000 7159.1929   15.8907
    0.0000  -45.0000  -22.5000 7465.8872   15.9085
    7.5000  -45.0000  -22.5000 7167.8999   15.8939
   -7.5000  -37.5000  -22.5000 7928.2969   15.4204
    0.0000  -37.5000  -22.5000 8264.2168   15.4390
    7.5000  -37.5000  -22.5000 7921.4756   15.4224
   -7.5000  -30.0000  -22.5000 9058.6172   15.1125
    0.0000  -30.0000  -22.5000 9442.4199   15.1289
    7.5000  -30.0000  -22.5000 9042.8330   15.1134
   -7.5000  -22.5000  -22.500010195.9775   14.9198
    0.0000  -22.5000  -22.500010669.2002   14.9352
    7.5000  -22.5000  -22.500010228.7715   14.9218
   -7.5000  -15.0000  -22.500011368.4307   14.8459
    0.0000  -15.0000  -22.500011914.3389   14.8620
    7.5000  -15.0000  -22.500011416.0488   14.8499
   -7.5000   -7.5000  -22.500012546.1885   14.7896
    0.0000   -7.5000  -22.500013167.7773   14.8070
    7.5000   -7.5000  -22.500012630.7656   14.7936
   -7.5000    0.0000  -22.500013657.3633   14.7656
    0.0000    0.0000  -22.500014330.8975   14.7833
    7.5000    0.0000  -22.500013737.6084   14.7671
   -7.5000    7.5000  -22.500013643.8965   14.7506
    0.0000    7.5000  -22.500014319.9229   14.7671
    7.5000    7.5000  -22.500013704.7568   14.7498
   -7.5000   15.0000  -22.500013517.7295   14.7548
    0.0000   15.0000  -22.500014150.9580   14.7697
    7.5000   15.0000  -22.500013545.0303   14.7532
   -7.5000   22.5000  -22.500013252.9043   14.7743
    0.0000   22.5000  -22.500013874.6680   14.7886
    7.5000   22.5000  -22.500013253.6885   14.7739
   -7.5000   30.0000  -22.500012853.3096   14.6025
    0.0000   30.0000  -22.500013440.0342   14.6180
    7.5000   30.0000  -22.500012867.8848   14.6054
   -7.5000   37.5000  -22.500012867.4219   14.5933
    0.0000   37.5000  -22.500013472.0586   14.6104
    7.5000   37.5000  -22.500012863.8096   14.5972
   -7.5000   45.0000  -22.500012331.1533   14.2200
    0.0000   45.0000  -22.500012882.4600   14.2370
    7.5000   45.0000  -22.500012283.8506   14.2215
   -7.5000  -45.0000  -15.0000 7637.6650   16.2562
    0.0000  -45.0000  -15.0000 7958.2378   16.2700
    7.5000  -45.0000  -15.0000 7654.2896   16.2559
   -7.5000  -37.5000  -15.0000 8483.2324   15.7788
    0.0000  -37.5000  -15.0000 8822.0107   15.7946
    7.5000  -37.5000  -15.0000 8451.5703   15.7798
   -7.5000  -30.0000  -15.0000 9696.8896   15.4682
    0.0000  -30.0000  -15.000010106.3906   15.4809
    7.5000  -30.0000  -15.0000 9665.2520   15.4670
   -7.5000  -22.5000  -15.000010917.3203   15.2704
    0.0000  -22.5000  -15.000011416.4355   15.2811
    7.5000  -22.5000  -15.000010948.6943   15.2679
   -7.5000  -15.0000  -15.000012151.6387   15.1896
    0.0000  -15.0000  -15.000012730.6445   15.2005
    7.5000  -15.0000  -15.000012212.8926   15.1878
   -7.5000   -7.5000  -15.000013402.9922   15.1273
    0.0000   -7.5000  -15.000014039.1270   15.1404
    7.5000   -7.5000  -15.000013481.5059   15.1271
   -7.5000    0.0000  -15.000014571.4629   15.1030
    0.0000    0.0000  -15.000015277.8936   15.1180
    7.5000    0.0000  -15.000014662.5322   15.1031
   -7.5000    7.5000  -15.000014542.6904   15.0931
    0.0000    7.5000  -15.000015250.9961   15.1072
    7.5000    7.5000  -15.000014612.4922   15.0917
   -7.5000   15.0000  -15.000014375.0410   15.1024
    0.0000   15.0000  -15.000015069.1289   15.1138
    7.5000   15.0000  -15.000014406.6455   15.0987
   -7.5000   22.5000  -15.000014069.5752   15.1207
    0.0000   22.5000  -15.000014748.1045   15.1304
    7.5000   22.5000  -15.000014098.0195   15.1160
   -7.5000   30.0000  -15.000013627.4336   14.9425
    0.0000   30.0000  -15.000014299.2949   14.9529
    7.5000   30.0000  -15.000013702.8662   14.9397
   -7.5000   37.5000  -15.000013652.4854   14.9286
    0.0000   37.5000  -15.000014326.5186   14.9415
    7.5000   37.5000  -15.000013713.0889   14.9283
   -7.5000   45.0000  -15.000013075.6338   14.5537
    0.0000   45.0000  -15.000013692.2451   14.5682
    7.5000   45.0000  -15.000013066.6953   14.5538
   -7.5000  -45.0000   -7.5000 8149.1372   16.4398
    0.0000  -45.0000   -7.5000 8482.2793   16.4508
    7.5000  -45.0000   -7.5000 8144.8442   16.4315
   -7.5000  -37.5000   -7.5000 9074.3604   15.9618
    0.0000  -37.5000   -7.5000 9454.8691   15.9738
    7.5000  -37.5000   -7.5000 9045.4854   15.9548
   -7.5000  -30.0000   -7.500010388.3350   15.6501
    0.0000  -30.0000   -7.500010847.2324   15.6566
    7.5000  -30.0000   -7.500010372.4463   15.6385
   -7.5000  -22.5000   -7.500011694.9111   15.4442
    0.0000  -22.5000   -7.500012244.4209   15.4482
    7.5000  -22.5000   -7.500011717.0811   15.4311
   -7.5000  -15.0000   -7.500013018.2139   15.3552
    0.0000  -15.0000   -7.500013613.5127   15.3603
    7.5000  -15.0000   -7.500013060.8037   15.3438
   -7.5000   -7.5000   -7.500014336.4912   15.2902
    0.0000   -7.5000   -7.500014975.8848   15.3001
    7.5000   -7.5000   -7.500014369.7861   15.2832
   -7.5000    0.0000   -7.500015553.4531   15.2697
    0.0000    0.0000   -7.500016268.8633   15.2831
    7.5000    0.0000   -7.500015601.9883   15.2645
   -7.5000    7.5000   -7.500015503.8643   15.2674
    0.0000    7.5000   -7.500016239.5615   15.2780
    7.5000    7.5000   -7.500015575.1221   15.2585
   -7.5000   15.0000   -7.500015276.0176   15.2798
    0.0000   15.0000   -7.500016010.9053   15.2853
    7.5000   15.0000   -7.500015322.3115   15.2662
   -7.5000   22.5000   -7.500014900.5859   15.2906
    0.0000   22.5000   -7.500015592.5762   15.2939
    7.5000   22.5000   -7.500014961.0068   15.2756
   -7.5000   30.0000   -7.500014416.5010   15.1048
    0.0000   30.0000   -7.500015116.4971   15.1095
    7.5000   30.0000   -7.500014537.9570   15.0926
   -7.5000   37.5000   -7.500014464.9434   15.0890
    0.0000   37.5000   -7.500015161.2998   15.0987
    7.5000   37.5000   -7.500014557.5332   15.0819
   -7.5000   45.0000   -7.500013831.1396   14.7172
    0.0000   45.0000   -7.500014487.4600   14.7301
    7.5000   45.0000   -7.500013847.5039   14.7121
   -7.5000  -45.0000    0.0000 8611.9521   16.4823
    0.0000  -45.0000    0.0000 8958.6953   16.4935
    7.5000  -45.0000    0.0000 8577.9697   16.4687
   -7.5000  -37.5000    0.0000 9591.8232   16.0039
    0.0000  -37.5000    0.000010029.6758   16.0147
    7.5000  -37.5000    0.0000 9582.1836   15.9899
   -7.5000  -30.0000    0.000010991.0244   15.6898
    0.0000  -30.0000    0.000011505.9600   15.6940
    7.5000  -30.0000    0.000010978.0117   15.6699
   -7.5000  -22.5000    0.000012390.0674   15.4790
    0.0000  -22.5000    0.000012970.9717   15.4811
    7.5000  -22.5000    0.000012389.8779   15.4589
   -7.5000  -15.0000    0.000013797.4893   15.3879
    0.0000  -15.0000    0.000014408.5234   15.3919
    7.5000  -15.0000    0.000013796.0273   15.3710
   -7.5000   -7.5000    0.000015167.9004   15.3250
    0.0000   -7.5000    0.000015810.2061   15.3350
    7.5000   -7.5000    0.000015145.3125   15.3137
   -7.5000    0.0000    0.000016415.9902   15.3075
    0.0000    0.0000    0.000017111.7598   15.3211
    7.5000    0.0000    0.000016406.9922   15.2976
   -7.5000    7.5000    0.000016377.5615   15.3072
    0.0000    7.5000    0.000017073.9277   15.3165
    7.5000    7.5000    0.000016406.4336   15.2914
   -7.5000   15.0000    0.000016139.3018   15.3181
    0.0000   15.0000    0.000016859.4922   15.3214
    7.5000   15.0000    0.000016194.4404   15.2967
   -7.5000   22.5000    0.000015685.4336   15.3248
    0.0000   22.5000    0.000016364.6230   15.3262
    7.5000   22.5000    0.000015790.3311   15.3029
   -7.5000   30.0000    0.000015163.5225   15.1373
    0.0000   30.0000    0.000015842.9727   15.1410
    7.5000   30.0000    0.000015302.9131   15.1197
   -7.5000   37.5000    0.000015182.4814   15.1237
    0.0000   37.5000    0.000015867.1162   15.1336
    7.5000   37.5000    0.000015287.9102   15.1124
   -7.5000   45.0000    0.000014448.6309   14.7547
    0.0000   45.0000    0.000015098.2422   14.7678
    7.5000   45.0000    0.000014501.5127   14.7452
   -7.5000  -45.0000    7.5000 8361.6689   16.4981
    0.0000  -45.0000    7.5000 8741.1836   16.5141
    7.5000  -45.0000    7.5000 8357.8193   16.4894
   -7.5000  -37.5000    7.5000 9321.5771   16.0144
    0.0000  -37.5000    7.5000 9783.7041   16.0294
    7.5000  -37.5000    7.5000 9338.0508   16.0031
   -7.5000  -30.0000    7.500010694.2344   15.6958
    0.0000  -30.0000    7.500011197.4482   15.7048
    7.5000  -30.0000    7.500010682.7705   15.6791
   -7.5000  -22.5000    7.500012065.1719   15.4869
    0.0000  -22.5000    7.500012594.3057   15.4944
    7.5000  -22.5000    7.500012035.6230   15.4719
   -7.5000  -15.0000    7.500013418.4033   15.4021
    0.0000  -15.0000    7.500013967.9551   15.4118
    7.5000  -15.0000    7.500013361.9873   15.3913
   -7.5000   -7.5000    7.500014728.6299   15.3436
    0.0000   -7.5000    7.500015306.7500   15.3584
    7.5000   -7.5000    7.500014630.8965   15.3371
   -7.5000    0.0000    7.500015946.0547   15.3247
    0.0000    0.0000    7.500016550.0781   15.3418
    7.5000    0.0000    7.500015837.0078   15.3173
   -7.5000    7.5000    7.500015925.8457   15.3177
    0.0000    7.5000    7.500016528.7793   15.3307
    7.5000    7.5000    7.500015841.4590   15.3040
   -7.5000   15.0000    7.500015735.6064   15.3237
    0.0000   15.0000    7.500016301.3418   15.3317
    7.5000   15.0000    7.500015694.0928   15.3054
   -7.5000   22.5000    7.500015294.7617   15.3328
    0.0000   22.5000    7.500015874.3271   15.3395
    7.5000   22.5000    7.500015383.8867   15.3158
   -7.5000   30.0000    7.500014764.7949   15.1516
    0.0000   30.0000    7.500015342.7119   15.1609
    7.5000   30.0000    7.500014910.9531   15.1399
   -7.5000   37.5000    7.500014763.9590   15.1421
    0.0000   37.5000    7.500015336.9834   15.1567
    7.5000   37.5000    7.500014871.8359   15.1356
   -7.5000   45.0000    7.500014019.2041   14.7713
    0.0000   45.0000    7.500014563.8242   14.7877
    7.5000   45.0000    7.500014071.2100   14.7642
   -7.5000  -45.0000   15.0000 8017.7910   16.5056
    0.0000  -45.0000   15.0000 8363.9365   16.5259
    7.5000  -45.0000   15.0000 8010.8115   16.5061
   -7.5000  -37.5000   15.0000 8951.1221   16.0172
    0.0000  -37.5000   15.0000 9381.1895   16.0366
    7.5000  -37.5000   15.0000 8963.1328   16.0139
   -7.5000  -30.0000   15.000010249.8076   15.6954
    0.0000  -30.0000   15.000010745.1338   15.7109
    7.5000  -30.0000   15.000010257.7070   15.6892
   -7.5000  -22.5000   15.000011571.2021   15.4916
    0.0000  -22.5000   15.000012096.9785   15.5062
    7.5000  -22.5000   15.000011546.2090   15.4881
   -7.5000  -15.0000   15.000012874.7559   15.4139
    0.0000  -15.0000   15.000013403.2969   15.4304
    7.5000  -15.0000   15.000012805.0244   15.4146
   -7.5000   -7.5000   15.000014113.9463   15.3579
    0.0000   -7.5000   15.000014653.7607   15.3773
    7.5000   -7.5000   15.000013986.0020   15.3601
   -7.5000    0.0000   15.000015276.3076   15.3357
    0.0000    0.0000   15.000015837.7900   15.3556
    7.5000    0.0000   15.000015127.0664   15.3346
   -7.5000    7.5000   15.000015252.4375   15.3212
    0.0000    7.5000   15.000015726.0391   15.3383
    7.5000    7.5000   15.000015104.5039   15.3150
   -7.5000   15.0000   15.000015035.2744   15.3234
    0.0000   15.0000   15.000015444.9551   15.3375
    7.5000   15.0000   15.000014918.5664   15.3151
   -7.5000   22.5000   15.000014743.8984   15.3378
    0.0000   22.5000   15.000015191.3330   15.3514
    7.5000   22.5000   15.000014672.7158   15.3320
   -7.5000   30.0000   15.000014357.0244   15.1634
    0.0000   30.0000   15.000014859.5127   15.1793
    7.5000   30.0000   15.000014306.5557   15.1630
   -7.5000   37.5000   15.000014314.1611   15.1562
    0.0000   37.5000   15.000014854.9023   15.1753
    7.5000   37.5000   15.000014267.3633   15.1582
   -7.5000   45.0000   15.000013534.2412   14.7818
    0.0000   45.0000   15.000014038.8779   14.8010
    7.5000   45.0000   15.000013463.9248   14.7808
   -7.5000  -45.0000   22.5000 7607.2471   16.5394
    0.0000  -45.0000   22.5000 7932.7886   16.5579
    7.5000  -45.0000   22.5000 7580.5337   16.5423
   -7.5000  -37.5000   22.5000 8489.4229   16.0492
    0.0000  -37.5000   22.5000 8889.0596   16.0682
    7.5000  -37.5000   22.5000 8476.1396   16.0505
   -7.5000  -30.0000   22.5000 9723.8506   15.7280
    0.0000  -30.0000   22.500010180.9482   15.7447
    7.5000  -30.0000   22.5000 9718.2490   15.7281
   -7.5000  -22.5000   22.500010963.4170   15.5272
    0.0000  -22.5000   22.500011451.4639   15.5427
    7.5000  -22.5000   22.500010943.6631   15.5282
   -7.5000  -15.0000   22.500012163.8818   15.4500
    0.0000  -15.0000   22.500012686.8916   15.4665
    7.5000  -15.0000   22.500012128.5352   15.4533
   -7.5000   -7.5000   22.500013337.1113   15.3911
    0.0000   -7.5000   22.500013868.4521   15.4091
    7.5000   -7.5000   22.500013246.3750   15.3948
   -7.5000    0.0000   22.500014460.0576   15.3660
    0.0000    0.0000   22.500014985.4775   15.3843
    7.5000    0.0000   22.500014329.6035   15.3671
   -7.5000    7.5000   22.500014435.9932   15.3504
    0.0000    7.5000   22.500014906.6025   15.3673
    7.5000    7.5000   22.500014302.8438   15.3489
   -7.5000   15.0000   22.500014266.4189   15.3548
    0.0000   15.0000   22.500014704.6230   15.3699
    7.5000   15.0000   22.500014139.0703   15.3523
   -7.5000   22.5000   22.500014040.5713   15.3730
    0.0000   22.5000   22.500014507.4502   15.3875
    7.5000   22.5000   22.500013878.1592   15.3716
   -7.5000   30.0000   22.500013719.3008   15.1988
    0.0000   30.0000   22.500014192.3340   15.2146
    7.5000   30.0000   22.500013541.5557   15.2009
   -7.5000   37.5000   22.500013659.9170   15.1890
    0.0000   37.5000   22.500014165.6572   15.2067
    7.5000   37.5000   22.500013527.1543   15.1924
   -7.5000   45.0000   22.500012901.2627   14.8110
    0.0000   45.0000   22.500013366.8203   14.8287
    7.5000   45.0000   22.500012780.3770   14.8121
   -7.5000  -45.0000   30.0000 7150.1851   16.5966
    0.0000  -45.0000   30.0000 7440.0933   16.6107
    7.5000  -45.0000   30.0000 7129.8599   16.5960
   -7.5000  -37.5000   30.0000 7951.8589   16.1105
    0.0000  -37.5000   30.0000 8302.4258   16.1264
    7.5000  -37.5000   30.0000 7940.5947   16.1111
   -7.5000  -30.0000   30.0000 9098.4883   15.7951
    0.0000  -30.0000   30.0000 9507.0059   15.8077
    7.5000  -30.0000   30.0000 9092.2402   15.7933
   -7.5000  -22.5000   30.000010260.9922   15.5939
    0.0000  -22.5000   30.000010709.2197   15.6045
    7.5000  -22.5000   30.000010229.1318   15.5907
   -7.5000  -15.0000   30.000011373.6396   15.5113
    0.0000  -15.0000   30.000011879.3330   15.5222
    7.5000  -15.0000   30.000011347.4814   15.5089
   -7.5000   -7.5000   30.000012478.0439   15.4470
    0.0000   -7.5000   30.000013011.1465   15.4604
    7.5000   -7.5000   30.000012414.0645   15.4466
   -7.5000    0.0000   30.000013544.8789   15.4219
    0.0000    0.0000   30.000014090.8857   15.4372
    7.5000    0.0000   30.000013443.2715   15.4218
   -7.5000    7.5000   30.000013512.2881   15.4118
    0.0000    7.5000   30.000014043.3574   15.4260
    7.5000    7.5000   30.000013408.6973   15.4100
   -7.5000   15.0000   30.000013334.8232   15.4216
    0.0000   15.0000   30.000013830.9434   15.4328
    7.5000   15.0000   30.000013239.5586   15.4171
   -7.5000   22.5000   30.000013093.1748   15.4388
    0.0000   22.5000   30.000013581.1582   15.4485
    7.5000   22.5000   30.000012979.2900   15.4334
   -7.5000   30.0000   30.000012789.8916   15.2586
    0.0000   30.0000   30.000013245.6064   15.2690
    7.5000   30.0000   30.000012631.1875   15.2552
   -7.5000   37.5000   30.000012765.5410   15.2441
    0.0000   37.5000   30.000013213.6914   15.2573
    7.5000   37.5000   30.000012647.5576   15.2435
   -7.5000   45.0000   30.000012073.3662   14.8649
    0.0000   45.0000   30.000012500.1221   14.8797
    7.5000   45.0000   30.000011979.4092   14.8648
   -7.5000  -45.0000   37.5000 6897.1294   16.7631
    0.0000  -45.0000   37.5000 7185.6626   16.7744
    7.5000  -45.0000   37.5000 6905.9736   16.7541
   -7.5000  -37.5000   37.5000 7665.8940   16.2771
    0.0000  -37.5000   37.5000 8009.4072   16.2893
    7.5000  -37.5000   37.5000 7674.1357   16.2693
   -7.5000  -30.0000   37.5000 8783.7803   15.9610
    0.0000  -30.0000   37.5000 9182.4980   15.9674
    7.5000  -30.0000   37.5000 8787.9941   15.9484
   -7.5000  -22.5000   37.5000 9906.8838   15.7521
    0.0000  -22.5000   37.500010353.2588   15.7559
    7.5000  -22.5000   37.5000 9895.0166   15.7379
   -7.5000  -15.0000   37.500010985.7402   15.6632
    0.0000  -15.0000   37.500011487.2139   15.6682
    7.5000  -15.0000   37.500010973.4873   15.6508
   -7.5000   -7.5000   37.500012050.4766   15.5980
    0.0000   -7.5000   37.500012583.7568   15.6081
    7.5000   -7.5000   37.500012017.0293   15.5902
   -7.5000    0.0000   37.500013048.8877   15.5770
    0.0000    0.0000   37.500013606.3232   15.5908
    7.5000    0.0000   37.500012989.7822   15.5712
   -7.5000    7.5000   37.500013001.5078   15.5749
    0.0000    7.5000   37.500013553.2939   15.5856
    7.5000    7.5000   37.500012945.9551   15.5652
   -7.5000   15.0000   37.500012836.2666   15.5877
    0.0000   15.0000   37.500013338.6875   15.5931
    7.5000   15.0000   37.500012763.8047   15.5732
   -7.5000   22.5000   37.500012580.4648   15.5988
    0.0000   22.5000   37.500013053.6826   15.6019
    7.5000   22.5000   37.500012501.8730   15.5827
   -7.5000   30.0000   37.500012279.2539   15.4095
    0.0000   30.0000   37.500012707.4785   15.4141
    7.5000   30.0000   37.500012162.2178   15.3963
   -7.5000   37.5000   37.500012278.8555   15.3931
    0.0000   37.5000   37.500012697.0723   15.4030
    7.5000   37.5000   37.500012180.9658   15.3853
   -7.5000   45.0000   37.500011628.6045   15.0145
    0.0000   45.0000   37.500012038.2656   15.0277
    7.5000   45.0000   37.500011546.7148   15.0089
   -7.5000  -45.0000   45.0000 6362.1157   16.9552
    0.0000  -45.0000   45.0000 6633.7310   16.9685
    7.5000  -45.0000   45.0000 6359.9243   16.9437
   -7.5000  -37.5000   45.0000 7067.5747   16.4602
    0.0000  -37.5000   45.0000 7388.1157   16.4734
    7.5000  -37.5000   45.0000 7084.4644   16.4485
   -7.5000  -30.0000   45.0000 8091.3281   16.1374
    0.0000  -30.0000   45.0000 8453.6475   16.1436
    7.5000  -30.0000   45.0000 8102.7378   16.1190
   -7.5000  -22.5000   45.0000 9113.8301   15.9225
    0.0000  -22.5000   45.0000 9535.3701   15.9262
    7.5000  -22.5000   45.0000 9121.9795   15.9032
   -7.5000  -15.0000   45.000010113.1406   15.8332
    0.0000  -15.0000   45.000010574.5166   15.8387
    7.5000  -15.0000   45.000010110.2363   15.8169
   -7.5000   -7.5000   45.000011076.5391   15.7703
    0.0000   -7.5000   45.000011567.6855   15.7821
    7.5000   -7.5000   45.000011050.0166   15.7604
   -7.5000    0.0000   45.000011983.1895   15.7513
    0.0000    0.0000   45.000012498.9814   15.7671
    7.5000    0.0000   45.000011929.6689   15.7434
   -7.5000    7.5000   45.000011934.0293   15.7508
    0.0000    7.5000   45.000012440.6260   15.7624
    7.5000    7.5000   45.000011875.8232   15.7370
   -7.5000   15.0000   45.000011762.5352   15.7627
    0.0000   15.0000   45.000012238.7842   15.7680
    7.5000   15.0000   45.000011697.3955   15.7428
   -7.5000   22.5000   45.000011524.1445   15.7706
    0.0000   22.5000   45.000011957.4980   15.7736
    7.5000   22.5000   45.000011444.2480   15.7495
   -7.5000   30.0000   45.000011236.0254   15.5767
    0.0000   30.0000   45.000011641.3779   15.5818
    7.5000   30.0000   45.000011132.9590   15.5597
   -7.5000   37.5000   45.000011258.8799   15.5618
    0.0000   37.5000   45.000011671.1699   15.5734
    7.5000   37.5000   45.000011169.1484   15.5519
   -7.5000   45.0000   45.000010674.8740   15.1894
    0.0000   45.0000   45.000011079.7988   15.2046
    7.5000   45.0000   45.000010614.0547   15.1817

---------------------------------------------------------------------
imgreg_4dfp /opt/freesurfer/average/711-2C_as_mni_average_305 /opt/freesurfer/average/711-2B_as_mni_average_305_mask talsrcimg_g11 none talsrcimg_to_711-2C_as_mni_average_305_t4 4355
---------------------------------------------------------------------

freesurfer imgreg_4dfp.c
/opt/freesurfer/average/711-2C_as_mni_average_305.4dfp.img
       256       256       256         1
  1.000000  1.000000  1.000000
orientation T byte_order littleendian
Reading image: /opt/freesurfer/average/711-2C_as_mni_average_305.4dfp.img
dimensions:      256       256       256
mmppix:       1.0000   -1.0000   -1.0000
center:     128.0000 -129.0000 -129.0000
/opt/freesurfer/average/711-2B_as_mni_average_305_mask.4dfp.img
       256       256       256         1
  1.000000  1.000000  1.000000
orientation T byte_order littleendian
Reading mask: /opt/freesurfer/average/711-2B_as_mni_average_305_mask.4dfp.img (2306576 pixels)
talsrcimg_g11.4dfp.img
       256       256       256         1
  1.000000  1.000000  1.000000
orientation T byte_order littleendian
Reading image: talsrcimg_g11.4dfp.img
dimensions:      256       256       256
mmppix:       1.0000   -1.0000   -1.0000
center:     128.0000 -129.0000 -129.0000
rotation matrix determinant  1.000000
image alignment mode   4355 decimal     1103 hex
   -7.5000  -45.0000  -45.0000 1634.5382   25.6772
    0.0000  -45.0000  -45.0000 1645.8154   25.9626
    7.5000  -45.0000  -45.0000 1632.0054   26.6467
   -7.5000  -37.5000  -45.0000 1778.3907   22.0885
    0.0000  -37.5000  -45.0000 1781.6661   22.2255
    7.5000  -37.5000  -45.0000 1760.9176   22.6903
   -7.5000  -30.0000  -45.0000 1914.5160   19.3980
    0.0000  -30.0000  -45.0000 1912.4047   19.4310
    7.5000  -30.0000  -45.0000 1889.6720   19.7423
   -7.5000  -22.5000  -45.0000 2031.1276   17.3057
    0.0000  -22.5000  -45.0000 2031.7400   17.3508
    7.5000  -22.5000  -45.0000 2009.1307   17.5894
   -7.5000  -15.0000  -45.0000 2127.7976   15.7997
    0.0000  -15.0000  -45.0000 2131.7856   15.8148
    7.5000  -15.0000  -45.0000 2107.9429   15.9814
   -7.5000   -7.5000  -45.0000 2212.1550   14.5906
    0.0000   -7.5000  -45.0000 2219.0295   14.5970
    7.5000   -7.5000  -45.0000 2199.7695   14.7528
   -7.5000    0.0000  -45.0000 2276.1387   13.7475
    0.0000    0.0000  -45.0000 2286.2976   13.7378
    7.5000    0.0000  -45.0000 2272.4644   13.8597
   -7.5000    7.5000  -45.0000 2313.4233   13.1714
    0.0000    7.5000  -45.0000 2324.0012   13.1331
    7.5000    7.5000  -45.0000 2314.2454   13.2711
   -7.5000   15.0000  -45.0000 2343.8894   12.8031
    0.0000   15.0000  -45.0000 2347.4260   12.7649
    7.5000   15.0000  -45.0000 2332.9509   12.9092
   -7.5000   22.5000  -45.0000 2347.2971   12.7609
    0.0000   22.5000  -45.0000 2354.5608   12.6849
    7.5000   22.5000  -45.0000 2337.3533   12.8113
   -7.5000   30.0000  -45.0000 2340.0742   12.9185
    0.0000   30.0000  -45.0000 2349.8108   12.8221
    7.5000   30.0000  -45.0000 2331.8257   12.9427
   -7.5000   37.5000  -45.0000 2323.7893   13.2999
    0.0000   37.5000  -45.0000 2328.4404   13.1939
    7.5000   37.5000  -45.0000 2309.9106   13.3350
   -7.5000   45.0000  -45.0000 2283.6948   13.9081
    0.0000   45.0000  -45.0000 2289.5933   13.7992
    7.5000   45.0000  -45.0000 2271.3987   13.9681
   -7.5000  -45.0000  -37.5000 1703.9592   23.8066
    0.0000  -45.0000  -37.5000 1706.3865   24.0542
    7.5000  -45.0000  -37.5000 1695.2058   24.6453
   -7.5000  -37.5000  -37.5000 1847.9093   20.4541
    0.0000  -37.5000  -37.5000 1846.5876   20.5958
    7.5000  -37.5000  -37.5000 1825.7029   21.0064
   -7.5000  -30.0000  -37.5000 1986.9724   17.9533
    0.0000  -30.0000  -37.5000 1983.9102   18.0095
    7.5000  -30.0000  -37.5000 1958.2098   18.3162
   -7.5000  -22.5000  -37.5000 2109.4973   16.0238
    0.0000  -22.5000  -37.5000 2110.5371   16.0544
    7.5000  -22.5000  -37.5000 2086.6414   16.3013
   -7.5000  -15.0000  -37.5000 2208.9578   14.5893
    0.0000  -15.0000  -37.5000 2217.2507   14.6179
    7.5000  -15.0000  -37.5000 2194.6726   14.8060
   -7.5000   -7.5000  -37.5000 2302.1670   13.4402
    0.0000   -7.5000  -37.5000 2310.6765   13.4814
    7.5000   -7.5000  -37.5000 2293.0518   13.6298
   -7.5000    0.0000  -37.5000 2369.2065   12.6205
    0.0000    0.0000  -37.5000 2380.6179   12.6554
    7.5000    0.0000  -37.5000 2369.1602   12.7804
   -7.5000    7.5000  -37.5000 2415.7927   12.1244
    0.0000    7.5000  -37.5000 2426.0256   12.0959
    7.5000    7.5000  -37.5000 2411.8335   12.2307
   -7.5000   15.0000  -37.5000 2445.4246   11.7961
    0.0000   15.0000  -37.5000 2452.8523   11.7767
    7.5000   15.0000  -37.5000 2432.9104   11.9115
   -7.5000   22.5000  -37.5000 2450.4272   11.7279
    0.0000   22.5000  -37.5000 2454.7529   11.6768
    7.5000   22.5000  -37.5000 2437.5330   11.8038
   -7.5000   30.0000  -37.5000 2444.4441   11.8660
    0.0000   30.0000  -37.5000 2448.4434   11.7873
    7.5000   30.0000  -37.5000 2429.7944   11.9101
   -7.5000   37.5000  -37.5000 2425.4700   12.2120
    0.0000   37.5000  -37.5000 2428.9429   12.1399
    7.5000   37.5000  -37.5000 2409.7480   12.2910
   -7.5000   45.0000  -37.5000 2387.3342   12.8119
    0.0000   45.0000  -37.5000 2393.1689   12.7431
    7.5000   45.0000  -37.5000 2368.7229   12.9049
   -7.5000  -45.0000  -30.0000 1795.5826   23.0756
    0.0000  -45.0000  -30.0000 1795.0508   23.2900
    7.5000  -45.0000  -30.0000 1778.2721   23.7603
   -7.5000  -37.5000  -30.0000 1945.5702   19.7454
    0.0000  -37.5000  -30.0000 1942.4617   19.8902
    7.5000  -37.5000  -30.0000 1923.4056   20.2451
   -7.5000  -30.0000  -30.0000 2089.0391   17.2878
    0.0000  -30.0000  -30.0000 2085.2927   17.3699
    7.5000  -30.0000  -30.0000 2062.7378   17.6591
   -7.5000  -22.5000  -30.0000 2215.3633   15.4183
    0.0000  -22.5000  -30.0000 2220.9045   15.4665
    7.5000  -22.5000  -30.0000 2197.4910   15.7327
   -7.5000  -15.0000  -30.0000 2322.3530   13.9897
    0.0000  -15.0000  -30.0000 2330.3098   14.0563
    7.5000  -15.0000  -30.0000 2312.7834   14.2643
   -7.5000   -7.5000  -30.0000 2420.8525   12.8930
    0.0000   -7.5000  -30.0000 2434.6218   12.9467
    7.5000   -7.5000  -30.0000 2417.7866   13.1019
   -7.5000    0.0000  -30.0000 2500.6970   12.0805
    0.0000    0.0000  -30.0000 2512.2893   12.1161
    7.5000    0.0000  -30.0000 2496.5491   12.2457
   -7.5000    7.5000  -30.0000 2557.8911   11.5558
    0.0000    7.5000  -30.0000 2565.4006   11.5597
    7.5000    7.5000  -30.0000 2544.2324   11.6791
   -7.5000   15.0000  -30.0000 2594.7747   11.2624
    0.0000   15.0000  -30.0000 2603.9846   11.2349
    7.5000   15.0000  -30.0000 2579.1165   11.3778
   -7.5000   22.5000  -30.0000 2608.2170   11.1823
    0.0000   22.5000  -30.0000 2611.8779   11.1399
    7.5000   22.5000  -30.0000 2589.8340   11.2790
   -7.5000   30.0000  -30.0000 2602.5972   11.3238
    0.0000   30.0000  -30.0000 2605.7524   11.2700
    7.5000   30.0000  -30.0000 2584.2393   11.4069
   -7.5000   37.5000  -30.0000 2578.0994   11.6818
    0.0000   37.5000  -30.0000 2585.7917   11.6250
    7.5000   37.5000  -30.0000 2558.8413   11.7891
   -7.5000   45.0000  -30.0000 2533.2795   12.2890
    0.0000   45.0000  -30.0000 2540.3735   12.2260
    7.5000   45.0000  -30.0000 2511.7258   12.3867
   -7.5000  -45.0000  -22.5000 1861.6370   22.2071
    0.0000  -45.0000  -22.5000 1857.7444   22.3763
    7.5000  -45.0000  -22.5000 1841.2081   22.7819
   -7.5000  -37.5000  -22.5000 2014.7010   19.0215
    0.0000  -37.5000  -22.5000 2012.1169   19.1033
    7.5000  -37.5000  -22.5000 1992.7285   19.4097
   -7.5000  -30.0000  -22.5000 2161.3418   16.6129
    0.0000  -30.0000  -22.5000 2158.7209   16.6351
    7.5000  -30.0000  -22.5000 2138.8098   16.9340
   -7.5000  -22.5000  -22.5000 2290.9653   14.7747
    0.0000  -22.5000  -22.5000 2298.3218   14.8061
    7.5000  -22.5000  -22.5000 2280.3110   15.0855
   -7.5000  -15.0000  -22.5000 2404.7617   13.3528
    0.0000  -15.0000  -22.5000 2414.9343   13.4097
    7.5000  -15.0000  -22.5000 2395.2891   13.6175
   -7.5000   -7.5000  -22.5000 2512.3616   12.2630
    0.0000   -7.5000  -22.5000 2527.0554   12.3053
    7.5000   -7.5000  -22.5000 2506.3069   12.4719
   -7.5000    0.0000  -22.5000 2599.8638   11.4630
    0.0000    0.0000  -22.5000 2611.2104   11.4940
    7.5000    0.0000  -22.5000 2591.1782   11.6360
   -7.5000    7.5000  -22.5000 2661.8203   10.9366
    0.0000    7.5000  -22.5000 2671.0718   10.9459
    7.5000    7.5000  -22.5000 2647.9922   11.0594
   -7.5000   15.0000  -22.5000 2714.2192   10.6336
    0.0000   15.0000  -22.5000 2720.8989   10.6190
    7.5000   15.0000  -22.5000 2696.4790   10.7549
   -7.5000   22.5000  -22.5000 2741.4075   10.5796
    0.0000   22.5000  -22.5000 2743.7424   10.5403
    7.5000   22.5000  -22.5000 2717.9114   10.6683
   -7.5000   30.0000  -22.5000 2733.5049   10.7281
    0.0000   30.0000  -22.5000 2737.3965   10.6788
    7.5000   30.0000  -22.5000 2712.9478   10.8105
   -7.5000   37.5000  -22.5000 2706.2324   11.1044
    0.0000   37.5000  -22.5000 2716.0588   11.0460
    7.5000   37.5000  -22.5000 2683.4539   11.1934
   -7.5000   45.0000  -22.5000 2656.0085   11.6977
    0.0000   45.0000  -22.5000 2664.1267   11.6531
    7.5000   45.0000  -22.5000 2630.2280   11.7986
   -7.5000  -45.0000  -15.0000 1904.7057   21.4010
    0.0000  -45.0000  -15.0000 1899.9471   21.4289
    7.5000  -45.0000  -15.0000 1886.5194   21.8172
   -7.5000  -37.5000  -15.0000 2060.8015   18.3676
    0.0000  -37.5000  -15.0000 2055.7021   18.3066
    7.5000  -37.5000  -15.0000 2039.6427   18.5751
   -7.5000  -30.0000  -15.0000 2210.8909   16.0221
    0.0000  -30.0000  -15.0000 2209.9880   15.9739
    7.5000  -30.0000  -15.0000 2187.1421   16.2209
   -7.5000  -22.5000  -15.0000 2344.0652   14.2041
    0.0000  -22.5000  -15.0000 2350.7097   14.1718
    7.5000  -22.5000  -15.0000 2333.1909   14.4134
   -7.5000  -15.0000  -15.0000 2461.2966   12.7905
    0.0000  -15.0000  -15.0000 2471.2043   12.7839
    7.5000  -15.0000  -15.0000 2452.9348   12.9932
   -7.5000   -7.5000  -15.0000 2578.9890   11.6732
    0.0000   -7.5000  -15.0000 2587.2278   11.6854
    7.5000   -7.5000  -15.0000 2568.5171   11.8682
   -7.5000    0.0000  -15.0000 2673.6982   10.8708
    0.0000    0.0000  -15.0000 2682.0383   10.8846
    7.5000    0.0000  -15.0000 2659.4751   11.0335
   -7.5000    7.5000  -15.0000 2743.9634   10.3478
    0.0000    7.5000  -15.0000 2751.7217   10.3393
    7.5000    7.5000  -15.0000 2725.2415   10.4691
   -7.5000   15.0000  -15.0000 2803.2595   10.0501
    0.0000   15.0000  -15.0000 2810.0466   10.0256
    7.5000   15.0000  -15.0000 2779.8245   10.1660
   -7.5000   22.5000  -15.0000 2838.0029    9.9889
    0.0000   22.5000  -15.0000 2842.6323    9.9513
    7.5000   22.5000  -15.0000 2811.7954   10.0680
   -7.5000   30.0000  -15.0000 2832.7842   10.1378
    0.0000   30.0000  -15.0000 2840.6960   10.0910
    7.5000   30.0000  -15.0000 2809.5327   10.2030
   -7.5000   37.5000  -15.0000 2801.0095   10.5086
    0.0000   37.5000  -15.0000 2816.0513   10.4647
    7.5000   37.5000  -15.0000 2781.9895   10.5922
   -7.5000   45.0000  -15.0000 2747.2046   11.1100
    0.0000   45.0000  -15.0000 2756.1243   11.0616
    7.5000   45.0000  -15.0000 2719.8738   11.2040
   -7.5000  -45.0000   -7.5000 1940.6788   20.7314
    0.0000  -45.0000   -7.5000 1930.9574   20.6285
    7.5000  -45.0000   -7.5000 1915.6407   21.0102
   -7.5000  -37.5000   -7.5000 2098.5872   17.7874
    0.0000  -37.5000   -7.5000 2096.7952   17.7324
    7.5000  -37.5000   -7.5000 2075.3398   17.9828
   -7.5000  -30.0000   -7.5000 2249.6475   15.5474
    0.0000  -30.0000   -7.5000 2251.3157   15.4536
    7.5000  -30.0000   -7.5000 2228.3052   15.6982
   -7.5000  -22.5000   -7.5000 2380.9368   13.7346
    0.0000  -22.5000   -7.5000 2393.5776   13.6626
    7.5000  -22.5000   -7.5000 2370.7058   13.8985
   -7.5000  -15.0000   -7.5000 2500.7805   12.3248
    0.0000  -15.0000   -7.5000 2511.6270   12.2649
    7.5000  -15.0000   -7.5000 2494.8953   12.4727
   -7.5000   -7.5000   -7.5000 2623.3000   11.2177
    0.0000   -7.5000   -7.5000 2630.7800   11.1589
    7.5000   -7.5000   -7.5000 2611.0266   11.3468
   -7.5000    0.0000   -7.5000 2729.1343   10.3989
    0.0000    0.0000   -7.5000 2736.3401   10.3561
    7.5000    0.0000   -7.5000 2710.6077   10.5163
   -7.5000    7.5000   -7.5000 2809.9553    9.8470
    0.0000    7.5000   -7.5000 2821.3845    9.8088
    7.5000    7.5000   -7.5000 2791.1436    9.9508
   -7.5000   15.0000   -7.5000 2878.3938    9.5434
    0.0000   15.0000   -7.5000 2889.6367    9.5073
    7.5000   15.0000   -7.5000 2854.0986    9.6506
   -7.5000   22.5000   -7.5000 2918.2688    9.4607
    0.0000   22.5000   -7.5000 2930.3044    9.4227
    7.5000   22.5000   -7.5000 2888.5796    9.5510
   -7.5000   30.0000   -7.5000 2911.3809    9.6116
    0.0000   30.0000   -7.5000 2925.7646    9.5521
    7.5000   30.0000   -7.5000 2891.3047    9.6668
   -7.5000   37.5000   -7.5000 2879.9412    9.9859
    0.0000   37.5000   -7.5000 2893.2749    9.9237
    7.5000   37.5000   -7.5000 2857.8044   10.0525
   -7.5000   45.0000   -7.5000 2813.3953   10.5812
    0.0000   45.0000   -7.5000 2823.9761   10.5136
    7.5000   45.0000   -7.5000 2788.6917   10.6510
   -7.5000  -45.0000    0.0000 1963.9651   20.3574
    0.0000  -45.0000    0.0000 1959.2469   20.1974
    7.5000  -45.0000    0.0000 1938.4696   20.4934
   -7.5000  -37.5000    0.0000 2121.6018   17.5095
    0.0000  -37.5000    0.0000 2129.1155   17.3729
    7.5000  -37.5000    0.0000 2107.5447   17.5995
   -7.5000  -30.0000    0.0000 2272.8613   15.2521
    0.0000  -30.0000    0.0000 2279.9448   15.1481
    7.5000  -30.0000    0.0000 2257.9382   15.3376
   -7.5000  -22.5000    0.0000 2403.0640   13.4480
    0.0000  -22.5000    0.0000 2418.3794   13.3635
    7.5000  -22.5000    0.0000 2393.5930   13.5487
   -7.5000  -15.0000    0.0000 2527.8386   12.0446
    0.0000  -15.0000    0.0000 2538.6101   11.9373
    7.5000  -15.0000    0.0000 2518.5872   12.1431
   -7.5000   -7.5000    0.0000 2650.1489   10.9355
    0.0000   -7.5000    0.0000 2658.1243   10.8253
    7.5000   -7.5000    0.0000 2635.7517   11.0337
   -7.5000    0.0000    0.0000 2756.6533   10.0947
    0.0000    0.0000    0.0000 2768.8474    9.9988
    7.5000    0.0000    0.0000 2738.2173   10.1946
   -7.5000    7.5000    0.0000 2851.1047    9.5321
    0.0000    7.5000    0.0000 2868.3137    9.4484
    7.5000    7.5000    0.0000 2837.6409    9.6159
   -7.5000   15.0000    0.0000 2936.0356    9.2244
    0.0000   15.0000    0.0000 2958.8677    9.1539
    7.5000   15.0000    0.0000 2916.5793    9.3076
   -7.5000   22.5000    0.0000 2986.3015    9.1073
    0.0000   22.5000    0.0000 3011.2812    9.0427
    7.5000   22.5000    0.0000 2953.8235    9.2116
   -7.5000   30.0000    0.0000 2977.5076    9.2459
    0.0000   30.0000    0.0000 2997.6721    9.1567
    7.5000   30.0000    0.0000 2953.3193    9.3120
   -7.5000   37.5000    0.0000 2936.2305    9.6198
    0.0000   37.5000    0.0000 2951.5046    9.5370
    7.5000   37.5000    0.0000 2910.8340    9.6845
   -7.5000   45.0000    0.0000 2854.6653   10.2230
    0.0000   45.0000    0.0000 2870.3916   10.1430
    7.5000   45.0000    0.0000 2831.3018   10.2879
   -7.5000  -45.0000    7.5000 1965.6898   20.2009
    0.0000  -45.0000    7.5000 1970.9583   20.0427
    7.5000  -45.0000    7.5000 1951.5059   20.2365
   -7.5000  -37.5000    7.5000 2128.4087   17.3689
    0.0000  -37.5000    7.5000 2149.7759   17.2511
    7.5000  -37.5000    7.5000 2126.1619   17.4215
   -7.5000  -30.0000    7.5000 2279.8596   15.1221
    0.0000  -30.0000    7.5000 2300.6533   14.9834
    7.5000  -30.0000    7.5000 2274.9883   15.1413
   -7.5000  -22.5000    7.5000 2415.0525   13.3588
    0.0000  -22.5000    7.5000 2430.8689   13.1921
    7.5000  -22.5000    7.5000 2408.4441   13.3733
   -7.5000  -15.0000    7.5000 2537.8730   11.9802
    0.0000  -15.0000    7.5000 2548.1526   11.7917
    7.5000  -15.0000    7.5000 2528.0557   11.9798
   -7.5000   -7.5000    7.5000 2660.0752   10.8496
    0.0000   -7.5000    7.5000 2668.5449   10.7009
    7.5000   -7.5000    7.5000 2640.5278   10.8843
   -7.5000    0.0000    7.5000 2774.3826    9.9876
    0.0000    0.0000    7.5000 2788.1792    9.8558
    7.5000    0.0000    7.5000 2753.6924   10.0494
   -7.5000    7.5000    7.5000 2877.6648    9.4035
    0.0000    7.5000    7.5000 2896.5542    9.2581
    7.5000    7.5000    7.5000 2860.1909    9.4639
   -7.5000   15.0000    7.5000 2967.8096    9.0822
    0.0000   15.0000    7.5000 2995.9282    8.9526
    7.5000   15.0000    7.5000 2950.0193    9.1448
   -7.5000   22.5000    7.5000 3023.5859    8.9690
    0.0000   22.5000    7.5000 3063.6992    8.8589
    7.5000   22.5000    7.5000 3000.0010    9.0708
   -7.5000   30.0000    7.5000 3013.7075    9.1033
    0.0000   30.0000    7.5000 3044.5193    8.9702
    7.5000   30.0000    7.5000 2993.2754    9.1943
   -7.5000   37.5000    7.5000 2960.9734    9.4864
    0.0000   37.5000    7.5000 2979.9429    9.3784
    7.5000   37.5000    7.5000 2936.1387    9.5563
   -7.5000   45.0000    7.5000 2868.3469   10.1033
    0.0000   45.0000    7.5000 2884.2561   10.0020
    7.5000   45.0000    7.5000 2846.6814   10.1537
   -7.5000  -45.0000   15.0000 1952.0911   20.2513
    0.0000  -45.0000   15.0000 1966.4670   20.0437
    7.5000  -45.0000   15.0000 1945.5190   20.2422
   -7.5000  -37.5000   15.0000 2125.3523   17.4176
    0.0000  -37.5000   15.0000 2147.4624   17.2371
    7.5000  -37.5000   15.0000 2127.5549   17.4276
   -7.5000  -30.0000   15.0000 2276.3093   15.1716
    0.0000  -30.0000   15.0000 2299.3154   15.0134
    7.5000  -30.0000   15.0000 2278.3904   15.1608
   -7.5000  -22.5000   15.0000 2414.5701   13.4224
    0.0000  -22.5000   15.0000 2432.6956   13.2454
    7.5000  -22.5000   15.0000 2410.3689   13.3862
   -7.5000  -15.0000   15.0000 2536.5925   12.0397
    0.0000  -15.0000   15.0000 2551.0989   11.8670
    7.5000  -15.0000   15.0000 2527.4585   12.0177
   -7.5000   -7.5000   15.0000 2655.9382   10.9220
    0.0000   -7.5000   15.0000 2668.5664   10.7411
    7.5000   -7.5000   15.0000 2637.1848   10.9026
   -7.5000    0.0000   15.0000 2774.9448   10.0593
    0.0000    0.0000   15.0000 2786.5657    9.8818
    7.5000    0.0000   15.0000 2750.0537   10.0689
   -7.5000    7.5000   15.0000 2881.1392    9.4435
    0.0000    7.5000   15.0000 2894.3582    9.2635
    7.5000    7.5000   15.0000 2860.6721    9.4713
   -7.5000   15.0000   15.0000 2964.3354    9.0896
    0.0000   15.0000   15.0000 2984.3604    8.9258
    7.5000   15.0000   15.0000 2947.9961    9.1462
   -7.5000   22.5000   15.0000 3012.5049    9.0253
    0.0000   22.5000   15.0000 3042.2888    8.8746
    7.5000   22.5000   15.0000 2994.5486    9.1212
   -7.5000   30.0000   15.0000 2999.2896    9.2354
    0.0000   30.0000   15.0000 3034.6121    9.1197
    7.5000   30.0000   15.0000 2985.8306    9.2828
   -7.5000   37.5000   15.0000 2943.5356    9.5927
    0.0000   37.5000   15.0000 2970.4912    9.5024
    7.5000   37.5000   15.0000 2926.2937    9.6276
   -7.5000   45.0000   15.0000 2851.1719   10.1337
    0.0000   45.0000   15.0000 2868.5862   10.0525
    7.5000   45.0000   15.0000 2836.1328   10.1646
   -7.5000  -45.0000   22.5000 1931.7563   20.5398
    0.0000  -45.0000   22.5000 1942.0916   20.2684
    7.5000  -45.0000   22.5000 1927.1133   20.4800
   -7.5000  -37.5000   22.5000 2107.3943   17.6200
    0.0000  -37.5000   22.5000 2126.1106   17.4517
    7.5000  -37.5000   22.5000 2107.1096   17.5789
   -7.5000  -30.0000   22.5000 2261.3264   15.3522
    0.0000  -30.0000   22.5000 2284.0520   15.1888
    7.5000  -30.0000   22.5000 2263.0720   15.3328
   -7.5000  -22.5000   22.5000 2404.6121   13.5977
    0.0000  -22.5000   22.5000 2423.7930   13.4164
    7.5000  -22.5000   22.5000 2399.1658   13.5717
   -7.5000  -15.0000   22.5000 2525.6438   12.2062
    0.0000  -15.0000   22.5000 2542.7419   12.0211
    7.5000  -15.0000   22.5000 2516.7466   12.1816
   -7.5000   -7.5000   22.5000 2644.7307   11.1011
    0.0000   -7.5000   22.5000 2657.2114   10.9185
    7.5000   -7.5000   22.5000 2627.8484   11.0809
   -7.5000    0.0000   22.5000 2760.1604   10.2757
    0.0000    0.0000   22.5000 2772.5120   10.0823
    7.5000    0.0000   22.5000 2739.6306   10.2492
   -7.5000    7.5000   22.5000 2860.2839    9.6756
    0.0000    7.5000   22.5000 2871.8928    9.5153
    7.5000    7.5000   22.5000 2842.1316    9.6816
   -7.5000   15.0000   22.5000 2933.8186    9.3508
    0.0000   15.0000   22.5000 2948.5208    9.1953
    7.5000   15.0000   22.5000 2918.4612    9.3846
   -7.5000   22.5000   22.5000 2970.5620    9.2918
    0.0000   22.5000   22.5000 2991.6831    9.1912
    7.5000   22.5000   22.5000 2952.5327    9.3522
   -7.5000   30.0000   22.5000 2952.3997    9.4998
    0.0000   30.0000   22.5000 2982.5117    9.4062
    7.5000   30.0000   22.5000 2939.0513    9.5157
   -7.5000   37.5000   22.5000 2891.4766    9.8440
    0.0000   37.5000   22.5000 2916.9844    9.7591
    7.5000   37.5000   22.5000 2885.5291    9.8341
   -7.5000   45.0000   22.5000 2806.7627   10.3838
    0.0000   45.0000   22.5000 2824.1458   10.2850
    7.5000   45.0000   22.5000 2796.5439   10.3879
   -7.5000  -45.0000   30.0000 1903.0938   21.0976
    0.0000  -45.0000   30.0000 1912.4133   20.8463
    7.5000  -45.0000   30.0000 1897.2131   21.0387
   -7.5000  -37.5000   30.0000 2075.8132   18.0443
    0.0000  -37.5000   30.0000 2094.8901   17.8256
    7.5000  -37.5000   30.0000 2074.1638   18.0225
   -7.5000  -30.0000   30.0000 2235.9636   15.7132
    0.0000  -30.0000   30.0000 2255.1995   15.5224
    7.5000  -30.0000   30.0000 2234.9233   15.7014
   -7.5000  -22.5000   30.0000 2383.5325   13.9275
    0.0000  -22.5000   30.0000 2397.8557   13.7459
    7.5000  -22.5000   30.0000 2374.8494   13.9096
   -7.5000  -15.0000   30.0000 2502.4971   12.5448
    0.0000  -15.0000   30.0000 2519.0779   12.3787
    7.5000  -15.0000   30.0000 2492.7905   12.5405
   -7.5000   -7.5000   30.0000 2619.1277   11.4573
    0.0000   -7.5000   30.0000 2634.7317   11.3188
    7.5000   -7.5000   30.0000 2603.7173   11.4686
   -7.5000    0.0000   30.0000 2727.4302   10.6722
    0.0000    0.0000   30.0000 2743.0459   10.5343
    7.5000    0.0000   30.0000 2710.8098   10.6616
   -7.5000    7.5000   30.0000 2813.5398   10.0991
    0.0000    7.5000   30.0000 2829.6047    9.9624
    7.5000    7.5000   30.0000 2799.3765   10.1084
   -7.5000   15.0000   30.0000 2875.6106    9.7614
    0.0000   15.0000   30.0000 2889.3933    9.6416
    7.5000   15.0000   30.0000 2861.8782    9.7999
   -7.5000   22.5000   30.0000 2904.0637    9.6999
    0.0000   22.5000   30.0000 2915.3291    9.5938
    7.5000   22.5000   30.0000 2886.3943    9.7493
   -7.5000   30.0000   30.0000 2880.2363    9.8928
    0.0000   30.0000   30.0000 2898.5566    9.7676
    7.5000   30.0000   30.0000 2865.9766    9.8840
   -7.5000   37.5000   30.0000 2823.0205   10.2482
    0.0000   37.5000   30.0000 2841.2859   10.1231
    7.5000   37.5000   30.0000 2818.8469   10.2067
   -7.5000   45.0000   30.0000 2743.6426   10.7774
    0.0000   45.0000   30.0000 2757.0364   10.6766
    7.5000   45.0000   30.0000 2734.5220   10.7742
   -7.5000  -45.0000   37.5000 1871.2140   21.8130
    0.0000  -45.0000   37.5000 1878.6147   21.5896
    7.5000  -45.0000   37.5000 1863.2681   21.9429
   -7.5000  -37.5000   37.5000 2041.7886   18.6848
    0.0000  -37.5000   37.5000 2058.4194   18.4719
    7.5000  -37.5000   37.5000 2037.9886   18.7298
   -7.5000  -30.0000   37.5000 2202.0239   16.3263
    0.0000  -30.0000   37.5000 2217.4277   16.1513
    7.5000  -30.0000   37.5000 2197.0093   16.3603
   -7.5000  -22.5000   37.5000 2346.9106   14.5165
    0.0000  -22.5000   37.5000 2357.5740   14.3767
    7.5000  -22.5000   37.5000 2335.3142   14.5467
   -7.5000  -15.0000   37.5000 2465.8403   13.1002
    0.0000  -15.0000   37.5000 2478.8242   12.9859
    7.5000  -15.0000   37.5000 2453.4097   13.1371
   -7.5000   -7.5000   37.5000 2578.4194   12.0334
    0.0000   -7.5000   37.5000 2594.4568   11.9179
    7.5000   -7.5000   37.5000 2566.4421   12.0581
   -7.5000    0.0000   37.5000 2675.1772   11.2344
    0.0000    0.0000   37.5000 2695.1704   11.1142
    7.5000    0.0000   37.5000 2664.6611   11.2490
   -7.5000    7.5000   37.5000 2749.4937   10.6549
    0.0000    7.5000   37.5000 2772.8013   10.5495
    7.5000    7.5000   37.5000 2743.5652   10.6961
   -7.5000   15.0000   37.5000 2802.7126   10.3212
    0.0000   15.0000   37.5000 2817.7007   10.2294
    7.5000   15.0000   37.5000 2790.6936   10.3762
   -7.5000   22.5000   37.5000 2819.4287   10.2465
    0.0000   22.5000   37.5000 2831.3381   10.1472
    7.5000   22.5000   37.5000 2811.8105   10.2746
   -7.5000   30.0000   37.5000 2793.7864   10.4116
    0.0000   30.0000   37.5000 2808.7522   10.2692
    7.5000   30.0000   37.5000 2783.4893   10.3938
   -7.5000   37.5000   37.5000 2738.7771   10.7719
    0.0000   37.5000   37.5000 2753.0676   10.6425
    7.5000   37.5000   37.5000 2732.3250   10.7484
   -7.5000   45.0000   37.5000 2663.4382   11.3009
    0.0000   45.0000   37.5000 2675.5640   11.2069
    7.5000   45.0000   37.5000 2655.8652   11.3070
   -7.5000  -45.0000   45.0000 1834.8293   22.9719
    0.0000  -45.0000   45.0000 1842.6250   22.7811
    7.5000  -45.0000   45.0000 1825.2244   23.1175
   -7.5000  -37.5000   45.0000 2000.8519   19.6624
    0.0000  -37.5000   45.0000 2016.5073   19.5163
    7.5000  -37.5000   45.0000 1998.0291   19.7669
   -7.5000  -30.0000   45.0000 2159.2434   17.1936
    0.0000  -30.0000   45.0000 2169.4336   17.0742
    7.5000  -30.0000   45.0000 2150.9832   17.2813
   -7.5000  -22.5000   45.0000 2297.9678   15.3056
    0.0000  -22.5000   45.0000 2311.6704   15.2379
    7.5000  -22.5000   45.0000 2289.2400   15.3889
   -7.5000  -15.0000   45.0000 2415.0625   13.8633
    0.0000  -15.0000   45.0000 2429.7505   13.7916
    7.5000  -15.0000   45.0000 2408.5869   13.9283
   -7.5000   -7.5000   45.0000 2520.1938   12.7597
    0.0000   -7.5000   45.0000 2538.4609   12.6840
    7.5000   -7.5000   45.0000 2513.0671   12.8187
   -7.5000    0.0000   45.0000 2609.9993   11.9530
    0.0000    0.0000   45.0000 2628.8274   11.8634
    7.5000    0.0000   45.0000 2600.6726   11.9994
   -7.5000    7.5000   45.0000 2677.0251   11.3704
    0.0000    7.5000   45.0000 2696.0063   11.2842
    7.5000    7.5000   45.0000 2667.6199   11.4233
   -7.5000   15.0000   45.0000 2715.0405   11.0308
    0.0000   15.0000   45.0000 2730.5283   10.9508
    7.5000   15.0000   45.0000 2704.2073   11.0821
   -7.5000   22.5000   45.0000 2724.2939   10.9452
    0.0000   22.5000   45.0000 2735.4170   10.8586
    7.5000   22.5000   45.0000 2716.7207   10.9733
   -7.5000   30.0000   45.0000 2699.1440   11.0846
    0.0000   30.0000   45.0000 2713.0085   10.9685
    7.5000   30.0000   45.0000 2692.1995   11.0628
   -7.5000   37.5000   45.0000 2652.0942   11.4568
    0.0000   37.5000   45.0000 2664.8525   11.3394
    7.5000   37.5000   45.0000 2643.4331   11.4232
   -7.5000   45.0000   45.0000 2579.1707   11.9817
    0.0000   45.0000   45.0000 2590.6064   11.8934
    7.5000   45.0000   45.0000 2573.4050   11.9888

---------------------------------------------------------------------
imgreg_4dfp /opt/freesurfer/average/711-2C_as_mni_average_305 /opt/freesurfer/average/711-2B_as_mni_average_305_mask talsrcimg_g11 none talsrcimg_to_711-2C_as_mni_average_305_t4 1283
---------------------------------------------------------------------

freesurfer imgreg_4dfp.c
/opt/freesurfer/average/711-2C_as_mni_average_305.4dfp.img
       256       256       256         1
  1.000000  1.000000  1.000000
orientation T byte_order littleendian
Reading image: /opt/freesurfer/average/711-2C_as_mni_average_305.4dfp.img
dimensions:      256       256       256
mmppix:       1.0000   -1.0000   -1.0000
center:     128.0000 -129.0000 -129.0000
/opt/freesurfer/average/711-2B_as_mni_average_305_mask.4dfp.img
       256       256       256         1
  1.000000  1.000000  1.000000
orientation T byte_order littleendian
Reading mask: /opt/freesurfer/average/711-2B_as_mni_average_305_mask.4dfp.img (2306576 pixels)
talsrcimg_g11.4dfp.img
       256       256       256         1
  1.000000  1.000000  1.000000
orientation T byte_order littleendian
Reading image: talsrcimg_g11.4dfp.img
dimensions:      256       256       256
mmppix:       1.0000   -1.0000   -1.0000
center:     128.0000 -129.0000 -129.0000
rotation matrix determinant  1.000000
fimgreg.f
image alignment mode   1283 decimal      503 hex
parameters
    0.0000   22.5000    7.5000    0.0000    0.0000    0.0000
eta,q 0.96014  8.82654
niter,ni,del,rscale     5    3   12.0000    1.2000
parameter  6 -2.172064 -> -0.500000 qaram    1.1500
parameters
   -1.2393   24.8754    8.8264    1.3090    2.5364    3.4500
eta,q 0.96741  8.76602
  0.0502  0.0551  0.0508  0.0433  0.0487  0.0460
  0.0447  0.0483  0.0463  0.0416  0.0454  0.0428
  0.0417  0.0440  0.0418  0.0403  0.0420  0.0396
  0.0416  0.0409  0.0393  0.0389  0.0383  0.0367
  0.0465  0.0393  0.0390  0.0380  0.0367  0.0342
  0.0530  0.0399  0.0409  0.0388  0.0377  0.0321
  0.0590  0.0425  0.0442  0.0413  0.0401  0.0310
niter,ni,del,rscale     5    3   12.0000    1.2000
parameter  6 -0.502266 -> -0.500000 qaram    1.3225
parameters
   -1.0844   24.6852    9.2879    1.4546    2.7385    7.4175
eta,q 0.96938  8.73545
  0.0490  0.0447  0.0431  0.0394  0.0406  0.0422
  0.0418  0.0385  0.0377  0.0361  0.0366  0.0386
  0.0358  0.0342  0.0340  0.0337  0.0338  0.0354
  0.0326  0.0326  0.0326  0.0326  0.0326  0.0326
  0.0347  0.0351  0.0336  0.0335  0.0335  0.0309
  0.0405  0.0401  0.0365  0.0359  0.0358  0.0308
  0.0478  0.0457  0.0398  0.0387  0.0397  0.0331
niter,ni,del,rscale     5    3   12.0000    1.2000
parameters
   -0.7425   24.7018    9.5339    1.4229    2.7145    6.6883
eta,q 0.96946  8.74554
  0.0494  0.0464  0.0403  0.0391  0.0385  0.0382
  0.0411  0.0382  0.0359  0.0343  0.0351  0.0343
  0.0341  0.0310  0.0321  0.0301  0.0320  0.0315
  0.0306  0.0305  0.0305  0.0306  0.0306  0.0306
  0.0323  0.0340  0.0325  0.0326  0.0318  0.0326
  0.0385  0.0388  0.0356  0.0349  0.0348  0.0369
  0.0458  0.0448  0.0383  0.0380  0.0389  0.0410
niter,ni,del,rscale     4    3   12.0000    1.2000
parameters
   -0.7484   24.6813    9.5414    1.4097    2.7144    6.5794
eta,q 0.96947  8.74614
  0.0475  0.0460  0.0396  0.0390  0.0386  0.0392
  0.0395  0.0379  0.0351  0.0343  0.0350  0.0353
  0.0332  0.0312  0.0316  0.0303  0.0319  0.0321
  0.0305  0.0305  0.0305  0.0305  0.0305  0.0305
  0.0332  0.0340  0.0328  0.0326  0.0317  0.0317
  0.0401  0.0389  0.0358  0.0349  0.0347  0.0357
  0.0472  0.0448  0.0386  0.0380  0.0388  0.0399
niter,ni,del,rscale     3    3   12.0000    1.2000
parameters
   -0.7614   24.6788    9.5395    1.4044    2.7207    6.5592
eta,q 0.96947  8.74620
  0.0475  0.0461  0.0395  0.0390  0.0386  0.0394
  0.0395  0.0380  0.0350  0.0343  0.0350  0.0355
  0.0332  0.0313  0.0316  0.0304  0.0319  0.0322
  0.0305  0.0305  0.0305  0.0305  0.0305  0.0305
  0.0332  0.0339  0.0328  0.0326  0.0317  0.0316
  0.0401  0.0388  0.0358  0.0349  0.0347  0.0355
  0.0472  0.0447  0.0387  0.0379  0.0388  0.0397
registration optimization eta report
parameter search radius
    6.0000    6.0000    6.0000    6.0000    6.0000    7.9350
100000*second partial in parameter space
       45.       41.       23.       22.       22.       14.
  0.0475  0.0461  0.0395  0.0390  0.0386  0.0394
  0.0395  0.0380  0.0350  0.0343  0.0350  0.0355
  0.0332  0.0313  0.0316  0.0304  0.0319  0.0322
  0.0305  0.0305  0.0305  0.0305  0.0305  0.0305
  0.0332  0.0339  0.0328  0.0326  0.0317  0.0316
  0.0401  0.0388  0.0358  0.0349  0.0347  0.0355
  0.0472  0.0447  0.0387  0.0379  0.0388  0.0397
   -0.7614   24.6788    9.5395    1.4044    2.7207    6.5592
eta,q 0.96947  8.74620

---------------------------------------------------------------------
imgreg_4dfp /opt/freesurfer/average/711-2C_as_mni_average_305 /opt/freesurfer/average/711-2B_as_mni_average_305_mask talsrcimg_g11 none talsrcimg_to_711-2C_as_mni_average_305_t4 3335
---------------------------------------------------------------------

freesurfer imgreg_4dfp.c
/opt/freesurfer/average/711-2C_as_mni_average_305.4dfp.img
       256       256       256         1
  1.000000  1.000000  1.000000
orientation T byte_order littleendian
Reading image: /opt/freesurfer/average/711-2C_as_mni_average_305.4dfp.img
dimensions:      256       256       256
mmppix:       1.0000   -1.0000   -1.0000
center:     128.0000 -129.0000 -129.0000
/opt/freesurfer/average/711-2B_as_mni_average_305_mask.4dfp.img
       256       256       256         1
  1.000000  1.000000  1.000000
orientation T byte_order littleendian
Reading mask: /opt/freesurfer/average/711-2B_as_mni_average_305_mask.4dfp.img (2306576 pixels)
talsrcimg_g11.4dfp.img
       256       256       256         1
  1.000000  1.000000  1.000000
orientation T byte_order littleendian
Reading image: talsrcimg_g11.4dfp.img
dimensions:      256       256       256
mmppix:       1.0000   -1.0000   -1.0000
center:     128.0000 -129.0000 -129.0000
fimgreg.f
image alignment mode   3335 decimal      D07 hex
parameters
   -0.7614   24.6788    9.5395   -0.7666   -0.6977   -0.1427
  -11.5352   -4.4343   11.4102   -2.9769    4.7468    2.4481
eta,q 0.96980  8.78881
niter,ni,del,rscale     5    3    5.0000    1.2000
parameter  4  1.004693 ->  0.500000 qaram    1.1500
parameter  5  1.208252 ->  0.500000 qaram    1.1500
parameter  6  0.736963 ->  0.500000 qaram    1.1500
parameter 10  0.701935 ->  0.500000 qaram    1.1500
parameter 12  2.049851 ->  0.500000 qaram    1.1500
parameters
   -1.0107   24.5664    9.5475   -4.9066   -4.8377   -4.2827
  -11.4479   -1.9598   12.0701   -7.1169    5.6846   -1.6919
eta,q 0.98055  8.38406
  0.0326  0.0319  0.0317  0.0266  0.0235  0.0225  0.0252  0.0286  0.0245  0.0215  0.0223  0.0188
  0.0312  0.0308  0.0308  0.0267  0.0239  0.0227  0.0238  0.0260  0.0234  0.0210  0.0217  0.0193
  0.0303  0.0302  0.0303  0.0279  0.0252  0.0232  0.0230  0.0240  0.0226  0.0212  0.0212  0.0200
  0.0302  0.0302  0.0302  0.0302  0.0269  0.0242  0.0228  0.0228  0.0222  0.0222  0.0210  0.0210
  0.0308  0.0305  0.0304  0.0334  0.0289  0.0263  0.0231  0.0222  0.0223  0.0241  0.0210  0.0221
  0.0320  0.0311  0.0309  0.0371  0.0316  0.0293  0.0238  0.0226  0.0228  0.0262  0.0213  0.0233
  0.0338  0.0321  0.0317  0.0413  0.0350  0.0330  0.0250  0.0239  0.0239  0.0283  0.0218  0.0246
niter,ni,del,rscale     7    3    5.0000    1.2000
parameters
   -1.1908   25.0117   10.4669   -7.1357   -7.0610   -5.1692
  -11.3839   -2.2302   12.9342   -5.6832    5.5006   -4.7887
eta,q 0.98162  8.26311
  0.0224  0.0229  0.0218  0.0216  0.0211  0.0216  0.0216  0.0226  0.0214  0.0243  0.0198  0.0191
  0.0206  0.0212  0.0207  0.0202  0.0196  0.0204  0.0201  0.0206  0.0202  0.0218  0.0192  0.0186
  0.0196  0.0200  0.0199  0.0191  0.0188  0.0193  0.0192  0.0192  0.0193  0.0199  0.0188  0.0184
  0.0194  0.0194  0.0193  0.0191  0.0190  0.0188  0.0189  0.0189  0.0189  0.0188  0.0186  0.0186
  0.0201  0.0194  0.0191  0.0207  0.0202  0.0191  0.0192  0.0195  0.0189  0.0187  0.0188  0.0193
  0.0214  0.0199  0.0192  0.0239  0.0228  0.0207  0.0201  0.0210  0.0195  0.0196  0.0193  0.0204
  0.0234  0.0210  0.0197  0.0280  0.0261  0.0242  0.0215  0.0231  0.0205  0.0217  0.0200  0.0216
niter,ni,del,rscale     6    3    5.0000    1.2000
parameters
   -1.1152   24.9940   10.0739   -6.9266   -7.1203   -5.0788
  -11.5487   -2.3193   13.2517   -5.1702    5.6026   -5.8067
eta,q 0.98181  8.26844
  0.0217  0.0208  0.0194  0.0225  0.0223  0.0218  0.0208  0.0223  0.0205  0.0231  0.0196  0.0197
  0.0199  0.0194  0.0187  0.0209  0.0204  0.0204  0.0194  0.0202  0.0194  0.0207  0.0189  0.0188
  0.0188  0.0186  0.0184  0.0195  0.0189  0.0192  0.0185  0.0188  0.0186  0.0191  0.0184  0.0183
  0.0184  0.0184  0.0184  0.0183  0.0183  0.0183  0.0183  0.0183  0.0183  0.0183  0.0182  0.0182
  0.0187  0.0187  0.0187  0.0183  0.0185  0.0182  0.0186  0.0188  0.0184  0.0185  0.0183  0.0186
  0.0197  0.0195  0.0194  0.0198  0.0200  0.0194  0.0195  0.0203  0.0191  0.0198  0.0188  0.0194
  0.0213  0.0209  0.0204  0.0229  0.0229  0.0225  0.0210  0.0225  0.0202  0.0222  0.0195  0.0206
niter,ni,del,rscale     5    3    5.0000    1.2000
parameters
   -1.1403   25.1157    9.9230   -6.8988   -7.1029   -5.0616
  -11.6422   -2.4056   13.3260   -4.8865    5.6686   -6.3109
eta,q 0.98186  8.27182
  0.0213  0.0209  0.0196  0.0223  0.0223  0.0217  0.0207  0.0222  0.0203  0.0227  0.0195  0.0199
  0.0196  0.0194  0.0188  0.0207  0.0203  0.0203  0.0193  0.0201  0.0192  0.0205  0.0188  0.0189
  0.0185  0.0185  0.0183  0.0193  0.0188  0.0190  0.0185  0.0187  0.0185  0.0189  0.0183  0.0183
  0.0182  0.0182  0.0182  0.0182  0.0182  0.0182  0.0182  0.0182  0.0182  0.0182  0.0182  0.0182
  0.0186  0.0184  0.0184  0.0182  0.0184  0.0181  0.0185  0.0187  0.0184  0.0185  0.0183  0.0185
  0.0197  0.0191  0.0190  0.0199  0.0199  0.0194  0.0194  0.0202  0.0191  0.0199  0.0187  0.0192
  0.0214  0.0204  0.0199  0.0230  0.0227  0.0226  0.0208  0.0224  0.0202  0.0223  0.0195  0.0203
niter,ni,del,rscale     4    3    5.0000    1.2000
parameters
   -1.1598   25.1836    9.8494   -6.8912   -7.0866   -5.0598
  -11.6676   -2.4558   13.3531   -4.7303    5.7095   -6.5634
eta,q 0.98187  8.27337
  0.0213  0.0208  0.0196  0.0222  0.0222  0.0217  0.0207  0.0222  0.0202  0.0226  0.0195  0.0200
  0.0196  0.0193  0.0188  0.0207  0.0203  0.0203  0.0193  0.0201  0.0191  0.0203  0.0188  0.0190
  0.0185  0.0184  0.0183  0.0192  0.0188  0.0190  0.0184  0.0187  0.0184  0.0188  0.0183  0.0183
  0.0181  0.0181  0.0181  0.0181  0.0181  0.0181  0.0181  0.0181  0.0181  0.0181  0.0181  0.0181
  0.0185  0.0184  0.0184  0.0182  0.0183  0.0181  0.0184  0.0187  0.0183  0.0185  0.0183  0.0184
  0.0196  0.0192  0.0189  0.0199  0.0199  0.0193  0.0193  0.0201  0.0190  0.0200  0.0187  0.0191
  0.0214  0.0204  0.0198  0.0231  0.0226  0.0226  0.0208  0.0224  0.0202  0.0224  0.0195  0.0202
niter,ni,del,rscale     3    3    5.0000    1.2000
parameters
   -1.1685   25.2213    9.8122   -6.8878   -7.0784   -5.0642
  -11.6720   -2.4813   13.3642   -4.6458    5.7283   -6.6874
eta,q 0.98188  8.27399
  0.0213  0.0207  0.0197  0.0222  0.0222  0.0217  0.0207  0.0222  0.0202  0.0225  0.0194  0.0200
  0.0196  0.0192  0.0188  0.0206  0.0203  0.0203  0.0193  0.0201  0.0191  0.0203  0.0187  0.0190
  0.0185  0.0184  0.0183  0.0192  0.0188  0.0190  0.0184  0.0187  0.0184  0.0187  0.0183  0.0183
  0.0181  0.0181  0.0181  0.0181  0.0181  0.0181  0.0181  0.0181  0.0181  0.0181  0.0181  0.0181
  0.0185  0.0184  0.0183  0.0182  0.0183  0.0181  0.0184  0.0186  0.0183  0.0185  0.0183  0.0184
  0.0196  0.0192  0.0189  0.0199  0.0199  0.0193  0.0193  0.0201  0.0190  0.0200  0.0187  0.0191
  0.0213  0.0205  0.0197  0.0230  0.0226  0.0226  0.0207  0.0223  0.0202  0.0225  0.0195  0.0201
niter,ni,del,rscale     2    3    5.0000    1.2000
parameters
   -1.1749   25.2398    9.7948   -6.8854   -7.0769   -5.0651
  -11.6772   -2.4977   13.3656   -4.6018    5.7482   -6.7529
eta,q 0.98188  8.27434
  0.0213  0.0206  0.0197  0.0222  0.0222  0.0217  0.0207  0.0222  0.0202  0.0224  0.0194  0.0201
  0.0196  0.0192  0.0188  0.0206  0.0203  0.0203  0.0193  0.0201  0.0191  0.0202  0.0187  0.0190
  0.0185  0.0184  0.0183  0.0192  0.0188  0.0190  0.0184  0.0186  0.0184  0.0187  0.0183  0.0183
  0.0181  0.0181  0.0181  0.0181  0.0181  0.0181  0.0181  0.0181  0.0181  0.0181  0.0181  0.0181
  0.0185  0.0184  0.0183  0.0182  0.0183  0.0181  0.0184  0.0186  0.0183  0.0185  0.0183  0.0184
  0.0196  0.0192  0.0189  0.0199  0.0199  0.0193  0.0193  0.0201  0.0190  0.0200  0.0187  0.0191
  0.0213  0.0205  0.0197  0.0230  0.0226  0.0226  0.0207  0.0223  0.0202  0.0225  0.0194  0.0201
registration optimization eta report
parameter search radius
    2.4000    2.4000    2.4000    8.2800    8.2800    8.2800
    7.2000    7.2000    7.2000    8.2800    7.2000    8.2800
100000*second partial in parameter space
       55.       43.       27.        6.        6.        6.
        5.        8.        4.        6.        3.        3.
  0.0213  0.0206  0.0197  0.0222  0.0222  0.0217  0.0207  0.0222  0.0202  0.0224  0.0194  0.0201
  0.0196  0.0192  0.0188  0.0206  0.0203  0.0203  0.0193  0.0201  0.0191  0.0202  0.0187  0.0190
  0.0185  0.0184  0.0183  0.0192  0.0188  0.0190  0.0184  0.0186  0.0184  0.0187  0.0183  0.0183
  0.0181  0.0181  0.0181  0.0181  0.0181  0.0181  0.0181  0.0181  0.0181  0.0181  0.0181  0.0181
  0.0185  0.0184  0.0183  0.0182  0.0183  0.0181  0.0184  0.0186  0.0183  0.0185  0.0183  0.0184
  0.0196  0.0192  0.0189  0.0199  0.0199  0.0193  0.0193  0.0201  0.0190  0.0200  0.0187  0.0191
  0.0213  0.0205  0.0197  0.0230  0.0226  0.0226  0.0207  0.0223  0.0202  0.0225  0.0194  0.0201
   -1.1749   25.2398    9.7948   -6.8854   -7.0769   -5.0651
  -11.6772   -2.4977   13.3656   -4.6018    5.7482   -6.7529
eta,q 0.98188  8.27434

---------------------------------------------------------------------
imgreg_4dfp /opt/freesurfer/average/711-2C_as_mni_average_305 /opt/freesurfer/average/711-2B_as_mni_average_305_mask talsrcimg_g11 none talsrcimg_to_711-2C_as_mni_average_305_t4 2311
---------------------------------------------------------------------

freesurfer imgreg_4dfp.c
/opt/freesurfer/average/711-2C_as_mni_average_305.4dfp.img
       256       256       256         1
  1.000000  1.000000  1.000000
orientation T byte_order littleendian
Reading image: /opt/freesurfer/average/711-2C_as_mni_average_305.4dfp.img
dimensions:      256       256       256
mmppix:       1.0000   -1.0000   -1.0000
center:     128.0000 -129.0000 -129.0000
/opt/freesurfer/average/711-2B_as_mni_average_305_mask.4dfp.img
       256       256       256         1
  1.000000  1.000000  1.000000
orientation T byte_order littleendian
Reading mask: /opt/freesurfer/average/711-2B_as_mni_average_305_mask.4dfp.img (2306576 pixels)
talsrcimg_g11.4dfp.img
       256       256       256         1
  1.000000  1.000000  1.000000
orientation T byte_order littleendian
Reading image: talsrcimg_g11.4dfp.img
dimensions:      256       256       256
mmppix:       1.0000   -1.0000   -1.0000
center:     128.0000 -129.0000 -129.0000
fimgreg.f
image alignment mode   2311 decimal      907 hex
parameters
   -1.1749   25.2398    9.7948   -6.8854   -7.0769   -5.0651
  -11.6772   -2.4977   13.3656   -4.6018    5.7482   -6.7529
eta,q 0.98188  8.27434
niter,ni,del,rscale     5    3    5.0000    0.8000
parameters
   -1.1820   25.2257    9.7839   -5.9841   -6.7466   -4.1527
  -11.6186   -2.3449   13.1656   -4.7866    5.8980   -7.4180
eta,q 0.98216  8.32712
  0.0196  0.0192  0.0188  0.0202  0.0196  0.0197  0.0191  0.0202  0.0188  0.0193  0.0186  0.0184
  0.0188  0.0186  0.0184  0.0194  0.0188  0.0190  0.0185  0.0190  0.0183  0.0185  0.0182  0.0180
  0.0183  0.0182  0.0182  0.0187  0.0182  0.0183  0.0180  0.0182  0.0180  0.0180  0.0180  0.0179
  0.0181  0.0181  0.0181  0.0181  0.0180  0.0180  0.0179  0.0179  0.0179  0.0179  0.0179  0.0179
  0.0183  0.0183  0.0182  0.0180  0.0180  0.0179  0.0180  0.0180  0.0180  0.0181  0.0179  0.0180
  0.0188  0.0186  0.0185  0.0183  0.0184  0.0181  0.0184  0.0188  0.0184  0.0186  0.0181  0.0183
  0.0196  0.0192  0.0188  0.0193  0.0193  0.0189  0.0191  0.0199  0.0190  0.0196  0.0185  0.0188
niter,ni,del,rscale     4    3    5.0000    0.7000
parameters
   -1.2481   25.3235    9.7897   -5.9638   -6.6330   -3.8707
  -11.6047   -2.3813   13.1210   -4.6230    5.9284   -7.7293
eta,q 0.98220  8.33824
  0.0189  0.0188  0.0184  0.0194  0.0190  0.0191  0.0188  0.0195  0.0186  0.0191  0.0184  0.0183
  0.0183  0.0183  0.0181  0.0187  0.0184  0.0185  0.0183  0.0186  0.0182  0.0184  0.0181  0.0180
  0.0179  0.0180  0.0179  0.0181  0.0180  0.0181  0.0179  0.0180  0.0179  0.0180  0.0179  0.0178
  0.0178  0.0178  0.0178  0.0178  0.0178  0.0178  0.0178  0.0178  0.0178  0.0178  0.0178  0.0178
  0.0180  0.0179  0.0179  0.0179  0.0179  0.0178  0.0179  0.0180  0.0179  0.0179  0.0179  0.0179
  0.0185  0.0181  0.0181  0.0185  0.0182  0.0181  0.0182  0.0186  0.0182  0.0183  0.0181  0.0181
  0.0192  0.0186  0.0184  0.0195  0.0190  0.0189  0.0188  0.0196  0.0186  0.0189  0.0184  0.0184
niter,ni,del,rscale     3    3    5.0000    0.6000
parameters
   -1.2683   25.3760    9.7965   -5.9124   -6.6159   -3.7128
  -11.5882   -2.3805   13.0986   -4.5401    5.9433   -7.8879
eta,q 0.98221  8.34404
  0.0187  0.0185  0.0182  0.0190  0.0186  0.0187  0.0185  0.0191  0.0184  0.0187  0.0182  0.0182
  0.0182  0.0181  0.0180  0.0185  0.0182  0.0183  0.0181  0.0184  0.0181  0.0182  0.0180  0.0179
  0.0179  0.0179  0.0179  0.0180  0.0179  0.0180  0.0179  0.0180  0.0179  0.0179  0.0178  0.0178
  0.0178  0.0178  0.0178  0.0178  0.0178  0.0178  0.0178  0.0178  0.0178  0.0178  0.0178  0.0178
  0.0179  0.0179  0.0178  0.0179  0.0179  0.0178  0.0179  0.0179  0.0179  0.0179  0.0178  0.0179
  0.0182  0.0180  0.0180  0.0183  0.0181  0.0181  0.0181  0.0184  0.0181  0.0181  0.0180  0.0180
  0.0187  0.0184  0.0182  0.0191  0.0187  0.0187  0.0185  0.0191  0.0184  0.0186  0.0182  0.0182
niter,ni,del,rscale     2    3    5.0000    0.5000
parameters
   -1.2825   25.4002    9.8046   -5.8505   -6.5827   -3.6123
  -11.5798   -2.3630   13.0723   -4.5216    5.9390   -7.9829
eta,q 0.98222  8.34872
  0.0184  0.0182  0.0181  0.0187  0.0184  0.0184  0.0183  0.0187  0.0182  0.0184  0.0181  0.0181
  0.0181  0.0180  0.0179  0.0183  0.0180  0.0181  0.0180  0.0182  0.0180  0.0180  0.0179  0.0179
  0.0178  0.0178  0.0178  0.0179  0.0179  0.0179  0.0178  0.0179  0.0178  0.0178  0.0178  0.0178
  0.0178  0.0178  0.0178  0.0178  0.0178  0.0178  0.0178  0.0178  0.0178  0.0178  0.0178  0.0178
  0.0179  0.0178  0.0178  0.0179  0.0178  0.0178  0.0178  0.0179  0.0178  0.0178  0.0178  0.0178
  0.0181  0.0180  0.0179  0.0181  0.0180  0.0180  0.0180  0.0182  0.0180  0.0180  0.0179  0.0179
  0.0184  0.0182  0.0181  0.0187  0.0184  0.0184  0.0183  0.0187  0.0182  0.0184  0.0181  0.0181
niter,ni,del,rscale     1    3    5.0000    0.4000
parameters
   -1.2902   25.4123    9.8064   -5.8027   -6.5653   -3.5279
  -11.5769   -2.3335   13.0624   -4.5324    5.9439   -8.0628
eta,q 0.98223  8.35213
  0.0182  0.0181  0.0180  0.0184  0.0181  0.0182  0.0181  0.0184  0.0180  0.0182  0.0180  0.0180
  0.0180  0.0179  0.0179  0.0181  0.0179  0.0180  0.0179  0.0181  0.0179  0.0179  0.0179  0.0178
  0.0178  0.0178  0.0178  0.0179  0.0178  0.0178  0.0178  0.0179  0.0178  0.0178  0.0178  0.0178
  0.0178  0.0178  0.0178  0.0178  0.0178  0.0178  0.0178  0.0178  0.0178  0.0178  0.0178  0.0178
  0.0178  0.0178  0.0178  0.0178  0.0178  0.0178  0.0178  0.0178  0.0178  0.0178  0.0178  0.0178
  0.0180  0.0179  0.0179  0.0180  0.0179  0.0179  0.0179  0.0180  0.0179  0.0179  0.0179  0.0179
  0.0182  0.0180  0.0180  0.0184  0.0181  0.0182  0.0181  0.0184  0.0180  0.0182  0.0180  0.0180
registration optimization eta report
parameter search radius
    0.8000    0.8000    0.8000    2.4000    2.4000    2.4000
    2.4000    2.4000    2.4000    2.4000    2.4000    2.4000
100000*second partial in parameter space
       65.       44.       31.       10.        6.        7.
        6.       11.        4.        7.        4.        3.
  0.0182  0.0181  0.0180  0.0184  0.0181  0.0182  0.0181  0.0184  0.0180  0.0182  0.0180  0.0180
  0.0180  0.0179  0.0179  0.0181  0.0179  0.0180  0.0179  0.0181  0.0179  0.0179  0.0179  0.0178
  0.0178  0.0178  0.0178  0.0179  0.0178  0.0178  0.0178  0.0179  0.0178  0.0178  0.0178  0.0178
  0.0178  0.0178  0.0178  0.0178  0.0178  0.0178  0.0178  0.0178  0.0178  0.0178  0.0178  0.0178
  0.0178  0.0178  0.0178  0.0178  0.0178  0.0178  0.0178  0.0178  0.0178  0.0178  0.0178  0.0178
  0.0180  0.0179  0.0179  0.0180  0.0179  0.0179  0.0179  0.0180  0.0179  0.0179  0.0179  0.0179
  0.0182  0.0180  0.0180  0.0184  0.0181  0.0182  0.0181  0.0184  0.0180  0.0182  0.0180  0.0180
   -1.2902   25.4123    9.8064   -5.8027   -6.5653   -3.5279
  -11.5769   -2.3335   13.0624   -4.5324    5.9439   -8.0628
eta,q 0.98223  8.35213

---------------------------------------------------------------------
imgreg_4dfp /opt/freesurfer/average/711-2C_as_mni_average_305 /opt/freesurfer/average/711-2B_as_mni_average_305_mask talsrcimg_g11 none talsrcimg_to_711-2C_as_mni_average_305_t4 2311
---------------------------------------------------------------------

freesurfer imgreg_4dfp.c
/opt/freesurfer/average/711-2C_as_mni_average_305.4dfp.img
       256       256       256         1
  1.000000  1.000000  1.000000
orientation T byte_order littleendian
Reading image: /opt/freesurfer/average/711-2C_as_mni_average_305.4dfp.img
dimensions:      256       256       256
mmppix:       1.0000   -1.0000   -1.0000
center:     128.0000 -129.0000 -129.0000
/opt/freesurfer/average/711-2B_as_mni_average_305_mask.4dfp.img
       256       256       256         1
  1.000000  1.000000  1.000000
orientation T byte_order littleendian
Reading mask: /opt/freesurfer/average/711-2B_as_mni_average_305_mask.4dfp.img (2306576 pixels)
talsrcimg_g11.4dfp.img
       256       256       256         1
  1.000000  1.000000  1.000000
orientation T byte_order littleendian
Reading image: talsrcimg_g11.4dfp.img
dimensions:      256       256       256
mmppix:       1.0000   -1.0000   -1.0000
center:     128.0000 -129.0000 -129.0000
fimgreg.f
image alignment mode   2311 decimal      907 hex
parameters
   -1.2902   25.4123    9.8064   -5.8027   -6.5653   -3.5279
  -11.5769   -2.3335   13.0624   -4.5324    5.9439   -8.0628
eta,q 0.98223  8.35213
niter,ni,del,rscale     5    3    5.0000    0.8000
parameters
   -1.2740   25.4327    9.8103   -6.1330   -6.7274   -3.8294
  -11.5896   -2.4726   13.1615   -4.3465    5.9031   -7.8479
eta,q 0.98219  8.33466
  0.0195  0.0189  0.0186  0.0195  0.0192  0.0192  0.0191  0.0199  0.0189  0.0195  0.0185  0.0186
  0.0185  0.0183  0.0181  0.0187  0.0184  0.0185  0.0184  0.0188  0.0183  0.0186  0.0181  0.0182
  0.0180  0.0179  0.0179  0.0181  0.0180  0.0180  0.0180  0.0181  0.0180  0.0180  0.0179  0.0179
  0.0178  0.0178  0.0178  0.0178  0.0178  0.0178  0.0178  0.0178  0.0178  0.0178  0.0178  0.0178
  0.0180  0.0179  0.0179  0.0180  0.0179  0.0179  0.0180  0.0181  0.0179  0.0179  0.0179  0.0179
  0.0185  0.0183  0.0181  0.0189  0.0185  0.0185  0.0184  0.0189  0.0182  0.0184  0.0182  0.0181
  0.0194  0.0189  0.0186  0.0203  0.0195  0.0199  0.0191  0.0202  0.0188  0.0193  0.0186  0.0185
niter,ni,del,rscale     4    3    5.0000    0.7000
parameters
   -1.2734   25.4093    9.8129   -6.0258   -6.7200   -3.8073
  -11.5780   -2.4491   13.1476   -4.4247    5.9194   -7.8295
eta,q 0.98220  8.33738
  0.0190  0.0186  0.0184  0.0194  0.0189  0.0190  0.0188  0.0196  0.0186  0.0190  0.0184  0.0184
  0.0184  0.0182  0.0181  0.0187  0.0183  0.0184  0.0182  0.0187  0.0182  0.0183  0.0181  0.0181
  0.0179  0.0179  0.0179  0.0181  0.0180  0.0180  0.0179  0.0180  0.0179  0.0179  0.0179  0.0179
  0.0178  0.0178  0.0178  0.0178  0.0178  0.0178  0.0178  0.0178  0.0178  0.0178  0.0178  0.0178
  0.0180  0.0179  0.0179  0.0179  0.0179  0.0179  0.0179  0.0180  0.0179  0.0179  0.0179  0.0179
  0.0184  0.0182  0.0181  0.0184  0.0182  0.0182  0.0182  0.0186  0.0181  0.0183  0.0181  0.0181
  0.0190  0.0187  0.0184  0.0194  0.0190  0.0191  0.0188  0.0196  0.0186  0.0191  0.0184  0.0184
niter,ni,del,rscale     3    3    5.0000    0.6000
parameters
   -1.2812   25.3994    9.8106   -5.9228   -6.6575   -3.7141
  -11.5745   -2.4131   13.1158   -4.4805    5.9331   -7.8954
eta,q 0.98221  8.34312
  0.0187  0.0184  0.0182  0.0190  0.0186  0.0187  0.0185  0.0191  0.0184  0.0186  0.0182  0.0182
  0.0182  0.0181  0.0180  0.0185  0.0182  0.0183  0.0181  0.0184  0.0180  0.0182  0.0180  0.0180
  0.0179  0.0179  0.0178  0.0180  0.0179  0.0179  0.0179  0.0180  0.0179  0.0179  0.0178  0.0178
  0.0178  0.0178  0.0178  0.0178  0.0178  0.0178  0.0178  0.0178  0.0178  0.0178  0.0178  0.0178
  0.0179  0.0179  0.0179  0.0179  0.0178  0.0178  0.0179  0.0179  0.0179  0.0179  0.0178  0.0178
  0.0182  0.0181  0.0180  0.0183  0.0181  0.0181  0.0181  0.0184  0.0180  0.0182  0.0180  0.0180
  0.0187  0.0184  0.0182  0.0190  0.0186  0.0187  0.0185  0.0191  0.0184  0.0187  0.0182  0.0182
niter,ni,del,rscale     2    3    5.0000    0.5000
parameters
   -1.2884   25.4041    9.8096   -5.8539   -6.6026   -3.6166
  -11.5780   -2.3719   13.0893   -4.5109    5.9363   -7.9769
eta,q 0.98222  8.34818
  0.0184  0.0182  0.0181  0.0187  0.0184  0.0184  0.0183  0.0187  0.0182  0.0184  0.0181  0.0181
  0.0181  0.0180  0.0179  0.0183  0.0181  0.0181  0.0180  0.0182  0.0180  0.0180  0.0179  0.0179
  0.0179  0.0178  0.0178  0.0179  0.0179  0.0179  0.0178  0.0179  0.0178  0.0178  0.0178  0.0178
  0.0178  0.0178  0.0178  0.0178  0.0178  0.0178  0.0178  0.0178  0.0178  0.0178  0.0178  0.0178
  0.0179  0.0178  0.0178  0.0179  0.0178  0.0178  0.0178  0.0179  0.0178  0.0179  0.0178  0.0178
  0.0181  0.0180  0.0179  0.0181  0.0180  0.0180  0.0180  0.0182  0.0180  0.0181  0.0179  0.0179
  0.0184  0.0182  0.0181  0.0187  0.0183  0.0184  0.0183  0.0187  0.0182  0.0184  0.0181  0.0181
niter,ni,del,rscale     1    3    5.0000    0.4000
parameters
   -1.2920   25.4143    9.8104   -5.8016   -6.5687   -3.5293
  -11.5688   -2.3434   13.0660   -4.5255    5.9365   -8.0653
eta,q 0.98223  8.35204
  0.0182  0.0181  0.0180  0.0184  0.0181  0.0182  0.0181  0.0184  0.0180  0.0182  0.0180  0.0179
  0.0180  0.0179  0.0179  0.0181  0.0179  0.0180  0.0179  0.0181  0.0179  0.0179  0.0179  0.0178
  0.0178  0.0178  0.0178  0.0179  0.0178  0.0178  0.0178  0.0179  0.0178  0.0178  0.0178  0.0178
  0.0178  0.0178  0.0178  0.0178  0.0178  0.0178  0.0178  0.0178  0.0178  0.0178  0.0178  0.0178
  0.0178  0.0178  0.0178  0.0178  0.0178  0.0178  0.0178  0.0178  0.0178  0.0178  0.0178  0.0178
  0.0180  0.0179  0.0179  0.0180  0.0179  0.0179  0.0179  0.0180  0.0179  0.0179  0.0179  0.0179
  0.0182  0.0181  0.0180  0.0184  0.0181  0.0182  0.0181  0.0184  0.0180  0.0182  0.0180  0.0180
registration optimization eta report
parameter search radius
    0.8000    0.8000    0.8000    2.4000    2.4000    2.4000
    2.4000    2.4000    2.4000    2.4000    2.4000    2.4000
100000*second partial in parameter space
       64.       43.       31.       10.        6.        7.
        6.       11.        5.        7.        4.        3.
  0.0182  0.0181  0.0180  0.0184  0.0181  0.0182  0.0181  0.0184  0.0180  0.0182  0.0180  0.0179
  0.0180  0.0179  0.0179  0.0181  0.0179  0.0180  0.0179  0.0181  0.0179  0.0179  0.0179  0.0178
  0.0178  0.0178  0.0178  0.0179  0.0178  0.0178  0.0178  0.0179  0.0178  0.0178  0.0178  0.0178
  0.0178  0.0178  0.0178  0.0178  0.0178  0.0178  0.0178  0.0178  0.0178  0.0178  0.0178  0.0178
  0.0178  0.0178  0.0178  0.0178  0.0178  0.0178  0.0178  0.0178  0.0178  0.0178  0.0178  0.0178
  0.0180  0.0179  0.0179  0.0180  0.0179  0.0179  0.0179  0.0180  0.0179  0.0179  0.0179  0.0179
  0.0182  0.0181  0.0180  0.0184  0.0181  0.0182  0.0181  0.0184  0.0180  0.0182  0.0180  0.0180
   -1.2920   25.4143    9.8104   -5.8016   -6.5687   -3.5293
  -11.5688   -2.3434   13.0660   -4.5255    5.9365   -8.0653
eta,q 0.98223  8.35204

---------------------------------------------------------------------
compute_vox2vox talsrcimg talsrcimg_to_711-2C_as_mni_average_305_t4 /opt/freesurfer/average/711-2C_as_mni_average_305
---------------------------------------------------------------------

freesurfer compute_vox2vox.c
Reading: talsrcimg.4dfp.ifh
Reading: talsrcimg_to_711-2C_as_mni_average_305_t4
Reading: /opt/freesurfer/average/711-2C_as_mni_average_305.4dfp.ifh
Writing: talsrcimg_to_711-2C_as_mni_average_305_t4_vox2vox.txt

start time Tue Mar 10 07:38:13 CET 2026
end		time Tue Mar 10 07:39:43 CET 2026

mpr2mni305 success

avi2talxfm orig_nu.mgz /opt/freesurfer/average/mni305.cor.mgz talsrcimg_to_711-2C_as_mni_average_305_t4_vox2vox.txt transforms/talairach.auto.xfm
avi2talxfm done
mv -f /out/sourcedata/freesurfer/sub-v1s9x0051359_ses-1/mri/talsrcimg_to_711-2C_as_mni_average_305_t4_vox2vox.txt /out/sourcedata/freesurfer/sub-v1s9x0051359_ses-1/mri/transforms/talsrcimg_to_711-2C_as_mni_average_305_t4_vox2vox.txt
lta_convert --src orig_nu.mgz --trg /opt/freesurfer/average/mni305.cor.mgz --inxfm transforms/talairach.auto.xfm --outlta transforms/talairach.auto.xfm.lta --subject fsaverage
7.3.2

--src: orig_nu.mgz src image (geometry).
--trg: /opt/freesurfer/average/mni305.cor.mgz trg image (geometry).
--inmni: transforms/talairach.auto.xfm input MNI/XFM transform.
--outlta: transforms/talairach.auto.xfm.lta output LTA.
--s: fsaverage subject name
 LTA read, type : 1
 1.04134   0.03147   0.13166  -1.75378;
-0.07657   1.03849   0.08016  -2.17580;
-0.14934   0.04590   1.05578   10.81596;
 0.00000   0.00000   0.00000   1.00000;
setting subject to fsaverage
Writing  LTA to file transforms/talairach.auto.xfm.lta...
lta_convert successful.
 
 
Started at Tue Mar 10 07:38:12 CET 2026
Ended   at Tue Mar 10 07:39:43 CET 2026
talairach_avi done
