status file for recon-all
Tue Mar 10 08:42:17 CET 2026
#@# Tessellate lh Tue Mar 10 08:42:17 CET 2026
#@# Smooth1 lh Tue Mar 10 08:42:20 CET 2026
#@# Inflation1 lh Tue Mar 10 08:42:22 CET 2026
#@# QSphere lh Tue Mar 10 08:42:29 CET 2026
#@# Fix Topology lh Tue Mar 10 08:43:03 CET 2026
#@# Smooth2 lh Tue Mar 10 08:46:50 CET 2026
#@# Inflation2 lh Tue Mar 10 08:46:52 CET 2026
#@# Curv .H and .K lh Tue Mar 10 08:46:59 CET 2026
#@# Sphere lh Tue Mar 10 08:47:32 CET 2026
#@# Surf Reg lh Tue Mar 10 08:49:12 CET 2026
#@# Jacobian white lh Tue Mar 10 08:51:06 CET 2026
#@# AvgCurv lh Tue Mar 10 08:51:06 CET 2026
#@# Cortical Parc lh Tue Mar 10 08:51:07 CET 2026
#@# white curv lh Tue Mar 10 08:55:15 CET 2026
#@# white area lh Tue Mar 10 08:55:16 CET 2026
#@# pial curv lh Tue Mar 10 08:55:17 CET 2026
#@# pial area lh Tue Mar 10 08:55:18 CET 2026
#@# thickness lh Tue Mar 10 08:55:18 CET 2026
#@# area and vertex vol lh Tue Mar 10 08:55:34 CET 2026
#@# Curvature Stats lh Tue Mar 10 08:55:35 CET 2026
#@# Cortical Parc 2 lh Tue Mar 10 08:55:36 CET 2026
#@# Cortical Parc 3 lh Tue Mar 10 08:55:45 CET 2026
#@# WM/GM Contrast lh Tue Mar 10 08:55:51 CET 2026
recon-all -s sub-v1s9x0051355_ses-1 finished without error at Tue Mar 10 08:55:53 CET 2026



#New# invocation of recon-all 



status file for recon-all
Tue Mar 10 09:13:30 CET 2026
#@# white curv lh Tue Mar 10 09:13:30 CET 2026
#@# white area lh Tue Mar 10 09:13:30 CET 2026
#@# pial curv lh Tue Mar 10 09:13:30 CET 2026
#@# pial area lh Tue Mar 10 09:13:30 CET 2026
#@# thickness lh Tue Mar 10 09:13:30 CET 2026
#@# area and vertex vol lh Tue Mar 10 09:13:30 CET 2026
#@# Parcellation Stats lh Tue Mar 10 09:13:30 CET 2026
#@# Parcellation Stats 2 lh Tue Mar 10 09:13:41 CET 2026
#@# Parcellation Stats 3 lh Tue Mar 10 09:13:47 CET 2026
#@# BA_exvivo Labels lh Tue Mar 10 09:13:53 CET 2026
recon-all -s sub-v1s9x0051355_ses-1 finished without error at Tue Mar 10 09:15:28 CET 2026
