status file for recon-all
Tue Mar 10 07:30:02 CET 2026
#@# MotionCor Tue Mar 10 07:30:04 CET 2026
#@# Talairach Tue Mar 10 07:30:09 CET 2026
#@# Talairach Failure Detection Tue Mar 10 07:32:59 CET 2026
#@# Nu Intensity Correction Tue Mar 10 07:32:59 CET 2026
#@# Intensity Normalization Tue Mar 10 07:35:43 CET 2026
recon-all -s sub-v1s9x0051355_ses-1 finished without error at Tue Mar 10 07:36:43 CET 2026



#New# invocation of recon-all 



status file for recon-all
Tue Mar 10 07:42:31 CET 2026
#@# EM Registration Tue Mar 10 07:42:31 CET 2026
recon-all -s sub-v1s9x0051355_ses-1 finished without error at Tue Mar 10 07:43:43 CET 2026



#New# invocation of recon-all 



status file for recon-all
Tue Mar 10 07:43:46 CET 2026
#@# CA Normalize Tue Mar 10 07:43:46 CET 2026
#@# CA Reg Tue Mar 10 07:44:40 CET 2026
#@# SubCort Seg Tue Mar 10 08:16:24 CET 2026
#@# CC Seg Tue Mar 10 08:37:59 CET 2026
#@# Merge ASeg Tue Mar 10 08:38:32 CET 2026
#@# Intensity Normalization2 Tue Mar 10 08:38:32 CET 2026
#@# Mask BFS Tue Mar 10 08:40:00 CET 2026
#@# WM Segmentation Tue Mar 10 08:40:01 CET 2026
#@# Fill Tue Mar 10 08:41:36 CET 2026
recon-all -s sub-v1s9x0051355_ses-1 finished without error at Tue Mar 10 08:42:14 CET 2026



#New# invocation of recon-all 



status file for recon-all
Tue Mar 10 09:10:02 CET 2026
#@# white curv lh Tue Mar 10 09:10:02 CET 2026
#@# white area lh Tue Mar 10 09:10:02 CET 2026
#@# pial curv lh Tue Mar 10 09:10:02 CET 2026
#@# pial area lh Tue Mar 10 09:10:02 CET 2026
#@# thickness lh Tue Mar 10 09:10:02 CET 2026
#@# area and vertex vol lh Tue Mar 10 09:10:02 CET 2026
#@# white curv rh Tue Mar 10 09:10:02 CET 2026
#@# white area rh Tue Mar 10 09:10:02 CET 2026
#@# pial curv rh Tue Mar 10 09:10:02 CET 2026
#@# pial area rh Tue Mar 10 09:10:02 CET 2026
#@# thickness rh Tue Mar 10 09:10:02 CET 2026
#@# area and vertex vol rh Tue Mar 10 09:10:02 CET 2026
#@# Cortical ribbon mask Tue Mar 10 09:10:02 CET 2026
recon-all -s sub-v1s9x0051355_ses-1 finished without error at Tue Mar 10 09:13:26 CET 2026



#New# invocation of recon-all 



status file for recon-all
Tue Mar 10 09:17:33 CET 2026
#@# white curv lh Tue Mar 10 09:17:33 CET 2026
#@# white area lh Tue Mar 10 09:17:34 CET 2026
#@# pial curv lh Tue Mar 10 09:17:34 CET 2026
#@# pial area lh Tue Mar 10 09:17:34 CET 2026
#@# thickness lh Tue Mar 10 09:17:34 CET 2026
#@# area and vertex vol lh Tue Mar 10 09:17:34 CET 2026
#@# white curv rh Tue Mar 10 09:17:34 CET 2026
#@# white area rh Tue Mar 10 09:17:34 CET 2026
#@# pial curv rh Tue Mar 10 09:17:34 CET 2026
#@# pial area rh Tue Mar 10 09:17:34 CET 2026
#@# thickness rh Tue Mar 10 09:17:34 CET 2026
#@# area and vertex vol rh Tue Mar 10 09:17:34 CET 2026
#@# Curvature Stats lh Tue Mar 10 09:17:34 CET 2026
#@# Curvature Stats rh Tue Mar 10 09:17:35 CET 2026
#@# Relabel Hypointensities Tue Mar 10 09:17:36 CET 2026
#@# APas-to-ASeg Tue Mar 10 09:17:47 CET 2026
#@# AParc-to-ASeg aparc Tue Mar 10 09:17:52 CET 2026
#@# AParc-to-ASeg aparc.a2009s Tue Mar 10 09:18:10 CET 2026
#@# AParc-to-ASeg aparc.DKTatlas Tue Mar 10 09:18:28 CET 2026
#@# WMParc Tue Mar 10 09:18:50 CET 2026
#@# ASeg Stats Tue Mar 10 09:20:34 CET 2026
recon-all -s sub-v1s9x0051355_ses-1 finished without error at Tue Mar 10 09:20:50 CET 2026
