status file for recon-all
Tue Mar 10 08:55:57 CET 2026
#@# Tessellate rh Tue Mar 10 08:55:57 CET 2026
#@# Smooth1 rh Tue Mar 10 08:55:59 CET 2026
#@# Inflation1 rh Tue Mar 10 08:56:01 CET 2026
#@# QSphere rh Tue Mar 10 08:56:07 CET 2026
#@# Fix Topology rh Tue Mar 10 08:56:43 CET 2026
#@# Smooth2 rh Tue Mar 10 09:01:07 CET 2026
#@# Inflation2 rh Tue Mar 10 09:01:09 CET 2026
#@# Curv .H and .K rh Tue Mar 10 09:01:16 CET 2026
#@# Sphere rh Tue Mar 10 09:01:49 CET 2026
#@# Surf Reg rh Tue Mar 10 09:03:07 CET 2026
#@# Jacobian white rh Tue Mar 10 09:05:07 CET 2026
#@# AvgCurv rh Tue Mar 10 09:05:08 CET 2026
#@# Cortical Parc rh Tue Mar 10 09:05:09 CET 2026
#@# white curv rh Tue Mar 10 09:09:18 CET 2026
#@# white area rh Tue Mar 10 09:09:19 CET 2026
#@# pial curv rh Tue Mar 10 09:09:20 CET 2026
#@# pial area rh Tue Mar 10 09:09:21 CET 2026
#@# thickness rh Tue Mar 10 09:09:21 CET 2026
#@# area and vertex vol rh Tue Mar 10 09:09:37 CET 2026
#@# Curvature Stats rh Tue Mar 10 09:09:38 CET 2026
#@# Cortical Parc 2 rh Tue Mar 10 09:09:40 CET 2026
#@# Cortical Parc 3 rh Tue Mar 10 09:09:49 CET 2026
#@# WM/GM Contrast rh Tue Mar 10 09:09:55 CET 2026
recon-all -s sub-v1s9x0051355_ses-1 finished without error at Tue Mar 10 09:09:57 CET 2026



#New# invocation of recon-all 



status file for recon-all
Tue Mar 10 09:15:29 CET 2026
#@# white curv rh Tue Mar 10 09:15:30 CET 2026
#@# white area rh Tue Mar 10 09:15:30 CET 2026
#@# pial curv rh Tue Mar 10 09:15:30 CET 2026
#@# pial area rh Tue Mar 10 09:15:30 CET 2026
#@# thickness rh Tue Mar 10 09:15:30 CET 2026
#@# area and vertex vol rh Tue Mar 10 09:15:30 CET 2026
#@# Parcellation Stats rh Tue Mar 10 09:15:30 CET 2026
#@# Parcellation Stats 2 rh Tue Mar 10 09:15:41 CET 2026
#@# Parcellation Stats 3 rh Tue Mar 10 09:15:47 CET 2026
#@# BA_exvivo Labels rh Tue Mar 10 09:15:53 CET 2026
recon-all -s sub-v1s9x0051355_ses-1 finished without error at Tue Mar 10 09:17:29 CET 2026
