/out/sourcedata/freesurfer/sub-v1s9x0051357_ses-1/mri
/opt/freesurfer/bin/talairach_avi
--i orig_nu.mgz --xfm transforms/talairach.auto.xfm
talairach_avi 7.3.2
Linux dna059 5.14.0-427.37.1.el9_4.x86_64 #1 SMP PREEMPT_DYNAMIC Fri Sep 13 12:41:50 EDT 2024 x86_64 x86_64 x86_64 GNU/Linux
Tue Mar 10 07:35:15 CET 2026
mri_convert orig_nu.mgz talsrcimg.img 
reading from orig_nu.mgz...
TR=0.00, TE=0.00, TI=0.00, flip angle=0.00
i_ras = (-1, 0, 0)
j_ras = (0, 0, -1)
k_ras = (0, 1, 0)
writing to talsrcimg.img...
Analyze Output Matrix
-1.00000   0.00000   0.00000   130.06848;
 0.00000   0.00000   1.00000  -135.69962;
 0.00000  -1.00000   0.00000   78.15981;
 0.00000   0.00000   0.00000   1.00000;
--------------------
INFO: set hdr.hist.orient to -1
mpr2mni305 talsrcimg
Tue Mar 10 07:35:16 CET 2026
/opt/freesurfer/bin/mpr2mni305 talsrcimg
mpr2mni305 7.3.2
target=711-2C_as_mni_average_305

---------------------------------------------------------------------
analyzeto4dfp talsrcimg -O0 -y
---------------------------------------------------------------------

freesurfer ifh2hdr.c
Tue Mar 10 07:35:16 2026
Writing: talsrcimg.4dfp.hdr
freesurfer analyzeto4dfp.c
Reading: talsrcimg.hdr
header size 348 bytes
hdr.dime.datatype	offset=70	value=2
hdr.dime.bitpix		offset=72	value=8
hdr.hist.orient		offset=252	value=-1
dimensionality     4
dimensions       256       256       256         1
Reading: talsrcimg.img
Writing: talsrcimg.4dfp.img
Writing: talsrcimg.4dfp.ifh
ifh2hdr talsrcimg -r0to209
ori=2

---------------------------------------------------------------------
gauss_4dfp talsrcimg 1.1
---------------------------------------------------------------------

freesurfer gauss_4dfp.c
Reading: talsrcimg.4dfp.img
Writing: talsrcimg_g11.4dfp.img
image dimensions 256 256 256 padded to 288 288 288
processing volume 1freesurfer ifh2hdr.c
Tue Mar 10 07:35:17 2026
Writing: talsrcimg_g11.4dfp.hdr

Writing: talsrcimg_g11.4dfp.ifh
including: talsrcimg.4dfp.img.rec in talsrcimg_g11.4dfp.img.rec

---------------------------------------------------------------------
imgreg_4dfp /opt/freesurfer/average/711-2C_as_mni_average_305 none talsrcimg_g11 none talsrcimg_to_711-2C_as_mni_average_305_t4 4355
---------------------------------------------------------------------

freesurfer imgreg_4dfp.c
/opt/freesurfer/average/711-2C_as_mni_average_305.4dfp.img
       256       256       256         1
  1.000000  1.000000  1.000000
orientation T byte_order littleendian
Reading image: /opt/freesurfer/average/711-2C_as_mni_average_305.4dfp.img
dimensions:      256       256       256
mmppix:       1.0000   -1.0000   -1.0000
center:     128.0000 -129.0000 -129.0000
talsrcimg_g11.4dfp.img
       256       256       256         1
  1.000000  1.000000  1.000000
orientation T byte_order littleendian
Reading image: talsrcimg_g11.4dfp.img
dimensions:      256       256       256
mmppix:       1.0000   -1.0000   -1.0000
center:     128.0000 -129.0000 -129.0000
t4_read: open error in t4_sub.f l:  41 t4_file(1:l)talsrcimg_to_711-2C_as_mni_average_305_t4 
t4_read: transform initialized to I4
rotation matrix determinant  1.000000
image alignment mode   4355 decimal     1103 hex
   -7.5000  -45.0000  -45.0000 6639.4878   18.0955
    0.0000  -45.0000  -45.0000 6905.6743   18.1361
    7.5000  -45.0000  -45.0000 6613.0732   18.1540
   -7.5000  -37.5000  -45.0000 7257.3525   17.7384
    0.0000  -37.5000  -45.0000 7554.2642   17.7747
    7.5000  -37.5000  -45.0000 7246.5552   17.7899
   -7.5000  -30.0000  -45.0000 8209.1201   17.5213
    0.0000  -30.0000  -45.0000 8539.2363   17.5524
    7.5000  -30.0000  -45.0000 8162.0239   17.5655
   -7.5000  -22.5000  -45.0000 9212.1689   17.4270
    0.0000  -22.5000  -45.0000 9586.7832   17.4579
    7.5000  -22.5000  -45.0000 9149.1416   17.4734
   -7.5000  -15.0000  -45.000010210.0752   17.3657
    0.0000  -15.0000  -45.000010626.7510   17.4006
    7.5000  -15.0000  -45.000010132.3262   17.4200
   -7.5000   -7.5000  -45.000011151.6055   17.3366
    0.0000   -7.5000  -45.000011584.2549   17.3757
    7.5000   -7.5000  -45.000011040.2705   17.3957
   -7.5000    0.0000  -45.000011991.8711   17.3332
    0.0000    0.0000  -45.000012437.0879   17.3729
    7.5000    0.0000  -45.000011847.6973   17.3913
   -7.5000    7.5000  -45.000011884.2412   17.3359
    0.0000    7.5000  -45.000012326.7139   17.3718
    7.5000    7.5000  -45.000011746.0449   17.3877
   -7.5000   15.0000  -45.000011649.9883   17.3405
    0.0000   15.0000  -45.000012089.3906   17.3719
    7.5000   15.0000  -45.000011520.7324   17.3860
   -7.5000   22.5000  -45.000011360.0088   17.3383
    0.0000   22.5000  -45.000011813.0977   17.3696
    7.5000   22.5000  -45.000011247.2598   17.3861
   -7.5000   30.0000  -45.000010985.6855   17.1071
    0.0000   30.0000  -45.000011422.0264   17.1418
    7.5000   30.0000  -45.000010887.3398   17.1614
   -7.5000   37.5000  -45.000010923.0273   17.1040
    0.0000   37.5000  -45.000011341.7676   17.1427
    7.5000   37.5000  -45.000010833.4844   17.1624
   -7.5000   45.0000  -45.000010322.0596   16.6680
    0.0000   45.0000  -45.000010714.8477   16.7061
    7.5000   45.0000  -45.000010238.5605   16.7238
   -7.5000  -45.0000  -37.5000 7027.4478   18.0663
    0.0000  -45.0000  -37.5000 7294.9639   18.0975
    7.5000  -45.0000  -37.5000 6982.7544   18.1026
   -7.5000  -37.5000  -37.5000 7688.7539   17.7114
    0.0000  -37.5000  -37.5000 7986.3486   17.7395
    7.5000  -37.5000  -37.5000 7647.6904   17.7397
   -7.5000  -30.0000  -37.5000 8697.3447   17.5004
    0.0000  -30.0000  -37.5000 9035.7529   17.5245
    7.5000  -30.0000  -37.5000 8632.0771   17.5220
   -7.5000  -22.5000  -37.5000 9771.4990   17.4106
    0.0000  -22.5000  -37.500010138.3828   17.4340
    7.5000  -22.5000  -37.5000 9670.5391   17.4349
   -7.5000  -15.0000  -37.500010793.5273   17.3482
    0.0000  -15.0000  -37.500011199.4824   17.3741
    7.5000  -15.0000  -37.500010684.0977   17.3805
   -7.5000   -7.5000  -37.500011794.8604   17.3133
    0.0000   -7.5000  -37.500012225.0625   17.3433
    7.5000   -7.5000  -37.500011649.2979   17.3519
   -7.5000    0.0000  -37.500012686.0381   17.3063
    0.0000    0.0000  -37.500013121.6758   17.3374
    7.5000    0.0000  -37.500012498.0830   17.3437
   -7.5000    7.5000  -37.500012538.7559   17.3111
    0.0000    7.5000  -37.500012986.8867   17.3391
    7.5000    7.5000  -37.500012378.3555   17.3404
   -7.5000   15.0000  -37.500012301.8594   17.3206
    0.0000   15.0000  -37.500012737.0732   17.3452
    7.5000   15.0000  -37.500012135.0928   17.3440
   -7.5000   22.5000  -37.500011996.0332   17.3223
    0.0000   22.5000  -37.500012435.6855   17.3462
    7.5000   22.5000  -37.500011829.5889   17.3483
   -7.5000   30.0000  -37.500011572.5117   17.0900
    0.0000   30.0000  -37.500012004.8477   17.1158
    7.5000   30.0000  -37.500011418.5459   17.1227
   -7.5000   37.5000  -37.500011489.5664   17.0810
    0.0000   37.5000  -37.500011908.8740   17.1107
    7.5000   37.5000  -37.500011328.9473   17.1192
   -7.5000   45.0000  -37.500010826.4570   16.6420
    0.0000   45.0000  -37.500011234.6494   16.6720
    7.5000   45.0000  -37.500010685.8643   16.6781
   -7.5000  -45.0000  -30.0000 7523.2388   18.8019
    0.0000  -45.0000  -30.0000 7799.1074   18.8258
    7.5000  -45.0000  -30.0000 7461.8330   18.8261
   -7.5000  -37.5000  -30.0000 8235.5811   18.4371
    0.0000  -37.5000  -30.0000 8540.7744   18.4585
    7.5000  -37.5000  -30.0000 8174.1455   18.4511
   -7.5000  -30.0000  -30.0000 9346.6123   18.2277
    0.0000  -30.0000  -30.0000 9681.6699   18.2468
    7.5000  -30.0000  -30.0000 9240.6689   18.2361
   -7.5000  -22.5000  -30.000010495.2656   18.1404
    0.0000  -22.5000  -30.000010870.5303   18.1601
    7.5000  -22.5000  -30.000010346.9033   18.1543
   -7.5000  -15.0000  -30.000011576.7871   18.0726
    0.0000  -15.0000  -30.000011982.4932   18.0946
    7.5000  -15.0000  -30.000011400.9043   18.0968
   -7.5000   -7.5000  -30.000012626.8867   18.0261
    0.0000   -7.5000  -30.000013072.5957   18.0506
    7.5000   -7.5000  -30.000012418.7461   18.0563
   -7.5000    0.0000  -30.000013553.9746   18.0124
    0.0000    0.0000  -30.000014026.2441   18.0368
    7.5000    0.0000  -30.000013320.2334   18.0382
   -7.5000    7.5000  -30.000013391.3838   18.0220
    0.0000    7.5000  -30.000013847.2734   18.0435
    7.5000    7.5000  -30.000013177.7734   18.0375
   -7.5000   15.0000  -30.000013159.5049   18.0414
    0.0000   15.0000  -30.000013591.7383   18.0611
    7.5000   15.0000  -30.000012906.1211   18.0519
   -7.5000   22.5000  -30.000012837.4502   18.0470
    0.0000   22.5000  -30.000013261.4551   18.0673
    7.5000   22.5000  -30.000012571.6514   18.0626
   -7.5000   30.0000  -30.000012362.3633   17.8056
    0.0000   30.0000  -30.000012779.2852   17.8275
    7.5000   30.0000  -30.000012122.2314   17.8302
   -7.5000   37.5000  -30.000012228.3174   17.7860
    0.0000   37.5000  -30.000012655.7275   17.8102
    7.5000   37.5000  -30.000011986.1309   17.8159
   -7.5000   45.0000  -30.000011462.7676   17.3338
    0.0000   45.0000  -30.000011901.4824   17.3573
    7.5000   45.0000  -30.000011289.0566   17.3586
   -7.5000  -45.0000  -22.5000 7993.5103   19.4586
    0.0000  -45.0000  -22.5000 8293.7773   19.4829
    7.5000  -45.0000  -22.5000 7934.7725   19.4927
   -7.5000  -37.5000  -22.5000 8771.8535   19.0831
    0.0000  -37.5000  -22.5000 9104.2627   19.1052
    7.5000  -37.5000  -22.5000 8698.1426   19.1063
   -7.5000  -30.0000  -22.5000 9963.6973   18.8707
    0.0000  -30.0000  -22.500010340.1406   18.8920
    7.5000  -30.0000  -22.5000 9849.4834   18.8891
   -7.5000  -22.5000  -22.500011161.2666   18.7826
    0.0000  -22.5000  -22.500011592.9814   18.8062
    7.5000  -22.5000  -22.500011037.9883   18.8082
   -7.5000  -15.0000  -22.500012306.2217   18.7117
    0.0000  -15.0000  -22.500012764.8662   18.7381
    7.5000  -15.0000  -22.500012140.5186   18.7490
   -7.5000   -7.5000  -22.500013423.1885   18.6594
    0.0000   -7.5000  -22.500013903.1094   18.6865
    7.5000   -7.5000  -22.500013200.2012   18.7010
   -7.5000    0.0000  -22.500014365.6875   18.6418
    0.0000    0.0000  -22.500014895.4287   18.6666
    7.5000    0.0000  -22.500014144.3662   18.6764
   -7.5000    7.5000  -22.500014179.2754   18.6536
    0.0000    7.5000  -22.500014691.8438   18.6756
    7.5000    7.5000  -22.500013977.4668   18.6777
   -7.5000   15.0000  -22.500013923.7119   18.6779
    0.0000   15.0000  -22.500014411.4053   18.6997
    7.5000   15.0000  -22.500013666.3682   18.6982
   -7.5000   22.5000  -22.500013581.7529   18.6848
    0.0000   22.5000  -22.500014049.7949   18.7088
    7.5000   22.5000  -22.500013283.6289   18.7120
   -7.5000   30.0000  -22.500013112.7471   18.4381
    0.0000   30.0000  -22.500013560.6299   18.4645
    7.5000   30.0000  -22.500012803.4531   18.4757
   -7.5000   37.5000  -22.500012988.2705   18.4137
    0.0000   37.5000  -22.500013414.0244   18.4405
    7.5000   37.5000  -22.500012666.2842   18.4549
   -7.5000   45.0000  -22.500012149.7061   17.9530
    0.0000   45.0000  -22.500012578.4248   17.9768
    7.5000   45.0000  -22.500011884.1621   17.9863
   -7.5000  -45.0000  -15.0000 8474.9092   19.9594
    0.0000  -45.0000  -15.0000 8797.5742   19.9913
    7.5000  -45.0000  -15.0000 8400.3604   20.0144
   -7.5000  -37.5000  -15.0000 9324.8750   19.5713
    0.0000  -37.5000  -15.0000 9691.2393   19.6001
    7.5000  -37.5000  -15.0000 9233.8535   19.6162
   -7.5000  -30.0000  -15.000010585.2393   19.3480
    0.0000  -30.0000  -15.000011018.3379   19.3755
    7.5000  -30.0000  -15.000010474.3994   19.3875
   -7.5000  -22.5000  -15.000011842.6221   19.2548
    0.0000  -22.5000  -15.000012334.3242   19.2857
    7.5000  -22.5000  -15.000011734.6523   19.3013
   -7.5000  -15.0000  -15.000013057.5449   19.1849
    0.0000  -15.0000  -15.000013579.7852   19.2203
    7.5000  -15.0000  -15.000012921.1807   19.2432
   -7.5000   -7.5000  -15.000014215.2803   19.1368
    0.0000   -7.5000  -15.000014771.8828   19.1724
    7.5000   -7.5000  -15.000014057.1113   19.1979
   -7.5000    0.0000  -15.000015170.8799   19.1205
    0.0000    0.0000  -15.000015785.5361   19.1523
    7.5000    0.0000  -15.000015020.2520   19.1744
   -7.5000    7.5000  -15.000014951.8877   19.1293
    0.0000    7.5000  -15.000015534.0508   19.1578
    7.5000    7.5000  -15.000014791.7695   19.1743
   -7.5000   15.0000  -15.000014639.5830   19.1494
    0.0000   15.0000  -15.000015198.7178   19.1774
    7.5000   15.0000  -15.000014431.8594   19.1906
   -7.5000   22.5000  -15.000014298.9824   19.1533
    0.0000   22.5000  -15.000014822.0547   19.1847
    7.5000   22.5000  -15.000014050.8799   19.2013
   -7.5000   30.0000  -15.000013811.9512   18.9070
    0.0000   30.0000  -15.000014302.1182   18.9421
    7.5000   30.0000  -15.000013522.9971   18.9652
   -7.5000   37.5000  -15.000013659.5449   18.8874
    0.0000   37.5000  -15.000014114.8711   18.9227
    7.5000   37.5000  -15.000013332.7920   18.9478
   -7.5000   45.0000  -15.000012776.7568   18.4251
    0.0000   45.0000  -15.000013209.1982   18.4558
    7.5000   45.0000  -15.000012477.8633   18.4771
   -7.5000  -45.0000   -7.5000 9000.9316   20.2145
    0.0000  -45.0000   -7.5000 9342.9941   20.2577
    7.5000  -45.0000   -7.5000 8902.6250   20.2855
   -7.5000  -37.5000   -7.5000 9893.4189   19.8175
    0.0000  -37.5000   -7.500010304.3750   19.8559
    7.5000  -37.5000   -7.5000 9789.5547   19.8798
   -7.5000  -30.0000   -7.500011203.7666   19.5805
    0.0000  -30.0000   -7.500011684.9287   19.6147
    7.5000  -30.0000   -7.500011106.7334   19.6356
   -7.5000  -22.5000   -7.500012491.5664   19.4790
    0.0000  -22.5000   -7.500013052.5029   19.5152
    7.5000  -22.5000   -7.500012423.1914   19.5390
   -7.5000  -15.0000   -7.500013742.0391   19.4103
    0.0000  -15.0000   -7.500014377.5391   19.4522
    7.5000  -15.0000   -7.500013688.1895   19.4810
   -7.5000   -7.5000   -7.500014941.4023   19.3723
    0.0000   -7.5000   -7.500015637.1660   19.4167
    7.5000   -7.5000   -7.500014896.5303   19.4463
   -7.5000    0.0000   -7.500015961.2256   19.3635
    0.0000    0.0000   -7.500016718.7910   19.4058
    7.5000    0.0000   -7.500015932.7041   19.4330
   -7.5000    7.5000   -7.500015721.9932   19.3681
    0.0000    7.5000   -7.500016442.8594   19.4060
    7.5000    7.5000   -7.500015673.8965   19.4303
   -7.5000   15.0000   -7.500015385.8301   19.3786
    0.0000   15.0000   -7.500016005.1504   19.4131
    7.5000   15.0000   -7.500015278.2236   19.4352
   -7.5000   22.5000   -7.500015057.7510   19.3737
    0.0000   22.5000   -7.500015626.5283   19.4104
    7.5000   22.5000   -7.500014907.4316   19.4352
   -7.5000   30.0000   -7.500014533.7979   19.1283
    0.0000   30.0000   -7.500015074.9268   19.1699
    7.5000   30.0000   -7.500014339.7461   19.1988
   -7.5000   37.5000   -7.500014288.9688   19.1194
    0.0000   37.5000   -7.500014812.7705   19.1633
    7.5000   37.5000   -7.500014078.6797   19.1925
   -7.5000   45.0000   -7.500013325.7109   18.6627
    0.0000   45.0000   -7.500013813.3633   18.7035
    7.5000   45.0000   -7.500013122.9219   18.7297
   -7.5000  -45.0000    0.0000 9424.9395   20.2480
    0.0000  -45.0000    0.0000 9791.4785   20.2935
    7.5000  -45.0000    0.0000 9316.4473   20.3135
   -7.5000  -37.5000    0.000010398.1982   19.8485
    0.0000  -37.5000    0.000010819.4414   19.8891
    7.5000  -37.5000    0.000010280.2705   19.9061
   -7.5000  -30.0000    0.000011728.4316   19.6056
    0.0000  -30.0000    0.000012238.4414   19.6404
    7.5000  -30.0000    0.000011658.8408   19.6550
   -7.5000  -22.5000    0.000013017.4697   19.5000
    0.0000  -22.5000    0.000013627.5020   19.5346
    7.5000  -22.5000    0.000013006.4717   19.5520
   -7.5000  -15.0000    0.000014294.8340   19.4314
    0.0000  -15.0000    0.000014975.1660   19.4705
    7.5000  -15.0000    0.000014300.6318   19.4923
   -7.5000   -7.5000    0.000015506.8096   19.3989
    0.0000   -7.5000    0.000016270.2715   19.4427
    7.5000   -7.5000    0.000015559.7549   19.4651
   -7.5000    0.0000    0.000016579.6191   19.3951
    0.0000    0.0000    0.000017466.0684   19.4395
    7.5000    0.0000    0.000016669.7617   19.4601
   -7.5000    7.5000    0.000016379.2432   19.3982
    0.0000    7.5000    0.000017151.6914   19.4383
    7.5000    7.5000    0.000016452.9160   19.4561
   -7.5000   15.0000    0.000015995.8984   19.4032
    0.0000   15.0000    0.000016585.0645   19.4384
    7.5000   15.0000    0.000016034.1445   19.4542
   -7.5000   22.5000    0.000015614.8291   19.3944
    0.0000   22.5000    0.000016172.4365   19.4295
    7.5000   22.5000    0.000015608.8926   19.4481
   -7.5000   30.0000    0.000015054.9893   19.1496
    0.0000   30.0000    0.000015635.6035   19.1884
    7.5000   30.0000    0.000015035.3594   19.2104
   -7.5000   37.5000    0.000014804.4072   19.1461
    0.0000   37.5000    0.000015363.7812   19.1894
    7.5000   37.5000    0.000014720.1338   19.2115
   -7.5000   45.0000    0.000013848.4980   18.6946
    0.0000   45.0000    0.000014314.0146   18.7375
    7.5000   45.0000    0.000013690.7852   18.7573
   -7.5000  -45.0000    7.5000 9106.1045   20.2166
    0.0000  -45.0000    7.5000 9453.7402   20.2516
    7.5000  -45.0000    7.5000 8961.4785   20.2572
   -7.5000  -37.5000    7.500010019.6162   19.8196
    0.0000  -37.5000    7.500010439.3594   19.8510
    7.5000  -37.5000    7.5000 9918.5938   19.8512
   -7.5000  -30.0000    7.500011286.4238   19.5834
    0.0000  -30.0000    7.500011792.2051   19.6104
    7.5000  -30.0000    7.500011258.9883   19.6075
   -7.5000  -22.5000    7.500012545.3350   19.4829
    0.0000  -22.5000    7.500013133.1670   19.5091
    7.5000  -22.5000    7.500012580.0586   19.5101
   -7.5000  -15.0000    7.500013768.4121   19.4130
    0.0000  -15.0000    7.500014421.2363   19.4421
    7.5000  -15.0000    7.500013831.5986   19.4493
   -7.5000   -7.5000    7.500014892.7031   19.3740
    0.0000   -7.5000    7.500015674.7773   19.4076
    7.5000   -7.5000    7.500015051.0967   19.4173
   -7.5000    0.0000    7.500015892.1523   19.3662
    0.0000    0.0000    7.500016811.6172   19.4010
    7.5000    0.0000    7.500016107.5566   19.4081
   -7.5000    7.5000    7.500015728.6211   19.3716
    0.0000    7.5000    7.500016515.0371   19.4029
    7.5000    7.5000    7.500015900.9414   19.4044
   -7.5000   15.0000    7.500015418.5059   19.3822
    0.0000   15.0000    7.500016051.0898   19.4097
    7.5000   15.0000    7.500015534.6416   19.4084
   -7.5000   22.5000    7.500015141.7471   19.3778
    0.0000   22.5000    7.500015655.1660   19.4046
    7.5000   22.5000    7.500015109.0273   19.4069
   -7.5000   30.0000    7.500014679.6045   19.1316
    0.0000   30.0000    7.500015151.9561   19.1606
    7.5000   30.0000    7.500014547.9600   19.1683
   -7.5000   37.5000    7.500014415.2959   19.1216
    0.0000   37.5000    7.500014856.4805   19.1547
    7.5000   37.5000    7.500014208.6328   19.1644
   -7.5000   45.0000    7.500013421.9004   18.6668
    0.0000   45.0000    7.500013804.6260   18.7003
    7.5000   45.0000    7.500013209.6133   18.7072
   -7.5000  -45.0000   15.0000 8636.3584   20.1914
    0.0000  -45.0000   15.0000 8973.4971   20.2171
    7.5000  -45.0000   15.0000 8529.0322   20.2174
   -7.5000  -37.5000   15.0000 9539.0859   19.7996
    0.0000  -37.5000   15.0000 9940.5713   19.8226
    7.5000  -37.5000   15.0000 9471.7588   19.8147
   -7.5000  -30.0000   15.000010758.4443   19.5748
    0.0000  -30.0000   15.000011232.8496   19.5954
    7.5000  -30.0000   15.000010747.1436   19.5838
   -7.5000  -22.5000   15.000011946.9951   19.4811
    0.0000  -22.5000   15.000012495.5547   19.5023
    7.5000  -22.5000   15.000011983.5020   19.4959
   -7.5000  -15.0000   15.000013085.7461   19.4082
    0.0000  -15.0000   15.000013720.7422   19.4318
    7.5000  -15.0000   15.000013175.8613   19.4342
   -7.5000   -7.5000   15.000014166.3574   19.3582
    0.0000   -7.5000   15.000014928.8145   19.3846
    7.5000   -7.5000   15.000014312.9570   19.3907
   -7.5000    0.0000   15.000015152.8965   19.3435
    0.0000    0.0000   15.000015984.1562   19.3697
    7.5000    0.0000   15.000015304.5508   19.3713
   -7.5000    7.5000   15.000015027.9141   19.3539
    0.0000    7.5000   15.000015746.7607   19.3770
    7.5000    7.5000   15.000015104.7422   19.3705
   -7.5000   15.0000   15.000014853.4775   19.3747
    0.0000   15.0000   15.000015488.6436   19.3959
    7.5000   15.0000   15.000014821.4941   19.3860
   -7.5000   22.5000   15.000014627.4160   19.3765
    0.0000   22.5000   15.000015199.5225   19.3982
    7.5000   22.5000   15.000014483.3350   19.3933
   -7.5000   30.0000   15.000014131.8086   19.1271
    0.0000   30.0000   15.000014631.1807   19.1506
    7.5000   30.0000   15.000013927.2080   19.1536
   -7.5000   37.5000   15.000013790.8574   19.1060
    0.0000   37.5000   15.000014267.4570   19.1321
    7.5000   37.5000   15.000013593.7285   19.1382
   -7.5000   45.0000   15.000012757.0752   18.6449
    0.0000   45.0000   15.000013207.5830   18.6702
    7.5000   45.0000   15.000012599.3799   18.6717
   -7.5000  -45.0000   22.5000 8086.2427   20.2539
    0.0000  -45.0000   22.5000 8438.5449   20.2793
    7.5000  -45.0000   22.5000 8022.9893   20.2900
   -7.5000  -37.5000   22.5000 8925.7158   19.8633
    0.0000  -37.5000   22.5000 9330.0371   19.8864
    7.5000  -37.5000   22.5000 8900.7578   19.8879
   -7.5000  -30.0000   22.500010087.1504   19.6420
    0.0000  -30.0000   22.500010536.0518   19.6644
    7.5000  -30.0000   22.500010077.8584   19.6617
   -7.5000  -22.5000   22.500011276.9824   19.5501
    0.0000  -22.5000   22.500011760.6689   19.5748
    7.5000  -22.5000   22.500011234.1543   19.5773
   -7.5000  -15.0000   22.500012414.1631   19.4760
    0.0000  -15.0000   22.500012942.9980   19.5038
    7.5000  -15.0000   22.500012345.0254   19.5155
   -7.5000   -7.5000   22.500013489.8750   19.4214
    0.0000   -7.5000   22.500014077.8994   19.4498
    7.5000   -7.5000   22.500013417.8379   19.4654
   -7.5000    0.0000   22.500014462.4512   19.4031
    0.0000    0.0000   22.500015065.2598   19.4290
    7.5000    0.0000   22.500014384.9834   19.4396
   -7.5000    7.5000   22.500014289.6201   19.4155
    0.0000    7.5000   22.500014824.4082   19.4385
    7.5000    7.5000   22.500014227.6641   19.4410
   -7.5000   15.0000   22.500014011.6611   19.4408
    0.0000   15.0000   22.500014557.1855   19.4637
    7.5000   15.0000   22.500013965.4072   19.4625
   -7.5000   22.5000   22.500013695.9131   19.4451
    0.0000   22.5000   22.500014263.4238   19.4703
    7.5000   22.5000   22.500013653.5420   19.4740
   -7.5000   30.0000   22.500013223.6807   19.1939
    0.0000   30.0000   22.500013751.1240   19.2215
    7.5000   30.0000   22.500013163.6201   19.2336
   -7.5000   37.5000   22.500012949.7266   19.1684
    0.0000   37.5000   22.500013458.7021   19.1965
    7.5000   37.5000   22.500012882.4209   19.2118
   -7.5000   45.0000   22.500012027.1982   18.7023
    0.0000   45.0000   22.500012473.3340   18.7273
    7.5000   45.0000   22.500011943.8281   18.7376
   -7.5000  -45.0000   30.0000 7470.5757   20.3746
    0.0000  -45.0000   30.0000 7772.0361   20.4075
    7.5000  -45.0000   30.0000 7398.8857   20.4320
   -7.5000  -37.5000   30.0000 8254.6357   19.9805
    0.0000  -37.5000   30.0000 8593.4082   20.0103
    7.5000  -37.5000   30.0000 8192.2891   20.0275
   -7.5000  -30.0000   30.0000 9368.3242   19.7551
    0.0000  -30.0000   30.0000 9735.3203   19.7835
    7.5000  -30.0000   30.0000 9285.6465   19.7965
   -7.5000  -22.5000   30.000010501.5059   19.6611
    0.0000  -22.5000   30.000010901.8867   19.6931
    7.5000  -22.5000   30.000010377.2002   19.7097
   -7.5000  -15.0000   30.000011553.7832   19.5894
    0.0000  -15.0000   30.000012009.7529   19.6259
    7.5000  -15.0000   30.000011430.8203   19.6500
   -7.5000   -7.5000   30.000012514.0420   19.5399
    0.0000   -7.5000   30.000013010.6299   19.5766
    7.5000   -7.5000   30.000012416.8740   19.6034
   -7.5000    0.0000   30.000013366.4189   19.5232
    0.0000    0.0000   30.000013890.6436   19.5560
    7.5000    0.0000   30.000013293.6230   19.5794
   -7.5000    7.5000   30.000013182.7021   19.5324
    0.0000    7.5000   30.000013712.7617   19.5618
    7.5000    7.5000   30.000013159.9121   19.5794
   -7.5000   15.0000   30.000012883.6416   19.5532
    0.0000   15.0000   30.000013460.3203   19.5820
    7.5000   15.0000   30.000012921.6406   19.5961
   -7.5000   22.5000   30.000012568.2676   19.5549
    0.0000   22.5000   30.000013154.4229   19.5873
    7.5000   22.5000   30.000012621.7598   19.6050
   -7.5000   30.0000   30.000012163.5303   19.3054
    0.0000   30.0000   30.000012689.9814   19.3416
    7.5000   30.0000   30.000012192.9014   19.3659
   -7.5000   37.5000   30.000011943.9678   19.2853
    0.0000   37.5000   30.000012461.6895   19.3216
    7.5000   37.5000   30.000011959.2900   19.3481
   -7.5000   45.0000   30.000011105.2061   18.8182
    0.0000   45.0000   30.000011562.1445   18.8498
    7.5000   45.0000   30.000011097.7314   18.8723
   -7.5000  -45.0000   37.5000 7111.3491   20.6876
    0.0000  -45.0000   37.5000 7399.4546   20.7331
    7.5000  -45.0000   37.5000 7056.8589   20.7630
   -7.5000  -37.5000   37.5000 7868.5664   20.2821
    0.0000  -37.5000   37.5000 8190.6987   20.3225
    7.5000  -37.5000   37.5000 7819.4917   20.3485
   -7.5000  -30.0000   37.5000 8941.2100   20.0429
    0.0000  -30.0000   37.5000 9299.9248   20.0790
    7.5000  -30.0000   37.5000 8876.0703   20.1016
   -7.5000  -22.5000   37.500010018.4150   19.9410
    0.0000  -22.5000   37.500010418.9375   19.9791
    7.5000  -22.5000   37.5000 9920.1055   20.0043
   -7.5000  -15.0000   37.500010991.7402   19.8696
    0.0000  -15.0000   37.500011453.4502   19.9135
    7.5000  -15.0000   37.500010913.0957   19.9439
   -7.5000   -7.5000   37.500011890.6367   19.8299
    0.0000   -7.5000   37.500012413.2090   19.8764
    7.5000   -7.5000   37.500011845.6230   19.9078
   -7.5000    0.0000   37.500012712.3408   19.8208
    0.0000    0.0000   37.500013267.5527   19.8652
    7.5000    0.0000   37.500012684.6396   19.8944
   -7.5000    7.5000   37.500012545.1816   19.8258
    0.0000    7.5000   37.500013105.2529   19.8657
    7.5000    7.5000   37.500012569.6035   19.8918
   -7.5000   15.0000   37.500012261.4316   19.8367
    0.0000   15.0000   37.500012828.8545   19.8731
    7.5000   15.0000   37.500012343.6689   19.8967
   -7.5000   22.5000   37.500011939.8291   19.8317
    0.0000   22.5000   37.500012501.1855   19.8702
    7.5000   22.5000   37.500012040.1787   19.8965
   -7.5000   30.0000   37.500011582.8037   19.5808
    0.0000   30.0000   37.500012084.0508   19.6244
    7.5000   30.0000   37.500011644.0791   19.6549
   -7.5000   37.5000   37.500011403.5225   19.5715
    0.0000   37.5000   37.500011904.5596   19.6174
    7.5000   37.5000   37.500011451.8438   19.6484
   -7.5000   45.0000   37.500010604.5713   19.1050
    0.0000   45.0000   37.500011063.8320   19.1478
    7.5000   45.0000   37.500010629.0713   19.1759
   -7.5000  -45.0000   45.0000 6440.6611   21.0333
    0.0000  -45.0000   45.0000 6709.5933   21.0807
    7.5000  -45.0000   45.0000 6430.1440   21.1022
   -7.5000  -37.5000   45.0000 7132.5791   20.6136
    0.0000  -37.5000   45.0000 7434.4453   20.6557
    7.5000  -37.5000   45.0000 7122.8027   20.6734
   -7.5000  -30.0000   45.0000 8112.3506   20.3634
    0.0000  -30.0000   45.0000 8441.5830   20.3990
    7.5000  -30.0000   45.0000 8087.8677   20.4140
   -7.5000  -22.5000   45.0000 9103.8721   20.2568
    0.0000  -22.5000   45.0000 9472.9229   20.2919
    7.5000  -22.5000   45.0000 9046.2451   20.3102
   -7.5000  -15.0000   45.0000 9993.2910   20.1841
    0.0000  -15.0000   45.000010420.9775   20.2241
    7.5000  -15.0000   45.0000 9945.3877   20.2475
   -7.5000   -7.5000   45.000010808.1240   20.1482
    0.0000   -7.5000   45.000011298.0449   20.1936
    7.5000   -7.5000   45.000010793.0439   20.2178
   -7.5000    0.0000   45.000011579.7383   20.1432
    0.0000    0.0000   45.000012100.8809   20.1895
    7.5000    0.0000   45.000011562.4199   20.2114
   -7.5000    7.5000   45.000011421.6396   20.1462
    0.0000    7.5000   45.000011961.7246   20.1876
    7.5000    7.5000   45.000011462.9023   20.2061
   -7.5000   15.0000   45.000011173.7900   20.1520
    0.0000   15.0000   45.000011703.9219   20.1879
    7.5000   15.0000   45.000011250.1084   20.2041
   -7.5000   22.5000   45.000010870.1084   20.1437
    0.0000   22.5000   45.000011400.4658   20.1794
    7.5000   22.5000   45.000010956.6973   20.1988
   -7.5000   30.0000   45.000010546.8389   19.8881
    0.0000   30.0000   45.000011030.0039   19.9279
    7.5000   30.0000   45.000010603.9902   19.9517
   -7.5000   37.5000   45.000010416.6699   19.8839
    0.0000   37.5000   45.000010880.8662   19.9287
    7.5000   37.5000   45.000010457.0186   19.9526
   -7.5000   45.0000   45.0000 9692.3838   19.4245
    0.0000   45.0000   45.000010124.3916   19.4692
    7.5000   45.0000   45.0000 9714.0547   19.4903

---------------------------------------------------------------------
imgreg_4dfp /opt/freesurfer/average/711-2C_as_mni_average_305 /opt/freesurfer/average/711-2B_as_mni_average_305_mask talsrcimg_g11 none talsrcimg_to_711-2C_as_mni_average_305_t4 4355
---------------------------------------------------------------------

freesurfer imgreg_4dfp.c
/opt/freesurfer/average/711-2C_as_mni_average_305.4dfp.img
       256       256       256         1
  1.000000  1.000000  1.000000
orientation T byte_order littleendian
Reading image: /opt/freesurfer/average/711-2C_as_mni_average_305.4dfp.img
dimensions:      256       256       256
mmppix:       1.0000   -1.0000   -1.0000
center:     128.0000 -129.0000 -129.0000
/opt/freesurfer/average/711-2B_as_mni_average_305_mask.4dfp.img
       256       256       256         1
  1.000000  1.000000  1.000000
orientation T byte_order littleendian
Reading mask: /opt/freesurfer/average/711-2B_as_mni_average_305_mask.4dfp.img (2306576 pixels)
talsrcimg_g11.4dfp.img
       256       256       256         1
  1.000000  1.000000  1.000000
orientation T byte_order littleendian
Reading image: talsrcimg_g11.4dfp.img
dimensions:      256       256       256
mmppix:       1.0000   -1.0000   -1.0000
center:     128.0000 -129.0000 -129.0000
rotation matrix determinant  1.000000
image alignment mode   4355 decimal     1103 hex
   -7.5000  -45.0000  -45.0000 1833.4155   26.0041
    0.0000  -45.0000  -45.0000 1834.9487   25.7896
    7.5000  -45.0000  -45.0000 1821.3716   25.9603
   -7.5000  -37.5000  -45.0000 1956.0157   22.8164
    0.0000  -37.5000  -45.0000 1960.3074   22.6727
    7.5000  -37.5000  -45.0000 1949.4189   22.8867
   -7.5000  -30.0000  -45.0000 2070.9792   20.3418
    0.0000  -30.0000  -45.0000 2074.9468   20.2013
    7.5000  -30.0000  -45.0000 2053.3960   20.4024
   -7.5000  -22.5000  -45.0000 2180.3191   18.4052
    0.0000  -22.5000  -45.0000 2186.3455   18.2923
    7.5000  -22.5000  -45.0000 2165.3599   18.4610
   -7.5000  -15.0000  -45.0000 2272.0164   17.0199
    0.0000  -15.0000  -45.0000 2281.6926   16.9075
    7.5000  -15.0000  -45.0000 2259.6211   17.0706
   -7.5000   -7.5000  -45.0000 2338.4880   16.0424
    0.0000   -7.5000  -45.0000 2339.9285   15.9243
    7.5000   -7.5000  -45.0000 2319.5547   16.0718
   -7.5000    0.0000  -45.0000 2373.6479   15.3527
    0.0000    0.0000  -45.0000 2375.2769   15.2695
    7.5000    0.0000  -45.0000 2354.0457   15.4087
   -7.5000    7.5000  -45.0000 2389.9121   15.0021
    0.0000    7.5000  -45.0000 2394.7668   14.9515
    7.5000    7.5000  -45.0000 2376.3738   15.0894
   -7.5000   15.0000  -45.0000 2386.3652   14.9795
    0.0000   15.0000  -45.0000 2396.0469   14.8996
    7.5000   15.0000  -45.0000 2379.2163   15.0830
   -7.5000   22.5000  -45.0000 2374.0159   15.1677
    0.0000   22.5000  -45.0000 2388.2451   15.0931
    7.5000   22.5000  -45.0000 2369.7012   15.3137
   -7.5000   30.0000  -45.0000 2351.1582   15.6592
    0.0000   30.0000  -45.0000 2365.9441   15.6079
    7.5000   30.0000  -45.0000 2347.1709   15.8277
   -7.5000   37.5000  -45.0000 2312.3735   16.4391
    0.0000   37.5000  -45.0000 2327.6987   16.3937
    7.5000   37.5000  -45.0000 2313.9143   16.6225
   -7.5000   45.0000  -45.0000 2252.8530   17.5806
    0.0000   45.0000  -45.0000 2267.1604   17.4915
    7.5000   45.0000  -45.0000 2257.1301   17.7359
   -7.5000  -45.0000  -37.5000 1892.9601   24.3357
    0.0000  -45.0000  -37.5000 1896.4579   24.1189
    7.5000  -45.0000  -37.5000 1884.2189   24.3274
   -7.5000  -37.5000  -37.5000 2019.3085   21.3584
    0.0000  -37.5000  -37.5000 2025.3595   21.1583
    7.5000  -37.5000  -37.5000 2018.4485   21.3747
   -7.5000  -30.0000  -37.5000 2141.1484   19.0542
    0.0000  -30.0000  -37.5000 2148.7490   18.8800
    7.5000  -30.0000  -37.5000 2131.7378   19.0395
   -7.5000  -22.5000  -37.5000 2259.9600   17.2418
    0.0000  -22.5000  -37.5000 2266.7566   17.0969
    7.5000  -22.5000  -37.5000 2243.6248   17.2380
   -7.5000  -15.0000  -37.5000 2350.7139   15.8478
    0.0000  -15.0000  -37.5000 2360.8345   15.7230
    7.5000  -15.0000  -37.5000 2338.2334   15.8820
   -7.5000   -7.5000  -37.5000 2426.6924   14.8350
    0.0000   -7.5000  -37.5000 2431.3909   14.7491
    7.5000   -7.5000  -37.5000 2409.4382   14.8902
   -7.5000    0.0000  -37.5000 2472.9324   14.1679
    0.0000    0.0000  -37.5000 2474.3521   14.0779
    7.5000    0.0000  -37.5000 2450.5842   14.2184
   -7.5000    7.5000  -37.5000 2491.1099   13.8441
    0.0000    7.5000  -37.5000 2501.8423   13.7732
    7.5000    7.5000  -37.5000 2478.6875   13.8972
   -7.5000   15.0000  -37.5000 2492.8440   13.8329
    0.0000   15.0000  -37.5000 2507.2532   13.7437
    7.5000   15.0000  -37.5000 2488.2778   13.8658
   -7.5000   22.5000  -37.5000 2478.6213   14.0467
    0.0000   22.5000  -37.5000 2498.3794   13.9571
    7.5000   22.5000  -37.5000 2480.0261   14.1173
   -7.5000   30.0000  -37.5000 2451.2007   14.5078
    0.0000   30.0000  -37.5000 2473.1929   14.4156
    7.5000   30.0000  -37.5000 2454.6086   14.5970
   -7.5000   37.5000  -37.5000 2413.9341   15.2373
    0.0000   37.5000  -37.5000 2433.6731   15.1572
    7.5000   37.5000  -37.5000 2413.6719   15.3312
   -7.5000   45.0000  -37.5000 2350.5608   16.2755
    0.0000   45.0000  -37.5000 2370.3228   16.1819
    7.5000   45.0000  -37.5000 2349.7656   16.3601
   -7.5000  -45.0000  -30.0000 1976.6031   23.7344
    0.0000  -45.0000  -30.0000 1984.9817   23.5870
    7.5000  -45.0000  -30.0000 1971.9385   23.8596
   -7.5000  -37.5000  -30.0000 2109.4412   20.8257
    0.0000  -37.5000  -30.0000 2118.6968   20.6615
    7.5000  -37.5000  -30.0000 2109.2249   20.9049
   -7.5000  -30.0000  -30.0000 2245.7439   18.5736
    0.0000  -30.0000  -30.0000 2251.5137   18.3901
    7.5000  -30.0000  -30.0000 2234.9199   18.5875
   -7.5000  -22.5000  -30.0000 2373.5757   16.7882
    0.0000  -22.5000  -30.0000 2379.3372   16.6192
    7.5000  -22.5000  -30.0000 2355.0730   16.7939
   -7.5000  -15.0000  -30.0000 2473.6570   15.3722
    0.0000  -15.0000  -30.0000 2479.1748   15.2500
    7.5000  -15.0000  -30.0000 2451.7190   15.3982
   -7.5000   -7.5000  -30.0000 2556.2075   14.3256
    0.0000   -7.5000  -30.0000 2561.9626   14.2419
    7.5000   -7.5000  -30.0000 2532.9958   14.3512
   -7.5000    0.0000  -30.0000 2608.1089   13.5887
    0.0000    0.0000  -30.0000 2619.2876   13.5169
    7.5000    0.0000  -30.0000 2589.4617   13.6437
   -7.5000    7.5000  -30.0000 2637.9519   13.2663
    0.0000    7.5000  -30.0000 2651.0835   13.1735
    7.5000    7.5000  -30.0000 2624.0164   13.3003
   -7.5000   15.0000  -30.0000 2649.6826   13.2351
    0.0000   15.0000  -30.0000 2663.0349   13.1565
    7.5000   15.0000  -30.0000 2640.0688   13.2496
   -7.5000   22.5000  -30.0000 2639.0657   13.5102
    0.0000   22.5000  -30.0000 2658.1167   13.4168
    7.5000   22.5000  -30.0000 2634.3606   13.5124
   -7.5000   30.0000  -30.0000 2607.9644   13.9852
    0.0000   30.0000  -30.0000 2628.2781   13.8910
    7.5000   30.0000  -30.0000 2607.1243   14.0228
   -7.5000   37.5000  -30.0000 2561.8279   14.6804
    0.0000   37.5000  -30.0000 2583.0195   14.6003
    7.5000   37.5000  -30.0000 2558.0938   14.7407
   -7.5000   45.0000  -30.0000 2490.3491   15.6706
    0.0000   45.0000  -30.0000 2513.2236   15.5810
    7.5000   45.0000  -30.0000 2487.3936   15.7257
   -7.5000  -45.0000  -22.5000 2031.9703   23.0077
    0.0000  -45.0000  -22.5000 2042.5576   22.9258
    7.5000  -45.0000  -22.5000 2033.7388   23.2891
   -7.5000  -37.5000  -22.5000 2175.6389   20.1328
    0.0000  -37.5000  -22.5000 2182.3760   20.0813
    7.5000  -37.5000  -22.5000 2172.1724   20.4045
   -7.5000  -30.0000  -22.5000 2320.2202   17.9357
    0.0000  -30.0000  -22.5000 2325.2561   17.8705
    7.5000  -30.0000  -22.5000 2304.2605   18.1150
   -7.5000  -22.5000  -22.5000 2447.1218   16.1962
    0.0000  -22.5000  -22.5000 2457.8489   16.1020
    7.5000  -22.5000  -22.5000 2430.9182   16.3291
   -7.5000  -15.0000  -22.5000 2551.8865   14.8083
    0.0000  -15.0000  -22.5000 2561.9619   14.6952
    7.5000  -15.0000  -22.5000 2533.0889   14.9120
   -7.5000   -7.5000  -22.5000 2648.8359   13.7246
    0.0000   -7.5000  -22.5000 2657.2793   13.6511
    7.5000   -7.5000  -22.5000 2627.9592   13.8147
   -7.5000    0.0000  -22.5000 2708.9497   12.9834
    0.0000    0.0000  -22.5000 2724.8318   12.9281
    7.5000    0.0000  -22.5000 2700.0393   13.0595
   -7.5000    7.5000  -22.5000 2748.3853   12.6313
    0.0000    7.5000  -22.5000 2767.7024   12.5739
    7.5000    7.5000  -22.5000 2744.4387   12.6857
   -7.5000   15.0000  -22.5000 2773.0295   12.5876
    0.0000   15.0000  -22.5000 2787.1929   12.5372
    7.5000   15.0000  -22.5000 2759.9045   12.6129
   -7.5000   22.5000  -22.5000 2765.6963   12.8562
    0.0000   22.5000  -22.5000 2785.7290   12.7927
    7.5000   22.5000  -22.5000 2757.2615   12.8829
   -7.5000   30.0000  -22.5000 2737.5713   13.3435
    0.0000   30.0000  -22.5000 2757.9761   13.2871
    7.5000   30.0000  -22.5000 2730.2456   13.3940
   -7.5000   37.5000  -22.5000 2686.3000   14.0380
    0.0000   37.5000  -22.5000 2706.6240   13.9763
    7.5000   37.5000  -22.5000 2677.7771   14.1062
   -7.5000   45.0000  -22.5000 2599.2068   14.9936
    0.0000   45.0000  -22.5000 2622.8906   14.9018
    7.5000   45.0000  -22.5000 2595.3706   15.0550
   -7.5000  -45.0000  -15.0000 2063.8623   22.3590
    0.0000  -45.0000  -15.0000 2074.9558   22.3974
    7.5000  -45.0000  -15.0000 2066.9966   22.8600
   -7.5000  -37.5000  -15.0000 2213.1941   19.5373
    0.0000  -37.5000  -15.0000 2221.1064   19.6029
    7.5000  -37.5000  -15.0000 2204.8171   19.9953
   -7.5000  -30.0000  -15.0000 2360.0002   17.3591
    0.0000  -30.0000  -15.0000 2367.7109   17.3973
    7.5000  -30.0000  -15.0000 2341.8901   17.7228
   -7.5000  -22.5000  -15.0000 2485.0049   15.6398
    0.0000  -22.5000  -15.0000 2497.0042   15.6259
    7.5000  -22.5000  -15.0000 2470.0002   15.9191
   -7.5000  -15.0000  -15.0000 2600.6313   14.2653
    0.0000  -15.0000  -15.0000 2611.6479   14.2148
    7.5000  -15.0000  -15.0000 2582.8438   14.4871
   -7.5000   -7.5000  -15.0000 2705.5657   13.2053
    0.0000   -7.5000  -15.0000 2719.1233   13.1459
    7.5000   -7.5000  -15.0000 2689.6919   13.3888
   -7.5000    0.0000  -15.0000 2774.3206   12.4564
    0.0000    0.0000  -15.0000 2796.8093   12.3938
    7.5000    0.0000  -15.0000 2772.5474   12.5835
   -7.5000    7.5000  -15.0000 2828.3379   12.0631
    0.0000    7.5000  -15.0000 2849.9138   12.0095
    7.5000    7.5000  -15.0000 2824.3560   12.1577
   -7.5000   15.0000  -15.0000 2862.8992   11.9703
    0.0000   15.0000  -15.0000 2880.6025   11.9262
    7.5000   15.0000  -15.0000 2850.5195   12.0475
   -7.5000   22.5000  -15.0000 2862.6409   12.2111
    0.0000   22.5000  -15.0000 2881.9656   12.1994
    7.5000   22.5000  -15.0000 2850.6736   12.3068
   -7.5000   30.0000  -15.0000 2829.8684   12.7049
    0.0000   30.0000  -15.0000 2854.6199   12.6984
    7.5000   30.0000  -15.0000 2823.2563   12.8217
   -7.5000   37.5000  -15.0000 2770.4966   13.4088
    0.0000   37.5000  -15.0000 2791.6372   13.3676
    7.5000   37.5000  -15.0000 2766.2568   13.5001
   -7.5000   45.0000  -15.0000 2677.6519   14.3397
    0.0000   45.0000  -15.0000 2698.1438   14.2599
    7.5000   45.0000  -15.0000 2676.1147   14.4219
   -7.5000  -45.0000   -7.5000 2086.6936   21.9964
    0.0000  -45.0000   -7.5000 2094.6768   22.0758
    7.5000  -45.0000   -7.5000 2086.2463   22.5439
   -7.5000  -37.5000   -7.5000 2234.6287   19.1682
    0.0000  -37.5000   -7.5000 2243.0964   19.2710
    7.5000  -37.5000   -7.5000 2226.3572   19.6677
   -7.5000  -30.0000   -7.5000 2374.2061   16.9183
    0.0000  -30.0000   -7.5000 2384.3083   17.0197
    7.5000  -30.0000   -7.5000 2361.4695   17.3558
   -7.5000  -22.5000   -7.5000 2498.7520   15.1644
    0.0000  -22.5000   -7.5000 2512.1855   15.2182
    7.5000  -22.5000   -7.5000 2484.3513   15.5461
   -7.5000  -15.0000   -7.5000 2621.6470   13.7769
    0.0000  -15.0000   -7.5000 2634.1409   13.7992
    7.5000  -15.0000   -7.5000 2604.7053   14.1282
   -7.5000   -7.5000   -7.5000 2733.4077   12.7212
    0.0000   -7.5000   -7.5000 2750.3030   12.7102
    7.5000   -7.5000   -7.5000 2721.6350   13.0211
   -7.5000    0.0000   -7.5000 2818.3196   11.9887
    0.0000    0.0000   -7.5000 2842.5591   11.9388
    7.5000    0.0000   -7.5000 2812.5076   12.2117
   -7.5000    7.5000   -7.5000 2885.9272   11.5479
    0.0000    7.5000   -7.5000 2913.8184   11.4930
    7.5000    7.5000   -7.5000 2877.7576   11.7436
   -7.5000   15.0000   -7.5000 2933.5564   11.4084
    0.0000   15.0000   -7.5000 2961.9929   11.3522
    7.5000   15.0000   -7.5000 2918.6729   11.5968
   -7.5000   22.5000   -7.5000 2939.6567   11.6457
    0.0000   22.5000   -7.5000 2965.5293   11.6113
    7.5000   22.5000   -7.5000 2928.3506   11.8225
   -7.5000   30.0000   -7.5000 2898.7681   12.1569
    0.0000   30.0000   -7.5000 2927.0898   12.1296
    7.5000   30.0000   -7.5000 2893.1426   12.3165
   -7.5000   37.5000   -7.5000 2825.9341   12.8368
    0.0000   37.5000   -7.5000 2852.8162   12.7864
    7.5000   37.5000   -7.5000 2826.9463   12.9786
   -7.5000   45.0000   -7.5000 2722.4014   13.7762
    0.0000   45.0000   -7.5000 2749.3381   13.7109
    7.5000   45.0000   -7.5000 2723.9438   13.9314
   -7.5000  -45.0000    0.0000 2095.1814   21.8561
    0.0000  -45.0000    0.0000 2101.6042   22.0250
    7.5000  -45.0000    0.0000 2085.1455   22.5132
   -7.5000  -37.5000    0.0000 2245.5593   19.0778
    0.0000  -37.5000    0.0000 2251.7422   19.2138
    7.5000  -37.5000    0.0000 2228.7888   19.6605
   -7.5000  -30.0000    0.0000 2377.7070   16.7758
    0.0000  -30.0000    0.0000 2384.7842   16.8418
    7.5000  -30.0000    0.0000 2360.6079   17.2937
   -7.5000  -22.5000    0.0000 2492.5701   14.9529
    0.0000  -22.5000    0.0000 2507.4568   15.0074
    7.5000  -22.5000    0.0000 2481.8059   15.4453
   -7.5000  -15.0000    0.0000 2614.8767   13.5517
    0.0000  -15.0000    0.0000 2633.0339   13.5792
    7.5000  -15.0000    0.0000 2604.4492   13.9656
   -7.5000   -7.5000    0.0000 2733.6248   12.4809
    0.0000   -7.5000    0.0000 2754.6243   12.4759
    7.5000   -7.5000    0.0000 2727.3320   12.8367
   -7.5000    0.0000    0.0000 2832.4897   11.7255
    0.0000    0.0000    0.0000 2856.2317   11.6862
    7.5000    0.0000    0.0000 2825.7563   12.0063
   -7.5000    7.5000    0.0000 2916.3169   11.2454
    0.0000    7.5000    0.0000 2945.2246   11.1999
    7.5000    7.5000    0.0000 2905.2087   11.5004
   -7.5000   15.0000    0.0000 2980.8391   11.0732
    0.0000   15.0000    0.0000 3013.4570   10.9640
    7.5000   15.0000    0.0000 2960.1318   11.3286
   -7.5000   22.5000    0.0000 2996.5400   11.2545
    0.0000   22.5000    0.0000 3026.6804   11.1276
    7.5000   22.5000    0.0000 2973.6077   11.5019
   -7.5000   30.0000    0.0000 2940.6582   11.8115
    0.0000   30.0000    0.0000 2974.6292   11.7019
    7.5000   30.0000    0.0000 2933.9299   12.0017
   -7.5000   37.5000    0.0000 2857.8425   12.5515
    0.0000   37.5000    0.0000 2885.5037   12.4774
    7.5000   37.5000    0.0000 2854.8071   12.7023
   -7.5000   45.0000    0.0000 2750.0930   13.4964
    0.0000   45.0000    0.0000 2772.5400   13.4133
    7.5000   45.0000    0.0000 2748.5286   13.6107
   -7.5000  -45.0000    7.5000 2096.9185   21.9664
    0.0000  -45.0000    7.5000 2101.0845   22.1143
    7.5000  -45.0000    7.5000 2077.4783   22.7214
   -7.5000  -37.5000    7.5000 2245.7390   19.0975
    0.0000  -37.5000    7.5000 2253.1523   19.2396
    7.5000  -37.5000    7.5000 2224.9841   19.7549
   -7.5000  -30.0000    7.5000 2370.8428   16.7689
    0.0000  -30.0000    7.5000 2380.0757   16.8830
    7.5000  -30.0000    7.5000 2351.6951   17.3671
   -7.5000  -22.5000    7.5000 2484.9299   14.9787
    0.0000  -22.5000    7.5000 2497.2212   15.0537
    7.5000  -22.5000    7.5000 2471.5793   15.5069
   -7.5000  -15.0000    7.5000 2603.5513   13.5797
    0.0000  -15.0000    7.5000 2617.6167   13.6160
    7.5000  -15.0000    7.5000 2591.7209   14.0000
   -7.5000   -7.5000    7.5000 2715.7319   12.4783
    0.0000   -7.5000    7.5000 2740.0005   12.4922
    7.5000   -7.5000    7.5000 2714.4429   12.8604
   -7.5000    0.0000    7.5000 2816.1580   11.6796
    0.0000    0.0000    7.5000 2846.1790   11.6635
    7.5000    0.0000    7.5000 2821.0818   12.0250
   -7.5000    7.5000    7.5000 2912.7363   11.1967
    0.0000    7.5000    7.5000 2945.8650   11.1567
    7.5000    7.5000    7.5000 2910.2666   11.4939
   -7.5000   15.0000    7.5000 2984.5188   11.0642
    0.0000   15.0000    7.5000 3017.6453   10.9581
    7.5000   15.0000    7.5000 2967.6284   11.2977
   -7.5000   22.5000    7.5000 3010.7842   11.2598
    0.0000   22.5000    7.5000 3032.8716   11.1165
    7.5000   22.5000    7.5000 2978.3469   11.4369
   -7.5000   30.0000    7.5000 2960.8245   11.7393
    0.0000   30.0000    7.5000 2985.5244   11.6245
    7.5000   30.0000    7.5000 2938.4731   11.8671
   -7.5000   37.5000    7.5000 2866.0476   12.4646
    0.0000   37.5000    7.5000 2886.7126   12.3638
    7.5000   37.5000    7.5000 2853.9604   12.5639
   -7.5000   45.0000    7.5000 2750.4202   13.4247
    0.0000   45.0000    7.5000 2767.0854   13.3175
    7.5000   45.0000    7.5000 2747.3806   13.4745
   -7.5000  -45.0000   15.0000 2068.8091   22.2090
    0.0000  -45.0000   15.0000 2072.0396   22.4098
    7.5000  -45.0000   15.0000 2051.7622   23.1041
   -7.5000  -37.5000   15.0000 2224.9404   19.3698
    0.0000  -37.5000   15.0000 2230.8552   19.4984
    7.5000  -37.5000   15.0000 2205.1675   20.0981
   -7.5000  -30.0000   15.0000 2352.7344   17.0436
    0.0000  -30.0000   15.0000 2360.8108   17.1270
    7.5000  -30.0000   15.0000 2332.2334   17.6766
   -7.5000  -22.5000   15.0000 2468.7578   15.2074
    0.0000  -22.5000   15.0000 2477.9763   15.2458
    7.5000  -22.5000   15.0000 2451.4141   15.7385
   -7.5000  -15.0000   15.0000 2578.1826   13.7809
    0.0000  -15.0000   15.0000 2592.2573   13.8118
    7.5000  -15.0000   15.0000 2572.5664   14.2278
   -7.5000   -7.5000   15.0000 2683.8931   12.6999
    0.0000   -7.5000   15.0000 2710.7742   12.7251
    7.5000   -7.5000   15.0000 2691.9714   13.0867
   -7.5000    0.0000   15.0000 2784.4861   11.9446
    0.0000    0.0000   15.0000 2815.2043   11.9536
    7.5000    0.0000   15.0000 2792.4600   12.2679
   -7.5000    7.5000   15.0000 2884.6946   11.4940
    0.0000    7.5000   15.0000 2912.6682   11.4449
    7.5000    7.5000   15.0000 2881.4392   11.7442
   -7.5000   15.0000   15.0000 2953.5767   11.3998
    0.0000   15.0000   15.0000 2975.7681   11.2796
    7.5000   15.0000   15.0000 2938.1265   11.5529
   -7.5000   22.5000   15.0000 2968.4751   11.6006
    0.0000   22.5000   15.0000 2989.8083   11.4974
    7.5000   22.5000   15.0000 2946.6807   11.6948
   -7.5000   30.0000   15.0000 2925.3025   11.9926
    0.0000   30.0000   15.0000 2947.6279   11.9045
    7.5000   30.0000   15.0000 2905.5100   12.0815
   -7.5000   37.5000   15.0000 2838.5894   12.6247
    0.0000   37.5000   15.0000 2859.8672   12.5732
    7.5000   37.5000   15.0000 2825.8311   12.7463
   -7.5000   45.0000   15.0000 2723.6182   13.5375
    0.0000   45.0000   15.0000 2744.6702   13.4553
    7.5000   45.0000   15.0000 2720.3870   13.6220
   -7.5000  -45.0000   22.5000 2026.6204   22.9026
    0.0000  -45.0000   22.5000 2035.8712   23.0847
    7.5000  -45.0000   22.5000 2015.7450   23.8250
   -7.5000  -37.5000   22.5000 2186.2334   19.9304
    0.0000  -37.5000   22.5000 2196.3213   20.0035
    7.5000  -37.5000   22.5000 2172.1995   20.6802
   -7.5000  -30.0000   22.5000 2318.0483   17.5521
    0.0000  -30.0000   22.5000 2326.7871   17.5864
    7.5000  -30.0000   22.5000 2302.9304   18.1769
   -7.5000  -22.5000   22.5000 2441.0503   15.7724
    0.0000  -22.5000   22.5000 2448.4202   15.7473
    7.5000  -22.5000   22.5000 2420.1504   16.1963
   -7.5000  -15.0000   22.5000 2551.4856   14.4078
    0.0000  -15.0000   22.5000 2563.8733   14.3448
    7.5000  -15.0000   22.5000 2535.4143   14.7179
   -7.5000   -7.5000   22.5000 2655.0984   13.3321
    0.0000   -7.5000   22.5000 2673.6116   13.2806
    7.5000   -7.5000   22.5000 2648.5269   13.5944
   -7.5000    0.0000   22.5000 2750.7097   12.5550
    0.0000    0.0000   22.5000 2772.9739   12.5035
    7.5000    0.0000   22.5000 2746.2546   12.7751
   -7.5000    7.5000   22.5000 2830.7959   12.0611
    0.0000    7.5000   22.5000 2854.5415   11.9374
    7.5000    7.5000   22.5000 2828.4509   12.2393
   -7.5000   15.0000   22.5000 2883.3691   11.8836
    0.0000   15.0000   22.5000 2905.5002   11.7919
    7.5000   15.0000   22.5000 2881.6865   12.0277
   -7.5000   22.5000   22.5000 2892.3096   12.0399
    0.0000   22.5000   22.5000 2919.3367   11.9446
    7.5000   22.5000   22.5000 2888.7988   12.1602
   -7.5000   30.0000   22.5000 2856.1411   12.4360
    0.0000   30.0000   22.5000 2873.1587   12.3350
    7.5000   30.0000   22.5000 2847.0649   12.5562
   -7.5000   37.5000   22.5000 2779.0674   13.0778
    0.0000   37.5000   22.5000 2797.5828   12.9991
    7.5000   37.5000   22.5000 2772.4783   13.2182
   -7.5000   45.0000   22.5000 2675.5278   13.9866
    0.0000   45.0000   22.5000 2691.6274   13.8756
    7.5000   45.0000   22.5000 2670.6667   14.0642
   -7.5000  -45.0000   30.0000 1975.3433   24.0236
    0.0000  -45.0000   30.0000 1984.9615   24.0558
    7.5000  -45.0000   30.0000 1965.7313   24.8481
   -7.5000  -37.5000   30.0000 2132.0615   20.8692
    0.0000  -37.5000   30.0000 2145.3997   20.8887
    7.5000  -37.5000   30.0000 2121.2690   21.5243
   -7.5000  -30.0000   30.0000 2272.8030   18.4992
    0.0000  -30.0000   30.0000 2278.7595   18.4384
    7.5000  -30.0000   30.0000 2253.5522   18.9607
   -7.5000  -22.5000   30.0000 2399.8901   16.6962
    0.0000  -22.5000   30.0000 2404.0710   16.6070
    7.5000  -22.5000   30.0000 2372.4111   16.9899
   -7.5000  -15.0000   30.0000 2506.0933   15.2795
    0.0000  -15.0000   30.0000 2518.0986   15.1973
    7.5000  -15.0000   30.0000 2486.2070   15.5098
   -7.5000   -7.5000   30.0000 2607.2778   14.1435
    0.0000   -7.5000   30.0000 2623.2156   14.0630
    7.5000   -7.5000   30.0000 2592.1689   14.3544
   -7.5000    0.0000   30.0000 2697.6250   13.3036
    0.0000    0.0000   30.0000 2715.4302   13.2130
    7.5000    0.0000   30.0000 2687.5403   13.4982
   -7.5000    7.5000   30.0000 2766.4390   12.7824
    0.0000    7.5000   30.0000 2788.1272   12.6894
    7.5000    7.5000   30.0000 2759.4277   12.9495
   -7.5000   15.0000   30.0000 2801.0081   12.5820
    0.0000   15.0000   30.0000 2822.2659   12.5254
    7.5000   15.0000   30.0000 2801.2637   12.7291
   -7.5000   22.5000   30.0000 2801.3418   12.6955
    0.0000   22.5000   30.0000 2824.8853   12.6429
    7.5000   22.5000   30.0000 2802.1309   12.8429
   -7.5000   30.0000   30.0000 2765.3171   13.0796
    0.0000   30.0000   30.0000 2782.1128   12.9991
    7.5000   30.0000   30.0000 2763.9639   13.2406
   -7.5000   37.5000   30.0000 2694.0564   13.7119
    0.0000   37.5000   30.0000 2712.5310   13.6394
    7.5000   37.5000   30.0000 2688.0737   13.8739
   -7.5000   45.0000   30.0000 2599.6052   14.6282
    0.0000   45.0000   30.0000 2616.4792   14.5156
    7.5000   45.0000   30.0000 2594.3293   14.7385
   -7.5000  -45.0000   37.5000 1915.7600   25.6808
    0.0000  -45.0000   37.5000 1923.3359   25.6036
    7.5000  -45.0000   37.5000 1907.1451   26.3478
   -7.5000  -37.5000   37.5000 2075.6160   22.3178
    0.0000  -37.5000   37.5000 2082.3875   22.1983
    7.5000  -37.5000   37.5000 2062.9331   22.7504
   -7.5000  -30.0000   37.5000 2217.6885   19.7585
    0.0000  -30.0000   37.5000 2222.3938   19.6419
    7.5000  -30.0000   37.5000 2199.4858   20.0434
   -7.5000  -22.5000   37.5000 2346.9368   17.8023
    0.0000  -22.5000   37.5000 2350.5994   17.6842
    7.5000  -22.5000   37.5000 2318.5449   18.0048
   -7.5000  -15.0000   37.5000 2447.8467   16.2767
    0.0000  -15.0000   37.5000 2460.5989   16.1922
    7.5000  -15.0000   37.5000 2427.7668   16.4592
   -7.5000   -7.5000   37.5000 2544.7329   15.1041
    0.0000   -7.5000   37.5000 2562.0811   15.0128
    7.5000   -7.5000   37.5000 2529.4368   15.2779
   -7.5000    0.0000   37.5000 2628.6675   14.2375
    0.0000    0.0000   37.5000 2646.9775   14.1638
    7.5000    0.0000   37.5000 2616.8818   14.4239
   -7.5000    7.5000   37.5000 2684.6643   13.7044
    0.0000    7.5000   37.5000 2706.4031   13.6477
    7.5000    7.5000   37.5000 2681.6270   13.8665
   -7.5000   15.0000   37.5000 2706.5356   13.5005
    0.0000   15.0000   37.5000 2727.1179   13.4450
    7.5000   15.0000   37.5000 2710.2476   13.6410
   -7.5000   22.5000   37.5000 2698.8789   13.5700
    0.0000   22.5000   37.5000 2718.4387   13.5171
    7.5000   22.5000   37.5000 2702.9236   13.7158
   -7.5000   30.0000   37.5000 2668.3398   13.9121
    0.0000   30.0000   37.5000 2679.5325   13.8615
    7.5000   30.0000   37.5000 2666.1877   14.1007
   -7.5000   37.5000   37.5000 2606.8284   14.5331
    0.0000   37.5000   37.5000 2623.6455   14.4777
    7.5000   37.5000   37.5000 2604.0986   14.7135
   -7.5000   45.0000   37.5000 2522.1509   15.4286
    0.0000   45.0000   37.5000 2537.2842   15.3486
    7.5000   45.0000   37.5000 2518.0046   15.5527
   -7.5000  -45.0000   45.0000 1845.4336   27.5539
    0.0000  -45.0000   45.0000 1856.8055   27.4551
    7.5000  -45.0000   45.0000 1840.8528   28.2727
   -7.5000  -37.5000   45.0000 2004.6570   23.9040
    0.0000  -37.5000   45.0000 2014.0035   23.7827
    7.5000  -37.5000   45.0000 1996.8887   24.3415
   -7.5000  -30.0000   45.0000 2145.7207   21.1744
    0.0000  -30.0000   45.0000 2151.8069   21.0298
    7.5000  -30.0000   45.0000 2134.9541   21.4082
   -7.5000  -22.5000   45.0000 2276.7678   19.0961
    0.0000  -22.5000   45.0000 2279.3894   18.9733
    7.5000  -22.5000   45.0000 2253.6196   19.2465
   -7.5000  -15.0000   45.0000 2380.9385   17.4679
    0.0000  -15.0000   45.0000 2390.9004   17.3796
    7.5000  -15.0000   45.0000 2359.5999   17.6155
   -7.5000   -7.5000   45.0000 2470.4412   16.2367
    0.0000   -7.5000   45.0000 2487.7996   16.1530
    7.5000   -7.5000   45.0000 2456.6580   16.3796
   -7.5000    0.0000   45.0000 2546.8188   15.3525
    0.0000    0.0000   45.0000 2566.2209   15.2872
    7.5000    0.0000   45.0000 2538.4028   15.5287
   -7.5000    7.5000   45.0000 2591.7207   14.7975
    0.0000    7.5000   45.0000 2613.1531   14.7610
    7.5000    7.5000   45.0000 2591.2256   14.9608
   -7.5000   15.0000   45.0000 2606.1045   14.5716
    0.0000   15.0000   45.0000 2626.0737   14.5275
    7.5000   15.0000   45.0000 2608.4187   14.7177
   -7.5000   22.5000   45.0000 2594.8838   14.6089
    0.0000   22.5000   45.0000 2614.0967   14.5783
    7.5000   22.5000   45.0000 2598.7605   14.7553
   -7.5000   30.0000   45.0000 2564.7810   14.9580
    0.0000   30.0000   45.0000 2577.4373   14.9405
    7.5000   30.0000   45.0000 2563.3765   15.1193
   -7.5000   37.5000   45.0000 2513.2717   15.5369
    0.0000   37.5000   45.0000 2528.0339   15.5122
    7.5000   37.5000   45.0000 2511.0151   15.7331
   -7.5000   45.0000   45.0000 2438.2957   16.4278
    0.0000   45.0000   45.0000 2451.5896   16.3491
    7.5000   45.0000   45.0000 2433.2358   16.5483

---------------------------------------------------------------------
imgreg_4dfp /opt/freesurfer/average/711-2C_as_mni_average_305 /opt/freesurfer/average/711-2B_as_mni_average_305_mask talsrcimg_g11 none talsrcimg_to_711-2C_as_mni_average_305_t4 1283
---------------------------------------------------------------------

freesurfer imgreg_4dfp.c
/opt/freesurfer/average/711-2C_as_mni_average_305.4dfp.img
       256       256       256         1
  1.000000  1.000000  1.000000
orientation T byte_order littleendian
Reading image: /opt/freesurfer/average/711-2C_as_mni_average_305.4dfp.img
dimensions:      256       256       256
mmppix:       1.0000   -1.0000   -1.0000
center:     128.0000 -129.0000 -129.0000
/opt/freesurfer/average/711-2B_as_mni_average_305_mask.4dfp.img
       256       256       256         1
  1.000000  1.000000  1.000000
orientation T byte_order littleendian
Reading mask: /opt/freesurfer/average/711-2B_as_mni_average_305_mask.4dfp.img (2306576 pixels)
talsrcimg_g11.4dfp.img
       256       256       256         1
  1.000000  1.000000  1.000000
orientation T byte_order littleendian
Reading image: talsrcimg_g11.4dfp.img
dimensions:      256       256       256
mmppix:       1.0000   -1.0000   -1.0000
center:     128.0000 -129.0000 -129.0000
rotation matrix determinant  1.000000
fimgreg.f
image alignment mode   1283 decimal      503 hex
parameters
    0.0000   22.5000    7.5000    0.0000    0.0000    0.0000
eta,q 0.95202 11.07276
niter,ni,del,rscale     5    3   12.0000    1.2000
parameter  4  0.700958 ->  0.500000 qaram    1.1500
parameter  6  1.922098 ->  0.500000 qaram    1.1500
parameters
   -0.8613   20.6381    5.1443   -3.4500    0.7385   -3.4500
eta,q 0.95635 10.78710
  0.0569  0.0532  0.0514  0.0486  0.0531  0.0430
  0.0542  0.0508  0.0501  0.0479  0.0521  0.0434
  0.0522  0.0501  0.0494  0.0486  0.0501  0.0449
  0.0509  0.0508  0.0501  0.0496  0.0480  0.0476
  0.0535  0.0527  0.0522  0.0508  0.0477  0.0506
  0.0573  0.0564  0.0565  0.0526  0.0494  0.0533
  0.0611  0.0613  0.0608  0.0552  0.0523  0.0556
niter,ni,del,rscale     6    3   12.0000    1.2000
parameters
   -1.1123   21.8793    4.9317   -4.4950    0.4838   -6.5996
eta,q 0.95806 10.79631
  0.0559  0.0541  0.0497  0.0471  0.0494  0.0440
  0.0508  0.0487  0.0455  0.0441  0.0478  0.0425
  0.0464  0.0453  0.0434  0.0428  0.0448  0.0419
  0.0437  0.0437  0.0435  0.0434  0.0429  0.0430
  0.0469  0.0436  0.0449  0.0449  0.0444  0.0459
  0.0524  0.0448  0.0467  0.0468  0.0478  0.0495
  0.0578  0.0479  0.0498  0.0490  0.0514  0.0526
niter,ni,del,rscale     5    3   12.0000    1.2000
parameters
   -1.3140   22.4048    4.9669   -5.2587   -0.2360   -6.9253
eta,q 0.95828 10.81451
  0.0542  0.0515  0.0481  0.0469  0.0466  0.0475
  0.0492  0.0458  0.0440  0.0422  0.0443  0.0446
  0.0449  0.0434  0.0422  0.0415  0.0423  0.0426
  0.0419  0.0420  0.0418  0.0418  0.0417  0.0417
  0.0443  0.0418  0.0428  0.0432  0.0431  0.0426
  0.0504  0.0441  0.0443  0.0454  0.0461  0.0453
  0.0562  0.0486  0.0475  0.0482  0.0498  0.0490
niter,ni,del,rscale     4    3   12.0000    1.2000
parameters
   -1.2096   22.7037    4.8770   -5.4383   -0.3484   -7.0228
eta,q 0.95846 10.82841
  0.0546  0.0515  0.0472  0.0482  0.0473  0.0477
  0.0493  0.0455  0.0434  0.0428  0.0447  0.0448
  0.0449  0.0429  0.0418  0.0412  0.0427  0.0426
  0.0417  0.0416  0.0416  0.0415  0.0415  0.0415
  0.0428  0.0419  0.0426  0.0425  0.0422  0.0422
  0.0486  0.0448  0.0439  0.0447  0.0447  0.0448
  0.0544  0.0495  0.0472  0.0475  0.0482  0.0484
niter,ni,del,rscale     3    3   12.0000    1.2000
parameters
   -1.1533   22.7577    4.8517   -5.4788   -0.3802   -7.0424
eta,q 0.95852 10.83131
  0.0541  0.0508  0.0473  0.0485  0.0474  0.0478
  0.0489  0.0450  0.0434  0.0430  0.0447  0.0448
  0.0445  0.0425  0.0417  0.0411  0.0427  0.0426
  0.0415  0.0415  0.0415  0.0415  0.0415  0.0415
  0.0427  0.0421  0.0425  0.0424  0.0421  0.0421
  0.0484  0.0453  0.0438  0.0445  0.0445  0.0447
  0.0543  0.0502  0.0469  0.0474  0.0479  0.0481
registration optimization eta report
parameter search radius
    6.0000    6.0000    6.0000    6.9000    6.0000    6.9000
100000*second partial in parameter space
       34.       25.       16.       14.       17.       13.
  0.0541  0.0508  0.0473  0.0485  0.0474  0.0478
  0.0489  0.0450  0.0434  0.0430  0.0447  0.0448
  0.0445  0.0425  0.0417  0.0411  0.0427  0.0426
  0.0415  0.0415  0.0415  0.0415  0.0415  0.0415
  0.0427  0.0421  0.0425  0.0424  0.0421  0.0421
  0.0484  0.0453  0.0438  0.0445  0.0445  0.0447
  0.0543  0.0502  0.0469  0.0474  0.0479  0.0481
   -1.1533   22.7577    4.8517   -5.4788   -0.3802   -7.0424
eta,q 0.95852 10.83131

---------------------------------------------------------------------
imgreg_4dfp /opt/freesurfer/average/711-2C_as_mni_average_305 /opt/freesurfer/average/711-2B_as_mni_average_305_mask talsrcimg_g11 none talsrcimg_to_711-2C_as_mni_average_305_t4 3335
---------------------------------------------------------------------

freesurfer imgreg_4dfp.c
/opt/freesurfer/average/711-2C_as_mni_average_305.4dfp.img
       256       256       256         1
  1.000000  1.000000  1.000000
orientation T byte_order littleendian
Reading image: /opt/freesurfer/average/711-2C_as_mni_average_305.4dfp.img
dimensions:      256       256       256
mmppix:       1.0000   -1.0000   -1.0000
center:     128.0000 -129.0000 -129.0000
/opt/freesurfer/average/711-2B_as_mni_average_305_mask.4dfp.img
       256       256       256         1
  1.000000  1.000000  1.000000
orientation T byte_order littleendian
Reading mask: /opt/freesurfer/average/711-2B_as_mni_average_305_mask.4dfp.img (2306576 pixels)
talsrcimg_g11.4dfp.img
       256       256       256         1
  1.000000  1.000000  1.000000
orientation T byte_order littleendian
Reading image: talsrcimg_g11.4dfp.img
dimensions:      256       256       256
mmppix:       1.0000   -1.0000   -1.0000
center:     128.0000 -129.0000 -129.0000
fimgreg.f
image alignment mode   3335 decimal      D07 hex
parameters
   -1.1533   22.7577    4.8517   -0.7566   -1.2001   -0.4590
   12.1415    1.8262  -12.2601    9.3947   -0.6636   -9.5475
eta,q 0.96080 10.89471
niter,ni,del,rscale     5    3    5.0000    1.2000
parameter  4  2.737783 ->  0.500000 qaram    1.1500
parameter  5  1.947099 ->  0.500000 qaram    1.1500
parameter  6  1.491076 ->  0.500000 qaram    1.1500
parameters
   -1.3978   23.8630    4.5126   -4.8966   -5.3401   -4.5990
   12.4097    2.5086   -9.8339    7.3040   -1.1114  -10.6587
eta,q 0.97909 10.54084
  0.0407  0.0419  0.0393  0.0293  0.0258  0.0210  0.0249  0.0283  0.0255  0.0230  0.0231  0.0223
  0.0397  0.0409  0.0389  0.0313  0.0273  0.0213  0.0233  0.0255  0.0237  0.0216  0.0219  0.0214
  0.0393  0.0399  0.0388  0.0345  0.0294  0.0236  0.0222  0.0232  0.0224  0.0210  0.0212  0.0210
  0.0392  0.0392  0.0387  0.0387  0.0321  0.0278  0.0217  0.0217  0.0216  0.0213  0.0209  0.0209
  0.0395  0.0388  0.0389  0.0432  0.0356  0.0322  0.0220  0.0219  0.0213  0.0225  0.0213  0.0213
  0.0403  0.0388  0.0392  0.0478  0.0394  0.0369  0.0229  0.0237  0.0216  0.0246  0.0223  0.0222
  0.0415  0.0394  0.0399  0.0524  0.0431  0.0416  0.0245  0.0266  0.0224  0.0276  0.0237  0.0235
niter,ni,del,rscale     7    3    5.0000    1.2000
parameters
   -1.6670   23.3524    3.6834   -8.8021   -9.3346   -7.6624
   12.0997    2.3812  -11.0489    7.7811   -1.8909  -10.7141
eta,q 0.98172 10.24365
  0.0240  0.0223  0.0216  0.0209  0.0193  0.0198  0.0207  0.0218  0.0198  0.0212  0.0192  0.0196
  0.0221  0.0213  0.0207  0.0197  0.0184  0.0192  0.0194  0.0199  0.0189  0.0198  0.0186  0.0189
  0.0211  0.0208  0.0204  0.0192  0.0183  0.0183  0.0187  0.0188  0.0184  0.0189  0.0183  0.0185
  0.0209  0.0209  0.0207  0.0204  0.0192  0.0182  0.0184  0.0184  0.0184  0.0183  0.0183  0.0183
  0.0217  0.0215  0.0217  0.0236  0.0210  0.0207  0.0188  0.0187  0.0189  0.0184  0.0185  0.0184
  0.0233  0.0227  0.0231  0.0285  0.0238  0.0249  0.0197  0.0200  0.0198  0.0192  0.0190  0.0189
  0.0257  0.0244  0.0250  0.0342  0.0277  0.0303  0.0211  0.0222  0.0211  0.0207  0.0196  0.0196
niter,ni,del,rscale     6    3    5.0000    1.2000
parameters
   -1.7005   23.2728    2.8838   -8.3077   -9.1715   -9.0806
   12.3618    2.5226  -11.0666    7.7186   -1.5904  -11.3799
eta,q 0.98166 10.22365
  0.0212  0.0206  0.0188  0.0221  0.0216  0.0206  0.0211  0.0220  0.0204  0.0209  0.0194  0.0194
  0.0196  0.0193  0.0182  0.0207  0.0199  0.0195  0.0197  0.0200  0.0193  0.0196  0.0188  0.0188
  0.0186  0.0185  0.0181  0.0193  0.0186  0.0188  0.0187  0.0188  0.0186  0.0187  0.0185  0.0184
  0.0183  0.0183  0.0183  0.0181  0.0179  0.0179  0.0183  0.0183  0.0183  0.0183  0.0183  0.0183
  0.0187  0.0187  0.0188  0.0177  0.0182  0.0180  0.0186  0.0186  0.0186  0.0186  0.0184  0.0186
  0.0197  0.0196  0.0197  0.0190  0.0194  0.0210  0.0194  0.0197  0.0193  0.0195  0.0187  0.0191
  0.0213  0.0209  0.0208  0.0223  0.0216  0.0254  0.0207  0.0218  0.0204  0.0210  0.0193  0.0199
niter,ni,del,rscale     5    3    5.0000    1.2000
parameters
   -1.7163   23.2849    2.5264   -8.2628   -8.9630   -9.4717
   12.4283    2.4941  -11.1105    7.8182   -1.5328  -11.7869
eta,q 0.98160 10.22109
  0.0213  0.0209  0.0193  0.0220  0.0219  0.0212  0.0210  0.0219  0.0204  0.0210  0.0194  0.0196
  0.0197  0.0195  0.0186  0.0207  0.0203  0.0200  0.0196  0.0199  0.0193  0.0197  0.0188  0.0189
  0.0187  0.0186  0.0183  0.0194  0.0190  0.0191  0.0187  0.0188  0.0186  0.0188  0.0185  0.0185
  0.0183  0.0183  0.0183  0.0183  0.0183  0.0183  0.0184  0.0184  0.0184  0.0184  0.0184  0.0184
  0.0187  0.0186  0.0186  0.0181  0.0186  0.0177  0.0187  0.0187  0.0187  0.0186  0.0185  0.0186
  0.0197  0.0195  0.0192  0.0196  0.0197  0.0194  0.0196  0.0199  0.0194  0.0195  0.0188  0.0191
  0.0214  0.0208  0.0200  0.0230  0.0219  0.0233  0.0209  0.0220  0.0204  0.0209  0.0194  0.0199
niter,ni,del,rscale     4    3    5.0000    1.2000
parameters
   -1.7209   23.3121    2.4151   -8.3053   -8.9220   -9.5126
   12.4419    2.4900  -11.1163    7.8905   -1.5484  -11.9629
eta,q 0.98158 10.22084
  0.0214  0.0209  0.0196  0.0219  0.0219  0.0214  0.0210  0.0219  0.0204  0.0210  0.0194  0.0197
  0.0197  0.0196  0.0189  0.0207  0.0203  0.0201  0.0196  0.0199  0.0193  0.0197  0.0188  0.0190
  0.0187  0.0187  0.0185  0.0195  0.0190  0.0192  0.0187  0.0188  0.0186  0.0188  0.0185  0.0186
  0.0184  0.0184  0.0184  0.0184  0.0184  0.0184  0.0184  0.0184  0.0184  0.0184  0.0184  0.0184
  0.0188  0.0187  0.0186  0.0182  0.0188  0.0177  0.0187  0.0187  0.0187  0.0187  0.0185  0.0186
  0.0198  0.0195  0.0191  0.0197  0.0199  0.0190  0.0196  0.0199  0.0194  0.0195  0.0188  0.0191
  0.0214  0.0208  0.0198  0.0231  0.0222  0.0228  0.0210  0.0220  0.0204  0.0210  0.0194  0.0198
niter,ni,del,rscale     3    3    5.0000    1.2000
parameters
   -1.7184   23.3248    2.3881   -8.3155   -8.9207   -9.5108
   12.4398    2.4954  -11.1100    7.9216   -1.5626  -12.0228
eta,q 0.98159 10.22107
  0.0214  0.0209  0.0197  0.0220  0.0219  0.0215  0.0210  0.0219  0.0204  0.0210  0.0194  0.0197
  0.0198  0.0196  0.0189  0.0207  0.0203  0.0201  0.0196  0.0199  0.0193  0.0196  0.0188  0.0190
  0.0188  0.0187  0.0185  0.0195  0.0190  0.0192  0.0187  0.0188  0.0186  0.0188  0.0185  0.0186
  0.0184  0.0184  0.0184  0.0184  0.0184  0.0184  0.0184  0.0184  0.0184  0.0184  0.0184  0.0184
  0.0188  0.0187  0.0186  0.0182  0.0188  0.0177  0.0187  0.0187  0.0187  0.0187  0.0185  0.0186
  0.0198  0.0196  0.0190  0.0197  0.0200  0.0190  0.0196  0.0198  0.0194  0.0195  0.0188  0.0190
  0.0214  0.0209  0.0197  0.0230  0.0223  0.0227  0.0210  0.0220  0.0204  0.0210  0.0194  0.0198
niter,ni,del,rscale     2    3    5.0000    1.2000
parameters
   -1.7159   23.3309    2.3820   -8.3142   -8.9234   -9.5061
   12.4343    2.4984  -11.1026    7.9337   -1.5743  -12.0427
eta,q 0.98159 10.22130
  0.0214  0.0209  0.0197  0.0220  0.0219  0.0215  0.0210  0.0219  0.0204  0.0209  0.0194  0.0197
  0.0198  0.0196  0.0190  0.0207  0.0203  0.0201  0.0196  0.0199  0.0193  0.0196  0.0188  0.0190
  0.0188  0.0187  0.0185  0.0195  0.0190  0.0192  0.0187  0.0188  0.0186  0.0188  0.0185  0.0186
  0.0184  0.0184  0.0184  0.0184  0.0184  0.0184  0.0184  0.0184  0.0184  0.0184  0.0184  0.0184
  0.0188  0.0187  0.0186  0.0182  0.0188  0.0177  0.0187  0.0187  0.0187  0.0187  0.0185  0.0186
  0.0198  0.0196  0.0190  0.0197  0.0200  0.0190  0.0196  0.0198  0.0193  0.0195  0.0188  0.0190
  0.0214  0.0209  0.0197  0.0230  0.0223  0.0227  0.0210  0.0220  0.0204  0.0210  0.0194  0.0198
registration optimization eta report
parameter search radius
    2.4000    2.4000    2.4000    8.2800    8.2800    8.2800
    7.2000    7.2000    7.2000    7.2000    7.2000    7.2000
100000*second partial in parameter space
       51.       43.       23.        6.        5.        6.
        5.        7.        4.        5.        2.        3.
  0.0214  0.0209  0.0197  0.0220  0.0219  0.0215  0.0210  0.0219  0.0204  0.0209  0.0194  0.0197
  0.0198  0.0196  0.0190  0.0207  0.0203  0.0201  0.0196  0.0199  0.0193  0.0196  0.0188  0.0190
  0.0188  0.0187  0.0185  0.0195  0.0190  0.0192  0.0187  0.0188  0.0186  0.0188  0.0185  0.0186
  0.0184  0.0184  0.0184  0.0184  0.0184  0.0184  0.0184  0.0184  0.0184  0.0184  0.0184  0.0184
  0.0188  0.0187  0.0186  0.0182  0.0188  0.0177  0.0187  0.0187  0.0187  0.0187  0.0185  0.0186
  0.0198  0.0196  0.0190  0.0197  0.0200  0.0190  0.0196  0.0198  0.0193  0.0195  0.0188  0.0190
  0.0214  0.0209  0.0197  0.0230  0.0223  0.0227  0.0210  0.0220  0.0204  0.0210  0.0194  0.0198
   -1.7159   23.3309    2.3820   -8.3142   -8.9234   -9.5061
   12.4343    2.4984  -11.1026    7.9337   -1.5743  -12.0427
eta,q 0.98159 10.22130

---------------------------------------------------------------------
imgreg_4dfp /opt/freesurfer/average/711-2C_as_mni_average_305 /opt/freesurfer/average/711-2B_as_mni_average_305_mask talsrcimg_g11 none talsrcimg_to_711-2C_as_mni_average_305_t4 2311
---------------------------------------------------------------------

freesurfer imgreg_4dfp.c
/opt/freesurfer/average/711-2C_as_mni_average_305.4dfp.img
       256       256       256         1
  1.000000  1.000000  1.000000
orientation T byte_order littleendian
Reading image: /opt/freesurfer/average/711-2C_as_mni_average_305.4dfp.img
dimensions:      256       256       256
mmppix:       1.0000   -1.0000   -1.0000
center:     128.0000 -129.0000 -129.0000
/opt/freesurfer/average/711-2B_as_mni_average_305_mask.4dfp.img
       256       256       256         1
  1.000000  1.000000  1.000000
orientation T byte_order littleendian
Reading mask: /opt/freesurfer/average/711-2B_as_mni_average_305_mask.4dfp.img (2306576 pixels)
talsrcimg_g11.4dfp.img
       256       256       256         1
  1.000000  1.000000  1.000000
orientation T byte_order littleendian
Reading image: talsrcimg_g11.4dfp.img
dimensions:      256       256       256
mmppix:       1.0000   -1.0000   -1.0000
center:     128.0000 -129.0000 -129.0000
fimgreg.f
image alignment mode   2311 decimal      907 hex
parameters
   -1.7159   23.3309    2.3820   -8.3142   -8.9234   -9.5061
   12.4343    2.4984  -11.1026    7.9337   -1.5743  -12.0427
eta,q 0.98159 10.22130
niter,ni,del,rscale     5    3    5.0000    0.8000
parameters
   -1.7192   23.3277    2.3236   -6.9633   -8.8590   -7.3521
   12.5034    2.5970  -10.7666    7.9358   -1.4124  -12.4068
eta,q 0.98248 10.32526
  0.0197  0.0196  0.0190  0.0204  0.0196  0.0197  0.0189  0.0202  0.0187  0.0191  0.0184  0.0182
  0.0190  0.0189  0.0186  0.0197  0.0188  0.0192  0.0182  0.0188  0.0181  0.0183  0.0180  0.0178
  0.0186  0.0185  0.0184  0.0190  0.0183  0.0187  0.0177  0.0179  0.0177  0.0177  0.0176  0.0176
  0.0184  0.0184  0.0184  0.0184  0.0181  0.0181  0.0175  0.0175  0.0175  0.0175  0.0175  0.0175
  0.0186  0.0185  0.0185  0.0181  0.0183  0.0176  0.0177  0.0178  0.0176  0.0177  0.0176  0.0176
  0.0190  0.0189  0.0187  0.0184  0.0188  0.0176  0.0181  0.0186  0.0179  0.0183  0.0179  0.0179
  0.0198  0.0196  0.0190  0.0192  0.0195  0.0184  0.0189  0.0200  0.0184  0.0191  0.0183  0.0184
niter,ni,del,rscale     4    3    5.0000    0.7000
parameters
   -1.7591   23.3806    2.5852   -7.1604   -9.0579   -7.5484
   12.3964    2.5566  -10.8709    8.1931   -1.4187  -12.0721
eta,q 0.98247 10.31304
  0.0188  0.0185  0.0185  0.0190  0.0186  0.0189  0.0185  0.0193  0.0183  0.0188  0.0181  0.0182
  0.0181  0.0180  0.0180  0.0183  0.0180  0.0184  0.0180  0.0184  0.0179  0.0182  0.0178  0.0178
  0.0177  0.0177  0.0177  0.0178  0.0176  0.0179  0.0177  0.0178  0.0176  0.0177  0.0176  0.0176
  0.0175  0.0175  0.0175  0.0175  0.0175  0.0175  0.0175  0.0175  0.0175  0.0175  0.0175  0.0175
  0.0177  0.0176  0.0175  0.0177  0.0177  0.0175  0.0177  0.0177  0.0177  0.0176  0.0176  0.0176
  0.0182  0.0179  0.0177  0.0184  0.0181  0.0182  0.0180  0.0184  0.0179  0.0180  0.0178  0.0177
  0.0189  0.0184  0.0180  0.0195  0.0188  0.0197  0.0186  0.0194  0.0184  0.0186  0.0181  0.0180
niter,ni,del,rscale     3    3    5.0000    0.6000
parameters
   -1.7686   23.3698    2.5962   -6.9815   -9.0904   -7.3743
   12.4389    2.5919  -10.8101    8.1294   -1.4325  -12.0643
eta,q 0.98252 10.32027
  0.0185  0.0182  0.0180  0.0189  0.0184  0.0187  0.0183  0.0189  0.0181  0.0183  0.0179  0.0179
  0.0180  0.0178  0.0178  0.0183  0.0179  0.0183  0.0179  0.0182  0.0178  0.0179  0.0177  0.0177
  0.0176  0.0176  0.0176  0.0178  0.0176  0.0179  0.0176  0.0177  0.0176  0.0176  0.0175  0.0175
  0.0175  0.0175  0.0175  0.0175  0.0175  0.0175  0.0175  0.0175  0.0175  0.0175  0.0175  0.0175
  0.0177  0.0176  0.0176  0.0176  0.0176  0.0174  0.0176  0.0176  0.0175  0.0176  0.0175  0.0175
  0.0180  0.0179  0.0178  0.0180  0.0179  0.0178  0.0178  0.0181  0.0177  0.0179  0.0177  0.0177
  0.0185  0.0182  0.0180  0.0188  0.0184  0.0188  0.0182  0.0189  0.0181  0.0184  0.0179  0.0179
niter,ni,del,rscale     2    3    5.0000    0.5000
parameters
   -1.7660   23.3702    2.6367   -6.9174   -9.1447   -7.1036
   12.4265    2.5946  -10.7876    8.1034   -1.4775  -12.1113
eta,q 0.98256 10.32622
  0.0182  0.0180  0.0179  0.0185  0.0181  0.0185  0.0180  0.0185  0.0179  0.0181  0.0178  0.0177
  0.0178  0.0177  0.0177  0.0180  0.0178  0.0181  0.0177  0.0179  0.0176  0.0177  0.0176  0.0176
  0.0176  0.0175  0.0175  0.0177  0.0175  0.0177  0.0175  0.0176  0.0175  0.0175  0.0175  0.0175
  0.0175  0.0175  0.0175  0.0175  0.0175  0.0175  0.0174  0.0174  0.0174  0.0174  0.0174  0.0174
  0.0176  0.0175  0.0175  0.0175  0.0176  0.0174  0.0175  0.0176  0.0175  0.0175  0.0175  0.0175
  0.0178  0.0177  0.0176  0.0179  0.0178  0.0177  0.0177  0.0179  0.0176  0.0177  0.0176  0.0176
  0.0182  0.0180  0.0178  0.0185  0.0181  0.0184  0.0180  0.0185  0.0179  0.0181  0.0178  0.0177
niter,ni,del,rscale     1    3    5.0000    0.4000
parameters
   -1.7643   23.3796    2.7070   -6.8850   -9.2079   -6.8546
   12.4275    2.5959  -10.7776    8.0953   -1.5441  -12.1261
eta,q 0.98259 10.33069
  0.0179  0.0178  0.0177  0.0181  0.0178  0.0182  0.0178  0.0181  0.0177  0.0178  0.0176  0.0176
  0.0176  0.0176  0.0176  0.0178  0.0176  0.0179  0.0176  0.0177  0.0175  0.0176  0.0175  0.0175
  0.0175  0.0175  0.0175  0.0175  0.0175  0.0176  0.0175  0.0175  0.0174  0.0175  0.0174  0.0174
  0.0174  0.0174  0.0174  0.0174  0.0174  0.0174  0.0174  0.0174  0.0174  0.0174  0.0174  0.0174
  0.0175  0.0175  0.0174  0.0175  0.0175  0.0174  0.0174  0.0175  0.0174  0.0175  0.0174  0.0174
  0.0176  0.0176  0.0175  0.0177  0.0177  0.0176  0.0176  0.0177  0.0175  0.0176  0.0175  0.0175
  0.0179  0.0177  0.0176  0.0181  0.0179  0.0180  0.0178  0.0181  0.0177  0.0179  0.0177  0.0176
registration optimization eta report
parameter search radius
    0.8000    0.8000    0.8000    2.4000    2.4000    2.4000
    2.4000    2.4000    2.4000    2.4000    2.4000    2.4000
100000*second partial in parameter space
       70.       49.       38.       11.        7.       12.
        6.       12.        5.        8.        4.        3.
  0.0179  0.0178  0.0177  0.0181  0.0178  0.0182  0.0178  0.0181  0.0177  0.0178  0.0176  0.0176
  0.0176  0.0176  0.0176  0.0178  0.0176  0.0179  0.0176  0.0177  0.0175  0.0176  0.0175  0.0175
  0.0175  0.0175  0.0175  0.0175  0.0175  0.0176  0.0175  0.0175  0.0174  0.0175  0.0174  0.0174
  0.0174  0.0174  0.0174  0.0174  0.0174  0.0174  0.0174  0.0174  0.0174  0.0174  0.0174  0.0174
  0.0175  0.0175  0.0174  0.0175  0.0175  0.0174  0.0174  0.0175  0.0174  0.0175  0.0174  0.0174
  0.0176  0.0176  0.0175  0.0177  0.0177  0.0176  0.0176  0.0177  0.0175  0.0176  0.0175  0.0175
  0.0179  0.0177  0.0176  0.0181  0.0179  0.0180  0.0178  0.0181  0.0177  0.0179  0.0177  0.0176
   -1.7643   23.3796    2.7070   -6.8850   -9.2079   -6.8546
   12.4275    2.5959  -10.7776    8.0953   -1.5441  -12.1261
eta,q 0.98259 10.33069

---------------------------------------------------------------------
imgreg_4dfp /opt/freesurfer/average/711-2C_as_mni_average_305 /opt/freesurfer/average/711-2B_as_mni_average_305_mask talsrcimg_g11 none talsrcimg_to_711-2C_as_mni_average_305_t4 2311
---------------------------------------------------------------------

freesurfer imgreg_4dfp.c
/opt/freesurfer/average/711-2C_as_mni_average_305.4dfp.img
       256       256       256         1
  1.000000  1.000000  1.000000
orientation T byte_order littleendian
Reading image: /opt/freesurfer/average/711-2C_as_mni_average_305.4dfp.img
dimensions:      256       256       256
mmppix:       1.0000   -1.0000   -1.0000
center:     128.0000 -129.0000 -129.0000
/opt/freesurfer/average/711-2B_as_mni_average_305_mask.4dfp.img
       256       256       256         1
  1.000000  1.000000  1.000000
orientation T byte_order littleendian
Reading mask: /opt/freesurfer/average/711-2B_as_mni_average_305_mask.4dfp.img (2306576 pixels)
talsrcimg_g11.4dfp.img
       256       256       256         1
  1.000000  1.000000  1.000000
orientation T byte_order littleendian
Reading image: talsrcimg_g11.4dfp.img
dimensions:      256       256       256
mmppix:       1.0000   -1.0000   -1.0000
center:     128.0000 -129.0000 -129.0000
fimgreg.f
image alignment mode   2311 decimal      907 hex
parameters
   -1.7643   23.3796    2.7070   -6.8850   -9.2079   -6.8546
   12.4275    2.5959  -10.7776    8.0953   -1.5441  -12.1261
eta,q 0.98259 10.33069
niter,ni,del,rscale     5    3    5.0000    0.8000
parameters
   -1.7612   23.3933    2.8029   -7.2904   -9.1875   -7.5515
   12.3860    2.5635  -10.8828    8.1810   -1.4436  -11.7800
eta,q 0.98244 10.30575
  0.0192  0.0187  0.0185  0.0192  0.0189  0.0190  0.0189  0.0197  0.0186  0.0190  0.0183  0.0183
  0.0182  0.0180  0.0179  0.0184  0.0182  0.0185  0.0182  0.0186  0.0180  0.0183  0.0179  0.0179
  0.0176  0.0176  0.0175  0.0177  0.0176  0.0179  0.0177  0.0179  0.0177  0.0178  0.0177  0.0177
  0.0174  0.0174  0.0174  0.0174  0.0174  0.0174  0.0176  0.0176  0.0176  0.0176  0.0176  0.0176
  0.0176  0.0176  0.0175  0.0177  0.0176  0.0176  0.0177  0.0178  0.0177  0.0177  0.0176  0.0176
  0.0182  0.0180  0.0178  0.0187  0.0181  0.0189  0.0182  0.0186  0.0181  0.0182  0.0179  0.0178
  0.0192  0.0186  0.0183  0.0203  0.0189  0.0211  0.0189  0.0199  0.0186  0.0190  0.0183  0.0182
niter,ni,del,rscale     4    3    5.0000    0.7000
parameters
   -1.7663   23.3491    2.6565   -7.0713   -9.0904   -7.6068
   12.4363    2.5925  -10.8413    8.1121   -1.3842  -11.8762
eta,q 0.98247 10.31232
  0.0188  0.0184  0.0181  0.0193  0.0187  0.0189  0.0186  0.0194  0.0183  0.0187  0.0181  0.0181
  0.0181  0.0179  0.0178  0.0186  0.0181  0.0185  0.0180  0.0184  0.0179  0.0181  0.0178  0.0178
  0.0177  0.0176  0.0176  0.0179  0.0177  0.0180  0.0177  0.0178  0.0176  0.0177  0.0176  0.0176
  0.0176  0.0176  0.0176  0.0175  0.0175  0.0175  0.0175  0.0175  0.0175  0.0175  0.0175  0.0175
  0.0177  0.0177  0.0177  0.0176  0.0177  0.0175  0.0176  0.0177  0.0176  0.0177  0.0176  0.0176
  0.0181  0.0180  0.0180  0.0181  0.0180  0.0181  0.0180  0.0183  0.0179  0.0181  0.0178  0.0178
  0.0188  0.0186  0.0183  0.0191  0.0186  0.0195  0.0185  0.0194  0.0183  0.0187  0.0181  0.0181
niter,ni,del,rscale     3    3    5.0000    0.6000
parameters
   -1.7699   23.3486    2.6073   -6.9615   -9.0873   -7.3771
   12.4332    2.5820  -10.8034    8.0891   -1.4015  -12.0158
eta,q 0.98252 10.32028
  0.0185  0.0182  0.0180  0.0188  0.0184  0.0188  0.0183  0.0189  0.0181  0.0184  0.0179  0.0179
  0.0180  0.0178  0.0177  0.0183  0.0179  0.0184  0.0178  0.0182  0.0178  0.0179  0.0177  0.0177
  0.0176  0.0176  0.0176  0.0178  0.0176  0.0179  0.0176  0.0177  0.0176  0.0176  0.0175  0.0175
  0.0175  0.0175  0.0175  0.0175  0.0175  0.0175  0.0175  0.0175  0.0175  0.0175  0.0175  0.0175
  0.0176  0.0176  0.0176  0.0176  0.0176  0.0174  0.0176  0.0176  0.0175  0.0176  0.0175  0.0175
  0.0180  0.0178  0.0178  0.0180  0.0179  0.0178  0.0178  0.0181  0.0177  0.0179  0.0177  0.0177
  0.0185  0.0182  0.0181  0.0188  0.0184  0.0188  0.0183  0.0189  0.0181  0.0184  0.0180  0.0179
niter,ni,del,rscale     2    3    5.0000    0.5000
parameters
   -1.7690   23.3615    2.6429   -6.9095   -9.1417   -7.1012
   12.4325    2.5862  -10.8003    8.0875   -1.4766  -12.1004
eta,q 0.98256 10.32644
  0.0182  0.0180  0.0179  0.0184  0.0181  0.0185  0.0180  0.0185  0.0179  0.0181  0.0178  0.0177
  0.0178  0.0177  0.0177  0.0180  0.0178  0.0181  0.0177  0.0179  0.0176  0.0177  0.0176  0.0176
  0.0176  0.0175  0.0175  0.0177  0.0175  0.0177  0.0175  0.0176  0.0175  0.0175  0.0175  0.0175
  0.0175  0.0175  0.0175  0.0175  0.0175  0.0175  0.0174  0.0174  0.0174  0.0174  0.0174  0.0174
  0.0176  0.0175  0.0175  0.0175  0.0176  0.0174  0.0175  0.0176  0.0175  0.0175  0.0175  0.0175
  0.0178  0.0177  0.0176  0.0179  0.0178  0.0177  0.0177  0.0179  0.0176  0.0177  0.0176  0.0176
  0.0182  0.0180  0.0178  0.0185  0.0181  0.0184  0.0180  0.0185  0.0179  0.0181  0.0178  0.0177
niter,ni,del,rscale     1    3    5.0000    0.4000
parameters
   -1.7667   23.3776    2.7109   -6.8858   -9.2075   -6.8486
   12.4316    2.5906  -10.7801    8.0853   -1.5391  -12.1173
eta,q 0.98259 10.33071
  0.0179  0.0178  0.0177  0.0181  0.0178  0.0182  0.0178  0.0181  0.0177  0.0178  0.0176  0.0176
  0.0176  0.0176  0.0176  0.0178  0.0176  0.0179  0.0176  0.0177  0.0175  0.0176  0.0175  0.0175
  0.0175  0.0175  0.0175  0.0175  0.0175  0.0176  0.0175  0.0175  0.0174  0.0175  0.0174  0.0174
  0.0174  0.0174  0.0174  0.0174  0.0174  0.0174  0.0174  0.0174  0.0174  0.0174  0.0174  0.0174
  0.0175  0.0175  0.0174  0.0175  0.0175  0.0174  0.0175  0.0175  0.0174  0.0175  0.0174  0.0174
  0.0176  0.0176  0.0175  0.0177  0.0177  0.0176  0.0176  0.0177  0.0175  0.0176  0.0175  0.0175
  0.0179  0.0177  0.0176  0.0181  0.0179  0.0180  0.0178  0.0181  0.0177  0.0178  0.0177  0.0176
registration optimization eta report
parameter search radius
    0.8000    0.8000    0.8000    2.4000    2.4000    2.4000
    2.4000    2.4000    2.4000    2.4000    2.4000    2.4000
100000*second partial in parameter space
       70.       50.       38.       11.        7.       12.
        6.       12.        5.        8.        4.        3.
  0.0179  0.0178  0.0177  0.0181  0.0178  0.0182  0.0178  0.0181  0.0177  0.0178  0.0176  0.0176
  0.0176  0.0176  0.0176  0.0178  0.0176  0.0179  0.0176  0.0177  0.0175  0.0176  0.0175  0.0175
  0.0175  0.0175  0.0175  0.0175  0.0175  0.0176  0.0175  0.0175  0.0174  0.0175  0.0174  0.0174
  0.0174  0.0174  0.0174  0.0174  0.0174  0.0174  0.0174  0.0174  0.0174  0.0174  0.0174  0.0174
  0.0175  0.0175  0.0174  0.0175  0.0175  0.0174  0.0175  0.0175  0.0174  0.0175  0.0174  0.0174
  0.0176  0.0176  0.0175  0.0177  0.0177  0.0176  0.0176  0.0177  0.0175  0.0176  0.0175  0.0175
  0.0179  0.0177  0.0176  0.0181  0.0179  0.0180  0.0178  0.0181  0.0177  0.0178  0.0177  0.0176
   -1.7667   23.3776    2.7109   -6.8858   -9.2075   -6.8486
   12.4316    2.5906  -10.7801    8.0853   -1.5391  -12.1173
eta,q 0.98259 10.33071

---------------------------------------------------------------------
compute_vox2vox talsrcimg talsrcimg_to_711-2C_as_mni_average_305_t4 /opt/freesurfer/average/711-2C_as_mni_average_305
---------------------------------------------------------------------

freesurfer compute_vox2vox.c
Reading: talsrcimg.4dfp.ifh
Reading: talsrcimg_to_711-2C_as_mni_average_305_t4
Reading: /opt/freesurfer/average/711-2C_as_mni_average_305.4dfp.ifh
Writing: talsrcimg_to_711-2C_as_mni_average_305_t4_vox2vox.txt

start time Tue Mar 10 07:35:16 CET 2026
end		time Tue Mar 10 07:36:44 CET 2026

mpr2mni305 success

avi2talxfm orig_nu.mgz /opt/freesurfer/average/mni305.cor.mgz talsrcimg_to_711-2C_as_mni_average_305_t4_vox2vox.txt transforms/talairach.auto.xfm
avi2talxfm done
mv -f /out/sourcedata/freesurfer/sub-v1s9x0051357_ses-1/mri/talsrcimg_to_711-2C_as_mni_average_305_t4_vox2vox.txt /out/sourcedata/freesurfer/sub-v1s9x0051357_ses-1/mri/transforms/talsrcimg_to_711-2C_as_mni_average_305_t4_vox2vox.txt
lta_convert --src orig_nu.mgz --trg /opt/freesurfer/average/mni305.cor.mgz --inxfm transforms/talairach.auto.xfm --outlta transforms/talairach.auto.xfm.lta --subject fsaverage
7.3.2

--src: orig_nu.mgz src image (geometry).
--trg: /opt/freesurfer/average/mni305.cor.mgz trg image (geometry).
--inmni: transforms/talairach.auto.xfm input MNI/XFM transform.
--outlta: transforms/talairach.auto.xfm.lta output LTA.
--s: fsaverage subject name
 LTA read, type : 1
 1.05667  -0.01664  -0.14690  -3.37957;
 0.03339   1.06070   0.13699   8.07700;
 0.12249  -0.09643   1.07177   29.03799;
 0.00000   0.00000   0.00000   1.00000;
setting subject to fsaverage
Writing  LTA to file transforms/talairach.auto.xfm.lta...
lta_convert successful.
 
 
Started at Tue Mar 10 07:35:15 CET 2026
Ended   at Tue Mar 10 07:36:45 CET 2026
talairach_avi done
