/out/sourcedata/freesurfer/sub-v1s9x0051329_ses-1/mri
/opt/freesurfer/bin/talairach_avi
--i orig_nu.mgz --xfm transforms/talairach.auto.xfm
talairach_avi 7.3.2
Linux dna062 5.14.0-427.37.1.el9_4.x86_64 #1 SMP PREEMPT_DYNAMIC Fri Sep 13 12:41:50 EDT 2024 x86_64 x86_64 x86_64 GNU/Linux
Tue Mar 10 07:11:57 CET 2026
mri_convert orig_nu.mgz talsrcimg.img 
reading from orig_nu.mgz...
TR=0.00, TE=0.00, TI=0.00, flip angle=0.00
i_ras = (-1, 0, 0)
j_ras = (0, 0, -1)
k_ras = (0, 1, 0)
writing to talsrcimg.img...
Analyze Output Matrix
-1.00000   0.00000   0.00000   135.50751;
 0.00000   0.00000   1.00000  -128.47797;
 0.00000  -1.00000   0.00000   113.97995;
 0.00000   0.00000   0.00000   1.00000;
--------------------
INFO: set hdr.hist.orient to -1
mpr2mni305 talsrcimg
Tue Mar 10 07:11:58 CET 2026
/opt/freesurfer/bin/mpr2mni305 talsrcimg
mpr2mni305 7.3.2
target=711-2C_as_mni_average_305

---------------------------------------------------------------------
analyzeto4dfp talsrcimg -O0 -y
---------------------------------------------------------------------

freesurfer ifh2hdr.c
Tue Mar 10 07:11:58 2026
Writing: talsrcimg.4dfp.hdr
freesurfer analyzeto4dfp.c
Reading: talsrcimg.hdr
header size 348 bytes
hdr.dime.datatype	offset=70	value=2
hdr.dime.bitpix		offset=72	value=8
hdr.hist.orient		offset=252	value=-1
dimensionality     4
dimensions       256       256       256         1
Reading: talsrcimg.img
Writing: talsrcimg.4dfp.img
Writing: talsrcimg.4dfp.ifh
ifh2hdr talsrcimg -r0to216
ori=2

---------------------------------------------------------------------
gauss_4dfp talsrcimg 1.1
---------------------------------------------------------------------

freesurfer gauss_4dfp.c
Reading: talsrcimg.4dfp.img
Writing: talsrcimg_g11.4dfp.img
image dimensions 256 256 256 padded to 288 288 288
processing volume 1freesurfer ifh2hdr.c
Tue Mar 10 07:12:00 2026
Writing: talsrcimg_g11.4dfp.hdr

Writing: talsrcimg_g11.4dfp.ifh
including: talsrcimg.4dfp.img.rec in talsrcimg_g11.4dfp.img.rec

---------------------------------------------------------------------
imgreg_4dfp /opt/freesurfer/average/711-2C_as_mni_average_305 none talsrcimg_g11 none talsrcimg_to_711-2C_as_mni_average_305_t4 4355
---------------------------------------------------------------------

freesurfer imgreg_4dfp.c
/opt/freesurfer/average/711-2C_as_mni_average_305.4dfp.img
       256       256       256         1
  1.000000  1.000000  1.000000
orientation T byte_order littleendian
Reading image: /opt/freesurfer/average/711-2C_as_mni_average_305.4dfp.img
dimensions:      256       256       256
mmppix:       1.0000   -1.0000   -1.0000
center:     128.0000 -129.0000 -129.0000
talsrcimg_g11.4dfp.img
       256       256       256         1
  1.000000  1.000000  1.000000
orientation T byte_order littleendian
Reading image: talsrcimg_g11.4dfp.img
dimensions:      256       256       256
mmppix:       1.0000   -1.0000   -1.0000
center:     128.0000 -129.0000 -129.0000
t4_read: open error in t4_sub.f l:  41 t4_file(1:l)talsrcimg_to_711-2C_as_mni_average_305_t4 
t4_read: transform initialized to I4
rotation matrix determinant  1.000000
image alignment mode   4355 decimal     1103 hex
   -7.5000  -45.0000  -45.0000 5990.3247   14.0736
    0.0000  -45.0000  -45.0000 6245.0972   14.1592
    7.5000  -45.0000  -45.0000 5926.0156   14.1443
   -7.5000  -37.5000  -45.0000 6600.3257   13.5976
    0.0000  -37.5000  -45.0000 6871.2295   13.6742
    7.5000  -37.5000  -45.0000 6519.1255   13.6618
   -7.5000  -30.0000  -45.0000 7503.5156   13.2528
    0.0000  -30.0000  -45.0000 7820.9531   13.3210
    7.5000  -30.0000  -45.0000 7419.4346   13.3059
   -7.5000  -22.5000  -45.0000 8478.0342   13.0001
    0.0000  -22.5000  -45.0000 8836.5986   13.0679
    7.5000  -22.5000  -45.0000 8385.7832   13.0498
   -7.5000  -15.0000  -45.0000 9477.2871   12.8689
    0.0000  -15.0000  -45.0000 9880.1094   12.9402
    7.5000  -15.0000  -45.0000 9389.7568   12.9220
   -7.5000   -7.5000  -45.000010525.6318   12.8672
    0.0000   -7.5000  -45.000010963.5078   12.9426
    7.5000   -7.5000  -45.000010424.9365   12.9273
   -7.5000    0.0000  -45.000011570.7861   12.8684
    0.0000    0.0000  -45.000012029.2217   12.9433
    7.5000    0.0000  -45.000011415.4580   12.9319
   -7.5000    7.5000  -45.000011610.6191   12.8554
    0.0000    7.5000  -45.000012072.1572   12.9250
    7.5000    7.5000  -45.000011473.5469   12.9140
   -7.5000   15.0000  -45.000011477.7393   12.8434
    0.0000   15.0000  -45.000011946.5293   12.9088
    7.5000   15.0000  -45.000011343.1631   12.8946
   -7.5000   22.5000  -45.000011287.0342   12.8424
    0.0000   22.5000  -45.000011780.2256   12.9090
    7.5000   22.5000  -45.000011194.6436   12.8912
   -7.5000   30.0000  -45.000011067.1523   12.6836
    0.0000   30.0000  -45.000011553.7383   12.7538
    7.5000   30.0000  -45.000010984.8662   12.7358
   -7.5000   37.5000  -45.000011228.6055   12.6956
    0.0000   37.5000  -45.000011709.2881   12.7700
    7.5000   37.5000  -45.000011128.9717   12.7550
   -7.5000   45.0000  -45.000010854.3018   12.3745
    0.0000   45.0000  -45.000011301.8662   12.4466
    7.5000   45.0000  -45.000010717.4824   12.4355
   -7.5000  -45.0000  -37.5000 6307.4819   13.9973
    0.0000  -45.0000  -37.5000 6585.0977   14.0775
    7.5000  -45.0000  -37.5000 6249.9688   14.0604
   -7.5000  -37.5000  -37.5000 6959.6689   13.5263
    0.0000  -37.5000  -37.5000 7250.5352   13.5966
    7.5000  -37.5000  -37.5000 6876.3301   13.5813
   -7.5000  -30.0000  -37.5000 7942.3428   13.1863
    0.0000  -30.0000  -37.5000 8264.3857   13.2482
    7.5000  -30.0000  -37.5000 7835.1929   13.2307
   -7.5000  -22.5000  -37.5000 8980.8174   12.9338
    0.0000  -22.5000  -37.5000 9338.0342   12.9969
    7.5000  -22.5000  -37.5000 8864.5156   12.9771
   -7.5000  -15.0000  -37.500010030.5986   12.8003
    0.0000  -15.0000  -37.500010451.8535   12.8683
    7.5000  -15.0000  -37.5000 9935.0625   12.8489
   -7.5000   -7.5000  -37.500011141.5254   12.7973
    0.0000   -7.5000  -37.500011585.5195   12.8692
    7.5000   -7.5000  -37.500011031.3701   12.8529
   -7.5000    0.0000  -37.500012221.3975   12.7998
    0.0000    0.0000  -37.500012687.9131   12.8701
    7.5000    0.0000  -37.500012071.8604   12.8571
   -7.5000    7.5000  -37.500012295.9521   12.7902
    0.0000    7.5000  -37.500012762.7783   12.8539
    7.5000    7.5000  -37.500012147.9502   12.8406
   -7.5000   15.0000  -37.500012163.5605   12.7801
    0.0000   15.0000  -37.500012647.2910   12.8395
    7.5000   15.0000  -37.500012035.6328   12.8229
   -7.5000   22.5000  -37.500011942.4756   12.7771
    0.0000   22.5000  -37.500012446.9023   12.8392
    7.5000   22.5000  -37.500011862.9355   12.8198
   -7.5000   30.0000  -37.500011665.8271   12.6160
    0.0000   30.0000  -37.500012155.4814   12.6830
    7.5000   30.0000  -37.500011597.9961   12.6638
   -7.5000   37.5000  -37.500011801.5811   12.6267
    0.0000   37.5000  -37.500012296.5830   12.6976
    7.5000   37.5000  -37.500011729.8027   12.6815
   -7.5000   45.0000  -37.500011416.9561   12.3086
    0.0000   45.0000  -37.500011869.0303   12.3762
    7.5000   45.0000  -37.500011301.5586   12.3637
   -7.5000  -45.0000  -30.0000 6747.4580   14.5850
    0.0000  -45.0000  -30.0000 7029.4692   14.6632
    7.5000  -45.0000  -30.0000 6670.0518   14.6420
   -7.5000  -37.5000  -30.0000 7455.7354   14.0936
    0.0000  -37.5000  -30.0000 7761.5757   14.1628
    7.5000  -37.5000  -30.0000 7354.2202   14.1443
   -7.5000  -30.0000  -30.0000 8528.1758   13.7421
    0.0000  -30.0000  -30.0000 8874.2529   13.8033
    7.5000  -30.0000  -30.0000 8409.5479   13.7845
   -7.5000  -22.5000  -30.0000 9654.2832   13.4790
    0.0000  -22.5000  -30.000010048.9336   13.5408
    7.5000  -22.5000  -30.0000 9532.8760   13.5204
   -7.5000  -15.0000  -30.000010788.4893   13.3374
    0.0000  -15.0000  -30.000011226.5352   13.4026
    7.5000  -15.0000  -30.000010676.7695   13.3817
   -7.5000   -7.5000  -30.000011953.9141   13.3314
    0.0000   -7.5000  -30.000012420.9971   13.4003
    7.5000   -7.5000  -30.000011830.1133   13.3809
   -7.5000    0.0000  -30.000013099.2490   13.3339
    0.0000    0.0000  -30.000013601.4668   13.4020
    7.5000    0.0000  -30.000012948.9971   13.3850
   -7.5000    7.5000  -30.000013175.5410   13.3269
    0.0000    7.5000  -30.000013688.3096   13.3895
    7.5000    7.5000  -30.000013028.8262   13.3731
   -7.5000   15.0000  -30.000013060.2051   13.3187
    0.0000   15.0000  -30.000013574.9668   13.3776
    7.5000   15.0000  -30.000012917.9141   13.3599
   -7.5000   22.5000  -30.000012834.5762   13.3141
    0.0000   22.5000  -30.000013352.9219   13.3748
    7.5000   22.5000  -30.000012722.0635   13.3548
   -7.5000   30.0000  -30.000012501.3672   13.1466
    0.0000   30.0000  -30.000013015.5811   13.2109
    7.5000   30.0000  -30.000012427.6709   13.1902
   -7.5000   37.5000  -30.000012636.9463   13.1549
    0.0000   37.5000  -30.000013157.8945   13.2229
    7.5000   37.5000  -30.000012571.8701   13.2038
   -7.5000   45.0000  -30.000012194.7510   12.8316
    0.0000   45.0000  -30.000012670.0703   12.8971
    7.5000   45.0000  -30.000012090.8398   12.8807
   -7.5000  -45.0000  -22.5000 7193.8501   15.0720
    0.0000  -45.0000  -22.5000 7500.3877   15.1526
    7.5000  -45.0000  -22.5000 7117.9341   15.1305
   -7.5000  -37.5000  -22.5000 7960.9038   14.5629
    0.0000  -37.5000  -22.5000 8287.8164   14.6373
    7.5000  -37.5000  -22.5000 7862.9360   14.6197
   -7.5000  -30.0000  -22.5000 9120.2344   14.2005
    0.0000  -30.0000  -22.5000 9481.2783   14.2674
    7.5000  -30.0000  -22.5000 8999.2393   14.2514
   -7.5000  -22.5000  -22.500010331.6416   13.9311
    0.0000  -22.5000  -22.500010738.1787   13.9954
    7.5000  -22.5000  -22.500010206.8643   13.9773
   -7.5000  -15.0000  -22.500011544.5830   13.7857
    0.0000  -15.0000  -22.500011991.8721   13.8501
    7.5000  -15.0000  -22.500011434.4482   13.8292
   -7.5000   -7.5000  -22.500012765.1270   13.7780
    0.0000   -7.5000  -22.500013273.9395   13.8459
    7.5000   -7.5000  -22.500012652.8486   13.8245
   -7.5000    0.0000  -22.500013972.6699   13.7790
    0.0000    0.0000  -22.500014525.4189   13.8487
    7.5000    0.0000  -22.500013822.1709   13.8297
   -7.5000    7.5000  -22.500014076.2783   13.7713
    0.0000    7.5000  -22.500014639.2188   13.8387
    7.5000    7.5000  -22.500013920.0293   13.8229
   -7.5000   15.0000  -22.500013957.8613   13.7634
    0.0000   15.0000  -22.500014521.2871   13.8279
    7.5000   15.0000  -22.500013791.1787   13.8130
   -7.5000   22.5000  -22.500013721.9893   13.7597
    0.0000   22.5000  -22.500014289.4316   13.8229
    7.5000   22.5000  -22.500013571.6357   13.8052
   -7.5000   30.0000  -22.500013349.4189   13.5906
    0.0000   30.0000  -22.500013934.6729   13.6541
    7.5000   30.0000  -22.500013270.4023   13.6334
   -7.5000   37.5000  -22.500013497.9502   13.5977
    0.0000   37.5000  -22.500014084.3076   13.6647
    7.5000   37.5000  -22.500013426.7559   13.6436
   -7.5000   45.0000  -22.500012974.6807   13.2698
    0.0000   45.0000  -22.500013514.9131   13.3370
    7.5000   45.0000  -22.500012894.3105   13.3186
   -7.5000  -45.0000  -15.0000 7619.3496   15.4190
    0.0000  -45.0000  -15.0000 7951.8906   15.5056
    7.5000  -45.0000  -15.0000 7539.7124   15.4860
   -7.5000  -37.5000  -15.0000 8444.6172   14.8982
    0.0000  -37.5000  -15.0000 8801.0293   14.9801
    7.5000  -37.5000  -15.0000 8352.6748   14.9656
   -7.5000  -30.0000  -15.0000 9676.6846   14.5262
    0.0000  -30.0000  -15.000010063.1973   14.6005
    7.5000  -30.0000  -15.0000 9562.5107   14.5873
   -7.5000  -22.5000  -15.000010966.9834   14.2522
    0.0000  -22.5000  -15.000011385.2373   14.3218
    7.5000  -22.5000  -15.000010844.1504   14.3055
   -7.5000  -15.0000  -15.000012261.7490   14.1060
    0.0000  -15.0000  -15.000012719.0938   14.1739
    7.5000  -15.0000  -15.000012144.6914   14.1539
   -7.5000   -7.5000  -15.000013539.3037   14.0990
    0.0000   -7.5000  -15.000014059.9492   14.1705
    7.5000   -7.5000  -15.000013407.7471   14.1499
   -7.5000    0.0000  -15.000014797.3252   14.0991
    0.0000    0.0000  -15.000015384.9893   14.1743
    7.5000    0.0000  -15.000014635.5303   14.1565
   -7.5000    7.5000  -15.000014976.1904   14.0889
    0.0000    7.5000  -15.000015554.8428   14.1634
    7.5000    7.5000  -15.000014774.5957   14.1502
   -7.5000   15.0000  -15.000014883.5303   14.0796
    0.0000   15.0000  -15.000015487.7422   14.1511
    7.5000   15.0000  -15.000014664.1475   14.1389
   -7.5000   22.5000  -15.000014603.6533   14.0767
    0.0000   22.5000  -15.000015230.9502   14.1450
    7.5000   22.5000  -15.000014433.5449   14.1290
   -7.5000   30.0000  -15.000014166.9502   13.9083
    0.0000   30.0000  -15.000014826.6143   13.9753
    7.5000   30.0000  -15.000014103.3145   13.9554
   -7.5000   37.5000  -15.000014315.8438   13.9164
    0.0000   37.5000  -15.000014980.5059   13.9870
    7.5000   37.5000  -15.000014245.7002   13.9666
   -7.5000   45.0000  -15.000013738.4678   13.5863
    0.0000   45.0000  -15.000014356.1338   13.6588
    7.5000   45.0000  -15.000013663.9814   13.6417
   -7.5000  -45.0000   -7.5000 8003.1426   15.6015
    0.0000  -45.0000   -7.5000 8348.3955   15.6946
    7.5000  -45.0000   -7.5000 7930.1392   15.6779
   -7.5000  -37.5000   -7.5000 8909.4746   15.0755
    0.0000  -37.5000   -7.5000 9286.6885   15.1619
    7.5000  -37.5000   -7.5000 8819.7607   15.1489
   -7.5000  -30.0000   -7.500010242.4150   14.6961
    0.0000  -30.0000   -7.500010665.8691   14.7740
    7.5000  -30.0000   -7.500010143.6719   14.7600
   -7.5000  -22.5000   -7.500011620.0439   14.4181
    0.0000  -22.5000   -7.500012079.7617   14.4927
    7.5000  -22.5000   -7.500011509.5547   14.4753
   -7.5000  -15.0000   -7.500012965.3369   14.2724
    0.0000  -15.0000   -7.500013474.8516   14.3475
    7.5000  -15.0000   -7.500012852.6416   14.3281
   -7.5000   -7.5000   -7.500014287.9424   14.2686
    0.0000   -7.5000   -7.500014868.5361   14.3478
    7.5000   -7.5000   -7.500014160.6016   14.3297
   -7.5000    0.0000   -7.500015601.5850   14.2694
    0.0000    0.0000   -7.500016228.0967   14.3508
    7.5000    0.0000   -7.500015440.8340   14.3363
   -7.5000    7.5000   -7.500015826.2656   14.2562
    0.0000    7.5000   -7.500016436.9395   14.3349
    7.5000    7.5000   -7.500015610.6963   14.3232
   -7.5000   15.0000   -7.500015851.3145   14.2443
    0.0000   15.0000   -7.500016502.0039   14.3190
    7.5000   15.0000   -7.500015565.4717   14.3061
   -7.5000   22.5000   -7.500015575.7998   14.2393
    0.0000   22.5000   -7.500016306.9512   14.3126
    7.5000   22.5000   -7.500015344.5420   14.2954
   -7.5000   30.0000   -7.500015038.0137   14.0721
    0.0000   30.0000   -7.500015819.2705   14.1461
    7.5000   30.0000   -7.500014958.8203   14.1268
   -7.5000   37.5000   -7.500015145.7871   14.0835
    0.0000   37.5000   -7.500015928.2568   14.1616
    7.5000   37.5000   -7.500015064.8691   14.1437
   -7.5000   45.0000   -7.500014572.0479   13.7530
    0.0000   45.0000   -7.500015258.3359   13.8314
    7.5000   45.0000   -7.500014429.7666   13.8175
   -7.5000  -45.0000    0.0000 8356.8408   15.6481
    0.0000  -45.0000    0.0000 8699.2871   15.7430
    7.5000  -45.0000    0.0000 8268.8477   15.7267
   -7.5000  -37.5000    0.0000 9313.1895   15.1211
    0.0000  -37.5000    0.0000 9719.7686   15.2061
    7.5000  -37.5000    0.0000 9231.5957   15.1925
   -7.5000  -30.0000    0.000010704.8760   14.7390
    0.0000  -30.0000    0.000011175.2676   14.8148
    7.5000  -30.0000    0.000010618.6367   14.7982
   -7.5000  -22.5000    0.000012133.7734   14.4584
    0.0000  -22.5000    0.000012653.9434   14.5337
    7.5000  -22.5000    0.000012038.8281   14.5139
   -7.5000  -15.0000    0.000013537.5479   14.3126
    0.0000  -15.0000    0.000014122.9727   14.3919
    7.5000  -15.0000    0.000013466.1465   14.3718
   -7.5000   -7.5000    0.000014904.5928   14.3108
    0.0000   -7.5000    0.000015576.9062   14.3946
    7.5000   -7.5000    0.000014834.4346   14.3778
   -7.5000    0.0000    0.000016221.1855   14.3127
    0.0000    0.0000    0.000016922.2715   14.3959
    7.5000    0.0000    0.000016132.0391   14.3833
   -7.5000    7.5000    0.000016488.7734   14.2987
    0.0000    7.5000    0.000017144.3887   14.3760
    7.5000    7.5000    0.000016294.8779   14.3640
   -7.5000   15.0000    0.000016767.0938   14.2854
    0.0000   15.0000    0.000017533.5781   14.3581
    7.5000   15.0000    0.000016340.1719   14.3425
   -7.5000   22.5000    0.000016695.7129   14.2791
    0.0000   22.5000    0.000017611.2188   14.3531
    7.5000   22.5000    0.000016234.3779   14.3336
   -7.5000   30.0000    0.000016107.8750   14.1120
    0.0000   30.0000    0.000017021.6602   14.1902
    7.5000   30.0000    0.000015783.7266   14.1702
   -7.5000   37.5000    0.000016120.6592   14.1255
    0.0000   37.5000    0.000016947.3008   14.2082
    7.5000   37.5000    0.000015808.5830   14.1916
   -7.5000   45.0000    0.000015432.9873   13.7958
    0.0000   45.0000    0.000016131.4229   13.8760
    7.5000   45.0000    0.000015091.3320   13.8639
   -7.5000  -45.0000    7.5000 8005.3755   15.6615
    0.0000  -45.0000    7.5000 8357.1182   15.7514
    7.5000  -45.0000    7.5000 7911.7959   15.7322
   -7.5000  -37.5000    7.5000 8965.0234   15.1346
    0.0000  -37.5000    7.5000 9385.0039   15.2133
    7.5000  -37.5000    7.5000 8910.3613   15.1963
   -7.5000  -30.0000    7.500010327.2471   14.7543
    0.0000  -30.0000    7.500010816.6133   14.8236
    7.5000  -30.0000    7.500010285.5898   14.8040
   -7.5000  -22.5000    7.500011704.0244   14.4717
    0.0000  -22.5000    7.500012271.6582   14.5424
    7.5000  -22.5000    7.500011680.6543   14.5203
   -7.5000  -15.0000    7.500013057.8398   14.3224
    0.0000  -15.0000    7.500013700.8896   14.3985
    7.5000  -15.0000    7.500013056.0703   14.3768
   -7.5000   -7.5000    7.500014400.3984   14.3190
    0.0000   -7.5000    7.500015134.0127   14.3995
    7.5000   -7.5000    7.500014390.1445   14.3813
   -7.5000    0.0000    7.500015710.1826   14.3218
    0.0000    0.0000    7.500016485.7520   14.4005
    7.5000    0.0000    7.500015637.4521   14.3860
   -7.5000    7.5000    7.500015994.4883   14.3111
    0.0000    7.5000    7.500016788.5059   14.3824
    7.5000    7.5000    7.500015792.5967   14.3675
   -7.5000   15.0000    7.500016317.8887   14.2998
    0.0000   15.0000    7.500017261.7363   14.3663
    7.5000   15.0000    7.500015815.2129   14.3478
   -7.5000   22.5000    7.500016375.0254   14.2919
    0.0000   22.5000    7.500017282.0527   14.3613
    7.5000   22.5000    7.500015669.5469   14.3396
   -7.5000   30.0000    7.500015910.0137   14.1217
    0.0000   30.0000    7.500016702.1680   14.1967
    7.5000   30.0000    7.500015286.0410   14.1753
   -7.5000   37.5000    7.500015831.1523   14.1335
    0.0000   37.5000    7.500016574.6406   14.2130
    7.5000   37.5000    7.500015337.1035   14.1950
   -7.5000   45.0000    7.500014993.2744   13.8046
    0.0000   45.0000    7.500015671.4600   13.8804
    7.5000   45.0000    7.500014648.8496   13.8665
   -7.5000  -45.0000   15.0000 7541.6509   15.6657
    0.0000  -45.0000   15.0000 7924.3145   15.7498
    7.5000  -45.0000   15.0000 7503.7227   15.7270
   -7.5000  -37.5000   15.0000 8472.3213   15.1379
    0.0000  -37.5000   15.0000 8918.6602   15.2122
    7.5000  -37.5000   15.0000 8445.0059   15.1923
   -7.5000  -30.0000   15.0000 9785.9385   14.7602
    0.0000  -30.0000   15.000010290.1387   14.8260
    7.5000  -30.0000   15.0000 9748.3516   14.8058
   -7.5000  -22.5000   15.000011127.4258   14.4776
    0.0000  -22.5000   15.000011696.2285   14.5439
    7.5000  -22.5000   15.000011079.2012   14.5220
   -7.5000  -15.0000   15.000012452.5625   14.3254
    0.0000  -15.0000   15.000013086.2100   14.3955
    7.5000  -15.0000   15.000012401.1602   14.3730
   -7.5000   -7.5000   15.000013768.7988   14.3190
    0.0000   -7.5000   15.000014473.4746   14.3930
    7.5000   -7.5000   15.000013697.5938   14.3722
   -7.5000    0.0000   15.000015017.1729   14.3217
    0.0000    0.0000   15.000015781.2900   14.3948
    7.5000    0.0000   15.000014915.9639   14.3765
   -7.5000    7.5000   15.000015214.5029   14.3142
    0.0000    7.5000   15.000016080.8438   14.3814
    7.5000    7.5000   15.000015072.7080   14.3638
   -7.5000   15.0000   15.000015269.1787   14.3053
    0.0000   15.0000   15.000016269.1738   14.3686
    7.5000   15.0000   15.000015056.1045   14.3496
   -7.5000   22.5000   15.000015048.6924   14.2972
    0.0000   22.5000   15.000015942.1914   14.3624
    7.5000   22.5000   15.000014807.5098   14.3410
   -7.5000   30.0000   15.000014630.6670   14.1246
    0.0000   30.0000   15.000015442.5264   14.1938
    7.5000   30.0000   15.000014444.0059   14.1715
   -7.5000   37.5000   15.000014759.9746   14.1336
    0.0000   37.5000   15.000015567.9521   14.2066
    7.5000   37.5000   15.000014600.1816   14.1860
   -7.5000   45.0000   15.000014121.0020   13.8044
    0.0000   45.0000   15.000014880.1836   13.8750
    7.5000   45.0000   15.000014009.0713   13.8573
   -7.5000  -45.0000   22.5000 7002.8237   15.7223
    0.0000  -45.0000   22.5000 7369.6123   15.8061
    7.5000  -45.0000   22.5000 6987.6689   15.7831
   -7.5000  -37.5000   22.5000 7896.0205   15.1899
    0.0000  -37.5000   22.5000 8305.1562   15.2673
    7.5000  -37.5000   22.5000 7864.7158   15.2489
   -7.5000  -30.0000   22.5000 9146.8037   14.8104
    0.0000  -30.0000   22.5000 9601.7490   14.8802
    7.5000  -30.0000   22.5000 9095.4961   14.8634
   -7.5000  -22.5000   22.500010419.7324   14.5283
    0.0000  -22.5000   22.500010928.2139   14.5953
    7.5000  -22.5000   22.500010379.6436   14.5764
   -7.5000  -15.0000   22.500011656.3945   14.3760
    0.0000  -15.0000   22.500012223.3408   14.4431
    7.5000  -15.0000   22.500011628.0762   14.4213
   -7.5000   -7.5000   22.500012843.9756   14.3680
    0.0000   -7.5000   22.500013441.0078   14.4386
    7.5000   -7.5000   22.500012816.7920   14.4163
   -7.5000    0.0000   22.500014006.6885   14.3690
    0.0000    0.0000   22.500014633.3994   14.4415
    7.5000    0.0000   22.500013966.9160   14.4217
   -7.5000    7.5000   22.500014159.4746   14.3608
    0.0000    7.5000   22.500014881.6426   14.4311
    7.5000    7.5000   22.500014137.9756   14.4146
   -7.5000   15.0000   22.500014113.3613   14.3525
    0.0000   15.0000   22.500014883.0186   14.4197
    7.5000   15.0000   22.500014090.1494   14.4042
   -7.5000   22.5000   22.500013872.7510   14.3466
    0.0000   22.5000   22.500014529.8857   14.4125
    7.5000   22.5000   22.500013812.0498   14.3939
   -7.5000   30.0000   22.500013524.1221   14.1745
    0.0000   30.0000   22.500014170.7461   14.2407
    7.5000   30.0000   22.500013470.4736   14.2191
   -7.5000   37.5000   22.500013673.4395   14.1819
    0.0000   37.5000   22.500014374.4805   14.2517
    7.5000   37.5000   22.500013628.7051   14.2296
   -7.5000   45.0000   22.500013158.8008   13.8501
    0.0000   45.0000   22.500013835.6943   13.9200
    7.5000   45.0000   22.500013127.0879   13.9008
   -7.5000  -45.0000   30.0000 6493.8027   15.9579
    0.0000  -45.0000   30.0000 6824.3921   16.0486
    7.5000  -45.0000   30.0000 6489.0142   16.0284
   -7.5000  -37.5000   30.0000 7324.8267   15.4121
    0.0000  -37.5000   30.0000 7677.4717   15.4978
    7.5000  -37.5000   30.0000 7301.4165   15.4827
   -7.5000  -30.0000   30.0000 8483.7920   15.0222
    0.0000  -30.0000   30.0000 8876.3438   15.0999
    7.5000  -30.0000   30.0000 8453.4023   15.0859
   -7.5000  -22.5000   30.0000 9661.5205   14.7352
    0.0000  -22.5000   30.000010091.9961   14.8078
    7.5000  -22.5000   30.0000 9629.6104   14.7907
   -7.5000  -15.0000   30.000010815.4434   14.5820
    0.0000  -15.0000   30.000011269.9736   14.6530
    7.5000  -15.0000   30.000010765.7139   14.6320
   -7.5000   -7.5000   30.000011922.2334   14.5750
    0.0000   -7.5000   30.000012391.3633   14.6498
    7.5000   -7.5000   30.000011866.3105   14.6283
   -7.5000    0.0000   30.000012995.5254   14.5752
    0.0000    0.0000   30.000013503.7031   14.6538
    7.5000    0.0000   30.000012949.7354   14.6354
   -7.5000    7.5000   30.000013134.4570   14.5641
    0.0000    7.5000   30.000013720.6162   14.6420
    7.5000    7.5000   30.000013124.2480   14.6283
   -7.5000   15.0000   30.000013085.9375   14.5539
    0.0000   15.0000   30.000013661.1904   14.6286
    7.5000   15.0000   30.000013048.1729   14.6159
   -7.5000   22.5000   30.000012846.0645   14.5494
    0.0000   22.5000   30.000013356.9053   14.6207
    7.5000   22.5000   30.000012795.0967   14.6039
   -7.5000   30.0000   30.000012545.6709   14.3773
    0.0000   30.0000   30.000013061.6055   14.4474
    7.5000   30.0000   30.000012487.5889   14.4265
   -7.5000   37.5000   30.000012699.4736   14.3862
    0.0000   37.5000   30.000013257.8936   14.4601
    7.5000   37.5000   30.000012629.5430   14.4388
   -7.5000   45.0000   30.000012235.6299   14.0488
    0.0000   45.0000   30.000012793.2773   14.1246
    7.5000   45.0000   30.000012183.3613   14.1069
   -7.5000  -45.0000   37.5000 6249.3462   16.3194
    0.0000  -45.0000   37.5000 6571.1611   16.4197
    7.5000  -45.0000   37.5000 6267.9707   16.4017
   -7.5000  -37.5000   37.5000 7045.3911   15.7528
    0.0000  -37.5000   37.5000 7390.6499   15.8453
    7.5000  -37.5000   37.5000 7048.0220   15.8309
   -7.5000  -30.0000   37.5000 8152.5913   15.3453
    0.0000  -30.0000   37.5000 8526.3770   15.4284
    7.5000  -30.0000   37.5000 8139.6255   15.4128
   -7.5000  -22.5000   37.5000 9290.6494   15.0481
    0.0000  -22.5000   37.5000 9684.3066   15.1279
    7.5000  -22.5000   37.5000 9255.7598   15.1090
   -7.5000  -15.0000   37.500010416.3438   14.8923
    0.0000  -15.0000   37.500010833.9609   14.9730
    7.5000  -15.0000   37.500010357.2012   14.9521
   -7.5000   -7.5000   37.500011480.2578   14.8888
    0.0000   -7.5000   37.500011915.0146   14.9739
    7.5000   -7.5000   37.500011399.6152   14.9545
   -7.5000    0.0000   37.500012509.6914   14.8894
    0.0000    0.0000   37.500012983.6299   14.9767
    7.5000    0.0000   37.500012428.1611   14.9610
   -7.5000    7.5000   37.500012641.2686   14.8742
    0.0000    7.5000   37.500013160.8252   14.9582
    7.5000    7.5000   37.500012588.7070   14.9453
   -7.5000   15.0000   37.500012560.3594   14.8605
    0.0000   15.0000   37.500013062.7021   14.9403
    7.5000   15.0000   37.500012511.6152   14.9259
   -7.5000   22.5000   37.500012320.2021   14.8559
    0.0000   22.5000   37.500012801.1123   14.9343
    7.5000   22.5000   37.500012274.8984   14.9156
   -7.5000   30.0000   37.500012029.6514   14.6830
    0.0000   30.0000   37.500012516.6387   14.7626
    7.5000   30.0000   37.500011989.8818   14.7418
   -7.5000   37.5000   37.500012169.4199   14.6959
    0.0000   37.5000   37.500012689.3682   14.7799
    7.5000   37.5000   37.500012105.8691   14.7608
   -7.5000   45.0000   37.500011774.9590   14.3517
    0.0000   45.0000   37.500012276.4424   14.4358
    7.5000   45.0000   37.500011706.9521   14.4207
   -7.5000  -45.0000   45.0000 5745.8359   16.7113
    0.0000  -45.0000   45.0000 6055.5410   16.8179
    7.5000  -45.0000   45.0000 5766.7520   16.7983
   -7.5000  -37.5000   45.0000 6468.3164   16.1218
    0.0000  -37.5000   45.0000 6800.6460   16.2163
    7.5000  -37.5000   45.0000 6488.9849   16.1998
   -7.5000  -30.0000   45.0000 7490.8584   15.6938
    0.0000  -30.0000   45.0000 7846.5864   15.7772
    7.5000  -30.0000   45.0000 7491.3374   15.7572
   -7.5000  -22.5000   45.0000 8545.1270   15.3857
    0.0000  -22.5000   45.0000 8905.7100   15.4686
    7.5000  -22.5000   45.0000 8509.6523   15.4448
   -7.5000  -15.0000   45.0000 9583.2803   15.2269
    0.0000  -15.0000   45.0000 9967.8125   15.3147
    7.5000  -15.0000   45.0000 9524.8418   15.2907
   -7.5000   -7.5000   45.000010578.0166   15.2254
    0.0000   -7.5000   45.000010971.3789   15.3187
    7.5000   -7.5000   45.000010488.1455   15.2987
   -7.5000    0.0000   45.000011509.7529   15.2243
    0.0000    0.0000   45.000011948.9941   15.3171
    7.5000    0.0000   45.000011430.4863   15.3018
   -7.5000    7.5000   45.000011609.2041   15.2042
    0.0000    7.5000   45.000012078.9082   15.2898
    7.5000    7.5000   45.000011547.8984   15.2751
   -7.5000   15.0000   45.000011516.3906   15.1879
    0.0000   15.0000   45.000011967.9160   15.2678
    7.5000   15.0000   45.000011473.7178   15.2490
   -7.5000   22.5000   45.000011281.9814   15.1849
    0.0000   22.5000   45.000011736.2119   15.2664
    7.5000   22.5000   45.000011255.6836   15.2430
   -7.5000   30.0000   45.000011018.2627   15.0110
    0.0000   30.0000   45.000011467.8564   15.0976
    7.5000   30.0000   45.000010991.6670   15.0739
   -7.5000   37.5000   45.000011148.4951   15.0269
    0.0000   37.5000   45.000011607.4541   15.1190
    7.5000   37.5000   45.000011105.5615   15.0992
   -7.5000   45.0000   45.000010812.9258   14.6811
    0.0000   45.0000   45.000011251.8535   14.7706
    7.5000   45.0000   45.000010756.6592   14.7559

---------------------------------------------------------------------
imgreg_4dfp /opt/freesurfer/average/711-2C_as_mni_average_305 /opt/freesurfer/average/711-2B_as_mni_average_305_mask talsrcimg_g11 none talsrcimg_to_711-2C_as_mni_average_305_t4 4355
---------------------------------------------------------------------

freesurfer imgreg_4dfp.c
/opt/freesurfer/average/711-2C_as_mni_average_305.4dfp.img
       256       256       256         1
  1.000000  1.000000  1.000000
orientation T byte_order littleendian
Reading image: /opt/freesurfer/average/711-2C_as_mni_average_305.4dfp.img
dimensions:      256       256       256
mmppix:       1.0000   -1.0000   -1.0000
center:     128.0000 -129.0000 -129.0000
/opt/freesurfer/average/711-2B_as_mni_average_305_mask.4dfp.img
       256       256       256         1
  1.000000  1.000000  1.000000
orientation T byte_order littleendian
Reading mask: /opt/freesurfer/average/711-2B_as_mni_average_305_mask.4dfp.img (2306576 pixels)
talsrcimg_g11.4dfp.img
       256       256       256         1
  1.000000  1.000000  1.000000
orientation T byte_order littleendian
Reading image: talsrcimg_g11.4dfp.img
dimensions:      256       256       256
mmppix:       1.0000   -1.0000   -1.0000
center:     128.0000 -129.0000 -129.0000
rotation matrix determinant  1.000000
image alignment mode   4355 decimal     1103 hex
   -7.5000  -22.5000  -45.0000 2112.7190   17.0391
    0.0000  -22.5000  -45.0000 2112.0869   17.1960
    7.5000  -22.5000  -45.0000 2085.6077   17.4166
   -7.5000  -15.0000  -45.0000 2220.9094   15.4127
    0.0000  -15.0000  -45.0000 2220.9895   15.5000
    7.5000  -15.0000  -45.0000 2196.1023   15.6780
   -7.5000   -7.5000  -45.0000 2321.0837   14.1371
    0.0000   -7.5000  -45.0000 2318.1675   14.2043
    7.5000   -7.5000  -45.0000 2296.4893   14.3843
   -7.5000    0.0000  -45.0000 2406.0068   13.1758
    0.0000    0.0000  -45.0000 2400.2534   13.2055
    7.5000    0.0000  -45.0000 2374.6665   13.3948
   -7.5000    7.5000  -45.0000 2446.0349   12.5053
    0.0000    7.5000  -45.0000 2441.3599   12.5352
    7.5000    7.5000  -45.0000 2416.0374   12.7455
   -7.5000   15.0000  -45.0000 2472.3997   12.1143
    0.0000   15.0000  -45.0000 2467.5320   12.1123
    7.5000   15.0000  -45.0000 2440.6191   12.3209
   -7.5000   22.5000  -45.0000 2485.1418   11.9350
    0.0000   22.5000  -45.0000 2480.9612   11.9244
    7.5000   22.5000  -45.0000 2459.6455   12.1366
   -7.5000   30.0000  -45.0000 2482.1216   12.0211
    0.0000   30.0000  -45.0000 2475.6626   11.9868
    7.5000   30.0000  -45.0000 2453.8503   12.2141
   -7.5000   37.5000  -45.0000 2459.9170   12.3768
    0.0000   37.5000  -45.0000 2453.9993   12.3694
    7.5000   37.5000  -45.0000 2430.1846   12.5817
   -7.5000   45.0000  -45.0000 2421.8682   13.0259
    0.0000   45.0000  -45.0000 2417.9990   13.0098
    7.5000   45.0000  -45.0000 2392.1538   13.2251
   -7.5000   52.5000  -45.0000 2341.2737   13.7632
    0.0000   52.5000  -45.0000 2336.5845   13.7458
    7.5000   52.5000  -45.0000 2311.8958   13.9472
   -7.5000   60.0000  -45.0000 2215.2471   14.5710
    0.0000   60.0000  -45.0000 2215.6450   14.5189
    7.5000   60.0000  -45.0000 2187.5281   14.7255
   -7.5000   67.5000  -45.0000 2062.9192   15.4033
    0.0000   67.5000  -45.0000 2058.9976   15.3676
    7.5000   67.5000  -45.0000 2034.1597   15.5892
   -7.5000  -22.5000  -37.5000 2177.8291   16.0014
    0.0000  -22.5000  -37.5000 2176.0247   16.0804
    7.5000  -22.5000  -37.5000 2147.4209   16.3487
   -7.5000  -15.0000  -37.5000 2292.2634   14.4827
    0.0000  -15.0000  -37.5000 2293.3293   14.5197
    7.5000  -15.0000  -37.5000 2264.1289   14.7522
   -7.5000   -7.5000  -37.5000 2397.4988   13.2586
    0.0000   -7.5000  -37.5000 2394.2632   13.2686
    7.5000   -7.5000  -37.5000 2370.8535   13.4944
   -7.5000    0.0000  -37.5000 2482.2500   12.3292
    0.0000    0.0000  -37.5000 2477.2031   12.3239
    7.5000    0.0000  -37.5000 2452.0203   12.5400
   -7.5000    7.5000  -37.5000 2532.3889   11.6667
    0.0000    7.5000  -37.5000 2523.0881   11.6481
    7.5000    7.5000  -37.5000 2503.3967   11.8793
   -7.5000   15.0000  -37.5000 2570.7136   11.2810
    0.0000   15.0000  -37.5000 2562.6594   11.2583
    7.5000   15.0000  -37.5000 2536.7590   11.4775
   -7.5000   22.5000  -37.5000 2583.6082   11.0949
    0.0000   22.5000  -37.5000 2578.9673   11.0758
    7.5000   22.5000  -37.5000 2560.1885   11.2700
   -7.5000   30.0000  -37.5000 2581.9973   11.1266
    0.0000   30.0000  -37.5000 2573.7891   11.1012
    7.5000   30.0000  -37.5000 2551.3933   11.3106
   -7.5000   37.5000  -37.5000 2558.7576   11.4644
    0.0000   37.5000  -37.5000 2553.7661   11.4545
    7.5000   37.5000  -37.5000 2528.3184   11.6530
   -7.5000   45.0000  -37.5000 2517.4961   12.0517
    0.0000   45.0000  -37.5000 2513.4358   12.0260
    7.5000   45.0000  -37.5000 2487.0508   12.2266
   -7.5000   52.5000  -37.5000 2435.9712   12.7377
    0.0000   52.5000  -37.5000 2430.0623   12.7080
    7.5000   52.5000  -37.5000 2404.0266   12.9243
   -7.5000   60.0000  -37.5000 2304.1912   13.4935
    0.0000   60.0000  -37.5000 2301.6499   13.4526
    7.5000   60.0000  -37.5000 2271.9922   13.6732
   -7.5000   67.5000  -37.5000 2144.9675   14.2665
    0.0000   67.5000  -37.5000 2142.6455   14.2306
    7.5000   67.5000  -37.5000 2115.3091   14.4341
   -7.5000  -22.5000  -30.0000 2280.6643   15.6188
    0.0000  -22.5000  -30.0000 2277.2922   15.6812
    7.5000  -22.5000  -30.0000 2244.1021   15.9805
   -7.5000  -15.0000  -30.0000 2401.4285   14.0729
    0.0000  -15.0000  -30.0000 2397.9885   14.1104
    7.5000  -15.0000  -30.0000 2368.5679   14.3710
   -7.5000   -7.5000  -30.0000 2508.1318   12.8457
    0.0000   -7.5000  -30.0000 2505.0969   12.8584
    7.5000   -7.5000  -30.0000 2479.4985   13.1004
   -7.5000    0.0000  -30.0000 2598.9639   11.9408
    0.0000    0.0000  -30.0000 2591.7319   11.9172
    7.5000    0.0000  -30.0000 2568.9973   12.1446
   -7.5000    7.5000  -30.0000 2653.5029   11.2875
    0.0000    7.5000  -30.0000 2644.1567   11.2581
    7.5000    7.5000  -30.0000 2628.3682   11.4704
   -7.5000   15.0000  -30.0000 2703.4792   10.8623
    0.0000   15.0000  -30.0000 2696.6887   10.8379
    7.5000   15.0000  -30.0000 2670.7847   11.0337
   -7.5000   22.5000  -30.0000 2728.2957   10.6461
    0.0000   22.5000  -30.0000 2721.7046   10.6182
    7.5000   22.5000  -30.0000 2699.1277   10.8143
   -7.5000   30.0000  -30.0000 2726.0710   10.6566
    0.0000   30.0000  -30.0000 2720.5955   10.6205
    7.5000   30.0000  -30.0000 2697.4780   10.8430
   -7.5000   37.5000  -30.0000 2706.1643   10.9990
    0.0000   37.5000  -30.0000 2701.0383   10.9610
    7.5000   37.5000  -30.0000 2676.5977   11.1910
   -7.5000   45.0000  -30.0000 2663.9187   11.5732
    0.0000   45.0000  -30.0000 2662.0708   11.5228
    7.5000   45.0000  -30.0000 2631.5618   11.7428
   -7.5000   52.5000  -30.0000 2573.8914   12.2263
    0.0000   52.5000  -30.0000 2571.0259   12.1778
    7.5000   52.5000  -30.0000 2542.7700   12.4060
   -7.5000   60.0000  -30.0000 2434.3879   12.9809
    0.0000   60.0000  -30.0000 2432.1082   12.9272
    7.5000   60.0000  -30.0000 2403.5144   13.1459
   -7.5000   67.5000  -30.0000 2266.1169   13.7478
    0.0000   67.5000  -30.0000 2267.5620   13.6886
    7.5000   67.5000  -30.0000 2240.2888   13.9003
   -7.5000  -22.5000  -22.5000 2349.4363   15.1529
    0.0000  -22.5000  -22.5000 2343.9644   15.1808
    7.5000  -22.5000  -22.5000 2314.5767   15.4869
   -7.5000  -15.0000  -22.5000 2474.0872   13.6161
    0.0000  -15.0000  -22.5000 2468.2314   13.6366
    7.5000  -15.0000  -22.5000 2447.0435   13.8968
   -7.5000   -7.5000  -22.5000 2585.7498   12.3946
    0.0000   -7.5000  -22.5000 2579.8599   12.3980
    7.5000   -7.5000  -22.5000 2559.3430   12.6476
   -7.5000    0.0000  -22.5000 2684.4451   11.4508
    0.0000    0.0000  -22.5000 2677.7930   11.4518
    7.5000    0.0000  -22.5000 2651.7383   11.6791
   -7.5000    7.5000  -22.5000 2750.2559   10.8149
    0.0000    7.5000  -22.5000 2743.2563   10.8079
    7.5000    7.5000  -22.5000 2720.9607   11.0059
   -7.5000   15.0000  -22.5000 2805.3889   10.3922
    0.0000   15.0000  -22.5000 2798.5886   10.3631
    7.5000   15.0000  -22.5000 2767.5876   10.5525
   -7.5000   22.5000  -22.5000 2841.3274   10.1449
    0.0000   22.5000  -22.5000 2833.1675   10.1152
    7.5000   22.5000  -22.5000 2801.7419   10.3305
   -7.5000   30.0000  -22.5000 2845.6472   10.1294
    0.0000   30.0000  -22.5000 2842.5679   10.0936
    7.5000   30.0000  -22.5000 2815.6128   10.3336
   -7.5000   37.5000  -22.5000 2824.9041   10.4715
    0.0000   37.5000  -22.5000 2825.5740   10.4261
    7.5000   37.5000  -22.5000 2796.9758   10.6655
   -7.5000   45.0000  -22.5000 2780.2705   11.0267
    0.0000   45.0000  -22.5000 2781.7375   10.9728
    7.5000   45.0000  -22.5000 2749.0293   11.2062
   -7.5000   52.5000  -22.5000 2683.3757   11.6629
    0.0000   52.5000  -22.5000 2682.7817   11.6220
    7.5000   52.5000  -22.5000 2655.5476   11.8464
   -7.5000   60.0000  -22.5000 2534.0342   12.4116
    0.0000   60.0000  -22.5000 2533.6211   12.3587
    7.5000   60.0000  -22.5000 2505.0195   12.5681
   -7.5000   67.5000  -22.5000 2355.9023   13.1863
    0.0000   67.5000  -22.5000 2360.7324   13.1274
    7.5000   67.5000  -22.5000 2328.9519   13.3198
   -7.5000  -22.5000  -15.0000 2377.4182   14.7546
    0.0000  -22.5000  -15.0000 2374.0759   14.7850
    7.5000  -22.5000  -15.0000 2349.5581   15.0870
   -7.5000  -15.0000  -15.0000 2504.8926   13.2202
    0.0000  -15.0000  -15.0000 2498.5615   13.2197
    7.5000  -15.0000  -15.0000 2479.6318   13.4879
   -7.5000   -7.5000  -15.0000 2619.1135   12.0103
    0.0000   -7.5000  -15.0000 2611.7393   11.9983
    7.5000   -7.5000  -15.0000 2589.8000   12.2558
   -7.5000    0.0000  -15.0000 2728.1267   11.0607
    0.0000    0.0000  -15.0000 2719.4802   11.0622
    7.5000    0.0000  -15.0000 2691.6738   11.3114
   -7.5000    7.5000  -15.0000 2813.3115   10.4020
    0.0000    7.5000  -15.0000 2801.8298   10.3948
    7.5000    7.5000  -15.0000 2775.5574   10.5941
   -7.5000   15.0000  -15.0000 2870.7117    9.9769
    0.0000   15.0000  -15.0000 2863.4844    9.9533
    7.5000   15.0000  -15.0000 2834.2097   10.1447
   -7.5000   22.5000  -15.0000 2914.5227    9.7104
    0.0000   22.5000  -15.0000 2911.5161    9.6940
    7.5000   22.5000  -15.0000 2875.7202    9.9118
   -7.5000   30.0000  -15.0000 2924.1521    9.6659
    0.0000   30.0000  -15.0000 2926.0061    9.6476
    7.5000   30.0000  -15.0000 2895.0503    9.9106
   -7.5000   37.5000  -15.0000 2900.5554   10.0027
    0.0000   37.5000  -15.0000 2905.9766    9.9673
    7.5000   37.5000  -15.0000 2874.4409   10.2257
   -7.5000   45.0000  -15.0000 2852.9541   10.5337
    0.0000   45.0000  -15.0000 2859.1133   10.4936
    7.5000   45.0000  -15.0000 2826.5042   10.7340
   -7.5000   52.5000  -15.0000 2750.4387   11.1639
    0.0000   52.5000  -15.0000 2752.6704   11.1379
    7.5000   52.5000  -15.0000 2723.5247   11.3801
   -7.5000   60.0000  -15.0000 2596.5005   11.8971
    0.0000   60.0000  -15.0000 2597.3616   11.8768
    7.5000   60.0000  -15.0000 2570.8152   12.1076
   -7.5000   67.5000  -15.0000 2414.6887   12.6672
    0.0000   67.5000  -15.0000 2413.6147   12.6299
    7.5000   67.5000  -15.0000 2386.0603   12.8633
   -7.5000  -22.5000   -7.5000 2387.6084   14.4934
    0.0000  -22.5000   -7.5000 2385.6509   14.5170
    7.5000  -22.5000   -7.5000 2362.9180   14.8482
   -7.5000  -15.0000   -7.5000 2510.6667   12.9461
    0.0000  -15.0000   -7.5000 2509.2659   12.9458
    7.5000  -15.0000   -7.5000 2491.3091   13.2343
   -7.5000   -7.5000   -7.5000 2623.1799   11.7435
    0.0000   -7.5000   -7.5000 2620.7615   11.7397
    7.5000   -7.5000   -7.5000 2600.1460   11.9824
   -7.5000    0.0000   -7.5000 2736.6260   10.8038
    0.0000    0.0000   -7.5000 2729.5310   10.7952
    7.5000    0.0000   -7.5000 2706.6108   10.9966
   -7.5000    7.5000   -7.5000 2839.8418   10.1230
    0.0000    7.5000   -7.5000 2830.0559   10.1042
    7.5000    7.5000   -7.5000 2808.8745   10.2752
   -7.5000   15.0000   -7.5000 2910.2734    9.7036
    0.0000   15.0000   -7.5000 2907.8679    9.6610
    7.5000   15.0000   -7.5000 2884.0508    9.8310
   -7.5000   22.5000   -7.5000 2963.1362    9.4377
    0.0000   22.5000   -7.5000 2966.7622    9.4383
    7.5000   22.5000   -7.5000 2929.5798    9.6115
   -7.5000   30.0000   -7.5000 2978.8091    9.3561
    0.0000   30.0000   -7.5000 2987.4048    9.3870
    7.5000   30.0000   -7.5000 2948.1326    9.6086
   -7.5000   37.5000   -7.5000 2947.9692    9.6512
    0.0000   37.5000   -7.5000 2957.4873    9.6687
    7.5000   37.5000   -7.5000 2921.5146    9.8808
   -7.5000   45.0000   -7.5000 2899.1677   10.1515
    0.0000   45.0000   -7.5000 2905.8906   10.1480
    7.5000   45.0000   -7.5000 2870.4351   10.3595
   -7.5000   52.5000   -7.5000 2794.4402   10.8190
    0.0000   52.5000   -7.5000 2799.6101   10.7797
    7.5000   52.5000   -7.5000 2769.9905   10.9802
   -7.5000   60.0000   -7.5000 2636.3708   11.5562
    0.0000   60.0000   -7.5000 2638.9307   11.5072
    7.5000   60.0000   -7.5000 2613.2427   11.7176
   -7.5000   67.5000   -7.5000 2446.7012   12.3194
    0.0000   67.5000   -7.5000 2448.9290   12.2664
    7.5000   67.5000   -7.5000 2421.8018   12.4844
   -7.5000  -22.5000    0.0000 2377.3887   14.3933
    0.0000  -22.5000    0.0000 2376.9844   14.3986
    7.5000  -22.5000    0.0000 2356.8589   14.6974
   -7.5000  -15.0000    0.0000 2501.3081   12.8328
    0.0000  -15.0000    0.0000 2498.8362   12.8339
    7.5000  -15.0000    0.0000 2486.6030   13.0990
   -7.5000   -7.5000    0.0000 2617.2419   11.6175
    0.0000   -7.5000    0.0000 2612.0415   11.6300
    7.5000   -7.5000    0.0000 2597.3918   11.8533
   -7.5000    0.0000    0.0000 2732.8262   10.6874
    0.0000    0.0000    0.0000 2724.7500   10.6898
    7.5000    0.0000    0.0000 2710.8362   10.8807
   -7.5000    7.5000    0.0000 2843.1965    9.9985
    0.0000    7.5000    0.0000 2838.6458    9.9882
    7.5000    7.5000    0.0000 2823.6333   10.1426
   -7.5000   15.0000    0.0000 2935.9675    9.6303
    0.0000   15.0000    0.0000 2935.4976    9.5943
    7.5000   15.0000    0.0000 2915.2051    9.6858
   -7.5000   22.5000    0.0000 3007.4148    9.4851
    0.0000   22.5000    0.0000 3020.0984    9.4752
    7.5000   22.5000    0.0000 2976.2329    9.5027
   -7.5000   30.0000    0.0000 3024.1721    9.3674
    0.0000   30.0000    0.0000 3037.4409    9.4060
    7.5000   30.0000    0.0000 2990.8760    9.4771
   -7.5000   37.5000    0.0000 2984.6731    9.5655
    0.0000   37.5000    0.0000 2988.5100    9.5676
    7.5000   37.5000    0.0000 2955.2300    9.6734
   -7.5000   45.0000    0.0000 2926.5947    9.9891
    0.0000   45.0000    0.0000 2930.0461    9.9334
    7.5000   45.0000    0.0000 2898.4814   10.0901
   -7.5000   52.5000    0.0000 2815.5918   10.6527
    0.0000   52.5000    0.0000 2820.1731   10.5549
    7.5000   52.5000    0.0000 2792.4167   10.7220
   -7.5000   60.0000    0.0000 2651.9578   11.4074
    0.0000   60.0000    0.0000 2655.7429   11.2991
    7.5000   60.0000    0.0000 2628.4192   11.4753
   -7.5000   67.5000    0.0000 2457.7778   12.1534
    0.0000   67.5000    0.0000 2461.3623   12.0498
    7.5000   67.5000    0.0000 2437.1084   12.2348
   -7.5000  -22.5000    7.5000 2359.5720   14.4842
    0.0000  -22.5000    7.5000 2361.6196   14.5303
    7.5000  -22.5000    7.5000 2347.4421   14.8204
   -7.5000  -15.0000    7.5000 2485.2122   12.8725
    0.0000  -15.0000    7.5000 2488.1160   12.9128
    7.5000  -15.0000    7.5000 2478.2856   13.1577
   -7.5000   -7.5000    7.5000 2605.1006   11.6382
    0.0000   -7.5000    7.5000 2604.0442   11.7067
    7.5000   -7.5000    7.5000 2595.7085   11.8923
   -7.5000    0.0000    7.5000 2724.1599   10.7431
    0.0000    0.0000    7.5000 2721.1580   10.8110
    7.5000    0.0000    7.5000 2707.1230   10.9134
   -7.5000    7.5000    7.5000 2842.3831   10.0814
    0.0000    7.5000    7.5000 2839.4797   10.1286
    7.5000    7.5000    7.5000 2817.2515   10.1692
   -7.5000   15.0000    7.5000 2950.2563    9.7226
    0.0000   15.0000    7.5000 2949.2512    9.7385
    7.5000   15.0000    7.5000 2917.6357    9.6809
   -7.5000   22.5000    7.5000 3028.7725    9.5954
    0.0000   22.5000    7.5000 3043.0627    9.6241
    7.5000   22.5000    7.5000 2987.8694    9.4762
   -7.5000   30.0000    7.5000 3040.9209    9.5478
    0.0000   30.0000    7.5000 3057.3330    9.5313
    7.5000   30.0000    7.5000 3002.9192    9.4640
   -7.5000   37.5000    7.5000 2993.3435    9.6861
    0.0000   37.5000    7.5000 3004.3423    9.6215
    7.5000   37.5000    7.5000 2962.9934    9.6683
   -7.5000   45.0000    7.5000 2930.3855   10.0291
    0.0000   45.0000    7.5000 2935.4912    9.9506
    7.5000   45.0000    7.5000 2903.6826   10.0697
   -7.5000   52.5000    7.5000 2817.6306   10.6099
    0.0000   52.5000    7.5000 2819.4082   10.5278
    7.5000   52.5000    7.5000 2796.4973   10.6688
   -7.5000   60.0000    7.5000 2650.1648   11.3157
    0.0000   60.0000    7.5000 2651.2258   11.2273
    7.5000   60.0000    7.5000 2631.1387   11.3870
   -7.5000   67.5000    7.5000 2456.7031   12.0440
    0.0000   67.5000    7.5000 2458.8801   11.9709
    7.5000   67.5000    7.5000 2438.2893   12.1270
   -7.5000  -22.5000   15.0000 2335.6133   14.8008
    0.0000  -22.5000   15.0000 2338.1853   14.8652
    7.5000  -22.5000   15.0000 2325.3120   15.0717
   -7.5000  -15.0000   15.0000 2466.8074   13.1784
    0.0000  -15.0000   15.0000 2470.2966   13.2290
    7.5000  -15.0000   15.0000 2459.9258   13.3980
   -7.5000   -7.5000   15.0000 2587.5874   11.9795
    0.0000   -7.5000   15.0000 2587.6084   12.0439
    7.5000   -7.5000   15.0000 2574.9507   12.1677
   -7.5000    0.0000   15.0000 2705.3608   11.0520
    0.0000    0.0000   15.0000 2704.0374   11.1185
    7.5000    0.0000   15.0000 2686.7224   11.1958
   -7.5000    7.5000   15.0000 2822.2954   10.3362
    0.0000    7.5000   15.0000 2821.8547   10.3930
    7.5000    7.5000   15.0000 2797.1101   10.4116
   -7.5000   15.0000   15.0000 2925.4014    9.8651
    0.0000   15.0000   15.0000 2932.7842    9.9330
    7.5000   15.0000   15.0000 2900.3870    9.8709
   -7.5000   22.5000   15.0000 2997.7737    9.6023
    0.0000   22.5000   15.0000 3013.6125    9.6505
    7.5000   22.5000   15.0000 2967.5730    9.6097
   -7.5000   30.0000   15.0000 3012.9084    9.5447
    0.0000   30.0000   15.0000 3025.4197    9.5186
    7.5000   30.0000   15.0000 2984.1724    9.5738
   -7.5000   37.5000   15.0000 2972.1155    9.8209
    0.0000   37.5000   15.0000 2987.2617    9.7677
    7.5000   37.5000   15.0000 2950.6755    9.8418
   -7.5000   45.0000   15.0000 2903.4744   10.2793
    0.0000   45.0000   15.0000 2912.8105   10.2192
    7.5000   45.0000   15.0000 2885.4817   10.2916
   -7.5000   52.5000   15.0000 2789.7837   10.8501
    0.0000   52.5000   15.0000 2794.5430   10.7812
    7.5000   52.5000   15.0000 2773.7610   10.8830
   -7.5000   60.0000   15.0000 2625.6260   11.5039
    0.0000   60.0000   15.0000 2627.3677   11.4078
    7.5000   60.0000   15.0000 2609.9216   11.5624
   -7.5000   67.5000   15.0000 2435.5476   12.1731
    0.0000   67.5000   15.0000 2438.1208   12.0673
    7.5000   67.5000   15.0000 2422.2639   12.2441
   -7.5000  -22.5000   22.5000 2306.9097   15.3684
    0.0000  -22.5000   22.5000 2305.0969   15.3944
    7.5000  -22.5000   22.5000 2293.1765   15.5843
   -7.5000  -15.0000   22.5000 2445.0002   13.6481
    0.0000  -15.0000   22.5000 2446.1289   13.6577
    7.5000  -15.0000   22.5000 2434.3457   13.8415
   -7.5000   -7.5000   22.5000 2561.5930   12.3826
    0.0000   -7.5000   22.5000 2562.5476   12.3790
    7.5000   -7.5000   22.5000 2549.7683   12.5610
   -7.5000    0.0000   22.5000 2678.7400   11.4119
    0.0000    0.0000   22.5000 2678.2214   11.3985
    7.5000    0.0000   22.5000 2665.3193   11.5657
   -7.5000    7.5000   22.5000 2794.4507   10.6699
    0.0000    7.5000   22.5000 2794.7720   10.6666
    7.5000    7.5000   22.5000 2778.5959   10.7790
   -7.5000   15.0000   22.5000 2884.2983   10.1334
    0.0000   15.0000   22.5000 2890.7676   10.1753
    7.5000   15.0000   22.5000 2869.1016   10.2378
   -7.5000   22.5000   22.5000 2946.6685    9.8434
    0.0000   22.5000   22.5000 2951.9316    9.8241
    7.5000   22.5000   22.5000 2921.1104    9.9470
   -7.5000   30.0000   22.5000 2963.5789    9.7956
    0.0000   30.0000   22.5000 2971.8499    9.7376
    7.5000   30.0000   22.5000 2940.9133    9.8841
   -7.5000   37.5000   22.5000 2929.2898   10.0943
    0.0000   37.5000   22.5000 2945.5261   10.0283
    7.5000   37.5000   22.5000 2917.1616   10.1379
   -7.5000   45.0000   22.5000 2861.7065   10.6104
    0.0000   45.0000   22.5000 2872.8091   10.5282
    7.5000   45.0000   22.5000 2849.3884   10.6222
   -7.5000   52.5000   22.5000 2745.3635   11.2026
    0.0000   52.5000   22.5000 2755.2002   11.1278
    7.5000   52.5000   22.5000 2736.6831   11.2310
   -7.5000   60.0000   22.5000 2584.6853   11.8303
    0.0000   60.0000   22.5000 2589.0208   11.7649
    7.5000   60.0000   22.5000 2572.2095   11.8865
   -7.5000   67.5000   22.5000 2398.6372   12.4727
    0.0000   67.5000   22.5000 2402.1985   12.3969
    7.5000   67.5000   22.5000 2387.9229   12.5367
   -7.5000  -22.5000   30.0000 2269.7568   15.9903
    0.0000  -22.5000   30.0000 2268.8682   15.9009
    7.5000  -22.5000   30.0000 2258.9912   16.1589
   -7.5000  -15.0000   30.0000 2411.4949   14.2003
    0.0000  -15.0000   30.0000 2411.7595   14.1079
    7.5000  -15.0000   30.0000 2399.5542   14.3594
   -7.5000   -7.5000   30.0000 2526.6897   12.8969
    0.0000   -7.5000   30.0000 2528.0654   12.7897
    7.5000   -7.5000   30.0000 2516.8582   13.0347
   -7.5000    0.0000   30.0000 2643.2065   11.9072
    0.0000    0.0000   30.0000 2641.6255   11.8142
    7.5000    0.0000   30.0000 2631.6418   12.0394
   -7.5000    7.5000   30.0000 2752.1631   11.1456
    0.0000    7.5000   30.0000 2754.4158   11.0961
    7.5000    7.5000   30.0000 2743.5315   11.2581
   -7.5000   15.0000   30.0000 2830.8149   10.6099
    0.0000   15.0000   30.0000 2839.4778   10.5538
    7.5000   15.0000   30.0000 2821.6897   10.7018
   -7.5000   22.5000   30.0000 2882.3884   10.2862
    0.0000   22.5000   30.0000 2887.7839   10.2176
    7.5000   22.5000   30.0000 2864.4121   10.3955
   -7.5000   30.0000   30.0000 2896.1987   10.2350
    0.0000   30.0000   30.0000 2902.2578   10.1890
    7.5000   30.0000   30.0000 2879.5173   10.3404
   -7.5000   37.5000   30.0000 2862.9436   10.5215
    0.0000   37.5000   30.0000 2879.7952   10.4501
    7.5000   37.5000   30.0000 2856.8899   10.5774
   -7.5000   45.0000   30.0000 2796.4409   11.0444
    0.0000   45.0000   30.0000 2807.8394   10.9563
    7.5000   45.0000   30.0000 2791.0825   11.0763
   -7.5000   52.5000   30.0000 2688.1680   11.6426
    0.0000   52.5000   30.0000 2695.1863   11.5559
    7.5000   52.5000   30.0000 2682.5759   11.6975
   -7.5000   60.0000   30.0000 2530.7107   12.2857
    0.0000   60.0000   30.0000 2541.3501   12.2069
    7.5000   60.0000   30.0000 2525.2073   12.3494
   -7.5000   67.5000   30.0000 2348.2939   12.9306
    0.0000   67.5000   30.0000 2357.1790   12.8574
    7.5000   67.5000   30.0000 2344.2192   12.9746
   -7.5000  -22.5000   37.5000 2227.0669   16.7472
    0.0000  -22.5000   37.5000 2228.3386   16.5289
    7.5000  -22.5000   37.5000 2217.7493   16.8400
   -7.5000  -15.0000   37.5000 2372.1736   14.9118
    0.0000  -15.0000   37.5000 2376.3062   14.7111
    7.5000  -15.0000   37.5000 2361.8242   15.0204
   -7.5000   -7.5000   37.5000 2485.6221   13.5707
    0.0000   -7.5000   37.5000 2487.5466   13.3865
    7.5000   -7.5000   37.5000 2476.4939   13.6839
   -7.5000    0.0000   37.5000 2595.1770   12.5405
    0.0000    0.0000   37.5000 2594.0505   12.4116
    7.5000    0.0000   37.5000 2584.4094   12.6562
   -7.5000    7.5000   37.5000 2696.9424   11.7567
    0.0000    7.5000   37.5000 2698.8367   11.6615
    7.5000    7.5000   37.5000 2688.8921   11.8582
   -7.5000   15.0000   37.5000 2765.1636   11.2090
    0.0000   15.0000   37.5000 2772.9976   11.0868
    7.5000   15.0000   37.5000 2758.4790   11.2867
   -7.5000   22.5000   37.5000 2809.2659   10.8798
    0.0000   22.5000   37.5000 2814.3384   10.7965
    7.5000   22.5000   37.5000 2797.5425   10.9894
   -7.5000   30.0000   37.5000 2818.9414   10.8358
    0.0000   30.0000   37.5000 2823.4216   10.7881
    7.5000   30.0000   37.5000 2808.4749   10.9548
   -7.5000   37.5000   37.5000 2785.7300   11.1171
    0.0000   37.5000   37.5000 2800.0381   11.0439
    7.5000   37.5000   37.5000 2783.2195   11.1641
   -7.5000   45.0000   37.5000 2725.4729   11.6195
    0.0000   45.0000   37.5000 2733.6118   11.5303
    7.5000   45.0000   37.5000 2722.2371   11.6545
   -7.5000   52.5000   37.5000 2621.9998   12.2085
    0.0000   52.5000   37.5000 2626.6599   12.1211
    7.5000   52.5000   37.5000 2613.5569   12.2634
   -7.5000   60.0000   37.5000 2470.8171   12.8469
    0.0000   60.0000   37.5000 2476.1755   12.7685
    7.5000   60.0000   37.5000 2464.7471   12.9020
   -7.5000   67.5000   37.5000 2290.1597   13.5005
    0.0000   67.5000   37.5000 2296.1475   13.4160
    7.5000   67.5000   37.5000 2285.1182   13.5443
   -7.5000  -22.5000   45.0000 2179.9885   17.7143
    0.0000  -22.5000   45.0000 2182.2864   17.4180
    7.5000  -22.5000   45.0000 2167.9688   17.7510
   -7.5000  -15.0000   45.0000 2323.2632   15.8093
    0.0000  -15.0000   45.0000 2326.7107   15.5387
    7.5000  -15.0000   45.0000 2312.9739   15.8664
   -7.5000   -7.5000   45.0000 2437.0759   14.4166
    0.0000   -7.5000   45.0000 2437.9219   14.1896
    7.5000   -7.5000   45.0000 2425.4309   14.4931
   -7.5000    0.0000   45.0000 2536.5129   13.3561
    0.0000    0.0000   45.0000 2534.2673   13.1858
    7.5000    0.0000   45.0000 2526.3447   13.4520
   -7.5000    7.5000   45.0000 2626.5791   12.5387
    0.0000    7.5000   45.0000 2629.4998   12.3974
    7.5000    7.5000   45.0000 2617.9180   12.6300
   -7.5000   15.0000   45.0000 2685.7122   11.9641
    0.0000   15.0000   45.0000 2691.7686   11.8291
    7.5000   15.0000   45.0000 2678.2075   12.0672
   -7.5000   22.5000   45.0000 2722.0364   11.6342
    0.0000   22.5000   45.0000 2725.6604   11.5431
    7.5000   22.5000   45.0000 2712.2778   11.7574
   -7.5000   30.0000   45.0000 2727.1006   11.6163
    0.0000   30.0000   45.0000 2733.9988   11.5396
    7.5000   30.0000   45.0000 2720.7585   11.7222
   -7.5000   37.5000   45.0000 2699.0952   11.8548
    0.0000   37.5000   45.0000 2709.6121   11.7558
    7.5000   37.5000   45.0000 2700.3701   11.9025
   -7.5000   45.0000   45.0000 2646.6218   12.3455
    0.0000   45.0000   45.0000 2653.2756   12.2249
    7.5000   45.0000   45.0000 2644.4119   12.3780
   -7.5000   52.5000   45.0000 2547.2756   12.9226
    0.0000   52.5000   45.0000 2553.3218   12.8071
    7.5000   52.5000   45.0000 2543.6201   12.9693
   -7.5000   60.0000   45.0000 2401.0012   13.5604
    0.0000   60.0000   45.0000 2405.5269   13.4544
    7.5000   60.0000   45.0000 2393.9038   13.6034
   -7.5000   67.5000   45.0000 2221.3682   14.2354
    0.0000   67.5000   45.0000 2227.4905   14.1334
    7.5000   67.5000   45.0000 2212.2214   14.2548

---------------------------------------------------------------------
imgreg_4dfp /opt/freesurfer/average/711-2C_as_mni_average_305 /opt/freesurfer/average/711-2B_as_mni_average_305_mask talsrcimg_g11 none talsrcimg_to_711-2C_as_mni_average_305_t4 1283
---------------------------------------------------------------------

freesurfer imgreg_4dfp.c
/opt/freesurfer/average/711-2C_as_mni_average_305.4dfp.img
       256       256       256         1
  1.000000  1.000000  1.000000
orientation T byte_order littleendian
Reading image: /opt/freesurfer/average/711-2C_as_mni_average_305.4dfp.img
dimensions:      256       256       256
mmppix:       1.0000   -1.0000   -1.0000
center:     128.0000 -129.0000 -129.0000
/opt/freesurfer/average/711-2B_as_mni_average_305_mask.4dfp.img
       256       256       256         1
  1.000000  1.000000  1.000000
orientation T byte_order littleendian
Reading mask: /opt/freesurfer/average/711-2B_as_mni_average_305_mask.4dfp.img (2306576 pixels)
talsrcimg_g11.4dfp.img
       256       256       256         1
  1.000000  1.000000  1.000000
orientation T byte_order littleendian
Reading image: talsrcimg_g11.4dfp.img
dimensions:      256       256       256
mmppix:       1.0000   -1.0000   -1.0000
center:     128.0000 -129.0000 -129.0000
rotation matrix determinant  1.000000
fimgreg.f
image alignment mode   1283 decimal      503 hex
parameters
    0.0000   30.0000    7.5000    0.0000    0.0000    0.0000
eta,q 0.95990  9.52643
niter,ni,del,rscale     5    3   12.0000    1.2000
parameter  2  0.573508 ->  0.500000 qaram    1.1500
parameter  6 -0.619139 -> -0.500000 qaram    1.1500
parameters
   -2.5564   26.5500    6.3563    0.0347   -2.3461    3.4500
eta,q 0.96949  9.56047
  0.0433  0.0378  0.0399  0.0385  0.0364  0.0425
  0.0392  0.0356  0.0359  0.0371  0.0334  0.0388
  0.0383  0.0348  0.0340  0.0354  0.0325  0.0354
  0.0413  0.0379  0.0349  0.0341  0.0341  0.0325
  0.0456  0.0431  0.0372  0.0342  0.0377  0.0308
  0.0508  0.0474  0.0405  0.0360  0.0422  0.0306
  0.0564  0.0525  0.0449  0.0395  0.0466  0.0318
niter,ni,del,rscale     6    3   12.0000    1.2000
parameters
   -2.0356   27.0726    6.5147   -0.9982   -2.5317    3.6517
eta,q 0.96939  9.60953
  0.0511  0.0464  0.0403  0.0344  0.0392  0.0374
  0.0420  0.0392  0.0351  0.0337  0.0344  0.0339
  0.0345  0.0334  0.0310  0.0316  0.0314  0.0314
  0.0305  0.0304  0.0304  0.0305  0.0306  0.0306
  0.0324  0.0318  0.0320  0.0322  0.0323  0.0314
  0.0384  0.0360  0.0348  0.0356  0.0354  0.0335
  0.0450  0.0426  0.0387  0.0392  0.0399  0.0366
niter,ni,del,rscale     5    3   12.0000    1.2000
parameters
   -1.9472   27.4918    6.2608   -1.5958   -2.6695    3.6904
eta,q 0.96950  9.62171
  0.0490  0.0452  0.0390  0.0347  0.0393  0.0370
  0.0401  0.0385  0.0338  0.0338  0.0345  0.0337
  0.0333  0.0339  0.0303  0.0321  0.0314  0.0312
  0.0306  0.0306  0.0304  0.0303  0.0305  0.0305
  0.0339  0.0314  0.0324  0.0313  0.0322  0.0313
  0.0404  0.0360  0.0354  0.0344  0.0354  0.0336
  0.0471  0.0428  0.0395  0.0381  0.0397  0.0368
niter,ni,del,rscale     4    3   12.0000    1.2000
parameters
   -1.9256   27.7130    6.0987   -1.8733   -2.7391    3.7131
eta,q 0.96961  9.62449
  0.0487  0.0441  0.0393  0.0351  0.0395  0.0370
  0.0399  0.0377  0.0341  0.0340  0.0346  0.0337
  0.0330  0.0338  0.0304  0.0325  0.0314  0.0312
  0.0305  0.0305  0.0303  0.0302  0.0304  0.0304
  0.0341  0.0313  0.0323  0.0309  0.0320  0.0312
  0.0407  0.0364  0.0353  0.0336  0.0353  0.0336
  0.0474  0.0433  0.0394  0.0374  0.0395  0.0369
niter,ni,del,rscale     3    3   12.0000    1.2000
parameters
   -1.9130   27.8151    6.0279   -1.9845   -2.7759    3.7284
eta,q 0.96964  9.62509
  0.0486  0.0436  0.0396  0.0353  0.0396  0.0370
  0.0398  0.0372  0.0344  0.0341  0.0347  0.0337
  0.0328  0.0336  0.0305  0.0326  0.0314  0.0311
  0.0304  0.0304  0.0303  0.0303  0.0304  0.0304
  0.0341  0.0313  0.0322  0.0307  0.0319  0.0312
  0.0407  0.0366  0.0352  0.0333  0.0352  0.0336
  0.0474  0.0436  0.0392  0.0371  0.0394  0.0369
niter,ni,del,rscale     2    3   12.0000    1.2000
parameters
   -1.9059   27.8578    6.0005   -2.0269   -2.7932    3.7360
eta,q 0.96965  9.62515
  0.0486  0.0433  0.0398  0.0354  0.0396  0.0370
  0.0398  0.0370  0.0346  0.0341  0.0347  0.0337
  0.0328  0.0335  0.0306  0.0327  0.0315  0.0311
  0.0304  0.0304  0.0303  0.0303  0.0303  0.0303
  0.0341  0.0313  0.0322  0.0307  0.0319  0.0312
  0.0407  0.0367  0.0351  0.0332  0.0351  0.0336
  0.0475  0.0437  0.0392  0.0369  0.0394  0.0369
registration optimization eta report
parameter search radius
    6.0000    6.9000    6.0000    6.0000    6.0000    6.9000
100000*second partial in parameter space
       47.       27.       25.       15.       25.       14.
  0.0486  0.0433  0.0398  0.0354  0.0396  0.0370
  0.0398  0.0370  0.0346  0.0341  0.0347  0.0337
  0.0328  0.0335  0.0306  0.0327  0.0315  0.0311
  0.0304  0.0304  0.0303  0.0303  0.0303  0.0303
  0.0341  0.0313  0.0322  0.0307  0.0319  0.0312
  0.0407  0.0367  0.0351  0.0332  0.0351  0.0336
  0.0475  0.0437  0.0392  0.0369  0.0394  0.0369
   -1.9059   27.8578    6.0005   -2.0269   -2.7932    3.7360
eta,q 0.96965  9.62515

---------------------------------------------------------------------
imgreg_4dfp /opt/freesurfer/average/711-2C_as_mni_average_305 /opt/freesurfer/average/711-2B_as_mni_average_305_mask talsrcimg_g11 none talsrcimg_to_711-2C_as_mni_average_305_t4 3335
---------------------------------------------------------------------

freesurfer imgreg_4dfp.c
/opt/freesurfer/average/711-2C_as_mni_average_305.4dfp.img
       256       256       256         1
  1.000000  1.000000  1.000000
orientation T byte_order littleendian
Reading image: /opt/freesurfer/average/711-2C_as_mni_average_305.4dfp.img
dimensions:      256       256       256
mmppix:       1.0000   -1.0000   -1.0000
center:     128.0000 -129.0000 -129.0000
/opt/freesurfer/average/711-2B_as_mni_average_305_mask.4dfp.img
       256       256       256         1
  1.000000  1.000000  1.000000
orientation T byte_order littleendian
Reading mask: /opt/freesurfer/average/711-2B_as_mni_average_305_mask.4dfp.img (2306576 pixels)
talsrcimg_g11.4dfp.img
       256       256       256         1
  1.000000  1.000000  1.000000
orientation T byte_order littleendian
Reading image: talsrcimg_g11.4dfp.img
dimensions:      256       256       256
mmppix:       1.0000   -1.0000   -1.0000
center:     128.0000 -129.0000 -129.0000
fimgreg.f
image alignment mode   3335 decimal      D07 hex
parameters
   -1.9059   27.8578    6.0005   -0.3311   -0.2862   -0.1813
   -6.6839    4.6293    6.5083    3.8466   -4.8731   -3.5326
eta,q 0.96966  9.63805
niter,ni,del,rscale     5    3    5.0000    1.2000
parameter  5  1.635520 ->  0.500000 qaram    1.1500
parameters
   -1.8028   27.8251    5.9973   -3.3979   -4.4262   -2.2708
   -6.0235    6.1006    8.6906    4.3247   -2.4129   -4.1123
eta,q 0.97339  9.39262
  0.0338  0.0325  0.0320  0.0310  0.0255  0.0280  0.0296  0.0317  0.0299  0.0297  0.0280  0.0275
  0.0319  0.0314  0.0311  0.0304  0.0264  0.0276  0.0283  0.0293  0.0285  0.0282  0.0274  0.0270
  0.0308  0.0306  0.0305  0.0299  0.0278  0.0271  0.0274  0.0277  0.0276  0.0273  0.0269  0.0267
  0.0303  0.0303  0.0303  0.0303  0.0300  0.0267  0.0270  0.0270  0.0270  0.0268  0.0267  0.0266
  0.0306  0.0306  0.0305  0.0321  0.0331  0.0275  0.0272  0.0271  0.0268  0.0266  0.0266  0.0268
  0.0316  0.0315  0.0311  0.0350  0.0361  0.0298  0.0278  0.0276  0.0270  0.0275  0.0267  0.0272
  0.0332  0.0327  0.0320  0.0384  0.0391  0.0333  0.0288  0.0289  0.0277  0.0292  0.0269  0.0280
niter,ni,del,rscale     5    3    5.0000    1.2000
parameter  5  0.578809 ->  0.500000 qaram    1.3225
parameters
   -1.2149   27.7010    5.2116   -2.7362   -9.1872   -2.3963
   -6.3761    6.0880    9.1407    5.3939   -2.2385   -4.1928
eta,q 0.97525  9.22575
  0.0300  0.0285  0.0268  0.0287  0.0255  0.0267  0.0266  0.0285  0.0267  0.0283  0.0258  0.0258
  0.0284  0.0272  0.0264  0.0279  0.0248  0.0261  0.0256  0.0264  0.0258  0.0267  0.0252  0.0252
  0.0273  0.0265  0.0263  0.0271  0.0251  0.0256  0.0250  0.0252  0.0251  0.0255  0.0248  0.0249
  0.0266  0.0265  0.0264  0.0263  0.0261  0.0248  0.0248  0.0248  0.0248  0.0248  0.0247  0.0248
  0.0265  0.0269  0.0268  0.0258  0.0279  0.0244  0.0251  0.0253  0.0249  0.0249  0.0249  0.0249
  0.0269  0.0277  0.0274  0.0265  0.0311  0.0253  0.0259  0.0265  0.0254  0.0255  0.0251  0.0252
  0.0278  0.0288  0.0282  0.0286  0.0345  0.0280  0.0270  0.0284  0.0264  0.0268  0.0256  0.0259
niter,ni,del,rscale     5    3    5.0000    1.2000
parameters
   -1.2024   27.9748    5.3649   -1.8771  -10.2802   -2.3417
   -6.5829    6.0679    9.1615    5.8348   -2.1286   -4.3050
eta,q 0.97556  9.21379
  0.0272  0.0274  0.0261  0.0272  0.0277  0.0267  0.0264  0.0284  0.0262  0.0275  0.0255  0.0254
  0.0259  0.0261  0.0253  0.0264  0.0261  0.0260  0.0253  0.0262  0.0252  0.0261  0.0249  0.0249
  0.0251  0.0252  0.0249  0.0256  0.0249  0.0254  0.0246  0.0249  0.0247  0.0250  0.0245  0.0246
  0.0248  0.0248  0.0247  0.0247  0.0244  0.0245  0.0245  0.0245  0.0245  0.0245  0.0244  0.0244
  0.0250  0.0248  0.0248  0.0242  0.0252  0.0240  0.0247  0.0249  0.0246  0.0247  0.0246  0.0245
  0.0258  0.0254  0.0252  0.0249  0.0269  0.0250  0.0255  0.0263  0.0252  0.0255  0.0249  0.0249
  0.0273  0.0265  0.0257  0.0269  0.0303  0.0277  0.0266  0.0284  0.0262  0.0269  0.0254  0.0255
niter,ni,del,rscale     4    3    5.0000    1.2000
parameters
   -1.2242   27.9974    5.4127   -1.8559  -10.4578   -2.2608
   -6.5835    6.0212    9.1611    5.9177   -2.1035   -4.3301
eta,q 0.97558  9.21060
  0.0270  0.0267  0.0258  0.0268  0.0282  0.0268  0.0264  0.0284  0.0261  0.0272  0.0255  0.0254
  0.0256  0.0255  0.0250  0.0261  0.0265  0.0260  0.0253  0.0262  0.0252  0.0259  0.0248  0.0249
  0.0247  0.0247  0.0245  0.0253  0.0252  0.0254  0.0246  0.0248  0.0246  0.0249  0.0245  0.0246
  0.0244  0.0244  0.0244  0.0244  0.0244  0.0245  0.0244  0.0244  0.0244  0.0244  0.0244  0.0244
  0.0247  0.0247  0.0246  0.0243  0.0248  0.0240  0.0246  0.0249  0.0246  0.0247  0.0245  0.0245
  0.0257  0.0254  0.0250  0.0253  0.0261  0.0250  0.0253  0.0263  0.0252  0.0257  0.0249  0.0249
  0.0272  0.0266  0.0256  0.0276  0.0290  0.0277  0.0264  0.0285  0.0261  0.0272  0.0254  0.0255
niter,ni,del,rscale     3    3    5.0000    1.2000
parameters
   -1.2263   27.9971    5.4385   -1.8509  -10.4887   -2.2343
   -6.5773    6.0106    9.1546    5.9232   -2.0999   -4.3198
eta,q 0.97559  9.21045
  0.0271  0.0266  0.0258  0.0268  0.0282  0.0268  0.0264  0.0285  0.0261  0.0271  0.0255  0.0254
  0.0256  0.0254  0.0250  0.0261  0.0265  0.0260  0.0253  0.0262  0.0252  0.0258  0.0248  0.0249
  0.0247  0.0247  0.0245  0.0252  0.0252  0.0254  0.0246  0.0248  0.0246  0.0249  0.0245  0.0246
  0.0244  0.0244  0.0244  0.0244  0.0244  0.0244  0.0244  0.0244  0.0244  0.0244  0.0244  0.0244
  0.0247  0.0247  0.0246  0.0243  0.0247  0.0240  0.0246  0.0249  0.0246  0.0247  0.0245  0.0245
  0.0256  0.0255  0.0250  0.0253  0.0260  0.0250  0.0253  0.0263  0.0252  0.0257  0.0249  0.0249
  0.0271  0.0266  0.0256  0.0276  0.0288  0.0278  0.0264  0.0285  0.0261  0.0273  0.0254  0.0255
niter,ni,del,rscale     2    3    5.0000    1.2000
parameters
   -1.2262   27.9921    5.4478   -1.8552  -10.4937   -2.2279
   -6.5759    6.0090    9.1525    5.9187   -2.0987   -4.3112
eta,q 0.97559  9.21028
  0.0271  0.0266  0.0257  0.0268  0.0283  0.0268  0.0264  0.0285  0.0261  0.0271  0.0255  0.0254
  0.0256  0.0254  0.0249  0.0260  0.0265  0.0260  0.0253  0.0262  0.0252  0.0258  0.0248  0.0249
  0.0247  0.0247  0.0245  0.0252  0.0252  0.0254  0.0246  0.0248  0.0246  0.0249  0.0245  0.0246
  0.0244  0.0244  0.0244  0.0244  0.0244  0.0244  0.0244  0.0244  0.0244  0.0244  0.0244  0.0244
  0.0247  0.0247  0.0246  0.0242  0.0247  0.0240  0.0246  0.0249  0.0246  0.0248  0.0245  0.0245
  0.0256  0.0255  0.0250  0.0253  0.0260  0.0250  0.0253  0.0263  0.0252  0.0257  0.0249  0.0249
  0.0271  0.0266  0.0256  0.0276  0.0288  0.0279  0.0264  0.0285  0.0261  0.0273  0.0254  0.0255
registration optimization eta report
parameter search radius
    2.4000    2.4000    2.4000    7.2000    9.5220    7.2000
    7.2000    7.2000    7.2000    7.2000    7.2000    7.2000
100000*second partial in parameter space
       46.       38.       22.        5.        4.        6.
        4.        8.        3.        5.        2.        2.
  0.0271  0.0266  0.0257  0.0268  0.0283  0.0268  0.0264  0.0285  0.0261  0.0271  0.0255  0.0254
  0.0256  0.0254  0.0249  0.0260  0.0265  0.0260  0.0253  0.0262  0.0252  0.0258  0.0248  0.0249
  0.0247  0.0247  0.0245  0.0252  0.0252  0.0254  0.0246  0.0248  0.0246  0.0249  0.0245  0.0246
  0.0244  0.0244  0.0244  0.0244  0.0244  0.0244  0.0244  0.0244  0.0244  0.0244  0.0244  0.0244
  0.0247  0.0247  0.0246  0.0242  0.0247  0.0240  0.0246  0.0249  0.0246  0.0248  0.0245  0.0245
  0.0256  0.0255  0.0250  0.0253  0.0260  0.0250  0.0253  0.0263  0.0252  0.0257  0.0249  0.0249
  0.0271  0.0266  0.0256  0.0276  0.0288  0.0279  0.0264  0.0285  0.0261  0.0273  0.0254  0.0255
   -1.2262   27.9921    5.4478   -1.8552  -10.4937   -2.2279
   -6.5759    6.0090    9.1525    5.9187   -2.0987   -4.3112
eta,q 0.97559  9.21028

---------------------------------------------------------------------
imgreg_4dfp /opt/freesurfer/average/711-2C_as_mni_average_305 /opt/freesurfer/average/711-2B_as_mni_average_305_mask talsrcimg_g11 none talsrcimg_to_711-2C_as_mni_average_305_t4 2311
---------------------------------------------------------------------

freesurfer imgreg_4dfp.c
/opt/freesurfer/average/711-2C_as_mni_average_305.4dfp.img
       256       256       256         1
  1.000000  1.000000  1.000000
orientation T byte_order littleendian
Reading image: /opt/freesurfer/average/711-2C_as_mni_average_305.4dfp.img
dimensions:      256       256       256
mmppix:       1.0000   -1.0000   -1.0000
center:     128.0000 -129.0000 -129.0000
/opt/freesurfer/average/711-2B_as_mni_average_305_mask.4dfp.img
       256       256       256         1
  1.000000  1.000000  1.000000
orientation T byte_order littleendian
Reading mask: /opt/freesurfer/average/711-2B_as_mni_average_305_mask.4dfp.img (2306576 pixels)
talsrcimg_g11.4dfp.img
       256       256       256         1
  1.000000  1.000000  1.000000
orientation T byte_order littleendian
Reading image: talsrcimg_g11.4dfp.img
dimensions:      256       256       256
mmppix:       1.0000   -1.0000   -1.0000
center:     128.0000 -129.0000 -129.0000
fimgreg.f
image alignment mode   2311 decimal      907 hex
parameters
   -1.2262   27.9921    5.4478   -1.8552  -10.4937   -2.2279
   -6.5759    6.0090    9.1525    5.9187   -2.0987   -4.3112
eta,q 0.97559  9.21027
niter,ni,del,rscale     5    3    5.0000    0.8000
parameters
   -1.2069   27.9847    5.3681   -0.8704   -9.8473   -1.2916
   -6.6875    6.1173    8.9372    5.7327   -2.0738   -4.5805
eta,q 0.97608  9.30081
  0.0256  0.0254  0.0249  0.0260  0.0256  0.0259  0.0249  0.0265  0.0247  0.0254  0.0246  0.0244
  0.0250  0.0249  0.0246  0.0255  0.0250  0.0254  0.0243  0.0251  0.0243  0.0246  0.0242  0.0241
  0.0246  0.0245  0.0244  0.0249  0.0245  0.0248  0.0240  0.0243  0.0240  0.0241  0.0240  0.0240
  0.0244  0.0244  0.0244  0.0244  0.0242  0.0242  0.0239  0.0239  0.0239  0.0239  0.0239  0.0239
  0.0245  0.0245  0.0245  0.0242  0.0242  0.0239  0.0240  0.0242  0.0240  0.0242  0.0240  0.0240
  0.0249  0.0249  0.0247  0.0245  0.0245  0.0242  0.0244  0.0250  0.0244  0.0248  0.0242  0.0242
  0.0256  0.0255  0.0250  0.0253  0.0251  0.0253  0.0250  0.0263  0.0249  0.0256  0.0246  0.0245
niter,ni,del,rscale     4    3    5.0000    0.7000
parameters
   -1.2886   28.0613    5.6320   -0.9541   -9.7763   -0.7713
   -6.7076    6.0529    8.8868    5.7170   -2.1644   -4.5838
eta,q 0.97620  9.32285
  0.0249  0.0249  0.0247  0.0252  0.0249  0.0254  0.0246  0.0256  0.0245  0.0250  0.0243  0.0242
  0.0243  0.0244  0.0243  0.0247  0.0245  0.0250  0.0241  0.0246  0.0241  0.0244  0.0240  0.0240
  0.0240  0.0241  0.0240  0.0242  0.0241  0.0244  0.0239  0.0240  0.0239  0.0240  0.0238  0.0239
  0.0239  0.0239  0.0239  0.0239  0.0239  0.0239  0.0238  0.0238  0.0238  0.0238  0.0238  0.0238
  0.0241  0.0240  0.0239  0.0240  0.0240  0.0238  0.0239  0.0240  0.0239  0.0240  0.0239  0.0238
  0.0245  0.0242  0.0240  0.0245  0.0244  0.0242  0.0241  0.0247  0.0241  0.0244  0.0241  0.0240
  0.0251  0.0247  0.0243  0.0255  0.0249  0.0251  0.0246  0.0258  0.0245  0.0251  0.0244  0.0242
niter,ni,del,rscale     3    3    5.0000    0.6000
parameters
   -1.3046   28.0625    5.7961   -0.9189   -9.7989   -0.4622
   -6.7159    6.0592    8.8834    5.6665   -2.2445   -4.5362
eta,q 0.97625  9.33357
  0.0246  0.0244  0.0244  0.0249  0.0246  0.0251  0.0243  0.0252  0.0242  0.0247  0.0241  0.0241
  0.0241  0.0241  0.0241  0.0244  0.0242  0.0246  0.0240  0.0244  0.0240  0.0242  0.0239  0.0239
  0.0239  0.0239  0.0239  0.0240  0.0239  0.0241  0.0238  0.0239  0.0238  0.0239  0.0238  0.0238
  0.0238  0.0238  0.0238  0.0238  0.0238  0.0238  0.0237  0.0237  0.0237  0.0238  0.0237  0.0237
  0.0239  0.0239  0.0238  0.0238  0.0239  0.0238  0.0238  0.0239  0.0238  0.0239  0.0238  0.0238
  0.0242  0.0241  0.0239  0.0242  0.0242  0.0242  0.0240  0.0244  0.0240  0.0242  0.0239  0.0239
  0.0246  0.0245  0.0241  0.0250  0.0246  0.0249  0.0243  0.0252  0.0242  0.0248  0.0242  0.0241
niter,ni,del,rscale     2    3    5.0000    0.5000
parameters
   -1.3091   28.0511    5.9100   -0.8564   -9.8081   -0.2411
   -6.7311    6.0853    8.8830    5.6076   -2.2997   -4.4897
eta,q 0.97628  9.34184
  0.0243  0.0242  0.0242  0.0246  0.0243  0.0248  0.0241  0.0248  0.0241  0.0244  0.0240  0.0239
  0.0240  0.0240  0.0239  0.0242  0.0240  0.0244  0.0239  0.0242  0.0239  0.0240  0.0238  0.0238
  0.0238  0.0238  0.0238  0.0239  0.0238  0.0240  0.0238  0.0239  0.0238  0.0238  0.0238  0.0238
  0.0237  0.0237  0.0237  0.0237  0.0237  0.0237  0.0237  0.0237  0.0237  0.0237  0.0237  0.0237
  0.0238  0.0238  0.0238  0.0238  0.0238  0.0238  0.0238  0.0238  0.0238  0.0238  0.0238  0.0237
  0.0240  0.0240  0.0238  0.0241  0.0240  0.0241  0.0239  0.0242  0.0239  0.0241  0.0239  0.0238
  0.0243  0.0242  0.0240  0.0246  0.0243  0.0246  0.0241  0.0248  0.0241  0.0245  0.0240  0.0239
niter,ni,del,rscale     1    3    5.0000    0.4000
parameters
   -1.3150   28.0439    6.0024   -0.7953   -9.8163   -0.0813
   -6.7522    6.1017    8.8693    5.5678   -2.3541   -4.4434
eta,q 0.97629  9.34811
  0.0241  0.0240  0.0240  0.0243  0.0241  0.0245  0.0240  0.0244  0.0239  0.0242  0.0239  0.0239
  0.0239  0.0239  0.0238  0.0240  0.0239  0.0241  0.0238  0.0240  0.0238  0.0239  0.0238  0.0238
  0.0238  0.0238  0.0238  0.0238  0.0238  0.0239  0.0237  0.0238  0.0237  0.0238  0.0237  0.0237
  0.0237  0.0237  0.0237  0.0237  0.0237  0.0237  0.0237  0.0237  0.0237  0.0237  0.0237  0.0237
  0.0238  0.0238  0.0237  0.0238  0.0238  0.0237  0.0237  0.0238  0.0237  0.0238  0.0237  0.0237
  0.0239  0.0239  0.0238  0.0239  0.0239  0.0240  0.0238  0.0240  0.0238  0.0239  0.0238  0.0238
  0.0241  0.0240  0.0239  0.0243  0.0241  0.0243  0.0240  0.0244  0.0239  0.0242  0.0239  0.0239
registration optimization eta report
parameter search radius
    0.8000    0.8000    0.8000    2.4000    2.4000    2.4000
    2.4000    2.4000    2.4000    2.4000    2.4000    2.4000
100000*second partial in parameter space
       59.       47.       33.       10.        7.       12.
        4.       12.        4.        8.        3.        3.
  0.0241  0.0240  0.0240  0.0243  0.0241  0.0245  0.0240  0.0244  0.0239  0.0242  0.0239  0.0239
  0.0239  0.0239  0.0238  0.0240  0.0239  0.0241  0.0238  0.0240  0.0238  0.0239  0.0238  0.0238
  0.0238  0.0238  0.0238  0.0238  0.0238  0.0239  0.0237  0.0238  0.0237  0.0238  0.0237  0.0237
  0.0237  0.0237  0.0237  0.0237  0.0237  0.0237  0.0237  0.0237  0.0237  0.0237  0.0237  0.0237
  0.0238  0.0238  0.0237  0.0238  0.0238  0.0237  0.0237  0.0238  0.0237  0.0238  0.0237  0.0237
  0.0239  0.0239  0.0238  0.0239  0.0239  0.0240  0.0238  0.0240  0.0238  0.0239  0.0238  0.0238
  0.0241  0.0240  0.0239  0.0243  0.0241  0.0243  0.0240  0.0244  0.0239  0.0242  0.0239  0.0239
   -1.3150   28.0439    6.0024   -0.7953   -9.8163   -0.0813
   -6.7522    6.1017    8.8693    5.5678   -2.3541   -4.4434
eta,q 0.97629  9.34811

---------------------------------------------------------------------
imgreg_4dfp /opt/freesurfer/average/711-2C_as_mni_average_305 /opt/freesurfer/average/711-2B_as_mni_average_305_mask talsrcimg_g11 none talsrcimg_to_711-2C_as_mni_average_305_t4 2311
---------------------------------------------------------------------

freesurfer imgreg_4dfp.c
/opt/freesurfer/average/711-2C_as_mni_average_305.4dfp.img
       256       256       256         1
  1.000000  1.000000  1.000000
orientation T byte_order littleendian
Reading image: /opt/freesurfer/average/711-2C_as_mni_average_305.4dfp.img
dimensions:      256       256       256
mmppix:       1.0000   -1.0000   -1.0000
center:     128.0000 -129.0000 -129.0000
/opt/freesurfer/average/711-2B_as_mni_average_305_mask.4dfp.img
       256       256       256         1
  1.000000  1.000000  1.000000
orientation T byte_order littleendian
Reading mask: /opt/freesurfer/average/711-2B_as_mni_average_305_mask.4dfp.img (2306576 pixels)
talsrcimg_g11.4dfp.img
       256       256       256         1
  1.000000  1.000000  1.000000
orientation T byte_order littleendian
Reading image: talsrcimg_g11.4dfp.img
dimensions:      256       256       256
mmppix:       1.0000   -1.0000   -1.0000
center:     128.0000 -129.0000 -129.0000
fimgreg.f
image alignment mode   2311 decimal      907 hex
parameters
   -1.3150   28.0439    6.0024   -0.7953   -9.8163   -0.0813
   -6.7522    6.1017    8.8693    5.5678   -2.3541   -4.4434
eta,q 0.97629  9.34811
niter,ni,del,rscale     5    3    5.0000    0.8000
parameters
   -1.3168   28.0092    6.0986   -1.3125   -9.9435   -0.4689
   -6.6444    6.0363    8.9688    5.6492   -2.3825   -4.1866
eta,q 0.97620  9.31739
  0.0252  0.0248  0.0246  0.0252  0.0250  0.0254  0.0249  0.0261  0.0247  0.0254  0.0245  0.0244
  0.0244  0.0242  0.0241  0.0246  0.0244  0.0248  0.0243  0.0248  0.0242  0.0246  0.0241  0.0241
  0.0239  0.0238  0.0238  0.0240  0.0239  0.0242  0.0239  0.0241  0.0239  0.0241  0.0239  0.0239
  0.0237  0.0237  0.0237  0.0237  0.0237  0.0238  0.0238  0.0238  0.0238  0.0238  0.0238  0.0238
  0.0239  0.0238  0.0238  0.0240  0.0239  0.0240  0.0239  0.0241  0.0239  0.0240  0.0239  0.0238
  0.0244  0.0243  0.0240  0.0248  0.0244  0.0248  0.0242  0.0249  0.0242  0.0245  0.0241  0.0240
  0.0252  0.0249  0.0244  0.0263  0.0252  0.0266  0.0247  0.0262  0.0246  0.0254  0.0245  0.0243
niter,ni,del,rscale     4    3    5.0000    0.7000
parameters
   -1.2710   27.9759    5.9573   -1.1601   -9.9056   -0.5099
   -6.6605    6.0968    8.9603    5.6014   -2.3380   -4.2418
eta,q 0.97623  9.32015
  0.0249  0.0246  0.0243  0.0252  0.0248  0.0253  0.0245  0.0257  0.0244  0.0250  0.0243  0.0242
  0.0243  0.0242  0.0240  0.0246  0.0243  0.0248  0.0241  0.0247  0.0241  0.0244  0.0240  0.0240
  0.0239  0.0239  0.0238  0.0241  0.0239  0.0242  0.0238  0.0240  0.0239  0.0239  0.0238  0.0238
  0.0238  0.0238  0.0238  0.0238  0.0238  0.0238  0.0238  0.0238  0.0238  0.0238  0.0238  0.0238
  0.0239  0.0239  0.0239  0.0238  0.0239  0.0239  0.0239  0.0240  0.0238  0.0239  0.0238  0.0238
  0.0242  0.0242  0.0242  0.0243  0.0242  0.0245  0.0241  0.0246  0.0241  0.0244  0.0240  0.0240
  0.0248  0.0247  0.0245  0.0252  0.0248  0.0257  0.0245  0.0256  0.0244  0.0251  0.0243  0.0242
niter,ni,del,rscale     3    3    5.0000    0.6000
parameters
   -1.2742   27.9931    5.9288   -0.9876   -9.8561   -0.3859
   -6.7031    6.1139    8.9363    5.5805   -2.3242   -4.3348
eta,q 0.97626  9.33093
  0.0246  0.0244  0.0242  0.0249  0.0246  0.0250  0.0243  0.0252  0.0242  0.0247  0.0242  0.0240
  0.0241  0.0241  0.0240  0.0244  0.0242  0.0246  0.0240  0.0244  0.0240  0.0242  0.0239  0.0239
  0.0239  0.0239  0.0238  0.0240  0.0239  0.0241  0.0238  0.0239  0.0238  0.0239  0.0238  0.0238
  0.0238  0.0238  0.0238  0.0238  0.0238  0.0238  0.0237  0.0237  0.0237  0.0237  0.0237  0.0237
  0.0239  0.0238  0.0238  0.0238  0.0238  0.0238  0.0238  0.0239  0.0238  0.0239  0.0238  0.0238
  0.0241  0.0241  0.0240  0.0241  0.0241  0.0242  0.0240  0.0244  0.0240  0.0242  0.0239  0.0239
  0.0246  0.0244  0.0242  0.0248  0.0246  0.0251  0.0243  0.0252  0.0242  0.0247  0.0241  0.0241
niter,ni,del,rscale     2    3    5.0000    0.5000
parameters
   -1.2901   28.0122    5.9689   -0.8686   -9.8267   -0.2156
   -6.7408    6.1165    8.8977    5.5578   -2.3235   -4.3942
eta,q 0.97628  9.34099
  0.0243  0.0242  0.0241  0.0246  0.0243  0.0248  0.0241  0.0248  0.0241  0.0244  0.0240  0.0239
  0.0240  0.0240  0.0239  0.0242  0.0240  0.0243  0.0239  0.0242  0.0239  0.0241  0.0238  0.0238
  0.0238  0.0238  0.0238  0.0239  0.0238  0.0240  0.0238  0.0238  0.0238  0.0238  0.0237  0.0237
  0.0237  0.0237  0.0237  0.0237  0.0237  0.0237  0.0237  0.0237  0.0237  0.0237  0.0237  0.0237
  0.0238  0.0238  0.0238  0.0238  0.0238  0.0238  0.0238  0.0238  0.0238  0.0238  0.0238  0.0237
  0.0240  0.0239  0.0239  0.0240  0.0240  0.0241  0.0239  0.0242  0.0239  0.0241  0.0238  0.0238
  0.0243  0.0242  0.0240  0.0245  0.0243  0.0247  0.0241  0.0248  0.0241  0.0245  0.0240  0.0240
niter,ni,del,rscale     1    3    5.0000    0.4000
parameters
   -1.3036   28.0275    6.0260   -0.7999   -9.8115   -0.0710
   -6.7530    6.1150    8.8792    5.5444   -2.3507   -4.3976
eta,q 0.97630  9.34816
  0.0241  0.0240  0.0240  0.0243  0.0241  0.0245  0.0240  0.0244  0.0239  0.0242  0.0239  0.0239
  0.0239  0.0239  0.0238  0.0240  0.0239  0.0241  0.0238  0.0240  0.0238  0.0239  0.0238  0.0238
  0.0238  0.0238  0.0238  0.0238  0.0238  0.0239  0.0237  0.0238  0.0237  0.0238  0.0237  0.0237
  0.0237  0.0237  0.0237  0.0237  0.0237  0.0237  0.0237  0.0237  0.0237  0.0237  0.0237  0.0237
  0.0238  0.0237  0.0237  0.0237  0.0238  0.0238  0.0237  0.0238  0.0237  0.0238  0.0237  0.0237
  0.0239  0.0238  0.0238  0.0239  0.0239  0.0240  0.0238  0.0240  0.0238  0.0239  0.0238  0.0238
  0.0241  0.0240  0.0239  0.0243  0.0241  0.0243  0.0240  0.0244  0.0239  0.0242  0.0239  0.0239
registration optimization eta report
parameter search radius
    0.8000    0.8000    0.8000    2.4000    2.4000    2.4000
    2.4000    2.4000    2.4000    2.4000    2.4000    2.4000
100000*second partial in parameter space
       58.       46.       33.       10.        7.       12.
        4.       12.        4.        8.        3.        3.
  0.0241  0.0240  0.0240  0.0243  0.0241  0.0245  0.0240  0.0244  0.0239  0.0242  0.0239  0.0239
  0.0239  0.0239  0.0238  0.0240  0.0239  0.0241  0.0238  0.0240  0.0238  0.0239  0.0238  0.0238
  0.0238  0.0238  0.0238  0.0238  0.0238  0.0239  0.0237  0.0238  0.0237  0.0238  0.0237  0.0237
  0.0237  0.0237  0.0237  0.0237  0.0237  0.0237  0.0237  0.0237  0.0237  0.0237  0.0237  0.0237
  0.0238  0.0237  0.0237  0.0237  0.0238  0.0238  0.0237  0.0238  0.0237  0.0238  0.0237  0.0237
  0.0239  0.0238  0.0238  0.0239  0.0239  0.0240  0.0238  0.0240  0.0238  0.0239  0.0238  0.0238
  0.0241  0.0240  0.0239  0.0243  0.0241  0.0243  0.0240  0.0244  0.0239  0.0242  0.0239  0.0239
   -1.3036   28.0275    6.0260   -0.7999   -9.8115   -0.0710
   -6.7530    6.1150    8.8792    5.5444   -2.3507   -4.3976
eta,q 0.97630  9.34816

---------------------------------------------------------------------
compute_vox2vox talsrcimg talsrcimg_to_711-2C_as_mni_average_305_t4 /opt/freesurfer/average/711-2C_as_mni_average_305
---------------------------------------------------------------------

freesurfer compute_vox2vox.c
Reading: talsrcimg.4dfp.ifh
Reading: talsrcimg_to_711-2C_as_mni_average_305_t4
Reading: /opt/freesurfer/average/711-2C_as_mni_average_305.4dfp.ifh
Writing: talsrcimg_to_711-2C_as_mni_average_305_t4_vox2vox.txt

start time Tue Mar 10 07:11:58 CET 2026
end		time Tue Mar 10 07:13:28 CET 2026

mpr2mni305 success

avi2talxfm orig_nu.mgz /opt/freesurfer/average/mni305.cor.mgz talsrcimg_to_711-2C_as_mni_average_305_t4_vox2vox.txt transforms/talairach.auto.xfm
avi2talxfm done
mv -f /out/sourcedata/freesurfer/sub-v1s9x0051329_ses-1/mri/talsrcimg_to_711-2C_as_mni_average_305_t4_vox2vox.txt /out/sourcedata/freesurfer/sub-v1s9x0051329_ses-1/mri/transforms/talsrcimg_to_711-2C_as_mni_average_305_t4_vox2vox.txt
lta_convert --src orig_nu.mgz --trg /opt/freesurfer/average/mni305.cor.mgz --inxfm transforms/talairach.auto.xfm --outlta transforms/talairach.auto.xfm.lta --subject fsaverage
7.3.2

--src: orig_nu.mgz src image (geometry).
--trg: /opt/freesurfer/average/mni305.cor.mgz trg image (geometry).
--inmni: transforms/talairach.auto.xfm input MNI/XFM transform.
--outlta: transforms/talairach.auto.xfm.lta output LTA.
--s: fsaverage subject name
 LTA read, type : 1
 1.00010  -0.06518   0.07171  -5.77550;
 0.01914   0.99676   0.05003  -7.28048;
-0.09964  -0.05486   1.09865  -13.46785;
 0.00000   0.00000   0.00000   1.00000;
setting subject to fsaverage
Writing  LTA to file transforms/talairach.auto.xfm.lta...
lta_convert successful.
 
 
Started at Tue Mar 10 07:11:57 CET 2026
Ended   at Tue Mar 10 07:13:29 CET 2026
talairach_avi done
