/out/sourcedata/freesurfer/sub-v1s9x0051354_ses-1/mri
/opt/freesurfer/bin/talairach_avi
--i orig_nu.mgz --xfm transforms/talairach.auto.xfm
talairach_avi 7.3.2
Linux dna056 5.14.0-427.37.1.el9_4.x86_64 #1 SMP PREEMPT_DYNAMIC Fri Sep 13 12:41:50 EDT 2024 x86_64 x86_64 x86_64 GNU/Linux
Tue Mar 10 07:28:12 CET 2026
mri_convert orig_nu.mgz talsrcimg.img 
reading from orig_nu.mgz...
TR=0.00, TE=0.00, TI=0.00, flip angle=0.00
i_ras = (-1, 0, 0)
j_ras = (0, 0, -1)
k_ras = (0, 1, 0)
writing to talsrcimg.img...
Analyze Output Matrix
-1.00000   0.00000   0.00000   129.29367;
 0.00000   0.00000   1.00000  -138.02408;
 0.00000  -1.00000   0.00000   122.32446;
 0.00000   0.00000   0.00000   1.00000;
--------------------
INFO: set hdr.hist.orient to -1
mpr2mni305 talsrcimg
Tue Mar 10 07:28:12 CET 2026
/opt/freesurfer/bin/mpr2mni305 talsrcimg
mpr2mni305 7.3.2
target=711-2C_as_mni_average_305

---------------------------------------------------------------------
analyzeto4dfp talsrcimg -O0 -y
---------------------------------------------------------------------

freesurfer ifh2hdr.c
Tue Mar 10 07:28:12 2026
Writing: talsrcimg.4dfp.hdr
freesurfer analyzeto4dfp.c
Reading: talsrcimg.hdr
header size 348 bytes
hdr.dime.datatype	offset=70	value=2
hdr.dime.bitpix		offset=72	value=8
hdr.hist.orient		offset=252	value=-1
dimensionality     4
dimensions       256       256       256         1
Reading: talsrcimg.img
Writing: talsrcimg.4dfp.img
Writing: talsrcimg.4dfp.ifh
ifh2hdr talsrcimg -r0to212
ori=2

---------------------------------------------------------------------
gauss_4dfp talsrcimg 1.1
---------------------------------------------------------------------

freesurfer gauss_4dfp.c
Reading: talsrcimg.4dfp.img
Writing: talsrcimg_g11.4dfp.img
image dimensions 256 256 256 padded to 288 288 288
processing volume 1freesurfer ifh2hdr.c
Tue Mar 10 07:28:14 2026
Writing: talsrcimg_g11.4dfp.hdr

Writing: talsrcimg_g11.4dfp.ifh
including: talsrcimg.4dfp.img.rec in talsrcimg_g11.4dfp.img.rec

---------------------------------------------------------------------
imgreg_4dfp /opt/freesurfer/average/711-2C_as_mni_average_305 none talsrcimg_g11 none talsrcimg_to_711-2C_as_mni_average_305_t4 4355
---------------------------------------------------------------------

freesurfer imgreg_4dfp.c
/opt/freesurfer/average/711-2C_as_mni_average_305.4dfp.img
       256       256       256         1
  1.000000  1.000000  1.000000
orientation T byte_order littleendian
Reading image: /opt/freesurfer/average/711-2C_as_mni_average_305.4dfp.img
dimensions:      256       256       256
mmppix:       1.0000   -1.0000   -1.0000
center:     128.0000 -129.0000 -129.0000
talsrcimg_g11.4dfp.img
       256       256       256         1
  1.000000  1.000000  1.000000
orientation T byte_order littleendian
Reading image: talsrcimg_g11.4dfp.img
dimensions:      256       256       256
mmppix:       1.0000   -1.0000   -1.0000
center:     128.0000 -129.0000 -129.0000
t4_read: open error in t4_sub.f l:  41 t4_file(1:l)talsrcimg_to_711-2C_as_mni_average_305_t4 
t4_read: transform initialized to I4
rotation matrix determinant  1.000000
image alignment mode   4355 decimal     1103 hex
   -7.5000  -45.0000  -45.0000 5768.4683   18.8561
    0.0000  -45.0000  -45.0000 5992.5835   18.9018
    7.5000  -45.0000  -45.0000 5750.2583   18.8867
   -7.5000  -37.5000  -45.0000 6347.3208   18.3028
    0.0000  -37.5000  -45.0000 6595.8984   18.3440
    7.5000  -37.5000  -45.0000 6337.4365   18.3249
   -7.5000  -30.0000  -45.0000 7248.8530   17.9310
    0.0000  -30.0000  -45.0000 7543.9526   17.9724
    7.5000  -30.0000  -45.0000 7255.3311   17.9487
   -7.5000  -22.5000  -45.0000 8211.7471   17.6651
    0.0000  -22.5000  -45.0000 8544.6699   17.7136
    7.5000  -22.5000  -45.0000 8202.1621   17.6938
   -7.5000  -15.0000  -45.0000 9198.1162   17.5675
    0.0000  -15.0000  -45.0000 9569.3184   17.6221
    7.5000  -15.0000  -45.0000 9165.9385   17.6089
   -7.5000   -7.5000  -45.000010169.7715   17.5211
    0.0000   -7.5000  -45.000010585.6484   17.5740
    7.5000   -7.5000  -45.000010133.4854   17.5658
   -7.5000    0.0000  -45.000011123.6602   17.5167
    0.0000    0.0000  -45.000011580.3613   17.5624
    7.5000    0.0000  -45.000011081.6270   17.5536
   -7.5000    7.5000  -45.000011174.9609   17.5289
    0.0000    7.5000  -45.000011658.2568   17.5688
    7.5000    7.5000  -45.000011148.1504   17.5528
   -7.5000   15.0000  -45.000011010.9072   17.5416
    0.0000   15.0000  -45.000011512.5107   17.5828
    7.5000   15.0000  -45.000010981.9385   17.5615
   -7.5000   22.5000  -45.000010786.8535   17.5404
    0.0000   22.5000  -45.000011269.8809   17.5892
    7.5000   22.5000  -45.000010758.5742   17.5707
   -7.5000   30.0000  -45.000010552.6250   17.2996
    0.0000   30.0000  -45.000010996.1523   17.3537
    7.5000   30.0000  -45.000010515.5869   17.3412
   -7.5000   37.5000  -45.000010650.8760   17.2862
    0.0000   37.5000  -45.000011067.8730   17.3384
    7.5000   37.5000  -45.000010605.4863   17.3303
   -7.5000   45.0000  -45.000010280.2402   16.8444
    0.0000   45.0000  -45.000010672.7832   16.8883
    7.5000   45.0000  -45.000010228.0195   16.8799
   -7.5000  -45.0000  -37.5000 6109.2246   18.8435
    0.0000  -45.0000  -37.5000 6357.9326   18.8942
    7.5000  -45.0000  -37.5000 6095.5264   18.8776
   -7.5000  -37.5000  -37.5000 6720.6606   18.2825
    0.0000  -37.5000  -37.5000 7001.8213   18.3311
    7.5000  -37.5000  -37.5000 6729.1919   18.3145
   -7.5000  -30.0000  -37.5000 7671.5215   17.9073
    0.0000  -30.0000  -37.5000 8004.2827   17.9562
    7.5000  -30.0000  -37.5000 7680.5571   17.9398
   -7.5000  -22.5000  -37.5000 8705.7910   17.6465
    0.0000  -22.5000  -37.5000 9076.0791   17.6995
    7.5000  -22.5000  -37.5000 8690.5312   17.6878
   -7.5000  -15.0000  -37.5000 9773.7119   17.5550
    0.0000  -15.0000  -37.500010182.2422   17.6118
    7.5000  -15.0000  -37.5000 9728.5547   17.6036
   -7.5000   -7.5000  -37.500010804.5225   17.5099
    0.0000   -7.5000  -37.500011258.6729   17.5646
    7.5000   -7.5000  -37.500010759.3857   17.5571
   -7.5000    0.0000  -37.500011791.0039   17.5023
    0.0000    0.0000  -37.500012305.2773   17.5518
    7.5000    0.0000  -37.500011742.2432   17.5419
   -7.5000    7.5000  -37.500011848.5176   17.5090
    0.0000    7.5000  -37.500012368.2842   17.5556
    7.5000    7.5000  -37.500011788.0771   17.5420
   -7.5000   15.0000  -37.500011686.0986   17.5187
    0.0000   15.0000  -37.500012217.6426   17.5669
    7.5000   15.0000  -37.500011624.7158   17.5527
   -7.5000   22.5000  -37.500011431.5166   17.5217
    0.0000   22.5000  -37.500011975.3828   17.5749
    7.5000   22.5000  -37.500011378.3955   17.5643
   -7.5000   30.0000  -37.500011141.7725   17.2872
    0.0000   30.0000  -37.500011653.0723   17.3434
    7.5000   30.0000  -37.500011093.9287   17.3358
   -7.5000   37.5000  -37.500011227.9160   17.2751
    0.0000   37.5000  -37.500011715.5947   17.3291
    7.5000   37.5000  -37.500011165.0850   17.3217
   -7.5000   45.0000  -37.500010829.5107   16.8306
    0.0000   45.0000  -37.500011280.7480   16.8781
    7.5000   45.0000  -37.500010759.8594   16.8686
   -7.5000  -45.0000  -30.0000 6560.4561   19.6701
    0.0000  -45.0000  -30.0000 6823.6895   19.7339
    7.5000  -45.0000  -30.0000 6543.2065   19.7099
   -7.5000  -37.5000  -30.0000 7229.6855   19.0735
    0.0000  -37.5000  -30.0000 7526.2476   19.1356
    7.5000  -37.5000  -30.0000 7224.7358   19.1131
   -7.5000  -30.0000  -30.0000 8266.9805   18.6745
    0.0000  -30.0000  -30.0000 8612.5029   18.7328
    7.5000  -30.0000  -30.0000 8252.4053   18.7124
   -7.5000  -22.5000  -30.0000 9375.8516   18.4063
    0.0000  -22.5000  -30.0000 9779.0576   18.4632
    7.5000  -22.5000  -30.0000 9350.1367   18.4481
   -7.5000  -15.0000  -30.000010509.3018   18.3196
    0.0000  -15.0000  -30.000010964.6104   18.3784
    7.5000  -15.0000  -30.000010465.7979   18.3661
   -7.5000   -7.5000  -30.000011611.2363   18.2777
    0.0000   -7.5000  -30.000012113.0420   18.3380
    7.5000   -7.5000  -30.000011546.7559   18.3251
   -7.5000    0.0000  -30.000012643.2090   18.2682
    0.0000    0.0000  -30.000013211.6377   18.3284
    7.5000    0.0000  -30.000012575.2129   18.3122
   -7.5000    7.5000  -30.000012683.2930   18.2663
    0.0000    7.5000  -30.000013267.1289   18.3252
    7.5000    7.5000  -30.000012625.4062   18.3061
   -7.5000   15.0000  -30.000012510.4297   18.2692
    0.0000   15.0000  -30.000013108.5439   18.3263
    7.5000   15.0000  -30.000012445.4434   18.3083
   -7.5000   22.5000  -30.000012243.2158   18.2741
    0.0000   22.5000  -30.000012865.3789   18.3310
    7.5000   22.5000  -30.000012172.7852   18.3172
   -7.5000   30.0000  -30.000011919.3857   18.0417
    0.0000   30.0000  -30.000012505.9492   18.0999
    7.5000   30.0000  -30.000011843.6729   18.0883
   -7.5000   37.5000  -30.000011990.5762   18.0343
    0.0000   37.5000  -30.000012558.6533   18.0939
    7.5000   37.5000  -30.000011911.0879   18.0811
   -7.5000   45.0000  -30.000011533.3984   17.5799
    0.0000   45.0000  -30.000012067.3418   17.6379
    7.5000   45.0000  -30.000011445.6943   17.6223
   -7.5000  -45.0000  -22.5000 7015.8286   20.3906
    0.0000  -45.0000  -22.5000 7279.3940   20.4621
    7.5000  -45.0000  -22.5000 6977.6816   20.4315
   -7.5000  -37.5000  -22.5000 7736.5498   19.7714
    0.0000  -37.5000  -22.5000 8048.9277   19.8396
    7.5000  -37.5000  -22.5000 7718.0522   19.8078
   -7.5000  -30.0000  -22.5000 8837.8652   19.3544
    0.0000  -30.0000  -22.5000 9202.3828   19.4148
    7.5000  -30.0000  -22.5000 8817.1328   19.3820
   -7.5000  -22.5000  -22.500010020.3975   19.0744
    0.0000  -22.5000  -22.500010440.7988   19.1309
    7.5000  -22.5000  -22.5000 9989.1631   19.1030
   -7.5000  -15.0000  -22.500011227.9688   18.9855
    0.0000  -15.0000  -22.500011714.7031   19.0444
    7.5000  -15.0000  -22.500011170.4697   19.0214
   -7.5000   -7.5000  -22.500012381.0205   18.9461
    0.0000   -7.5000  -22.500012933.6797   19.0101
    7.5000   -7.5000  -22.500012306.0371   18.9897
   -7.5000    0.0000  -22.500013463.6113   18.9393
    0.0000    0.0000  -22.500014080.2754   19.0063
    7.5000    0.0000  -22.500013388.2988   18.9840
   -7.5000    7.5000  -22.500013470.3340   18.9351
    0.0000    7.5000  -22.500014106.9277   18.9996
    7.5000    7.5000  -22.500013413.3281   18.9720
   -7.5000   15.0000  -22.500013266.3799   18.9341
    0.0000   15.0000  -22.500013906.5068   18.9932
    7.5000   15.0000  -22.500013207.7432   18.9635
   -7.5000   22.5000  -22.500012955.3906   18.9361
    0.0000   22.5000  -22.500013630.0244   18.9927
    7.5000   22.5000  -22.500012900.7812   18.9663
   -7.5000   30.0000  -22.500012632.6094   18.7004
    0.0000   30.0000  -22.500013299.7100   18.7588
    7.5000   30.0000  -22.500012562.8916   18.7366
   -7.5000   37.5000  -22.500012762.5674   18.6967
    0.0000   37.5000  -22.500013421.3398   18.7599
    7.5000   37.5000  -22.500012664.3193   18.7398
   -7.5000   45.0000  -22.500012248.3955   18.2395
    0.0000   45.0000  -22.500012868.0645   18.3040
    7.5000   45.0000  -22.500012143.6064   18.2826
   -7.5000  -45.0000  -15.0000 7453.0786   20.8879
    0.0000  -45.0000  -15.0000 7724.8086   20.9560
    7.5000  -45.0000  -15.0000 7396.3750   20.9253
   -7.5000  -37.5000  -15.0000 8246.8730   20.2623
    0.0000  -37.5000  -15.0000 8573.1367   20.3250
    7.5000  -37.5000  -15.0000 8216.1250   20.2888
   -7.5000  -30.0000  -15.0000 9429.6250   19.8404
    0.0000  -30.0000  -15.0000 9813.8672   19.8954
    7.5000  -30.0000  -15.0000 9391.9258   19.8525
   -7.5000  -22.5000  -15.000010671.3096   19.5502
    0.0000  -22.5000  -15.000011130.6592   19.6040
    7.5000  -22.5000  -15.000010641.0840   19.5649
   -7.5000  -15.0000  -15.000011922.3467   19.4528
    0.0000  -15.0000  -15.000012444.6836   19.5110
    7.5000  -15.0000  -15.000011885.8691   19.4802
   -7.5000   -7.5000  -15.000013130.0244   19.4097
    0.0000   -7.5000  -15.000013715.2217   19.4733
    7.5000   -7.5000  -15.000013068.4443   19.4504
   -7.5000    0.0000  -15.000014263.4111   19.4048
    0.0000    0.0000  -15.000014915.0059   19.4698
    7.5000    0.0000  -15.000014211.9492   19.4473
   -7.5000    7.5000  -15.000014259.0576   19.4061
    0.0000    7.5000  -15.000014936.5527   19.4658
    7.5000    7.5000  -15.000014216.7832   19.4341
   -7.5000   15.0000  -15.000014016.7705   19.4093
    0.0000   15.0000  -15.000014676.2568   19.4634
    7.5000   15.0000  -15.000013979.2783   19.4241
   -7.5000   22.5000  -15.000013654.4297   19.4078
    0.0000   22.5000  -15.000014345.2363   19.4618
    7.5000   22.5000  -15.000013624.8174   19.4244
   -7.5000   30.0000  -15.000013312.8984   19.1635
    0.0000   30.0000  -15.000014025.9512   19.2213
    7.5000   30.0000  -15.000013268.8662   19.1914
   -7.5000   37.5000  -15.000013470.5420   19.1569
    0.0000   37.5000  -15.000014190.4863   19.2197
    7.5000   37.5000  -15.000013412.7002   19.1971
   -7.5000   45.0000  -15.000012934.4727   18.6991
    0.0000   45.0000  -15.000013599.3174   18.7617
    7.5000   45.0000  -15.000012846.0166   18.7400
   -7.5000  -45.0000   -7.5000 7890.1978   21.0935
    0.0000  -45.0000   -7.5000 8184.3604   21.1513
    7.5000  -45.0000   -7.5000 7826.9531   21.1282
   -7.5000  -37.5000   -7.5000 8767.8340   20.4720
    0.0000  -37.5000   -7.5000 9105.8848   20.5231
    7.5000  -37.5000   -7.5000 8722.5264   20.4926
   -7.5000  -30.0000   -7.500010009.2451   20.0533
    0.0000  -30.0000   -7.500010432.0439   20.1006
    7.5000  -30.0000   -7.5000 9983.9658   20.0614
   -7.5000  -22.5000   -7.500011297.7305   19.7570
    0.0000  -22.5000   -7.500011819.7568   19.8090
    7.5000  -22.5000   -7.500011311.5527   19.7734
   -7.5000  -15.0000   -7.500012616.5254   19.6509
    0.0000  -15.0000   -7.500013179.4785   19.7095
    7.5000  -15.0000   -7.500012602.9697   19.6837
   -7.5000   -7.5000   -7.500013867.7422   19.6019
    0.0000   -7.5000   -7.500014483.9805   19.6627
    7.5000   -7.5000   -7.500013852.4912   19.6463
   -7.5000    0.0000   -7.500015024.6270   19.5975
    0.0000    0.0000   -7.500015709.7451   19.6541
    7.5000    0.0000   -7.500015057.1240   19.6386
   -7.5000    7.5000   -7.500015051.5068   19.6072
    0.0000    7.5000   -7.500015747.7061   19.6565
    7.5000    7.5000   -7.500015081.5391   19.6301
   -7.5000   15.0000   -7.500014808.8008   19.6178
    0.0000   15.0000   -7.500015495.2734   19.6647
    7.5000   15.0000   -7.500014845.2188   19.6288
   -7.5000   22.5000   -7.500014415.3994   19.6112
    0.0000   22.5000   -7.500015083.1543   19.6635
    7.5000   22.5000   -7.500014453.1885   19.6296
   -7.5000   30.0000   -7.500014043.6621   19.3583
    0.0000   30.0000   -7.500014732.8516   19.4164
    7.5000   30.0000   -7.500014082.9033   19.3915
   -7.5000   37.5000   -7.500014193.7783   19.3461
    0.0000   37.5000   -7.500014895.5205   19.4062
    7.5000   37.5000   -7.500014194.0820   19.3900
   -7.5000   45.0000   -7.500013596.4443   18.8883
    0.0000   45.0000   -7.500014260.3115   18.9429
    7.5000   45.0000   -7.500013576.7871   18.9279
   -7.5000  -45.0000    0.0000 8226.5938   21.0927
    0.0000  -45.0000    0.0000 8534.5527   21.1439
    7.5000  -45.0000    0.0000 8163.4033   21.1273
   -7.5000  -37.5000    0.0000 9177.5879   20.4739
    0.0000  -37.5000    0.0000 9565.9736   20.5201
    7.5000  -37.5000    0.0000 9144.0508   20.4990
   -7.5000  -30.0000    0.000010491.9590   20.0580
    0.0000  -30.0000    0.000010973.7549   20.1045
    7.5000  -30.0000    0.000010494.1123   20.0782
   -7.5000  -22.5000    0.000011832.7754   19.7607
    0.0000  -22.5000    0.000012390.0566   19.8152
    7.5000  -22.5000    0.000011891.3506   19.7933
   -7.5000  -15.0000    0.000013208.5850   19.6517
    0.0000  -15.0000    0.000013790.9160   19.7129
    7.5000  -15.0000    0.000013253.3887   19.6984
   -7.5000   -7.5000    0.000014496.1758   19.5999
    0.0000   -7.5000    0.000015132.5947   19.6592
    7.5000   -7.5000    0.000014566.0986   19.6503
   -7.5000    0.0000    0.000015727.4990   19.5950
    0.0000    0.0000    0.000016414.9551   19.6462
    7.5000    0.0000    0.000015837.5781   19.6366
   -7.5000    7.5000    0.000015774.9678   19.6085
    0.0000    7.5000    0.000016487.3945   19.6533
    7.5000    7.5000    0.000015904.4590   19.6356
   -7.5000   15.0000    0.000015598.7061   19.6227
    0.0000   15.0000    0.000016284.7715   19.6688
    7.5000   15.0000    0.000015747.5938   19.6453
   -7.5000   22.5000    0.000015184.1416   19.6150
    0.0000   22.5000    0.000015742.5117   19.6696
    7.5000   22.5000    0.000015281.1982   19.6492
   -7.5000   30.0000    0.000014767.4941   19.3595
    0.0000   30.0000    0.000015311.5938   19.4202
    7.5000   30.0000    0.000014831.9775   19.4065
   -7.5000   37.5000    0.000014884.9189   19.3446
    0.0000   37.5000    0.000015493.4502   19.4032
    7.5000   37.5000    0.000014949.1396   19.3944
   -7.5000   45.0000    0.000014257.3447   18.8873
    0.0000   45.0000    0.000014868.4912   18.9366
    7.5000   45.0000    0.000014309.2627   18.9274
   -7.5000  -45.0000    7.5000 7930.4849   21.0864
    0.0000  -45.0000    7.5000 8230.3721   21.1431
    7.5000  -45.0000    7.5000 7877.4038   21.1246
   -7.5000  -37.5000    7.5000 8859.2520   20.4586
    0.0000  -37.5000    7.5000 9233.5820   20.5130
    7.5000  -37.5000    7.5000 8836.3604   20.4944
   -7.5000  -30.0000    7.500010152.6250   20.0388
    0.0000  -30.0000    7.500010607.7979   20.0934
    7.5000  -30.0000    7.500010150.1084   20.0751
   -7.5000  -22.5000    7.500011479.3662   19.7469
    0.0000  -22.5000    7.500012014.8115   19.8062
    7.5000  -22.5000    7.500011518.0889   19.7931
   -7.5000  -15.0000    7.500012785.2881   19.6446
    0.0000  -15.0000    7.500013380.1113   19.7081
    7.5000  -15.0000    7.500012857.7373   19.6989
   -7.5000   -7.5000    7.500014004.0264   19.5940
    0.0000   -7.5000    7.500014635.5156   19.6553
    7.5000   -7.5000    7.500014114.7227   19.6469
   -7.5000    0.0000    7.500015153.5039   19.5856
    0.0000    0.0000    7.500015816.1855   19.6409
    7.5000    0.0000    7.500015348.1895   19.6299
   -7.5000    7.5000    7.500015175.2949   19.5931
    0.0000    7.5000    7.500015854.4307   19.6452
    7.5000    7.5000    7.500015406.8604   19.6300
   -7.5000   15.0000    7.500015102.6406   19.6040
    0.0000   15.0000    7.500015633.3516   19.6578
    7.5000   15.0000    7.500015280.0156   19.6420
   -7.5000   22.5000    7.500014759.6348   19.6009
    0.0000   22.5000    7.500015100.7070   19.6604
    7.5000   22.5000    7.500014822.9121   19.6486
   -7.5000   30.0000    7.500014396.0312   19.3523
    0.0000   30.0000    7.500014759.1875   19.4153
    7.5000   30.0000    7.500014385.7510   19.4067
   -7.5000   37.5000    7.500014510.0576   19.3388
    0.0000   37.5000    7.500015010.1035   19.3993
    7.5000   37.5000    7.500014485.1914   19.3910
   -7.5000   45.0000    7.500013860.0205   18.8782
    0.0000   45.0000    7.500014381.7012   18.9316
    7.5000   45.0000    7.500013810.7812   18.9209
   -7.5000  -45.0000   15.0000 7509.3462   21.1226
    0.0000  -45.0000   15.0000 7811.0376   21.1911
    7.5000  -45.0000   15.0000 7492.5093   21.1653
   -7.5000  -37.5000   15.0000 8413.0811   20.4819
    0.0000  -37.5000   15.0000 8790.6094   20.5487
    7.5000  -37.5000   15.0000 8422.2734   20.5245
   -7.5000  -30.0000   15.0000 9666.9678   20.0535
    0.0000  -30.0000   15.000010139.2861   20.1161
    7.5000  -30.0000   15.0000 9705.1699   20.0942
   -7.5000  -22.5000   15.000010947.5703   19.7655
    0.0000  -22.5000   15.000011481.8359   19.8265
    7.5000  -22.5000   15.000011014.4443   19.8104
   -7.5000  -15.0000   15.000012181.7041   19.6724
    0.0000  -15.0000   15.000012757.4785   19.7355
    7.5000  -15.0000   15.000012277.5879   19.7223
   -7.5000   -7.5000   15.000013344.2998   19.6273
    0.0000   -7.5000   15.000013949.8486   19.6922
    7.5000   -7.5000   15.000013469.8926   19.6782
   -7.5000    0.0000   15.000014469.8984   19.6171
    0.0000    0.0000   15.000015128.6104   19.6818
    7.5000    0.0000   15.000014635.6973   19.6644
   -7.5000    7.5000   15.000014536.9775   19.6151
    0.0000    7.5000   15.000015194.9766   19.6784
    7.5000    7.5000   15.000014680.7764   19.6579
   -7.5000   15.0000   15.000014465.5977   19.6183
    0.0000   15.0000   15.000015037.1543   19.6796
    7.5000   15.0000   15.000014490.3945   19.6603
   -7.5000   22.5000   15.000014209.5020   19.6191
    0.0000   22.5000   15.000014673.8311   19.6803
    7.5000   22.5000   15.000014100.2178   19.6655
   -7.5000   30.0000   15.000013879.6064   19.3796
    0.0000   30.0000   15.000014350.3027   19.4422
    7.5000   30.0000   15.000013735.1934   19.4297
   -7.5000   37.5000   15.000013955.4697   19.3717
    0.0000   37.5000   15.000014463.5156   19.4357
    7.5000   37.5000   15.000013818.7119   19.4220
   -7.5000   45.0000   15.000013280.9336   18.9086
    0.0000   45.0000   15.000013778.8848   18.9710
    7.5000   45.0000   15.000013189.2812   18.9542
   -7.5000  -45.0000   22.5000 7062.8389   21.2000
    0.0000  -45.0000   22.5000 7341.4199   21.2747
    7.5000  -45.0000   22.5000 7046.4385   21.2436
   -7.5000  -37.5000   22.5000 7899.8223   20.5552
    0.0000  -37.5000   22.5000 8235.0615   20.6265
    7.5000  -37.5000   22.5000 7917.6792   20.5941
   -7.5000  -30.0000   22.5000 9089.2109   20.1210
    0.0000  -30.0000   22.5000 9503.5967   20.1842
    7.5000  -30.0000   22.5000 9132.7793   20.1508
   -7.5000  -22.5000   22.500010313.4688   19.8296
    0.0000  -22.5000   22.500010791.4570   19.8887
    7.5000  -22.5000   22.500010368.6650   19.8603
   -7.5000  -15.0000   22.500011523.3076   19.7370
    0.0000  -15.0000   22.500012075.0264   19.7986
    7.5000  -15.0000   22.500011555.9160   19.7753
   -7.5000   -7.5000   22.500012647.4795   19.6959
    0.0000   -7.5000   22.500013282.4473   19.7629
    7.5000   -7.5000   22.500012687.8203   19.7422
   -7.5000    0.0000   22.500013760.3809   19.6888
    0.0000    0.0000   22.500014452.5293   19.7589
    7.5000    0.0000   22.500013799.1299   19.7363
   -7.5000    7.5000   22.500013806.9404   19.6845
    0.0000    7.5000   22.500014478.3545   19.7519
    7.5000    7.5000   22.500013828.0215   19.7238
   -7.5000   15.0000   22.500013653.9971   19.6834
    0.0000   15.0000   22.500014223.1992   19.7453
    7.5000   15.0000   22.500013603.6270   19.7150
   -7.5000   22.5000   22.500013300.6338   19.6826
    0.0000   22.5000   22.500013836.1914   19.7418
    7.5000   22.5000   22.500013231.0732   19.7150
   -7.5000   30.0000   22.500012935.3252   19.4433
    0.0000   30.0000   22.500013480.9639   19.5044
    7.5000   30.0000   22.500012885.8506   19.4819
   -7.5000   37.5000   22.500013038.5977   19.4394
    0.0000   37.5000   22.500013612.1318   19.5056
    7.5000   37.5000   22.500012994.2344   19.4852
   -7.5000   45.0000   22.500012491.9258   18.9778
    0.0000   45.0000   22.500013049.1582   19.0453
    7.5000   45.0000   22.500012463.8574   19.0236
   -7.5000  -45.0000   30.0000 6507.6162   21.3142
    0.0000  -45.0000   30.0000 6758.0571   21.3844
    7.5000  -45.0000   30.0000 6497.0586   21.3538
   -7.5000  -37.5000   30.0000 7292.0923   20.6759
    0.0000  -37.5000   30.0000 7590.8218   20.7406
    7.5000  -37.5000   30.0000 7285.1567   20.7043
   -7.5000  -30.0000   30.0000 8394.5957   20.2449
    0.0000  -30.0000   30.0000 8770.4219   20.3017
    7.5000  -30.0000   30.0000 8405.3457   20.2586
   -7.5000  -22.5000   30.0000 9551.3721   19.9473
    0.0000  -22.5000   30.0000 9979.7910   20.0029
    7.5000  -22.5000   30.0000 9552.4697   19.9637
   -7.5000  -15.0000   30.000010708.4883   19.8474
    0.0000  -15.0000   30.000011191.6943   19.9075
    7.5000  -15.0000   30.000010686.3887   19.8767
   -7.5000   -7.5000   30.000011771.4062   19.8031
    0.0000   -7.5000   30.000012311.6406   19.8687
    7.5000   -7.5000   30.000011747.4443   19.8459
   -7.5000    0.0000   30.000012787.9727   19.7979
    0.0000    0.0000   30.000013371.5156   19.8648
    7.5000    0.0000   30.000012786.5664   19.8424
   -7.5000    7.5000   30.000012813.0303   19.7990
    0.0000    7.5000   30.000013370.0137   19.8606
    7.5000    7.5000   30.000012817.5479   19.8288
   -7.5000   15.0000   30.000012644.7607   19.8024
    0.0000   15.0000   30.000013129.4502   19.8582
    7.5000   15.0000   30.000012628.1113   19.8188
   -7.5000   22.5000   30.000012316.5742   19.7990
    0.0000   22.5000   30.000012797.9141   19.8548
    7.5000   22.5000   30.000012308.8730   19.8173
   -7.5000   30.0000   30.000011962.3184   19.5521
    0.0000   30.0000   30.000012440.4404   19.6116
    7.5000   30.0000   30.000011974.7910   19.5818
   -7.5000   37.5000   30.000012041.5986   19.5452
    0.0000   37.5000   30.000012535.2783   19.6099
    7.5000   37.5000   30.000012073.3535   19.5875
   -7.5000   45.0000   30.000011607.7285   19.0828
    0.0000   45.0000   30.000012088.3428   19.1473
    7.5000   45.0000   30.000011613.6826   19.1258
   -7.5000  -45.0000   37.5000 6177.2979   21.5534
    0.0000  -45.0000   37.5000 6433.2456   21.6141
    7.5000  -45.0000   37.5000 6181.5317   21.5913
   -7.5000  -37.5000   37.5000 6928.0112   20.9146
    0.0000  -37.5000   37.5000 7217.4453   20.9684
    7.5000  -37.5000   37.5000 6936.7402   20.9380
   -7.5000  -30.0000   37.5000 8002.3203   20.4850
    0.0000  -30.0000   37.5000 8343.6523   20.5350
    7.5000  -30.0000   37.5000 8018.8257   20.4954
   -7.5000  -22.5000   37.5000 9103.6475   20.1800
    0.0000  -22.5000   37.5000 9494.5869   20.2348
    7.5000  -22.5000   37.5000 9114.8760   20.1989
   -7.5000  -15.0000   37.500010189.5381   20.0702
    0.0000  -15.0000   37.500010662.3408   20.1317
    7.5000  -15.0000   37.500010203.9316   20.1058
   -7.5000   -7.5000   37.500011225.7676   20.0196
    0.0000   -7.5000   37.500011736.4873   20.0834
    7.5000   -7.5000   37.500011234.9746   20.0672
   -7.5000    0.0000   37.500012180.8164   20.0149
    0.0000    0.0000   37.500012743.5596   20.0743
    7.5000    0.0000   37.500012210.6143   20.0591
   -7.5000    7.5000   37.500012197.8623   20.0244
    0.0000    7.5000   37.500012750.4268   20.0762
    7.5000    7.5000   37.500012230.7930   20.0499
   -7.5000   15.0000   37.500012048.1797   20.0350
    0.0000   15.0000   37.500012549.6738   20.0844
    7.5000   15.0000   37.500012070.7314   20.0483
   -7.5000   22.5000   37.500011768.9336   20.0286
    0.0000   22.5000   37.500012259.4775   20.0835
    7.5000   22.5000   37.500011805.5352   20.0494
   -7.5000   30.0000   37.500011443.1045   19.7712
    0.0000   30.0000   37.500011911.0059   19.8322
    7.5000   30.0000   37.500011478.3262   19.8072
   -7.5000   37.5000   37.500011515.9404   19.7589
    0.0000   37.5000   37.500011986.9639   19.8218
    7.5000   37.5000   37.500011553.4346   19.8059
   -7.5000   45.0000   37.500011119.4990   19.2920
    0.0000   45.0000   37.500011592.7559   19.3493
    7.5000   45.0000   37.500011134.9727   19.3347
   -7.5000  -45.0000   45.0000 5600.2490   21.9135
    0.0000  -45.0000   45.0000 5848.4990   21.9724
    7.5000  -45.0000   45.0000 5624.0542   21.9569
   -7.5000  -37.5000   45.0000 6293.0322   21.2560
    0.0000  -37.5000   45.0000 6565.5278   21.3089
    7.5000  -37.5000   45.0000 6329.0151   21.2885
   -7.5000  -30.0000   45.0000 7277.9722   20.8172
    0.0000  -30.0000   45.0000 7597.1328   20.8698
    7.5000  -30.0000   45.0000 7328.4619   20.8442
   -7.5000  -22.5000   45.0000 8291.2012   20.5028
    0.0000  -22.5000   45.0000 8657.5996   20.5636
    7.5000  -22.5000   45.0000 8327.8115   20.5427
   -7.5000  -15.0000   45.0000 9299.2324   20.3857
    0.0000  -15.0000   45.0000 9738.0215   20.4539
    7.5000  -15.0000   45.0000 9321.2549   20.4407
   -7.5000   -7.5000   45.000010245.7520   20.3301
    0.0000   -7.5000   45.000010748.7012   20.3968
    7.5000   -7.5000   45.000010275.0596   20.3893
   -7.5000    0.0000   45.000011122.2676   20.3245
    0.0000    0.0000   45.000011658.3350   20.3827
    7.5000    0.0000   45.000011167.6816   20.3743
   -7.5000    7.5000   45.000011157.8379   20.3383
    0.0000    7.5000   45.000011657.7637   20.3893
    7.5000    7.5000   45.000011199.5068   20.3724
   -7.5000   15.0000   45.000011031.9297   20.3530
    0.0000   15.0000   45.000011498.0371   20.4050
    7.5000   15.0000   45.000011069.2334   20.3823
   -7.5000   22.5000   45.000010785.4150   20.3455
    0.0000   22.5000   45.000011242.3057   20.4064
    7.5000   22.5000   45.000010835.1709   20.3871
   -7.5000   30.0000   45.000010478.9756   20.0792
    0.0000   30.0000   45.000010922.9131   20.1468
    7.5000   30.0000   45.000010529.4316   20.1343
   -7.5000   37.5000   45.000010543.0762   20.0635
    0.0000   37.5000   45.000010983.4922   20.1293
    7.5000   37.5000   45.000010593.4287   20.1220
   -7.5000   45.0000   45.000010204.6387   19.5993
    0.0000   45.0000   45.000010657.7910   19.6555
    7.5000   45.0000   45.000010254.3369   19.6474

---------------------------------------------------------------------
imgreg_4dfp /opt/freesurfer/average/711-2C_as_mni_average_305 /opt/freesurfer/average/711-2B_as_mni_average_305_mask talsrcimg_g11 none talsrcimg_to_711-2C_as_mni_average_305_t4 4355
---------------------------------------------------------------------

freesurfer imgreg_4dfp.c
/opt/freesurfer/average/711-2C_as_mni_average_305.4dfp.img
       256       256       256         1
  1.000000  1.000000  1.000000
orientation T byte_order littleendian
Reading image: /opt/freesurfer/average/711-2C_as_mni_average_305.4dfp.img
dimensions:      256       256       256
mmppix:       1.0000   -1.0000   -1.0000
center:     128.0000 -129.0000 -129.0000
/opt/freesurfer/average/711-2B_as_mni_average_305_mask.4dfp.img
       256       256       256         1
  1.000000  1.000000  1.000000
orientation T byte_order littleendian
Reading mask: /opt/freesurfer/average/711-2B_as_mni_average_305_mask.4dfp.img (2306576 pixels)
talsrcimg_g11.4dfp.img
       256       256       256         1
  1.000000  1.000000  1.000000
orientation T byte_order littleendian
Reading image: talsrcimg_g11.4dfp.img
dimensions:      256       256       256
mmppix:       1.0000   -1.0000   -1.0000
center:     128.0000 -129.0000 -129.0000
rotation matrix determinant  1.000000
image alignment mode   4355 decimal     1103 hex
   -7.5000  -37.5000  -45.0000 1749.6134   27.3945
    0.0000  -37.5000  -45.0000 1752.1715   27.1344
    7.5000  -37.5000  -45.0000 1741.0284   27.2561
   -7.5000  -30.0000  -45.0000 1870.0571   23.9294
    0.0000  -30.0000  -45.0000 1877.3080   23.7525
    7.5000  -30.0000  -45.0000 1867.7244   23.8948
   -7.5000  -22.5000  -45.0000 1997.1171   21.2450
    0.0000  -22.5000  -45.0000 2001.6066   21.0519
    7.5000  -22.5000  -45.0000 1988.7590   21.1979
   -7.5000  -15.0000  -45.0000 2105.3481   19.1562
    0.0000  -15.0000  -45.0000 2112.4504   18.9892
    7.5000  -15.0000  -45.0000 2098.6990   19.1026
   -7.5000   -7.5000  -45.0000 2200.7512   17.5473
    0.0000   -7.5000  -45.0000 2210.5171   17.4367
    7.5000   -7.5000  -45.0000 2199.2258   17.5058
   -7.5000    0.0000  -45.0000 2281.1519   16.3730
    0.0000    0.0000  -45.0000 2292.0835   16.3259
    7.5000    0.0000  -45.0000 2278.6414   16.3913
   -7.5000    7.5000  -45.0000 2321.7432   15.5975
    0.0000    7.5000  -45.0000 2337.7327   15.5646
    7.5000    7.5000  -45.0000 2324.7458   15.6384
   -7.5000   15.0000  -45.0000 2338.1006   15.1777
    0.0000   15.0000  -45.0000 2356.1243   15.1261
    7.5000   15.0000  -45.0000 2340.8660   15.2227
   -7.5000   22.5000  -45.0000 2341.0151   15.0797
    0.0000   22.5000  -45.0000 2362.8657   14.9872
    7.5000   22.5000  -45.0000 2350.3474   15.1194
   -7.5000   30.0000  -45.0000 2332.4368   15.3028
    0.0000   30.0000  -45.0000 2348.0039   15.2114
    7.5000   30.0000  -45.0000 2339.6885   15.3589
   -7.5000   37.5000  -45.0000 2308.6638   15.8677
    0.0000   37.5000  -45.0000 2324.6987   15.7435
    7.5000   37.5000  -45.0000 2315.1665   15.9350
   -7.5000   45.0000  -45.0000 2265.5034   16.7618
    0.0000   45.0000  -45.0000 2282.1768   16.6005
    7.5000   45.0000  -45.0000 2273.2864   16.8180
   -7.5000   52.5000  -45.0000 2181.7419   17.8449
    0.0000   52.5000  -45.0000 2199.5193   17.6230
    7.5000   52.5000  -45.0000 2188.0801   17.8631
   -7.5000  -37.5000  -37.5000 1797.4773   25.4983
    0.0000  -37.5000  -37.5000 1805.4825   25.2822
    7.5000  -37.5000  -37.5000 1804.2946   25.4060
   -7.5000  -30.0000  -37.5000 1927.9086   22.2714
    0.0000  -30.0000  -37.5000 1939.3601   22.1644
    7.5000  -30.0000  -37.5000 1934.5876   22.2292
   -7.5000  -22.5000  -37.5000 2064.0117   19.7939
    0.0000  -22.5000  -37.5000 2073.7493   19.6833
    7.5000  -22.5000  -37.5000 2062.5537   19.7447
   -7.5000  -15.0000  -37.5000 2185.1465   17.8672
    0.0000  -15.0000  -37.5000 2196.6116   17.7498
    7.5000  -15.0000  -37.5000 2180.2756   17.7869
   -7.5000   -7.5000  -37.5000 2288.6179   16.3012
    0.0000   -7.5000  -37.5000 2300.4109   16.2411
    7.5000   -7.5000  -37.5000 2285.0144   16.2857
   -7.5000    0.0000  -37.5000 2371.1064   15.1720
    0.0000    0.0000  -37.5000 2385.1995   15.1246
    7.5000    0.0000  -37.5000 2369.4094   15.1821
   -7.5000    7.5000  -37.5000 2420.8789   14.4406
    0.0000    7.5000  -37.5000 2435.9351   14.4055
    7.5000    7.5000  -37.5000 2417.2542   14.4478
   -7.5000   15.0000  -37.5000 2440.6614   13.9938
    0.0000   15.0000  -37.5000 2461.3135   13.9920
    7.5000   15.0000  -37.5000 2443.3000   14.0367
   -7.5000   22.5000  -37.5000 2448.1345   13.9038
    0.0000   22.5000  -37.5000 2471.9570   13.8736
    7.5000   22.5000  -37.5000 2454.5732   13.9440
   -7.5000   30.0000  -37.5000 2435.9028   14.1172
    0.0000   30.0000  -37.5000 2456.5518   14.0755
    7.5000   30.0000  -37.5000 2447.1865   14.1798
   -7.5000   37.5000  -37.5000 2410.6787   14.6411
    0.0000   37.5000  -37.5000 2430.9924   14.5598
    7.5000   37.5000  -37.5000 2421.0676   14.6809
   -7.5000   45.0000  -37.5000 2366.1782   15.4509
    0.0000   45.0000  -37.5000 2387.7351   15.3523
    7.5000   45.0000  -37.5000 2377.4163   15.4853
   -7.5000   52.5000  -37.5000 2276.0210   16.4477
    0.0000   52.5000  -37.5000 2296.9897   16.3099
    7.5000   52.5000  -37.5000 2286.5081   16.4577
   -7.5000  -37.5000  -30.0000 1878.3527   24.7812
    0.0000  -37.5000  -30.0000 1890.4888   24.6208
    7.5000  -37.5000  -30.0000 1886.3893   24.7525
   -7.5000  -30.0000  -30.0000 2020.9526   21.6043
    0.0000  -30.0000  -30.0000 2030.5774   21.5135
    7.5000  -30.0000  -30.0000 2025.9874   21.6039
   -7.5000  -22.5000  -30.0000 2164.6733   19.1723
    0.0000  -22.5000  -30.0000 2175.0266   19.1168
    7.5000  -22.5000  -30.0000 2164.5913   19.1459
   -7.5000  -15.0000  -30.0000 2295.6567   17.2755
    0.0000  -15.0000  -30.0000 2306.4392   17.2277
    7.5000  -15.0000  -30.0000 2291.8030   17.2691
   -7.5000   -7.5000  -30.0000 2405.8359   15.7808
    0.0000   -7.5000  -30.0000 2418.8755   15.7423
    7.5000   -7.5000  -30.0000 2402.4651   15.7754
   -7.5000    0.0000  -30.0000 2491.8999   14.6292
    0.0000    0.0000  -30.0000 2508.1492   14.6029
    7.5000    0.0000  -30.0000 2491.6890   14.6371
   -7.5000    7.5000  -30.0000 2550.3411   13.8705
    0.0000    7.5000  -30.0000 2568.4275   13.8511
    7.5000    7.5000  -30.0000 2553.9729   13.8853
   -7.5000   15.0000  -30.0000 2580.4993   13.4199
    0.0000   15.0000  -30.0000 2604.0063   13.4084
    7.5000   15.0000  -30.0000 2585.5693   13.4401
   -7.5000   22.5000  -30.0000 2600.7258   13.2984
    0.0000   22.5000  -30.0000 2624.9246   13.2931
    7.5000   22.5000  -30.0000 2606.4736   13.3370
   -7.5000   30.0000  -30.0000 2591.3713   13.5010
    0.0000   30.0000  -30.0000 2616.0217   13.5000
    7.5000   30.0000  -30.0000 2599.4426   13.5447
   -7.5000   37.5000  -30.0000 2559.2351   14.0617
    0.0000   37.5000  -30.0000 2583.6978   14.0171
    7.5000   37.5000  -30.0000 2570.6040   14.0881
   -7.5000   45.0000  -30.0000 2510.1509   14.8438
    0.0000   45.0000  -30.0000 2535.5525   14.7810
    7.5000   45.0000  -30.0000 2519.1021   14.8622
   -7.5000   52.5000  -30.0000 2414.6033   15.7782
    0.0000   52.5000  -30.0000 2440.1260   15.6811
    7.5000   52.5000  -30.0000 2427.9351   15.7816
   -7.5000  -37.5000  -22.5000 1943.1266   24.0154
    0.0000  -37.5000  -22.5000 1952.0020   23.8627
    7.5000  -37.5000  -22.5000 1946.9150   24.0431
   -7.5000  -30.0000  -22.5000 2088.2512   20.8799
    0.0000  -30.0000  -22.5000 2094.9192   20.7750
    7.5000  -30.0000  -22.5000 2090.6765   20.9494
   -7.5000  -22.5000  -22.5000 2235.6194   18.4916
    0.0000  -22.5000  -22.5000 2246.0747   18.4383
    7.5000  -22.5000  -22.5000 2234.4817   18.5521
   -7.5000  -15.0000  -22.5000 2369.4988   16.6176
    0.0000  -15.0000  -22.5000 2382.5422   16.5744
    7.5000  -15.0000  -22.5000 2364.0591   16.6703
   -7.5000   -7.5000  -22.5000 2484.6301   15.1598
    0.0000   -7.5000  -22.5000 2499.6863   15.1363
    7.5000   -7.5000  -22.5000 2480.5027   15.1830
   -7.5000    0.0000  -22.5000 2579.3333   14.0445
    0.0000    0.0000  -22.5000 2597.5276   14.0502
    7.5000    0.0000  -22.5000 2580.2476   14.0742
   -7.5000    7.5000  -22.5000 2649.1584   13.2522
    0.0000    7.5000  -22.5000 2668.1477   13.2436
    7.5000    7.5000  -22.5000 2657.2012   13.2931
   -7.5000   15.0000  -22.5000 2688.5227   12.7665
    0.0000   15.0000  -22.5000 2712.3601   12.7723
    7.5000   15.0000  -22.5000 2697.2576   12.8093
   -7.5000   22.5000  -22.5000 2715.6135   12.6290
    0.0000   22.5000  -22.5000 2744.3064   12.6376
    7.5000   22.5000  -22.5000 2721.6931   12.6585
   -7.5000   30.0000  -22.5000 2713.1877   12.8138
    0.0000   30.0000  -22.5000 2746.7544   12.8346
    7.5000   30.0000  -22.5000 2721.8501   12.8646
   -7.5000   37.5000  -22.5000 2683.9990   13.3859
    0.0000   37.5000  -22.5000 2715.4587   13.3849
    7.5000   37.5000  -22.5000 2691.9397   13.4254
   -7.5000   45.0000  -22.5000 2629.8130   14.1648
    0.0000   45.0000  -22.5000 2660.1628   14.1376
    7.5000   45.0000  -22.5000 2638.0317   14.1866
   -7.5000   52.5000  -22.5000 2523.3323   15.0662
    0.0000   52.5000  -22.5000 2552.7905   14.9898
    7.5000   52.5000  -22.5000 2537.9790   15.0677
   -7.5000  -37.5000  -15.0000 1982.7571   23.3178
    0.0000  -37.5000  -15.0000 1988.3866   23.1675
    7.5000  -37.5000  -15.0000 1986.0358   23.4262
   -7.5000  -30.0000  -15.0000 2128.8591   20.2731
    0.0000  -30.0000  -15.0000 2133.3782   20.1593
    7.5000  -30.0000  -15.0000 2129.9167   20.3853
   -7.5000  -22.5000  -15.0000 2275.7449   17.8995
    0.0000  -22.5000  -15.0000 2289.1609   17.8345
    7.5000  -22.5000  -15.0000 2276.5112   18.0006
   -7.5000  -15.0000  -15.0000 2408.4119   16.0286
    0.0000  -15.0000  -15.0000 2422.5305   15.9659
    7.5000  -15.0000  -15.0000 2406.9839   16.1252
   -7.5000   -7.5000  -15.0000 2527.5869   14.5997
    0.0000   -7.5000  -15.0000 2544.0693   14.5557
    7.5000   -7.5000  -15.0000 2526.3647   14.6824
   -7.5000    0.0000  -15.0000 2632.8330   13.4967
    0.0000    0.0000  -15.0000 2653.5789   13.4682
    7.5000    0.0000  -15.0000 2637.7007   13.5609
   -7.5000    7.5000  -15.0000 2717.4055   12.7125
    0.0000    7.5000  -15.0000 2742.4771   12.6866
    7.5000    7.5000  -15.0000 2727.6687   12.7544
   -7.5000   15.0000  -15.0000 2770.5361   12.1947
    0.0000   15.0000  -15.0000 2795.7087   12.1842
    7.5000   15.0000  -15.0000 2780.7295   12.2423
   -7.5000   22.5000  -15.0000 2801.8425   11.9934
    0.0000   22.5000  -15.0000 2836.3452   12.0102
    7.5000   22.5000  -15.0000 2811.7048   12.0632
   -7.5000   30.0000  -15.0000 2805.6177   12.1735
    0.0000   30.0000  -15.0000 2846.4045   12.1817
    7.5000   30.0000  -15.0000 2816.2510   12.2382
   -7.5000   37.5000  -15.0000 2777.5642   12.7421
    0.0000   37.5000  -15.0000 2813.0527   12.7370
    7.5000   37.5000  -15.0000 2791.5806   12.7924
   -7.5000   45.0000  -15.0000 2718.5330   13.5003
    0.0000   45.0000  -15.0000 2748.5999   13.4704
    7.5000   45.0000  -15.0000 2731.3530   13.5068
   -7.5000   52.5000  -15.0000 2605.6328   14.3764
    0.0000   52.5000  -15.0000 2632.8521   14.3088
    7.5000   52.5000  -15.0000 2615.7129   14.3638
   -7.5000  -37.5000   -7.5000 2003.4714   22.8090
    0.0000  -37.5000   -7.5000 2008.2706   22.6694
    7.5000  -37.5000   -7.5000 2008.3042   23.0357
   -7.5000  -30.0000   -7.5000 2143.3215   19.7888
    0.0000  -30.0000   -7.5000 2155.3528   19.6837
    7.5000  -30.0000   -7.5000 2151.1379   19.9744
   -7.5000  -22.5000   -7.5000 2289.8899   17.4032
    0.0000  -22.5000   -7.5000 2308.1619   17.3370
    7.5000  -22.5000   -7.5000 2297.3977   17.5935
   -7.5000  -15.0000   -7.5000 2428.0796   15.5385
    0.0000  -15.0000   -7.5000 2441.6099   15.4699
    7.5000  -15.0000   -7.5000 2427.1946   15.6939
   -7.5000   -7.5000   -7.5000 2550.2332   14.1270
    0.0000   -7.5000   -7.5000 2567.1130   14.0335
    7.5000   -7.5000   -7.5000 2551.3330   14.2207
   -7.5000    0.0000   -7.5000 2661.6287   13.0237
    0.0000    0.0000   -7.5000 2683.5488   12.9454
    7.5000    0.0000   -7.5000 2670.9700   13.1272
   -7.5000    7.5000   -7.5000 2760.7859   12.2456
    0.0000    7.5000   -7.5000 2791.6943   12.1724
    7.5000    7.5000   -7.5000 2777.1526   12.3205
   -7.5000   15.0000   -7.5000 2829.7954   11.7232
    0.0000   15.0000   -7.5000 2868.2832   11.6617
    7.5000   15.0000   -7.5000 2849.4783   11.7806
   -7.5000   22.5000   -7.5000 2876.6274   11.4935
    0.0000   22.5000   -7.5000 2914.9990   11.4524
    7.5000   22.5000   -7.5000 2891.1160   11.5718
   -7.5000   30.0000   -7.5000 2885.4507   11.6270
    0.0000   30.0000   -7.5000 2926.6975   11.5998
    7.5000   30.0000   -7.5000 2899.1521   11.7166
   -7.5000   37.5000   -7.5000 2848.8506   12.1562
    0.0000   37.5000   -7.5000 2888.1721   12.1355
    7.5000   37.5000   -7.5000 2866.2866   12.2440
   -7.5000   45.0000   -7.5000 2780.9329   12.8837
    0.0000   45.0000   -7.5000 2811.4648   12.8265
    7.5000   45.0000   -7.5000 2797.5776   12.9139
   -7.5000   52.5000   -7.5000 2657.6697   13.7719
    0.0000   52.5000   -7.5000 2683.7605   13.6853
    7.5000   52.5000   -7.5000 2668.4407   13.7723
   -7.5000  -37.5000    0.0000 1999.8199   22.6414
    0.0000  -37.5000    0.0000 2011.1282   22.5319
    7.5000  -37.5000    0.0000 2007.9200   22.9170
   -7.5000  -30.0000    0.0000 2143.3425   19.6232
    0.0000  -30.0000    0.0000 2161.8433   19.5337
    7.5000  -30.0000    0.0000 2153.9473   19.8965
   -7.5000  -22.5000    0.0000 2289.5183   17.1636
    0.0000  -22.5000    0.0000 2310.5701   17.0820
    7.5000  -22.5000    0.0000 2299.5710   17.4486
   -7.5000  -15.0000    0.0000 2427.6152   15.3028
    0.0000  -15.0000    0.0000 2441.1135   15.1826
    7.5000  -15.0000    0.0000 2429.7104   15.5312
   -7.5000   -7.5000    0.0000 2551.7185   13.8788
    0.0000   -7.5000    0.0000 2569.7974   13.7244
    7.5000   -7.5000    0.0000 2556.2397   14.0325
   -7.5000    0.0000    0.0000 2669.9590   12.7747
    0.0000    0.0000    0.0000 2692.9565   12.6240
    7.5000    0.0000    0.0000 2682.4663   12.9166
   -7.5000    7.5000    0.0000 2780.0503   11.9917
    0.0000    7.5000    0.0000 2811.2156   11.8325
    7.5000    7.5000    0.0000 2797.9116   12.0894
   -7.5000   15.0000    0.0000 2871.7441   11.4696
    0.0000   15.0000    0.0000 2910.5022   11.3125
    7.5000   15.0000    0.0000 2889.6208   11.5461
   -7.5000   22.5000    0.0000 2931.6638   11.1941
    0.0000   22.5000    0.0000 2975.2910   11.0104
    7.5000   22.5000    0.0000 2946.4282   11.3015
   -7.5000   30.0000    0.0000 2944.5630   11.2861
    0.0000   30.0000    0.0000 2987.8828   11.1534
    7.5000   30.0000    0.0000 2962.7734   11.4019
   -7.5000   37.5000    0.0000 2894.5479   11.8218
    0.0000   37.5000    0.0000 2939.0425   11.7004
    7.5000   37.5000    0.0000 2918.5623   11.9202
   -7.5000   45.0000    0.0000 2815.8149   12.5199
    0.0000   45.0000    0.0000 2849.9490   12.4207
    7.5000   45.0000    0.0000 2839.5837   12.5867
   -7.5000   52.5000    0.0000 2689.4585   13.3897
    0.0000   52.5000    0.0000 2716.4929   13.2734
    7.5000   52.5000    0.0000 2706.9790   13.4186
   -7.5000  -37.5000    7.5000 1989.0118   22.7727
    0.0000  -37.5000    7.5000 1999.9751   22.5646
    7.5000  -37.5000    7.5000 1998.2661   23.0843
   -7.5000  -30.0000    7.5000 2135.1038   19.6889
    0.0000  -30.0000    7.5000 2152.3550   19.5306
    7.5000  -30.0000    7.5000 2144.7183   19.9643
   -7.5000  -22.5000    7.5000 2282.1470   17.2291
    0.0000  -22.5000    7.5000 2300.0132   17.0720
    7.5000  -22.5000    7.5000 2286.6294   17.5048
   -7.5000  -15.0000    7.5000 2412.2742   15.3375
    0.0000  -15.0000    7.5000 2429.6899   15.1624
    7.5000  -15.0000    7.5000 2416.1438   15.5775
   -7.5000   -7.5000    7.5000 2535.2729   13.8765
    0.0000   -7.5000    7.5000 2555.1865   13.6643
    7.5000   -7.5000    7.5000 2540.6177   14.0427
   -7.5000    0.0000    7.5000 2655.5149   12.7554
    0.0000    0.0000    7.5000 2683.0818   12.5280
    7.5000    0.0000    7.5000 2672.9009   12.8945
   -7.5000    7.5000    7.5000 2769.6941   11.9404
    0.0000    7.5000    7.5000 2797.7124   11.7011
    7.5000    7.5000    7.5000 2791.7688   12.0627
   -7.5000   15.0000    7.5000 2869.0352   11.4519
    0.0000   15.0000    7.5000 2903.9219   11.2167
    7.5000   15.0000    7.5000 2894.4358   11.5327
   -7.5000   22.5000    7.5000 2951.5317   11.2086
    0.0000   22.5000    7.5000 2989.9294   10.9149
    7.5000   22.5000    7.5000 2966.3328   11.2739
   -7.5000   30.0000    7.5000 2978.1018   11.2500
    0.0000   30.0000    7.5000 3018.5137   10.9820
    7.5000   30.0000    7.5000 2988.4900   11.2881
   -7.5000   37.5000    7.5000 2920.4609   11.6980
    0.0000   37.5000    7.5000 2963.2456   11.5341
    7.5000   37.5000    7.5000 2939.0940   11.7327
   -7.5000   45.0000    7.5000 2827.8276   12.3858
    0.0000   45.0000    7.5000 2859.3503   12.2638
    7.5000   45.0000    7.5000 2848.7109   12.4154
   -7.5000   52.5000    7.5000 2696.1758   13.2468
    0.0000   52.5000    7.5000 2724.1743   13.1216
    7.5000   52.5000    7.5000 2713.5149   13.2367
   -7.5000  -37.5000   15.0000 1953.8168   23.2109
    0.0000  -37.5000   15.0000 1966.5675   23.0578
    7.5000  -37.5000   15.0000 1964.9404   23.5624
   -7.5000  -30.0000   15.0000 2107.7561   20.0229
    0.0000  -30.0000   15.0000 2129.8918   19.8815
    7.5000  -30.0000   15.0000 2118.1340   20.3272
   -7.5000  -22.5000   15.0000 2260.6777   17.4811
    0.0000  -22.5000   15.0000 2282.8057   17.3131
    7.5000  -22.5000   15.0000 2266.2410   17.7558
   -7.5000  -15.0000   15.0000 2387.9160   15.5392
    0.0000  -15.0000   15.0000 2409.8752   15.3431
    7.5000  -15.0000   15.0000 2394.5686   15.7635
   -7.5000   -7.5000   15.0000 2504.3955   14.0885
    0.0000   -7.5000   15.0000 2525.9895   13.8717
    7.5000   -7.5000   15.0000 2517.8281   14.2541
   -7.5000    0.0000   15.0000 2624.8601   13.0223
    0.0000    0.0000   15.0000 2653.8994   12.7949
    7.5000    0.0000   15.0000 2649.3342   13.1173
   -7.5000    7.5000   15.0000 2744.2268   12.2402
    0.0000    7.5000   15.0000 2771.8750   12.0230
    7.5000    7.5000   15.0000 2766.7517   12.3020
   -7.5000   15.0000   15.0000 2840.5864   11.7436
    0.0000   15.0000   15.0000 2876.9316   11.5490
    7.5000   15.0000   15.0000 2863.8057   11.7654
   -7.5000   22.5000   15.0000 2919.3245   11.4808
    0.0000   22.5000   15.0000 2951.8242   11.2730
    7.5000   22.5000   15.0000 2933.2886   11.4559
   -7.5000   30.0000   15.0000 2943.6018   11.5166
    0.0000   30.0000   15.0000 2982.8135   11.3656
    7.5000   30.0000   15.0000 2957.6045   11.4866
   -7.5000   37.5000   15.0000 2902.6299   11.8475
    0.0000   37.5000   15.0000 2946.1477   11.7506
    7.5000   37.5000   15.0000 2916.7595   11.8619
   -7.5000   45.0000   15.0000 2812.2319   12.4972
    0.0000   45.0000   15.0000 2847.4976   12.4232
    7.5000   45.0000   15.0000 2829.1816   12.5349
   -7.5000   52.5000   15.0000 2679.3157   13.3471
    0.0000   52.5000   15.0000 2707.1392   13.2383
    7.5000   52.5000   15.0000 2696.4773   13.3170
   -7.5000  -37.5000   22.5000 1906.2173   24.0392
    0.0000  -37.5000   22.5000 1922.3429   23.8148
    7.5000  -37.5000   22.5000 1926.1910   24.4021
   -7.5000  -30.0000   22.5000 2065.3674   20.6672
    0.0000  -30.0000   22.5000 2089.8987   20.4398
    7.5000  -30.0000   22.5000 2086.5171   20.9426
   -7.5000  -22.5000   22.5000 2224.2961   18.0475
    0.0000  -22.5000   22.5000 2247.9155   17.8494
    7.5000  -22.5000   22.5000 2239.4150   18.2673
   -7.5000  -15.0000   22.5000 2359.4429   16.0717
    0.0000  -15.0000   22.5000 2384.2998   15.9233
    7.5000  -15.0000   22.5000 2370.1816   16.2547
   -7.5000   -7.5000   22.5000 2473.8599   14.6417
    0.0000   -7.5000   22.5000 2500.2346   14.5008
    7.5000   -7.5000   22.5000 2486.2290   14.7522
   -7.5000    0.0000   22.5000 2591.5405   13.5839
    0.0000    0.0000   22.5000 2622.3591   13.4284
    7.5000    0.0000   22.5000 2609.6890   13.6288
   -7.5000    7.5000   22.5000 2701.4631   12.7754
    0.0000    7.5000   22.5000 2733.3171   12.6052
    7.5000    7.5000   22.5000 2723.4319   12.7670
   -7.5000   15.0000   22.5000 2790.4099   12.2263
    0.0000   15.0000   22.5000 2823.4146   12.0298
    7.5000   15.0000   22.5000 2812.3103   12.1745
   -7.5000   22.5000   22.5000 2854.0366   11.8911
    0.0000   22.5000   22.5000 2886.4419   11.7213
    7.5000   22.5000   22.5000 2871.4319   11.8499
   -7.5000   30.0000   22.5000 2874.3257   11.9021
    0.0000   30.0000   22.5000 2907.3499   11.7924
    7.5000   30.0000   22.5000 2891.5449   11.8831
   -7.5000   37.5000   22.5000 2844.9849   12.2290
    0.0000   37.5000   22.5000 2880.8997   12.1437
    7.5000   37.5000   22.5000 2858.4138   12.2461
   -7.5000   45.0000   22.5000 2765.6125   12.8798
    0.0000   45.0000   22.5000 2800.8054   12.8472
    7.5000   45.0000   22.5000 2783.0959   12.9258
   -7.5000   52.5000   22.5000 2639.0461   13.6978
    0.0000   52.5000   22.5000 2669.0642   13.6474
    7.5000   52.5000   22.5000 2654.3691   13.6923
   -7.5000  -37.5000   30.0000 1852.8489   25.3454
    0.0000  -37.5000   30.0000 1868.0583   25.0607
    7.5000  -37.5000   30.0000 1876.1708   25.5791
   -7.5000  -30.0000   30.0000 2013.8619   21.7153
    0.0000  -30.0000   30.0000 2037.1985   21.5259
    7.5000  -30.0000   30.0000 2038.4254   21.8915
   -7.5000  -22.5000   30.0000 2173.8091   18.9740
    0.0000  -22.5000   30.0000 2196.1221   18.8266
    7.5000  -22.5000   30.0000 2191.7419   19.1010
   -7.5000  -15.0000   30.0000 2315.7559   16.9356
    0.0000  -15.0000   30.0000 2339.7263   16.8184
    7.5000  -15.0000   30.0000 2324.9114   17.0287
   -7.5000   -7.5000   30.0000 2432.1980   15.4323
    0.0000   -7.5000   30.0000 2460.4287   15.3059
    7.5000   -7.5000   30.0000 2441.3816   15.4826
   -7.5000    0.0000   30.0000 2542.6003   14.3265
    0.0000    0.0000   30.0000 2576.5405   14.1744
    7.5000    0.0000   30.0000 2557.5071   14.3109
   -7.5000    7.5000   30.0000 2646.3926   13.4614
    0.0000    7.5000   30.0000 2679.4092   13.2704
    7.5000    7.5000   30.0000 2667.7202   13.4220
   -7.5000   15.0000   30.0000 2725.1682   12.8639
    0.0000   15.0000   30.0000 2757.3267   12.6602
    7.5000   15.0000   30.0000 2745.1597   12.8060
   -7.5000   22.5000   30.0000 2777.8525   12.4987
    0.0000   22.5000   30.0000 2803.8074   12.3497
    7.5000   22.5000   30.0000 2795.4924   12.4688
   -7.5000   30.0000   30.0000 2784.2185   12.5197
    0.0000   30.0000   30.0000 2814.8091   12.3965
    7.5000   30.0000   30.0000 2803.2585   12.5101
   -7.5000   37.5000   30.0000 2757.2461   12.7903
    0.0000   37.5000   30.0000 2791.5037   12.6716
    7.5000   37.5000   30.0000 2778.7427   12.8290
   -7.5000   45.0000   30.0000 2690.7175   13.4259
    0.0000   45.0000   30.0000 2725.4297   13.3197
    7.5000   45.0000   30.0000 2711.3706   13.4668
   -7.5000   52.5000   30.0000 2577.9041   14.2203
    0.0000   52.5000   30.0000 2605.0647   14.1286
    7.5000   52.5000   30.0000 2594.1765   14.2234
   -7.5000  -37.5000   37.5000 1796.4066   26.9445
    0.0000  -37.5000   37.5000 1811.7999   26.6189
    7.5000  -37.5000   37.5000 1818.0804   27.0344
   -7.5000  -30.0000   37.5000 1963.8635   23.0556
    0.0000  -30.0000   37.5000 1981.1205   22.8318
    7.5000  -30.0000   37.5000 1982.9138   23.1015
   -7.5000  -22.5000   37.5000 2122.7495   20.1213
    0.0000  -22.5000   37.5000 2141.5146   19.9505
    7.5000  -22.5000   37.5000 2138.1736   20.1274
   -7.5000  -15.0000   37.5000 2260.2612   17.9281
    0.0000  -15.0000   37.5000 2289.6907   17.8132
    7.5000  -15.0000   37.5000 2272.0586   17.9574
   -7.5000   -7.5000   37.5000 2377.0493   16.3490
    0.0000   -7.5000   37.5000 2408.0132   16.2214
    7.5000   -7.5000   37.5000 2389.4722   16.3295
   -7.5000    0.0000   37.5000 2482.7581   15.1821
    0.0000    0.0000   37.5000 2516.0596   15.0209
    7.5000    0.0000   37.5000 2499.2129   15.1251
   -7.5000    7.5000   37.5000 2575.6926   14.2882
    0.0000    7.5000   37.5000 2610.3423   14.1015
    7.5000    7.5000   37.5000 2597.8152   14.2330
   -7.5000   15.0000   37.5000 2645.1750   13.6563
    0.0000   15.0000   37.5000 2676.3088   13.4816
    7.5000   15.0000   37.5000 2663.8191   13.5955
   -7.5000   22.5000   37.5000 2687.0398   13.3031
    0.0000   22.5000   37.5000 2713.8123   13.1620
    7.5000   22.5000   37.5000 2706.4358   13.2727
   -7.5000   30.0000   37.5000 2688.9385   13.3064
    0.0000   30.0000   37.5000 2715.1660   13.1698
    7.5000   30.0000   37.5000 2708.7493   13.2927
   -7.5000   37.5000   37.5000 2667.5227   13.5341
    0.0000   37.5000   37.5000 2693.3013   13.4279
    7.5000   37.5000   37.5000 2686.7229   13.5743
   -7.5000   45.0000   37.5000 2608.6780   14.1157
    0.0000   45.0000   37.5000 2640.5071   14.0197
    7.5000   45.0000   37.5000 2628.1787   14.1383
   -7.5000   52.5000   37.5000 2505.2224   14.8637
    0.0000   52.5000   37.5000 2532.2039   14.7394
    7.5000   52.5000   37.5000 2521.6367   14.8646
   -7.5000  -37.5000   45.0000 1735.8956   28.8107
    0.0000  -37.5000   45.0000 1748.2664   28.4443
    7.5000  -37.5000   45.0000 1751.3862   28.8623
   -7.5000  -30.0000   45.0000 1907.3763   24.6027
    0.0000  -30.0000   45.0000 1921.0356   24.3214
    7.5000  -30.0000   45.0000 1919.8787   24.6259
   -7.5000  -22.5000   45.0000 2061.2849   21.5383
    0.0000  -22.5000   45.0000 2079.4382   21.2779
    7.5000  -22.5000   45.0000 2072.9966   21.4456
   -7.5000  -15.0000   45.0000 2198.0554   19.2134
    0.0000  -15.0000   45.0000 2225.2988   19.0314
    7.5000  -15.0000   45.0000 2207.1609   19.1310
   -7.5000   -7.5000   45.0000 2314.3352   17.5124
    0.0000   -7.5000   45.0000 2347.2087   17.3447
    7.5000   -7.5000   45.0000 2327.5071   17.4364
   -7.5000    0.0000   45.0000 2412.9055   16.2645
    0.0000    0.0000   45.0000 2445.6633   16.0651
    7.5000    0.0000   45.0000 2429.2761   16.1590
   -7.5000    7.5000   45.0000 2500.0632   15.3424
    0.0000    7.5000   45.0000 2528.3127   15.1364
    7.5000    7.5000   45.0000 2520.2356   15.2525
   -7.5000   15.0000   45.0000 2557.7830   14.6668
    0.0000   15.0000   45.0000 2584.8523   14.5007
    7.5000   15.0000   45.0000 2576.4946   14.6172
   -7.5000   22.5000   45.0000 2591.5205   14.3198
    0.0000   22.5000   45.0000 2614.6382   14.1597
    7.5000   22.5000   45.0000 2609.4905   14.2762
   -7.5000   30.0000   45.0000 2591.0911   14.2635
    0.0000   30.0000   45.0000 2614.9941   14.1556
    7.5000   30.0000   45.0000 2609.6643   14.2608
   -7.5000   37.5000   45.0000 2573.7317   14.4720
    0.0000   37.5000   45.0000 2596.1499   14.3863
    7.5000   37.5000   45.0000 2590.9685   14.5308
   -7.5000   45.0000   45.0000 2521.3542   15.0236
    0.0000   45.0000   45.0000 2551.4255   14.9193
    7.5000   45.0000   45.0000 2542.3281   15.0688
   -7.5000   52.5000   45.0000 2425.1997   15.7543
    0.0000   52.5000   45.0000 2449.4609   15.6186
    7.5000   52.5000   45.0000 2441.5686   15.7454

---------------------------------------------------------------------
imgreg_4dfp /opt/freesurfer/average/711-2C_as_mni_average_305 /opt/freesurfer/average/711-2B_as_mni_average_305_mask talsrcimg_g11 none talsrcimg_to_711-2C_as_mni_average_305_t4 1283
---------------------------------------------------------------------

freesurfer imgreg_4dfp.c
/opt/freesurfer/average/711-2C_as_mni_average_305.4dfp.img
       256       256       256         1
  1.000000  1.000000  1.000000
orientation T byte_order littleendian
Reading image: /opt/freesurfer/average/711-2C_as_mni_average_305.4dfp.img
dimensions:      256       256       256
mmppix:       1.0000   -1.0000   -1.0000
center:     128.0000 -129.0000 -129.0000
/opt/freesurfer/average/711-2B_as_mni_average_305_mask.4dfp.img
       256       256       256         1
  1.000000  1.000000  1.000000
orientation T byte_order littleendian
Reading mask: /opt/freesurfer/average/711-2B_as_mni_average_305_mask.4dfp.img (2306576 pixels)
talsrcimg_g11.4dfp.img
       256       256       256         1
  1.000000  1.000000  1.000000
orientation T byte_order littleendian
Reading image: talsrcimg_g11.4dfp.img
dimensions:      256       256       256
mmppix:       1.0000   -1.0000   -1.0000
center:     128.0000 -129.0000 -129.0000
rotation matrix determinant  1.000000
fimgreg.f
image alignment mode   1283 decimal      503 hex
parameters
    0.0000   30.0000    7.5000    0.0000    0.0000    0.0000
eta,q 0.94537 10.92589
niter,ni,del,rscale     5    3   12.0000    1.2000
parameter  6  1.546249 ->  0.500000 qaram    1.1500
parameters
    1.2534   28.7846    7.1312   -2.6034   -1.8144   -3.4500
eta,q 0.94978 10.90123
  0.0647  0.0615  0.0611  0.0571  0.0570  0.0495
  0.0624  0.0577  0.0594  0.0557  0.0548  0.0499
  0.0581  0.0562  0.0569  0.0550  0.0540  0.0514
  0.0551  0.0567  0.0560  0.0561  0.0551  0.0540
  0.0585  0.0588  0.0576  0.0587  0.0570  0.0571
  0.0596  0.0624  0.0598  0.0615  0.0584  0.0604
  0.0594  0.0676  0.0627  0.0647  0.0602  0.0631
niter,ni,del,rscale     5    3   12.0000    1.2000
parameters
    1.6290   29.9165    7.1111   -3.3528   -1.6052   -5.6259
eta,q 0.95113 10.95531
  0.0600  0.0628  0.0568  0.0551  0.0562  0.0526
  0.0576  0.0583  0.0532  0.0533  0.0526  0.0500
  0.0525  0.0539  0.0504  0.0504  0.0506  0.0489
  0.0502  0.0505  0.0500  0.0500  0.0497  0.0497
  0.0527  0.0504  0.0517  0.0518  0.0505  0.0525
  0.0550  0.0529  0.0535  0.0547  0.0526  0.0561
  0.0585  0.0570  0.0563  0.0589  0.0550  0.0594
niter,ni,del,rscale     4    3   12.0000    1.2000
parameters
    1.7123   30.1134    6.9160   -3.6508   -1.6319   -5.7826
eta,q 0.95125 10.96685
  0.0587  0.0600  0.0557  0.0545  0.0556  0.0558
  0.0557  0.0557  0.0514  0.0529  0.0515  0.0523
  0.0506  0.0515  0.0488  0.0501  0.0493  0.0498
  0.0489  0.0489  0.0489  0.0488  0.0487  0.0487
  0.0513  0.0505  0.0508  0.0502  0.0500  0.0497
  0.0540  0.0539  0.0526  0.0526  0.0524  0.0528
  0.0588  0.0594  0.0556  0.0567  0.0550  0.0565
niter,ni,del,rscale     3    3   12.0000    1.2000
parameters
    1.7530   30.1798    6.8472   -3.7355   -1.6254   -5.8483
eta,q 0.95127 10.97065
  0.0585  0.0596  0.0560  0.0548  0.0556  0.0559
  0.0553  0.0554  0.0516  0.0530  0.0516  0.0524
  0.0505  0.0512  0.0488  0.0504  0.0493  0.0499
  0.0487  0.0488  0.0488  0.0487  0.0487  0.0487
  0.0512  0.0506  0.0506  0.0500  0.0499  0.0496
  0.0538  0.0542  0.0525  0.0522  0.0523  0.0526
  0.0589  0.0599  0.0553  0.0561  0.0549  0.0564
niter,ni,del,rscale     2    3   12.0000    1.2000
parameters
    1.7682   30.2009    6.8217   -3.7628   -1.6212   -5.8726
eta,q 0.95127 10.97188
  0.0584  0.0595  0.0561  0.0549  0.0556  0.0560
  0.0552  0.0553  0.0517  0.0531  0.0516  0.0525
  0.0504  0.0510  0.0488  0.0505  0.0493  0.0500
  0.0487  0.0487  0.0487  0.0487  0.0487  0.0487
  0.0511  0.0507  0.0506  0.0499  0.0499  0.0495
  0.0538  0.0543  0.0525  0.0521  0.0523  0.0525
  0.0589  0.0601  0.0552  0.0559  0.0549  0.0563
registration optimization eta report
parameter search radius
    6.0000    6.0000    6.0000    6.0000    6.0000    6.9000
100000*second partial in parameter space
       26.       29.       19.       17.       18.       15.
  0.0584  0.0595  0.0561  0.0549  0.0556  0.0560
  0.0552  0.0553  0.0517  0.0531  0.0516  0.0525
  0.0504  0.0510  0.0488  0.0505  0.0493  0.0500
  0.0487  0.0487  0.0487  0.0487  0.0487  0.0487
  0.0511  0.0507  0.0506  0.0499  0.0499  0.0495
  0.0538  0.0543  0.0525  0.0521  0.0523  0.0525
  0.0589  0.0601  0.0552  0.0559  0.0549  0.0563
    1.7682   30.2009    6.8217   -3.7628   -1.6212   -5.8726
eta,q 0.95127 10.97188

---------------------------------------------------------------------
imgreg_4dfp /opt/freesurfer/average/711-2C_as_mni_average_305 /opt/freesurfer/average/711-2B_as_mni_average_305_mask talsrcimg_g11 none talsrcimg_to_711-2C_as_mni_average_305_t4 3335
---------------------------------------------------------------------

freesurfer imgreg_4dfp.c
/opt/freesurfer/average/711-2C_as_mni_average_305.4dfp.img
       256       256       256         1
  1.000000  1.000000  1.000000
orientation T byte_order littleendian
Reading image: /opt/freesurfer/average/711-2C_as_mni_average_305.4dfp.img
dimensions:      256       256       256
mmppix:       1.0000   -1.0000   -1.0000
center:     128.0000 -129.0000 -129.0000
/opt/freesurfer/average/711-2B_as_mni_average_305_mask.4dfp.img
       256       256       256         1
  1.000000  1.000000  1.000000
orientation T byte_order littleendian
Reading mask: /opt/freesurfer/average/711-2B_as_mni_average_305_mask.4dfp.img (2306576 pixels)
talsrcimg_g11.4dfp.img
       256       256       256         1
  1.000000  1.000000  1.000000
orientation T byte_order littleendian
Reading image: talsrcimg_g11.4dfp.img
dimensions:      256       256       256
mmppix:       1.0000   -1.0000   -1.0000
center:     128.0000 -129.0000 -129.0000
fimgreg.f
image alignment mode   3335 decimal      D07 hex
parameters
    1.7682   30.2009    6.8217   -0.5646   -0.7203   -0.2555
   10.0248    3.4798  -10.2275    6.2393   -2.8292   -6.5600
eta,q 0.95100 10.90896
niter,ni,del,rscale     5    3    5.0000    1.2000
parameter  4156.018478 ->  0.500000 qaram    1.1500
parameter  5  2.605708 ->  0.500000 qaram    1.1500
parameter  6  1.760995 ->  0.500000 qaram    1.1500
parameters
    1.0768   30.2614    7.0655   -4.7046   -4.8603   -4.3955
    7.8363    4.3099   -7.1809    5.8564   -1.7144   -7.1562
eta,q 0.97129 10.48898
  0.0495  0.0509  0.0504  0.0361  0.0324  0.0277  0.0309  0.0353  0.0333  0.0320  0.0314  0.0304
  0.0490  0.0499  0.0497  0.0398  0.0348  0.0290  0.0298  0.0327  0.0315  0.0301  0.0302  0.0294
  0.0489  0.0492  0.0492  0.0446  0.0377  0.0317  0.0293  0.0306  0.0301  0.0290  0.0293  0.0289
  0.0490  0.0489  0.0489  0.0489  0.0410  0.0356  0.0296  0.0293  0.0292  0.0288  0.0288  0.0287
  0.0493  0.0491  0.0489  0.0529  0.0451  0.0406  0.0307  0.0294  0.0288  0.0292  0.0288  0.0291
  0.0499  0.0498  0.0493  0.0575  0.0496  0.0457  0.0323  0.0308  0.0289  0.0305  0.0293  0.0298
  0.0508  0.0507  0.0499  0.0616  0.0540  0.0505  0.0345  0.0334  0.0295  0.0329  0.0302  0.0310
niter,ni,del,rscale     7    3    5.0000    1.2000
parameter  4  0.991928 ->  0.500000 qaram    1.3225
parameter  5  0.659307 ->  0.500000 qaram    1.3225
parameters
    0.8375   29.6538    6.2104   -9.4656   -9.6213   -8.2058
    8.0273    3.9313   -7.6982    6.3097   -2.5877   -6.8202
eta,q 0.97946 10.16475
  0.0314  0.0298  0.0292  0.0235  0.0217  0.0213  0.0234  0.0247  0.0224  0.0238  0.0216  0.0220
  0.0299  0.0288  0.0284  0.0231  0.0209  0.0208  0.0220  0.0225  0.0213  0.0223  0.0209  0.0212
  0.0289  0.0285  0.0281  0.0245  0.0215  0.0206  0.0210  0.0211  0.0207  0.0212  0.0206  0.0207
  0.0287  0.0287  0.0285  0.0281  0.0233  0.0209  0.0206  0.0206  0.0206  0.0206  0.0206  0.0205
  0.0293  0.0293  0.0294  0.0332  0.0258  0.0234  0.0209  0.0212  0.0210  0.0208  0.0209  0.0207
  0.0307  0.0304  0.0307  0.0379  0.0296  0.0281  0.0217  0.0230  0.0217  0.0218  0.0214  0.0211
  0.0329  0.0321  0.0323  0.0436  0.0344  0.0339  0.0232  0.0258  0.0229  0.0232  0.0223  0.0218
niter,ni,del,rscale     7    3    5.0000    1.2000
parameters
    0.8937   29.9102    6.1062  -11.5702  -10.7889   -9.6148
    8.2978    3.9814   -7.8621    6.2250   -2.6963   -8.1602
eta,q 0.97908  9.98664
  0.0243  0.0237  0.0220  0.0238  0.0243  0.0224  0.0234  0.0244  0.0227  0.0236  0.0219  0.0218
  0.0223  0.0222  0.0212  0.0224  0.0226  0.0215  0.0222  0.0225  0.0218  0.0223  0.0214  0.0212
  0.0210  0.0211  0.0207  0.0212  0.0214  0.0211  0.0213  0.0213  0.0212  0.0214  0.0211  0.0210
  0.0205  0.0205  0.0205  0.0205  0.0209  0.0209  0.0210  0.0210  0.0210  0.0210  0.0210  0.0210
  0.0209  0.0207  0.0207  0.0217  0.0218  0.0209  0.0212  0.0213  0.0212  0.0213  0.0211  0.0213
  0.0221  0.0214  0.0213  0.0256  0.0237  0.0220  0.0219  0.0224  0.0219  0.0224  0.0214  0.0219
  0.0239  0.0226  0.0223  0.0300  0.0269  0.0256  0.0231  0.0244  0.0229  0.0237  0.0219  0.0226
niter,ni,del,rscale     6    3    5.0000    1.2000
parameters
    1.0527   29.9628    6.1449  -12.1497  -11.0913   -9.4072
    8.4247    3.9899   -7.8464    6.3609   -3.0432   -8.4538
eta,q 0.97893  9.96074
  0.0242  0.0235  0.0223  0.0245  0.0250  0.0230  0.0234  0.0244  0.0229  0.0238  0.0219  0.0222
  0.0225  0.0221  0.0216  0.0230  0.0231  0.0219  0.0222  0.0225  0.0220  0.0224  0.0214  0.0216
  0.0214  0.0212  0.0211  0.0219  0.0218  0.0213  0.0214  0.0214  0.0213  0.0216  0.0211  0.0212
  0.0209  0.0209  0.0209  0.0209  0.0211  0.0211  0.0211  0.0211  0.0211  0.0211  0.0211  0.0211
  0.0211  0.0212  0.0210  0.0208  0.0216  0.0211  0.0213  0.0214  0.0213  0.0213  0.0212  0.0213
  0.0220  0.0220  0.0215  0.0227  0.0233  0.0212  0.0221  0.0225  0.0219  0.0223  0.0215  0.0217
  0.0235  0.0232  0.0223  0.0269  0.0258  0.0233  0.0233  0.0243  0.0229  0.0236  0.0220  0.0224
niter,ni,del,rscale     5    3    5.0000    1.2000
parameters
    1.1035   29.9677    6.1976  -12.1907  -11.1445   -9.3687
    8.4176    4.0167   -7.8123    6.3710   -3.1445   -8.4451
eta,q 0.97893  9.95779
  0.0240  0.0236  0.0225  0.0248  0.0252  0.0230  0.0234  0.0244  0.0229  0.0237  0.0220  0.0224
  0.0225  0.0222  0.0217  0.0233  0.0232  0.0219  0.0222  0.0225  0.0220  0.0224  0.0214  0.0216
  0.0215  0.0213  0.0213  0.0221  0.0219  0.0213  0.0214  0.0214  0.0213  0.0215  0.0211  0.0212
  0.0211  0.0211  0.0211  0.0211  0.0211  0.0211  0.0211  0.0211  0.0211  0.0211  0.0211  0.0211
  0.0213  0.0214  0.0212  0.0207  0.0215  0.0210  0.0213  0.0214  0.0213  0.0214  0.0212  0.0212
  0.0222  0.0222  0.0216  0.0222  0.0231  0.0212  0.0221  0.0225  0.0219  0.0224  0.0215  0.0217
  0.0238  0.0234  0.0224  0.0262  0.0256  0.0235  0.0234  0.0243  0.0229  0.0237  0.0220  0.0223
niter,ni,del,rscale     4    3    5.0000    1.2000
parameters
    1.1091   29.9672    6.2124  -12.1889  -11.1464   -9.3703
    8.4035    4.0232   -7.8066    6.3559   -3.1418   -8.4282
eta,q 0.97893  9.95734
  0.0239  0.0236  0.0224  0.0249  0.0252  0.0230  0.0234  0.0244  0.0229  0.0237  0.0220  0.0224
  0.0224  0.0222  0.0217  0.0233  0.0233  0.0219  0.0222  0.0225  0.0220  0.0224  0.0215  0.0216
  0.0215  0.0213  0.0213  0.0221  0.0219  0.0213  0.0214  0.0214  0.0213  0.0215  0.0212  0.0212
  0.0211  0.0211  0.0211  0.0211  0.0211  0.0211  0.0211  0.0211  0.0211  0.0211  0.0211  0.0211
  0.0214  0.0214  0.0212  0.0207  0.0215  0.0210  0.0213  0.0214  0.0213  0.0214  0.0212  0.0212
  0.0223  0.0223  0.0217  0.0221  0.0231  0.0212  0.0221  0.0225  0.0219  0.0224  0.0215  0.0217
  0.0240  0.0235  0.0225  0.0261  0.0255  0.0235  0.0234  0.0243  0.0229  0.0237  0.0220  0.0223
registration optimization eta report
parameter search radius
    2.4000    2.4000    2.4000    9.5220    9.5220    8.2800
    7.2000    7.2000    7.2000    7.2000    7.2000    7.2000
100000*second partial in parameter space
       49.       42.       24.        5.        5.        3.
        4.        6.        4.        5.        2.        2.
  0.0239  0.0236  0.0224  0.0249  0.0252  0.0230  0.0234  0.0244  0.0229  0.0237  0.0220  0.0224
  0.0224  0.0222  0.0217  0.0233  0.0233  0.0219  0.0222  0.0225  0.0220  0.0224  0.0215  0.0216
  0.0215  0.0213  0.0213  0.0221  0.0219  0.0213  0.0214  0.0214  0.0213  0.0215  0.0212  0.0212
  0.0211  0.0211  0.0211  0.0211  0.0211  0.0211  0.0211  0.0211  0.0211  0.0211  0.0211  0.0211
  0.0214  0.0214  0.0212  0.0207  0.0215  0.0210  0.0213  0.0214  0.0213  0.0214  0.0212  0.0212
  0.0223  0.0223  0.0217  0.0221  0.0231  0.0212  0.0221  0.0225  0.0219  0.0224  0.0215  0.0217
  0.0240  0.0235  0.0225  0.0261  0.0255  0.0235  0.0234  0.0243  0.0229  0.0237  0.0220  0.0223
    1.1091   29.9672    6.2124  -12.1889  -11.1464   -9.3703
    8.4035    4.0232   -7.8066    6.3559   -3.1418   -8.4282
eta,q 0.97893  9.95734

---------------------------------------------------------------------
imgreg_4dfp /opt/freesurfer/average/711-2C_as_mni_average_305 /opt/freesurfer/average/711-2B_as_mni_average_305_mask talsrcimg_g11 none talsrcimg_to_711-2C_as_mni_average_305_t4 2311
---------------------------------------------------------------------

freesurfer imgreg_4dfp.c
/opt/freesurfer/average/711-2C_as_mni_average_305.4dfp.img
       256       256       256         1
  1.000000  1.000000  1.000000
orientation T byte_order littleendian
Reading image: /opt/freesurfer/average/711-2C_as_mni_average_305.4dfp.img
dimensions:      256       256       256
mmppix:       1.0000   -1.0000   -1.0000
center:     128.0000 -129.0000 -129.0000
/opt/freesurfer/average/711-2B_as_mni_average_305_mask.4dfp.img
       256       256       256         1
  1.000000  1.000000  1.000000
orientation T byte_order littleendian
Reading mask: /opt/freesurfer/average/711-2B_as_mni_average_305_mask.4dfp.img (2306576 pixels)
talsrcimg_g11.4dfp.img
       256       256       256         1
  1.000000  1.000000  1.000000
orientation T byte_order littleendian
Reading image: talsrcimg_g11.4dfp.img
dimensions:      256       256       256
mmppix:       1.0000   -1.0000   -1.0000
center:     128.0000 -129.0000 -129.0000
fimgreg.f
image alignment mode   2311 decimal      907 hex
parameters
    1.1091   29.9672    6.2124  -12.1889  -11.1464   -9.3703
    8.4035    4.0232   -7.8066    6.3559   -3.1418   -8.4282
eta,q 0.97893  9.95734
niter,ni,del,rscale     5    3    5.0000    0.8000
parameter  4 -0.517865 -> -0.500000 qaram    1.1500
parameters
    1.1381   29.9203    6.2431   -9.4289  -10.8412   -7.7774
    8.1231    4.3523   -7.6691    6.8395   -3.0167   -7.5562
eta,q 0.97950 10.13930
  0.0224  0.0222  0.0217  0.0227  0.0221  0.0216  0.0217  0.0230  0.0215  0.0221  0.0212  0.0213
  0.0217  0.0215  0.0214  0.0221  0.0216  0.0212  0.0210  0.0218  0.0210  0.0214  0.0208  0.0209
  0.0212  0.0212  0.0212  0.0216  0.0210  0.0209  0.0207  0.0210  0.0207  0.0209  0.0206  0.0207
  0.0211  0.0211  0.0211  0.0211  0.0207  0.0207  0.0206  0.0206  0.0206  0.0206  0.0205  0.0205
  0.0212  0.0213  0.0211  0.0207  0.0207  0.0206  0.0208  0.0207  0.0207  0.0206  0.0206  0.0205
  0.0216  0.0217  0.0213  0.0207  0.0212  0.0206  0.0212  0.0213  0.0209  0.0210  0.0208  0.0206
  0.0223  0.0223  0.0217  0.0211  0.0220  0.0209  0.0220  0.0224  0.0214  0.0217  0.0211  0.0209
niter,ni,del,rscale     5    3    5.0000    0.8000
parameters
    0.9145   29.9140    6.1493  -10.3705  -10.4362   -7.7991
    8.2946    4.2334   -7.7289    6.8076   -2.8963   -7.6773
eta,q 0.97951 10.13197
  0.0217  0.0217  0.0211  0.0221  0.0221  0.0212  0.0217  0.0224  0.0214  0.0219  0.0211  0.0210
  0.0209  0.0210  0.0207  0.0213  0.0215  0.0209  0.0211  0.0213  0.0209  0.0212  0.0208  0.0207
  0.0205  0.0206  0.0205  0.0207  0.0209  0.0206  0.0206  0.0207  0.0206  0.0207  0.0206  0.0205
  0.0205  0.0205  0.0205  0.0205  0.0205  0.0205  0.0205  0.0205  0.0205  0.0205  0.0205  0.0205
  0.0209  0.0206  0.0206  0.0209  0.0206  0.0204  0.0206  0.0207  0.0206  0.0206  0.0205  0.0206
  0.0215  0.0210  0.0208  0.0222  0.0210  0.0206  0.0209  0.0214  0.0209  0.0212  0.0207  0.0208
  0.0225  0.0217  0.0213  0.0243  0.0218  0.0215  0.0216  0.0226  0.0214  0.0220  0.0210  0.0211
niter,ni,del,rscale     4    3    5.0000    0.7000
parameters
    0.9531   29.9344    6.1360  -10.3094  -10.3608   -7.4604
    8.3091    4.2662   -7.7355    6.9297   -2.9655   -7.7042
eta,q 0.97955 10.15217
  0.0217  0.0215  0.0210  0.0221  0.0217  0.0211  0.0214  0.0221  0.0212  0.0217  0.0209  0.0209
  0.0211  0.0209  0.0207  0.0215  0.0212  0.0208  0.0209  0.0212  0.0208  0.0211  0.0206  0.0206
  0.0206  0.0206  0.0206  0.0209  0.0207  0.0206  0.0206  0.0207  0.0205  0.0207  0.0205  0.0205
  0.0205  0.0205  0.0205  0.0205  0.0205  0.0205  0.0205  0.0205  0.0205  0.0205  0.0204  0.0204
  0.0206  0.0206  0.0205  0.0205  0.0206  0.0204  0.0206  0.0206  0.0205  0.0205  0.0205  0.0205
  0.0210  0.0209  0.0207  0.0211  0.0210  0.0205  0.0209  0.0211  0.0208  0.0210  0.0207  0.0206
  0.0216  0.0214  0.0210  0.0224  0.0217  0.0210  0.0214  0.0221  0.0211  0.0216  0.0209  0.0209
niter,ni,del,rscale     3    3    5.0000    0.6000
parameters
    0.9444   29.9410    6.1031  -10.1206  -10.2881   -7.2272
    8.2504    4.3129   -7.7255    7.0321   -2.9999   -7.7332
eta,q 0.97959 10.17123
  0.0213  0.0212  0.0208  0.0218  0.0214  0.0209  0.0211  0.0217  0.0209  0.0214  0.0208  0.0207
  0.0208  0.0208  0.0206  0.0213  0.0210  0.0207  0.0207  0.0210  0.0206  0.0209  0.0206  0.0206
  0.0205  0.0205  0.0205  0.0208  0.0206  0.0205  0.0205  0.0206  0.0205  0.0206  0.0204  0.0204
  0.0204  0.0205  0.0204  0.0204  0.0204  0.0204  0.0204  0.0204  0.0204  0.0204  0.0204  0.0204
  0.0206  0.0205  0.0205  0.0205  0.0205  0.0204  0.0205  0.0205  0.0205  0.0205  0.0205  0.0204
  0.0209  0.0208  0.0206  0.0209  0.0209  0.0205  0.0207  0.0209  0.0206  0.0208  0.0206  0.0206
  0.0214  0.0212  0.0209  0.0218  0.0214  0.0209  0.0211  0.0217  0.0209  0.0213  0.0208  0.0208
niter,ni,del,rscale     2    3    5.0000    0.5000
parameters
    0.9237   29.9570    6.0697   -9.9659  -10.2306   -6.9942
    8.1972    4.3491   -7.7184    7.1185   -3.0266   -7.8139
eta,q 0.97962 10.18789
  0.0210  0.0209  0.0207  0.0215  0.0212  0.0207  0.0209  0.0214  0.0208  0.0211  0.0206  0.0206
  0.0207  0.0206  0.0205  0.0210  0.0208  0.0206  0.0206  0.0208  0.0205  0.0208  0.0205  0.0205
  0.0205  0.0205  0.0204  0.0206  0.0205  0.0205  0.0204  0.0205  0.0204  0.0205  0.0204  0.0204
  0.0204  0.0204  0.0204  0.0204  0.0204  0.0204  0.0204  0.0204  0.0204  0.0204  0.0204  0.0204
  0.0205  0.0205  0.0204  0.0204  0.0205  0.0204  0.0204  0.0205  0.0204  0.0204  0.0204  0.0204
  0.0207  0.0206  0.0205  0.0208  0.0207  0.0204  0.0206  0.0208  0.0205  0.0207  0.0205  0.0205
  0.0211  0.0209  0.0207  0.0214  0.0211  0.0207  0.0209  0.0213  0.0207  0.0211  0.0207  0.0206
niter,ni,del,rscale     1    3    5.0000    0.4000
parameters
    0.9101   29.9725    6.0364   -9.8632  -10.2038   -6.7750
    8.1700    4.3686   -7.7345    7.2036   -3.0250   -7.9221
eta,q 0.97964 10.20089
  0.0208  0.0207  0.0206  0.0211  0.0209  0.0206  0.0207  0.0210  0.0206  0.0209  0.0206  0.0205
  0.0206  0.0205  0.0205  0.0208  0.0206  0.0205  0.0205  0.0207  0.0205  0.0206  0.0204  0.0204
  0.0204  0.0204  0.0204  0.0205  0.0204  0.0204  0.0204  0.0204  0.0204  0.0204  0.0204  0.0204
  0.0204  0.0204  0.0204  0.0204  0.0204  0.0204  0.0204  0.0204  0.0204  0.0204  0.0204  0.0204
  0.0204  0.0204  0.0204  0.0204  0.0204  0.0204  0.0204  0.0204  0.0204  0.0204  0.0204  0.0204
  0.0206  0.0205  0.0205  0.0206  0.0206  0.0204  0.0205  0.0206  0.0205  0.0206  0.0204  0.0204
  0.0208  0.0207  0.0206  0.0211  0.0209  0.0206  0.0207  0.0210  0.0206  0.0208  0.0205  0.0205
registration optimization eta report
parameter search radius
    0.8000    0.8000    0.8000    2.7600    2.4000    2.4000
    2.4000    2.4000    2.4000    2.4000    2.4000    2.4000
100000*second partial in parameter space
       66.       52.       29.        9.        9.        4.
        6.       11.        4.        8.        3.        3.
  0.0208  0.0207  0.0206  0.0211  0.0209  0.0206  0.0207  0.0210  0.0206  0.0209  0.0206  0.0205
  0.0206  0.0205  0.0205  0.0208  0.0206  0.0205  0.0205  0.0207  0.0205  0.0206  0.0204  0.0204
  0.0204  0.0204  0.0204  0.0205  0.0204  0.0204  0.0204  0.0204  0.0204  0.0204  0.0204  0.0204
  0.0204  0.0204  0.0204  0.0204  0.0204  0.0204  0.0204  0.0204  0.0204  0.0204  0.0204  0.0204
  0.0204  0.0204  0.0204  0.0204  0.0204  0.0204  0.0204  0.0204  0.0204  0.0204  0.0204  0.0204
  0.0206  0.0205  0.0205  0.0206  0.0206  0.0204  0.0205  0.0206  0.0205  0.0206  0.0204  0.0204
  0.0208  0.0207  0.0206  0.0211  0.0209  0.0206  0.0207  0.0210  0.0206  0.0208  0.0205  0.0205
    0.9101   29.9725    6.0364   -9.8632  -10.2038   -6.7750
    8.1700    4.3686   -7.7345    7.2036   -3.0250   -7.9221
eta,q 0.97964 10.20089

---------------------------------------------------------------------
imgreg_4dfp /opt/freesurfer/average/711-2C_as_mni_average_305 /opt/freesurfer/average/711-2B_as_mni_average_305_mask talsrcimg_g11 none talsrcimg_to_711-2C_as_mni_average_305_t4 2311
---------------------------------------------------------------------

freesurfer imgreg_4dfp.c
/opt/freesurfer/average/711-2C_as_mni_average_305.4dfp.img
       256       256       256         1
  1.000000  1.000000  1.000000
orientation T byte_order littleendian
Reading image: /opt/freesurfer/average/711-2C_as_mni_average_305.4dfp.img
dimensions:      256       256       256
mmppix:       1.0000   -1.0000   -1.0000
center:     128.0000 -129.0000 -129.0000
/opt/freesurfer/average/711-2B_as_mni_average_305_mask.4dfp.img
       256       256       256         1
  1.000000  1.000000  1.000000
orientation T byte_order littleendian
Reading mask: /opt/freesurfer/average/711-2B_as_mni_average_305_mask.4dfp.img (2306576 pixels)
talsrcimg_g11.4dfp.img
       256       256       256         1
  1.000000  1.000000  1.000000
orientation T byte_order littleendian
Reading image: talsrcimg_g11.4dfp.img
dimensions:      256       256       256
mmppix:       1.0000   -1.0000   -1.0000
center:     128.0000 -129.0000 -129.0000
fimgreg.f
image alignment mode   2311 decimal      907 hex
parameters
    0.9101   29.9725    6.0364   -9.8632  -10.2038   -6.7750
    8.1700    4.3686   -7.7345    7.2036   -3.0250   -7.9221
eta,q 0.97964 10.20090
niter,ni,del,rscale     5    3    5.0000    0.8000
parameters
    0.9140   29.9827    5.9855  -10.3313  -10.3040   -7.6892
    8.2775    4.2605   -7.7199    6.9542   -2.9280   -7.9320
eta,q 0.97953 10.14696
  0.0221  0.0216  0.0211  0.0219  0.0219  0.0210  0.0217  0.0225  0.0214  0.0218  0.0211  0.0210
  0.0211  0.0210  0.0207  0.0212  0.0212  0.0207  0.0210  0.0214  0.0209  0.0211  0.0207  0.0207
  0.0205  0.0205  0.0204  0.0206  0.0207  0.0205  0.0206  0.0207  0.0206  0.0206  0.0205  0.0205
  0.0204  0.0204  0.0204  0.0204  0.0204  0.0204  0.0205  0.0205  0.0205  0.0205  0.0205  0.0205
  0.0206  0.0205  0.0205  0.0206  0.0206  0.0204  0.0206  0.0207  0.0206  0.0207  0.0205  0.0205
  0.0211  0.0209  0.0207  0.0215  0.0213  0.0210  0.0210  0.0214  0.0209  0.0213  0.0207  0.0207
  0.0220  0.0216  0.0212  0.0231  0.0221  0.0226  0.0216  0.0227  0.0213  0.0221  0.0210  0.0210
niter,ni,del,rscale     4    3    5.0000    0.7000
parameters
    0.9476   29.9693    6.0644  -10.1183  -10.3429   -7.4941
    8.2556    4.2886   -7.7268    6.9799   -2.9690   -7.8055
eta,q 0.97957 10.15849
  0.0217  0.0214  0.0210  0.0219  0.0216  0.0210  0.0213  0.0221  0.0211  0.0216  0.0209  0.0209
  0.0210  0.0209  0.0208  0.0213  0.0211  0.0208  0.0208  0.0212  0.0207  0.0210  0.0206  0.0206
  0.0206  0.0206  0.0206  0.0208  0.0206  0.0206  0.0205  0.0206  0.0205  0.0206  0.0205  0.0205
  0.0205  0.0205  0.0205  0.0205  0.0204  0.0204  0.0204  0.0204  0.0204  0.0204  0.0204  0.0204
  0.0206  0.0206  0.0205  0.0205  0.0206  0.0204  0.0205  0.0206  0.0205  0.0205  0.0205  0.0205
  0.0210  0.0209  0.0207  0.0209  0.0211  0.0205  0.0208  0.0211  0.0207  0.0210  0.0207  0.0206
  0.0216  0.0214  0.0209  0.0218  0.0217  0.0211  0.0214  0.0221  0.0211  0.0216  0.0209  0.0209
niter,ni,del,rscale     3    3    5.0000    0.6000
parameters
    0.9297   29.9592    6.0803   -9.9754  -10.2935   -7.2519
    8.2125    4.3196   -7.7122    7.0501   -2.9789   -7.7667
eta,q 0.97960 10.17446
  0.0213  0.0211  0.0208  0.0215  0.0214  0.0209  0.0211  0.0217  0.0209  0.0213  0.0208  0.0207
  0.0208  0.0207  0.0206  0.0211  0.0210  0.0207  0.0207  0.0210  0.0206  0.0209  0.0206  0.0206
  0.0205  0.0205  0.0205  0.0207  0.0206  0.0205  0.0205  0.0206  0.0205  0.0206  0.0204  0.0204
  0.0204  0.0204  0.0204  0.0204  0.0204  0.0204  0.0204  0.0204  0.0204  0.0204  0.0204  0.0204
  0.0205  0.0205  0.0205  0.0204  0.0205  0.0204  0.0205  0.0205  0.0205  0.0205  0.0204  0.0204
  0.0209  0.0208  0.0206  0.0208  0.0209  0.0204  0.0207  0.0210  0.0206  0.0208  0.0206  0.0205
  0.0214  0.0212  0.0208  0.0215  0.0214  0.0209  0.0211  0.0217  0.0209  0.0213  0.0208  0.0207
niter,ni,del,rscale     2    3    5.0000    0.5000
parameters
    0.9138   29.9626    6.0639   -9.8619  -10.2395   -7.0300
    8.1744    4.3448   -7.7128    7.1261   -3.0089   -7.8112
eta,q 0.97963 10.18899
  0.0210  0.0209  0.0207  0.0212  0.0211  0.0207  0.0209  0.0213  0.0207  0.0211  0.0207  0.0206
  0.0207  0.0206  0.0205  0.0209  0.0208  0.0206  0.0206  0.0208  0.0205  0.0207  0.0205  0.0205
  0.0205  0.0205  0.0204  0.0206  0.0205  0.0205  0.0204  0.0205  0.0204  0.0205  0.0204  0.0204
  0.0204  0.0204  0.0204  0.0204  0.0204  0.0204  0.0204  0.0204  0.0204  0.0204  0.0204  0.0204
  0.0205  0.0205  0.0204  0.0204  0.0205  0.0204  0.0204  0.0205  0.0204  0.0204  0.0204  0.0204
  0.0207  0.0206  0.0205  0.0207  0.0207  0.0204  0.0206  0.0208  0.0205  0.0207  0.0205  0.0205
  0.0211  0.0209  0.0207  0.0212  0.0211  0.0207  0.0209  0.0213  0.0207  0.0210  0.0207  0.0206
niter,ni,del,rscale     1    3    5.0000    0.4000
parameters
    0.9003   29.9739    6.0302   -9.7982  -10.1992   -6.7967
    8.1497    4.3633   -7.7205    7.1945   -3.0310   -7.9350
eta,q 0.97964 10.20186
  0.0208  0.0207  0.0205  0.0209  0.0209  0.0206  0.0207  0.0210  0.0206  0.0209  0.0205  0.0205
  0.0206  0.0205  0.0204  0.0207  0.0206  0.0205  0.0205  0.0207  0.0205  0.0206  0.0204  0.0204
  0.0204  0.0204  0.0204  0.0205  0.0204  0.0204  0.0204  0.0204  0.0204  0.0204  0.0204  0.0204
  0.0204  0.0204  0.0204  0.0204  0.0204  0.0204  0.0204  0.0204  0.0204  0.0204  0.0204  0.0204
  0.0204  0.0204  0.0204  0.0204  0.0204  0.0204  0.0204  0.0204  0.0204  0.0204  0.0204  0.0204
  0.0206  0.0205  0.0205  0.0206  0.0206  0.0204  0.0205  0.0206  0.0205  0.0206  0.0204  0.0204
  0.0208  0.0207  0.0206  0.0209  0.0209  0.0206  0.0207  0.0210  0.0206  0.0208  0.0206  0.0205
registration optimization eta report
parameter search radius
    0.8000    0.8000    0.8000    2.4000    2.4000    2.4000
    2.4000    2.4000    2.4000    2.4000    2.4000    2.4000
100000*second partial in parameter space
       67.       52.       30.       10.        9.        4.
        6.       11.        4.        8.        3.        3.
  0.0208  0.0207  0.0205  0.0209  0.0209  0.0206  0.0207  0.0210  0.0206  0.0209  0.0205  0.0205
  0.0206  0.0205  0.0204  0.0207  0.0206  0.0205  0.0205  0.0207  0.0205  0.0206  0.0204  0.0204
  0.0204  0.0204  0.0204  0.0205  0.0204  0.0204  0.0204  0.0204  0.0204  0.0204  0.0204  0.0204
  0.0204  0.0204  0.0204  0.0204  0.0204  0.0204  0.0204  0.0204  0.0204  0.0204  0.0204  0.0204
  0.0204  0.0204  0.0204  0.0204  0.0204  0.0204  0.0204  0.0204  0.0204  0.0204  0.0204  0.0204
  0.0206  0.0205  0.0205  0.0206  0.0206  0.0204  0.0205  0.0206  0.0205  0.0206  0.0204  0.0204
  0.0208  0.0207  0.0206  0.0209  0.0209  0.0206  0.0207  0.0210  0.0206  0.0208  0.0206  0.0205
    0.9003   29.9739    6.0302   -9.7982  -10.1992   -6.7967
    8.1497    4.3633   -7.7205    7.1945   -3.0310   -7.9350
eta,q 0.97964 10.20186

---------------------------------------------------------------------
compute_vox2vox talsrcimg talsrcimg_to_711-2C_as_mni_average_305_t4 /opt/freesurfer/average/711-2C_as_mni_average_305
---------------------------------------------------------------------

freesurfer compute_vox2vox.c
Reading: talsrcimg.4dfp.ifh
Reading: talsrcimg_to_711-2C_as_mni_average_305_t4
Reading: /opt/freesurfer/average/711-2C_as_mni_average_305.4dfp.ifh
Writing: talsrcimg_to_711-2C_as_mni_average_305_t4_vox2vox.txt

start time Tue Mar 10 07:28:12 CET 2026
end		time Tue Mar 10 07:29:39 CET 2026

mpr2mni305 success

avi2talxfm orig_nu.mgz /opt/freesurfer/average/mni305.cor.mgz talsrcimg_to_711-2C_as_mni_average_305_t4_vox2vox.txt transforms/talairach.auto.xfm
avi2talxfm done
mv -f /out/sourcedata/freesurfer/sub-v1s9x0051354_ses-1/mri/talsrcimg_to_711-2C_as_mni_average_305_t4_vox2vox.txt /out/sourcedata/freesurfer/sub-v1s9x0051354_ses-1/mri/transforms/talsrcimg_to_711-2C_as_mni_average_305_t4_vox2vox.txt
lta_convert --src orig_nu.mgz --trg /opt/freesurfer/average/mni305.cor.mgz --inxfm transforms/talairach.auto.xfm --outlta transforms/talairach.auto.xfm.lta --subject fsaverage
7.3.2

--src: orig_nu.mgz src image (geometry).
--trg: /opt/freesurfer/average/mni305.cor.mgz trg image (geometry).
--inmni: transforms/talairach.auto.xfm input MNI/XFM transform.
--outlta: transforms/talairach.auto.xfm.lta output LTA.
--s: fsaverage subject name
 LTA read, type : 1
 1.09831  -0.04343  -0.10351   0.92691;
 0.04346   1.06394   0.09007   1.09895;
 0.09094  -0.08897   1.09746  -26.03300;
 0.00000   0.00000   0.00000   1.00000;
setting subject to fsaverage
Writing  LTA to file transforms/talairach.auto.xfm.lta...
lta_convert successful.
 
 
Started at Tue Mar 10 07:28:12 CET 2026
Ended   at Tue Mar 10 07:29:39 CET 2026
talairach_avi done
