/out/sourcedata/freesurfer/sub-v1s9x0051351_ses-1/mri
/opt/freesurfer/bin/talairach_avi
--i orig_nu.mgz --xfm transforms/talairach.auto.xfm
talairach_avi 7.3.2
Linux dna006 5.14.0-427.37.1.el9_4.x86_64 #1 SMP PREEMPT_DYNAMIC Fri Sep 13 12:41:50 EDT 2024 x86_64 x86_64 x86_64 GNU/Linux
Tue Mar 10 07:22:24 CET 2026
mri_convert orig_nu.mgz talsrcimg.img 
reading from orig_nu.mgz...
TR=0.00, TE=0.00, TI=0.00, flip angle=0.00
i_ras = (-1, 0, 0)
j_ras = (0, 0, -1)
k_ras = (0, 1, 0)
writing to talsrcimg.img...
Analyze Output Matrix
-1.00000   0.00000   0.00000   130.84331;
 0.00000   0.00000   1.00000  -126.40180;
 0.00000  -1.00000   0.00000   157.19128;
 0.00000   0.00000   0.00000   1.00000;
--------------------
INFO: set hdr.hist.orient to -1
mpr2mni305 talsrcimg
Tue Mar 10 07:22:24 CET 2026
/opt/freesurfer/bin/mpr2mni305 talsrcimg
mpr2mni305 7.3.2
target=711-2C_as_mni_average_305

---------------------------------------------------------------------
analyzeto4dfp talsrcimg -O0 -y
---------------------------------------------------------------------

freesurfer ifh2hdr.c
Tue Mar 10 07:22:25 2026
Writing: talsrcimg.4dfp.hdr
freesurfer analyzeto4dfp.c
Reading: talsrcimg.hdr
header size 348 bytes
hdr.dime.datatype	offset=70	value=2
hdr.dime.bitpix		offset=72	value=8
hdr.hist.orient		offset=252	value=-1
dimensionality     4
dimensions       256       256       256         1
Reading: talsrcimg.img
Writing: talsrcimg.4dfp.img
Writing: talsrcimg.4dfp.ifh
ifh2hdr talsrcimg -r0to214
ori=2

---------------------------------------------------------------------
gauss_4dfp talsrcimg 1.1
---------------------------------------------------------------------

freesurfer gauss_4dfp.c
Reading: talsrcimg.4dfp.img
Writing: talsrcimg_g11.4dfp.img
image dimensions 256 256 256 padded to 288 288 288
processing volume 1freesurfer ifh2hdr.c
Tue Mar 10 07:22:26 2026
Writing: talsrcimg_g11.4dfp.hdr

Writing: talsrcimg_g11.4dfp.ifh
including: talsrcimg.4dfp.img.rec in talsrcimg_g11.4dfp.img.rec

---------------------------------------------------------------------
imgreg_4dfp /opt/freesurfer/average/711-2C_as_mni_average_305 none talsrcimg_g11 none talsrcimg_to_711-2C_as_mni_average_305_t4 4355
---------------------------------------------------------------------

freesurfer imgreg_4dfp.c
/opt/freesurfer/average/711-2C_as_mni_average_305.4dfp.img
       256       256       256         1
  1.000000  1.000000  1.000000
orientation T byte_order littleendian
Reading image: /opt/freesurfer/average/711-2C_as_mni_average_305.4dfp.img
dimensions:      256       256       256
mmppix:       1.0000   -1.0000   -1.0000
center:     128.0000 -129.0000 -129.0000
talsrcimg_g11.4dfp.img
       256       256       256         1
  1.000000  1.000000  1.000000
orientation T byte_order littleendian
Reading image: talsrcimg_g11.4dfp.img
dimensions:      256       256       256
mmppix:       1.0000   -1.0000   -1.0000
center:     128.0000 -129.0000 -129.0000
t4_read: open error in t4_sub.f l:  41 t4_file(1:l)talsrcimg_to_711-2C_as_mni_average_305_t4 
t4_read: transform initialized to I4
rotation matrix determinant  1.000000
image alignment mode   4355 decimal     1103 hex
   -7.5000  -45.0000  -45.0000 5040.1538   18.3757
    0.0000  -45.0000  -45.0000 5221.3442   18.3873
    7.5000  -45.0000  -45.0000 5004.6860   18.3729
   -7.5000  -37.5000  -45.0000 5658.4419   17.6780
    0.0000  -37.5000  -45.0000 5856.0601   17.6903
    7.5000  -37.5000  -45.0000 5619.8516   17.6682
   -7.5000  -30.0000  -45.0000 6499.4829   17.1370
    0.0000  -30.0000  -45.0000 6736.7832   17.1572
    7.5000  -30.0000  -45.0000 6467.2319   17.1357
   -7.5000  -22.5000  -45.0000 7392.3945   16.7416
    0.0000  -22.5000  -45.0000 7682.5278   16.7636
    7.5000  -22.5000  -45.0000 7376.7715   16.7476
   -7.5000  -15.0000  -45.0000 8333.1924   16.4801
    0.0000  -15.0000  -45.0000 8679.7793   16.4984
    7.5000  -15.0000  -45.0000 8298.0225   16.4863
   -7.5000   -7.5000  -45.0000 9337.9863   16.4198
    0.0000   -7.5000  -45.0000 9732.4990   16.4336
    7.5000   -7.5000  -45.0000 9290.6289   16.4211
   -7.5000    0.0000  -45.000010342.7188   16.4356
    0.0000    0.0000  -45.000010784.9902   16.4489
    7.5000    0.0000  -45.000010302.6895   16.4343
   -7.5000    7.5000  -45.000010556.6172   16.4389
    0.0000    7.5000  -45.000011015.2607   16.4557
    7.5000    7.5000  -45.000010535.5254   16.4377
   -7.5000   15.0000  -45.000010584.4561   16.4257
    0.0000   15.0000  -45.000011049.5176   16.4470
    7.5000   15.0000  -45.000010542.6152   16.4281
   -7.5000   22.5000  -45.000010473.2393   16.4038
    0.0000   22.5000  -45.000010948.9141   16.4264
    7.5000   22.5000  -45.000010403.1709   16.4115
   -7.5000   30.0000  -45.000010233.9453   16.1831
    0.0000   30.0000  -45.000010701.6338   16.2015
    7.5000   30.0000  -45.000010177.4375   16.1898
   -7.5000   37.5000  -45.000010327.1191   16.1989
    0.0000   37.5000  -45.000010799.1025   16.2126
    7.5000   37.5000  -45.000010291.2646   16.2003
   -7.5000   45.0000  -45.000010107.7881   15.8048
    0.0000   45.0000  -45.000010588.9062   15.8175
    7.5000   45.0000  -45.000010084.7676   15.8035
   -7.5000  -45.0000  -37.5000 5430.6992   18.3233
    0.0000  -45.0000  -37.5000 5622.8525   18.3239
    7.5000  -45.0000  -37.5000 5382.4399   18.3154
   -7.5000  -37.5000  -37.5000 6072.0962   17.6307
    0.0000  -37.5000  -37.5000 6289.5293   17.6312
    7.5000  -37.5000  -37.5000 6027.0728   17.6142
   -7.5000  -30.0000  -37.5000 6951.6831   17.0861
    0.0000  -30.0000  -37.5000 7214.4404   17.0946
    7.5000  -30.0000  -37.5000 6919.0522   17.0815
   -7.5000  -22.5000  -37.5000 7899.5117   16.6837
    0.0000  -22.5000  -37.5000 8219.0283   16.6955
    7.5000  -22.5000  -37.5000 7875.1885   16.6907
   -7.5000  -15.0000  -37.5000 8915.4922   16.4222
    0.0000  -15.0000  -37.5000 9299.6787   16.4314
    7.5000  -15.0000  -37.5000 8873.8604   16.4298
   -7.5000   -7.5000  -37.500010015.9189   16.3664
    0.0000   -7.5000  -37.500010439.6396   16.3711
    7.5000   -7.5000  -37.5000 9948.1426   16.3657
   -7.5000    0.0000  -37.500011092.0508   16.3874
    0.0000    0.0000  -37.500011567.7471   16.3910
    7.5000    0.0000  -37.500011005.1348   16.3803
   -7.5000    7.5000  -37.500011301.5381   16.3928
    0.0000    7.5000  -37.500011777.3398   16.3989
    7.5000    7.5000  -37.500011218.1338   16.3854
   -7.5000   15.0000  -37.500011308.2227   16.3756
    0.0000   15.0000  -37.500011790.5430   16.3861
    7.5000   15.0000  -37.500011216.5449   16.3751
   -7.5000   22.5000  -37.500011175.3818   16.3477
    0.0000   22.5000  -37.500011688.1260   16.3604
    7.5000   22.5000  -37.500011086.4053   16.3563
   -7.5000   30.0000  -37.500010929.5391   16.1264
    0.0000   30.0000  -37.500011426.9023   16.1359
    7.5000   30.0000  -37.500010837.9541   16.1345
   -7.5000   37.5000  -37.500011006.5332   16.1463
    0.0000   37.5000  -37.500011507.7324   16.1510
    7.5000   37.5000  -37.500010935.0244   16.1456
   -7.5000   45.0000  -37.500010763.5869   15.7585
    0.0000   45.0000  -37.500011262.1367   15.7619
    7.5000   45.0000  -37.500010697.1133   15.7516
   -7.5000  -45.0000  -30.0000 5897.4707   19.0670
    0.0000  -45.0000  -30.0000 6095.2100   19.0549
    7.5000  -45.0000  -30.0000 5812.9624   19.0513
   -7.5000  -37.5000  -30.0000 6583.4370   18.3478
    0.0000  -37.5000  -30.0000 6819.0396   18.3355
    7.5000  -37.5000  -30.0000 6513.3398   18.3230
   -7.5000  -30.0000  -30.0000 7521.0459   17.7803
    0.0000  -30.0000  -30.0000 7811.7271   17.7734
    7.5000  -30.0000  -30.0000 7476.1025   17.7635
   -7.5000  -22.5000  -30.0000 8549.2197   17.3553
    0.0000  -22.5000  -30.0000 8913.6455   17.3506
    7.5000  -22.5000  -30.0000 8515.1826   17.3491
   -7.5000  -15.0000  -30.0000 9662.1211   17.0809
    0.0000  -15.0000  -30.000010084.2500   17.0745
    7.5000  -15.0000  -30.0000 9607.3027   17.0762
   -7.5000   -7.5000  -30.000010849.6572   17.0242
    0.0000   -7.5000  -30.000011312.2324   17.0161
    7.5000   -7.5000  -30.000010759.4951   17.0142
   -7.5000    0.0000  -30.000011991.6875   17.0502
    0.0000    0.0000  -30.000012518.8574   17.0433
    7.5000    0.0000  -30.000011881.2158   17.0364
   -7.5000    7.5000  -30.000012195.6338   17.0588
    0.0000    7.5000  -30.000012705.8037   17.0536
    7.5000    7.5000  -30.000012069.8564   17.0436
   -7.5000   15.0000  -30.000012185.3164   17.0395
    0.0000   15.0000  -30.000012698.2510   17.0358
    7.5000   15.0000  -30.000012067.6484   17.0278
   -7.5000   22.5000  -30.000012047.1533   17.0046
    0.0000   22.5000  -30.000012591.0225   17.0016
    7.5000   22.5000  -30.000011929.4434   17.0003
   -7.5000   30.0000  -30.000011799.7871   16.7751
    0.0000   30.0000  -30.000012338.5840   16.7694
    7.5000   30.0000  -30.000011682.0449   16.7712
   -7.5000   37.5000  -30.000011879.9336   16.7969
    0.0000   37.5000  -30.000012433.5498   16.7888
    7.5000   37.5000  -30.000011781.2852   16.7870
   -7.5000   45.0000  -30.000011565.6787   16.4078
    0.0000   45.0000  -30.000012107.5947   16.4012
    7.5000   45.0000  -30.000011469.9375   16.3946
   -7.5000  -45.0000  -22.5000 6327.4473   19.7027
    0.0000  -45.0000  -22.5000 6548.1338   19.6894
    7.5000  -45.0000  -22.5000 6239.4902   19.6825
   -7.5000  -37.5000  -22.5000 7067.4307   18.9547
    0.0000  -37.5000  -22.5000 7331.2778   18.9419
    7.5000  -37.5000  -22.5000 6981.7075   18.9270
   -7.5000  -30.0000  -22.5000 8086.1299   18.3705
    0.0000  -30.0000  -22.5000 8420.1084   18.3592
    7.5000  -30.0000  -22.5000 8038.2173   18.3425
   -7.5000  -22.5000  -22.5000 9214.0312   17.9328
    0.0000  -22.5000  -22.5000 9623.2402   17.9206
    7.5000  -22.5000  -22.5000 9192.5225   17.9091
   -7.5000  -15.0000  -22.500010411.7080   17.6489
    0.0000  -15.0000  -22.500010880.6465   17.6351
    7.5000  -15.0000  -22.500010378.4629   17.6276
   -7.5000   -7.5000  -22.500011648.7383   17.5889
    0.0000   -7.5000  -22.500012177.2080   17.5770
    7.5000   -7.5000  -22.500011591.1514   17.5697
   -7.5000    0.0000  -22.500012858.8135   17.6149
    0.0000    0.0000  -22.500013438.5273   17.6078
    7.5000    0.0000  -22.500012778.2422   17.5990
   -7.5000    7.5000  -22.500013065.6865   17.6234
    0.0000    7.5000  -22.500013651.3252   17.6177
    7.5000    7.5000  -22.500012960.1436   17.6051
   -7.5000   15.0000  -22.500013037.7900   17.6048
    0.0000   15.0000  -22.500013626.0361   17.5971
    7.5000   15.0000  -22.500012941.7256   17.5826
   -7.5000   22.5000  -22.500012879.2051   17.5696
    0.0000   22.5000  -22.500013506.6328   17.5594
    7.5000   22.5000  -22.500012793.5078   17.5484
   -7.5000   30.0000  -22.500012604.1240   17.3359
    0.0000   30.0000  -22.500013243.0049   17.3229
    7.5000   30.0000  -22.500012536.5635   17.3156
   -7.5000   37.5000  -22.500012688.6699   17.3567
    0.0000   37.5000  -22.500013323.1582   17.3449
    7.5000   37.5000  -22.500012597.9629   17.3378
   -7.5000   45.0000  -22.500012334.3584   16.9640
    0.0000   45.0000  -22.500012964.1260   16.9572
    7.5000   45.0000  -22.500012231.1738   16.9487
   -7.5000  -45.0000  -15.0000 6738.1328   20.1624
    0.0000  -45.0000  -15.0000 6976.6089   20.1605
    7.5000  -45.0000  -15.0000 6676.4521   20.1459
   -7.5000  -37.5000  -15.0000 7536.3276   19.3905
    0.0000  -37.5000  -15.0000 7824.1221   19.3888
    7.5000  -37.5000  -15.0000 7477.9761   19.3672
   -7.5000  -30.0000  -15.0000 8671.4668   18.7945
    0.0000  -30.0000  -15.0000 9057.2295   18.7931
    7.5000  -30.0000  -15.0000 8638.1016   18.7671
   -7.5000  -22.5000  -15.0000 9922.9453   18.3535
    0.0000  -22.5000  -15.000010399.7510   18.3494
    7.5000  -22.5000  -15.0000 9905.2236   18.3264
   -7.5000  -15.0000  -15.000011189.5566   18.0643
    0.0000  -15.0000  -15.000011722.6875   18.0586
    7.5000  -15.0000  -15.000011174.3730   18.0406
   -7.5000   -7.5000  -15.000012458.8438   18.0001
    0.0000   -7.5000  -15.000013051.5801   17.9975
    7.5000   -7.5000  -15.000012444.1270   17.9828
   -7.5000    0.0000  -15.000013729.5254   18.0224
    0.0000    0.0000  -15.000014370.1982   18.0252
    7.5000    0.0000  -15.000013688.0117   18.0113
   -7.5000    7.5000  -15.000013925.9268   18.0285
    0.0000    7.5000  -15.000014606.9658   18.0327
    7.5000    7.5000  -15.000013877.4033   18.0142
   -7.5000   15.0000  -15.000013901.8389   18.0121
    0.0000   15.0000  -15.000014591.8271   18.0135
    7.5000   15.0000  -15.000013872.0342   17.9902
   -7.5000   22.5000  -15.000013714.8574   17.9809
    0.0000   22.5000  -15.000014452.5557   17.9785
    7.5000   22.5000  -15.000013687.1553   17.9565
   -7.5000   30.0000  -15.000013385.7119   17.7466
    0.0000   30.0000  -15.000014117.5762   17.7415
    7.5000   30.0000  -15.000013368.6943   17.7239
   -7.5000   37.5000  -15.000013461.1787   17.7649
    0.0000   37.5000  -15.000014210.2168   17.7623
    7.5000   37.5000  -15.000013442.1084   17.7478
   -7.5000   45.0000  -15.000013072.6045   17.3669
    0.0000   45.0000  -15.000013800.6582   17.3697
    7.5000   45.0000  -15.000013023.6436   17.3562
   -7.5000  -45.0000   -7.5000 7170.1406   20.4005
    0.0000  -45.0000   -7.5000 7436.4741   20.4115
    7.5000  -45.0000   -7.5000 7116.3203   20.3943
   -7.5000  -37.5000   -7.5000 8049.8208   19.6178
    0.0000  -37.5000   -7.5000 8400.7236   19.6294
    7.5000  -37.5000   -7.5000 8017.1973   19.6046
   -7.5000  -30.0000   -7.5000 9314.5537   19.0145
    0.0000  -30.0000   -7.5000 9775.8105   19.0303
    7.5000  -30.0000   -7.5000 9304.8232   19.0021
   -7.5000  -22.5000   -7.500010650.9668   18.5731
    0.0000  -22.5000   -7.500011201.5215   18.5879
    7.5000  -22.5000   -7.500010650.5791   18.5633
   -7.5000  -15.0000   -7.500011975.3643   18.2822
    0.0000  -15.0000   -7.500012588.3252   18.2938
    7.5000  -15.0000   -7.500011997.2090   18.2744
   -7.5000   -7.5000   -7.500013300.2979   18.2147
    0.0000   -7.5000   -7.500013976.2246   18.2258
    7.5000   -7.5000   -7.500013345.2158   18.2095
   -7.5000    0.0000   -7.500014605.2656   18.2329
    0.0000    0.0000   -7.500015342.1533   18.2465
    7.5000    0.0000   -7.500014644.5420   18.2306
   -7.5000    7.5000   -7.500014812.3467   18.2371
    0.0000    7.5000   -7.500015563.9531   18.2536
    7.5000    7.5000   -7.500014839.8984   18.2329
   -7.5000   15.0000   -7.500014798.7148   18.2231
    0.0000   15.0000   -7.500015568.7549   18.2405
    7.5000   15.0000   -7.500014826.9316   18.2154
   -7.5000   22.5000   -7.500014577.8203   18.1936
    0.0000   22.5000   -7.500015398.4434   18.2094
    7.5000   22.5000   -7.500014633.8975   18.1861
   -7.5000   30.0000   -7.500014195.5107   17.9599
    0.0000   30.0000   -7.500014981.1973   17.9719
    7.5000   30.0000   -7.500014276.4639   17.9530
   -7.5000   37.5000   -7.500014257.9102   17.9763
    0.0000   37.5000   -7.500015062.7529   17.9872
    7.5000   37.5000   -7.500014334.3203   17.9712
   -7.5000   45.0000   -7.500013834.3301   17.5731
    0.0000   45.0000   -7.500014616.3027   17.5862
    7.5000   45.0000   -7.500013875.2568   17.5709
   -7.5000  -45.0000    0.0000 7532.4038   20.4598
    0.0000  -45.0000    0.0000 7863.2056   20.4729
    7.5000  -45.0000    0.0000 7500.3755   20.4582
   -7.5000  -37.5000    0.0000 8456.2168   19.6775
    0.0000  -37.5000    0.0000 8862.7803   19.6916
    7.5000  -37.5000    0.0000 8440.0713   19.6683
   -7.5000  -30.0000    0.0000 9819.6621   19.0691
    0.0000  -30.0000    0.000010340.5166   19.0918
    7.5000  -30.0000    0.0000 9840.5107   19.0693
   -7.5000  -22.5000    0.000011247.8867   18.6249
    0.0000  -22.5000    0.000011844.3662   18.6497
    7.5000  -22.5000    0.000011294.2812   18.6334
   -7.5000  -15.0000    0.000012668.3857   18.3341
    0.0000  -15.0000    0.000013309.3398   18.3547
    7.5000  -15.0000    0.000012737.3623   18.3428
   -7.5000   -7.5000    0.000014091.1826   18.2679
    0.0000   -7.5000    0.000014784.4844   18.2836
    7.5000   -7.5000    0.000014184.9561   18.2713
   -7.5000    0.0000    0.000015435.0098   18.2861
    0.0000    0.0000    0.000016174.5703   18.3013
    7.5000    0.0000    0.000015529.3574   18.2865
   -7.5000    7.5000    0.000015610.8701   18.2899
    0.0000    7.5000    0.000016355.5957   18.3090
    7.5000    7.5000    0.000015721.8604   18.2903
   -7.5000   15.0000    0.000015633.4902   18.2748
    0.0000   15.0000    0.000016459.4570   18.2988
    7.5000   15.0000    0.000015790.5430   18.2792
   -7.5000   22.5000    0.000015408.4287   18.2439
    0.0000   22.5000    0.000016235.3828   18.2694
    7.5000   22.5000    0.000015627.4473   18.2543
   -7.5000   30.0000    0.000014937.4072   18.0112
    0.0000   30.0000    0.000015691.1162   18.0319
    7.5000   30.0000    0.000015152.3945   18.0204
   -7.5000   37.5000    0.000015007.8154   18.0293
    0.0000   37.5000    0.000015765.1172   18.0448
    7.5000   37.5000    0.000015127.8672   18.0326
   -7.5000   45.0000    0.000014554.4268   17.6257
    0.0000   45.0000    0.000015312.7266   17.6403
    7.5000   45.0000    0.000014628.8516   17.6260
   -7.5000  -45.0000    7.5000 7299.7944   20.4748
    0.0000  -45.0000    7.5000 7661.9673   20.4760
    7.5000  -45.0000    7.5000 7312.7134   20.4672
   -7.5000  -37.5000    7.5000 8211.3330   19.6974
    0.0000  -37.5000    7.5000 8642.9961   19.6985
    7.5000  -37.5000    7.5000 8238.0049   19.6804
   -7.5000  -30.0000    7.5000 9546.3594   19.0854
    0.0000  -30.0000    7.500010054.0420   19.0954
    7.5000  -30.0000    7.5000 9593.4746   19.0817
   -7.5000  -22.5000    7.500010928.8359   18.6333
    0.0000  -22.5000    7.500011477.7178   18.6471
    7.5000  -22.5000    7.500010977.0264   18.6427
   -7.5000  -15.0000    7.500012327.3652   18.3413
    0.0000  -15.0000    7.500012880.3623   18.3523
    7.5000  -15.0000    7.500012348.1172   18.3514
   -7.5000   -7.5000    7.500013734.1260   18.2792
    0.0000   -7.5000    7.500014322.3438   18.2851
    7.5000   -7.5000    7.500013745.9395   18.2799
   -7.5000    0.0000    7.500015029.9346   18.3027
    0.0000    0.0000    7.500015674.8262   18.3073
    7.5000    0.0000    7.500015063.7822   18.2963
   -7.5000    7.5000    7.500015173.2256   18.3087
    0.0000    7.5000    7.500015855.8633   18.3161
    7.5000    7.5000    7.500015241.3066   18.3019
   -7.5000   15.0000    7.500015243.3877   18.2895
    0.0000   15.0000    7.500015903.5234   18.3018
    7.5000   15.0000    7.500015301.0127   18.2905
   -7.5000   22.5000    7.500015038.6396   18.2524
    0.0000   22.5000    7.500015565.3721   18.2673
    7.5000   22.5000    7.500015144.8594   18.2635
   -7.5000   30.0000    7.500014533.3457   18.0182
    0.0000   30.0000    7.500015048.6621   18.0294
    7.5000   30.0000    7.500014703.8496   18.0287
   -7.5000   37.5000    7.500014603.9355   18.0404
    0.0000   37.5000    7.500015204.6660   18.0462
    7.5000   37.5000    7.500014715.0820   18.0411
   -7.5000   45.0000    7.500014236.3691   17.6417
    0.0000   45.0000    7.500014869.7168   17.6461
    7.5000   45.0000    7.500014238.1953   17.6355
   -7.5000  -45.0000   15.0000 7010.8677   20.4724
    0.0000  -45.0000   15.0000 7356.3364   20.4598
    7.5000  -45.0000   15.0000 7010.7837   20.4561
   -7.5000  -37.5000   15.0000 7857.6309   19.6989
    0.0000  -37.5000   15.0000 8251.2910   19.6861
    7.5000  -37.5000   15.0000 7896.1426   19.6728
   -7.5000  -30.0000   15.0000 9126.6807   19.0882
    0.0000  -30.0000   15.0000 9586.7744   19.0812
    7.5000  -30.0000   15.0000 9180.2100   19.0708
   -7.5000  -22.5000   15.000010475.2959   18.6309
    0.0000  -22.5000   15.000010985.0557   18.6262
    7.5000  -22.5000   15.000010520.4854   18.6248
   -7.5000  -15.0000   15.000011815.7598   18.3364
    0.0000  -15.0000   15.000012355.7793   18.3299
    7.5000  -15.0000   15.000011848.6885   18.3320
   -7.5000   -7.5000   15.000013169.7734   18.2757
    0.0000   -7.5000   15.000013759.4531   18.2673
    7.5000   -7.5000   15.000013189.1523   18.2655
   -7.5000    0.0000   15.000014411.3760   18.3035
    0.0000    0.0000   15.000015047.3594   18.2965
    7.5000    0.0000   15.000014443.3984   18.2893
   -7.5000    7.5000   15.000014547.7529   18.3126
    0.0000    7.5000   15.000015175.6309   18.3074
    7.5000    7.5000   15.000014551.2354   18.2969
   -7.5000   15.0000   15.000014562.9863   18.2919
    0.0000   15.0000   15.000015101.2803   18.2883
    7.5000   15.0000   15.000014487.6367   18.2799
   -7.5000   22.5000   15.000014416.1211   18.2504
    0.0000   22.5000   15.000014838.5840   18.2475
    7.5000   22.5000   15.000014261.8779   18.2464
   -7.5000   30.0000   15.000014077.9961   18.0135
    0.0000   30.0000   15.000014536.7197   18.0077
    7.5000   30.0000   15.000013946.7588   18.0098
   -7.5000   37.5000   15.000014211.0635   18.0369
    0.0000   37.5000   15.000014737.4844   18.0286
    7.5000   37.5000   15.000014050.6455   18.0269
   -7.5000   45.0000   15.000013792.4746   17.6424
    0.0000   45.0000   15.000014324.2891   17.6357
    7.5000   45.0000   15.000013603.2217   17.6288
   -7.5000  -45.0000   22.5000 6642.2612   20.5049
    0.0000  -45.0000   22.5000 6991.0020   20.4915
    7.5000  -45.0000   22.5000 6638.5532   20.4851
   -7.5000  -37.5000   22.5000 7456.6470   19.7239
    0.0000  -37.5000   22.5000 7827.9458   19.7110
    7.5000  -37.5000   22.5000 7473.9019   19.6962
   -7.5000  -30.0000   22.5000 8659.3945   19.1148
    0.0000  -30.0000   22.5000 9080.7197   19.1035
    7.5000  -30.0000   22.5000 8678.4463   19.0867
   -7.5000  -22.5000   22.5000 9923.8730   18.6591
    0.0000  -22.5000   22.500010381.5010   18.6468
    7.5000  -22.5000   22.5000 9927.4248   18.6355
   -7.5000  -15.0000   22.500011191.6670   18.3637
    0.0000  -15.0000   22.500011688.6807   18.3497
    7.5000  -15.0000   22.500011185.3525   18.3426
   -7.5000   -7.5000   22.500012472.8037   18.3009
    0.0000   -7.5000   22.500013035.8271   18.2890
    7.5000   -7.5000   22.500012455.4102   18.2821
   -7.5000    0.0000   22.500013671.8633   18.3271
    0.0000    0.0000   22.500014290.6328   18.3202
    7.5000    0.0000   22.500013655.6152   18.3116
   -7.5000    7.5000   22.500013827.9678   18.3353
    0.0000    7.5000   22.500014433.0068   18.3298
    7.5000    7.5000   22.500013765.8887   18.3173
   -7.5000   15.0000   22.500013848.8662   18.3163
    0.0000   15.0000   22.500014372.9473   18.3086
    7.5000   15.0000   22.500013697.2949   18.2941
   -7.5000   22.5000   22.500013634.1133   18.2776
    0.0000   22.5000   22.500014128.2529   18.2673
    7.5000   22.5000   22.500013471.2539   18.2565
   -7.5000   30.0000   22.500013300.7266   18.0404
    0.0000   30.0000   22.500013805.3936   18.0272
    7.5000   30.0000   22.500013137.6924   18.0203
   -7.5000   37.5000   22.500013436.4141   18.0618
    0.0000   37.5000   22.500013960.7617   18.0500
    7.5000   37.5000   22.500013257.2686   18.0432
   -7.5000   45.0000   22.500013014.2490   17.6652
    0.0000   45.0000   22.500013529.2012   17.6585
    7.5000   45.0000   22.500012864.9111   17.6502
   -7.5000  -45.0000   30.0000 6186.5903   20.5733
    0.0000  -45.0000   30.0000 6498.1670   20.5724
    7.5000  -45.0000   30.0000 6196.3027   20.5585
   -7.5000  -37.5000   30.0000 6950.2944   19.7809
    0.0000  -37.5000   30.0000 7289.9834   19.7802
    7.5000  -37.5000   30.0000 6964.1685   19.7590
   -7.5000  -30.0000   30.0000 8073.6270   19.1702
    0.0000  -30.0000   30.0000 8459.7334   19.1699
    7.5000  -30.0000   30.0000 8072.9282   19.1440
   -7.5000  -22.5000   30.0000 9252.1719   18.7195
    0.0000  -22.5000   30.0000 9687.2021   18.7164
    7.5000  -22.5000   30.0000 9231.9141   18.6937
   -7.5000  -15.0000   30.000010450.6777   18.4245
    0.0000  -15.0000   30.000010935.8721   18.4197
    7.5000  -15.0000   30.000010422.7471   18.4022
   -7.5000   -7.5000   30.000011649.8867   18.3586
    0.0000   -7.5000   30.000012189.2568   18.3570
    7.5000   -7.5000   30.000011622.4521   18.3429
   -7.5000    0.0000   30.000012763.3428   18.3797
    0.0000    0.0000   30.000013352.6494   18.3836
    7.5000    0.0000   30.000012730.4902   18.3702
   -7.5000    7.5000   30.000012907.3926   18.3842
    0.0000    7.5000   30.000013457.5596   18.3895
    7.5000    7.5000   30.000012847.2207   18.3714
   -7.5000   15.0000   30.000012875.5254   18.3675
    0.0000   15.0000   30.000013363.4717   18.3700
    7.5000   15.0000   30.000012777.8418   18.3469
   -7.5000   22.5000   30.000012662.5752   18.3353
    0.0000   22.5000   30.000013144.3721   18.3339
    7.5000   22.5000   30.000012585.7061   18.3122
   -7.5000   30.0000   30.000012333.5049   18.0999
    0.0000   30.0000   30.000012824.4023   18.0958
    7.5000   30.0000   30.000012272.0107   18.0787
   -7.5000   37.5000   30.000012481.6416   18.1188
    0.0000   37.5000   30.000012977.8955   18.1171
    7.5000   37.5000   30.000012414.2314   18.1032
   -7.5000   45.0000   30.000012129.5371   17.7159
    0.0000   45.0000   30.000012605.1602   17.7197
    7.5000   45.0000   30.000012054.2539   17.7068
   -7.5000  -45.0000   37.5000 5969.5337   20.8453
    0.0000  -45.0000   37.5000 6240.2832   20.8573
    7.5000  -45.0000   37.5000 5979.3828   20.8399
   -7.5000  -37.5000   37.5000 6700.3135   20.0339
    0.0000  -37.5000   37.5000 7035.3125   20.0467
    7.5000  -37.5000   37.5000 6724.7358   20.0212
   -7.5000  -30.0000   37.5000 7786.5112   19.4094
    0.0000  -30.0000   37.5000 8179.1738   19.4266
    7.5000  -30.0000   37.5000 7800.8159   19.3977
   -7.5000  -22.5000   37.5000 8914.8525   18.9547
    0.0000  -22.5000   37.5000 9367.6465   18.9709
    7.5000  -22.5000   37.5000 8944.4277   18.9457
   -7.5000  -15.0000   37.500010058.5156   18.6557
    0.0000  -15.0000   37.500010555.3730   18.6685
    7.5000  -15.0000   37.500010077.6914   18.6488
   -7.5000   -7.5000   37.500011187.0576   18.5865
    0.0000   -7.5000   37.500011744.6230   18.5987
    7.5000   -7.5000   37.500011213.6670   18.5822
   -7.5000    0.0000   37.500012240.2207   18.6034
    0.0000    0.0000   37.500012839.0303   18.6184
    7.5000    0.0000   37.500012266.0820   18.6022
   -7.5000    7.5000   37.500012368.2764   18.6051
    0.0000    7.5000   37.500012947.3779   18.6229
    7.5000    7.5000   37.500012374.3359   18.6017
   -7.5000   15.0000   37.500012336.6924   18.5899
    0.0000   15.0000   37.500012844.8535   18.6088
    7.5000   15.0000   37.500012312.2441   18.5830
   -7.5000   22.5000   37.500012145.9434   18.5615
    0.0000   22.5000   37.500012632.3594   18.5787
    7.5000   22.5000   37.500012108.1924   18.5548
   -7.5000   30.0000   37.500011861.4082   18.3260
    0.0000   30.0000   37.500012320.5527   18.3391
    7.5000   30.0000   37.500011798.2969   18.3199
   -7.5000   37.5000   37.500011999.1426   18.3436
    0.0000   37.5000   37.500012482.1787   18.3557
    7.5000   37.5000   37.500011956.8262   18.3394
   -7.5000   45.0000   37.500011670.1182   17.9316
    0.0000   45.0000   37.500012145.4316   17.9459
    7.5000   45.0000   37.500011622.3340   17.9304
   -7.5000  -45.0000   45.0000 5490.0752   21.1606
    0.0000  -45.0000   45.0000 5721.5435   21.1739
    7.5000  -45.0000   45.0000 5498.2642   21.1574
   -7.5000  -37.5000   45.0000 6168.4888   20.3273
    0.0000  -37.5000   45.0000 6459.2085   20.3411
    7.5000  -37.5000   45.0000 6182.8872   20.3154
   -7.5000  -30.0000   45.0000 7169.5288   19.6808
    0.0000  -30.0000   45.0000 7525.3306   19.7035
    7.5000  -30.0000   45.0000 7190.2085   19.6783
   -7.5000  -22.5000   45.0000 8214.3193   19.2134
    0.0000  -22.5000   45.0000 8633.0303   19.2383
    7.5000  -22.5000   45.0000 8247.3682   19.2195
   -7.5000  -15.0000   45.0000 9255.0303   18.9098
    0.0000  -15.0000   45.0000 9720.9648   18.9308
    7.5000  -15.0000   45.0000 9285.7305   18.9167
   -7.5000   -7.5000   45.000010285.1182   18.8431
    0.0000   -7.5000   45.000010803.3926   18.8594
    7.5000   -7.5000   45.000010317.6172   18.8452
   -7.5000    0.0000   45.000011243.6992   18.8608
    0.0000    0.0000   45.000011799.8086   18.8767
    7.5000    0.0000   45.000011275.8506   18.8601
   -7.5000    7.5000   45.000011335.2979   18.8602
    0.0000    7.5000   45.000011875.3447   18.8797
    7.5000    7.5000   45.000011354.4561   18.8589
   -7.5000   15.0000   45.000011291.5127   18.8417
    0.0000   15.0000   45.000011783.3027   18.8660
    7.5000   15.0000   45.000011291.6777   18.8440
   -7.5000   22.5000   45.000011107.9736   18.8114
    0.0000   22.5000   45.000011578.8350   18.8372
    7.5000   22.5000   45.000011086.9355   18.8197
   -7.5000   30.0000   45.000010855.2969   18.5738
    0.0000   30.0000   45.000011294.0869   18.5950
    7.5000   30.0000   45.000010817.4492   18.5812
   -7.5000   37.5000   45.000010983.9951   18.5953
    0.0000   37.5000   45.000011451.6943   18.6114
    7.5000   37.5000   45.000010966.8574   18.5974
   -7.5000   45.0000   45.000010717.3838   18.1879
    0.0000   45.0000   45.000011181.6357   18.2032
    7.5000   45.0000   45.000010695.2637   18.1872

---------------------------------------------------------------------
imgreg_4dfp /opt/freesurfer/average/711-2C_as_mni_average_305 /opt/freesurfer/average/711-2B_as_mni_average_305_mask talsrcimg_g11 none talsrcimg_to_711-2C_as_mni_average_305_t4 4355
---------------------------------------------------------------------

freesurfer imgreg_4dfp.c
/opt/freesurfer/average/711-2C_as_mni_average_305.4dfp.img
       256       256       256         1
  1.000000  1.000000  1.000000
orientation T byte_order littleendian
Reading image: /opt/freesurfer/average/711-2C_as_mni_average_305.4dfp.img
dimensions:      256       256       256
mmppix:       1.0000   -1.0000   -1.0000
center:     128.0000 -129.0000 -129.0000
/opt/freesurfer/average/711-2B_as_mni_average_305_mask.4dfp.img
       256       256       256         1
  1.000000  1.000000  1.000000
orientation T byte_order littleendian
Reading mask: /opt/freesurfer/average/711-2B_as_mni_average_305_mask.4dfp.img (2306576 pixels)
talsrcimg_g11.4dfp.img
       256       256       256         1
  1.000000  1.000000  1.000000
orientation T byte_order littleendian
Reading image: talsrcimg_g11.4dfp.img
dimensions:      256       256       256
mmppix:       1.0000   -1.0000   -1.0000
center:     128.0000 -129.0000 -129.0000
rotation matrix determinant  1.000000
image alignment mode   4355 decimal     1103 hex
   -7.5000  -30.0000  -45.0000 1721.1263   27.5547
    0.0000  -30.0000  -45.0000 1718.3441   27.5061
    7.5000  -30.0000  -45.0000 1706.0544   27.8552
   -7.5000  -22.5000  -45.0000 1854.0608   23.9077
    0.0000  -22.5000  -45.0000 1854.7196   23.8458
    7.5000  -22.5000  -45.0000 1844.5935   24.1789
   -7.5000  -15.0000  -45.0000 1980.5046   21.2093
    0.0000  -15.0000  -45.0000 1982.2386   21.1698
    7.5000  -15.0000  -45.0000 1968.5352   21.3699
   -7.5000   -7.5000  -45.0000 2094.5513   19.2742
    0.0000   -7.5000  -45.0000 2095.4253   19.2295
    7.5000   -7.5000  -45.0000 2079.7605   19.3427
   -7.5000    0.0000  -45.0000 2182.3882   17.8425
    0.0000    0.0000  -45.0000 2183.3938   17.7823
    7.5000    0.0000  -45.0000 2173.7893   17.8691
   -7.5000    7.5000  -45.0000 2258.5081   16.6937
    0.0000    7.5000  -45.0000 2260.9155   16.6262
    7.5000    7.5000  -45.0000 2255.2383   16.7058
   -7.5000   15.0000  -45.0000 2305.9692   15.9141
    0.0000   15.0000  -45.0000 2311.6147   15.8580
    7.5000   15.0000  -45.0000 2299.1475   15.9368
   -7.5000   22.5000  -45.0000 2324.5747   15.4606
    0.0000   22.5000  -45.0000 2338.3884   15.3838
    7.5000   22.5000  -45.0000 2323.3628   15.5060
   -7.5000   30.0000  -45.0000 2323.9175   15.2569
    0.0000   30.0000  -45.0000 2333.6343   15.1913
    7.5000   30.0000  -45.0000 2321.1880   15.3356
   -7.5000   37.5000  -45.0000 2313.7158   15.3419
    0.0000   37.5000  -45.0000 2322.3376   15.2905
    7.5000   37.5000  -45.0000 2309.5925   15.4519
   -7.5000   45.0000  -45.0000 2287.7903   15.8267
    0.0000   45.0000  -45.0000 2302.0593   15.7290
    7.5000   45.0000  -45.0000 2287.0518   15.9162
   -7.5000   52.5000  -45.0000 2233.2878   16.4814
    0.0000   52.5000  -45.0000 2245.6350   16.4073
    7.5000   52.5000  -45.0000 2232.2124   16.6232
   -7.5000   60.0000  -45.0000 2132.1584   17.3168
    0.0000   60.0000  -45.0000 2143.5315   17.2218
    7.5000   60.0000  -45.0000 2129.1445   17.4499
   -7.5000  -30.0000  -37.5000 1785.0149   25.3272
    0.0000  -30.0000  -37.5000 1783.0934   25.3710
    7.5000  -30.0000  -37.5000 1777.2705   25.7219
   -7.5000  -22.5000  -37.5000 1923.4529   21.9783
    0.0000  -22.5000  -37.5000 1925.8506   21.9865
    7.5000  -22.5000  -37.5000 1919.4510   22.2274
   -7.5000  -15.0000  -37.5000 2058.4011   19.5271
    0.0000  -15.0000  -37.5000 2059.3962   19.5521
    7.5000  -15.0000  -37.5000 2046.5708   19.6543
   -7.5000   -7.5000  -37.5000 2182.2056   17.7314
    0.0000   -7.5000  -37.5000 2181.3533   17.7466
    7.5000   -7.5000  -37.5000 2168.9353   17.8059
   -7.5000    0.0000  -37.5000 2277.2710   16.4325
    0.0000    0.0000  -37.5000 2277.4055   16.3843
    7.5000    0.0000  -37.5000 2262.5068   16.4569
   -7.5000    7.5000  -37.5000 2352.1819   15.3900
    0.0000    7.5000  -37.5000 2352.1260   15.3511
    7.5000    7.5000  -37.5000 2340.4165   15.4015
   -7.5000   15.0000  -37.5000 2396.3071   14.6230
    0.0000   15.0000  -37.5000 2402.4539   14.5884
    7.5000   15.0000  -37.5000 2383.5349   14.6792
   -7.5000   22.5000  -37.5000 2424.0295   14.2053
    0.0000   22.5000  -37.5000 2436.1631   14.1247
    7.5000   22.5000  -37.5000 2416.3511   14.2434
   -7.5000   30.0000  -37.5000 2429.7327   14.0311
    0.0000   30.0000  -37.5000 2440.9561   13.9586
    7.5000   30.0000  -37.5000 2423.2065   14.0948
   -7.5000   37.5000  -37.5000 2419.7566   14.1135
    0.0000   37.5000  -37.5000 2428.8328   14.0552
    7.5000   37.5000  -37.5000 2414.9385   14.2083
   -7.5000   45.0000  -37.5000 2395.4978   14.5536
    0.0000   45.0000  -37.5000 2409.3845   14.4884
    7.5000   45.0000  -37.5000 2394.6042   14.6260
   -7.5000   52.5000  -37.5000 2337.4368   15.1933
    0.0000   52.5000  -37.5000 2349.0110   15.1040
    7.5000   52.5000  -37.5000 2334.1663   15.2662
   -7.5000   60.0000  -37.5000 2225.4192   15.9651
    0.0000   60.0000  -37.5000 2237.9392   15.8685
    7.5000   60.0000  -37.5000 2220.2847   16.0712
   -7.5000  -30.0000  -30.0000 1875.9316   24.3514
    0.0000  -30.0000  -30.0000 1876.2648   24.4164
    7.5000  -30.0000  -30.0000 1870.1611   24.6542
   -7.5000  -22.5000  -30.0000 2021.9257   21.1265
    0.0000  -22.5000  -30.0000 2027.3726   21.1464
    7.5000  -22.5000  -30.0000 2016.4515   21.3244
   -7.5000  -15.0000  -30.0000 2166.7305   18.7470
    0.0000  -15.0000  -30.0000 2172.9253   18.7897
    7.5000  -15.0000  -30.0000 2154.8010   18.8879
   -7.5000   -7.5000  -30.0000 2300.3181   17.0053
    0.0000   -7.5000  -30.0000 2302.9822   17.0270
    7.5000   -7.5000  -30.0000 2283.7617   17.0923
   -7.5000    0.0000  -30.0000 2402.5642   15.6953
    0.0000    0.0000  -30.0000 2407.2354   15.6962
    7.5000    0.0000  -30.0000 2383.4944   15.7409
   -7.5000    7.5000  -30.0000 2482.9934   14.6879
    0.0000    7.5000  -30.0000 2482.4724   14.6457
    7.5000    7.5000  -30.0000 2463.1919   14.7235
   -7.5000   15.0000  -30.0000 2530.1997   13.9768
    0.0000   15.0000  -30.0000 2534.7119   13.8941
    7.5000   15.0000  -30.0000 2515.2161   14.0166
   -7.5000   22.5000  -30.0000 2567.0798   13.5339
    0.0000   22.5000  -30.0000 2576.6125   13.4555
    7.5000   22.5000  -30.0000 2559.0449   13.6001
   -7.5000   30.0000  -30.0000 2582.3010   13.3727
    0.0000   30.0000  -30.0000 2590.6702   13.2733
    7.5000   30.0000  -30.0000 2573.2373   13.4311
   -7.5000   37.5000  -30.0000 2580.2605   13.4911
    0.0000   37.5000  -30.0000 2592.0637   13.3823
    7.5000   37.5000  -30.0000 2570.4421   13.5441
   -7.5000   45.0000  -30.0000 2553.6079   13.9320
    0.0000   45.0000  -30.0000 2567.7573   13.8265
    7.5000   45.0000  -30.0000 2543.9634   13.9463
   -7.5000   52.5000  -30.0000 2485.0901   14.5857
    0.0000   52.5000  -30.0000 2497.1128   14.4886
    7.5000   52.5000  -30.0000 2473.4595   14.5970
   -7.5000   60.0000  -30.0000 2361.5576   15.3447
    0.0000   60.0000  -30.0000 2372.3665   15.2433
    7.5000   60.0000  -30.0000 2352.5796   15.3843
   -7.5000  -30.0000  -22.5000 1944.5022   23.3172
    0.0000  -30.0000  -22.5000 1946.4751   23.3819
    7.5000  -30.0000  -22.5000 1935.4762   23.5920
   -7.5000  -22.5000  -22.5000 2099.3716   20.2521
    0.0000  -22.5000  -22.5000 2107.3750   20.2825
    7.5000  -22.5000  -22.5000 2091.8704   20.4699
   -7.5000  -15.0000  -22.5000 2252.8193   17.9660
    0.0000  -15.0000  -22.5000 2259.1294   17.9804
    7.5000  -15.0000  -22.5000 2239.0103   18.1287
   -7.5000   -7.5000  -22.5000 2385.6980   16.2113
    0.0000   -7.5000  -22.5000 2392.9529   16.2024
    7.5000   -7.5000  -22.5000 2368.2976   16.3375
   -7.5000    0.0000  -22.5000 2493.9285   14.8853
    0.0000    0.0000  -22.5000 2500.4490   14.8925
    7.5000    0.0000  -22.5000 2475.4038   14.9839
   -7.5000    7.5000  -22.5000 2582.5913   13.9212
    0.0000    7.5000  -22.5000 2584.6963   13.8836
    7.5000    7.5000  -22.5000 2564.5042   13.9599
   -7.5000   15.0000  -22.5000 2638.7917   13.2321
    0.0000   15.0000  -22.5000 2644.8452   13.1431
    7.5000   15.0000  -22.5000 2625.9934   13.2527
   -7.5000   22.5000  -22.5000 2684.3992   12.8253
    0.0000   22.5000  -22.5000 2694.9553   12.7475
    7.5000   22.5000  -22.5000 2677.6580   12.8579
   -7.5000   30.0000  -22.5000 2708.2161   12.6598
    0.0000   30.0000  -22.5000 2717.5254   12.5728
    7.5000   30.0000  -22.5000 2700.1494   12.6932
   -7.5000   37.5000  -22.5000 2710.5376   12.7771
    0.0000   37.5000  -22.5000 2723.4143   12.6809
    7.5000   37.5000  -22.5000 2697.0530   12.8071
   -7.5000   45.0000  -22.5000 2684.5166   13.2069
    0.0000   45.0000  -22.5000 2703.8643   13.1011
    7.5000   45.0000  -22.5000 2673.4695   13.2094
   -7.5000   52.5000  -22.5000 2605.4231   13.8739
    0.0000   52.5000  -22.5000 2623.5486   13.7690
    7.5000   52.5000  -22.5000 2593.8560   13.8782
   -7.5000   60.0000  -22.5000 2470.2024   14.6430
    0.0000   60.0000  -22.5000 2485.7205   14.5397
    7.5000   60.0000  -22.5000 2462.0876   14.6346
   -7.5000  -30.0000  -15.0000 1990.5834   22.4088
    0.0000  -30.0000  -15.0000 1996.5171   22.4427
    7.5000  -30.0000  -15.0000 1982.9757   22.6625
   -7.5000  -22.5000  -15.0000 2155.7329   19.4717
    0.0000  -22.5000  -15.0000 2163.2578   19.4930
    7.5000  -22.5000  -15.0000 2147.6860   19.6746
   -7.5000  -15.0000  -15.0000 2309.5725   17.2639
    0.0000  -15.0000  -15.0000 2318.8594   17.2448
    7.5000  -15.0000  -15.0000 2297.6499   17.4212
   -7.5000   -7.5000  -15.0000 2437.5737   15.5080
    0.0000   -7.5000  -15.0000 2447.1897   15.4784
    7.5000   -7.5000  -15.0000 2423.4219   15.6674
   -7.5000    0.0000  -15.0000 2551.0894   14.1839
    0.0000    0.0000  -15.0000 2557.6179   14.1474
    7.5000    0.0000  -15.0000 2537.1931   14.2966
   -7.5000    7.5000  -15.0000 2653.5857   13.1964
    0.0000    7.5000  -15.0000 2660.2571   13.1511
    7.5000    7.5000  -15.0000 2636.5771   13.2594
   -7.5000   15.0000  -15.0000 2726.4314   12.5186
    0.0000   15.0000  -15.0000 2731.9109   12.4575
    7.5000   15.0000  -15.0000 2714.2148   12.5644
   -7.5000   22.5000  -15.0000 2781.6538   12.1357
    0.0000   22.5000  -15.0000 2794.4761   12.0834
    7.5000   22.5000  -15.0000 2773.2310   12.1639
   -7.5000   30.0000  -15.0000 2804.9504   11.9907
    0.0000   30.0000  -15.0000 2820.8679   11.9293
    7.5000   30.0000  -15.0000 2799.0852   12.0170
   -7.5000   37.5000  -15.0000 2806.3647   12.1156
    0.0000   37.5000  -15.0000 2826.4116   12.0171
    7.5000   37.5000  -15.0000 2800.1047   12.1326
   -7.5000   45.0000  -15.0000 2780.4473   12.4837
    0.0000   45.0000  -15.0000 2801.3472   12.3982
    7.5000   45.0000  -15.0000 2773.7175   12.5249
   -7.5000   52.5000  -15.0000 2693.5339   13.1810
    0.0000   52.5000  -15.0000 2713.4827   13.0645
    7.5000   52.5000  -15.0000 2689.3025   13.1768
   -7.5000   60.0000  -15.0000 2546.7400   13.9745
    0.0000   60.0000  -15.0000 2564.2427   13.8393
    7.5000   60.0000  -15.0000 2542.4202   13.9279
   -7.5000  -30.0000   -7.5000 2027.2386   21.6947
    0.0000  -30.0000   -7.5000 2035.2887   21.7335
    7.5000  -30.0000   -7.5000 2016.7942   22.0212
   -7.5000  -22.5000   -7.5000 2194.9072   18.8551
    0.0000  -22.5000   -7.5000 2201.5391   18.8211
    7.5000  -22.5000   -7.5000 2182.9983   19.0663
   -7.5000  -15.0000   -7.5000 2340.5808   16.6147
    0.0000  -15.0000   -7.5000 2350.0366   16.5370
    7.5000  -15.0000   -7.5000 2334.5366   16.7648
   -7.5000   -7.5000   -7.5000 2465.2959   14.8847
    0.0000   -7.5000   -7.5000 2473.6633   14.8109
    7.5000   -7.5000   -7.5000 2462.6687   15.0181
   -7.5000    0.0000   -7.5000 2587.1418   13.5683
    0.0000    0.0000   -7.5000 2597.0164   13.5072
    7.5000    0.0000   -7.5000 2581.0132   13.6804
   -7.5000    7.5000   -7.5000 2700.5435   12.5713
    0.0000    7.5000   -7.5000 2712.6169   12.5186
    7.5000    7.5000   -7.5000 2691.5955   12.6834
   -7.5000   15.0000   -7.5000 2788.6489   11.9059
    0.0000   15.0000   -7.5000 2802.2227   11.8374
    7.5000   15.0000   -7.5000 2779.9670   11.9792
   -7.5000   22.5000   -7.5000 2857.7681   11.5253
    0.0000   22.5000   -7.5000 2873.7908   11.4653
    7.5000   22.5000   -7.5000 2849.5701   11.5647
   -7.5000   30.0000   -7.5000 2892.1021   11.3766
    0.0000   30.0000   -7.5000 2909.8440   11.3331
    7.5000   30.0000   -7.5000 2883.5635   11.4323
   -7.5000   37.5000   -7.5000 2889.3247   11.5121
    0.0000   37.5000   -7.5000 2912.7476   11.4336
    7.5000   37.5000   -7.5000 2890.1301   11.5479
   -7.5000   45.0000   -7.5000 2855.2373   11.8833
    0.0000   45.0000   -7.5000 2878.3064   11.7709
    7.5000   45.0000   -7.5000 2856.3389   11.9195
   -7.5000   52.5000   -7.5000 2755.1165   12.5732
    0.0000   52.5000   -7.5000 2774.7483   12.4431
    7.5000   52.5000   -7.5000 2757.0413   12.5716
   -7.5000   60.0000   -7.5000 2598.2476   13.3767
    0.0000   60.0000   -7.5000 2614.0476   13.2487
    7.5000   60.0000   -7.5000 2593.1077   13.3684
   -7.5000  -30.0000    0.0000 2043.2319   21.2676
    0.0000  -30.0000    0.0000 2051.8657   21.2679
    7.5000  -30.0000    0.0000 2034.7585   21.5741
   -7.5000  -22.5000    0.0000 2211.4043   18.4442
    0.0000  -22.5000    0.0000 2218.6797   18.3672
    7.5000  -22.5000    0.0000 2203.1780   18.6573
   -7.5000  -15.0000    0.0000 2357.1653   16.1937
    0.0000  -15.0000    0.0000 2362.9795   16.0616
    7.5000  -15.0000    0.0000 2353.1057   16.3949
   -7.5000   -7.5000    0.0000 2490.9094   14.4908
    0.0000   -7.5000    0.0000 2496.8792   14.3556
    7.5000   -7.5000    0.0000 2492.3555   14.6766
   -7.5000    0.0000    0.0000 2614.2261   13.1897
    0.0000    0.0000    0.0000 2620.6470   13.0473
    7.5000    0.0000    0.0000 2612.4536   13.3291
   -7.5000    7.5000    0.0000 2726.0769   12.2026
    0.0000    7.5000    0.0000 2738.9871   12.0816
    7.5000    7.5000    0.0000 2725.7063   12.3304
   -7.5000   15.0000    0.0000 2825.6611   11.5197
    0.0000   15.0000    0.0000 2845.8853   11.4092
    7.5000   15.0000    0.0000 2825.7920   11.6332
   -7.5000   22.5000    0.0000 2909.0447   11.1326
    0.0000   22.5000    0.0000 2936.0854   11.0421
    7.5000   22.5000    0.0000 2905.4136   11.2341
   -7.5000   30.0000    0.0000 2955.7505   10.9375
    0.0000   30.0000    0.0000 2981.3354   10.8580
    7.5000   30.0000    0.0000 2949.3193   11.0845
   -7.5000   37.5000    0.0000 2950.4385   11.1084
    0.0000   37.5000    0.0000 2976.0740   10.9678
    7.5000   37.5000    0.0000 2946.9478   11.1739
   -7.5000   45.0000    0.0000 2902.9983   11.5317
    0.0000   45.0000    0.0000 2929.9343   11.3834
    7.5000   45.0000    0.0000 2904.5842   11.5554
   -7.5000   52.5000    0.0000 2791.5378   12.2003
    0.0000   52.5000    0.0000 2814.3862   12.0850
    7.5000   52.5000    0.0000 2796.5132   12.2772
   -7.5000   60.0000    0.0000 2627.9265   12.9951
    0.0000   60.0000    0.0000 2645.2263   12.9167
    7.5000   60.0000    0.0000 2629.9976   13.0974
   -7.5000  -30.0000    7.5000 2044.2230   21.1850
    0.0000  -30.0000    7.5000 2056.5339   21.0537
    7.5000  -30.0000    7.5000 2042.9867   21.4032
   -7.5000  -22.5000    7.5000 2212.4265   18.2859
    0.0000  -22.5000    7.5000 2224.2095   18.0763
    7.5000  -22.5000    7.5000 2212.2642   18.4232
   -7.5000  -15.0000    7.5000 2362.8879   16.0461
    0.0000  -15.0000    7.5000 2367.8560   15.7876
    7.5000  -15.0000    7.5000 2361.4487   16.1572
   -7.5000   -7.5000    7.5000 2503.1477   14.3695
    0.0000   -7.5000    7.5000 2507.8782   14.1108
    7.5000   -7.5000    7.5000 2500.8374   14.4551
   -7.5000    0.0000    7.5000 2623.3887   13.0907
    0.0000    0.0000    7.5000 2634.1919   12.8351
    7.5000    0.0000    7.5000 2625.2585   13.1545
   -7.5000    7.5000    7.5000 2734.3865   12.0974
    0.0000    7.5000    7.5000 2751.8577   11.8536
    7.5000    7.5000    7.5000 2740.0305   12.1639
   -7.5000   15.0000    7.5000 2837.6287   11.3825
    0.0000   15.0000    7.5000 2863.1042   11.1655
    7.5000   15.0000    7.5000 2847.8579   11.4362
   -7.5000   22.5000    7.5000 2924.5120   10.9937
    0.0000   22.5000    7.5000 2959.6958   10.7943
    7.5000   22.5000    7.5000 2932.0603   11.0448
   -7.5000   30.0000    7.5000 2980.7620   10.8046
    0.0000   30.0000    7.5000 3012.4241   10.5784
    7.5000   30.0000    7.5000 2981.0903   10.9352
   -7.5000   37.5000    7.5000 2978.2319   10.9721
    0.0000   37.5000    7.5000 3005.9028   10.7901
    7.5000   37.5000    7.5000 2975.6611   11.0536
   -7.5000   45.0000    7.5000 2930.5706   11.4644
    0.0000   45.0000    7.5000 2954.6685   11.3217
    7.5000   45.0000    7.5000 2926.6084   11.4719
   -7.5000   52.5000    7.5000 2811.8914   12.1175
    0.0000   52.5000    7.5000 2831.3552   12.0090
    7.5000   52.5000    7.5000 2811.9595   12.1525
   -7.5000   60.0000    7.5000 2639.7881   12.8796
    0.0000   60.0000    7.5000 2656.8792   12.7859
    7.5000   60.0000    7.5000 2641.0356   12.9379
   -7.5000  -30.0000   15.0000 2029.5793   21.2693
    0.0000  -30.0000   15.0000 2038.5055   21.0068
    7.5000  -30.0000   15.0000 2032.1296   21.3446
   -7.5000  -22.5000   15.0000 2200.8652   18.3746
    0.0000  -22.5000   15.0000 2212.5664   18.0802
    7.5000  -22.5000   15.0000 2204.3940   18.4133
   -7.5000  -15.0000   15.0000 2354.7805   16.1688
    0.0000  -15.0000   15.0000 2366.7122   15.8344
    7.5000  -15.0000   15.0000 2357.7498   16.1659
   -7.5000   -7.5000   15.0000 2498.2002   14.4784
    0.0000   -7.5000   15.0000 2512.4670   14.1457
    7.5000   -7.5000   15.0000 2499.9368   14.4728
   -7.5000    0.0000   15.0000 2618.3801   13.1713
    0.0000    0.0000   15.0000 2633.2119   12.8536
    7.5000    0.0000   15.0000 2625.7153   13.1559
   -7.5000    7.5000   15.0000 2730.6318   12.1727
    0.0000    7.5000   15.0000 2748.2551   11.8837
    7.5000    7.5000   15.0000 2741.5818   12.1739
   -7.5000   15.0000   15.0000 2830.4333   11.4591
    0.0000   15.0000   15.0000 2851.5142   11.1823
    7.5000   15.0000   15.0000 2843.4944   11.4344
   -7.5000   22.5000   15.0000 2913.1638   11.0611
    0.0000   22.5000   15.0000 2945.4907   10.7897
    7.5000   22.5000   15.0000 2920.4895   11.0191
   -7.5000   30.0000   15.0000 2962.6072   10.9562
    0.0000   30.0000   15.0000 2996.7366   10.7138
    7.5000   30.0000   15.0000 2963.9744   10.9320
   -7.5000   37.5000   15.0000 2960.4443   11.1547
    0.0000   37.5000   15.0000 2990.4197   10.9939
    7.5000   37.5000   15.0000 2950.2830   11.1374
   -7.5000   45.0000   15.0000 2913.6248   11.5849
    0.0000   45.0000   15.0000 2937.2366   11.4542
    7.5000   45.0000   15.0000 2906.8223   11.5537
   -7.5000   52.5000   15.0000 2797.5503   12.1946
    0.0000   52.5000   15.0000 2815.9731   12.0932
    7.5000   52.5000   15.0000 2797.3005   12.2027
   -7.5000   60.0000   15.0000 2624.9851   12.9224
    0.0000   60.0000   15.0000 2640.6467   12.8336
    7.5000   60.0000   15.0000 2627.1484   12.9415
   -7.5000  -30.0000   22.5000 2008.2198   21.6010
    0.0000  -30.0000   22.5000 2020.4130   21.3107
    7.5000  -30.0000   22.5000 2016.1278   21.5859
   -7.5000  -22.5000   22.5000 2181.5190   18.6506
    0.0000  -22.5000   22.5000 2196.4312   18.3124
    7.5000  -22.5000   22.5000 2189.5720   18.6089
   -7.5000  -15.0000   22.5000 2338.9202   16.4052
    0.0000  -15.0000   22.5000 2356.7249   16.0634
    7.5000  -15.0000   22.5000 2348.2456   16.3423
   -7.5000   -7.5000   22.5000 2481.9399   14.7349
    0.0000   -7.5000   22.5000 2502.0039   14.4020
    7.5000   -7.5000   22.5000 2493.2651   14.6757
   -7.5000    0.0000   22.5000 2601.3994   13.4712
    0.0000    0.0000   22.5000 2624.4644   13.1743
    7.5000    0.0000   22.5000 2617.6008   13.4237
   -7.5000    7.5000   22.5000 2710.8030   12.5222
    0.0000    7.5000   22.5000 2731.5068   12.2424
    7.5000    7.5000   22.5000 2724.5129   12.4727
   -7.5000   15.0000   22.5000 2807.8916   11.8303
    0.0000   15.0000   22.5000 2828.7952   11.5416
    7.5000   15.0000   22.5000 2818.5652   11.7402
   -7.5000   22.5000   22.5000 2883.4785   11.3823
    0.0000   22.5000   22.5000 2910.6196   11.1088
    7.5000   22.5000   22.5000 2892.4773   11.2998
   -7.5000   30.0000   22.5000 2914.3691   11.2265
    0.0000   30.0000   22.5000 2943.8911   11.0327
    7.5000   30.0000   22.5000 2923.3486   11.1772
   -7.5000   37.5000   22.5000 2904.4951   11.4441
    0.0000   37.5000   22.5000 2932.5239   11.2840
    7.5000   37.5000   22.5000 2906.3787   11.3852
   -7.5000   45.0000   22.5000 2859.1045   11.8555
    0.0000   45.0000   22.5000 2879.9177   11.7134
    7.5000   45.0000   22.5000 2859.3552   11.8089
   -7.5000   52.5000   22.5000 2749.9868   12.4646
    0.0000   52.5000   22.5000 2767.4822   12.3387
    7.5000   52.5000   22.5000 2753.5708   12.4577
   -7.5000   60.0000   22.5000 2590.3149   13.1614
    0.0000   60.0000   22.5000 2604.5410   13.0284
    7.5000   60.0000   22.5000 2592.1523   13.1719
   -7.5000  -30.0000   30.0000 1984.5394   22.2204
    0.0000  -30.0000   30.0000 1998.2075   21.8479
    7.5000  -30.0000   30.0000 1995.4441   22.0680
   -7.5000  -22.5000   30.0000 2156.6899   19.2274
    0.0000  -22.5000   30.0000 2177.1206   18.8700
    7.5000  -22.5000   30.0000 2170.1716   19.0887
   -7.5000  -15.0000   30.0000 2317.0840   16.9599
    0.0000  -15.0000   30.0000 2339.7083   16.6382
    7.5000  -15.0000   30.0000 2330.8584   16.8705
   -7.5000   -7.5000   30.0000 2457.0371   15.2925
    0.0000   -7.5000   30.0000 2480.1033   14.9869
    7.5000   -7.5000   30.0000 2472.5193   15.2091
   -7.5000    0.0000   30.0000 2570.9543   14.0403
    0.0000    0.0000   30.0000 2599.1978   13.7438
    7.5000    0.0000   30.0000 2589.2278   13.9381
   -7.5000    7.5000   30.0000 2672.2344   13.0992
    0.0000    7.5000   30.0000 2696.4270   12.7803
    7.5000    7.5000   30.0000 2690.4106   12.9654
   -7.5000   15.0000   30.0000 2760.4238   12.3519
    0.0000   15.0000   30.0000 2785.6221   12.0178
    7.5000   15.0000   30.0000 2776.0173   12.2295
   -7.5000   22.5000   30.0000 2830.5396   11.8413
    0.0000   22.5000   30.0000 2856.4851   11.5894
    7.5000   22.5000   30.0000 2847.7290   11.7793
   -7.5000   30.0000   30.0000 2848.1199   11.6992
    0.0000   30.0000   30.0000 2875.1306   11.4941
    7.5000   30.0000   30.0000 2867.8396   11.6621
   -7.5000   37.5000   30.0000 2833.8179   11.9122
    0.0000   37.5000   30.0000 2859.8835   11.7265
    7.5000   37.5000   30.0000 2848.7581   11.8620
   -7.5000   45.0000   30.0000 2785.8369   12.3283
    0.0000   45.0000   30.0000 2806.5837   12.1341
    7.5000   45.0000   30.0000 2796.3049   12.2672
   -7.5000   52.5000   30.0000 2685.4744   12.9089
    0.0000   52.5000   30.0000 2703.4114   12.7467
    7.5000   52.5000   30.0000 2690.9753   12.8752
   -7.5000   60.0000   30.0000 2532.7639   13.5826
    0.0000   60.0000   30.0000 2550.9124   13.4491
    7.5000   60.0000   30.0000 2539.6255   13.5542
   -7.5000  -30.0000   37.5000 1955.8768   23.1378
    0.0000  -30.0000   37.5000 1977.7083   22.7767
    7.5000  -30.0000   37.5000 1968.5901   22.9966
   -7.5000  -22.5000   37.5000 2125.0874   20.0477
    0.0000  -22.5000   37.5000 2151.3333   19.7389
    7.5000  -22.5000   37.5000 2145.7878   19.9503
   -7.5000  -15.0000   37.5000 2283.4717   17.7532
    0.0000  -15.0000   37.5000 2312.2700   17.4680
    7.5000  -15.0000   37.5000 2303.2629   17.6735
   -7.5000   -7.5000   37.5000 2416.3706   16.0290
    0.0000   -7.5000   37.5000 2446.8267   15.7618
    7.5000   -7.5000   37.5000 2438.5291   15.9555
   -7.5000    0.0000   37.5000 2525.8381   14.7380
    0.0000    0.0000   37.5000 2558.0654   14.4742
    7.5000    0.0000   37.5000 2547.0935   14.6625
   -7.5000    7.5000   37.5000 2617.1770   13.7967
    0.0000    7.5000   37.5000 2647.8262   13.5048
    7.5000    7.5000   37.5000 2640.5349   13.6779
   -7.5000   15.0000   37.5000 2696.9421   13.0376
    0.0000   15.0000   37.5000 2723.1875   12.7392
    7.5000   15.0000   37.5000 2716.6621   12.9154
   -7.5000   22.5000   37.5000 2760.3623   12.5194
    0.0000   22.5000   37.5000 2779.8713   12.2926
    7.5000   22.5000   37.5000 2774.2429   12.4401
   -7.5000   30.0000   37.5000 2774.2354   12.3794
    0.0000   30.0000   37.5000 2796.5376   12.1849
    7.5000   30.0000   37.5000 2785.1526   12.3248
   -7.5000   37.5000   37.5000 2754.2573   12.5788
    0.0000   37.5000   37.5000 2780.2964   12.4039
    7.5000   37.5000   37.5000 2771.4502   12.5131
   -7.5000   45.0000   37.5000 2705.4287   12.9713
    0.0000   45.0000   37.5000 2726.5098   12.7975
    7.5000   45.0000   37.5000 2717.5269   12.8927
   -7.5000   52.5000   37.5000 2610.4387   13.5325
    0.0000   52.5000   37.5000 2629.0549   13.3686
    7.5000   52.5000   37.5000 2615.5911   13.4981
   -7.5000   60.0000   37.5000 2468.2234   14.1560
    0.0000   60.0000   37.5000 2484.8354   14.0334
    7.5000   60.0000   37.5000 2472.2678   14.1580
   -7.5000  -30.0000   45.0000 1916.2157   24.4120
    0.0000  -30.0000   45.0000 1936.2230   24.1288
    7.5000  -30.0000   45.0000 1930.6760   24.2366
   -7.5000  -22.5000   45.0000 2086.5144   21.1455
    0.0000  -22.5000   45.0000 2109.6658   20.8713
    7.5000  -22.5000   45.0000 2106.6936   20.9895
   -7.5000  -15.0000   45.0000 2238.5354   18.7683
    0.0000  -15.0000   45.0000 2267.4712   18.5127
    7.5000  -15.0000   45.0000 2261.4045   18.6511
   -7.5000   -7.5000   45.0000 2368.5378   16.9913
    0.0000   -7.5000   45.0000 2399.3684   16.7718
    7.5000   -7.5000   45.0000 2392.5959   16.9161
   -7.5000    0.0000   45.0000 2469.4761   15.6902
    0.0000    0.0000   45.0000 2503.2017   15.4264
    7.5000    0.0000   45.0000 2494.8289   15.5927
   -7.5000    7.5000   45.0000 2550.3884   14.6831
    0.0000    7.5000   45.0000 2580.1763   14.4205
    7.5000    7.5000   45.0000 2574.5288   14.5680
   -7.5000   15.0000   45.0000 2618.0730   13.8904
    0.0000   15.0000   45.0000 2643.2153   13.6589
    7.5000   15.0000   45.0000 2637.1052   13.7966
   -7.5000   22.5000   45.0000 2670.8848   13.3682
    0.0000   22.5000   45.0000 2686.3726   13.1903
    7.5000   22.5000   45.0000 2679.9314   13.3197
   -7.5000   30.0000   45.0000 2685.4597   13.2216
    0.0000   30.0000   45.0000 2703.3286   13.0540
    7.5000   30.0000   45.0000 2693.7375   13.1711
   -7.5000   37.5000   45.0000 2669.4873   13.4059
    0.0000   37.5000   45.0000 2692.4568   13.2526
    7.5000   37.5000   45.0000 2684.8789   13.3318
   -7.5000   45.0000   45.0000 2623.0547   13.7892
    0.0000   45.0000   45.0000 2645.1794   13.6641
    7.5000   45.0000   45.0000 2633.0713   13.7158
   -7.5000   52.5000   45.0000 2527.4368   14.3533
    0.0000   52.5000   45.0000 2547.3491   14.2329
    7.5000   52.5000   45.0000 2537.7712   14.3156
   -7.5000   60.0000   45.0000 2389.9587   14.9727
    0.0000   60.0000   45.0000 2405.5562   14.8684
    7.5000   60.0000   45.0000 2395.4805   14.9487

---------------------------------------------------------------------
imgreg_4dfp /opt/freesurfer/average/711-2C_as_mni_average_305 /opt/freesurfer/average/711-2B_as_mni_average_305_mask talsrcimg_g11 none talsrcimg_to_711-2C_as_mni_average_305_t4 1283
---------------------------------------------------------------------

freesurfer imgreg_4dfp.c
/opt/freesurfer/average/711-2C_as_mni_average_305.4dfp.img
       256       256       256         1
  1.000000  1.000000  1.000000
orientation T byte_order littleendian
Reading image: /opt/freesurfer/average/711-2C_as_mni_average_305.4dfp.img
dimensions:      256       256       256
mmppix:       1.0000   -1.0000   -1.0000
center:     128.0000 -129.0000 -129.0000
/opt/freesurfer/average/711-2B_as_mni_average_305_mask.4dfp.img
       256       256       256         1
  1.000000  1.000000  1.000000
orientation T byte_order littleendian
Reading mask: /opt/freesurfer/average/711-2B_as_mni_average_305_mask.4dfp.img (2306576 pixels)
talsrcimg_g11.4dfp.img
       256       256       256         1
  1.000000  1.000000  1.000000
orientation T byte_order littleendian
Reading image: talsrcimg_g11.4dfp.img
dimensions:      256       256       256
mmppix:       1.0000   -1.0000   -1.0000
center:     128.0000 -129.0000 -129.0000
rotation matrix determinant  1.000000
fimgreg.f
image alignment mode   1283 decimal      503 hex
parameters
    0.0000   30.0000    7.5000    0.0000    0.0000    0.0000
eta,q 0.94718 10.57995
niter,ni,del,rscale     5    3   12.0000    1.2000
parameter  4-16.727671 -> -0.500000 qaram    1.1500
parameter  5  0.859900 ->  0.500000 qaram    1.1500
parameters
    1.3445   32.0691    7.2669    3.4500   -3.4500   -2.0474
eta,q 0.95159 10.52006
  0.0665  0.0669  0.0599  0.0609  0.0484  0.0495
  0.0627  0.0603  0.0570  0.0572  0.0487  0.0484
  0.0586  0.0553  0.0555  0.0555  0.0498  0.0484
  0.0546  0.0540  0.0545  0.0546  0.0513  0.0489
  0.0547  0.0545  0.0553  0.0530  0.0543  0.0495
  0.0567  0.0550  0.0580  0.0505  0.0587  0.0503
  0.0605  0.0554  0.0606  0.0482  0.0630  0.0516
niter,ni,del,rscale     6    3   12.0000    1.2000
parameter  4 -0.844479 -> -0.500000 qaram    1.3225
parameter  5  0.538806 ->  0.500000 qaram    1.3225
parameters
    1.3035   31.9075    8.7400    7.4175   -7.4175   -0.1326
eta,q 0.95765 10.44990
  0.0573  0.0523  0.0562  0.0537  0.0440  0.0506
  0.0534  0.0500  0.0522  0.0526  0.0433  0.0484
  0.0507  0.0489  0.0498  0.0505  0.0439  0.0459
  0.0484  0.0484  0.0485  0.0478  0.0445  0.0435
  0.0488  0.0481  0.0476  0.0447  0.0460  0.0423
  0.0527  0.0500  0.0484  0.0447  0.0489  0.0434
  0.0588  0.0534  0.0512  0.0466  0.0529  0.0459
niter,ni,del,rscale     7    3   12.0000    1.2000
parameters
    1.9561   31.3856    9.1010    7.5597   -7.0468   -0.2358
eta,q 0.95807 10.43435
  0.0540  0.0516  0.0489  0.0517  0.0495  0.0479
  0.0483  0.0471  0.0448  0.0496  0.0456  0.0453
  0.0444  0.0433  0.0433  0.0454  0.0427  0.0429
  0.0424  0.0422  0.0422  0.0419  0.0419  0.0419
  0.0428  0.0445  0.0418  0.0433  0.0427  0.0431
  0.0454  0.0496  0.0445  0.0475  0.0447  0.0457
  0.0500  0.0556  0.0473  0.0527  0.0481  0.0483
niter,ni,del,rscale     6    3   12.0000    1.2000
parameters
    1.8050   31.1629    9.1635    7.7191   -6.9409   -0.3121
eta,q 0.95808 10.42989
  0.0514  0.0522  0.0478  0.0516  0.0491  0.0480
  0.0460  0.0478  0.0442  0.0494  0.0452  0.0454
  0.0432  0.0435  0.0431  0.0454  0.0425  0.0430
  0.0419  0.0420  0.0420  0.0419  0.0419  0.0419
  0.0432  0.0436  0.0419  0.0433  0.0429  0.0430
  0.0468  0.0485  0.0447  0.0474  0.0449  0.0456
  0.0525  0.0543  0.0475  0.0524  0.0485  0.0484
niter,ni,del,rscale     5    3   12.0000    1.2000
parameters
    1.7478   31.0588    9.2165    7.8211   -6.8979   -0.3518
eta,q 0.95807 10.42784
  0.0517  0.0526  0.0477  0.0515  0.0490  0.0481
  0.0461  0.0481  0.0442  0.0492  0.0451  0.0455
  0.0433  0.0437  0.0431  0.0451  0.0424  0.0431
  0.0419  0.0419  0.0420  0.0419  0.0419  0.0419
  0.0429  0.0433  0.0419  0.0434  0.0429  0.0429
  0.0465  0.0481  0.0447  0.0475  0.0450  0.0455
  0.0521  0.0539  0.0475  0.0525  0.0487  0.0483
niter,ni,del,rscale     4    3   12.0000    1.2000
parameters
    1.7215   30.9958    9.2500    7.8835   -6.8736   -0.3703
eta,q 0.95806 10.42654
  0.0518  0.0527  0.0477  0.0515  0.0490  0.0481
  0.0462  0.0482  0.0442  0.0491  0.0451  0.0455
  0.0433  0.0437  0.0432  0.0450  0.0424  0.0431
  0.0419  0.0419  0.0420  0.0419  0.0419  0.0419
  0.0428  0.0432  0.0419  0.0434  0.0429  0.0429
  0.0464  0.0479  0.0447  0.0477  0.0450  0.0454
  0.0520  0.0537  0.0476  0.0525  0.0487  0.0483
niter,ni,del,rscale     3    3   12.0000    1.2000
parameters
    1.7054   30.9588    9.2701    7.9218   -6.8591   -0.3803
eta,q 0.95806 10.42571
  0.0518  0.0528  0.0477  0.0514  0.0490  0.0481
  0.0461  0.0482  0.0442  0.0491  0.0451  0.0455
  0.0433  0.0437  0.0432  0.0449  0.0424  0.0431
  0.0419  0.0419  0.0419  0.0419  0.0419  0.0419
  0.0428  0.0431  0.0419  0.0435  0.0429  0.0428
  0.0464  0.0478  0.0447  0.0477  0.0450  0.0454
  0.0520  0.0536  0.0476  0.0525  0.0487  0.0483
registration optimization eta report
parameter search radius
    6.0000    6.0000    6.0000    7.9350    7.9350    6.0000
100000*second partial in parameter space
       28.       31.       16.       15.       11.       17.
  0.0518  0.0528  0.0477  0.0514  0.0490  0.0481
  0.0461  0.0482  0.0442  0.0491  0.0451  0.0455
  0.0433  0.0437  0.0432  0.0449  0.0424  0.0431
  0.0419  0.0419  0.0419  0.0419  0.0419  0.0419
  0.0428  0.0431  0.0419  0.0435  0.0429  0.0428
  0.0464  0.0478  0.0447  0.0477  0.0450  0.0454
  0.0520  0.0536  0.0476  0.0525  0.0487  0.0483
    1.7054   30.9588    9.2701    7.9218   -6.8591   -0.3803
eta,q 0.95806 10.42571

---------------------------------------------------------------------
imgreg_4dfp /opt/freesurfer/average/711-2C_as_mni_average_305 /opt/freesurfer/average/711-2B_as_mni_average_305_mask talsrcimg_g11 none talsrcimg_to_711-2C_as_mni_average_305_t4 3335
---------------------------------------------------------------------

freesurfer imgreg_4dfp.c
/opt/freesurfer/average/711-2C_as_mni_average_305.4dfp.img
       256       256       256         1
  1.000000  1.000000  1.000000
orientation T byte_order littleendian
Reading image: /opt/freesurfer/average/711-2C_as_mni_average_305.4dfp.img
dimensions:      256       256       256
mmppix:       1.0000   -1.0000   -1.0000
center:     128.0000 -129.0000 -129.0000
/opt/freesurfer/average/711-2B_as_mni_average_305_mask.4dfp.img
       256       256       256         1
  1.000000  1.000000  1.000000
orientation T byte_order littleendian
Reading mask: /opt/freesurfer/average/711-2B_as_mni_average_305_mask.4dfp.img (2306576 pixels)
talsrcimg_g11.4dfp.img
       256       256       256         1
  1.000000  1.000000  1.000000
orientation T byte_order littleendian
Reading image: talsrcimg_g11.4dfp.img
dimensions:      256       256       256
mmppix:       1.0000   -1.0000   -1.0000
center:     128.0000 -129.0000 -129.0000
fimgreg.f
image alignment mode   3335 decimal      D07 hex
parameters
    1.7054   30.9588    9.2701   -0.7179   -0.9674   -1.6632
    2.3033   11.7371   -0.6589  -13.8604  -11.9428   13.6836
eta,q 0.96040 10.46118
niter,ni,del,rscale     5    3    5.0000    1.2000
parameter  4  3.790982 ->  0.500000 qaram    1.1500
parameter  5  2.629260 ->  0.500000 qaram    1.1500
parameter  6  1.265325 ->  0.500000 qaram    1.1500
parameters
    1.8864   30.9702    9.8568   -4.8579   -5.1074   -5.8032
    2.4867   11.4489    0.1647  -13.1748  -11.0986   10.2838
eta,q 0.97696 10.16304
  0.0419  0.0414  0.0413  0.0302  0.0259  0.0231  0.0268  0.0292  0.0261  0.0278  0.0268  0.0236
  0.0408  0.0403  0.0405  0.0324  0.0279  0.0233  0.0251  0.0266  0.0249  0.0256  0.0253  0.0231
  0.0400  0.0397  0.0399  0.0357  0.0305  0.0249  0.0240  0.0244  0.0240  0.0242  0.0241  0.0231
  0.0396  0.0396  0.0396  0.0395  0.0332  0.0286  0.0236  0.0235  0.0236  0.0235  0.0235  0.0235
  0.0397  0.0398  0.0395  0.0437  0.0360  0.0333  0.0239  0.0246  0.0236  0.0238  0.0236  0.0243
  0.0403  0.0404  0.0397  0.0481  0.0396  0.0381  0.0249  0.0270  0.0242  0.0248  0.0244  0.0256
  0.0414  0.0412  0.0402  0.0518  0.0438  0.0422  0.0265  0.0304  0.0252  0.0264  0.0256  0.0273
niter,ni,del,rscale     7    3    5.0000    1.2000
parameter  4  0.522127 ->  0.500000 qaram    1.3225
parameter  5  0.543244 ->  0.500000 qaram    1.3225
parameters
    1.5495   30.3278    8.9638   -9.6189   -9.8684   -7.2016
    2.1265   11.0557   -0.1618  -12.8989  -12.6851   12.6791
eta,q 0.98012  9.91671
  0.0261  0.0240  0.0235  0.0224  0.0210  0.0232  0.0228  0.0241  0.0221  0.0235  0.0210  0.0224
  0.0242  0.0232  0.0226  0.0214  0.0198  0.0221  0.0214  0.0220  0.0210  0.0218  0.0204  0.0214
  0.0231  0.0228  0.0224  0.0211  0.0198  0.0208  0.0205  0.0207  0.0204  0.0207  0.0201  0.0206
  0.0230  0.0230  0.0228  0.0224  0.0212  0.0197  0.0202  0.0202  0.0202  0.0202  0.0202  0.0201
  0.0240  0.0236  0.0238  0.0258  0.0233  0.0201  0.0207  0.0208  0.0206  0.0205  0.0206  0.0199
  0.0258  0.0248  0.0253  0.0305  0.0259  0.0238  0.0218  0.0225  0.0213  0.0215  0.0212  0.0200
  0.0283  0.0265  0.0273  0.0358  0.0296  0.0290  0.0234  0.0252  0.0224  0.0231  0.0221  0.0206
niter,ni,del,rscale     7    3    5.0000    1.2000
parameters
    1.6837   30.6525    9.1061   -9.4191   -9.9007   -7.9739
    2.1866   11.2504    0.1146  -12.9028  -12.8751   12.6168
eta,q 0.97996  9.89676
  0.0234  0.0232  0.0220  0.0246  0.0250  0.0234  0.0231  0.0245  0.0221  0.0231  0.0215  0.0215
  0.0216  0.0216  0.0209  0.0228  0.0226  0.0222  0.0215  0.0222  0.0210  0.0215  0.0206  0.0207
  0.0204  0.0204  0.0202  0.0211  0.0207  0.0210  0.0204  0.0207  0.0203  0.0205  0.0201  0.0203
  0.0199  0.0199  0.0198  0.0198  0.0198  0.0198  0.0201  0.0201  0.0200  0.0200  0.0200  0.0200
  0.0201  0.0200  0.0199  0.0194  0.0205  0.0195  0.0204  0.0204  0.0202  0.0203  0.0203  0.0202
  0.0211  0.0206  0.0205  0.0213  0.0226  0.0222  0.0214  0.0217  0.0209  0.0215  0.0208  0.0207
  0.0227  0.0218  0.0216  0.0255  0.0252  0.0271  0.0229  0.0242  0.0218  0.0231  0.0215  0.0216
niter,ni,del,rscale     6    3    5.0000    1.2000
parameters
    1.7347   30.6591    9.1141   -9.2620   -9.8567   -8.0762
    2.1235   11.3209    0.1459  -12.8689  -12.9169   12.5989
eta,q 0.97999  9.89987
  0.0233  0.0226  0.0218  0.0246  0.0252  0.0238  0.0229  0.0244  0.0220  0.0231  0.0215  0.0215
  0.0215  0.0212  0.0209  0.0229  0.0228  0.0225  0.0214  0.0221  0.0209  0.0215  0.0206  0.0207
  0.0204  0.0203  0.0203  0.0213  0.0209  0.0213  0.0204  0.0206  0.0203  0.0204  0.0201  0.0202
  0.0200  0.0200  0.0200  0.0200  0.0200  0.0200  0.0200  0.0200  0.0200  0.0200  0.0200  0.0200
  0.0203  0.0204  0.0202  0.0196  0.0207  0.0193  0.0204  0.0204  0.0203  0.0203  0.0203  0.0201
  0.0213  0.0212  0.0208  0.0215  0.0227  0.0211  0.0215  0.0218  0.0209  0.0214  0.0208  0.0207
  0.0230  0.0225  0.0218  0.0256  0.0252  0.0257  0.0230  0.0244  0.0219  0.0231  0.0214  0.0216
niter,ni,del,rscale     5    3    5.0000    1.2000
parameters
    1.7391   30.6574    9.0977   -9.2504   -9.8393   -8.0783
    2.1269   11.3398    0.1583  -12.8602  -12.9169   12.5920
eta,q 0.97999  9.90090
  0.0232  0.0226  0.0217  0.0245  0.0252  0.0238  0.0230  0.0243  0.0220  0.0231  0.0216  0.0215
  0.0214  0.0212  0.0208  0.0228  0.0228  0.0225  0.0214  0.0220  0.0209  0.0215  0.0206  0.0207
  0.0204  0.0203  0.0202  0.0213  0.0209  0.0213  0.0204  0.0206  0.0202  0.0204  0.0201  0.0202
  0.0200  0.0200  0.0200  0.0200  0.0200  0.0200  0.0200  0.0200  0.0200  0.0200  0.0200  0.0200
  0.0204  0.0204  0.0202  0.0196  0.0207  0.0193  0.0204  0.0204  0.0203  0.0203  0.0203  0.0201
  0.0214  0.0212  0.0208  0.0216  0.0227  0.0210  0.0214  0.0218  0.0209  0.0214  0.0207  0.0206
  0.0231  0.0225  0.0218  0.0259  0.0252  0.0255  0.0230  0.0244  0.0219  0.0231  0.0214  0.0216
registration optimization eta report
parameter search radius
    2.4000    2.4000    2.4000    9.5220    9.5220    8.2800
    7.2000    7.2000    7.2000    7.2000    7.2000    7.2000
100000*second partial in parameter space
       54.       44.       30.        6.        6.        7.
        6.        8.        4.        6.        3.        3.
  0.0232  0.0226  0.0217  0.0245  0.0252  0.0238  0.0230  0.0243  0.0220  0.0231  0.0216  0.0215
  0.0214  0.0212  0.0208  0.0228  0.0228  0.0225  0.0214  0.0220  0.0209  0.0215  0.0206  0.0207
  0.0204  0.0203  0.0202  0.0213  0.0209  0.0213  0.0204  0.0206  0.0202  0.0204  0.0201  0.0202
  0.0200  0.0200  0.0200  0.0200  0.0200  0.0200  0.0200  0.0200  0.0200  0.0200  0.0200  0.0200
  0.0204  0.0204  0.0202  0.0196  0.0207  0.0193  0.0204  0.0204  0.0203  0.0203  0.0203  0.0201
  0.0214  0.0212  0.0208  0.0216  0.0227  0.0210  0.0214  0.0218  0.0209  0.0214  0.0207  0.0206
  0.0231  0.0225  0.0218  0.0259  0.0252  0.0255  0.0230  0.0244  0.0219  0.0231  0.0214  0.0216
    1.7391   30.6574    9.0977   -9.2504   -9.8393   -8.0783
    2.1269   11.3398    0.1583  -12.8602  -12.9169   12.5920
eta,q 0.97999  9.90090

---------------------------------------------------------------------
imgreg_4dfp /opt/freesurfer/average/711-2C_as_mni_average_305 /opt/freesurfer/average/711-2B_as_mni_average_305_mask talsrcimg_g11 none talsrcimg_to_711-2C_as_mni_average_305_t4 2311
---------------------------------------------------------------------

freesurfer imgreg_4dfp.c
/opt/freesurfer/average/711-2C_as_mni_average_305.4dfp.img
       256       256       256         1
  1.000000  1.000000  1.000000
orientation T byte_order littleendian
Reading image: /opt/freesurfer/average/711-2C_as_mni_average_305.4dfp.img
dimensions:      256       256       256
mmppix:       1.0000   -1.0000   -1.0000
center:     128.0000 -129.0000 -129.0000
/opt/freesurfer/average/711-2B_as_mni_average_305_mask.4dfp.img
       256       256       256         1
  1.000000  1.000000  1.000000
orientation T byte_order littleendian
Reading mask: /opt/freesurfer/average/711-2B_as_mni_average_305_mask.4dfp.img (2306576 pixels)
talsrcimg_g11.4dfp.img
       256       256       256         1
  1.000000  1.000000  1.000000
orientation T byte_order littleendian
Reading image: talsrcimg_g11.4dfp.img
dimensions:      256       256       256
mmppix:       1.0000   -1.0000   -1.0000
center:     128.0000 -129.0000 -129.0000
fimgreg.f
image alignment mode   2311 decimal      907 hex
parameters
    1.7391   30.6574    9.0977   -9.2504   -9.8393   -8.0783
    2.1269   11.3398    0.1583  -12.8602  -12.9169   12.5920
eta,q 0.97999  9.90090
niter,ni,del,rscale     5    3    5.0000    0.8000
parameters
    1.7420   30.6356    9.1338   -7.1825  -10.1576   -6.6751
    2.2485   11.7275    0.1124  -12.6010  -12.4137   12.0318
eta,q 0.98089  9.97918
  0.0214  0.0212  0.0208  0.0220  0.0210  0.0219  0.0209  0.0225  0.0201  0.0210  0.0205  0.0198
  0.0206  0.0205  0.0204  0.0213  0.0203  0.0211  0.0200  0.0210  0.0196  0.0201  0.0198  0.0194
  0.0202  0.0201  0.0201  0.0206  0.0197  0.0203  0.0194  0.0198  0.0193  0.0194  0.0193  0.0192
  0.0200  0.0200  0.0200  0.0200  0.0196  0.0196  0.0192  0.0192  0.0191  0.0191  0.0191  0.0191
  0.0202  0.0202  0.0201  0.0196  0.0198  0.0192  0.0193  0.0193  0.0193  0.0192  0.0192  0.0193
  0.0206  0.0206  0.0203  0.0196  0.0205  0.0193  0.0199  0.0202  0.0196  0.0197  0.0195  0.0196
  0.0214  0.0212  0.0208  0.0203  0.0215  0.0205  0.0207  0.0217  0.0202  0.0207  0.0200  0.0202
niter,ni,del,rscale     4    3    5.0000    0.7000
parameters
    1.5975   30.5033    9.0126   -7.6234  -10.0528   -6.4853
    2.2535   11.5989    0.0690  -12.6328  -12.3316   12.0525
eta,q 0.98094  9.97801
  0.0203  0.0199  0.0198  0.0204  0.0206  0.0210  0.0203  0.0212  0.0199  0.0204  0.0200  0.0197
  0.0195  0.0194  0.0193  0.0198  0.0199  0.0203  0.0196  0.0201  0.0194  0.0197  0.0195  0.0194
  0.0192  0.0191  0.0191  0.0193  0.0194  0.0196  0.0192  0.0193  0.0191  0.0192  0.0192  0.0192
  0.0191  0.0191  0.0191  0.0191  0.0191  0.0191  0.0191  0.0191  0.0191  0.0191  0.0191  0.0191
  0.0194  0.0193  0.0192  0.0193  0.0192  0.0190  0.0192  0.0193  0.0192  0.0192  0.0192  0.0191
  0.0200  0.0197  0.0195  0.0201  0.0197  0.0196  0.0196  0.0202  0.0195  0.0197  0.0194  0.0194
  0.0208  0.0202  0.0200  0.0215  0.0205  0.0211  0.0203  0.0216  0.0199  0.0205  0.0199  0.0197
niter,ni,del,rscale     3    3    5.0000    0.6000
parameters
    1.5756   30.5317    9.0163   -7.6045  -10.0383   -6.2882
    2.2635   11.6099    0.0515  -12.5972  -12.2939   11.9123
eta,q 0.98098  9.98177
  0.0201  0.0198  0.0197  0.0203  0.0202  0.0206  0.0200  0.0208  0.0196  0.0200  0.0197  0.0195
  0.0195  0.0194  0.0193  0.0197  0.0196  0.0200  0.0195  0.0199  0.0193  0.0195  0.0193  0.0192
  0.0192  0.0192  0.0191  0.0193  0.0192  0.0194  0.0191  0.0193  0.0191  0.0192  0.0191  0.0191
  0.0191  0.0191  0.0191  0.0191  0.0191  0.0191  0.0190  0.0190  0.0190  0.0190  0.0190  0.0190
  0.0192  0.0191  0.0191  0.0191  0.0192  0.0190  0.0191  0.0192  0.0191  0.0191  0.0191  0.0191
  0.0196  0.0194  0.0193  0.0195  0.0196  0.0194  0.0194  0.0198  0.0193  0.0194  0.0193  0.0193
  0.0201  0.0198  0.0197  0.0204  0.0202  0.0206  0.0200  0.0209  0.0196  0.0200  0.0197  0.0196
niter,ni,del,rscale     2    3    5.0000    0.5000
parameters
    1.5628   30.5352    9.0115   -7.5282  -10.0376   -6.1024
    2.2644   11.6360    0.0211  -12.5435  -12.2598   11.7794
eta,q 0.98101  9.98635
  0.0197  0.0195  0.0195  0.0199  0.0198  0.0202  0.0197  0.0203  0.0194  0.0197  0.0195  0.0193
  0.0193  0.0193  0.0192  0.0195  0.0194  0.0197  0.0193  0.0196  0.0192  0.0193  0.0192  0.0191
  0.0191  0.0191  0.0191  0.0192  0.0191  0.0193  0.0191  0.0192  0.0190  0.0191  0.0190  0.0190
  0.0190  0.0190  0.0190  0.0190  0.0190  0.0190  0.0190  0.0190  0.0190  0.0190  0.0190  0.0190
  0.0191  0.0191  0.0191  0.0190  0.0191  0.0190  0.0191  0.0191  0.0190  0.0190  0.0190  0.0190
  0.0194  0.0192  0.0192  0.0193  0.0194  0.0193  0.0193  0.0196  0.0192  0.0193  0.0192  0.0192
  0.0198  0.0195  0.0195  0.0199  0.0198  0.0201  0.0197  0.0203  0.0194  0.0197  0.0195  0.0194
niter,ni,del,rscale     1    3    5.0000    0.4000
parameters
    1.5562   30.5380    9.0115   -7.4685  -10.0340   -5.9361
    2.2719   11.6563    0.0197  -12.5009  -12.2441   11.6175
eta,q 0.98104  9.99007
  0.0195  0.0193  0.0193  0.0196  0.0195  0.0198  0.0194  0.0198  0.0192  0.0194  0.0193  0.0192
  0.0192  0.0191  0.0191  0.0193  0.0192  0.0194  0.0192  0.0194  0.0191  0.0192  0.0191  0.0190
  0.0190  0.0190  0.0190  0.0191  0.0191  0.0192  0.0190  0.0191  0.0190  0.0190  0.0190  0.0190
  0.0190  0.0190  0.0190  0.0190  0.0190  0.0190  0.0190  0.0190  0.0190  0.0190  0.0190  0.0190
  0.0190  0.0190  0.0190  0.0190  0.0190  0.0190  0.0190  0.0190  0.0190  0.0190  0.0190  0.0190
  0.0192  0.0191  0.0191  0.0192  0.0192  0.0192  0.0192  0.0193  0.0191  0.0191  0.0191  0.0191
  0.0195  0.0193  0.0193  0.0196  0.0195  0.0197  0.0194  0.0198  0.0192  0.0194  0.0193  0.0192
registration optimization eta report
parameter search radius
    0.8000    0.8000    0.8000    2.4000    2.4000    2.4000
    2.4000    2.4000    2.4000    2.4000    2.4000    2.4000
100000*second partial in parameter space
       74.       52.       45.       10.        9.       13.
        8.       15.        5.        8.        5.        4.
  0.0195  0.0193  0.0193  0.0196  0.0195  0.0198  0.0194  0.0198  0.0192  0.0194  0.0193  0.0192
  0.0192  0.0191  0.0191  0.0193  0.0192  0.0194  0.0192  0.0194  0.0191  0.0192  0.0191  0.0190
  0.0190  0.0190  0.0190  0.0191  0.0191  0.0192  0.0190  0.0191  0.0190  0.0190  0.0190  0.0190
  0.0190  0.0190  0.0190  0.0190  0.0190  0.0190  0.0190  0.0190  0.0190  0.0190  0.0190  0.0190
  0.0190  0.0190  0.0190  0.0190  0.0190  0.0190  0.0190  0.0190  0.0190  0.0190  0.0190  0.0190
  0.0192  0.0191  0.0191  0.0192  0.0192  0.0192  0.0192  0.0193  0.0191  0.0191  0.0191  0.0191
  0.0195  0.0193  0.0193  0.0196  0.0195  0.0197  0.0194  0.0198  0.0192  0.0194  0.0193  0.0192
    1.5562   30.5380    9.0115   -7.4685  -10.0340   -5.9361
    2.2719   11.6563    0.0197  -12.5009  -12.2441   11.6175
eta,q 0.98104  9.99007

---------------------------------------------------------------------
imgreg_4dfp /opt/freesurfer/average/711-2C_as_mni_average_305 /opt/freesurfer/average/711-2B_as_mni_average_305_mask talsrcimg_g11 none talsrcimg_to_711-2C_as_mni_average_305_t4 2311
---------------------------------------------------------------------

freesurfer imgreg_4dfp.c
/opt/freesurfer/average/711-2C_as_mni_average_305.4dfp.img
       256       256       256         1
  1.000000  1.000000  1.000000
orientation T byte_order littleendian
Reading image: /opt/freesurfer/average/711-2C_as_mni_average_305.4dfp.img
dimensions:      256       256       256
mmppix:       1.0000   -1.0000   -1.0000
center:     128.0000 -129.0000 -129.0000
/opt/freesurfer/average/711-2B_as_mni_average_305_mask.4dfp.img
       256       256       256         1
  1.000000  1.000000  1.000000
orientation T byte_order littleendian
Reading mask: /opt/freesurfer/average/711-2B_as_mni_average_305_mask.4dfp.img (2306576 pixels)
talsrcimg_g11.4dfp.img
       256       256       256         1
  1.000000  1.000000  1.000000
orientation T byte_order littleendian
Reading image: talsrcimg_g11.4dfp.img
dimensions:      256       256       256
mmppix:       1.0000   -1.0000   -1.0000
center:     128.0000 -129.0000 -129.0000
fimgreg.f
image alignment mode   2311 decimal      907 hex
parameters
    1.5562   30.5380    9.0115   -7.4685  -10.0340   -5.9361
    2.2719   11.6563    0.0197  -12.5009  -12.2441   11.6175
eta,q 0.98104  9.99007
niter,ni,del,rscale     5    3    5.0000    0.8000
parameters
    1.5636   30.5574    9.0177   -8.0457  -10.0665   -6.4316
    2.2371   11.4927    0.0087  -12.5774  -12.3215   12.0181
eta,q 0.98088  9.96845
  0.0209  0.0203  0.0201  0.0206  0.0209  0.0211  0.0207  0.0217  0.0202  0.0208  0.0201  0.0201
  0.0198  0.0196  0.0195  0.0198  0.0200  0.0203  0.0198  0.0204  0.0196  0.0199  0.0196  0.0196
  0.0192  0.0191  0.0191  0.0193  0.0193  0.0195  0.0193  0.0195  0.0192  0.0193  0.0192  0.0193
  0.0190  0.0190  0.0190  0.0190  0.0190  0.0190  0.0191  0.0191  0.0191  0.0191  0.0191  0.0191
  0.0192  0.0191  0.0191  0.0192  0.0192  0.0192  0.0193  0.0195  0.0193  0.0193  0.0193  0.0192
  0.0198  0.0195  0.0195  0.0203  0.0199  0.0206  0.0199  0.0205  0.0196  0.0199  0.0196  0.0194
  0.0208  0.0202  0.0201  0.0220  0.0210  0.0229  0.0207  0.0222  0.0202  0.0209  0.0202  0.0199
niter,ni,del,rscale     4    3    5.0000    0.7000
parameters
    1.5802   30.5762    9.0186   -7.7730  -10.0582   -6.4357
    2.2606   11.5545    0.0389  -12.5752  -12.3110   11.9920
eta,q 0.98093  9.97461
  0.0205  0.0201  0.0199  0.0207  0.0205  0.0209  0.0203  0.0214  0.0199  0.0204  0.0199  0.0197
  0.0197  0.0196  0.0195  0.0201  0.0198  0.0202  0.0197  0.0202  0.0194  0.0197  0.0195  0.0194
  0.0193  0.0192  0.0192  0.0195  0.0193  0.0195  0.0192  0.0194  0.0192  0.0193  0.0192  0.0192
  0.0191  0.0191  0.0191  0.0191  0.0191  0.0191  0.0191  0.0191  0.0191  0.0191  0.0191  0.0191
  0.0193  0.0192  0.0192  0.0191  0.0192  0.0190  0.0192  0.0193  0.0192  0.0192  0.0192  0.0191
  0.0197  0.0196  0.0195  0.0195  0.0197  0.0198  0.0196  0.0201  0.0194  0.0196  0.0195  0.0194
  0.0204  0.0201  0.0199  0.0206  0.0206  0.0214  0.0203  0.0214  0.0199  0.0204  0.0199  0.0198
niter,ni,del,rscale     3    3    5.0000    0.6000
parameters
    1.5724   30.5537    9.0127   -7.6117  -10.0458   -6.2780
    2.2627   11.5989    0.0418  -12.5636  -12.2779   11.8859
eta,q 0.98098  9.98128
  0.0201  0.0198  0.0197  0.0203  0.0202  0.0206  0.0200  0.0208  0.0196  0.0200  0.0197  0.0195
  0.0195  0.0194  0.0193  0.0198  0.0196  0.0200  0.0195  0.0199  0.0193  0.0195  0.0193  0.0192
  0.0192  0.0191  0.0191  0.0194  0.0192  0.0194  0.0191  0.0193  0.0191  0.0192  0.0191  0.0191
  0.0191  0.0191  0.0191  0.0191  0.0191  0.0191  0.0190  0.0190  0.0190  0.0190  0.0190  0.0190
  0.0192  0.0192  0.0191  0.0191  0.0192  0.0190  0.0191  0.0192  0.0191  0.0191  0.0191  0.0191
  0.0195  0.0194  0.0193  0.0195  0.0195  0.0195  0.0195  0.0198  0.0193  0.0194  0.0193  0.0193
  0.0201  0.0198  0.0197  0.0203  0.0202  0.0206  0.0200  0.0208  0.0196  0.0201  0.0197  0.0196
niter,ni,del,rscale     2    3    5.0000    0.5000
parameters
    1.5618   30.5434    9.0107   -7.5254  -10.0409   -6.0984
    2.2689   11.6302    0.0221  -12.5270  -12.2587   11.7526
eta,q 0.98102  9.98620
  0.0197  0.0195  0.0195  0.0199  0.0198  0.0202  0.0197  0.0203  0.0194  0.0197  0.0195  0.0193
  0.0193  0.0192  0.0192  0.0195  0.0194  0.0197  0.0193  0.0196  0.0192  0.0193  0.0192  0.0191
  0.0191  0.0191  0.0191  0.0192  0.0191  0.0193  0.0191  0.0192  0.0190  0.0191  0.0190  0.0190
  0.0190  0.0190  0.0190  0.0190  0.0190  0.0190  0.0190  0.0190  0.0190  0.0190  0.0190  0.0190
  0.0191  0.0191  0.0191  0.0190  0.0191  0.0190  0.0191  0.0191  0.0190  0.0190  0.0190  0.0190
  0.0194  0.0193  0.0192  0.0193  0.0194  0.0193  0.0193  0.0195  0.0192  0.0193  0.0192  0.0192
  0.0198  0.0195  0.0195  0.0199  0.0198  0.0201  0.0197  0.0203  0.0194  0.0197  0.0195  0.0194
niter,ni,del,rscale     1    3    5.0000    0.4000
parameters
    1.5549   30.5420    9.0108   -7.4708  -10.0341   -5.9280
    2.2686   11.6551    0.0168  -12.4873  -12.2399   11.5916
eta,q 0.98104  9.99005
  0.0195  0.0193  0.0193  0.0196  0.0195  0.0198  0.0194  0.0198  0.0192  0.0194  0.0193  0.0192
  0.0192  0.0191  0.0191  0.0193  0.0192  0.0194  0.0192  0.0194  0.0191  0.0192  0.0191  0.0190
  0.0190  0.0190  0.0190  0.0191  0.0191  0.0192  0.0190  0.0191  0.0190  0.0190  0.0190  0.0190
  0.0190  0.0190  0.0190  0.0190  0.0190  0.0190  0.0190  0.0190  0.0190  0.0190  0.0190  0.0190
  0.0190  0.0190  0.0190  0.0190  0.0190  0.0190  0.0190  0.0190  0.0190  0.0190  0.0190  0.0190
  0.0192  0.0191  0.0191  0.0192  0.0192  0.0192  0.0192  0.0193  0.0191  0.0191  0.0191  0.0191
  0.0195  0.0193  0.0193  0.0196  0.0195  0.0197  0.0194  0.0198  0.0192  0.0194  0.0193  0.0192
registration optimization eta report
parameter search radius
    0.8000    0.8000    0.8000    2.4000    2.4000    2.4000
    2.4000    2.4000    2.4000    2.4000    2.4000    2.4000
100000*second partial in parameter space
       74.       52.       45.       11.        9.       13.
        8.       15.        5.        8.        6.        4.
  0.0195  0.0193  0.0193  0.0196  0.0195  0.0198  0.0194  0.0198  0.0192  0.0194  0.0193  0.0192
  0.0192  0.0191  0.0191  0.0193  0.0192  0.0194  0.0192  0.0194  0.0191  0.0192  0.0191  0.0190
  0.0190  0.0190  0.0190  0.0191  0.0191  0.0192  0.0190  0.0191  0.0190  0.0190  0.0190  0.0190
  0.0190  0.0190  0.0190  0.0190  0.0190  0.0190  0.0190  0.0190  0.0190  0.0190  0.0190  0.0190
  0.0190  0.0190  0.0190  0.0190  0.0190  0.0190  0.0190  0.0190  0.0190  0.0190  0.0190  0.0190
  0.0192  0.0191  0.0191  0.0192  0.0192  0.0192  0.0192  0.0193  0.0191  0.0191  0.0191  0.0191
  0.0195  0.0193  0.0193  0.0196  0.0195  0.0197  0.0194  0.0198  0.0192  0.0194  0.0193  0.0192
    1.5549   30.5420    9.0108   -7.4708  -10.0341   -5.9280
    2.2686   11.6551    0.0168  -12.4873  -12.2399   11.5916
eta,q 0.98104  9.99005

---------------------------------------------------------------------
compute_vox2vox talsrcimg talsrcimg_to_711-2C_as_mni_average_305_t4 /opt/freesurfer/average/711-2C_as_mni_average_305
---------------------------------------------------------------------

freesurfer compute_vox2vox.c
Reading: talsrcimg.4dfp.ifh
Reading: talsrcimg_to_711-2C_as_mni_average_305_t4
Reading: /opt/freesurfer/average/711-2C_as_mni_average_305.4dfp.ifh
Writing: talsrcimg_to_711-2C_as_mni_average_305_t4_vox2vox.txt

start time Tue Mar 10 07:22:24 CET 2026
end		time Tue Mar 10 07:23:52 CET 2026

mpr2mni305 success

avi2talxfm orig_nu.mgz /opt/freesurfer/average/mni305.cor.mgz talsrcimg_to_711-2C_as_mni_average_305_t4_vox2vox.txt transforms/talairach.auto.xfm
avi2talxfm done
mv -f /out/sourcedata/freesurfer/sub-v1s9x0051351_ses-1/mri/talsrcimg_to_711-2C_as_mni_average_305_t4_vox2vox.txt /out/sourcedata/freesurfer/sub-v1s9x0051351_ses-1/mri/transforms/talsrcimg_to_711-2C_as_mni_average_305_t4_vox2vox.txt
lta_convert --src orig_nu.mgz --trg /opt/freesurfer/average/mni305.cor.mgz --inxfm transforms/talairach.auto.xfm --outlta transforms/talairach.auto.xfm.lta --subject fsaverage
7.3.2

--src: orig_nu.mgz src image (geometry).
--trg: /opt/freesurfer/average/mni305.cor.mgz trg image (geometry).
--inmni: transforms/talairach.auto.xfm input MNI/XFM transform.
--outlta: transforms/talairach.auto.xfm.lta output LTA.
--s: fsaverage subject name
 LTA read, type : 1
 1.06315  -0.13300  -0.00967  -1.63368;
 0.13603   1.02812  -0.13590  -4.38785;
 0.01868   0.14273   1.09267  -65.75383;
 0.00000   0.00000   0.00000   1.00000;
setting subject to fsaverage
Writing  LTA to file transforms/talairach.auto.xfm.lta...
lta_convert successful.
 
 
Started at Tue Mar 10 07:22:24 CET 2026
Ended   at Tue Mar 10 07:23:52 CET 2026
talairach_avi done
