status file for recon-all
Tue Mar 10 09:06:47 CET 2026
#@# Tessellate rh Tue Mar 10 09:06:47 CET 2026
#@# Smooth1 rh Tue Mar 10 09:06:50 CET 2026
#@# Inflation1 rh Tue Mar 10 09:06:52 CET 2026
#@# QSphere rh Tue Mar 10 09:07:07 CET 2026
#@# Fix Topology rh Tue Mar 10 09:09:24 CET 2026
#@# Smooth2 rh Tue Mar 10 09:14:06 CET 2026
#@# Inflation2 rh Tue Mar 10 09:14:09 CET 2026
#@# Curv .H and .K rh Tue Mar 10 09:14:22 CET 2026
#@# Sphere rh Tue Mar 10 09:15:03 CET 2026
#@# Surf Reg rh Tue Mar 10 09:18:02 CET 2026
#@# Jacobian white rh Tue Mar 10 09:24:46 CET 2026
#@# AvgCurv rh Tue Mar 10 09:24:46 CET 2026
#@# Cortical Parc rh Tue Mar 10 09:24:47 CET 2026
#@# white curv rh Tue Mar 10 09:31:01 CET 2026
#@# white area rh Tue Mar 10 09:31:02 CET 2026
#@# pial curv rh Tue Mar 10 09:31:03 CET 2026
#@# pial area rh Tue Mar 10 09:31:04 CET 2026
#@# thickness rh Tue Mar 10 09:31:05 CET 2026
#@# area and vertex vol rh Tue Mar 10 09:31:26 CET 2026
#@# Curvature Stats rh Tue Mar 10 09:31:27 CET 2026
#@# Cortical Parc 2 rh Tue Mar 10 09:31:29 CET 2026
#@# Cortical Parc 3 rh Tue Mar 10 09:31:40 CET 2026
#@# WM/GM Contrast rh Tue Mar 10 09:31:48 CET 2026
recon-all -s sub-v1s9x0051331_ses-1 finished without error at Tue Mar 10 09:31:51 CET 2026



#New# invocation of recon-all 



status file for recon-all
Tue Mar 10 09:39:40 CET 2026
#@# white curv rh Tue Mar 10 09:39:40 CET 2026
#@# white area rh Tue Mar 10 09:39:40 CET 2026
#@# pial curv rh Tue Mar 10 09:39:40 CET 2026
#@# pial area rh Tue Mar 10 09:39:40 CET 2026
#@# thickness rh Tue Mar 10 09:39:40 CET 2026
#@# area and vertex vol rh Tue Mar 10 09:39:40 CET 2026
#@# Parcellation Stats rh Tue Mar 10 09:39:40 CET 2026
#@# Parcellation Stats 2 rh Tue Mar 10 09:39:58 CET 2026
#@# Parcellation Stats 3 rh Tue Mar 10 09:40:07 CET 2026
#@# BA_exvivo Labels rh Tue Mar 10 09:40:15 CET 2026
recon-all -s sub-v1s9x0051331_ses-1 finished without error at Tue Mar 10 09:42:28 CET 2026
