status file for recon-all
Tue Mar 10 07:10:53 CET 2026
#@# MotionCor Tue Mar 10 07:10:54 CET 2026
#@# Talairach Tue Mar 10 07:11:00 CET 2026
#@# Talairach Failure Detection Tue Mar 10 07:13:50 CET 2026
#@# Nu Intensity Correction Tue Mar 10 07:13:50 CET 2026
#@# Intensity Normalization Tue Mar 10 07:16:36 CET 2026
recon-all -s sub-v1s9x0051331_ses-1 finished without error at Tue Mar 10 07:17:45 CET 2026



#New# invocation of recon-all 



status file for recon-all
Tue Mar 10 07:23:54 CET 2026
#@# EM Registration Tue Mar 10 07:23:54 CET 2026
recon-all -s sub-v1s9x0051331_ses-1 finished without error at Tue Mar 10 07:29:23 CET 2026



#New# invocation of recon-all 



status file for recon-all
Tue Mar 10 07:29:24 CET 2026
#@# CA Normalize Tue Mar 10 07:29:24 CET 2026
#@# CA Reg Tue Mar 10 07:30:18 CET 2026
#@# SubCort Seg Tue Mar 10 08:08:04 CET 2026
#@# CC Seg Tue Mar 10 08:34:47 CET 2026
#@# Merge ASeg Tue Mar 10 08:35:17 CET 2026
#@# Intensity Normalization2 Tue Mar 10 08:35:17 CET 2026
#@# Mask BFS Tue Mar 10 08:36:49 CET 2026
#@# WM Segmentation Tue Mar 10 08:36:50 CET 2026
#@# Fill Tue Mar 10 08:38:32 CET 2026
recon-all -s sub-v1s9x0051331_ses-1 finished without error at Tue Mar 10 08:39:12 CET 2026



#New# invocation of recon-all 



status file for recon-all
Tue Mar 10 09:31:54 CET 2026
#@# white curv lh Tue Mar 10 09:31:54 CET 2026
#@# white area lh Tue Mar 10 09:31:54 CET 2026
#@# pial curv lh Tue Mar 10 09:31:54 CET 2026
#@# pial area lh Tue Mar 10 09:31:54 CET 2026
#@# thickness lh Tue Mar 10 09:31:54 CET 2026
#@# area and vertex vol lh Tue Mar 10 09:31:54 CET 2026
#@# white curv rh Tue Mar 10 09:31:54 CET 2026
#@# white area rh Tue Mar 10 09:31:54 CET 2026
#@# pial curv rh Tue Mar 10 09:31:54 CET 2026
#@# pial area rh Tue Mar 10 09:31:54 CET 2026
#@# thickness rh Tue Mar 10 09:31:54 CET 2026
#@# area and vertex vol rh Tue Mar 10 09:31:54 CET 2026
#@# Cortical ribbon mask Tue Mar 10 09:31:54 CET 2026
recon-all -s sub-v1s9x0051331_ses-1 finished without error at Tue Mar 10 09:36:45 CET 2026



#New# invocation of recon-all 



status file for recon-all
Tue Mar 10 09:42:32 CET 2026
#@# white curv lh Tue Mar 10 09:42:32 CET 2026
#@# white area lh Tue Mar 10 09:42:32 CET 2026
#@# pial curv lh Tue Mar 10 09:42:32 CET 2026
#@# pial area lh Tue Mar 10 09:42:32 CET 2026
#@# thickness lh Tue Mar 10 09:42:32 CET 2026
#@# area and vertex vol lh Tue Mar 10 09:42:32 CET 2026
#@# white curv rh Tue Mar 10 09:42:32 CET 2026
#@# white area rh Tue Mar 10 09:42:32 CET 2026
#@# pial curv rh Tue Mar 10 09:42:32 CET 2026
#@# pial area rh Tue Mar 10 09:42:32 CET 2026
#@# thickness rh Tue Mar 10 09:42:32 CET 2026
#@# area and vertex vol rh Tue Mar 10 09:42:32 CET 2026
#@# Curvature Stats lh Tue Mar 10 09:42:32 CET 2026
#@# Curvature Stats rh Tue Mar 10 09:42:34 CET 2026
#@# Relabel Hypointensities Tue Mar 10 09:42:36 CET 2026
#@# APas-to-ASeg Tue Mar 10 09:42:48 CET 2026
#@# AParc-to-ASeg aparc Tue Mar 10 09:42:55 CET 2026
#@# AParc-to-ASeg aparc.a2009s Tue Mar 10 09:43:18 CET 2026
#@# AParc-to-ASeg aparc.DKTatlas Tue Mar 10 09:43:40 CET 2026
#@# WMParc Tue Mar 10 09:44:00 CET 2026
#@# ASeg Stats Tue Mar 10 09:45:47 CET 2026
recon-all -s sub-v1s9x0051331_ses-1 finished without error at Tue Mar 10 09:46:05 CET 2026
