status file for recon-all
Tue Mar 10 08:39:16 CET 2026
#@# Tessellate lh Tue Mar 10 08:39:16 CET 2026
#@# Smooth1 lh Tue Mar 10 08:39:18 CET 2026
#@# Inflation1 lh Tue Mar 10 08:39:21 CET 2026
#@# QSphere lh Tue Mar 10 08:39:35 CET 2026
#@# Fix Topology lh Tue Mar 10 08:41:10 CET 2026
#@# Smooth2 lh Tue Mar 10 08:45:37 CET 2026
#@# Inflation2 lh Tue Mar 10 08:45:39 CET 2026
#@# Curv .H and .K lh Tue Mar 10 08:45:55 CET 2026
#@# Sphere lh Tue Mar 10 08:46:34 CET 2026
#@# Surf Reg lh Tue Mar 10 08:51:31 CET 2026
#@# Jacobian white lh Tue Mar 10 08:59:54 CET 2026
#@# AvgCurv lh Tue Mar 10 08:59:55 CET 2026
#@# Cortical Parc lh Tue Mar 10 08:59:56 CET 2026
#@# white curv lh Tue Mar 10 09:05:55 CET 2026
#@# white area lh Tue Mar 10 09:05:57 CET 2026
#@# pial curv lh Tue Mar 10 09:05:57 CET 2026
#@# pial area lh Tue Mar 10 09:05:59 CET 2026
#@# thickness lh Tue Mar 10 09:05:59 CET 2026
#@# area and vertex vol lh Tue Mar 10 09:06:19 CET 2026
#@# Curvature Stats lh Tue Mar 10 09:06:21 CET 2026
#@# Cortical Parc 2 lh Tue Mar 10 09:06:23 CET 2026
#@# Cortical Parc 3 lh Tue Mar 10 09:06:33 CET 2026
#@# WM/GM Contrast lh Tue Mar 10 09:06:41 CET 2026
recon-all -s sub-v1s9x0051331_ses-1 finished without error at Tue Mar 10 09:06:43 CET 2026



#New# invocation of recon-all 



status file for recon-all
Tue Mar 10 09:36:50 CET 2026
#@# white curv lh Tue Mar 10 09:36:50 CET 2026
#@# white area lh Tue Mar 10 09:36:50 CET 2026
#@# pial curv lh Tue Mar 10 09:36:50 CET 2026
#@# pial area lh Tue Mar 10 09:36:50 CET 2026
#@# thickness lh Tue Mar 10 09:36:50 CET 2026
#@# area and vertex vol lh Tue Mar 10 09:36:50 CET 2026
#@# Parcellation Stats lh Tue Mar 10 09:36:50 CET 2026
#@# Parcellation Stats 2 lh Tue Mar 10 09:37:07 CET 2026
#@# Parcellation Stats 3 lh Tue Mar 10 09:37:15 CET 2026
#@# BA_exvivo Labels lh Tue Mar 10 09:37:23 CET 2026
recon-all -s sub-v1s9x0051331_ses-1 finished without error at Tue Mar 10 09:39:38 CET 2026
