status file for recon-all
Tue Mar 10 07:20:05 CET 2026
#@# MotionCor Tue Mar 10 07:20:06 CET 2026
#@# Talairach Tue Mar 10 07:20:12 CET 2026
#@# Talairach Failure Detection Tue Mar 10 07:23:02 CET 2026
#@# Nu Intensity Correction Tue Mar 10 07:23:02 CET 2026
#@# Intensity Normalization Tue Mar 10 07:25:47 CET 2026
recon-all -s sub-v1s9x0051352_ses-1 finished without error at Tue Mar 10 07:26:45 CET 2026



#New# invocation of recon-all 



status file for recon-all
Tue Mar 10 07:32:43 CET 2026
#@# EM Registration Tue Mar 10 07:32:43 CET 2026
recon-all -s sub-v1s9x0051352_ses-1 finished without error at Tue Mar 10 07:34:18 CET 2026



#New# invocation of recon-all 



status file for recon-all
Tue Mar 10 07:34:21 CET 2026
#@# CA Normalize Tue Mar 10 07:34:21 CET 2026
#@# CA Reg Tue Mar 10 07:35:13 CET 2026
#@# SubCort Seg Tue Mar 10 08:21:17 CET 2026
#@# CC Seg Tue Mar 10 08:46:44 CET 2026
#@# Merge ASeg Tue Mar 10 08:47:09 CET 2026
#@# Intensity Normalization2 Tue Mar 10 08:47:09 CET 2026
#@# Mask BFS Tue Mar 10 08:48:35 CET 2026
#@# WM Segmentation Tue Mar 10 08:48:36 CET 2026
#@# Fill Tue Mar 10 08:50:21 CET 2026
recon-all -s sub-v1s9x0051352_ses-1 finished without error at Tue Mar 10 08:51:00 CET 2026



#New# invocation of recon-all 



status file for recon-all
Tue Mar 10 09:41:35 CET 2026
#@# white curv lh Tue Mar 10 09:41:35 CET 2026
#@# white area lh Tue Mar 10 09:41:35 CET 2026
#@# pial curv lh Tue Mar 10 09:41:36 CET 2026
#@# pial area lh Tue Mar 10 09:41:36 CET 2026
#@# thickness lh Tue Mar 10 09:41:36 CET 2026
#@# area and vertex vol lh Tue Mar 10 09:41:36 CET 2026
#@# white curv rh Tue Mar 10 09:41:36 CET 2026
#@# white area rh Tue Mar 10 09:41:36 CET 2026
#@# pial curv rh Tue Mar 10 09:41:36 CET 2026
#@# pial area rh Tue Mar 10 09:41:36 CET 2026
#@# thickness rh Tue Mar 10 09:41:36 CET 2026
#@# area and vertex vol rh Tue Mar 10 09:41:36 CET 2026
#@# Cortical ribbon mask Tue Mar 10 09:41:36 CET 2026
recon-all -s sub-v1s9x0051352_ses-1 finished without error at Tue Mar 10 09:44:51 CET 2026



#New# invocation of recon-all 



status file for recon-all
Tue Mar 10 09:49:28 CET 2026
#@# white curv lh Tue Mar 10 09:49:28 CET 2026
#@# white area lh Tue Mar 10 09:49:28 CET 2026
#@# pial curv lh Tue Mar 10 09:49:28 CET 2026
#@# pial area lh Tue Mar 10 09:49:28 CET 2026
#@# thickness lh Tue Mar 10 09:49:28 CET 2026
#@# area and vertex vol lh Tue Mar 10 09:49:28 CET 2026
#@# white curv rh Tue Mar 10 09:49:28 CET 2026
#@# white area rh Tue Mar 10 09:49:28 CET 2026
#@# pial curv rh Tue Mar 10 09:49:28 CET 2026
#@# pial area rh Tue Mar 10 09:49:28 CET 2026
#@# thickness rh Tue Mar 10 09:49:28 CET 2026
#@# area and vertex vol rh Tue Mar 10 09:49:28 CET 2026
#@# Curvature Stats lh Tue Mar 10 09:49:28 CET 2026
#@# Curvature Stats rh Tue Mar 10 09:49:29 CET 2026
#@# Relabel Hypointensities Tue Mar 10 09:49:31 CET 2026
#@# APas-to-ASeg Tue Mar 10 09:49:41 CET 2026
#@# AParc-to-ASeg aparc Tue Mar 10 09:49:47 CET 2026
#@# AParc-to-ASeg aparc.a2009s Tue Mar 10 09:50:02 CET 2026
#@# AParc-to-ASeg aparc.DKTatlas Tue Mar 10 09:50:22 CET 2026
#@# WMParc Tue Mar 10 09:50:38 CET 2026
#@# ASeg Stats Tue Mar 10 09:52:24 CET 2026
recon-all -s sub-v1s9x0051352_ses-1 finished without error at Tue Mar 10 09:52:40 CET 2026
