status file for recon-all
Tue Mar 10 09:13:07 CET 2026
#@# Tessellate rh Tue Mar 10 09:13:07 CET 2026
#@# Smooth1 rh Tue Mar 10 09:13:10 CET 2026
#@# Inflation1 rh Tue Mar 10 09:13:12 CET 2026
#@# QSphere rh Tue Mar 10 09:13:23 CET 2026
#@# Fix Topology rh Tue Mar 10 09:14:13 CET 2026
#@# Smooth2 rh Tue Mar 10 09:23:25 CET 2026
#@# Inflation2 rh Tue Mar 10 09:23:27 CET 2026
#@# Curv .H and .K rh Tue Mar 10 09:23:38 CET 2026
#@# Sphere rh Tue Mar 10 09:24:09 CET 2026
#@# Surf Reg rh Tue Mar 10 09:29:43 CET 2026
#@# Jacobian white rh Tue Mar 10 09:35:51 CET 2026
#@# AvgCurv rh Tue Mar 10 09:35:52 CET 2026
#@# Cortical Parc rh Tue Mar 10 09:35:53 CET 2026
#@# white curv rh Tue Mar 10 09:40:53 CET 2026
#@# white area rh Tue Mar 10 09:40:54 CET 2026
#@# pial curv rh Tue Mar 10 09:40:55 CET 2026
#@# pial area rh Tue Mar 10 09:40:56 CET 2026
#@# thickness rh Tue Mar 10 09:40:56 CET 2026
#@# area and vertex vol rh Tue Mar 10 09:41:12 CET 2026
#@# Curvature Stats rh Tue Mar 10 09:41:13 CET 2026
#@# Cortical Parc 2 rh Tue Mar 10 09:41:15 CET 2026
#@# Cortical Parc 3 rh Tue Mar 10 09:41:23 CET 2026
#@# WM/GM Contrast rh Tue Mar 10 09:41:29 CET 2026
recon-all -s sub-v1s9x0051352_ses-1 finished without error at Tue Mar 10 09:41:31 CET 2026



#New# invocation of recon-all 



status file for recon-all
Tue Mar 10 09:47:13 CET 2026
#@# white curv rh Tue Mar 10 09:47:13 CET 2026
#@# white area rh Tue Mar 10 09:47:13 CET 2026
#@# pial curv rh Tue Mar 10 09:47:13 CET 2026
#@# pial area rh Tue Mar 10 09:47:13 CET 2026
#@# thickness rh Tue Mar 10 09:47:13 CET 2026
#@# area and vertex vol rh Tue Mar 10 09:47:13 CET 2026
#@# Parcellation Stats rh Tue Mar 10 09:47:13 CET 2026
#@# Parcellation Stats 2 rh Tue Mar 10 09:47:24 CET 2026
#@# Parcellation Stats 3 rh Tue Mar 10 09:47:29 CET 2026
#@# BA_exvivo Labels rh Tue Mar 10 09:47:35 CET 2026
recon-all -s sub-v1s9x0051352_ses-1 finished without error at Tue Mar 10 09:49:24 CET 2026
