status file for recon-all
Tue Mar 10 08:51:03 CET 2026
#@# Tessellate lh Tue Mar 10 08:51:04 CET 2026
#@# Smooth1 lh Tue Mar 10 08:51:06 CET 2026
#@# Inflation1 lh Tue Mar 10 08:51:08 CET 2026
#@# QSphere lh Tue Mar 10 08:51:19 CET 2026
#@# Fix Topology lh Tue Mar 10 08:52:14 CET 2026
#@# Smooth2 lh Tue Mar 10 08:59:39 CET 2026
#@# Inflation2 lh Tue Mar 10 08:59:41 CET 2026
#@# Curv .H and .K lh Tue Mar 10 08:59:52 CET 2026
#@# Sphere lh Tue Mar 10 09:00:23 CET 2026
#@# Surf Reg lh Tue Mar 10 09:03:57 CET 2026
#@# Jacobian white lh Tue Mar 10 09:07:27 CET 2026
#@# AvgCurv lh Tue Mar 10 09:07:27 CET 2026
#@# Cortical Parc lh Tue Mar 10 09:07:28 CET 2026
#@# white curv lh Tue Mar 10 09:12:27 CET 2026
#@# white area lh Tue Mar 10 09:12:28 CET 2026
#@# pial curv lh Tue Mar 10 09:12:28 CET 2026
#@# pial area lh Tue Mar 10 09:12:29 CET 2026
#@# thickness lh Tue Mar 10 09:12:30 CET 2026
#@# area and vertex vol lh Tue Mar 10 09:12:46 CET 2026
#@# Curvature Stats lh Tue Mar 10 09:12:47 CET 2026
#@# Cortical Parc 2 lh Tue Mar 10 09:12:49 CET 2026
#@# Cortical Parc 3 lh Tue Mar 10 09:12:57 CET 2026
#@# WM/GM Contrast lh Tue Mar 10 09:13:04 CET 2026
recon-all -s sub-v1s9x0051352_ses-1 finished without error at Tue Mar 10 09:13:06 CET 2026



#New# invocation of recon-all 



status file for recon-all
Tue Mar 10 09:44:56 CET 2026
#@# white curv lh Tue Mar 10 09:44:56 CET 2026
#@# white area lh Tue Mar 10 09:44:56 CET 2026
#@# pial curv lh Tue Mar 10 09:44:56 CET 2026
#@# pial area lh Tue Mar 10 09:44:56 CET 2026
#@# thickness lh Tue Mar 10 09:44:56 CET 2026
#@# area and vertex vol lh Tue Mar 10 09:44:56 CET 2026
#@# Parcellation Stats lh Tue Mar 10 09:44:56 CET 2026
#@# Parcellation Stats 2 lh Tue Mar 10 09:45:07 CET 2026
#@# Parcellation Stats 3 lh Tue Mar 10 09:45:13 CET 2026
#@# BA_exvivo Labels lh Tue Mar 10 09:45:19 CET 2026
recon-all -s sub-v1s9x0051352_ses-1 finished without error at Tue Mar 10 09:47:10 CET 2026
