/out/sourcedata/freesurfer/sub-v1s9x0051349_ses-1/mri
/opt/freesurfer/bin/talairach_avi
--i orig_nu.mgz --xfm transforms/talairach.auto.xfm
talairach_avi 7.3.2
Linux dna029 5.14.0-427.37.1.el9_4.x86_64 #1 SMP PREEMPT_DYNAMIC Fri Sep 13 12:41:50 EDT 2024 x86_64 x86_64 x86_64 GNU/Linux
Tue Mar 10 07:17:14 CET 2026
mri_convert orig_nu.mgz talsrcimg.img 
reading from orig_nu.mgz...
TR=0.00, TE=0.00, TI=0.00, flip angle=0.00
i_ras = (-1, 0, 0)
j_ras = (0, 0, -1)
k_ras = (0, 1, 0)
writing to talsrcimg.img...
Analyze Output Matrix
-1.00000   0.00000   0.00000   129.29367;
 0.00000   0.00000   1.00000  -132.60034;
 0.00000  -1.00000   0.00000   139.37045;
 0.00000   0.00000   0.00000   1.00000;
--------------------
INFO: set hdr.hist.orient to -1
mpr2mni305 talsrcimg
Tue Mar 10 07:17:14 CET 2026
/opt/freesurfer/bin/mpr2mni305 talsrcimg
mpr2mni305 7.3.2
target=711-2C_as_mni_average_305

---------------------------------------------------------------------
analyzeto4dfp talsrcimg -O0 -y
---------------------------------------------------------------------

freesurfer ifh2hdr.c
Tue Mar 10 07:17:15 2026
Writing: talsrcimg.4dfp.hdr
freesurfer analyzeto4dfp.c
Reading: talsrcimg.hdr
header size 348 bytes
hdr.dime.datatype	offset=70	value=2
hdr.dime.bitpix		offset=72	value=8
hdr.hist.orient		offset=252	value=-1
dimensionality     4
dimensions       256       256       256         1
Reading: talsrcimg.img
Writing: talsrcimg.4dfp.img
Writing: talsrcimg.4dfp.ifh
ifh2hdr talsrcimg -r0to206
ori=2

---------------------------------------------------------------------
gauss_4dfp talsrcimg 1.1
---------------------------------------------------------------------

freesurfer gauss_4dfp.c
Reading: talsrcimg.4dfp.img
Writing: talsrcimg_g11.4dfp.img
image dimensions 256 256 256 padded to 288 288 288
processing volume 1freesurfer ifh2hdr.c
Tue Mar 10 07:17:16 2026
Writing: talsrcimg_g11.4dfp.hdr

Writing: talsrcimg_g11.4dfp.ifh
including: talsrcimg.4dfp.img.rec in talsrcimg_g11.4dfp.img.rec

---------------------------------------------------------------------
imgreg_4dfp /opt/freesurfer/average/711-2C_as_mni_average_305 none talsrcimg_g11 none talsrcimg_to_711-2C_as_mni_average_305_t4 4355
---------------------------------------------------------------------

freesurfer imgreg_4dfp.c
/opt/freesurfer/average/711-2C_as_mni_average_305.4dfp.img
       256       256       256         1
  1.000000  1.000000  1.000000
orientation T byte_order littleendian
Reading image: /opt/freesurfer/average/711-2C_as_mni_average_305.4dfp.img
dimensions:      256       256       256
mmppix:       1.0000   -1.0000   -1.0000
center:     128.0000 -129.0000 -129.0000
talsrcimg_g11.4dfp.img
       256       256       256         1
  1.000000  1.000000  1.000000
orientation T byte_order littleendian
Reading image: talsrcimg_g11.4dfp.img
dimensions:      256       256       256
mmppix:       1.0000   -1.0000   -1.0000
center:     128.0000 -129.0000 -129.0000
t4_read: open error in t4_sub.f l:  41 t4_file(1:l)talsrcimg_to_711-2C_as_mni_average_305_t4 
t4_read: transform initialized to I4
rotation matrix determinant  1.000000
image alignment mode   4355 decimal     1103 hex
   -7.5000  -45.0000  -45.0000 5751.3179   19.1198
    0.0000  -45.0000  -45.0000 5993.6523   19.1579
    7.5000  -45.0000  -45.0000 5801.9219   19.1466
   -7.5000  -37.5000  -45.0000 6304.0942   18.5244
    0.0000  -37.5000  -45.0000 6558.2876   18.5580
    7.5000  -37.5000  -45.0000 6369.4229   18.5561
   -7.5000  -30.0000  -45.0000 7118.7915   18.1173
    0.0000  -30.0000  -45.0000 7415.9204   18.1524
    7.5000  -30.0000  -45.0000 7188.5244   18.1531
   -7.5000  -22.5000  -45.0000 8031.4194   17.8049
    0.0000  -22.5000  -45.0000 8398.0039   17.8419
    7.5000  -22.5000  -45.0000 8089.1221   17.8388
   -7.5000  -15.0000  -45.0000 9046.3447   17.6571
    0.0000  -15.0000  -45.0000 9479.0625   17.6937
    7.5000  -15.0000  -45.0000 9096.4775   17.6843
   -7.5000   -7.5000  -45.000010061.5381   17.6233
    0.0000   -7.5000  -45.000010541.3486   17.6572
    7.5000   -7.5000  -45.000010108.7607   17.6460
   -7.5000    0.0000  -45.000011042.1484   17.6099
    0.0000    0.0000  -45.000011579.5791   17.6414
    7.5000    0.0000  -45.000011102.2188   17.6338
   -7.5000    7.5000  -45.000011102.8730   17.6223
    0.0000    7.5000  -45.000011629.3545   17.6537
    7.5000    7.5000  -45.000011162.2793   17.6518
   -7.5000   15.0000  -45.000010990.3486   17.6502
    0.0000   15.0000  -45.000011551.2100   17.6840
    7.5000   15.0000  -45.000011051.0410   17.6844
   -7.5000   22.5000  -45.000010751.6504   17.6652
    0.0000   22.5000  -45.000011320.2480   17.7018
    7.5000   22.5000  -45.000010812.1396   17.6985
   -7.5000   30.0000  -45.000010502.6318   17.4180
    0.0000   30.0000  -45.000011030.2090   17.4542
    7.5000   30.0000  -45.000010552.5889   17.4450
   -7.5000   37.5000  -45.000010637.9209   17.3885
    0.0000   37.5000  -45.000011152.7949   17.4219
    7.5000   37.5000  -45.000010680.3066   17.4109
   -7.5000   45.0000  -45.000010448.6318   16.9340
    0.0000   45.0000  -45.000010951.7549   16.9643
    7.5000   45.0000  -45.000010478.4551   16.9570
   -7.5000  -45.0000  -37.5000 6092.6382   19.0545
    0.0000  -45.0000  -37.5000 6346.1235   19.1013
    7.5000  -45.0000  -37.5000 6138.6113   19.1028
   -7.5000  -37.5000  -37.5000 6676.5190   18.4609
    0.0000  -37.5000  -37.5000 6957.8115   18.5021
    7.5000  -37.5000  -37.5000 6737.6606   18.5082
   -7.5000  -30.0000  -37.5000 7562.7744   18.0547
    0.0000  -30.0000  -37.5000 7902.1597   18.0975
    7.5000  -30.0000  -37.5000 7616.7778   18.1008
   -7.5000  -22.5000  -37.5000 8539.6699   17.7427
    0.0000  -22.5000  -37.5000 8949.6963   17.7878
    7.5000  -22.5000  -37.5000 8581.8115   17.7862
   -7.5000  -15.0000  -37.5000 9618.7168   17.5946
    0.0000  -15.0000  -37.500010093.2900   17.6393
    7.5000  -15.0000  -37.5000 9655.2129   17.6350
   -7.5000   -7.5000  -37.500010690.6758   17.5597
    0.0000   -7.5000  -37.500011220.5020   17.6013
    7.5000   -7.5000  -37.500010730.9424   17.5997
   -7.5000    0.0000  -37.500011729.4922   17.5459
    0.0000    0.0000  -37.500012322.7910   17.5844
    7.5000    0.0000  -37.500011775.3535   17.5877
   -7.5000    7.5000  -37.500011804.2139   17.5593
    0.0000    7.5000  -37.500012391.5820   17.5975
    7.5000    7.5000  -37.500011841.5293   17.6026
   -7.5000   15.0000  -37.500011680.2061   17.5882
    0.0000   15.0000  -37.500012294.9160   17.6293
    7.5000   15.0000  -37.500011718.2832   17.6322
   -7.5000   22.5000  -37.500011419.3555   17.6035
    0.0000   22.5000  -37.500012033.5449   17.6480
    7.5000   22.5000  -37.500011467.8193   17.6463
   -7.5000   30.0000  -37.500011128.6367   17.3564
    0.0000   30.0000  -37.500011710.3574   17.4005
    7.5000   30.0000  -37.500011162.1953   17.3963
   -7.5000   37.5000  -37.500011244.4619   17.3257
    0.0000   37.5000  -37.500011816.4033   17.3668
    7.5000   37.5000  -37.500011258.4180   17.3651
   -7.5000   45.0000  -37.500011021.9746   16.8725
    0.0000   45.0000  -37.500011571.5723   16.9095
    7.5000   45.0000  -37.500011028.9102   16.9127
   -7.5000  -45.0000  -30.0000 6531.8096   19.8206
    0.0000  -45.0000  -30.0000 6795.1206   19.8736
    7.5000  -45.0000  -30.0000 6581.0234   19.8834
   -7.5000  -37.5000  -30.0000 7161.3071   19.2073
    0.0000  -37.5000  -30.0000 7465.8398   19.2527
    7.5000  -37.5000  -30.0000 7223.5933   19.2637
   -7.5000  -30.0000  -30.0000 8138.2881   18.7831
    0.0000  -30.0000  -30.0000 8516.1484   18.8309
    7.5000  -30.0000  -30.0000 8193.0869   18.8368
   -7.5000  -22.5000  -30.0000 9212.8359   18.4532
    0.0000  -22.5000  -30.0000 9670.5869   18.5058
    7.5000  -22.5000  -30.0000 9252.2627   18.5076
   -7.5000  -15.0000  -30.000010393.3037   18.2954
    0.0000  -15.0000  -30.000010913.2256   18.3488
    7.5000  -15.0000  -30.000010425.7090   18.3496
   -7.5000   -7.5000  -30.000011518.9121   18.2607
    0.0000   -7.5000  -30.000012089.1582   18.3098
    7.5000   -7.5000  -30.000011555.5967   18.3146
   -7.5000    0.0000  -30.000012607.9316   18.2521
    0.0000    0.0000  -30.000013248.2646   18.2955
    7.5000    0.0000  -30.000012654.5322   18.3050
   -7.5000    7.5000  -30.000012686.8262   18.2696
    0.0000    7.5000  -30.000013326.9678   18.3116
    7.5000    7.5000  -30.000012715.7080   18.3208
   -7.5000   15.0000  -30.000012560.4287   18.2979
    0.0000   15.0000  -30.000013213.5498   18.3439
    7.5000   15.0000  -30.000012583.7344   18.3493
   -7.5000   22.5000  -30.000012275.9180   18.3067
    0.0000   22.5000  -30.000012939.3682   18.3585
    7.5000   22.5000  -30.000012330.4727   18.3602
   -7.5000   30.0000  -30.000011931.9541   18.0494
    0.0000   30.0000  -30.000012581.5205   18.1021
    7.5000   30.0000  -30.000011979.4443   18.1030
   -7.5000   37.5000  -30.000012027.1602   18.0191
    0.0000   37.5000  -30.000012672.2451   18.0676
    7.5000   37.5000  -30.000012054.9316   18.0723
   -7.5000   45.0000  -30.000011758.5537   17.5645
    0.0000   45.0000  -30.000012382.6738   17.6063
    7.5000   45.0000  -30.000011785.0000   17.6154
   -7.5000  -45.0000  -22.5000 6951.6841   20.4864
    0.0000  -45.0000  -22.5000 7232.4771   20.5355
    7.5000  -45.0000  -22.5000 7003.4844   20.5393
   -7.5000  -37.5000  -22.5000 7629.4424   19.8542
    0.0000  -37.5000  -22.5000 7969.2725   19.8954
    7.5000  -37.5000  -22.5000 7698.7661   19.9022
   -7.5000  -30.0000  -22.5000 8701.9648   19.4119
    0.0000  -30.0000  -22.5000 9119.0146   19.4562
    7.5000  -30.0000  -22.5000 8767.1387   19.4621
   -7.5000  -22.5000  -22.5000 9865.6787   19.0656
    0.0000  -22.5000  -22.500010367.1934   19.1166
    7.5000  -22.5000  -22.5000 9923.9170   19.1204
   -7.5000  -15.0000  -22.500011100.9473   18.8994
    0.0000  -15.0000  -22.500011666.5010   18.9525
    7.5000  -15.0000  -22.500011164.2646   18.9537
   -7.5000   -7.5000  -22.500012284.1475   18.8675
    0.0000   -7.5000  -22.500012910.2588   18.9152
    7.5000   -7.5000  -22.500012368.5479   18.9164
   -7.5000    0.0000  -22.500013440.0254   18.8653
    0.0000    0.0000  -22.500014131.5664   18.9054
    7.5000    0.0000  -22.500013541.1055   18.9091
   -7.5000    7.5000  -22.500013517.5615   18.8857
    0.0000    7.5000  -22.500014208.1426   18.9238
    7.5000    7.5000  -22.500013603.4189   18.9288
   -7.5000   15.0000  -22.500013361.5225   18.9112
    0.0000   15.0000  -22.500014075.5273   18.9541
    7.5000   15.0000  -22.500013439.5117   18.9594
   -7.5000   22.5000  -22.500013021.3369   18.9130
    0.0000   22.5000  -22.500013788.1416   18.9634
    7.5000   22.5000  -22.500013184.2881   18.9671
   -7.5000   30.0000  -22.500012648.3486   18.6481
    0.0000   30.0000  -22.500013414.0254   18.7006
    7.5000   30.0000  -22.500012816.7656   18.7018
   -7.5000   37.5000  -22.500012762.6514   18.6207
    0.0000   37.5000  -22.500013505.9854   18.6678
    7.5000   37.5000  -22.500012886.7734   18.6689
   -7.5000   45.0000  -22.500012464.3301   18.1683
    0.0000   45.0000  -22.500013177.6943   18.2069
    7.5000   45.0000  -22.500012576.9805   18.2104
   -7.5000  -45.0000  -15.0000 7318.1055   20.9877
    0.0000  -45.0000  -15.0000 7633.3638   21.0286
    7.5000  -45.0000  -15.0000 7383.1279   21.0186
   -7.5000  -37.5000  -15.0000 8083.8208   20.3374
    0.0000  -37.5000  -15.0000 8473.7256   20.3711
    7.5000  -37.5000  -15.0000 8175.2080   20.3692
   -7.5000  -30.0000  -15.0000 9237.7646   19.8816
    0.0000  -30.0000  -15.0000 9719.1758   19.9180
    7.5000  -30.0000  -15.0000 9340.9473   19.9209
   -7.5000  -22.5000  -15.000010457.0596   19.5264
    0.0000  -22.5000  -15.000011020.4395   19.5693
    7.5000  -22.5000  -15.000010565.7520   19.5710
   -7.5000  -15.0000  -15.000011743.1377   19.3572
    0.0000  -15.0000  -15.000012376.9424   19.4024
    7.5000  -15.0000  -15.000011873.3994   19.3977
   -7.5000   -7.5000  -15.000012973.9795   19.3269
    0.0000   -7.5000  -15.000013695.3301   19.3671
    7.5000   -7.5000  -15.000013151.5654   19.3577
   -7.5000    0.0000  -15.000014195.8105   19.3257
    0.0000    0.0000  -15.000014991.4697   19.3591
    7.5000    0.0000  -15.000014415.8955   19.3509
   -7.5000    7.5000  -15.000014295.9375   19.3450
    0.0000    7.5000  -15.000015115.9492   19.3764
    7.5000    7.5000  -15.000014504.9814   19.3737
   -7.5000   15.0000  -15.000014108.6445   19.3690
    0.0000   15.0000  -15.000014966.4180   19.4045
    7.5000   15.0000  -15.000014344.6650   19.4068
   -7.5000   22.5000  -15.000013712.1152   19.3691
    0.0000   22.5000  -15.000014583.2314   19.4116
    7.5000   22.5000  -15.000014039.7051   19.4130
   -7.5000   30.0000  -15.000013301.6377   19.1026
    0.0000   30.0000  -15.000014162.6094   19.1472
    7.5000   30.0000  -15.000013625.9004   19.1425
   -7.5000   37.5000  -15.000013417.3730   19.0768
    0.0000   37.5000  -15.000014280.0830   19.1164
    7.5000   37.5000  -15.000013724.9082   19.1072
   -7.5000   45.0000  -15.000013135.6064   18.6228
    0.0000   45.0000  -15.000013944.9941   18.6550
    7.5000   45.0000  -15.000013386.7061   18.6472
   -7.5000  -45.0000   -7.5000 7693.0439   21.2600
    0.0000  -45.0000   -7.5000 8061.6738   21.2976
    7.5000  -45.0000   -7.5000 7786.6421   21.2800
   -7.5000  -37.5000   -7.5000 8518.8223   20.5970
    0.0000  -37.5000   -7.5000 8977.6035   20.6287
    7.5000  -37.5000   -7.5000 8655.3848   20.6227
   -7.5000  -30.0000   -7.5000 9751.3477   20.1375
    0.0000  -30.0000   -7.500010297.9219   20.1711
    7.5000  -30.0000   -7.5000 9903.8369   20.1715
   -7.5000  -22.5000   -7.500011054.4893   19.7837
    0.0000  -22.5000   -7.500011669.8828   19.8215
    7.5000  -22.5000   -7.500011213.3301   19.8193
   -7.5000  -15.0000   -7.500012407.8506   19.6162
    0.0000  -15.0000   -7.500013099.5244   19.6550
    7.5000  -15.0000   -7.500012605.8887   19.6444
   -7.5000   -7.5000   -7.500013693.6377   19.5829
    0.0000   -7.5000   -7.500014498.1992   19.6181
    7.5000   -7.5000   -7.500013954.5605   19.6021
   -7.5000    0.0000   -7.500014984.0410   19.5750
    0.0000    0.0000   -7.500015850.2812   19.6059
    7.5000    0.0000   -7.500015319.7236   19.5921
   -7.5000    7.5000   -7.500015107.0508   19.5910
    0.0000    7.5000   -7.500016072.0957   19.6206
    7.5000    7.5000   -7.500015496.7217   19.6146
   -7.5000   15.0000   -7.500014944.0508   19.6178
    0.0000   15.0000   -7.500015966.7217   19.6505
    7.5000   15.0000   -7.500015438.3682   19.6503
   -7.5000   22.5000   -7.500014493.7969   19.6219
    0.0000   22.5000   -7.500015433.1787   19.6593
    7.5000   22.5000   -7.500015023.6543   19.6569
   -7.5000   30.0000   -7.500014006.3145   19.3576
    0.0000   30.0000   -7.500014877.3662   19.3960
    7.5000   30.0000   -7.500014509.1934   19.3855
   -7.5000   37.5000   -7.500014145.3682   19.3289
    0.0000   37.5000   -7.500015029.7900   19.3637
    7.5000   37.5000   -7.500014604.2812   19.3479
   -7.5000   45.0000   -7.500013867.0967   18.8666
    0.0000   45.0000   -7.500014738.1543   18.8964
    7.5000   45.0000   -7.500014251.6328   18.8831
   -7.5000  -45.0000    0.0000 8005.4253   21.3221
    0.0000  -45.0000    0.0000 8411.9531   21.3650
    7.5000  -45.0000    0.0000 8111.9458   21.3524
   -7.5000  -37.5000    0.0000 8927.4414   20.6553
    0.0000  -37.5000    0.0000 9422.5996   20.6931
    7.5000  -37.5000    0.0000 9075.1846   20.6909
   -7.5000  -30.0000    0.000010219.4648   20.1987
    0.0000  -30.0000    0.000010808.4590   20.2381
    7.5000  -30.0000    0.000010404.1211   20.2387
   -7.5000  -22.5000    0.000011556.3711   19.8495
    0.0000  -22.5000    0.000012220.0811   19.8909
    7.5000  -22.5000    0.000011780.4932   19.8872
   -7.5000  -15.0000    0.000012977.3496   19.6845
    0.0000  -15.0000    0.000013702.5322   19.7254
    7.5000  -15.0000    0.000013233.6494   19.7148
   -7.5000   -7.5000    0.000014335.2080   19.6470
    0.0000   -7.5000    0.000015154.8389   19.6849
    7.5000   -7.5000    0.000014658.1592   19.6723
   -7.5000    0.0000    0.000015654.9248   19.6320
    0.0000    0.0000    0.000016576.6348   19.6673
    7.5000    0.0000    0.000016064.1201   19.6587
   -7.5000    7.5000    0.000015835.2842   19.6457
    0.0000    7.5000    0.000016901.2480   19.6809
    7.5000    7.5000    0.000016370.6621   19.6785
   -7.5000   15.0000    0.000015813.9941   19.6767
    0.0000   15.0000    0.000016927.9492   19.7145
    7.5000   15.0000    0.000016528.7012   19.7147
   -7.5000   22.5000    0.000015386.4346   19.6871
    0.0000   22.5000    0.000016301.2432   19.7280
    7.5000   22.5000    0.000016064.8369   19.7241
   -7.5000   30.0000    0.000014843.2100   19.4255
    0.0000   30.0000    0.000015650.2695   19.4660
    7.5000   30.0000    0.000015428.7637   19.4556
   -7.5000   37.5000    0.000014985.6162   19.3927
    0.0000   37.5000    0.000015848.5459   19.4302
    7.5000   37.5000    0.000015479.4941   19.4177
   -7.5000   45.0000    0.000014693.0000   18.9230
    0.0000   45.0000    0.000015593.8418   18.9570
    7.5000   45.0000    0.000015070.8652   18.9487
   -7.5000  -45.0000    7.5000 7692.4336   21.3125
    0.0000  -45.0000    7.5000 8112.9136   21.3649
    7.5000  -45.0000    7.5000 7784.1460   21.3665
   -7.5000  -37.5000    7.5000 8582.6465   20.6484
    0.0000  -37.5000    7.5000 9074.4385   20.6945
    7.5000  -37.5000    7.5000 8714.6396   20.7012
   -7.5000  -30.0000    7.5000 9846.1797   20.1938
    0.0000  -30.0000    7.500010420.4932   20.2417
    7.5000  -30.0000    7.500010027.3623   20.2452
   -7.5000  -22.5000    7.500011168.0781   19.8445
    0.0000  -22.5000    7.500011798.1523   19.8950
    7.5000  -22.5000    7.500011379.9502   19.8930
   -7.5000  -15.0000    7.500012541.6455   19.6787
    0.0000  -15.0000    7.500013241.6592   19.7287
    7.5000  -15.0000    7.500012793.1367   19.7237
   -7.5000   -7.5000    7.500013847.4189   19.6397
    0.0000   -7.5000    7.500014596.0811   19.6863
    7.5000   -7.5000    7.500014149.4980   19.6842
   -7.5000    0.0000    7.500015104.3545   19.6244
    0.0000    0.0000    7.500015912.4902   19.6675
    7.5000    0.0000    7.500015463.2207   19.6710
   -7.5000    7.5000    7.500015240.4248   19.6394
    0.0000    7.5000    7.500016273.2871   19.6822
    7.5000    7.5000    7.500015717.1680   19.6877
   -7.5000   15.0000    7.500015384.1797   19.6717
    0.0000   15.0000    7.500016325.9658   19.7177
    7.5000   15.0000    7.500015744.9854   19.7207
   -7.5000   22.5000    7.500015215.6357   19.6823
    0.0000   22.5000    7.500015919.9863   19.7321
    7.5000   22.5000    7.500015373.0762   19.7300
   -7.5000   30.0000    7.500014809.4570   19.4198
    0.0000   30.0000    7.500015458.1777   19.4692
    7.5000   30.0000    7.500014920.6582   19.4643
   -7.5000   37.5000    7.500014910.2031   19.3855
    0.0000   37.5000    7.500015618.2910   19.4315
    7.5000   37.5000    7.500014990.1816   19.4294
   -7.5000   45.0000    7.500014429.9072   18.9157
    0.0000   45.0000    7.500015198.4453   18.9572
    7.5000   45.0000    7.500014514.2227   18.9606
   -7.5000  -45.0000   15.0000 7272.7861   21.2886
    0.0000  -45.0000   15.0000 7701.3350   21.3454
    7.5000  -45.0000   15.0000 7359.3125   21.3559
   -7.5000  -37.5000   15.0000 8137.1230   20.6297
    0.0000  -37.5000   15.0000 8605.8906   20.6785
    7.5000  -37.5000   15.0000 8265.3076   20.6902
   -7.5000  -30.0000   15.0000 9355.0391   20.1739
    0.0000  -30.0000   15.0000 9882.5117   20.2252
    7.5000  -30.0000   15.0000 9524.0254   20.2315
   -7.5000  -22.5000   15.000010615.1172   19.8195
    0.0000  -22.5000   15.000011197.5361   19.8760
    7.5000  -22.5000   15.000010778.7422   19.8779
   -7.5000  -15.0000   15.000011924.0859   19.6500
    0.0000  -15.0000   15.000012563.7188   19.7074
    7.5000  -15.0000   15.000012084.7363   19.7082
   -7.5000   -7.5000   15.000013213.4600   19.6127
    0.0000   -7.5000   15.000013898.6504   19.6655
    7.5000   -7.5000   15.000013349.4609   19.6707
   -7.5000    0.0000   15.000014459.1279   19.6035
    0.0000    0.0000   15.000015263.1045   19.6502
    7.5000    0.0000   15.000014620.9043   19.6604
   -7.5000    7.5000   15.000014637.0889   19.6224
    0.0000    7.5000   15.000015560.7227   19.6675
    7.5000    7.5000   15.000014798.1289   19.6773
   -7.5000   15.0000   15.000014676.3691   19.6527
    0.0000   15.0000   15.000015479.6416   19.7021
    7.5000   15.0000   15.000014636.3320   19.7079
   -7.5000   22.5000   15.000014489.8701   19.6577
    0.0000   22.5000   15.000015152.9824   19.7134
    7.5000   22.5000   15.000014305.4727   19.7152
   -7.5000   30.0000   15.000014109.1104   19.3915
    0.0000   30.0000   15.000014806.2939   19.4481
    7.5000   30.0000   15.000013985.7334   19.4490
   -7.5000   37.5000   15.000014197.1533   19.3589
    0.0000   37.5000   15.000014935.6738   19.4110
    7.5000   37.5000   15.000014131.9619   19.4161
   -7.5000   45.0000   15.000013699.0664   18.8956
    0.0000   45.0000   15.000014449.0332   18.9405
    7.5000   45.0000   15.000013700.0732   18.9503
   -7.5000  -45.0000   22.5000 6773.8853   21.3725
    0.0000  -45.0000   22.5000 7176.2622   21.4242
    7.5000  -45.0000   22.5000 6902.4741   21.4276
   -7.5000  -37.5000   22.5000 7585.0283   20.7103
    0.0000  -37.5000   22.5000 8022.7837   20.7536
    7.5000  -37.5000   22.5000 7729.6655   20.7601
   -7.5000  -30.0000   22.5000 8727.7979   20.2462
    0.0000  -30.0000   22.5000 9195.6807   20.2927
    7.5000  -30.0000   22.5000 8857.9326   20.2983
   -7.5000  -22.5000   22.5000 9925.8838   19.8829
    0.0000  -22.5000   22.500010441.2891   19.9365
    7.5000  -22.5000   22.500010020.0264   19.9400
   -7.5000  -15.0000   22.500011184.1172   19.7089
    0.0000  -15.0000   22.500011764.1572   19.7648
    7.5000  -15.0000   22.500011266.6973   19.7656
   -7.5000   -7.5000   22.500012400.1191   19.6761
    0.0000   -7.5000   22.500013055.7627   19.7263
    7.5000   -7.5000   22.500012477.1582   19.7271
   -7.5000    0.0000   22.500013557.2393   19.6743
    0.0000    0.0000   22.500014296.6113   19.7165
    7.5000    0.0000   22.500013680.3623   19.7198
   -7.5000    7.5000   22.500013652.9600   19.6954
    0.0000    7.5000   22.500014420.1045   19.7354
    7.5000    7.5000   22.500013749.0684   19.7403
   -7.5000   15.0000   22.500013600.7695   19.7215
    0.0000   15.0000   22.500014242.2334   19.7666
    7.5000   15.0000   22.500013549.6426   19.7717
   -7.5000   22.5000   22.500013314.2617   19.7200
    0.0000   22.5000   22.500013958.7314   19.7729
    7.5000   22.5000   22.500013275.2617   19.7764
   -7.5000   30.0000   22.500012967.4756   19.4496
    0.0000   30.0000   22.500013650.1328   19.5048
    7.5000   30.0000   22.500012984.4482   19.5056
   -7.5000   37.5000   22.500013086.8682   19.4215
    0.0000   37.5000   22.500013806.7617   19.4710
    7.5000   37.5000   22.500013145.4170   19.4718
   -7.5000   45.0000   22.500012681.4541   18.9638
    0.0000   45.0000   22.500013406.7910   19.0044
    7.5000   45.0000   22.500012774.1240   19.0077
   -7.5000  -45.0000   30.0000 6224.0967   21.6583
    0.0000  -45.0000   30.0000 6610.4458   21.7008
    7.5000  -45.0000   30.0000 6390.6733   21.6889
   -7.5000  -37.5000   30.0000 6972.9688   20.9818
    0.0000  -37.5000   30.0000 7392.4375   21.0166
    7.5000  -37.5000   30.0000 7148.6948   21.0131
   -7.5000  -30.0000   30.0000 8047.5972   20.5060
    0.0000  -30.0000   30.0000 8487.1836   20.5436
    7.5000  -30.0000   30.0000 8189.7188   20.5452
   -7.5000  -22.5000   30.0000 9166.1250   20.1339
    0.0000  -22.5000   30.0000 9625.8896   20.1786
    7.5000  -22.5000   30.0000 9269.2402   20.1791
   -7.5000  -15.0000   30.000010325.1084   19.9569
    0.0000  -15.0000   30.000010829.2959   20.0042
    7.5000  -15.0000   30.000010425.4658   19.9982
   -7.5000   -7.5000   30.000011428.6260   19.9259
    0.0000   -7.5000   30.000011996.5693   19.9679
    7.5000   -7.5000   30.000011567.2188   19.9572
   -7.5000    0.0000   30.000012457.8848   19.9253
    0.0000    0.0000   30.000013110.1045   19.9600
    7.5000    0.0000   30.000012664.6279   19.9504
   -7.5000    7.5000   30.000012525.2842   19.9452
    0.0000    7.5000   30.000013171.8994   19.9777
    7.5000    7.5000   30.000012669.8574   19.9735
   -7.5000   15.0000   30.000012436.9824   19.9696
    0.0000   15.0000   30.000013002.2285   20.0063
    7.5000   15.0000   30.000012504.9785   20.0074
   -7.5000   22.5000   30.000012189.2920   19.9671
    0.0000   22.5000   30.000012749.6914   20.0113
    7.5000   22.5000   30.000012253.9531   20.0116
   -7.5000   30.0000   30.000011889.5635   19.6943
    0.0000   30.0000   30.000012487.0039   19.7410
    7.5000   30.0000   30.000011976.6104   19.7351
   -7.5000   37.5000   30.000012024.3604   19.6681
    0.0000   37.5000   30.000012649.8379   19.7095
    7.5000   37.5000   30.000012148.2412   19.6989
   -7.5000   45.0000   30.000011720.7324   19.2057
    0.0000   45.0000   30.000012343.3252   19.2392
    7.5000   45.0000   30.000011855.3262   19.2298
   -7.5000  -45.0000   37.5000 5987.2095   22.1367
    0.0000  -45.0000   37.5000 6356.9604   22.1753
    7.5000  -45.0000   37.5000 6166.3135   22.1539
   -7.5000  -37.5000   37.5000 6701.9297   21.4336
    0.0000  -37.5000   37.5000 7096.8276   21.4655
    7.5000  -37.5000   37.5000 6880.3198   21.4569
   -7.5000  -30.0000   37.5000 7722.3159   20.9448
    0.0000  -30.0000   37.5000 8156.4634   20.9786
    7.5000  -30.0000   37.5000 7882.2378   20.9769
   -7.5000  -22.5000   37.5000 8784.1387   20.5664
    0.0000  -22.5000   37.5000 9256.0625   20.6052
    7.5000  -22.5000   37.5000 8921.0986   20.6011
   -7.5000  -15.0000   37.5000 9867.6846   20.3885
    0.0000  -15.0000   37.500010386.1709   20.4288
    7.5000  -15.0000   37.500010014.9170   20.4161
   -7.5000   -7.5000   37.500010917.9893   20.3541
    0.0000   -7.5000   37.500011479.5889   20.3906
    7.5000   -7.5000   37.500011083.2354   20.3720
   -7.5000    0.0000   37.500011899.2666   20.3470
    0.0000    0.0000   37.500012531.9727   20.3785
    7.5000    0.0000   37.500012108.2197   20.3620
   -7.5000    7.5000   37.500011975.5029   20.3642
    0.0000    7.5000   37.500012586.4688   20.3940
    7.5000    7.5000   37.500012121.9199   20.3855
   -7.5000   15.0000   37.500011887.9316   20.3918
    0.0000   15.0000   37.500012419.2900   20.4246
    7.5000   15.0000   37.500011962.1133   20.4226
   -7.5000   22.5000   37.500011637.5908   20.3951
    0.0000   22.5000   37.500012165.6104   20.4335
    7.5000   22.5000   37.500011723.4668   20.4292
   -7.5000   30.0000   37.500011340.6289   20.1202
    0.0000   30.0000   37.500011887.8584   20.1600
    7.5000   30.0000   37.500011431.8838   20.1474
   -7.5000   37.5000   37.500011490.5186   20.0906
    0.0000   37.5000   37.500012056.4756   20.1267
    7.5000   37.5000   37.500011603.7012   20.1083
   -7.5000   45.0000   37.500011209.9355   19.6122
    0.0000   45.0000   37.500011799.8496   19.6425
    7.5000   45.0000   37.500011345.1309   19.6266
   -7.5000  -45.0000   45.0000 5578.2119   22.8188
    0.0000  -45.0000   45.0000 5890.7842   22.8649
    7.5000  -45.0000   45.0000 5731.0986   22.8466
   -7.5000  -37.5000   45.0000 6242.2959   22.0633
    0.0000  -37.5000   45.0000 6578.9351   22.1028
    7.5000  -37.5000   45.0000 6385.6235   22.0967
   -7.5000  -30.0000   45.0000 7184.6060   21.5431
    0.0000  -30.0000   45.0000 7563.4741   21.5840
    7.5000  -30.0000   45.0000 7322.0127   21.5810
   -7.5000  -22.5000   45.0000 8171.9751   21.1525
    0.0000  -22.5000   45.0000 8586.8936   21.1964
    7.5000  -22.5000   45.0000 8291.3379   21.1887
   -7.5000  -15.0000   45.0000 9184.8154   20.9785
    0.0000  -15.0000   45.0000 9646.4805   21.0227
    7.5000  -15.0000   45.0000 9298.9111   21.0076
   -7.5000   -7.5000   45.000010138.9697   20.9453
    0.0000   -7.5000   45.000010657.9219   20.9865
    7.5000   -7.5000   45.000010275.9346   20.9693
   -7.5000    0.0000   45.000011043.7588   20.9309
    0.0000    0.0000   45.000011607.3193   20.9684
    7.5000    0.0000   45.000011210.3457   20.9558
   -7.5000    7.5000   45.000011087.2881   20.9377
    0.0000    7.5000   45.000011624.6748   20.9743
    7.5000    7.5000   45.000011212.0986   20.9684
   -7.5000   15.0000   45.000010996.3389   20.9626
    0.0000   15.0000   45.000011475.0107   21.0018
    7.5000   15.0000   45.000011061.7324   20.9985
   -7.5000   22.5000   45.000010750.2256   20.9744
    0.0000   22.5000   45.000011219.7871   21.0177
    7.5000   22.5000   45.000010829.2988   21.0098
   -7.5000   30.0000   45.000010462.5439   20.7006
    0.0000   30.0000   45.000010941.4346   20.7442
    7.5000   30.0000   45.000010544.0547   20.7294
   -7.5000   37.5000   45.000010609.3623   20.6725
    0.0000   37.5000   45.000011101.0654   20.7130
    7.5000   37.5000   45.000010693.0791   20.6962
   -7.5000   45.0000   45.000010349.2354   20.1841
    0.0000   45.0000   45.000010876.7031   20.2203
    7.5000   45.0000   45.000010484.9844   20.2081

---------------------------------------------------------------------
imgreg_4dfp /opt/freesurfer/average/711-2C_as_mni_average_305 /opt/freesurfer/average/711-2B_as_mni_average_305_mask talsrcimg_g11 none talsrcimg_to_711-2C_as_mni_average_305_t4 4355
---------------------------------------------------------------------

freesurfer imgreg_4dfp.c
/opt/freesurfer/average/711-2C_as_mni_average_305.4dfp.img
       256       256       256         1
  1.000000  1.000000  1.000000
orientation T byte_order littleendian
Reading image: /opt/freesurfer/average/711-2C_as_mni_average_305.4dfp.img
dimensions:      256       256       256
mmppix:       1.0000   -1.0000   -1.0000
center:     128.0000 -129.0000 -129.0000
/opt/freesurfer/average/711-2B_as_mni_average_305_mask.4dfp.img
       256       256       256         1
  1.000000  1.000000  1.000000
orientation T byte_order littleendian
Reading mask: /opt/freesurfer/average/711-2B_as_mni_average_305_mask.4dfp.img (2306576 pixels)
talsrcimg_g11.4dfp.img
       256       256       256         1
  1.000000  1.000000  1.000000
orientation T byte_order littleendian
Reading image: talsrcimg_g11.4dfp.img
dimensions:      256       256       256
mmppix:       1.0000   -1.0000   -1.0000
center:     128.0000 -129.0000 -129.0000
rotation matrix determinant  1.000000
image alignment mode   4355 decimal     1103 hex
   -7.5000  -30.0000  -45.0000 1861.9128   26.3145
    0.0000  -30.0000  -45.0000 1869.6992   26.0291
    7.5000  -30.0000  -45.0000 1870.8169   26.2007
   -7.5000  -22.5000  -45.0000 1985.7087   23.2284
    0.0000  -22.5000  -45.0000 1995.6304   23.0609
    7.5000  -22.5000  -45.0000 1988.7750   23.1488
   -7.5000  -15.0000  -45.0000 2113.0383   20.7076
    0.0000  -15.0000  -45.0000 2121.8489   20.6158
    7.5000  -15.0000  -45.0000 2112.2329   20.6686
   -7.5000   -7.5000  -45.0000 2225.8066   18.8837
    0.0000   -7.5000  -45.0000 2235.9480   18.7703
    7.5000   -7.5000  -45.0000 2223.2893   18.8012
   -7.5000    0.0000  -45.0000 2317.9463   17.6421
    0.0000    0.0000  -45.0000 2332.2673   17.5298
    7.5000    0.0000  -45.0000 2318.0823   17.5323
   -7.5000    7.5000  -45.0000 2367.3811   16.8353
    0.0000    7.5000  -45.0000 2383.0630   16.7383
    7.5000    7.5000  -45.0000 2372.0105   16.7361
   -7.5000   15.0000  -45.0000 2389.3374   16.3381
    0.0000   15.0000  -45.0000 2410.7773   16.2016
    7.5000   15.0000  -45.0000 2400.3301   16.2092
   -7.5000   22.5000  -45.0000 2398.5261   16.0556
    0.0000   22.5000  -45.0000 2422.9553   15.9421
    7.5000   22.5000  -45.0000 2412.0027   15.9769
   -7.5000   30.0000  -45.0000 2398.9033   16.0798
    0.0000   30.0000  -45.0000 2417.3445   15.9914
    7.5000   30.0000  -45.0000 2409.9404   16.0428
   -7.5000   37.5000  -45.0000 2377.9792   16.5583
    0.0000   37.5000  -45.0000 2397.1213   16.4478
    7.5000   37.5000  -45.0000 2393.2722   16.4635
   -7.5000   45.0000  -45.0000 2342.2476   17.4314
    0.0000   45.0000  -45.0000 2358.1248   17.2600
    7.5000   45.0000  -45.0000 2359.7029   17.3025
   -7.5000   52.5000  -45.0000 2269.5918   18.4912
    0.0000   52.5000  -45.0000 2284.6833   18.2822
    7.5000   52.5000  -45.0000 2284.2017   18.3386
   -7.5000   60.0000  -45.0000 2151.8657   19.6831
    0.0000   60.0000  -45.0000 2163.7739   19.3853
    7.5000   60.0000  -45.0000 2158.5396   19.5323
   -7.5000  -30.0000  -37.5000 1925.5768   24.5312
    0.0000  -30.0000  -37.5000 1938.0349   24.3592
    7.5000  -30.0000  -37.5000 1935.0687   24.3743
   -7.5000  -22.5000  -37.5000 2055.7629   21.6819
    0.0000  -22.5000  -37.5000 2068.5464   21.6348
    7.5000  -22.5000  -37.5000 2058.0239   21.5900
   -7.5000  -15.0000  -37.5000 2192.0745   19.3633
    0.0000  -15.0000  -37.5000 2204.7449   19.3526
    7.5000  -15.0000  -37.5000 2189.2021   19.3335
   -7.5000   -7.5000  -37.5000 2308.5129   17.6058
    0.0000   -7.5000  -37.5000 2323.2097   17.5676
    7.5000   -7.5000  -37.5000 2303.5667   17.5327
   -7.5000    0.0000  -37.5000 2404.3535   16.3919
    0.0000    0.0000  -37.5000 2422.5691   16.3108
    7.5000    0.0000  -37.5000 2402.0356   16.3026
   -7.5000    7.5000  -37.5000 2460.9365   15.5965
    0.0000    7.5000  -37.5000 2478.5623   15.5279
    7.5000    7.5000  -37.5000 2461.5398   15.5353
   -7.5000   15.0000  -37.5000 2484.6650   15.1194
    0.0000   15.0000  -37.5000 2509.2703   15.0330
    7.5000   15.0000  -37.5000 2496.0688   15.0506
   -7.5000   22.5000  -37.5000 2502.2419   14.8678
    0.0000   22.5000  -37.5000 2524.3794   14.7582
    7.5000   22.5000  -37.5000 2514.8862   14.8045
   -7.5000   30.0000  -37.5000 2503.3867   14.8855
    0.0000   30.0000  -37.5000 2526.3396   14.8107
    7.5000   30.0000  -37.5000 2512.4597   14.8332
   -7.5000   37.5000  -37.5000 2483.8040   15.3038
    0.0000   37.5000  -37.5000 2506.4067   15.2156
    7.5000   37.5000  -37.5000 2491.1587   15.1999
   -7.5000   45.0000  -37.5000 2443.5554   16.0916
    0.0000   45.0000  -37.5000 2465.9329   15.9982
    7.5000   45.0000  -37.5000 2454.7375   16.0104
   -7.5000   52.5000  -37.5000 2365.0952   17.0928
    0.0000   52.5000  -37.5000 2384.2900   16.9832
    7.5000   52.5000  -37.5000 2373.9124   16.9901
   -7.5000   60.0000  -37.5000 2240.6057   18.2077
    0.0000   60.0000  -37.5000 2256.4299   18.0342
    7.5000   60.0000  -37.5000 2242.7183   18.1128
   -7.5000  -30.0000  -30.0000 2016.4728   23.8073
    0.0000  -30.0000  -30.0000 2031.1547   23.7165
    7.5000  -30.0000  -30.0000 2024.8883   23.7293
   -7.5000  -22.5000  -30.0000 2161.0583   21.0562
    0.0000  -22.5000  -30.0000 2177.6824   21.0636
    7.5000  -22.5000  -30.0000 2160.8442   21.0020
   -7.5000  -15.0000  -30.0000 2306.8540   18.7661
    0.0000  -15.0000  -30.0000 2323.1475   18.8237
    7.5000  -15.0000  -30.0000 2300.0249   18.7517
   -7.5000   -7.5000  -30.0000 2424.8198   17.0234
    0.0000   -7.5000  -30.0000 2442.7852   17.0239
    7.5000   -7.5000  -30.0000 2418.4119   16.9761
   -7.5000    0.0000  -30.0000 2522.9614   15.8088
    0.0000    0.0000  -30.0000 2544.0708   15.7759
    7.5000    0.0000  -30.0000 2521.4319   15.7254
   -7.5000    7.5000  -30.0000 2584.3633   14.9944
    0.0000    7.5000  -30.0000 2605.5471   14.9381
    7.5000    7.5000  -30.0000 2587.6108   14.9748
   -7.5000   15.0000  -30.0000 2617.6768   14.4969
    0.0000   15.0000  -30.0000 2646.1138   14.4272
    7.5000   15.0000  -30.0000 2634.0984   14.4821
   -7.5000   22.5000  -30.0000 2647.3616   14.2295
    0.0000   22.5000  -30.0000 2669.8015   14.1327
    7.5000   22.5000  -30.0000 2659.4805   14.2067
   -7.5000   30.0000  -30.0000 2650.5771   14.2377
    0.0000   30.0000  -30.0000 2677.8767   14.1680
    7.5000   30.0000  -30.0000 2657.8577   14.2062
   -7.5000   37.5000  -30.0000 2626.6848   14.6438
    0.0000   37.5000  -30.0000 2655.8752   14.5629
    7.5000   37.5000  -30.0000 2639.6050   14.5758
   -7.5000   45.0000  -30.0000 2582.5059   15.4298
    0.0000   45.0000  -30.0000 2614.8835   15.3549
    7.5000   45.0000  -30.0000 2598.5547   15.3526
   -7.5000   52.5000  -30.0000 2495.1750   16.4085
    0.0000   52.5000  -30.0000 2525.6973   16.3110
    7.5000   52.5000  -30.0000 2509.1802   16.3255
   -7.5000   60.0000  -30.0000 2365.4534   17.4938
    0.0000   60.0000  -30.0000 2390.3354   17.3727
    7.5000   60.0000  -30.0000 2370.6641   17.4150
   -7.5000  -30.0000  -22.5000 2079.0532   23.1615
    0.0000  -30.0000  -22.5000 2095.2839   23.0377
    7.5000  -30.0000  -22.5000 2092.1482   23.0595
   -7.5000  -22.5000  -22.5000 2233.1890   20.4041
    0.0000  -22.5000  -22.5000 2253.2876   20.3698
    7.5000  -22.5000  -22.5000 2239.6172   20.3921
   -7.5000  -15.0000  -22.5000 2379.3572   18.1046
    0.0000  -15.0000  -22.5000 2400.3635   18.1185
    7.5000  -15.0000  -22.5000 2380.0227   18.1696
   -7.5000   -7.5000  -22.5000 2498.0530   16.3719
    0.0000   -7.5000  -22.5000 2522.0911   16.3698
    7.5000   -7.5000  -22.5000 2499.0435   16.4171
   -7.5000    0.0000  -22.5000 2603.3054   15.1564
    0.0000    0.0000  -22.5000 2629.1946   15.1361
    7.5000    0.0000  -22.5000 2610.9910   15.1406
   -7.5000    7.5000  -22.5000 2672.7834   14.3716
    0.0000    7.5000  -22.5000 2698.0874   14.3200
    7.5000    7.5000  -22.5000 2690.4458   14.3592
   -7.5000   15.0000  -22.5000 2717.6055   13.8259
    0.0000   15.0000  -22.5000 2745.4714   13.7554
    7.5000   15.0000  -22.5000 2737.4822   13.8408
   -7.5000   22.5000  -22.5000 2747.9524   13.5072
    0.0000   22.5000  -22.5000 2779.1479   13.4518
    7.5000   22.5000  -22.5000 2771.2493   13.5449
   -7.5000   30.0000  -22.5000 2755.4150   13.5114
    0.0000   30.0000  -22.5000 2789.5869   13.4569
    7.5000   30.0000  -22.5000 2778.7749   13.5484
   -7.5000   37.5000  -22.5000 2736.3589   13.9257
    0.0000   37.5000  -22.5000 2768.0488   13.8539
    7.5000   37.5000  -22.5000 2760.2209   13.9298
   -7.5000   45.0000  -22.5000 2692.2129   14.7223
    0.0000   45.0000  -22.5000 2724.2173   14.6356
    7.5000   45.0000  -22.5000 2719.8284   14.6799
   -7.5000   52.5000  -22.5000 2598.3364   15.6949
    0.0000   52.5000  -22.5000 2631.7966   15.5800
    7.5000   52.5000  -22.5000 2624.3157   15.6156
   -7.5000   60.0000  -22.5000 2457.4365   16.7393
    0.0000   60.0000  -22.5000 2488.0217   16.6281
    7.5000   60.0000  -22.5000 2473.1882   16.6465
   -7.5000  -30.0000  -15.0000 2110.4465   22.6498
    0.0000  -30.0000  -15.0000 2133.3740   22.5338
    7.5000  -30.0000  -15.0000 2133.7637   22.6366
   -7.5000  -22.5000  -15.0000 2261.5527   19.8816
    0.0000  -22.5000  -15.0000 2288.5903   19.8024
    7.5000  -22.5000  -15.0000 2282.9836   19.9041
   -7.5000  -15.0000  -15.0000 2403.5005   17.6105
    0.0000  -15.0000  -15.0000 2430.5586   17.5525
    7.5000  -15.0000  -15.0000 2421.0972   17.6661
   -7.5000   -7.5000  -15.0000 2526.3577   15.8747
    0.0000   -7.5000  -15.0000 2555.9978   15.8335
    7.5000   -7.5000  -15.0000 2543.9417   15.9536
   -7.5000    0.0000  -15.0000 2639.6609   14.6451
    0.0000    0.0000  -15.0000 2675.3098   14.6124
    7.5000    0.0000  -15.0000 2665.8579   14.6929
   -7.5000    7.5000  -15.0000 2722.4111   13.8311
    0.0000    7.5000  -15.0000 2758.7881   13.7667
    7.5000    7.5000  -15.0000 2754.6484   13.8508
   -7.5000   15.0000  -15.0000 2776.1340   13.2612
    0.0000   15.0000  -15.0000 2807.6643   13.1809
    7.5000   15.0000  -15.0000 2806.2629   13.3056
   -7.5000   22.5000  -15.0000 2811.9988   12.8880
    0.0000   22.5000  -15.0000 2846.8787   12.8352
    7.5000   22.5000  -15.0000 2846.7671   12.9721
   -7.5000   30.0000  -15.0000 2826.4502   12.8582
    0.0000   30.0000  -15.0000 2858.4348   12.7924
    7.5000   30.0000  -15.0000 2860.4683   12.9455
   -7.5000   37.5000  -15.0000 2809.4031   13.2874
    0.0000   37.5000  -15.0000 2842.8386   13.1989
    7.5000   37.5000  -15.0000 2847.5493   13.3137
   -7.5000   45.0000  -15.0000 2764.5242   14.1251
    0.0000   45.0000  -15.0000 2793.0078   13.9603
    7.5000   45.0000  -15.0000 2799.5002   14.0579
   -7.5000   52.5000  -15.0000 2669.0068   15.0883
    0.0000   52.5000  -15.0000 2693.8711   14.9152
    7.5000   52.5000  -15.0000 2695.8455   14.9896
   -7.5000   60.0000  -15.0000 2515.3494   16.1313
    0.0000   60.0000  -15.0000 2542.6360   15.9896
    7.5000   60.0000  -15.0000 2536.1694   16.0531
   -7.5000  -30.0000   -7.5000 2118.6997   22.2626
    0.0000  -30.0000   -7.5000 2144.6223   22.1142
    7.5000  -30.0000   -7.5000 2144.2144   22.2661
   -7.5000  -22.5000   -7.5000 2272.1199   19.5095
    0.0000  -22.5000   -7.5000 2298.1914   19.3592
    7.5000  -22.5000   -7.5000 2292.1130   19.5535
   -7.5000  -15.0000   -7.5000 2419.6653   17.2477
    0.0000  -15.0000   -7.5000 2443.5430   17.1303
    7.5000  -15.0000   -7.5000 2440.9104   17.3618
   -7.5000   -7.5000   -7.5000 2541.9365   15.5310
    0.0000   -7.5000   -7.5000 2571.1819   15.4448
    7.5000   -7.5000   -7.5000 2569.0840   15.6350
   -7.5000    0.0000   -7.5000 2655.3259   14.3038
    0.0000    0.0000   -7.5000 2689.6643   14.2151
    7.5000    0.0000   -7.5000 2695.9773   14.3651
   -7.5000    7.5000   -7.5000 2745.5701   13.4464
    0.0000    7.5000   -7.5000 2785.9958   13.3333
    7.5000    7.5000   -7.5000 2798.0002   13.5110
   -7.5000   15.0000   -7.5000 2811.1931   12.8349
    0.0000   15.0000   -7.5000 2854.9226   12.7369
    7.5000   15.0000   -7.5000 2864.5481   12.9606
   -7.5000   22.5000   -7.5000 2858.3535   12.4107
    0.0000   22.5000   -7.5000 2897.4771   12.3009
    7.5000   22.5000   -7.5000 2906.7651   12.5833
   -7.5000   30.0000   -7.5000 2875.3035   12.3420
    0.0000   30.0000   -7.5000 2903.7034   12.2162
    7.5000   30.0000   -7.5000 2920.5681   12.4807
   -7.5000   37.5000   -7.5000 2860.9001   12.8204
    0.0000   37.5000   -7.5000 2889.6624   12.6516
    7.5000   37.5000   -7.5000 2906.3706   12.8698
   -7.5000   45.0000   -7.5000 2814.6423   13.6482
    0.0000   45.0000   -7.5000 2841.5671   13.4377
    7.5000   45.0000   -7.5000 2854.3743   13.6152
   -7.5000   52.5000   -7.5000 2711.4846   14.6234
    0.0000   52.5000   -7.5000 2737.8989   14.4333
    7.5000   52.5000   -7.5000 2746.7366   14.6091
   -7.5000   60.0000   -7.5000 2553.1636   15.6662
    0.0000   60.0000   -7.5000 2578.8877   15.5188
    7.5000   60.0000   -7.5000 2579.9390   15.6710
   -7.5000  -30.0000    0.0000 2121.6707   22.2584
    0.0000  -30.0000    0.0000 2145.4465   21.9553
    7.5000  -30.0000    0.0000 2150.0186   22.2253
   -7.5000  -22.5000    0.0000 2269.8381   19.3622
    0.0000  -22.5000    0.0000 2291.6436   19.0941
    7.5000  -22.5000    0.0000 2297.9404   19.4289
   -7.5000  -15.0000    0.0000 2419.7473   17.0922
    0.0000  -15.0000    0.0000 2436.9790   16.8670
    7.5000  -15.0000    0.0000 2444.3616   17.2036
   -7.5000   -7.5000    0.0000 2547.1047   15.3936
    0.0000   -7.5000    0.0000 2568.5762   15.1863
    7.5000   -7.5000    0.0000 2576.2676   15.4660
   -7.5000    0.0000    0.0000 2660.1995   14.1705
    0.0000    0.0000    0.0000 2685.9714   13.9503
    7.5000    0.0000    0.0000 2701.5383   14.2072
   -7.5000    7.5000    0.0000 2754.0071   13.3038
    0.0000    7.5000    0.0000 2787.5962   13.0782
    7.5000    7.5000    0.0000 2810.3201   13.3221
   -7.5000   15.0000    0.0000 2833.5559   12.7054
    0.0000   15.0000    0.0000 2872.7085   12.5146
    7.5000   15.0000    0.0000 2896.4065   12.8003
   -7.5000   22.5000    0.0000 2893.4504   12.2780
    0.0000   22.5000    0.0000 2927.4634   12.0083
    7.5000   22.5000    0.0000 2951.4805   12.4618
   -7.5000   30.0000    0.0000 2921.2305   12.1672
    0.0000   30.0000    0.0000 2938.8013   11.9043
    7.5000   30.0000    0.0000 2968.9614   12.3280
   -7.5000   37.5000    0.0000 2902.1794   12.6592
    0.0000   37.5000    0.0000 2925.9441   12.3952
    7.5000   37.5000    0.0000 2946.5515   12.6652
   -7.5000   45.0000    0.0000 2846.9106   13.4935
    0.0000   45.0000    0.0000 2872.1899   13.2104
    7.5000   45.0000    0.0000 2885.0725   13.3913
   -7.5000   52.5000    0.0000 2737.4800   14.4334
    0.0000   52.5000    0.0000 2761.3577   14.1791
    7.5000   52.5000    0.0000 2768.3989   14.3346
   -7.5000   60.0000    0.0000 2573.2815   15.4736
    0.0000   60.0000    0.0000 2597.2852   15.2334
    7.5000   60.0000    0.0000 2593.4258   15.3595
   -7.5000  -30.0000    7.5000 2106.8157   22.4138
    0.0000  -30.0000    7.5000 2131.3154   22.0421
    7.5000  -30.0000    7.5000 2140.3628   22.2588
   -7.5000  -22.5000    7.5000 2259.9783   19.5246
    0.0000  -22.5000    7.5000 2277.2163   19.1658
    7.5000  -22.5000    7.5000 2289.0400   19.4606
   -7.5000  -15.0000    7.5000 2410.4834   17.2359
    0.0000  -15.0000    7.5000 2427.7434   16.9217
    7.5000  -15.0000    7.5000 2437.6401   17.2133
   -7.5000   -7.5000    7.5000 2540.4187   15.4803
    0.0000   -7.5000    7.5000 2557.6809   15.1813
    7.5000   -7.5000    7.5000 2573.2939   15.4576
   -7.5000    0.0000    7.5000 2655.1426   14.2474
    0.0000    0.0000    7.5000 2671.3481   13.8995
    7.5000    0.0000    7.5000 2694.2964   14.1600
   -7.5000    7.5000    7.5000 2754.8572   13.3914
    0.0000    7.5000    7.5000 2776.7715   13.0419
    7.5000    7.5000    7.5000 2804.2053   13.2795
   -7.5000   15.0000    7.5000 2846.9038   12.8198
    0.0000   15.0000    7.5000 2879.1348   12.5250
    7.5000   15.0000    7.5000 2903.2310   12.7267
   -7.5000   22.5000    7.5000 2922.0720   12.5087
    0.0000   22.5000    7.5000 2956.6040   12.1129
    7.5000   22.5000    7.5000 2967.6528   12.3764
   -7.5000   30.0000    7.5000 2956.7795   12.4994
    0.0000   30.0000    7.5000 2985.0479   12.0985
    7.5000   30.0000    7.5000 2992.0684   12.3057
   -7.5000   37.5000    7.5000 2930.4055   12.8490
    0.0000   37.5000    7.5000 2954.4458   12.5089
    7.5000   37.5000    7.5000 2963.3953   12.6802
   -7.5000   45.0000    7.5000 2855.2024   13.4856
    0.0000   45.0000    7.5000 2881.9817   13.1879
    7.5000   45.0000    7.5000 2890.8733   13.3200
   -7.5000   52.5000    7.5000 2738.9058   14.3348
    0.0000   52.5000    7.5000 2764.8467   14.0772
    7.5000   52.5000    7.5000 2771.0928   14.2059
   -7.5000   60.0000    7.5000 2571.3218   15.3576
    0.0000   60.0000    7.5000 2601.6377   15.1430
    7.5000   60.0000    7.5000 2598.0972   15.2233
   -7.5000  -30.0000   15.0000 2092.7722   23.0127
    0.0000  -30.0000   15.0000 2114.0259   22.4799
    7.5000  -30.0000   15.0000 2126.3567   22.6721
   -7.5000  -22.5000   15.0000 2248.5486   19.9738
    0.0000  -22.5000   15.0000 2266.5962   19.4880
    7.5000  -22.5000   15.0000 2278.8823   19.7388
   -7.5000  -15.0000   15.0000 2395.7229   17.6069
    0.0000  -15.0000   15.0000 2416.2654   17.1886
    7.5000  -15.0000   15.0000 2428.2671   17.3999
   -7.5000   -7.5000   15.0000 2527.2578   15.8773
    0.0000   -7.5000   15.0000 2546.1895   15.4986
    7.5000   -7.5000   15.0000 2558.7505   15.6461
   -7.5000    0.0000   15.0000 2647.8521   14.7106
    0.0000    0.0000   15.0000 2669.4785   14.3533
    7.5000    0.0000   15.0000 2679.6453   14.4061
   -7.5000    7.5000   15.0000 2753.1309   13.8556
    0.0000    7.5000   15.0000 2780.0142   13.5611
    7.5000    7.5000   15.0000 2791.7927   13.5705
   -7.5000   15.0000   15.0000 2842.2756   13.2532
    0.0000   15.0000   15.0000 2879.7654   12.9589
    7.5000   15.0000   15.0000 2880.8721   12.9677
   -7.5000   22.5000   15.0000 2908.8611   12.8553
    0.0000   22.5000   15.0000 2949.9587   12.5237
    7.5000   22.5000   15.0000 2936.1936   12.5320
   -7.5000   30.0000   15.0000 2932.8450   12.8247
    0.0000   30.0000   15.0000 2978.6670   12.5451
    7.5000   30.0000   15.0000 2970.6284   12.5275
   -7.5000   37.5000   15.0000 2908.6216   13.1512
    0.0000   37.5000   15.0000 2946.8643   12.9385
    7.5000   37.5000   15.0000 2944.9075   12.9267
   -7.5000   45.0000   15.0000 2838.9739   13.7815
    0.0000   45.0000   15.0000 2867.2024   13.5940
    7.5000   45.0000   15.0000 2872.1628   13.6205
   -7.5000   52.5000   15.0000 2720.4241   14.6193
    0.0000   52.5000   15.0000 2743.8584   14.4140
    7.5000   52.5000   15.0000 2750.8027   14.4795
   -7.5000   60.0000   15.0000 2551.3003   15.5930
    0.0000   60.0000   15.0000 2582.9956   15.3582
    7.5000   60.0000   15.0000 2580.9109   15.4206
   -7.5000  -30.0000   22.5000 2067.3035   23.8354
    0.0000  -30.0000   22.5000 2089.5037   23.1960
    7.5000  -30.0000   22.5000 2099.5718   23.2698
   -7.5000  -22.5000   22.5000 2229.8196   20.7170
    0.0000  -22.5000   22.5000 2251.6782   20.1786
    7.5000  -22.5000   22.5000 2254.3281   20.2819
   -7.5000  -15.0000   22.5000 2381.3628   18.3020
    0.0000  -15.0000   22.5000 2407.0583   17.8697
    7.5000  -15.0000   22.5000 2404.5286   17.9490
   -7.5000   -7.5000   22.5000 2513.9768   16.5597
    0.0000   -7.5000   22.5000 2541.2393   16.1586
    7.5000   -7.5000   22.5000 2537.6934   16.1850
   -7.5000    0.0000   22.5000 2633.4653   15.3579
    0.0000    0.0000   22.5000 2660.5676   14.9737
    7.5000    0.0000   22.5000 2662.3569   14.9553
   -7.5000    7.5000   22.5000 2731.9541   14.4707
    0.0000    7.5000   22.5000 2759.8823   14.0964
    7.5000    7.5000   22.5000 2767.0369   14.0685
   -7.5000   15.0000   22.5000 2809.0869   13.8122
    0.0000   15.0000   22.5000 2843.2009   13.3831
    7.5000   15.0000   22.5000 2841.3225   13.3636
   -7.5000   22.5000   22.5000 2863.6914   13.3343
    0.0000   22.5000   22.5000 2906.8674   12.9624
    7.5000   22.5000   22.5000 2899.0813   12.9867
   -7.5000   30.0000   22.5000 2884.2480   13.2652
    0.0000   30.0000   22.5000 2932.7917   13.0091
    7.5000   30.0000   22.5000 2924.3784   12.9931
   -7.5000   37.5000   22.5000 2859.7385   13.5960
    0.0000   37.5000   22.5000 2901.9607   13.3870
    7.5000   37.5000   22.5000 2902.3474   13.3799
   -7.5000   45.0000   22.5000 2790.8469   14.2640
    0.0000   45.0000   22.5000 2825.8931   14.0666
    7.5000   45.0000   22.5000 2830.3354   14.0550
   -7.5000   52.5000   22.5000 2674.8291   15.1312
    0.0000   52.5000   22.5000 2708.9741   14.9338
    7.5000   52.5000   22.5000 2710.6594   14.9263
   -7.5000   60.0000   22.5000 2515.2861   16.0578
    0.0000   60.0000   22.5000 2550.3760   15.8614
    7.5000   60.0000   22.5000 2547.0354   15.8659
   -7.5000  -30.0000   30.0000 2036.3215   24.7926
    0.0000  -30.0000   30.0000 2060.4055   24.0858
    7.5000  -30.0000   30.0000 2068.8735   24.0656
   -7.5000  -22.5000   30.0000 2201.5625   21.6445
    0.0000  -22.5000   30.0000 2226.3284   21.0251
    7.5000  -22.5000   30.0000 2228.7556   21.0385
   -7.5000  -15.0000   30.0000 2354.5083   19.1554
    0.0000  -15.0000   30.0000 2380.1191   18.6547
    7.5000  -15.0000   30.0000 2378.9824   18.6837
   -7.5000   -7.5000   30.0000 2484.8916   17.3540
    0.0000   -7.5000   30.0000 2513.2334   16.8962
    7.5000   -7.5000   30.0000 2512.9993   16.9088
   -7.5000    0.0000   30.0000 2597.0381   16.1083
    0.0000    0.0000   30.0000 2627.5627   15.6462
    7.5000    0.0000   30.0000 2633.2751   15.6347
   -7.5000    7.5000   30.0000 2689.7144   15.1823
    0.0000    7.5000   30.0000 2720.5984   14.6556
    7.5000    7.5000   30.0000 2726.0447   14.6304
   -7.5000   15.0000   30.0000 2757.5234   14.4712
    0.0000   15.0000   30.0000 2789.7329   13.9320
    7.5000   15.0000   30.0000 2795.5969   13.9703
   -7.5000   22.5000   30.0000 2805.9602   13.9614
    0.0000   22.5000   30.0000 2838.4651   13.5651
    7.5000   22.5000   30.0000 2842.0046   13.6100
   -7.5000   30.0000   30.0000 2817.1206   13.8971
    0.0000   30.0000   30.0000 2859.1528   13.5966
    7.5000   30.0000   30.0000 2858.9285   13.6108
   -7.5000   37.5000   30.0000 2789.6143   14.2085
    0.0000   37.5000   30.0000 2827.2891   13.9654
    7.5000   37.5000   30.0000 2837.8936   13.9797
   -7.5000   45.0000   30.0000 2727.8291   14.9073
    0.0000   45.0000   30.0000 2761.3562   14.6609
    7.5000   45.0000   30.0000 2767.7786   14.6759
   -7.5000   52.5000   30.0000 2616.9224   15.7323
    0.0000   52.5000   30.0000 2652.1208   15.5246
    7.5000   52.5000   30.0000 2657.0393   15.5396
   -7.5000   60.0000   30.0000 2462.5220   16.6794
    0.0000   60.0000   30.0000 2499.4722   16.4756
    7.5000   60.0000   30.0000 2501.5510   16.4832
   -7.5000  -30.0000   37.5000 2000.8856   25.8871
    0.0000  -30.0000   37.5000 2023.3960   25.0899
    7.5000  -30.0000   37.5000 2029.4900   25.0988
   -7.5000  -22.5000   37.5000 2161.9331   22.6472
    0.0000  -22.5000   37.5000 2188.9265   21.9733
    7.5000  -22.5000   37.5000 2192.2539   21.9675
   -7.5000  -15.0000   37.5000 2311.1226   20.1209
    0.0000  -15.0000   37.5000 2340.0691   19.5549
    7.5000  -15.0000   37.5000 2342.8162   19.5788
   -7.5000   -7.5000   37.5000 2441.6504   18.2612
    0.0000   -7.5000   37.5000 2468.3533   17.7444
    7.5000   -7.5000   37.5000 2472.7043   17.7768
   -7.5000    0.0000   37.5000 2547.5647   16.9826
    0.0000    0.0000   37.5000 2578.1626   16.4356
    7.5000    0.0000   37.5000 2584.0437   16.4256
   -7.5000    7.5000   37.5000 2634.0701   16.0420
    0.0000    7.5000   37.5000 2664.7903   15.4322
    7.5000    7.5000   37.5000 2672.8965   15.4283
   -7.5000   15.0000   37.5000 2695.5850   15.3003
    0.0000   15.0000   37.5000 2723.8816   14.7381
    7.5000   15.0000   37.5000 2731.0894   14.7807
   -7.5000   22.5000   37.5000 2734.4773   14.7910
    0.0000   22.5000   37.5000 2764.1780   14.3922
    7.5000   22.5000   37.5000 2767.8801   14.4252
   -7.5000   30.0000   37.5000 2739.3230   14.7418
    0.0000   30.0000   37.5000 2778.8142   14.4067
    7.5000   30.0000   37.5000 2777.1846   14.3973
   -7.5000   37.5000   37.5000 2715.7051   15.0483
    0.0000   37.5000   37.5000 2752.2419   14.7468
    7.5000   37.5000   37.5000 2759.8635   14.7478
   -7.5000   45.0000   37.5000 2657.5281   15.7347
    0.0000   45.0000   37.5000 2693.7600   15.4606
    7.5000   45.0000   37.5000 2697.7163   15.4632
   -7.5000   52.5000   37.5000 2551.2166   16.5579
    0.0000   52.5000   37.5000 2585.0740   16.3024
    7.5000   52.5000   37.5000 2592.4419   16.3203
   -7.5000   60.0000   37.5000 2402.1233   17.4685
    0.0000   60.0000   37.5000 2432.5659   17.2391
    7.5000   60.0000   37.5000 2436.9553   17.2508
   -7.5000  -30.0000   45.0000 1957.6997   27.3347
    0.0000  -30.0000   45.0000 1976.8448   26.4553
    7.5000  -30.0000   45.0000 1984.7482   26.3899
   -7.5000  -22.5000   45.0000 2116.1829   23.9776
    0.0000  -22.5000   45.0000 2138.1772   23.2799
    7.5000  -22.5000   45.0000 2147.0149   23.2099
   -7.5000  -15.0000   45.0000 2264.1631   21.3255
    0.0000  -15.0000   45.0000 2287.5391   20.7461
    7.5000  -15.0000   45.0000 2295.2349   20.7196
   -7.5000   -7.5000   45.0000 2385.3394   19.4002
    0.0000   -7.5000   45.0000 2414.7258   18.8414
    7.5000   -7.5000   45.0000 2421.2405   18.8043
   -7.5000    0.0000   45.0000 2483.3901   18.0656
    0.0000    0.0000   45.0000 2514.0308   17.4561
    7.5000    0.0000   45.0000 2524.7937   17.4321
   -7.5000    7.5000   45.0000 2562.4080   17.0635
    0.0000    7.5000   45.0000 2592.3401   16.4609
    7.5000    7.5000   45.0000 2605.2881   16.4571
   -7.5000   15.0000   45.0000 2620.8691   16.3271
    0.0000   15.0000   45.0000 2644.7317   15.7904
    7.5000   15.0000   45.0000 2654.9580   15.8344
   -7.5000   22.5000   45.0000 2648.3413   15.8311
    0.0000   22.5000   45.0000 2677.4041   15.4413
    7.5000   22.5000   45.0000 2684.4255   15.4773
   -7.5000   30.0000   45.0000 2645.9719   15.7611
    0.0000   30.0000   45.0000 2685.5356   15.4367
    7.5000   30.0000   45.0000 2684.6028   15.4372
   -7.5000   37.5000   45.0000 2632.1292   16.0659
    0.0000   37.5000   45.0000 2667.3257   15.7542
    7.5000   37.5000   45.0000 2673.3364   15.7431
   -7.5000   45.0000   45.0000 2576.9958   16.7551
    0.0000   45.0000   45.0000 2614.1094   16.4843
    7.5000   45.0000   45.0000 2623.5586   16.4524
   -7.5000   52.5000   45.0000 2475.9404   17.5955
    0.0000   52.5000   45.0000 2509.2988   17.3204
    7.5000   52.5000   45.0000 2513.8718   17.3269
   -7.5000   60.0000   45.0000 2330.3862   18.4774
    0.0000   60.0000   45.0000 2358.8269   18.2447
    7.5000   60.0000   45.0000 2360.9844   18.2325

---------------------------------------------------------------------
imgreg_4dfp /opt/freesurfer/average/711-2C_as_mni_average_305 /opt/freesurfer/average/711-2B_as_mni_average_305_mask talsrcimg_g11 none talsrcimg_to_711-2C_as_mni_average_305_t4 1283
---------------------------------------------------------------------

freesurfer imgreg_4dfp.c
/opt/freesurfer/average/711-2C_as_mni_average_305.4dfp.img
       256       256       256         1
  1.000000  1.000000  1.000000
orientation T byte_order littleendian
Reading image: /opt/freesurfer/average/711-2C_as_mni_average_305.4dfp.img
dimensions:      256       256       256
mmppix:       1.0000   -1.0000   -1.0000
center:     128.0000 -129.0000 -129.0000
/opt/freesurfer/average/711-2B_as_mni_average_305_mask.4dfp.img
       256       256       256         1
  1.000000  1.000000  1.000000
orientation T byte_order littleendian
Reading mask: /opt/freesurfer/average/711-2B_as_mni_average_305_mask.4dfp.img (2306576 pixels)
talsrcimg_g11.4dfp.img
       256       256       256         1
  1.000000  1.000000  1.000000
orientation T byte_order littleendian
Reading image: talsrcimg_g11.4dfp.img
dimensions:      256       256       256
mmppix:       1.0000   -1.0000   -1.0000
center:     128.0000 -129.0000 -129.0000
rotation matrix determinant  1.000000
fimgreg.f
image alignment mode   1283 decimal      503 hex
parameters
    7.5000   30.0000    7.5000    0.0000    0.0000    0.0000
eta,q 0.93920 12.29449
niter,ni,del,rscale     5    3   12.0000    1.2000
parameter  4 -0.893875 -> -0.500000 qaram    1.1500
parameter  5  0.506184 ->  0.500000 qaram    1.1500
parameter  6 23.662399 ->  0.500000 qaram    1.1500
parameters
    5.2296   29.6051    6.4606    3.4500   -3.4500   -3.4500
eta,q 0.94242 12.01226
  0.0650  0.0650  0.0661  0.0654  0.0601  0.0562
  0.0632  0.0637  0.0634  0.0656  0.0604  0.0571
  0.0623  0.0636  0.0615  0.0645  0.0605  0.0589
  0.0625  0.0626  0.0625  0.0618  0.0605  0.0605
  0.0665  0.0618  0.0642  0.0602  0.0613  0.0617
  0.0712  0.0638  0.0667  0.0607  0.0630  0.0632
  0.0770  0.0670  0.0681  0.0617  0.0661  0.0647
niter,ni,del,rscale     7    3   12.0000    1.2000
parameters
    4.3172   28.2788    8.1915    2.3737   -4.8697   -5.0052
eta,q 0.94368 12.03646
  0.0617  0.0624  0.0662  0.0609  0.0603  0.0604
  0.0586  0.0597  0.0617  0.0595  0.0578  0.0576
  0.0574  0.0572  0.0587  0.0580  0.0567  0.0563
  0.0576  0.0572  0.0569  0.0563  0.0566  0.0566
  0.0585  0.0601  0.0563  0.0584  0.0587  0.0588
  0.0608  0.0648  0.0571  0.0617  0.0615  0.0619
  0.0659  0.0699  0.0594  0.0653  0.0638  0.0647
niter,ni,del,rscale     6    3   12.0000    1.2000
parameters
    3.6417   27.7640    8.6772    2.4795   -4.8943   -4.8161
eta,q 0.94382 12.03231
  0.0617  0.0618  0.0653  0.0613  0.0626  0.0633
  0.0585  0.0593  0.0613  0.0591  0.0602  0.0599
  0.0567  0.0572  0.0579  0.0578  0.0576  0.0573
  0.0563  0.0562  0.0563  0.0562  0.0562  0.0562
  0.0578  0.0565  0.0573  0.0561  0.0569  0.0570
  0.0605  0.0600  0.0603  0.0584  0.0599  0.0594
  0.0647  0.0655  0.0624  0.0619  0.0632  0.0626
niter,ni,del,rscale     5    3   12.0000    1.2000
parameters
    3.4910   27.6598    8.8109    2.5524   -4.9847   -4.7380
eta,q 0.94352 12.02989
  0.0631  0.0625  0.0649  0.0612  0.0626  0.0631
  0.0597  0.0601  0.0607  0.0590  0.0603  0.0597
  0.0571  0.0579  0.0575  0.0581  0.0577  0.0572
  0.0562  0.0564  0.0564  0.0564  0.0564  0.0565
  0.0570  0.0564  0.0584  0.0562  0.0569  0.0572
  0.0603  0.0592  0.0613  0.0584  0.0601  0.0595
  0.0638  0.0644  0.0632  0.0619  0.0635  0.0628
niter,ni,del,rscale     4    3   12.0000    1.2000
parameters
    3.4281   27.6507    8.8800    2.5578   -5.0806   -4.7179
eta,q 0.94353 12.03170
  0.0635  0.0628  0.0649  0.0612  0.0626  0.0630
  0.0601  0.0604  0.0605  0.0590  0.0604  0.0595
  0.0574  0.0581  0.0574  0.0580  0.0578  0.0572
  0.0565  0.0565  0.0565  0.0565  0.0565  0.0565
  0.0570  0.0564  0.0587  0.0564  0.0569  0.0573
  0.0604  0.0591  0.0615  0.0586  0.0602  0.0596
  0.0639  0.0642  0.0633  0.0620  0.0636  0.0628
niter,ni,del,rscale     3    3   12.0000    1.2000
parameters
    3.3935   27.6586    8.9327    2.5749   -5.1412   -4.6981
eta,q 0.94358 12.03326
  0.0636  0.0628  0.0649  0.0613  0.0626  0.0630
  0.0601  0.0604  0.0604  0.0590  0.0604  0.0596
  0.0575  0.0581  0.0573  0.0580  0.0579  0.0572
  0.0565  0.0564  0.0564  0.0565  0.0564  0.0564
  0.0570  0.0564  0.0587  0.0565  0.0569  0.0573
  0.0604  0.0591  0.0615  0.0586  0.0601  0.0596
  0.0638  0.0642  0.0633  0.0620  0.0635  0.0628
registration optimization eta report
parameter search radius
    6.0000    6.0000    6.0000    6.9000    6.9000    6.9000
100000*second partial in parameter space
       20.       20.       20.       11.       14.       13.
  0.0636  0.0628  0.0649  0.0613  0.0626  0.0630
  0.0601  0.0604  0.0604  0.0590  0.0604  0.0596
  0.0575  0.0581  0.0573  0.0580  0.0579  0.0572
  0.0565  0.0564  0.0564  0.0565  0.0564  0.0564
  0.0570  0.0564  0.0587  0.0565  0.0569  0.0573
  0.0604  0.0591  0.0615  0.0586  0.0601  0.0596
  0.0638  0.0642  0.0633  0.0620  0.0635  0.0628
    3.3935   27.6586    8.9327    2.5749   -5.1412   -4.6981
eta,q 0.94358 12.03326

---------------------------------------------------------------------
imgreg_4dfp /opt/freesurfer/average/711-2C_as_mni_average_305 /opt/freesurfer/average/711-2B_as_mni_average_305_mask talsrcimg_g11 none talsrcimg_to_711-2C_as_mni_average_305_t4 3335
---------------------------------------------------------------------

freesurfer imgreg_4dfp.c
/opt/freesurfer/average/711-2C_as_mni_average_305.4dfp.img
       256       256       256         1
  1.000000  1.000000  1.000000
orientation T byte_order littleendian
Reading image: /opt/freesurfer/average/711-2C_as_mni_average_305.4dfp.img
dimensions:      256       256       256
mmppix:       1.0000   -1.0000   -1.0000
center:     128.0000 -129.0000 -129.0000
/opt/freesurfer/average/711-2B_as_mni_average_305_mask.4dfp.img
       256       256       256         1
  1.000000  1.000000  1.000000
orientation T byte_order littleendian
Reading mask: /opt/freesurfer/average/711-2B_as_mni_average_305_mask.4dfp.img (2306576 pixels)
talsrcimg_g11.4dfp.img
       256       256       256         1
  1.000000  1.000000  1.000000
orientation T byte_order littleendian
Reading image: talsrcimg_g11.4dfp.img
dimensions:      256       256       256
mmppix:       1.0000   -1.0000   -1.0000
center:     128.0000 -129.0000 -129.0000
fimgreg.f
image alignment mode   3335 decimal      D07 hex
parameters
    3.3935   27.6586    8.9327   -0.7369   -0.4696   -0.5029
    8.5835    8.5539   -8.1576   -5.2107   -8.9610    4.4745
eta,q 0.94545 12.05858
niter,ni,del,rscale     5    3    5.0000    1.2000
parameter  1 -0.801780 -> -0.500000 qaram    1.1500
parameter  4-54.435043 ->  0.500000 qaram    1.1500
parameter  5  2.726796 ->  0.500000 qaram    1.1500
parameter  6  1.104652 ->  0.500000 qaram    1.1500
parameter 11 -0.531359 -> -0.500000 qaram    1.1500
parameters
    4.7735   28.8081    8.4028   -4.8769   -4.6096   -4.6429
    8.1697   10.6059   -5.8378   -3.3073   -4.8210    1.5232
eta,q 0.96666 11.98334
  0.0560  0.0570  0.0544  0.0397  0.0374  0.0342  0.0373  0.0436  0.0369  0.0385  0.0388  0.0337
  0.0554  0.0558  0.0539  0.0437  0.0398  0.0350  0.0362  0.0407  0.0358  0.0365  0.0369  0.0334
  0.0549  0.0548  0.0537  0.0485  0.0421  0.0372  0.0356  0.0378  0.0350  0.0352  0.0353  0.0334
  0.0546  0.0541  0.0537  0.0537  0.0449  0.0404  0.0355  0.0355  0.0345  0.0344  0.0342  0.0335
  0.0543  0.0538  0.0540  0.0588  0.0481  0.0446  0.0358  0.0345  0.0344  0.0341  0.0336  0.0340
  0.0541  0.0538  0.0545  0.0637  0.0517  0.0504  0.0366  0.0355  0.0346  0.0344  0.0336  0.0347
  0.0542  0.0542  0.0553  0.0674  0.0558  0.0569  0.0377  0.0384  0.0350  0.0357  0.0341  0.0357
niter,ni,del,rscale     7    3    5.0000    1.2000
parameter  2  0.986354 ->  0.500000 qaram    1.1500
parameter  3  0.619981 ->  0.500000 qaram    1.1500
parameter  4  0.851374 ->  0.500000 qaram    1.3225
parameter  5  1.539351 ->  0.500000 qaram    1.3225
parameters
    4.1784   27.4281    7.0228   -9.6379   -9.3706   -6.1634
    6.3999    9.3137   -7.5079   -3.1507   -6.2086   -0.9623
eta,q 0.97817 11.84162
  0.0364  0.0317  0.0313  0.0269  0.0210  0.0249  0.0241  0.0256  0.0234  0.0252  0.0230  0.0223
  0.0342  0.0316  0.0310  0.0263  0.0217  0.0238  0.0229  0.0233  0.0224  0.0235  0.0222  0.0219
  0.0331  0.0321  0.0311  0.0272  0.0236  0.0228  0.0223  0.0223  0.0221  0.0224  0.0219  0.0218
  0.0333  0.0330  0.0317  0.0310  0.0263  0.0221  0.0225  0.0223  0.0222  0.0220  0.0220  0.0220
  0.0348  0.0343  0.0328  0.0372  0.0295  0.0221  0.0234  0.0233  0.0228  0.0223  0.0224  0.0223
  0.0373  0.0356  0.0342  0.0439  0.0330  0.0250  0.0250  0.0257  0.0238  0.0232  0.0229  0.0229
  0.0404  0.0373  0.0359  0.0501  0.0369  0.0317  0.0270  0.0297  0.0252  0.0250  0.0238  0.0238
niter,ni,del,rscale     7    3    5.0000    1.2000
parameters
    3.8118   27.0242    5.8451  -11.9027  -12.1463   -6.0239
    7.3177    9.4515   -7.2873   -3.4211   -7.4512   -0.1109
eta,q 0.97845 11.69595
  0.0252  0.0243  0.0219  0.0251  0.0246  0.0244  0.0246  0.0258  0.0235  0.0242  0.0223  0.0227
  0.0231  0.0226  0.0214  0.0237  0.0230  0.0233  0.0232  0.0232  0.0225  0.0228  0.0217  0.0221
  0.0220  0.0218  0.0214  0.0224  0.0218  0.0224  0.0222  0.0219  0.0219  0.0219  0.0215  0.0217
  0.0218  0.0218  0.0217  0.0214  0.0220  0.0217  0.0217  0.0216  0.0216  0.0216  0.0216  0.0216
  0.0227  0.0225  0.0223  0.0226  0.0240  0.0209  0.0217  0.0219  0.0218  0.0221  0.0219  0.0216
  0.0247  0.0241  0.0232  0.0277  0.0275  0.0214  0.0223  0.0230  0.0223  0.0230  0.0222  0.0218
  0.0277  0.0263  0.0246  0.0353  0.0315  0.0258  0.0235  0.0255  0.0233  0.0245  0.0227  0.0223
niter,ni,del,rscale     6    3    5.0000    1.2000
parameters
    3.8379   27.3042    6.2216  -12.1285  -12.7249   -5.8977
    7.3895    9.5688   -6.9643   -3.1580   -8.1669    0.0539
eta,q 0.97840 11.67114
  0.0250  0.0254  0.0233  0.0256  0.0261  0.0243  0.0240  0.0257  0.0234  0.0244  0.0224  0.0226
  0.0232  0.0236  0.0223  0.0242  0.0243  0.0232  0.0228  0.0230  0.0225  0.0230  0.0218  0.0220
  0.0220  0.0222  0.0218  0.0229  0.0227  0.0224  0.0220  0.0218  0.0219  0.0221  0.0216  0.0217
  0.0215  0.0215  0.0215  0.0215  0.0216  0.0217  0.0216  0.0216  0.0216  0.0216  0.0216  0.0216
  0.0218  0.0217  0.0215  0.0206  0.0223  0.0209  0.0219  0.0220  0.0218  0.0219  0.0218  0.0217
  0.0230  0.0226  0.0219  0.0226  0.0246  0.0214  0.0227  0.0230  0.0223  0.0228  0.0221  0.0220
  0.0250  0.0242  0.0225  0.0283  0.0281  0.0256  0.0240  0.0252  0.0231  0.0241  0.0226  0.0225
niter,ni,del,rscale     5    3    5.0000    1.2000
parameters
    3.8720   27.3414    6.3193  -12.0994  -12.8776   -5.9754
    7.3138    9.6945   -6.7743   -3.0948   -8.3231    0.1351
eta,q 0.97837 11.66325
  0.0250  0.0248  0.0231  0.0258  0.0264  0.0243  0.0239  0.0257  0.0233  0.0243  0.0226  0.0226
  0.0232  0.0232  0.0222  0.0243  0.0245  0.0232  0.0227  0.0230  0.0224  0.0229  0.0219  0.0221
  0.0221  0.0220  0.0218  0.0230  0.0229  0.0223  0.0219  0.0218  0.0219  0.0220  0.0216  0.0218
  0.0216  0.0216  0.0216  0.0216  0.0216  0.0216  0.0216  0.0216  0.0216  0.0216  0.0216  0.0216
  0.0219  0.0219  0.0217  0.0206  0.0220  0.0209  0.0219  0.0221  0.0218  0.0220  0.0218  0.0217
  0.0230  0.0230  0.0221  0.0223  0.0241  0.0217  0.0228  0.0231  0.0223  0.0229  0.0221  0.0220
  0.0249  0.0247  0.0229  0.0278  0.0275  0.0260  0.0241  0.0251  0.0232  0.0242  0.0225  0.0225
niter,ni,del,rscale     4    3    5.0000    1.2000
parameters
    3.8920   27.3468    6.3291  -12.0714  -12.9139   -5.9634
    7.2881    9.7421   -6.7323   -3.0778   -8.2942    0.1543
eta,q 0.97837 11.66345
  0.0249  0.0248  0.0230  0.0258  0.0265  0.0243  0.0240  0.0256  0.0233  0.0242  0.0226  0.0225
  0.0232  0.0231  0.0222  0.0243  0.0246  0.0232  0.0228  0.0230  0.0224  0.0229  0.0219  0.0220
  0.0221  0.0220  0.0218  0.0230  0.0230  0.0224  0.0219  0.0217  0.0218  0.0220  0.0216  0.0217
  0.0216  0.0216  0.0216  0.0216  0.0216  0.0216  0.0216  0.0216  0.0216  0.0216  0.0216  0.0216
  0.0219  0.0220  0.0218  0.0207  0.0220  0.0209  0.0219  0.0221  0.0218  0.0220  0.0218  0.0217
  0.0230  0.0231  0.0222  0.0223  0.0240  0.0216  0.0227  0.0231  0.0223  0.0229  0.0221  0.0220
  0.0250  0.0248  0.0230  0.0278  0.0273  0.0259  0.0241  0.0252  0.0232  0.0242  0.0224  0.0225
registration optimization eta report
parameter search radius
    2.7600    2.7600    2.7600    9.5220    9.5220    8.2800
    7.2000    7.2000    7.2000    7.2000    8.2800    7.2000
100000*second partial in parameter space
       44.       41.       18.        6.        6.        5.
        5.        7.        3.        5.        1.        2.
  0.0249  0.0248  0.0230  0.0258  0.0265  0.0243  0.0240  0.0256  0.0233  0.0242  0.0226  0.0225
  0.0232  0.0231  0.0222  0.0243  0.0246  0.0232  0.0228  0.0230  0.0224  0.0229  0.0219  0.0220
  0.0221  0.0220  0.0218  0.0230  0.0230  0.0224  0.0219  0.0217  0.0218  0.0220  0.0216  0.0217
  0.0216  0.0216  0.0216  0.0216  0.0216  0.0216  0.0216  0.0216  0.0216  0.0216  0.0216  0.0216
  0.0219  0.0220  0.0218  0.0207  0.0220  0.0209  0.0219  0.0221  0.0218  0.0220  0.0218  0.0217
  0.0230  0.0231  0.0222  0.0223  0.0240  0.0216  0.0227  0.0231  0.0223  0.0229  0.0221  0.0220
  0.0250  0.0248  0.0230  0.0278  0.0273  0.0259  0.0241  0.0252  0.0232  0.0242  0.0224  0.0225
    3.8920   27.3468    6.3291  -12.0714  -12.9139   -5.9634
    7.2881    9.7421   -6.7323   -3.0778   -8.2942    0.1543
eta,q 0.97837 11.66345

---------------------------------------------------------------------
imgreg_4dfp /opt/freesurfer/average/711-2C_as_mni_average_305 /opt/freesurfer/average/711-2B_as_mni_average_305_mask talsrcimg_g11 none talsrcimg_to_711-2C_as_mni_average_305_t4 2311
---------------------------------------------------------------------

freesurfer imgreg_4dfp.c
/opt/freesurfer/average/711-2C_as_mni_average_305.4dfp.img
       256       256       256         1
  1.000000  1.000000  1.000000
orientation T byte_order littleendian
Reading image: /opt/freesurfer/average/711-2C_as_mni_average_305.4dfp.img
dimensions:      256       256       256
mmppix:       1.0000   -1.0000   -1.0000
center:     128.0000 -129.0000 -129.0000
/opt/freesurfer/average/711-2B_as_mni_average_305_mask.4dfp.img
       256       256       256         1
  1.000000  1.000000  1.000000
orientation T byte_order littleendian
Reading mask: /opt/freesurfer/average/711-2B_as_mni_average_305_mask.4dfp.img (2306576 pixels)
talsrcimg_g11.4dfp.img
       256       256       256         1
  1.000000  1.000000  1.000000
orientation T byte_order littleendian
Reading image: talsrcimg_g11.4dfp.img
dimensions:      256       256       256
mmppix:       1.0000   -1.0000   -1.0000
center:     128.0000 -129.0000 -129.0000
fimgreg.f
image alignment mode   2311 decimal      907 hex
parameters
    3.8920   27.3468    6.3291  -12.0714  -12.9139   -5.9634
    7.2881    9.7421   -6.7323   -3.0778   -8.2942    0.1543
eta,q 0.97837 11.66345
niter,ni,del,rscale     5    3    5.0000    0.8000
parameter  4 -0.954989 -> -0.500000 qaram    1.1500
parameters
    3.9610   27.3555    6.3237   -9.3114  -12.5421   -4.2025
    6.6065   10.4272   -6.7965   -2.5206   -6.9653    0.1091
eta,q 0.97993 11.84102
  0.0228  0.0228  0.0221  0.0237  0.0228  0.0222  0.0214  0.0245  0.0212  0.0220  0.0216  0.0206
  0.0222  0.0222  0.0218  0.0230  0.0220  0.0216  0.0207  0.0224  0.0206  0.0211  0.0208  0.0203
  0.0218  0.0218  0.0217  0.0223  0.0212  0.0211  0.0203  0.0210  0.0203  0.0205  0.0204  0.0201
  0.0216  0.0216  0.0216  0.0216  0.0207  0.0207  0.0203  0.0202  0.0201  0.0201  0.0201  0.0201
  0.0217  0.0217  0.0217  0.0210  0.0208  0.0203  0.0206  0.0203  0.0203  0.0202  0.0201  0.0201
  0.0220  0.0221  0.0218  0.0207  0.0214  0.0202  0.0213  0.0211  0.0207  0.0206  0.0202  0.0203
  0.0227  0.0228  0.0221  0.0211  0.0225  0.0211  0.0223  0.0227  0.0212  0.0213  0.0205  0.0206
niter,ni,del,rscale     5    3    5.0000    0.8000
parameters
    3.8303   27.3119    6.3860   -9.9353  -12.3212   -4.0932
    7.0377    9.9404   -7.2358   -2.7408   -6.7147    0.1261
eta,q 0.97988 11.83895
  0.0216  0.0213  0.0208  0.0227  0.0223  0.0218  0.0219  0.0226  0.0210  0.0215  0.0210  0.0207
  0.0207  0.0206  0.0204  0.0217  0.0214  0.0213  0.0210  0.0211  0.0205  0.0207  0.0205  0.0204
  0.0202  0.0202  0.0201  0.0207  0.0206  0.0208  0.0204  0.0203  0.0202  0.0202  0.0202  0.0202
  0.0201  0.0201  0.0201  0.0201  0.0202  0.0202  0.0202  0.0202  0.0201  0.0201  0.0201  0.0201
  0.0204  0.0202  0.0201  0.0203  0.0204  0.0198  0.0202  0.0207  0.0203  0.0204  0.0202  0.0202
  0.0211  0.0207  0.0203  0.0221  0.0210  0.0204  0.0207  0.0219  0.0207  0.0209  0.0204  0.0204
  0.0223  0.0215  0.0207  0.0254  0.0221  0.0225  0.0214  0.0239  0.0213  0.0218  0.0207  0.0207
niter,ni,del,rscale     4    3    5.0000    0.7000
parameters
    3.7604   27.3011    6.3146   -9.8291  -12.2373   -3.8700
    7.0852    9.8543   -7.2892   -2.7656   -6.5743    0.0066
eta,q 0.97998 11.85099
  0.0213  0.0211  0.0206  0.0225  0.0218  0.0215  0.0212  0.0224  0.0208  0.0212  0.0207  0.0204
  0.0206  0.0206  0.0203  0.0217  0.0210  0.0210  0.0206  0.0211  0.0204  0.0206  0.0203  0.0202
  0.0202  0.0202  0.0202  0.0208  0.0204  0.0205  0.0202  0.0203  0.0201  0.0201  0.0201  0.0201
  0.0201  0.0201  0.0201  0.0201  0.0201  0.0201  0.0200  0.0200  0.0200  0.0200  0.0200  0.0200
  0.0203  0.0202  0.0202  0.0200  0.0202  0.0198  0.0201  0.0203  0.0201  0.0202  0.0201  0.0201
  0.0208  0.0206  0.0204  0.0209  0.0208  0.0202  0.0205  0.0212  0.0204  0.0206  0.0203  0.0202
  0.0216  0.0212  0.0207  0.0230  0.0217  0.0217  0.0212  0.0227  0.0208  0.0212  0.0206  0.0205
niter,ni,del,rscale     3    3    5.0000    0.6000
parameters
    3.7272   27.3047    6.3403   -9.6215  -12.2272   -3.5793
    7.0327    9.8322   -7.2963   -2.7212   -6.4860   -0.0438
eta,q 0.98011 11.86414
  0.0210  0.0208  0.0205  0.0220  0.0213  0.0211  0.0208  0.0219  0.0205  0.0209  0.0204  0.0202
  0.0204  0.0204  0.0202  0.0213  0.0206  0.0207  0.0203  0.0208  0.0202  0.0203  0.0201  0.0200
  0.0201  0.0201  0.0201  0.0206  0.0202  0.0204  0.0200  0.0201  0.0200  0.0200  0.0199  0.0199
  0.0200  0.0200  0.0200  0.0200  0.0200  0.0200  0.0199  0.0199  0.0199  0.0199  0.0199  0.0199
  0.0201  0.0201  0.0201  0.0199  0.0201  0.0198  0.0200  0.0201  0.0200  0.0200  0.0200  0.0199
  0.0205  0.0203  0.0202  0.0206  0.0206  0.0200  0.0203  0.0208  0.0202  0.0203  0.0201  0.0201
  0.0211  0.0208  0.0204  0.0221  0.0213  0.0212  0.0208  0.0220  0.0205  0.0208  0.0204  0.0202
niter,ni,del,rscale     2    3    5.0000    0.5000
parameters
    3.7092   27.3121    6.4089   -9.4469  -12.2621   -3.2948
    6.9939    9.8220   -7.2879   -2.6857   -6.4223   -0.0467
eta,q 0.98020 11.87376
  0.0206  0.0204  0.0203  0.0215  0.0208  0.0208  0.0205  0.0213  0.0202  0.0205  0.0202  0.0201
  0.0202  0.0201  0.0201  0.0208  0.0203  0.0205  0.0201  0.0205  0.0200  0.0201  0.0200  0.0199
  0.0200  0.0200  0.0199  0.0203  0.0200  0.0202  0.0199  0.0200  0.0199  0.0199  0.0198  0.0198
  0.0199  0.0199  0.0199  0.0199  0.0199  0.0199  0.0198  0.0198  0.0198  0.0198  0.0198  0.0198
  0.0200  0.0199  0.0199  0.0199  0.0200  0.0197  0.0199  0.0200  0.0199  0.0199  0.0199  0.0198
  0.0202  0.0201  0.0200  0.0204  0.0203  0.0200  0.0201  0.0205  0.0200  0.0201  0.0200  0.0199
  0.0207  0.0204  0.0202  0.0214  0.0209  0.0208  0.0205  0.0214  0.0202  0.0205  0.0202  0.0201
niter,ni,del,rscale     1    3    5.0000    0.4000
parameters
    3.6959   27.3125    6.4820   -9.3114  -12.3085   -3.0373
    6.9588    9.8165   -7.2815   -2.6713   -6.3863   -0.0479
eta,q 0.98025 11.88060
  0.0203  0.0202  0.0201  0.0209  0.0204  0.0205  0.0202  0.0208  0.0200  0.0202  0.0200  0.0199
  0.0200  0.0200  0.0199  0.0204  0.0201  0.0202  0.0199  0.0202  0.0199  0.0200  0.0199  0.0198
  0.0199  0.0198  0.0198  0.0200  0.0199  0.0200  0.0198  0.0199  0.0198  0.0198  0.0198  0.0198
  0.0198  0.0198  0.0198  0.0198  0.0198  0.0198  0.0197  0.0197  0.0197  0.0197  0.0197  0.0197
  0.0199  0.0198  0.0198  0.0198  0.0199  0.0197  0.0198  0.0199  0.0198  0.0198  0.0198  0.0198
  0.0200  0.0200  0.0199  0.0201  0.0201  0.0199  0.0199  0.0202  0.0199  0.0200  0.0199  0.0198
  0.0203  0.0202  0.0200  0.0209  0.0205  0.0204  0.0202  0.0208  0.0200  0.0202  0.0200  0.0199
registration optimization eta report
parameter search radius
    0.8000    0.8000    0.8000    2.7600    2.4000    2.4000
    2.4000    2.4000    2.4000    2.4000    2.4000    2.4000
100000*second partial in parameter space
       77.       54.       35.       14.       11.       12.
        8.       19.        5.        8.        5.        3.
  0.0203  0.0202  0.0201  0.0209  0.0204  0.0205  0.0202  0.0208  0.0200  0.0202  0.0200  0.0199
  0.0200  0.0200  0.0199  0.0204  0.0201  0.0202  0.0199  0.0202  0.0199  0.0200  0.0199  0.0198
  0.0199  0.0198  0.0198  0.0200  0.0199  0.0200  0.0198  0.0199  0.0198  0.0198  0.0198  0.0198
  0.0198  0.0198  0.0198  0.0198  0.0198  0.0198  0.0197  0.0197  0.0197  0.0197  0.0197  0.0197
  0.0199  0.0198  0.0198  0.0198  0.0199  0.0197  0.0198  0.0199  0.0198  0.0198  0.0198  0.0198
  0.0200  0.0200  0.0199  0.0201  0.0201  0.0199  0.0199  0.0202  0.0199  0.0200  0.0199  0.0198
  0.0203  0.0202  0.0200  0.0209  0.0205  0.0204  0.0202  0.0208  0.0200  0.0202  0.0200  0.0199
    3.6959   27.3125    6.4820   -9.3114  -12.3085   -3.0373
    6.9588    9.8165   -7.2815   -2.6713   -6.3863   -0.0479
eta,q 0.98025 11.88060

---------------------------------------------------------------------
imgreg_4dfp /opt/freesurfer/average/711-2C_as_mni_average_305 /opt/freesurfer/average/711-2B_as_mni_average_305_mask talsrcimg_g11 none talsrcimg_to_711-2C_as_mni_average_305_t4 2311
---------------------------------------------------------------------

freesurfer imgreg_4dfp.c
/opt/freesurfer/average/711-2C_as_mni_average_305.4dfp.img
       256       256       256         1
  1.000000  1.000000  1.000000
orientation T byte_order littleendian
Reading image: /opt/freesurfer/average/711-2C_as_mni_average_305.4dfp.img
dimensions:      256       256       256
mmppix:       1.0000   -1.0000   -1.0000
center:     128.0000 -129.0000 -129.0000
/opt/freesurfer/average/711-2B_as_mni_average_305_mask.4dfp.img
       256       256       256         1
  1.000000  1.000000  1.000000
orientation T byte_order littleendian
Reading mask: /opt/freesurfer/average/711-2B_as_mni_average_305_mask.4dfp.img (2306576 pixels)
talsrcimg_g11.4dfp.img
       256       256       256         1
  1.000000  1.000000  1.000000
orientation T byte_order littleendian
Reading image: talsrcimg_g11.4dfp.img
dimensions:      256       256       256
mmppix:       1.0000   -1.0000   -1.0000
center:     128.0000 -129.0000 -129.0000
fimgreg.f
image alignment mode   2311 decimal      907 hex
parameters
    3.6959   27.3125    6.4820   -9.3114  -12.3085   -3.0373
    6.9588    9.8165   -7.2815   -2.6713   -6.3863   -0.0479
eta,q 0.98025 11.88060
niter,ni,del,rscale     5    3    5.0000    0.8000
parameters
    3.6743   27.2852    6.5701   -9.8978  -12.3789   -3.8273
    7.1598    9.6046   -7.3762   -2.7406   -6.6149    0.3429
eta,q 0.97995 11.84767
  0.0217  0.0210  0.0209  0.0220  0.0218  0.0214  0.0217  0.0229  0.0210  0.0215  0.0208  0.0207
  0.0206  0.0204  0.0203  0.0211  0.0209  0.0209  0.0208  0.0213  0.0205  0.0207  0.0203  0.0204
  0.0200  0.0199  0.0199  0.0202  0.0202  0.0203  0.0203  0.0203  0.0202  0.0202  0.0201  0.0201
  0.0197  0.0197  0.0197  0.0197  0.0199  0.0199  0.0201  0.0201  0.0201  0.0201  0.0201  0.0201
  0.0200  0.0199  0.0198  0.0201  0.0201  0.0199  0.0202  0.0204  0.0202  0.0203  0.0202  0.0201
  0.0207  0.0204  0.0201  0.0215  0.0209  0.0214  0.0207  0.0215  0.0206  0.0208  0.0205  0.0202
  0.0218  0.0212  0.0206  0.0243  0.0221  0.0243  0.0214  0.0235  0.0211  0.0216  0.0208  0.0205
niter,ni,del,rscale     4    3    5.0000    0.7000
parameters
    3.6944   27.2803    6.4193   -9.6038  -12.3460   -3.9623
    7.0876    9.7171   -7.2889   -2.7466   -6.5558    0.2383
eta,q 0.98000 11.85064
  0.0214  0.0210  0.0205  0.0221  0.0216  0.0213  0.0212  0.0227  0.0209  0.0212  0.0207  0.0204
  0.0207  0.0205  0.0202  0.0214  0.0209  0.0209  0.0205  0.0212  0.0204  0.0206  0.0203  0.0202
  0.0202  0.0202  0.0201  0.0206  0.0202  0.0204  0.0201  0.0203  0.0201  0.0201  0.0200  0.0200
  0.0200  0.0200  0.0200  0.0200  0.0200  0.0200  0.0200  0.0200  0.0200  0.0200  0.0200  0.0200
  0.0202  0.0202  0.0202  0.0199  0.0201  0.0198  0.0202  0.0202  0.0201  0.0202  0.0201  0.0201
  0.0206  0.0205  0.0204  0.0205  0.0207  0.0204  0.0206  0.0210  0.0203  0.0206  0.0203  0.0202
  0.0213  0.0211  0.0207  0.0220  0.0217  0.0222  0.0212  0.0224  0.0208  0.0212  0.0206  0.0204
niter,ni,del,rscale     3    3    5.0000    0.6000
parameters
    3.7058   27.2819    6.4090   -9.3713  -12.3189   -3.6475
    7.0016    9.7770   -7.2616   -2.7080   -6.4558    0.1406
eta,q 0.98013 11.86451
  0.0210  0.0208  0.0204  0.0217  0.0213  0.0211  0.0208  0.0220  0.0205  0.0208  0.0204  0.0202
  0.0205  0.0204  0.0202  0.0210  0.0206  0.0207  0.0203  0.0209  0.0202  0.0203  0.0201  0.0200
  0.0201  0.0201  0.0200  0.0204  0.0202  0.0203  0.0200  0.0201  0.0199  0.0200  0.0199  0.0199
  0.0200  0.0200  0.0200  0.0200  0.0200  0.0200  0.0199  0.0199  0.0199  0.0199  0.0199  0.0199
  0.0201  0.0201  0.0200  0.0199  0.0201  0.0197  0.0200  0.0201  0.0199  0.0200  0.0199  0.0199
  0.0204  0.0203  0.0202  0.0204  0.0206  0.0200  0.0203  0.0207  0.0201  0.0203  0.0201  0.0200
  0.0210  0.0208  0.0204  0.0216  0.0213  0.0211  0.0208  0.0219  0.0205  0.0208  0.0204  0.0202
niter,ni,del,rscale     2    3    5.0000    0.5000
parameters
    3.6989   27.2908    6.4711   -9.2585  -12.3311   -3.3324
    6.9713    9.7845   -7.2713   -2.6774   -6.4066    0.0971
eta,q 0.98021 11.87421
  0.0206  0.0204  0.0202  0.0211  0.0208  0.0208  0.0204  0.0214  0.0202  0.0205  0.0202  0.0200
  0.0202  0.0201  0.0200  0.0206  0.0203  0.0205  0.0201  0.0205  0.0200  0.0201  0.0200  0.0199
  0.0200  0.0199  0.0199  0.0201  0.0200  0.0201  0.0199  0.0200  0.0198  0.0199  0.0198  0.0198
  0.0199  0.0199  0.0199  0.0199  0.0199  0.0199  0.0198  0.0198  0.0198  0.0198  0.0198  0.0198
  0.0199  0.0199  0.0199  0.0199  0.0200  0.0197  0.0199  0.0199  0.0198  0.0199  0.0198  0.0198
  0.0202  0.0201  0.0200  0.0203  0.0203  0.0199  0.0201  0.0205  0.0200  0.0201  0.0200  0.0199
  0.0206  0.0204  0.0201  0.0211  0.0208  0.0207  0.0205  0.0214  0.0202  0.0205  0.0202  0.0200
niter,ni,del,rscale     1    3    5.0000    0.4000
parameters
    3.6879   27.2967    6.5258   -9.1860  -12.3567   -3.0679
    6.9563    9.7863   -7.2662   -2.6652   -6.3772    0.0559
eta,q 0.98026 11.88054
  0.0203  0.0201  0.0200  0.0207  0.0204  0.0205  0.0202  0.0208  0.0200  0.0202  0.0200  0.0199
  0.0200  0.0200  0.0199  0.0203  0.0201  0.0202  0.0199  0.0202  0.0199  0.0200  0.0199  0.0198
  0.0198  0.0198  0.0198  0.0200  0.0199  0.0200  0.0198  0.0199  0.0198  0.0198  0.0198  0.0198
  0.0198  0.0198  0.0198  0.0198  0.0198  0.0198  0.0197  0.0197  0.0197  0.0197  0.0197  0.0197
  0.0198  0.0198  0.0198  0.0198  0.0199  0.0197  0.0198  0.0199  0.0198  0.0198  0.0198  0.0198
  0.0200  0.0199  0.0199  0.0201  0.0201  0.0199  0.0199  0.0202  0.0199  0.0199  0.0199  0.0198
  0.0203  0.0201  0.0200  0.0207  0.0204  0.0204  0.0202  0.0208  0.0200  0.0202  0.0200  0.0199
registration optimization eta report
parameter search radius
    0.8000    0.8000    0.8000    2.4000    2.4000    2.4000
    2.4000    2.4000    2.4000    2.4000    2.4000    2.4000
100000*second partial in parameter space
       78.       54.       35.       15.       11.       12.
        8.       19.        5.        8.        5.        3.
  0.0203  0.0201  0.0200  0.0207  0.0204  0.0205  0.0202  0.0208  0.0200  0.0202  0.0200  0.0199
  0.0200  0.0200  0.0199  0.0203  0.0201  0.0202  0.0199  0.0202  0.0199  0.0200  0.0199  0.0198
  0.0198  0.0198  0.0198  0.0200  0.0199  0.0200  0.0198  0.0199  0.0198  0.0198  0.0198  0.0198
  0.0198  0.0198  0.0198  0.0198  0.0198  0.0198  0.0197  0.0197  0.0197  0.0197  0.0197  0.0197
  0.0198  0.0198  0.0198  0.0198  0.0199  0.0197  0.0198  0.0199  0.0198  0.0198  0.0198  0.0198
  0.0200  0.0199  0.0199  0.0201  0.0201  0.0199  0.0199  0.0202  0.0199  0.0199  0.0199  0.0198
  0.0203  0.0201  0.0200  0.0207  0.0204  0.0204  0.0202  0.0208  0.0200  0.0202  0.0200  0.0199
    3.6879   27.2967    6.5258   -9.1860  -12.3567   -3.0679
    6.9563    9.7863   -7.2662   -2.6652   -6.3772    0.0559
eta,q 0.98026 11.88054

---------------------------------------------------------------------
compute_vox2vox talsrcimg talsrcimg_to_711-2C_as_mni_average_305_t4 /opt/freesurfer/average/711-2C_as_mni_average_305
---------------------------------------------------------------------

freesurfer compute_vox2vox.c
Reading: talsrcimg.4dfp.ifh
Reading: talsrcimg_to_711-2C_as_mni_average_305_t4
Reading: /opt/freesurfer/average/711-2C_as_mni_average_305.4dfp.ifh
Writing: talsrcimg_to_711-2C_as_mni_average_305_t4_vox2vox.txt

start time Tue Mar 10 07:17:14 CET 2026
end		time Tue Mar 10 07:18:41 CET 2026

mpr2mni305 success

avi2talxfm orig_nu.mgz /opt/freesurfer/average/mni305.cor.mgz talsrcimg_to_711-2C_as_mni_average_305_t4_vox2vox.txt transforms/talairach.auto.xfm
avi2talxfm done
mv -f /out/sourcedata/freesurfer/sub-v1s9x0051349_ses-1/mri/talsrcimg_to_711-2C_as_mni_average_305_t4_vox2vox.txt /out/sourcedata/freesurfer/sub-v1s9x0051349_ses-1/mri/transforms/talsrcimg_to_711-2C_as_mni_average_305_t4_vox2vox.txt
lta_convert --src orig_nu.mgz --trg /opt/freesurfer/average/mni305.cor.mgz --inxfm transforms/talairach.auto.xfm --outlta transforms/talairach.auto.xfm.lta --subject fsaverage
7.3.2

--src: orig_nu.mgz src image (geometry).
--trg: /opt/freesurfer/average/mni305.cor.mgz trg image (geometry).
--inmni: transforms/talairach.auto.xfm input MNI/XFM transform.
--outlta: transforms/talairach.auto.xfm.lta output LTA.
--s: fsaverage subject name
 LTA read, type : 1
 1.08639  -0.11205  -0.08616  -0.86456;
 0.07142   1.02427  -0.00632  -3.01845;
 0.09224   0.02186   1.13365  -43.11086;
 0.00000   0.00000   0.00000   1.00000;
setting subject to fsaverage
Writing  LTA to file transforms/talairach.auto.xfm.lta...
lta_convert successful.
 
 
Started at Tue Mar 10 07:17:14 CET 2026
Ended   at Tue Mar 10 07:18:41 CET 2026
talairach_avi done
