status file for recon-all
Tue Mar 10 07:25:08 CET 2026
#@# MotionCor Tue Mar 10 07:25:10 CET 2026
#@# Talairach Tue Mar 10 07:25:17 CET 2026
#@# Talairach Failure Detection Tue Mar 10 07:29:41 CET 2026
#@# Nu Intensity Correction Tue Mar 10 07:29:41 CET 2026
#@# Intensity Normalization Tue Mar 10 07:32:57 CET 2026
recon-all -s sub-v1s9x0051354_ses-1 finished without error at Tue Mar 10 07:34:26 CET 2026



#New# invocation of recon-all 



status file for recon-all
Tue Mar 10 07:41:16 CET 2026
#@# EM Registration Tue Mar 10 07:41:16 CET 2026
recon-all -s sub-v1s9x0051354_ses-1 finished without error at Tue Mar 10 07:43:08 CET 2026



#New# invocation of recon-all 



status file for recon-all
Tue Mar 10 07:43:12 CET 2026
#@# CA Normalize Tue Mar 10 07:43:12 CET 2026
#@# CA Reg Tue Mar 10 07:44:36 CET 2026
#@# SubCort Seg Tue Mar 10 08:39:01 CET 2026
#@# CC Seg Tue Mar 10 09:09:01 CET 2026
#@# Merge ASeg Tue Mar 10 09:09:44 CET 2026
#@# Intensity Normalization2 Tue Mar 10 09:09:44 CET 2026
#@# Mask BFS Tue Mar 10 09:12:05 CET 2026
#@# WM Segmentation Tue Mar 10 09:12:06 CET 2026
#@# Fill Tue Mar 10 09:14:09 CET 2026
recon-all -s sub-v1s9x0051354_ses-1 finished without error at Tue Mar 10 09:15:13 CET 2026



#New# invocation of recon-all 



status file for recon-all
Tue Mar 10 10:02:35 CET 2026
#@# white curv lh Tue Mar 10 10:02:35 CET 2026
#@# white area lh Tue Mar 10 10:02:35 CET 2026
#@# pial curv lh Tue Mar 10 10:02:35 CET 2026
#@# pial area lh Tue Mar 10 10:02:35 CET 2026
#@# thickness lh Tue Mar 10 10:02:35 CET 2026
#@# area and vertex vol lh Tue Mar 10 10:02:35 CET 2026
#@# white curv rh Tue Mar 10 10:02:35 CET 2026
#@# white area rh Tue Mar 10 10:02:35 CET 2026
#@# pial curv rh Tue Mar 10 10:02:36 CET 2026
#@# pial area rh Tue Mar 10 10:02:36 CET 2026
#@# thickness rh Tue Mar 10 10:02:36 CET 2026
#@# area and vertex vol rh Tue Mar 10 10:02:36 CET 2026
#@# Cortical ribbon mask Tue Mar 10 10:02:36 CET 2026
recon-all -s sub-v1s9x0051354_ses-1 finished without error at Tue Mar 10 10:06:37 CET 2026



#New# invocation of recon-all 



status file for recon-all
Tue Mar 10 10:13:47 CET 2026
#@# white curv lh Tue Mar 10 10:13:47 CET 2026
#@# white area lh Tue Mar 10 10:13:47 CET 2026
#@# pial curv lh Tue Mar 10 10:13:47 CET 2026
#@# pial area lh Tue Mar 10 10:13:47 CET 2026
#@# thickness lh Tue Mar 10 10:13:47 CET 2026
#@# area and vertex vol lh Tue Mar 10 10:13:47 CET 2026
#@# white curv rh Tue Mar 10 10:13:47 CET 2026
#@# white area rh Tue Mar 10 10:13:47 CET 2026
#@# pial curv rh Tue Mar 10 10:13:47 CET 2026
#@# pial area rh Tue Mar 10 10:13:47 CET 2026
#@# thickness rh Tue Mar 10 10:13:47 CET 2026
#@# area and vertex vol rh Tue Mar 10 10:13:47 CET 2026
#@# Curvature Stats lh Tue Mar 10 10:13:47 CET 2026
#@# Curvature Stats rh Tue Mar 10 10:13:49 CET 2026
#@# Relabel Hypointensities Tue Mar 10 10:13:52 CET 2026
#@# APas-to-ASeg Tue Mar 10 10:14:07 CET 2026
#@# AParc-to-ASeg aparc Tue Mar 10 10:14:15 CET 2026
#@# AParc-to-ASeg aparc.a2009s Tue Mar 10 10:15:06 CET 2026
#@# AParc-to-ASeg aparc.DKTatlas Tue Mar 10 10:15:51 CET 2026
#@# WMParc Tue Mar 10 10:16:43 CET 2026
#@# ASeg Stats Tue Mar 10 10:20:57 CET 2026
recon-all -s sub-v1s9x0051354_ses-1 finished without error at Tue Mar 10 10:21:37 CET 2026
