status file for recon-all
Tue Mar 10 09:15:17 CET 2026
#@# Tessellate lh Tue Mar 10 09:15:17 CET 2026
#@# Smooth1 lh Tue Mar 10 09:15:21 CET 2026
#@# Inflation1 lh Tue Mar 10 09:15:24 CET 2026
#@# QSphere lh Tue Mar 10 09:15:38 CET 2026
#@# Fix Topology lh Tue Mar 10 09:16:55 CET 2026
#@# Smooth2 lh Tue Mar 10 09:23:50 CET 2026
#@# Inflation2 lh Tue Mar 10 09:23:54 CET 2026
#@# Curv .H and .K lh Tue Mar 10 09:24:11 CET 2026
#@# Sphere lh Tue Mar 10 09:24:56 CET 2026
#@# Surf Reg lh Tue Mar 10 09:27:26 CET 2026
#@# Jacobian white lh Tue Mar 10 09:32:57 CET 2026
#@# AvgCurv lh Tue Mar 10 09:32:58 CET 2026
#@# Cortical Parc lh Tue Mar 10 09:32:59 CET 2026
#@# white curv lh Tue Mar 10 09:39:12 CET 2026
#@# white area lh Tue Mar 10 09:39:14 CET 2026
#@# pial curv lh Tue Mar 10 09:39:15 CET 2026
#@# pial area lh Tue Mar 10 09:39:16 CET 2026
#@# thickness lh Tue Mar 10 09:39:17 CET 2026
#@# area and vertex vol lh Tue Mar 10 09:39:45 CET 2026
#@# Curvature Stats lh Tue Mar 10 09:39:46 CET 2026
#@# Cortical Parc 2 lh Tue Mar 10 09:39:49 CET 2026
#@# Cortical Parc 3 lh Tue Mar 10 09:40:02 CET 2026
#@# WM/GM Contrast lh Tue Mar 10 09:40:13 CET 2026
recon-all -s sub-v1s9x0051354_ses-1 finished without error at Tue Mar 10 09:40:16 CET 2026



#New# invocation of recon-all 



status file for recon-all
Tue Mar 10 10:06:41 CET 2026
#@# white curv lh Tue Mar 10 10:06:41 CET 2026
#@# white area lh Tue Mar 10 10:06:41 CET 2026
#@# pial curv lh Tue Mar 10 10:06:41 CET 2026
#@# pial area lh Tue Mar 10 10:06:41 CET 2026
#@# thickness lh Tue Mar 10 10:06:41 CET 2026
#@# area and vertex vol lh Tue Mar 10 10:06:41 CET 2026
#@# Parcellation Stats lh Tue Mar 10 10:06:41 CET 2026
#@# Parcellation Stats 2 lh Tue Mar 10 10:06:59 CET 2026
#@# Parcellation Stats 3 lh Tue Mar 10 10:07:08 CET 2026
#@# BA_exvivo Labels lh Tue Mar 10 10:07:17 CET 2026
recon-all -s sub-v1s9x0051354_ses-1 finished without error at Tue Mar 10 10:10:14 CET 2026
