status file for recon-all
Tue Mar 10 07:23:30 CET 2026
#@# MotionCor Tue Mar 10 07:23:32 CET 2026
#@# Talairach Tue Mar 10 07:23:37 CET 2026
#@# Talairach Failure Detection Tue Mar 10 07:26:27 CET 2026
#@# Nu Intensity Correction Tue Mar 10 07:26:27 CET 2026
#@# Intensity Normalization Tue Mar 10 07:29:13 CET 2026
recon-all -s sub-v1s9x0051353_ses-1 finished without error at Tue Mar 10 07:30:18 CET 2026



#New# invocation of recon-all 



status file for recon-all
Tue Mar 10 07:36:22 CET 2026
#@# EM Registration Tue Mar 10 07:36:22 CET 2026
recon-all -s sub-v1s9x0051353_ses-1 finished without error at Tue Mar 10 07:38:09 CET 2026



#New# invocation of recon-all 



status file for recon-all
Tue Mar 10 07:38:11 CET 2026
#@# CA Normalize Tue Mar 10 07:38:11 CET 2026
#@# CA Reg Tue Mar 10 07:39:07 CET 2026
#@# SubCort Seg Tue Mar 10 08:25:18 CET 2026
#@# CC Seg Tue Mar 10 08:49:17 CET 2026
#@# Merge ASeg Tue Mar 10 08:49:43 CET 2026
#@# Intensity Normalization2 Tue Mar 10 08:49:43 CET 2026
#@# Mask BFS Tue Mar 10 08:51:13 CET 2026
#@# WM Segmentation Tue Mar 10 08:51:14 CET 2026
#@# Fill Tue Mar 10 08:53:01 CET 2026
recon-all -s sub-v1s9x0051353_ses-1 finished without error at Tue Mar 10 08:53:38 CET 2026



#New# invocation of recon-all 



status file for recon-all
Tue Mar 10 10:12:56 CET 2026
#@# white curv lh Tue Mar 10 10:12:56 CET 2026
#@# white area lh Tue Mar 10 10:12:56 CET 2026
#@# pial curv lh Tue Mar 10 10:12:56 CET 2026
#@# pial area lh Tue Mar 10 10:12:56 CET 2026
#@# thickness lh Tue Mar 10 10:12:56 CET 2026
#@# area and vertex vol lh Tue Mar 10 10:12:56 CET 2026
#@# white curv rh Tue Mar 10 10:12:56 CET 2026
#@# white area rh Tue Mar 10 10:12:56 CET 2026
#@# pial curv rh Tue Mar 10 10:12:56 CET 2026
#@# pial area rh Tue Mar 10 10:12:56 CET 2026
#@# thickness rh Tue Mar 10 10:12:56 CET 2026
#@# area and vertex vol rh Tue Mar 10 10:12:56 CET 2026
#@# Cortical ribbon mask Tue Mar 10 10:12:56 CET 2026
recon-all -s sub-v1s9x0051353_ses-1 finished without error at Tue Mar 10 10:15:02 CET 2026



#New# invocation of recon-all 



status file for recon-all
Tue Mar 10 10:19:12 CET 2026
#@# white curv lh Tue Mar 10 10:19:12 CET 2026
#@# white area lh Tue Mar 10 10:19:12 CET 2026
#@# pial curv lh Tue Mar 10 10:19:12 CET 2026
#@# pial area lh Tue Mar 10 10:19:12 CET 2026
#@# thickness lh Tue Mar 10 10:19:12 CET 2026
#@# area and vertex vol lh Tue Mar 10 10:19:12 CET 2026
#@# white curv rh Tue Mar 10 10:19:12 CET 2026
#@# white area rh Tue Mar 10 10:19:13 CET 2026
#@# pial curv rh Tue Mar 10 10:19:13 CET 2026
#@# pial area rh Tue Mar 10 10:19:13 CET 2026
#@# thickness rh Tue Mar 10 10:19:13 CET 2026
#@# area and vertex vol rh Tue Mar 10 10:19:13 CET 2026
#@# Curvature Stats lh Tue Mar 10 10:19:13 CET 2026
#@# Curvature Stats rh Tue Mar 10 10:19:14 CET 2026
#@# Relabel Hypointensities Tue Mar 10 10:19:16 CET 2026
#@# APas-to-ASeg Tue Mar 10 10:19:26 CET 2026
#@# AParc-to-ASeg aparc Tue Mar 10 10:19:31 CET 2026
#@# AParc-to-ASeg aparc.a2009s Tue Mar 10 10:19:44 CET 2026
#@# AParc-to-ASeg aparc.DKTatlas Tue Mar 10 10:19:57 CET 2026
#@# WMParc Tue Mar 10 10:20:09 CET 2026
#@# ASeg Stats Tue Mar 10 10:21:54 CET 2026
recon-all -s sub-v1s9x0051353_ses-1 finished without error at Tue Mar 10 10:22:12 CET 2026
