status file for recon-all
Tue Mar 10 09:30:08 CET 2026
#@# Tessellate rh Tue Mar 10 09:30:08 CET 2026
#@# Smooth1 rh Tue Mar 10 09:30:10 CET 2026
#@# Inflation1 rh Tue Mar 10 09:30:12 CET 2026
#@# QSphere rh Tue Mar 10 09:30:23 CET 2026
#@# Fix Topology rh Tue Mar 10 09:31:43 CET 2026
#@# Smooth2 rh Tue Mar 10 09:52:23 CET 2026
#@# Inflation2 rh Tue Mar 10 09:52:25 CET 2026
#@# Curv .H and .K rh Tue Mar 10 09:52:34 CET 2026
#@# Sphere rh Tue Mar 10 09:53:01 CET 2026
#@# Surf Reg rh Tue Mar 10 10:01:24 CET 2026
#@# Jacobian white rh Tue Mar 10 10:07:46 CET 2026
#@# AvgCurv rh Tue Mar 10 10:07:47 CET 2026
#@# Cortical Parc rh Tue Mar 10 10:07:47 CET 2026
#@# white curv rh Tue Mar 10 10:12:17 CET 2026
#@# white area rh Tue Mar 10 10:12:19 CET 2026
#@# pial curv rh Tue Mar 10 10:12:19 CET 2026
#@# pial area rh Tue Mar 10 10:12:20 CET 2026
#@# thickness rh Tue Mar 10 10:12:21 CET 2026
#@# area and vertex vol rh Tue Mar 10 10:12:34 CET 2026
#@# Curvature Stats rh Tue Mar 10 10:12:36 CET 2026
#@# Cortical Parc 2 rh Tue Mar 10 10:12:37 CET 2026
#@# Cortical Parc 3 rh Tue Mar 10 10:12:45 CET 2026
#@# WM/GM Contrast rh Tue Mar 10 10:12:50 CET 2026
recon-all -s sub-v1s9x0051353_ses-1 finished without error at Tue Mar 10 10:12:53 CET 2026



#New# invocation of recon-all 



status file for recon-all
Tue Mar 10 10:17:06 CET 2026
#@# white curv rh Tue Mar 10 10:17:06 CET 2026
#@# white area rh Tue Mar 10 10:17:06 CET 2026
#@# pial curv rh Tue Mar 10 10:17:06 CET 2026
#@# pial area rh Tue Mar 10 10:17:06 CET 2026
#@# thickness rh Tue Mar 10 10:17:06 CET 2026
#@# area and vertex vol rh Tue Mar 10 10:17:06 CET 2026
#@# Parcellation Stats rh Tue Mar 10 10:17:06 CET 2026
#@# Parcellation Stats 2 rh Tue Mar 10 10:17:16 CET 2026
#@# Parcellation Stats 3 rh Tue Mar 10 10:17:21 CET 2026
#@# BA_exvivo Labels rh Tue Mar 10 10:17:26 CET 2026
recon-all -s sub-v1s9x0051353_ses-1 finished without error at Tue Mar 10 10:19:09 CET 2026
