status file for recon-all
Tue Mar 10 09:43:18 CET 2026
#@# Tessellate lh Tue Mar 10 09:43:18 CET 2026
#@# Smooth1 lh Tue Mar 10 09:43:22 CET 2026
#@# Inflation1 lh Tue Mar 10 09:43:25 CET 2026
#@# QSphere lh Tue Mar 10 09:43:38 CET 2026
#@# Fix Topology lh Tue Mar 10 09:44:51 CET 2026
#@# Smooth2 lh Tue Mar 10 09:51:12 CET 2026
#@# Inflation2 lh Tue Mar 10 09:51:15 CET 2026
#@# Curv .H and .K lh Tue Mar 10 09:51:29 CET 2026
#@# Sphere lh Tue Mar 10 09:52:15 CET 2026
#@# Surf Reg lh Tue Mar 10 09:56:23 CET 2026
#@# Jacobian white lh Tue Mar 10 10:01:29 CET 2026
#@# AvgCurv lh Tue Mar 10 10:01:30 CET 2026
#@# Cortical Parc lh Tue Mar 10 10:01:31 CET 2026
#@# white curv lh Tue Mar 10 10:07:47 CET 2026
#@# white area lh Tue Mar 10 10:07:48 CET 2026
#@# pial curv lh Tue Mar 10 10:07:49 CET 2026
#@# pial area lh Tue Mar 10 10:07:51 CET 2026
#@# thickness lh Tue Mar 10 10:07:52 CET 2026
#@# area and vertex vol lh Tue Mar 10 10:08:20 CET 2026
#@# Curvature Stats lh Tue Mar 10 10:08:21 CET 2026
#@# Cortical Parc 2 lh Tue Mar 10 10:08:24 CET 2026
#@# Cortical Parc 3 lh Tue Mar 10 10:08:37 CET 2026
#@# WM/GM Contrast lh Tue Mar 10 10:08:47 CET 2026
recon-all -s sub-v1s9x0051361_ses-1 finished without error at Tue Mar 10 10:08:49 CET 2026



#New# invocation of recon-all 



status file for recon-all
Tue Mar 10 10:38:43 CET 2026
#@# white curv lh Tue Mar 10 10:38:43 CET 2026
#@# white area lh Tue Mar 10 10:38:43 CET 2026
#@# pial curv lh Tue Mar 10 10:38:43 CET 2026
#@# pial area lh Tue Mar 10 10:38:43 CET 2026
#@# thickness lh Tue Mar 10 10:38:43 CET 2026
#@# area and vertex vol lh Tue Mar 10 10:38:43 CET 2026
#@# Parcellation Stats lh Tue Mar 10 10:38:43 CET 2026
#@# Parcellation Stats 2 lh Tue Mar 10 10:39:01 CET 2026
#@# Parcellation Stats 3 lh Tue Mar 10 10:39:10 CET 2026
#@# BA_exvivo Labels lh Tue Mar 10 10:39:19 CET 2026
recon-all -s sub-v1s9x0051361_ses-1 finished without error at Tue Mar 10 10:41:58 CET 2026
