status file for recon-all
Tue Mar 10 07:52:27 CET 2026
#@# MotionCor Tue Mar 10 07:52:29 CET 2026
#@# Talairach Tue Mar 10 07:52:36 CET 2026
#@# Talairach Failure Detection Tue Mar 10 07:57:00 CET 2026
#@# Nu Intensity Correction Tue Mar 10 07:57:00 CET 2026
#@# Intensity Normalization Tue Mar 10 08:00:15 CET 2026
recon-all -s sub-v1s9x0051361_ses-1 finished without error at Tue Mar 10 08:01:44 CET 2026



#New# invocation of recon-all 



status file for recon-all
Tue Mar 10 08:09:12 CET 2026
#@# EM Registration Tue Mar 10 08:09:12 CET 2026
recon-all -s sub-v1s9x0051361_ses-1 finished without error at Tue Mar 10 08:10:46 CET 2026



#New# invocation of recon-all 



status file for recon-all
Tue Mar 10 08:10:50 CET 2026
#@# CA Normalize Tue Mar 10 08:10:50 CET 2026
#@# CA Reg Tue Mar 10 08:12:12 CET 2026
#@# SubCort Seg Tue Mar 10 09:01:43 CET 2026
#@# CC Seg Tue Mar 10 09:37:09 CET 2026
#@# Merge ASeg Tue Mar 10 09:37:45 CET 2026
#@# Intensity Normalization2 Tue Mar 10 09:37:45 CET 2026
#@# Mask BFS Tue Mar 10 09:39:57 CET 2026
#@# WM Segmentation Tue Mar 10 09:39:58 CET 2026
#@# Fill Tue Mar 10 09:42:13 CET 2026
recon-all -s sub-v1s9x0051361_ses-1 finished without error at Tue Mar 10 09:43:14 CET 2026



#New# invocation of recon-all 



status file for recon-all
Tue Mar 10 10:34:30 CET 2026
#@# white curv lh Tue Mar 10 10:34:30 CET 2026
#@# white area lh Tue Mar 10 10:34:30 CET 2026
#@# pial curv lh Tue Mar 10 10:34:30 CET 2026
#@# pial area lh Tue Mar 10 10:34:30 CET 2026
#@# thickness lh Tue Mar 10 10:34:30 CET 2026
#@# area and vertex vol lh Tue Mar 10 10:34:30 CET 2026
#@# white curv rh Tue Mar 10 10:34:30 CET 2026
#@# white area rh Tue Mar 10 10:34:30 CET 2026
#@# pial curv rh Tue Mar 10 10:34:30 CET 2026
#@# pial area rh Tue Mar 10 10:34:30 CET 2026
#@# thickness rh Tue Mar 10 10:34:30 CET 2026
#@# area and vertex vol rh Tue Mar 10 10:34:30 CET 2026
#@# Cortical ribbon mask Tue Mar 10 10:34:30 CET 2026
recon-all -s sub-v1s9x0051361_ses-1 finished without error at Tue Mar 10 10:38:39 CET 2026



#New# invocation of recon-all 



status file for recon-all
Tue Mar 10 10:45:19 CET 2026
#@# white curv lh Tue Mar 10 10:45:19 CET 2026
#@# white area lh Tue Mar 10 10:45:19 CET 2026
#@# pial curv lh Tue Mar 10 10:45:19 CET 2026
#@# pial area lh Tue Mar 10 10:45:19 CET 2026
#@# thickness lh Tue Mar 10 10:45:19 CET 2026
#@# area and vertex vol lh Tue Mar 10 10:45:19 CET 2026
#@# white curv rh Tue Mar 10 10:45:19 CET 2026
#@# white area rh Tue Mar 10 10:45:19 CET 2026
#@# pial curv rh Tue Mar 10 10:45:19 CET 2026
#@# pial area rh Tue Mar 10 10:45:19 CET 2026
#@# thickness rh Tue Mar 10 10:45:19 CET 2026
#@# area and vertex vol rh Tue Mar 10 10:45:19 CET 2026
#@# Curvature Stats lh Tue Mar 10 10:45:19 CET 2026
#@# Curvature Stats rh Tue Mar 10 10:45:22 CET 2026
#@# Relabel Hypointensities Tue Mar 10 10:45:25 CET 2026
#@# APas-to-ASeg Tue Mar 10 10:45:41 CET 2026
#@# AParc-to-ASeg aparc Tue Mar 10 10:45:48 CET 2026
#@# AParc-to-ASeg aparc.a2009s Tue Mar 10 10:46:32 CET 2026
#@# AParc-to-ASeg aparc.DKTatlas Tue Mar 10 10:47:14 CET 2026
#@# WMParc Tue Mar 10 10:47:58 CET 2026
#@# ASeg Stats Tue Mar 10 10:51:46 CET 2026
recon-all -s sub-v1s9x0051361_ses-1 finished without error at Tue Mar 10 10:52:28 CET 2026
